Mean: -113.18894022319307	min: -120.51366625970292	max: -106.59390544009892
Mean: -107.49530502965486	min: -119.03065154252884	max: -19.45892255303564
Mean: -43.004949128247	min: -119.22896726379233	max: -15.012862809929398
Mean: -43.100605597691874	min: -117.66791670749896	max: -10.223353304725116
Mean: -46.0165497502674	min: -117.31543665259193	max: -10.001899375778384
Mean: -51.10314269880373	min: -119.18533632235508	max: -9.10437276216818
Mean: -66.20671230608751	min: -116.29927697413322	max: -9.903250464202081
Mean: -83.22177592178801	min: -122.3331195054256	max: -9.78288647884522
Mean: -65.30256158565462	min: -119.17693622960383	max: -9.715900465092641
Mean: -62.562710630522254	min: -117.94308158474603	max: -5.732014571690266
Mean: -59.42808804080321	min: -116.75051743602457	max: -4.614896831331366
Mean: -33.93099184914465	min: -123.8157454324815	max: -3.5931831477650493
Mean: -55.99240678922237	min: -124.21257396716588	max: -3.6830771705825955
Mean: -97.1733340632465	min: -121.24648908986151	max: -31.511042862380883
Mean: -90.32858195539373	min: -125.14053508693105	max: -30.568860306667606
Mean: -82.8386032615534	min: -125.81168665211274	max: -30.324897219155964
Mean: -85.23962472276959	min: -119.23251778453528	max: -24.880064129121507
Mean: -65.7872340528603	min: -114.22367807522703	max: -10.91667246134008
Mean: -61.48600926630397	min: -117.46092172407012	max: -6.955740630008982
Mean: -37.68464585664887	min: -114.84786075482542	max: -6.169412686144057
Mean: -52.95194843969952	min: -117.62838257991339	max: -2.5684782564921216
Mean: -50.415046073435704	min: -120.56749337150148	max: -1.100832958619603
Mean: -64.54521156000193	min: -119.67629914114147	max: -0.5741904567227188
Mean: -68.42486520080207	min: -119.81640701026585	max: -0.835615901461844
Mean: -73.68313529803743	min: -119.86307325222934	max: -0.630718837619392
Mean: -12.360985024344775	min: -110.34236791035349	max: 0.5867494638684859
Mean: -30.282325565514476	min: -119.19873133499242	max: 2.7777710375347007
Mean: -38.78956111769385	min: -119.39950722079094	max: 4.402568662374851
Mean: -16.297514539153866	min: -119.06462169195562	max: 6.182412042911409
Mean: -8.062991497240686	min: -118.39526101244637	max: 7.0225128033476425
Mean: -6.128478699163309	min: -118.54060474332125	max: 7.236827598170631
Mean: -21.434078951907463	min: -119.22429274071646	max: 7.4335466192644715
Mean: -52.71834455142117	min: -119.45552373164442	max: 7.523014647552416
Mean: -48.372158593250305	min: -118.99347801980468	max: 7.557174923215199
Mean: -51.59734975687449	min: -119.28187529966208	max: 7.866041989912681
Mean: -68.19031000685172	min: -120.46828316075951	max: 7.832436325474182
Mean: -67.98161855601073	min: -119.90643109000233	max: 7.715935866419274
Mean: -56.08992362773266	min: -119.43921517327345	max: 8.045349193170937
Mean: -34.66127878921641	min: -121.49225166709817	max: 7.996943120211393
Mean: -54.72505879451724	min: -119.6929168877416	max: 8.067944908909409
Mean: -71.68044790855329	min: -120.4478164355921	max: 8.239567234320235
Mean: -92.33496691188074	min: -119.76418808807534	max: 8.310989671840495
Mean: -44.90489252102904	min: -121.00720136358571	max: 11.51180185132924
Mean: -29.780428561789257	min: -115.71866430949629	max: 10.888361200140013
Mean: -23.400405873931664	min: -119.5108109678575	max: 12.14054009466011
Mean: -26.320011991685398	min: -118.49550412749858	max: 12.966841469934245
Mean: -35.77600770864343	min: -120.00670402644502	max: 12.953919209054026
Mean: -34.829108599030576	min: -121.60917087540008	max: 12.192760145423318
Mean: -35.532330947119206	min: -118.23422585879192	max: 12.963630732528113
Mean: -34.846367528687814	min: -119.09403070134428	max: 13.036219464954463
Mean: -38.687341075057155	min: -116.79346423190906	max: 12.969030622307576
Mean: -38.085989489003644	min: -118.61333036744422	max: 12.825804359874242
Mean: -38.30065676688698	min: -118.40771326584233	max: 12.58684783839868
Mean: -43.78744092685231	min: -118.47477612634819	max: 12.21954172818569
Mean: -28.2637624426673	min: -116.1128796553997	max: 11.977358575309564
Mean: -35.65251103449037	min: -116.06904125861905	max: 12.127798591232517
Mean: -58.52122905730366	min: -118.51958386845257	max: 11.851458506228322
Mean: -60.23870583620975	min: -119.21602946305427	max: 9.927308124857452
Mean: -61.63635312644023	min: -116.16687272490002	max: 11.470200493473325
Mean: -63.6520667692457	min: -118.76023481687281	max: 12.806856710902737
Mean: -76.63452233374964	min: -111.7904669372297	max: 12.85443311073302
Mean: -64.37782772812871	min: -115.86721971789669	max: 16.920678872098488
Mean: -68.21171216127047	min: -118.75891664730048	max: 18.566584265004252
Mean: -68.20730402065539	min: -115.56298620606732	max: 18.084021592427966
Mean: -70.16601702180024	min: -118.4423787469303	max: 18.311461297124865
Mean: -75.8056758449755	min: -117.44471762574958	max: 18.758477394172257
Mean: -77.72567226911251	min: -118.12489462018173	max: 28.881300252324397
Mean: -81.97661081495302	min: -116.9812520654263	max: 18.386732000082485
Mean: -77.30441473424327	min: -115.10120096496074	max: 18.317545661272803
Mean: -76.09670055281421	min: -118.56316070251499	max: 17.321555092529717
Mean: -72.39054686694556	min: -113.48991506892298	max: 22.552985794798936
Mean: -73.12040567125827	min: -118.94987257732095	max: 17.003846326371438
Mean: -72.48256721247381	min: -118.1972706794338	max: 18.950153553593076
Mean: -68.78591275855064	min: -119.86678021748077	max: 19.262499148000725
Mean: -83.137893347314	min: -117.05534366683793	max: 17.596668490947827
Mean: -85.72856227228601	min: -119.67143848440263	max: 15.656976465433942
Mean: -74.32299959886912	min: -117.86017857164427	max: 18.519458131264457
Mean: -83.23758704552878	min: -118.96822550097198	max: 15.411697280027928
Mean: -80.93054708583536	min: -119.7613707481307	max: 20.67187816274491
Mean: -73.64005239628365	min: -115.13076565039164	max: 13.483765989413104
Mean: -84.65052293334918	min: -120.59771069575443	max: 15.966916017056109
Mean: -86.08078217852788	min: -119.26286475979444	max: 17.943609386761196
Mean: -83.71169788497127	min: -118.15337157585152	max: 14.630683063655228
Mean: -83.78488227940444	min: -115.61372362630135	max: 13.092034725162135
Mean: -84.24868093340496	min: -119.07990315417426	max: 13.199598085489317
Mean: -52.381728945871565	min: -118.41374082762289	max: 14.695928375387796
Mean: -55.350845219170296	min: -120.20021878967758	max: 12.110625067837022
Mean: -74.57248479427585	min: -117.34850876784907	max: 12.125013806131776
Mean: -83.88332056159406	min: -115.84606482623936	max: 12.03351966416116
Mean: -85.5327034066098	min: -120.26601367854192	max: 15.392266617973972
Mean: -81.44224094629357	min: -119.96302148967041	max: 13.450412373611499
Mean: -57.44124617961546	min: -118.38611393387804	max: 21.00731830725594
Mean: -57.237642881464446	min: -118.80782598920248	max: 18.387192484364068
Mean: -55.303438476768896	min: -118.47112832116667	max: 19.744914020906023
Mean: -61.20203304603186	min: -118.81228620656395	max: 16.32307833192572
Mean: -57.69236726891929	min: -118.9626890889984	max: 19.73701828885186
Mean: -74.75280173505237	min: -119.12069107476958	max: 25.50925000721846
Mean: -71.79959009514171	min: -119.143273605429	max: 22.144936747962408
Mean: -73.194354579486	min: -120.11986529166707	max: 19.011135411433436
Mean: -71.04752753550291	min: -122.61957316830299	max: 18.050205433349035
Mean: -70.91679195026602	min: -120.74366192535665	max: 12.761630149207727
Mean: -73.00766773821688	min: -119.4879162198704	max: 16.745731393565098
Mean: -64.9953214381931	min: -116.52149849924173	max: 20.618860219543393
Mean: -72.43709850338713	min: -120.05392855932044	max: 17.8210612076705
Mean: -65.72146097996469	min: -121.71419322062499	max: 15.19183946238714
Mean: -62.230254675025414	min: -113.94891264595786	max: 19.29153169644044
Mean: -66.12924637665667	min: -120.0571914365063	max: 19.040212163094807
Mean: -71.92408468748637	min: -121.45372500354053	max: 19.60200904576959
Mean: -71.91003419490352	min: -121.52085228063663	max: 14.947534589054502
Mean: -61.436334701390635	min: -118.05788000319674	max: 21.72556681655197
Mean: -62.958074628657045	min: -120.16008249062978	max: 25.315258718688614
Mean: -69.76968539458356	min: -120.6516257960248	max: 12.059077554610157
Mean: -76.08446751602838	min: -119.64575533010787	max: 18.777364013512305
Mean: -65.22022741088769	min: -120.4890830072201	max: 16.629137782616105
Mean: -59.567545052928466	min: -118.3749905581614	max: 16.246545179840975
Mean: -51.923937938396136	min: -115.95696882608952	max: 16.35818307703492
Mean: -49.82843122207369	min: -116.37147967980007	max: 17.085675699374196
Mean: -63.141025303235345	min: -121.37469956650379	max: 17.962394384872805
Mean: -54.75863448526639	min: -116.36722183860192	max: 17.749766173954978
Mean: -48.52246909690107	min: -118.11247902088526	max: 16.361728956377355
Mean: -55.01860692878252	min: -118.17244532020852	max: 17.546380575367916
Mean: -54.52765276663004	min: -125.77622767736324	max: 15.299714238441851
Mean: -60.25668263275019	min: -119.27503370282406	max: 15.696022202484018
Mean: -51.87569609241059	min: -123.32311445660707	max: 16.716845631097186
Mean: -47.75212572549821	min: -116.06004677268277	max: 17.0826331212746
Mean: -53.95767014524985	min: -122.61160989336575	max: 16.63458158801461
Mean: -58.040859837200166	min: -118.8774744418223	max: 14.950984502021337
Mean: -60.81748482839023	min: -116.40735918237047	max: 15.017491090610022
Mean: -47.58019384456034	min: -124.4594998211239	max: 14.972405728856272
Mean: -51.46848583179756	min: -118.24978890004846	max: 15.882353951938155
Mean: -66.60925991912448	min: -116.86202907474008	max: 16.555268701717825
Mean: -58.335977662491295	min: -122.20320904263691	max: 18.576592508210613
Mean: -58.26845435822915	min: -118.59095461862903	max: 19.41136686134468
Mean: -58.24622813371379	min: -117.06347947899414	max: 19.056075016774844
Mean: -56.30147916531828	min: -121.00661921344309	max: 19.11014098886967
Mean: -57.51744177692046	min: -118.37111411607538	max: 17.906140526301808
Mean: -52.005631238586474	min: -118.98783082561741	max: 17.40048749232343
Mean: -59.35190526602198	min: -119.70923386784052	max: 19.936986950364773
Mean: -46.23045705079029	min: -119.96464333660144	max: 19.440895505443653
Mean: -60.76456305194445	min: -120.3753384639219	max: 17.844660609121544
Mean: -43.3867081117421	min: -119.50792778146159	max: 19.588892179824363
Mean: -57.00483608362009	min: -114.7880281064347	max: 19.383707276195405
Mean: -65.15132926591207	min: -115.84035243360387	max: 18.37819038967089
Mean: -60.27108804004516	min: -118.0064768730949	max: 20.14888884134449
Mean: -61.53703994293651	min: -119.99734905508018	max: 18.930195883034095
Mean: -65.60839886388337	min: -122.36254167475632	max: 17.84249620017784
Mean: -74.75681200287111	min: -118.18909237551476	max: 18.878836245519828
Mean: -67.8072714069404	min: -118.20324140729764	max: 18.574201997638692
Mean: -65.1992671537158	min: -123.7408799745782	max: 18.314794665198008
Mean: -56.23028933494352	min: -118.73897863784916	max: 18.731390951309994
Mean: -62.09856605456503	min: -118.34687122646429	max: 19.8570656178816
Mean: -63.95537567944185	min: -120.43165985271673	max: 19.590867634888998
Mean: -47.36223874145331	min: -118.7659466882164	max: 18.967734316080755
Mean: -53.572375947531825	min: -123.61467701505617	max: 19.843407915098524
Mean: -53.98513329363144	min: -115.34313411336403	max: 18.852268954301373
Mean: -43.60022807519424	min: -114.1476147132003	max: 19.46207808951223
Mean: -62.84482637113794	min: -118.35380351205995	max: 19.46053114372844
Mean: -64.55248397052956	min: -121.90636174838049	max: 19.572431194728487
Mean: -62.7544705250035	min: -123.9931982283286	max: 19.239040277684094
Mean: -67.68386112537439	min: -122.97179657110637	max: 19.531293797267054
Mean: -57.39274671078031	min: -124.06625226265746	max: 19.3673392810824
Mean: -56.79970294807693	min: -118.78313971561245	max: 19.3709968000255
Mean: -55.49476850205323	min: -121.36088781633694	max: 19.425773689335088
Mean: -54.85775590931	min: -116.59546522106393	max: 19.745531537767924
Mean: -51.38381373073925	min: -114.16012786962054	max: 18.43974927287991
Mean: -62.174433181370034	min: -119.80543350934795	max: 19.4687436001011
Mean: -59.45845808751102	min: -119.07126886576098	max: 19.657274153455855
Mean: -54.724422474319425	min: -118.96562381460011	max: 19.68434319457658
Mean: -56.87038672874336	min: -124.11411551093553	max: 18.300406870274685
Mean: -57.08880783385722	min: -119.1598820384558	max: 18.253981783594753
Mean: -62.05045435579581	min: -120.03623186228586	max: 19.401281692784213
Mean: -57.91732481457793	min: -116.39011624370002	max: 19.818911111470246
Mean: -60.53511456079584	min: -112.78491090036678	max: 19.680452256074247
Mean: -55.437720540760466	min: -114.83890613443991	max: 20.029582841342048
Mean: -56.01342026595134	min: -116.80615088061536	max: 19.951720365735156
Mean: -62.74520103095031	min: -120.49538105827374	max: 18.98266769694499
Mean: -55.629957831030644	min: -116.76605046507643	max: 20.667604768888697
Mean: -54.71564398758152	min: -117.6563736935264	max: 17.75280286733256
Mean: -49.25922510668686	min: -122.5085432877287	max: 19.5988838687177
Mean: -55.57763533638721	min: -121.21786113393833	max: 19.57136537017549
Mean: -53.55982528861511	min: -120.65116031200834	max: 18.550814718580444
Mean: -53.44668382127272	min: -118.29041068929556	max: 19.86884084796281
Mean: -64.94684969094645	min: -113.8833899259237	max: 19.777853277472044
Mean: -58.87543324461109	min: -114.84321245744185	max: 19.834455559373204
Mean: -55.93453980516314	min: -113.63521791115781	max: 19.801850150809173
Mean: -62.593700066382816	min: -120.23547856750065	max: 19.404574638763084
Mean: -51.27659692115346	min: -120.80382986408283	max: 19.783304293872604
Mean: -54.41867809618252	min: -121.45977427767926	max: 19.627436153814923
Mean: -56.499712094048434	min: -123.26721872788283	max: 18.228579970316694
Mean: -47.03153818664467	min: -119.20269746272629	max: 20.06614994352075
Mean: -60.2708224599463	min: -121.05629246300728	max: 20.33623515278039
Mean: -65.42906873004718	min: -116.3825364501634	max: 19.635736284905462
Mean: -60.7291158284212	min: -120.56100826485536	max: 19.51170060094839
Mean: -42.74264711536098	min: -120.61242501593	max: 19.489701540880816
Mean: -56.10907666254927	min: -120.5775102988325	max: 19.144272646732233
Mean: -51.621040348616745	min: -120.28132197592473	max: 19.71181429913258
Mean: -54.98996277299608	min: -120.46616369712535	max: 19.231454759235746
Mean: -61.74701753146434	min: -116.00180260583414	max: 19.44198510471164
Mean: -60.34602684121913	min: -117.37564175103664	max: 19.86506488972949
Mean: -53.37416373236143	min: -115.67749640451288	max: 19.181516514473962
Mean: -63.38055623223441	min: -125.42877226156122	max: 19.935587203516324
Mean: -51.80805409879277	min: -120.4968129130213	max: 19.692771308834562
Mean: -51.49958287100855	min: -116.93722536836705	max: 18.353089437109336
Mean: -52.06042314189418	min: -120.91636285426196	max: 17.912425412160015
Mean: -50.308093629067365	min: -114.17483461421148	max: 19.788493151075503
Mean: -61.68410413979041	min: -126.42160291481196	max: 19.823750172702958
Mean: -57.699797043348234	min: -116.75994898696831	max: 18.890326898143698
Mean: -60.801830410517574	min: -118.82577059078318	max: 19.332961333747996
Mean: -69.64078494580613	min: -123.84361337280554	max: 19.453023519083693
Mean: -63.988523696034264	min: -126.63258152519583	max: 20.524776834633972
Mean: -62.9646646579367	min: -119.85886860232004	max: 19.257396646595346
Mean: -60.122742608830094	min: -121.54147649190173	max: 17.893332025608544
Mean: -62.25969841936351	min: -121.63722840804796	max: 19.134520500543246
Mean: -59.689033746373326	min: -120.95763086725538	max: 17.854184220437478
Mean: -59.92604763266175	min: -117.19087267876458	max: 17.167506402710643
Mean: -63.47551882102812	min: -118.50628207480645	max: 16.059474530521054
Mean: -67.99531831181362	min: -119.01707965125628	max: 19.088830191210846
Mean: -59.004543062524014	min: -113.33411949784654	max: 19.61658765253
Mean: -54.02035424636363	min: -119.37889845619172	max: 18.398806307283436
Mean: -49.62768078997848	min: -121.21603184308532	max: 19.22933638732702
Mean: -56.635763810069946	min: -114.17874522146653	max: 20.10685611848094
Mean: -50.980274916006465	min: -118.93959123464775	max: 20.305136072326405
Mean: -58.3021938507551	min: -121.55269668940173	max: 19.109157934268946
Mean: -66.33150033199169	min: -123.48371144538334	max: 19.927443707761114
Mean: -61.886240353353166	min: -120.68002897822791	max: 19.50601873531973
Mean: -61.444295624721015	min: -120.58925507558243	max: 20.009716559638083
Mean: -44.78706744821079	min: -114.0838303113784	max: 18.498015740780602
Mean: -50.59650480463074	min: -119.94556437122236	max: 19.740829178188573
Mean: -50.997095827393196	min: -119.83985060788896	max: 18.469093761024435
Mean: -47.30267011808151	min: -120.70899498453407	max: 19.48492916581309
Mean: -57.14149276318445	min: -117.60703029056666	max: 17.81592912004808
Mean: -49.854219147070346	min: -119.84738921762715	max: 19.470662379702684
Mean: -75.02685786721987	min: -121.13207663643787	max: 23.311759795421775
Mean: -62.08716033571527	min: -122.2563534560492	max: 19.530969437574715
Mean: -46.4746892991719	min: -120.91829443779557	max: 18.960255463465906
Mean: -55.523143623958546	min: -116.17127918956612	max: 19.336489115942857
Mean: -52.34567528214693	min: -124.28983435229557	max: 19.175954113356326
Mean: -61.991636352206804	min: -118.30000749398083	max: 17.7213291346638
Mean: -50.1871615300598	min: -116.80590913070958	max: 18.864429854648314
Mean: -53.46306393635671	min: -119.17035368093032	max: 17.887483584621187
Mean: -62.621822173795124	min: -120.07271260467877	max: 17.771570085825736
Mean: -62.474965672348915	min: -118.46369059040762	max: 20.34090244088204
Mean: -37.230861379406335	min: -127.24089787413531	max: 17.351142647664876
Mean: -51.85921409850075	min: -124.46105053840735	max: 20.003192721438513
Mean: -41.89028645674089	min: -117.05459952311489	max: 18.976324762823545
Mean: -45.780277109796174	min: -122.10778750937081	max: 17.682237228141506
Mean: -58.949673644206975	min: -121.91838793893335	max: 19.12785852907777
Mean: -58.282572890203234	min: -126.32635583183782	max: 19.2238677005515
Mean: -60.48114151957544	min: -120.8360397159803	max: 17.819468288307256
Mean: -63.08031096149483	min: -120.41290489670908	max: 18.01510199088973
Mean: -55.90668131996144	min: -127.94494975737668	max: 18.205252332086044
Mean: -45.257363416504575	min: -122.16410678602132	max: 18.065835907470262
Mean: -50.118272138415676	min: -120.02315390034555	max: 18.79739804705748
Mean: -44.10073566314899	min: -117.98006855537932	max: 19.738585222239422
Mean: -65.17683746515713	min: -117.56585709249603	max: 19.259575223640827
Mean: -51.971318790502345	min: -117.98501469446012	max: 18.858270219392523
Mean: -58.86731188003418	min: -119.8906691749021	max: 19.973038864038298
Mean: -70.34099496964039	min: -122.93368982014988	max: 19.236641724874527
Mean: -52.62128357257473	min: -114.71433856094188	max: 17.59709660861124
Mean: -50.781454950970954	min: -122.65414650150889	max: 19.071279819635983
Mean: -58.555069045976325	min: -120.62521897923745	max: 17.810840638601455
Mean: -44.3218157786428	min: -124.8482344907954	max: 18.738878883950715
Mean: -56.70718138907644	min: -117.24150451214632	max: 18.20902163638928
Mean: -56.82686303565215	min: -121.81352073919089	max: 17.227555489891984
Mean: -53.93888064664192	min: -119.63281522208396	max: 18.80547033131638
Mean: -58.131665496352625	min: -123.385609310466	max: 19.650187378677153
Mean: -63.74449875882302	min: -120.36790975536594	max: 17.80438362366933
Mean: -54.42305369785914	min: -126.07065980690454	max: 18.101681132216022
Mean: -53.86096841653332	min: -117.44302443013908	max: 17.319204387166153
Mean: -58.988638485628854	min: -120.22614867904198	max: 17.622668509487056
Mean: -42.88078154665276	min: -119.79470255884554	max: 20.98076566149499
Mean: -60.918111056834825	min: -117.74314418748972	max: 19.444199565599515
Mean: -60.794772372443695	min: -118.97966945311131	max: 20.00822546580505
Mean: -53.37635310819665	min: -119.63266084222657	max: 19.33050577523265
Mean: -58.52151157473148	min: -118.38715129985475	max: 20.022984753740797
Mean: -48.149950048067794	min: -113.25655076900637	max: 14.328922984225164
Mean: -45.17696461746586	min: -115.60896458359402	max: 14.185981899180987
Mean: -46.992730492708205	min: -121.91795506735707	max: 14.148380909607699
Mean: -46.11709178440993	min: -119.94529838092303	max: 19.751617813096985
Mean: -56.088585063535966	min: -115.8051435361846	max: 20.510707692051774
Mean: -72.63946823332302	min: -114.12516344480497	max: 21.718761003241806
Mean: -70.14814569017014	min: -114.91396074464998	max: 27.327613180144404
Mean: -72.1197712236929	min: -116.42011249555128	max: 18.627878474933016
Mean: -74.2370456548378	min: -116.51884230770246	max: 22.453434685736386
Mean: -65.27432761451436	min: -118.80704568261936	max: 21.444640467291777
Mean: -63.31630826848773	min: -112.91670957440793	max: 21.09299394356382
Mean: -78.89806569796421	min: -118.57640710027827	max: 20.69661065468264
Mean: -74.20501610737142	min: -115.02794755207968	max: 20.715021584586232
Mean: -76.04724163977963	min: -128.3146261488804	max: 20.449933966181334
Mean: -77.81265232111512	min: -116.44159609269137	max: 21.156329683677242
Mean: -74.62423947404406	min: -116.6484228159946	max: 18.061979472392498
Mean: -77.81617668598624	min: -120.41663196977166	max: 25.12828180565525
Mean: -72.83245063128625	min: -121.43220629085516	max: 20.73854963906842
Mean: -68.59716322067543	min: -119.61354890585265	max: 21.07103492630828
Mean: -78.24397092257095	min: -112.91962813379934	max: 22.846395974281226
Mean: -76.59849496106455	min: -118.44058302939945	max: 20.80107665927077
Mean: -76.19530564208333	min: -114.61429649011916	max: 20.25188807124312
Mean: -73.2016586590726	min: -119.41754015880512	max: 19.731772500081593
Mean: -70.69820808475514	min: -117.04151178369798	max: 20.390977532383495
Mean: -77.17343828187606	min: -117.98036938600659	max: 20.55483150306326
Mean: -72.33925611636266	min: -115.11902067388964	max: 20.825988173978597
Mean: -71.63368649128203	min: -121.65788664431398	max: 21.08964749935927
Mean: -69.73685020244557	min: -115.94190347826715	max: 20.201399632315656
Mean: -69.9090936086231	min: -117.2475486249264	max: 21.02893688587436
Mean: -71.1795261719735	min: -118.3834433920602	max: 19.78564024349645
Mean: -62.49779941080508	min: -119.36624737689083	max: 20.47380575092585
Mean: -77.10837466418552	min: -118.76220894774917	max: 21.34935725423967
Mean: -64.73702653028306	min: -119.95491911709509	max: 19.955621771037066
Mean: -72.43113339536313	min: -120.14934242881881	max: 16.951468542684403
Mean: -67.73790131815943	min: -120.57670926974149	max: 21.94947912721956
Mean: -70.47122813155136	min: -117.13415381741436	max: 17.40403974276752
Mean: -74.00851860100227	min: -121.10070911506264	max: 19.52470026954451
Mean: -62.9064355748871	min: -123.0103226364631	max: 21.321821850739422
Mean: -70.18516323398822	min: -119.22431424564692	max: 21.29895399523269
Mean: -74.62209048377957	min: -119.94595292488094	max: 20.0093616605984
Mean: -64.10620860184278	min: -118.32869949431877	max: 20.530118236466986
Mean: -73.96569787152532	min: -122.49435439447336	max: 19.706926885298913
Mean: -66.30457163526731	min: -120.92750580626054	max: 19.827568239346064
Mean: -67.30427211486888	min: -116.00597280534694	max: 20.067864420568206
Mean: -70.64064243134023	min: -124.13067266597724	max: 19.53415025095144
Mean: -64.52747423435389	min: -120.27143037937253	max: 19.626888198635967
Mean: -70.85241830335976	min: -113.76544267453228	max: 20.598354733650627
Mean: -71.2107735067607	min: -122.79704099796956	max: 21.251502464333438
Mean: -61.74245918090442	min: -118.98158952709795	max: 20.45952921444394
Mean: -64.84499422743228	min: -114.02232128320051	max: 20.92228024942456
Mean: -73.08058696715806	min: -118.1401931018356	max: 17.42238575697408
Mean: -63.35697325733264	min: -116.73147448849505	max: 17.00606363351012
Mean: -63.37508619071838	min: -123.63788292790233	max: 19.962180800408095
Mean: -62.28760367906686	min: -115.07932522949966	max: 19.698512057775858
Mean: -61.11039692319469	min: -119.94835294840911	max: 20.306730713095348
Mean: -67.99140700637153	min: -120.66413133494993	max: 20.751871193852498
Mean: -72.64456240442456	min: -119.73875563425545	max: 20.588299999618737
Mean: -69.86011914849131	min: -118.98747409788349	max: 20.245802310553312
Mean: -68.1281223676994	min: -121.39291055277491	max: 16.133129807360632
Mean: -73.91796861294675	min: -118.59672426925083	max: 19.69376501630815
Mean: -69.52889124054187	min: -120.68868263307591	max: 23.244768653205774
Mean: -67.21478040682284	min: -119.9883364323953	max: 24.979387023468494
Mean: -64.11370075268098	min: -120.34770347336146	max: 24.538329982101796
Mean: -58.66587255534353	min: -121.94197302189093	max: 29.801771845341754
Mean: -62.001540885937075	min: -113.56147209045564	max: 28.897040051177925
Mean: -76.6943093213009	min: -115.5592719006732	max: 25.48881772773207
Mean: -65.81513710522854	min: -120.91610971628756	max: 28.61959188482429
Mean: -70.95858138021599	min: -117.51085420979912	max: 30.540980491990474
Mean: -72.47640643067174	min: -116.67800163829898	max: 33.5370306295673
Mean: -67.4280255839925	min: -123.66515453588067	max: 29.255181461303007
Mean: -57.10046563710694	min: -117.59005817770685	max: 28.235996166308823
Mean: -60.61595339323672	min: -119.62711499479025	max: 30.476561358339424
Mean: -59.89729131772811	min: -120.39057086182834	max: 31.228490299910355
Mean: -41.74595820993138	min: -117.87715550910785	max: 34.32430203820955
Mean: -57.904372193443095	min: -120.87676179979897	max: 27.239066818591503
Mean: -63.192422619282155	min: -122.13088750348932	max: 27.625950384176253
Mean: -51.563187379180654	min: -121.72607945871206	max: 31.988933623789137
Mean: -56.75697463735109	min: -116.13107865920887	max: 24.142195262553503
Mean: -55.74576868382255	min: -117.55850803880126	max: 25.879503538299907
Mean: -47.071049551066096	min: -122.60548510496693	max: 26.097384369228095
Mean: -50.853623513681114	min: -119.26624245669451	max: 27.13374400353841
Mean: -49.29832135182578	min: -119.38261471446665	max: 27.010342097182516
Mean: -54.71133157879643	min: -116.46460603379964	max: 24.03821235630402
Mean: -42.03252769086495	min: -116.46818129155366	max: 29.78517571848983
Mean: -67.175152636649	min: -119.2876402193362	max: 26.44499044465495
Mean: -65.96722246896977	min: -118.28291803099086	max: 23.47176569698753
Mean: -61.16400325169711	min: -117.25701287516512	max: 24.21666585227048
Mean: -67.16349714210145	min: -117.03482930895986	max: 26.351805671277145
Mean: -62.31703747989863	min: -116.43408552368675	max: 29.597175634239406
Mean: -61.34660968442196	min: -119.9686165362493	max: 28.13561603062814
Mean: -60.658844138354176	min: -116.91655703723409	max: 28.768070938389606
Mean: -45.02914637059508	min: -119.52688171561353	max: 31.06024765938553
Mean: -38.36060395700244	min: -116.57498655272452	max: 26.912372284306443
Mean: -17.42860741658248	min: -115.85522457674368	max: 29.335894735614588
Mean: -31.04533552960631	min: -121.13239495838286	max: 28.181551953496694
Mean: -21.61326348255544	min: -112.10570872717705	max: 26.072653943626715
Mean: -25.1512500535052	min: -118.82664774278133	max: 30.641363221986666
Mean: -27.25584324099824	min: -116.25246591320726	max: 26.467431803343683
Mean: -30.01057809055265	min: -121.18481693554178	max: 26.940171219202934
Mean: -26.093001361600187	min: -121.27770128515269	max: 30.009930366955864
Mean: -28.081099306395277	min: -117.54182609471967	max: 26.935693521833265
Mean: -44.2222190191097	min: -121.5974325620748	max: 29.604333813670205
Mean: -53.55793387114104	min: -121.27576320263728	max: 32.029862239515275
Mean: -40.08616043438598	min: -121.97851532352419	max: 25.92203349524959
Mean: -35.73048379215211	min: -122.36261326038431	max: 26.86301273010524
Mean: -34.69718841331624	min: -120.43642757344718	max: 27.23667461507032
Mean: -42.60565060188261	min: -117.14656570556565	max: 30.78672600589038
Mean: -54.75457033715271	min: -126.27499938517809	max: 28.72528614445214
Mean: -53.75470846388428	min: -116.89886829749744	max: 30.07286093849797
Mean: -45.693588884147665	min: -119.44970766678512	max: 26.788168903969233
Mean: -49.81147899400327	min: -121.77381606626844	max: 29.12087214128128
Mean: -39.639030146362785	min: -119.5150664063018	max: 26.37227907305147
Mean: -35.794188078523646	min: -121.09234306991596	max: 26.739063131001622
Mean: -38.03366389189282	min: -123.36601713149568	max: 32.851386296956086
Mean: -18.60015508451784	min: -118.63260801295672	max: 29.967560193443315
Mean: -38.724829112288354	min: -120.29998110367877	max: 33.24998589092513
Mean: -39.316340638847144	min: -117.37449067962724	max: 30.180563799524005
Mean: -42.71336497271621	min: -124.06031585383727	max: 28.01877612265356
Mean: -42.07798874558795	min: -119.73809653329586	max: 30.915395224005227
Mean: -32.98534288098574	min: -121.72193151994514	max: 30.666547513115066
Mean: -35.16711991145034	min: -121.08669801890093	max: 27.087851658988484
Mean: -30.42218142052902	min: -124.35529301472607	max: 32.90312144203447
Mean: -26.739360209008773	min: -120.0128050193462	max: 32.066472583636234
Mean: -47.576083489311294	min: -121.67464865500341	max: 29.638365531166727
Mean: -51.42534303991292	min: -118.79296230749777	max: 30.666214689891923
Mean: -45.90565655819234	min: -119.33231791944897	max: 29.454080035277116
Mean: -44.758681247248866	min: -118.45644898951278	max: 31.74634131189968
Mean: -40.00451768496557	min: -116.18869912937511	max: 27.601704420098823
Mean: -37.91791755198165	min: -119.79261542798625	max: 28.626187378383925
Mean: -39.9610540221472	min: -121.34455232050433	max: 37.93150947090638
Mean: -58.82915574419062	min: -117.70028010453791	max: 39.42097935810008
Mean: -68.15636878585133	min: -117.86604988852963	max: 39.91294579857694
Mean: -43.915974388734355	min: -116.03355837300481	max: 43.903295856095085
Mean: -40.41017148520134	min: -118.27767503964652	max: 42.626173693618334
Mean: -31.321719412962793	min: -119.31431619825526	max: 38.22603394786405
Mean: -38.27801680603648	min: -119.22897462174988	max: 38.4907384824842
Mean: -32.314552212696384	min: -115.5423188746957	max: 42.231695295251455
Mean: -22.67347438084118	min: -120.35678600441636	max: 41.702045614167304
Mean: -39.45738552746721	min: -120.91274061312141	max: 39.14631183004005
Mean: -36.846972056449324	min: -115.15697891217144	max: 41.101078519835944
Mean: -42.35895571317672	min: -118.54671060750528	max: 43.36748151327854
Mean: -42.82801838414506	min: -115.44531364517908	max: 44.021020283257556
Mean: -40.37541585853735	min: -119.42827063455265	max: 41.5849688190512
Mean: -42.09074633791572	min: -118.45224838831834	max: 41.79902771863724
Mean: -40.07363552991758	min: -118.11167743288796	max: 44.01141401495204
Mean: -59.14625815119831	min: -130.05841644616515	max: 40.09837871601287
Mean: -43.452535626582836	min: -123.67815252016368	max: 45.87961623227294
Mean: -42.88860019718689	min: -124.36720165415389	max: 42.83489945705102
Mean: -39.53800228750374	min: -126.25161527542707	max: 46.948093509500836
Mean: -45.150389216415284	min: -122.31921008369103	max: 41.96234099662514
Mean: -49.9632296231134	min: -120.43437870038782	max: 40.439587774915196
Mean: -44.298375789220856	min: -112.95515082246456	max: 43.75015299462559
Mean: -44.24501356679705	min: -120.87329882262088	max: 41.51216872478923
Mean: -43.641369634827335	min: -129.85946207506504	max: 42.12786858140367
Mean: -57.8275416009158	min: -124.7986032129173	max: 43.14625683985215
Mean: -60.94557015466039	min: -121.44078916873868	max: 37.49133678478107
Mean: -32.329113451122595	min: -119.29214876886394	max: 43.1998023082806
Mean: -45.031197916886455	min: -119.93885895462162	max: 38.385687014791195
Mean: -56.76302641020094	min: -126.351479777942	max: 39.88438675907459
Mean: -47.72418272433716	min: -120.47781911549139	max: 47.386067536147934
Mean: -54.844612132133285	min: -117.75113885590869	max: 44.19088136973836
Mean: -45.55393631504476	min: -123.5332216191189	max: 43.8680938411483
Mean: -60.041148969730386	min: -120.25148825255778	max: 44.3440015924842
Mean: -62.2004506696129	min: -119.87103286577698	max: 42.78876587572138
Mean: -35.463392394010754	min: -120.1028050238599	max: 46.727065905652175
Mean: -50.572087750195664	min: -119.8329136613288	max: 39.54430769593277
Mean: -55.27001819678476	min: -116.64946248467612	max: 42.9972988162321
Mean: -53.83124848615828	min: -113.42993113076355	max: 42.69671140934292
Mean: -61.439149458998635	min: -117.35100745844456	max: 47.299654259700915
Mean: -65.38463234042979	min: -117.28988870822671	max: 41.70764475807533
Mean: -67.73241931484594	min: -122.19527811355997	max: 37.99798151981183
Mean: -56.725664937281984	min: -119.93835661019443	max: 43.31067500773219
Mean: -28.58975929172432	min: -118.63835122454736	max: 40.21367862266217
Mean: -40.62485765223533	min: -119.83375105483123	max: 40.8636859232321
Mean: -40.90970102067855	min: -125.07673283629774	max: 41.819987224526386
Mean: -41.643102079443814	min: -123.08165729329595	max: 43.74931862142136
Mean: -33.04431010094261	min: -120.35169619148968	max: 41.91863959067839
Mean: -54.021722765341636	min: -124.8229906678614	max: 41.43493153204599
Mean: -54.75952834247949	min: -117.69551451880442	max: 41.09227927742771
Mean: -44.39516515850794	min: -124.76049861574799	max: 39.01168518496078
Mean: -43.32962751833326	min: -120.7144126792318	max: 43.93444263708129
Mean: -41.09441634151786	min: -120.37444873700875	max: 46.20816540384237
Mean: -32.27460294404716	min: -121.44979881903274	max: 44.65133637416546
Mean: -45.072275329074046	min: -123.15050700838891	max: 37.713672865815255
Mean: -44.303954452304595	min: -125.12210064767473	max: 48.00628406379705
Mean: -36.63383703857576	min: -124.42064521969598	max: 38.898725370129
Mean: -41.203181446456185	min: -123.35567852409883	max: 37.918789702148416
Mean: -39.201505469918786	min: -120.33502714750699	max: 40.76877041870882
Mean: -39.56152348726781	min: -126.4618127784844	max: 40.755850342092515
Mean: -38.75284479310739	min: -117.02350078146056	max: 44.06681268585741
Mean: -36.80257311176847	min: -119.81711114941427	max: 44.65239814345638
Mean: -30.956083632256558	min: -119.23323219698752	max: 43.71239433702597
Mean: -51.7506031704997	min: -126.74497809382366	max: 44.32241095775574
Mean: -35.522158153618285	min: -125.32894023875002	max: 46.07960435336422
Mean: -45.03685985636815	min: -123.29706836889765	max: 39.91969829182724
Mean: -31.18598069931993	min: -125.06174055828473	max: 53.10378278086531
Mean: -33.43235296312469	min: -123.26451532202195	max: 38.453289805091906
Mean: -31.1197218228007	min: -119.59886384877376	max: 42.607368616024665
Mean: -41.96084313967335	min: -117.05839072752079	max: 40.3371158536514
Mean: -43.37517893588242	min: -122.75245322808068	max: 40.99928253976398
Mean: -36.64675146933987	min: -123.18127712906553	max: 44.862862784695174
Mean: -53.890707467580924	min: -125.55939051025253	max: 39.219529476245285
Mean: -35.121507733196324	min: -124.68647978219973	max: 41.439727527357206
Mean: -35.9404328354508	min: -122.92351441757813	max: 43.09252913979064
Mean: -31.284648600222507	min: -120.25926994912234	max: 43.48629081922408
Mean: -41.22793606249413	min: -124.93036798726021	max: 47.15011475030287
Mean: -32.12075886617093	min: -118.80744849513421	max: 45.60078379738667
Mean: -32.743499613090016	min: -123.02463239423236	max: 43.208513731747836
Mean: -42.03003967087457	min: -115.84487037371585	max: 43.10519190359041
Mean: -30.950047504244885	min: -119.55632054390057	max: 40.21125691734827
Mean: -26.202331497558205	min: -121.176473383655	max: 42.84409266185848
Mean: -17.984180632777772	min: -114.77846781153262	max: 39.69179765823887
Mean: -12.451233909311911	min: -122.32563423114304	max: 41.02572993740543
Mean: -18.734393909514402	min: -120.73726114632606	max: 42.44255371203121
Mean: -7.925126475704783	min: -120.98710550898844	max: 42.419853818040394
Mean: -16.037427145803107	min: -113.57624640873736	max: 46.057486132487576
Mean: -14.023947538233648	min: -121.62783198213695	max: 44.17788305779311
Mean: -15.354777079825917	min: -119.36129065693247	max: 44.07984435865848
Mean: -9.685384445594206	min: -124.03719182098712	max: 43.35849908298048
Mean: -15.441540848122001	min: -121.39563194876423	max: 42.661352019749884
Mean: -1.1793808678670594	min: -120.96671130508821	max: 42.16406994240822
Mean: -12.378042605812839	min: -120.34796259896008	max: 42.81450841572911
Mean: -9.174556657140256	min: -123.32361108999795	max: 40.364376675458516
Mean: -7.3452434905579205	min: -122.0077309499426	max: 43.372897162361554
Mean: -15.289397505534744	min: -124.08186687377825	max: 41.622313974843955
Mean: -13.454484181649782	min: -118.33475804432913	max: 43.8188002120962
Mean: -16.594823020259533	min: -127.2816015241638	max: 45.29036922658799
Mean: -8.87732952855923	min: -124.44846835818926	max: 41.21933173996239
Mean: -13.297042069700396	min: -114.90302170195925	max: 45.605383838485125
Mean: -10.35893762895972	min: -120.52516621889292	max: 48.229099517227546
Mean: -4.610577695979915	min: -123.28926675893632	max: 43.5195367425877
Mean: -11.017011248473871	min: -123.38906703409437	max: 42.14505249820239
Mean: -9.719774025536056	min: -124.07051815585345	max: 44.30927754155397
Mean: -48.205767755139185	min: -125.36111112078024	max: 41.77031931602282
