Mean: -10.774566699086824 min: -11.98115773043465 max: -3.904180343310023
Mean: -10.323688736029904 min: -11.947861164131389 max: -3.9019698633738185
Mean: -10.757848734342101 min: -11.194775300202519 max: -10.578778891623207
Mean: -10.618038043352463 min: -10.679279585494971 max: -10.563933720168658
Mean: -10.680138107306577 min: -11.194501039260501 max: -10.588370234194212
Mean: -10.616827813449484 min: -10.651940446409398 max: -10.568043038074363
Mean: -10.63703868187094 min: -10.691245399997197 max: -10.59351526011334
Mean: -10.605186132355723 min: -10.666904693583461 max: -10.53253746868136
Mean: -9.206078537669907 min: -10.684209857562806 max: -3.5861675538259123
Mean: -10.67312406812311 min: -11.25748994456837 max: -10.576769876938066
Mean: -9.385967848175216 min: -11.846312392607704 max: -3.809440859319968
Mean: -9.210396156934461 min: -10.717927191715502 max: -3.808432614734968
Mean: -10.095537664309676 min: -11.83117573818996 max: -3.81502980804326
Mean: -9.220392281991113 min: -10.74115173529312 max: -3.8088872623403622
Mean: -10.578224047010437 min: -10.620856241574076 max: -10.525049103174421
Mean: -8.428325387292144 min: -10.636005679953595 max: -2.889033231547589
Mean: -9.82325598526087 min: -10.6745540740051 max: -3.495685057946959
Mean: -9.251409775115736 min: -10.772154971358862 max: -3.8091097884761465
Mean: -8.504019318227728 min: -11.017309978094076 max: -3.3444442604810685
Mean: -10.688565872894586 min: -11.728027669779443 max: -10.525855112618395
