Mean: 42.24 min: 8.0 max: 271.0
Mean: 112.22 min: 8.0 max: 309.0
Mean: 168.74 min: 9.0 max: 270.0
Mean: 230.06 min: 9.0 max: 500.0
Mean: 279.98 min: 9.0 max: 500.0
Mean: 290.26 min: 148.0 max: 500.0
Mean: 334.48 min: 149.0 max: 500.0
Mean: 382.82 min: 147.0 max: 500.0
Mean: 436.74 min: 200.0 max: 500.0
Mean: 447.72 min: 185.0 max: 500.0
Mean: 476.56 min: 258.0 max: 500.0
Mean: 483.28 min: 180.0 max: 500.0
Mean: 490.16 min: 254.0 max: 500.0
Mean: 500.0 min: 500.0 max: 500.0
Mean: 500.0 min: 500.0 max: 500.0
Mean: 500.0 min: 500.0 max: 500.0
Mean: 500.0 min: 500.0 max: 500.0
Mean: 500.0 min: 500.0 max: 500.0
Mean: 500.0 min: 500.0 max: 500.0
Mean: 500.0 min: 500.0 max: 500.0
Mean: 500.0 min: 500.0 max: 500.0
Mean: 500.0 min: 500.0 max: 500.0
Mean: 500.0 min: 500.0 max: 500.0
Mean: 500.0 min: 500.0 max: 500.0
Mean: 500.0 min: 500.0 max: 500.0
