Mean: 13.6 min: 9.0 max: 63.0
Mean: 22.866666666666667 min: 8.0 max: 80.0
Mean: 45.766666666666666 min: 8.0 max: 261.0
Mean: 94.7 min: 9.0 max: 314.0
Mean: 149.06666666666666 min: 8.0 max: 344.0
Mean: 217.9 min: 10.0 max: 338.0
Mean: 275.93333333333334 min: 147.0 max: 500.0
Mean: 286.26666666666665 min: 158.0 max: 500.0
Mean: 324.3666666666667 min: 168.0 max: 500.0
Mean: 377.8 min: 266.0 max: 500.0
Mean: 327.0 min: 187.0 max: 500.0
Mean: 369.9 min: 142.0 max: 500.0
Mean: 375.56666666666666 min: 271.0 max: 500.0
Mean: 393.06666666666666 min: 271.0 max: 500.0
Mean: 460.06666666666666 min: 306.0 max: 500.0
Mean: 443.0 min: 313.0 max: 500.0
Mean: 474.3 min: 295.0 max: 500.0
Mean: 467.2 min: 283.0 max: 500.0
Mean: 480.93333333333334 min: 340.0 max: 500.0
Mean: 493.1666666666667 min: 354.0 max: 500.0
Mean: 483.8 min: 338.0 max: 500.0
Mean: 488.46666666666664 min: 327.0 max: 500.0
Mean: 500.0 min: 500.0 max: 500.0
Mean: 500.0 min: 500.0 max: 500.0
Mean: 500.0 min: 500.0 max: 500.0
