Mean: 9.8 min: 9.0 max: 11.0
Mean: 9.7 min: 8.0 max: 11.0
Mean: 9.6 min: 8.0 max: 10.0
Mean: 27.2 min: 10.0 max: 179.0
Mean: 108.0 min: 9.0 max: 286.0
Mean: 190.0 min: 171.0 max: 254.0
Mean: 185.7 min: 113.0 max: 256.0
Mean: 174.0 min: 160.0 max: 223.0
Mean: 241.2 min: 147.0 max: 500.0
Mean: 300.3 min: 187.0 max: 500.0
Mean: 347.6 min: 154.0 max: 500.0
Mean: 453.5 min: 241.0 max: 500.0
Mean: 465.6 min: 156.0 max: 500.0
Mean: 500.0 min: 500.0 max: 500.0
Mean: 500.0 min: 500.0 max: 500.0
Mean: 500.0 min: 500.0 max: 500.0
Mean: 500.0 min: 500.0 max: 500.0
Mean: 500.0 min: 500.0 max: 500.0
Mean: 500.0 min: 500.0 max: 500.0
Mean: 500.0 min: 500.0 max: 500.0
Mean: 500.0 min: 500.0 max: 500.0
Mean: 500.0 min: 500.0 max: 500.0
Mean: 500.0 min: 500.0 max: 500.0
Mean: 500.0 min: 500.0 max: 500.0
Mean: 500.0 min: 500.0 max: 500.0
