Mean: 3.0900000000000007 min: 0.8999999999999999 max: 19.80000000000001
Mean: 5.700000000000006 min: 0.8999999999999999 max: 21.600000000000037
Mean: 16.900000000000013 min: 3.4000000000000017 max: 21.300000000000033
Mean: 15.910000000000007 min: 0.7999999999999999 max: 21.10000000000003
Mean: 11.5 min: 0.8999999999999999 max: 20.600000000000023
Mean: 25.650000000000098 min: 17.999999999999986 max: 50.00000000000044
Mean: 25.9500000000002 min: 0.8999999999999999 max: 50.00000000000044
Mean: 30.960000000000246 min: 0.8999999999999999 max: 50.00000000000044
Mean: 18.050000000000136 min: 0.8999999999999999 max: 50.00000000000044
Mean: 40.81000000000036 min: 3.900000000000002 max: 50.00000000000044
Mean: 31.380000000000262 min: 0.7999999999999999 max: 50.00000000000044
Mean: 34.82000000000029 min: 0.7999999999999999 max: 50.00000000000044
Mean: 31.120000000000267 min: 0.8999999999999999 max: 50.00000000000044
Mean: 32.46000000000026 min: 0.8999999999999999 max: 50.00000000000044
Mean: 46.8700000000004 min: 18.699999999999996 max: 50.00000000000044
Mean: 29.88000000000024 min: 0.8999999999999999 max: 50.00000000000044
Mean: 47.49000000000041 min: 24.900000000000084 max: 50.00000000000044
Mean: 34.580000000000275 min: 0.9999999999999999 max: 50.00000000000044
Mean: 26.580000000000176 min: 0.8999999999999999 max: 50.00000000000044
Mean: 29.520000000000227 min: 0.8999999999999999 max: 50.00000000000044
Mean: 23.500000000000192 min: 0.7999999999999999 max: 50.00000000000044
Mean: 34.64000000000027 min: 0.7999999999999999 max: 50.00000000000044
Mean: 20.190000000000175 min: 0.7999999999999999 max: 50.00000000000044
Mean: 32.43000000000027 min: 0.8999999999999999 max: 50.00000000000044
Mean: 32.92000000000026 min: 0.7999999999999999 max: 50.00000000000044
Mean: 28.700000000000237 min: 0.8999999999999999 max: 50.00000000000044
Mean: 30.740000000000265 min: 0.7999999999999999 max: 50.00000000000044
Mean: 26.59000000000022 min: 0.7999999999999999 max: 50.00000000000044
Mean: 21.560000000000176 min: 0.7999999999999999 max: 50.00000000000044
Mean: 35.680000000000305 min: 0.7999999999999999 max: 50.00000000000044
Mean: 35.430000000000305 min: 0.7999999999999999 max: 50.00000000000044
Mean: 26.49000000000022 min: 0.7999999999999999 max: 50.00000000000044
Mean: 35.38000000000031 min: 0.8999999999999999 max: 50.00000000000044
Mean: 21.360000000000177 min: 0.8999999999999999 max: 50.00000000000044
Mean: 30.390000000000263 min: 0.7999999999999999 max: 50.00000000000044
Mean: 7.130000000000043 min: 0.8999999999999999 max: 50.00000000000044
Mean: 11.220000000000066 min: 0.8999999999999999 max: 50.00000000000044
Mean: 12.650000000000091 min: 0.7999999999999999 max: 50.00000000000044
Mean: 31.37000000000025 min: 0.9999999999999999 max: 50.00000000000044
Mean: 27.730000000000228 min: 0.8999999999999999 max: 50.00000000000044
Mean: 35.73000000000031 min: 0.8999999999999999 max: 50.00000000000044
Mean: 42.16000000000035 min: 6.199999999999994 max: 50.00000000000044
Mean: 36.58000000000031 min: 0.9999999999999999 max: 50.00000000000044
Mean: 27.74000000000022 min: 0.9999999999999999 max: 50.00000000000044
Mean: 35.5300000000003 min: 0.8999999999999999 max: 50.00000000000044
Mean: 35.35000000000031 min: 0.8999999999999999 max: 50.00000000000044
Mean: 30.97000000000026 min: 0.8999999999999999 max: 50.00000000000044
Mean: 39.510000000000346 min: 0.9999999999999999 max: 50.00000000000044
Mean: 37.0900000000003 min: 0.9999999999999999 max: 50.00000000000044
Mean: 45.1000000000004 min: 0.9999999999999999 max: 50.00000000000044
Mean: 40.19000000000035 min: 0.8999999999999999 max: 50.00000000000044
Mean: 22.000000000000167 min: 0.8999999999999999 max: 50.00000000000044
Mean: 30.550000000000267 min: 0.7999999999999999 max: 50.00000000000044
Mean: 40.30000000000035 min: 0.9999999999999999 max: 50.00000000000044
Mean: 36.38000000000031 min: 0.8999999999999999 max: 50.00000000000044
Mean: 38.57000000000033 min: 0.9999999999999999 max: 50.00000000000044
Mean: 48.680000000000426 min: 36.80000000000025 max: 50.00000000000044
Mean: 23.030000000000182 min: 0.8999999999999999 max: 50.00000000000044
Mean: 34.090000000000266 min: 0.8999999999999999 max: 50.00000000000044
Mean: 45.54000000000038 min: 30.800000000000168 max: 50.00000000000044
Mean: 28.82000000000023 min: 0.8999999999999999 max: 50.00000000000044
Mean: 25.150000000000198 min: 0.8999999999999999 max: 50.00000000000044
Mean: 11.23000000000007 min: 0.7999999999999999 max: 50.00000000000044
Mean: 31.88000000000026 min: 0.8999999999999999 max: 50.00000000000044
Mean: 26.02000000000022 min: 0.8999999999999999 max: 50.00000000000044
Mean: 45.890000000000384 min: 20.30000000000002 max: 50.00000000000044
Mean: 27.37000000000022 min: 0.9999999999999999 max: 50.00000000000044
Mean: 26.210000000000218 min: 0.7999999999999999 max: 50.00000000000044
Mean: 41.45000000000035 min: 6.499999999999993 max: 50.00000000000044
Mean: 29.820000000000256 min: 0.7999999999999999 max: 50.00000000000044
Mean: 32.960000000000264 min: 0.8999999999999999 max: 50.00000000000044
Mean: 29.980000000000235 min: 0.9999999999999999 max: 50.00000000000044
Mean: 15.730000000000135 min: 0.8999999999999999 max: 50.00000000000044
Mean: 32.090000000000266 min: 0.9999999999999999 max: 50.00000000000044
Mean: 31.88000000000026 min: 0.7999999999999999 max: 50.00000000000044
Mean: 40.74000000000036 min: 1.0999999999999999 max: 50.00000000000044
Mean: 30.690000000000264 min: 0.9999999999999999 max: 50.00000000000044
Mean: 19.720000000000123 min: 0.7999999999999999 max: 50.00000000000044
Mean: 23.57000000000017 min: 2.3000000000000007 max: 50.00000000000044
Mean: 41.57000000000035 min: 0.8999999999999999 max: 50.00000000000044
Mean: 30.39000000000026 min: 0.8999999999999999 max: 50.00000000000044
Mean: 17.960000000000136 min: 0.8999999999999999 max: 50.00000000000044
Mean: 22.720000000000162 min: 0.7999999999999999 max: 50.00000000000044
Mean: 29.78000000000022 min: 0.7999999999999999 max: 50.00000000000044
Mean: 46.370000000000395 min: 13.999999999999966 max: 50.00000000000044
Mean: 35.74000000000031 min: 0.8999999999999999 max: 50.00000000000044
Mean: 34.97000000000028 min: 4.200000000000001 max: 50.00000000000044
Mean: 45.48000000000038 min: 20.200000000000017 max: 50.00000000000044
Mean: 39.19000000000031 min: 3.2000000000000015 max: 50.00000000000044
Mean: 45.580000000000396 min: 5.799999999999995 max: 50.00000000000044
Mean: 25.650000000000222 min: 0.7999999999999999 max: 50.00000000000044
Mean: 35.29000000000031 min: 0.8999999999999999 max: 50.00000000000044
Mean: 35.29000000000031 min: 0.8999999999999999 max: 50.00000000000044
Mean: 42.040000000000354 min: 2.0000000000000004 max: 50.00000000000044
Mean: 43.77000000000037 min: 4.999999999999998 max: 50.00000000000044
Mean: 32.01000000000026 min: 0.9999999999999999 max: 50.00000000000044
Mean: 26.190000000000197 min: 1.4000000000000001 max: 50.00000000000044
Mean: 37.85000000000032 min: 0.8999999999999999 max: 50.00000000000044
Mean: 39.14000000000031 min: 0.9999999999999999 max: 50.00000000000044
Mean: 34.380000000000294 min: 0.9999999999999999 max: 50.00000000000044
Mean: 40.20000000000035 min: 0.9999999999999999 max: 50.00000000000044
Mean: 30.380000000000262 min: 0.8999999999999999 max: 50.00000000000044
Mean: 34.770000000000294 min: 0.8999999999999999 max: 50.00000000000044
Mean: 45.1100000000004 min: 1.0999999999999999 max: 50.00000000000044
Mean: 46.24000000000039 min: 12.399999999999972 max: 50.00000000000044
Mean: 50.00000000000044 min: 50.00000000000044 max: 50.00000000000044
Mean: 28.190000000000236 min: 0.7999999999999999 max: 50.00000000000044
Mean: 36.16000000000031 min: 0.8999999999999999 max: 50.00000000000044
Mean: 50.00000000000044 min: 50.00000000000044 max: 50.00000000000044
Mean: 35.2800000000003 min: 0.8999999999999999 max: 50.00000000000044
Mean: 30.560000000000265 min: 0.8999999999999999 max: 50.00000000000044
Mean: 25.64000000000022 min: 0.8999999999999999 max: 50.00000000000044
Mean: 37.460000000000306 min: 0.7999999999999999 max: 50.00000000000044
Mean: 40.51000000000035 min: 0.9999999999999999 max: 50.00000000000044
Mean: 45.1000000000004 min: 0.9999999999999999 max: 50.00000000000044
Mean: 45.090000000000394 min: 0.8999999999999999 max: 50.00000000000044
Mean: 33.76000000000023 min: 3.4000000000000017 max: 50.00000000000044
Mean: 41.42000000000035 min: 0.8999999999999999 max: 50.00000000000044
Mean: 21.240000000000173 min: 0.8999999999999999 max: 50.00000000000044
Mean: 40.19000000000035 min: 0.8999999999999999 max: 50.00000000000044
Mean: 37.590000000000316 min: 0.7999999999999999 max: 50.00000000000044
Mean: 35.56000000000031 min: 0.7999999999999999 max: 50.00000000000044
Mean: 40.18000000000035 min: 0.8999999999999999 max: 50.00000000000044
Mean: 40.60000000000035 min: 0.8999999999999999 max: 50.00000000000044
Mean: 33.98000000000026 min: 3.1000000000000014 max: 50.00000000000044
Mean: 50.00000000000044 min: 50.00000000000044 max: 50.00000000000044
Mean: 35.66000000000031 min: 0.8999999999999999 max: 50.00000000000044
Mean: 40.18000000000035 min: 0.8999999999999999 max: 50.00000000000044
Mean: 37.350000000000314 min: 0.9999999999999999 max: 50.00000000000044
Mean: 35.430000000000305 min: 0.7999999999999999 max: 50.00000000000044
Mean: 35.28000000000031 min: 0.8999999999999999 max: 50.00000000000044
Mean: 41.60000000000035 min: 1.5000000000000002 max: 50.00000000000044
Mean: 32.48000000000026 min: 1.6000000000000003 max: 50.00000000000044
Mean: 38.25000000000032 min: 5.1999999999999975 max: 50.00000000000044
Mean: 40.500000000000355 min: 0.9999999999999999 max: 50.00000000000044
Mean: 40.67000000000036 min: 2.700000000000001 max: 50.00000000000044
Mean: 29.30000000000025 min: 0.8999999999999999 max: 50.00000000000044
Mean: 43.82000000000038 min: 0.9999999999999999 max: 50.00000000000044
Mean: 35.640000000000306 min: 0.8999999999999999 max: 50.00000000000044
Mean: 35.59000000000031 min: 0.7999999999999999 max: 50.00000000000044
Mean: 31.110000000000262 min: 0.9999999999999999 max: 50.00000000000044
Mean: 45.1100000000004 min: 1.0999999999999999 max: 50.00000000000044
Mean: 30.370000000000267 min: 0.7999999999999999 max: 50.00000000000044
Mean: 35.27000000000031 min: 0.7999999999999999 max: 50.00000000000044
Mean: 37.490000000000315 min: 0.9999999999999999 max: 50.00000000000044
Mean: 45.080000000000396 min: 0.7999999999999999 max: 50.00000000000044
Mean: 35.26000000000031 min: 0.7999999999999999 max: 50.00000000000044
Mean: 35.29000000000031 min: 0.8999999999999999 max: 50.00000000000044
Mean: 40.48000000000035 min: 0.9999999999999999 max: 50.00000000000044
Mean: 40.20000000000035 min: 0.8999999999999999 max: 50.00000000000044
Mean: 45.1100000000004 min: 1.0999999999999999 max: 50.00000000000044
Mean: 40.180000000000355 min: 0.7999999999999999 max: 50.00000000000044
Mean: 37.450000000000315 min: 0.9999999999999999 max: 50.00000000000044
Mean: 50.00000000000044 min: 50.00000000000044 max: 50.00000000000044
Mean: 40.19000000000035 min: 0.8999999999999999 max: 50.00000000000044
Mean: 26.860000000000213 min: 0.8999999999999999 max: 50.00000000000044
Mean: 25.650000000000222 min: 0.7999999999999999 max: 50.00000000000044
Mean: 35.80000000000031 min: 0.9999999999999999 max: 50.00000000000044
Mean: 37.26000000000032 min: 0.7999999999999999 max: 50.00000000000044
Mean: 35.30000000000031 min: 0.9999999999999999 max: 50.00000000000044
Mean: 35.66000000000031 min: 0.9999999999999999 max: 50.00000000000044
Mean: 35.42000000000031 min: 0.8999999999999999 max: 50.00000000000044
Mean: 30.840000000000266 min: 0.8999999999999999 max: 50.00000000000044
Mean: 35.27000000000031 min: 0.8999999999999999 max: 50.00000000000044
Mean: 30.440000000000264 min: 0.7999999999999999 max: 50.00000000000044
Mean: 40.20000000000035 min: 0.9999999999999999 max: 50.00000000000044
Mean: 35.460000000000306 min: 0.7999999999999999 max: 50.00000000000044
Mean: 45.090000000000394 min: 0.8999999999999999 max: 50.00000000000044
Mean: 30.370000000000267 min: 0.7999999999999999 max: 50.00000000000044
Mean: 50.00000000000044 min: 50.00000000000044 max: 50.00000000000044
Mean: 36.04000000000031 min: 0.8999999999999999 max: 50.00000000000044
Mean: 42.950000000000365 min: 0.9999999999999999 max: 50.00000000000044
Mean: 50.00000000000044 min: 50.00000000000044 max: 50.00000000000044
Mean: 30.380000000000262 min: 0.8999999999999999 max: 50.00000000000044
Mean: 42.320000000000356 min: 0.8999999999999999 max: 50.00000000000044
Mean: 45.1000000000004 min: 0.9999999999999999 max: 50.00000000000044
Mean: 50.00000000000044 min: 50.00000000000044 max: 50.00000000000044
Mean: 43.18000000000037 min: 1.5000000000000002 max: 50.00000000000044
Mean: 50.00000000000044 min: 50.00000000000044 max: 50.00000000000044
Mean: 25.730000000000224 min: 0.8999999999999999 max: 50.00000000000044
Mean: 40.19000000000035 min: 0.8999999999999999 max: 50.00000000000044
Mean: 40.38000000000035 min: 0.9999999999999999 max: 50.00000000000044
Mean: 35.69000000000031 min: 0.9999999999999999 max: 50.00000000000044
Mean: 30.910000000000263 min: 0.9999999999999999 max: 50.00000000000044
Mean: 32.47000000000027 min: 0.8999999999999999 max: 50.00000000000044
Mean: 40.35000000000035 min: 0.9999999999999999 max: 50.00000000000044
Mean: 43.04000000000037 min: 3.700000000000002 max: 50.00000000000044
Mean: 25.61000000000022 min: 0.7999999999999999 max: 50.00000000000044
Mean: 40.17000000000036 min: 0.7999999999999999 max: 50.00000000000044
Mean: 42.51000000000035 min: 0.8999999999999999 max: 50.00000000000044
Mean: 30.610000000000262 min: 0.9999999999999999 max: 50.00000000000044
Mean: 37.18000000000031 min: 0.8999999999999999 max: 50.00000000000044
Mean: 50.00000000000044 min: 50.00000000000044 max: 50.00000000000044
Mean: 45.4500000000004 min: 4.5 max: 50.00000000000044
Mean: 42.35000000000036 min: 0.9999999999999999 max: 50.00000000000044
Mean: 27.000000000000217 min: 0.7999999999999999 max: 50.00000000000044
Mean: 44.280000000000385 min: 0.7999999999999999 max: 50.00000000000044
Mean: 30.530000000000264 min: 0.7999999999999999 max: 50.00000000000044
Mean: 35.29000000000031 min: 0.7999999999999999 max: 50.00000000000044
Mean: 39.900000000000325 min: 4.100000000000001 max: 50.00000000000044
Mean: 30.840000000000266 min: 0.8999999999999999 max: 50.00000000000044
Mean: 36.99000000000031 min: 0.8999999999999999 max: 50.00000000000044
Mean: 35.35000000000031 min: 0.9999999999999999 max: 50.00000000000044
Mean: 35.66000000000031 min: 0.7999999999999999 max: 50.00000000000044
Mean: 30.39000000000026 min: 0.8999999999999999 max: 50.00000000000044
Mean: 27.970000000000233 min: 0.8999999999999999 max: 50.00000000000044
Mean: 20.770000000000174 min: 0.7999999999999999 max: 50.00000000000044
Mean: 26.110000000000223 min: 0.7999999999999999 max: 50.00000000000044
Mean: 39.05000000000033 min: 1.5000000000000002 max: 50.00000000000044
Mean: 31.22000000000026 min: 1.2 max: 50.00000000000044
Mean: 35.31000000000031 min: 0.8999999999999999 max: 50.00000000000044
Mean: 40.60000000000036 min: 2.1000000000000005 max: 50.00000000000044
Mean: 46.0000000000004 min: 9.99999999999998 max: 50.00000000000044
Mean: 40.29000000000035 min: 0.8999999999999999 max: 50.00000000000044
Mean: 45.090000000000394 min: 0.8999999999999999 max: 50.00000000000044
Mean: 26.07000000000022 min: 0.7999999999999999 max: 50.00000000000044
Mean: 40.24000000000036 min: 0.8999999999999999 max: 50.00000000000044
Mean: 40.60000000000035 min: 0.8999999999999999 max: 50.00000000000044
Mean: 40.17000000000035 min: 0.7999999999999999 max: 50.00000000000044
Mean: 40.84000000000036 min: 1.3 max: 50.00000000000044
Mean: 40.19000000000035 min: 0.8999999999999999 max: 50.00000000000044
Mean: 45.1000000000004 min: 0.9999999999999999 max: 50.00000000000044
Mean: 42.110000000000355 min: 2.800000000000001 max: 50.00000000000044
Mean: 26.170000000000222 min: 0.9999999999999999 max: 50.00000000000044
Mean: 20.580000000000176 min: 0.7999999999999999 max: 50.00000000000044
Mean: 30.840000000000266 min: 0.9999999999999999 max: 50.00000000000044
Mean: 33.82000000000026 min: 0.9999999999999999 max: 50.00000000000044
Mean: 33.23000000000026 min: 1.4000000000000001 max: 50.00000000000044
Mean: 37.85000000000032 min: 0.8999999999999999 max: 50.00000000000044
Mean: 39.000000000000306 min: 0.8999999999999999 max: 50.00000000000044
Mean: 45.090000000000394 min: 0.8999999999999999 max: 50.00000000000044
Mean: 35.95000000000031 min: 0.8999999999999999 max: 50.00000000000044
Mean: 37.54000000000029 min: 0.9999999999999999 max: 50.00000000000044
Mean: 41.87000000000035 min: 5.799999999999995 max: 50.00000000000044
Mean: 27.50000000000022 min: 0.8999999999999999 max: 50.00000000000044
Mean: 30.390000000000263 min: 0.8999999999999999 max: 50.00000000000044
Mean: 32.91000000000026 min: 1.3 max: 50.00000000000044
Mean: 41.81000000000035 min: 0.8999999999999999 max: 50.00000000000044
Mean: 35.31000000000031 min: 0.9999999999999999 max: 50.00000000000044
Mean: 40.180000000000355 min: 0.8999999999999999 max: 50.00000000000044
Mean: 45.090000000000394 min: 0.8999999999999999 max: 50.00000000000044
Mean: 35.34000000000031 min: 0.8999999999999999 max: 50.00000000000044
Mean: 40.230000000000345 min: 0.7999999999999999 max: 50.00000000000044
Mean: 40.18000000000035 min: 0.8999999999999999 max: 50.00000000000044
Mean: 30.490000000000265 min: 0.8999999999999999 max: 50.00000000000044
Mean: 42.000000000000355 min: 9.299999999999983 max: 50.00000000000044
Mean: 32.00000000000026 min: 0.7999999999999999 max: 50.00000000000044
Mean: 38.26000000000033 min: 0.8999999999999999 max: 50.00000000000044
Mean: 25.150000000000187 min: 0.9999999999999999 max: 50.00000000000044
Mean: 31.690000000000264 min: 0.8999999999999999 max: 50.00000000000044
Mean: 26.180000000000224 min: 0.7999999999999999 max: 50.00000000000044
Mean: 40.20000000000035 min: 0.9999999999999999 max: 50.00000000000044
Mean: 45.270000000000394 min: 2.700000000000001 max: 50.00000000000044
Mean: 36.51000000000031 min: 1.5000000000000002 max: 50.00000000000044
Mean: 30.92000000000026 min: 0.8999999999999999 max: 50.00000000000044
Mean: 41.46000000000035 min: 6.8999999999999915 max: 50.00000000000044
Mean: 36.14000000000031 min: 0.7999999999999999 max: 50.00000000000044
Mean: 40.180000000000355 min: 0.8999999999999999 max: 50.00000000000044
Mean: 33.130000000000265 min: 1.5000000000000002 max: 50.00000000000044
Mean: 35.58000000000028 min: 1.2 max: 50.00000000000044
Mean: 32.37000000000027 min: 0.8999999999999999 max: 50.00000000000044
Mean: 37.710000000000306 min: 0.9999999999999999 max: 50.00000000000044
Mean: 37.75000000000032 min: 0.9999999999999999 max: 50.00000000000044
Mean: 35.28000000000031 min: 0.8999999999999999 max: 50.00000000000044
Mean: 33.94000000000029 min: 0.9999999999999999 max: 50.00000000000044
Mean: 36.66000000000031 min: 0.9999999999999999 max: 50.00000000000044
Mean: 38.28000000000032 min: 0.7999999999999999 max: 50.00000000000044
Mean: 40.250000000000355 min: 0.8999999999999999 max: 50.00000000000044
Mean: 45.090000000000394 min: 0.8999999999999999 max: 50.00000000000044
Mean: 37.210000000000306 min: 0.9999999999999999 max: 50.00000000000044
Mean: 42.470000000000354 min: 4.000000000000002 max: 50.00000000000044
Mean: 40.51000000000035 min: 1.7000000000000004 max: 50.00000000000044
Mean: 28.34000000000023 min: 0.8999999999999999 max: 50.00000000000044
Mean: 38.2000000000003 min: 1.9000000000000006 max: 50.00000000000044
Mean: 30.880000000000262 min: 0.8999999999999999 max: 50.00000000000044
Mean: 40.29000000000035 min: 0.9999999999999999 max: 50.00000000000044
Mean: 40.44000000000035 min: 0.9999999999999999 max: 50.00000000000044
Mean: 35.960000000000306 min: 1.5000000000000002 max: 50.00000000000044
Mean: 35.39000000000031 min: 0.7999999999999999 max: 50.00000000000044
Mean: 40.20000000000035 min: 0.8999999999999999 max: 50.00000000000044
Mean: 50.00000000000044 min: 50.00000000000044 max: 50.00000000000044
Mean: 33.28000000000026 min: 0.9999999999999999 max: 50.00000000000044
Mean: 40.20000000000035 min: 0.9999999999999999 max: 50.00000000000044
Mean: 35.51000000000031 min: 0.9999999999999999 max: 50.00000000000044
Mean: 25.830000000000222 min: 0.8999999999999999 max: 50.00000000000044
Mean: 45.1000000000004 min: 0.9999999999999999 max: 50.00000000000044
Mean: 35.290000000000305 min: 0.8999999999999999 max: 50.00000000000044
Mean: 38.19000000000031 min: 4.799999999999999 max: 50.00000000000044
Mean: 31.490000000000265 min: 0.8999999999999999 max: 50.00000000000044
Mean: 37.29000000000031 min: 0.9999999999999999 max: 50.00000000000044
Mean: 13.660000000000082 min: 0.7999999999999999 max: 50.00000000000044
Mean: 25.640000000000192 min: 0.8999999999999999 max: 50.00000000000044
Mean: 21.640000000000178 min: 1.0999999999999999 max: 50.00000000000044
Mean: 26.670000000000194 min: 0.9999999999999999 max: 50.00000000000044
Mean: 35.95000000000031 min: 0.9999999999999999 max: 50.00000000000044
Mean: 23.110000000000174 min: 1.3 max: 50.00000000000044
Mean: 37.23000000000031 min: 0.9999999999999999 max: 50.00000000000044
Mean: 24.090000000000185 min: 0.7999999999999999 max: 50.00000000000044
Mean: 28.30000000000021 min: 0.8999999999999999 max: 50.00000000000044
Mean: 31.72000000000026 min: 0.9999999999999999 max: 50.00000000000044
Mean: 36.140000000000306 min: 1.5000000000000002 max: 50.00000000000044
Mean: 36.210000000000306 min: 2.0000000000000004 max: 50.00000000000044
Mean: 13.420000000000083 min: 0.9999999999999999 max: 50.00000000000044
Mean: 40.570000000000356 min: 0.7999999999999999 max: 50.00000000000044
Mean: 39.19000000000033 min: 0.9999999999999999 max: 50.00000000000044
Mean: 26.24000000000022 min: 0.7999999999999999 max: 50.00000000000044
Mean: 47.1200000000004 min: 21.20000000000003 max: 50.00000000000044
Mean: 42.10000000000035 min: 3.600000000000002 max: 50.00000000000044
Mean: 36.680000000000305 min: 0.9999999999999999 max: 50.00000000000044
Mean: 46.0300000000004 min: 10.29999999999998 max: 50.00000000000044
Mean: 25.630000000000223 min: 0.8999999999999999 max: 50.00000000000044
Mean: 28.670000000000215 min: 1.4000000000000001 max: 50.00000000000044
Mean: 30.89000000000027 min: 1.6000000000000003 max: 50.00000000000044
Mean: 17.71000000000013 min: 0.8999999999999999 max: 50.00000000000044
Mean: 35.430000000000305 min: 0.9999999999999999 max: 50.00000000000044
Mean: 30.670000000000233 min: 0.7999999999999999 max: 50.00000000000044
Mean: 45.2000000000004 min: 2.0000000000000004 max: 50.00000000000044
Mean: 45.3500000000004 min: 3.5000000000000018 max: 50.00000000000044
Mean: 30.710000000000264 min: 0.8999999999999999 max: 50.00000000000044
Mean: 36.6600000000003 min: 1.7000000000000004 max: 50.00000000000044
Mean: 45.300000000000395 min: 3.0000000000000013 max: 50.00000000000044
Mean: 35.39000000000026 min: 2.0000000000000004 max: 50.00000000000044
Mean: 45.550000000000395 min: 5.4999999999999964 max: 50.00000000000044
Mean: 35.29000000000031 min: 0.8999999999999999 max: 50.00000000000044
Mean: 45.2800000000004 min: 2.800000000000001 max: 50.00000000000044
Mean: 45.3600000000004 min: 3.600000000000002 max: 50.00000000000044
Mean: 28.200000000000166 min: 5.099999999999998 max: 50.00000000000044
Mean: 40.530000000000314 min: 13.299999999999969 max: 50.00000000000044
Mean: 37.65000000000032 min: 0.9999999999999999 max: 50.00000000000044
Mean: 36.94000000000031 min: 1.0999999999999999 max: 50.00000000000044
Mean: 45.080000000000396 min: 0.7999999999999999 max: 50.00000000000044
Mean: 45.3600000000004 min: 3.600000000000002 max: 50.00000000000044
Mean: 40.19000000000035 min: 0.8999999999999999 max: 50.00000000000044
Mean: 35.37000000000031 min: 0.9999999999999999 max: 50.00000000000044
Mean: 36.640000000000306 min: 0.9999999999999999 max: 50.00000000000044
Mean: 46.9100000000004 min: 19.1 max: 50.00000000000044
Mean: 38.32000000000031 min: 0.8999999999999999 max: 50.00000000000044
Mean: 35.30000000000031 min: 0.8999999999999999 max: 50.00000000000044
Mean: 30.990000000000265 min: 0.8999999999999999 max: 50.00000000000044
Mean: 30.390000000000263 min: 0.7999999999999999 max: 50.00000000000044
Mean: 35.33000000000031 min: 0.8999999999999999 max: 50.00000000000044
Mean: 42.81000000000036 min: 4.100000000000001 max: 50.00000000000044
Mean: 45.1000000000004 min: 0.9999999999999999 max: 50.00000000000044
Mean: 27.600000000000215 min: 0.8999999999999999 max: 50.00000000000044
Mean: 28.080000000000233 min: 0.7999999999999999 max: 50.00000000000044
Mean: 42.54000000000036 min: 0.9999999999999999 max: 50.00000000000044
Mean: 35.36000000000031 min: 0.8999999999999999 max: 50.00000000000044
Mean: 40.20000000000035 min: 0.9999999999999999 max: 50.00000000000044
Mean: 40.51000000000035 min: 0.7999999999999999 max: 50.00000000000044
Mean: 46.270000000000394 min: 12.69999999999997 max: 50.00000000000044
Mean: 50.00000000000044 min: 50.00000000000044 max: 50.00000000000044
Mean: 45.1800000000004 min: 1.8000000000000005 max: 50.00000000000044
Mean: 37.500000000000306 min: 0.8999999999999999 max: 50.00000000000044
Mean: 39.33000000000031 min: 0.8999999999999999 max: 50.00000000000044
Mean: 23.160000000000174 min: 0.9999999999999999 max: 50.00000000000044
Mean: 30.440000000000218 min: 0.8999999999999999 max: 50.00000000000044
Mean: 45.080000000000396 min: 0.7999999999999999 max: 50.00000000000044
Mean: 45.1100000000004 min: 1.0999999999999999 max: 50.00000000000044
Mean: 36.1300000000003 min: 0.9999999999999999 max: 50.00000000000044
Mean: 36.890000000000306 min: 0.8999999999999999 max: 50.00000000000044
Mean: 35.91000000000031 min: 1.8000000000000005 max: 50.00000000000044
Mean: 38.820000000000306 min: 2.500000000000001 max: 50.00000000000044
Mean: 49.01000000000043 min: 40.1000000000003 max: 50.00000000000044
Mean: 40.930000000000355 min: 0.7999999999999999 max: 50.00000000000044
Mean: 40.18000000000035 min: 0.8999999999999999 max: 50.00000000000044
Mean: 50.00000000000044 min: 50.00000000000044 max: 50.00000000000044
Mean: 33.79000000000028 min: 0.8999999999999999 max: 50.00000000000044
Mean: 35.2800000000003 min: 0.8999999999999999 max: 50.00000000000044
Mean: 45.080000000000396 min: 0.7999999999999999 max: 50.00000000000044
Mean: 35.950000000000315 min: 0.7999999999999999 max: 50.00000000000044
Mean: 35.570000000000306 min: 0.8999999999999999 max: 50.00000000000044
Mean: 40.19000000000035 min: 0.8999999999999999 max: 50.00000000000044
Mean: 28.74000000000022 min: 0.7999999999999999 max: 50.00000000000044
Mean: 35.00000000000029 min: 3.4000000000000017 max: 50.00000000000044
Mean: 45.1000000000004 min: 0.9999999999999999 max: 50.00000000000044
Mean: 30.83000000000026 min: 0.7999999999999999 max: 50.00000000000044
Mean: 40.41000000000035 min: 0.9999999999999999 max: 50.00000000000044
Mean: 40.17000000000036 min: 0.7999999999999999 max: 50.00000000000044
Mean: 43.09000000000037 min: 0.8999999999999999 max: 50.00000000000044
Mean: 28.160000000000224 min: 0.9999999999999999 max: 50.00000000000044
Mean: 38.56000000000031 min: 1.0999999999999999 max: 50.00000000000044
Mean: 45.1100000000004 min: 1.0999999999999999 max: 50.00000000000044
Mean: 42.530000000000356 min: 4.6 max: 50.00000000000044
Mean: 35.26000000000031 min: 0.7999999999999999 max: 50.00000000000044
Mean: 37.50000000000031 min: 0.8999999999999999 max: 50.00000000000044
Mean: 45.7300000000004 min: 7.29999999999999 max: 50.00000000000044
Mean: 37.53000000000032 min: 0.7999999999999999 max: 50.00000000000044
Mean: 32.390000000000256 min: 0.9999999999999999 max: 50.00000000000044
Mean: 40.710000000000356 min: 0.8999999999999999 max: 50.00000000000044
Mean: 36.170000000000314 min: 0.7999999999999999 max: 50.00000000000044
Mean: 37.4100000000003 min: 0.9999999999999999 max: 50.00000000000044
Mean: 27.31000000000022 min: 0.8999999999999999 max: 50.00000000000044
Mean: 34.87000000000028 min: 1.2 max: 50.00000000000044
Mean: 40.750000000000355 min: 1.5000000000000002 max: 50.00000000000044
Mean: 37.27000000000031 min: 0.9999999999999999 max: 50.00000000000044
Mean: 45.1000000000004 min: 0.9999999999999999 max: 50.00000000000044
Mean: 33.93000000000026 min: 0.9999999999999999 max: 50.00000000000044
Mean: 45.090000000000394 min: 0.8999999999999999 max: 50.00000000000044
Mean: 36.650000000000304 min: 0.8999999999999999 max: 50.00000000000044
Mean: 42.39000000000036 min: 0.9999999999999999 max: 50.00000000000044
Mean: 42.320000000000356 min: 3.1000000000000014 max: 50.00000000000044
Mean: 40.20000000000035 min: 0.9999999999999999 max: 50.00000000000044
Mean: 38.0600000000003 min: 0.9999999999999999 max: 50.00000000000044
Mean: 50.00000000000044 min: 50.00000000000044 max: 50.00000000000044
Mean: 31.050000000000267 min: 0.9999999999999999 max: 50.00000000000044
Mean: 40.210000000000356 min: 0.9999999999999999 max: 50.00000000000044
Mean: 45.1000000000004 min: 0.9999999999999999 max: 50.00000000000044
Mean: 37.61000000000031 min: 0.7999999999999999 max: 50.00000000000044
Mean: 40.210000000000356 min: 0.9999999999999999 max: 50.00000000000044
Mean: 35.30000000000031 min: 0.8999999999999999 max: 50.00000000000044
Mean: 45.1000000000004 min: 0.9999999999999999 max: 50.00000000000044
Mean: 42.56000000000036 min: 0.9999999999999999 max: 50.00000000000044
Mean: 45.5300000000004 min: 5.299999999999997 max: 50.00000000000044
Mean: 20.53000000000018 min: 0.7999999999999999 max: 50.00000000000044
Mean: 40.26000000000035 min: 0.8999999999999999 max: 50.00000000000044
Mean: 26.100000000000215 min: 0.7999999999999999 max: 50.00000000000044
Mean: 31.850000000000232 min: 0.8999999999999999 max: 50.00000000000044
Mean: 35.29000000000031 min: 0.8999999999999999 max: 50.00000000000044
Mean: 35.75000000000031 min: 0.8999999999999999 max: 50.00000000000044
Mean: 45.1000000000004 min: 0.9999999999999999 max: 50.00000000000044
Mean: 45.1000000000004 min: 0.9999999999999999 max: 50.00000000000044
Mean: 32.33000000000027 min: 0.8999999999999999 max: 50.00000000000044
Mean: 25.780000000000218 min: 0.8999999999999999 max: 50.00000000000044
Mean: 40.52000000000036 min: 0.9999999999999999 max: 50.00000000000044
Mean: 42.01000000000035 min: 0.7999999999999999 max: 50.00000000000044
Mean: 25.480000000000217 min: 0.8999999999999999 max: 50.00000000000044
Mean: 35.26000000000031 min: 0.7999999999999999 max: 50.00000000000044
Mean: 31.33000000000026 min: 0.9999999999999999 max: 50.00000000000044
Mean: 35.39000000000026 min: 0.8999999999999999 max: 50.00000000000044
Mean: 35.34000000000031 min: 0.8999999999999999 max: 50.00000000000044
Mean: 30.90000000000026 min: 0.9999999999999999 max: 50.00000000000044
Mean: 30.670000000000265 min: 0.7999999999999999 max: 50.00000000000044
Mean: 40.390000000000356 min: 1.7000000000000004 max: 50.00000000000044
Mean: 25.890000000000214 min: 0.8999999999999999 max: 50.00000000000044
Mean: 36.4700000000003 min: 0.8999999999999999 max: 50.00000000000044
Mean: 40.60000000000035 min: 0.9999999999999999 max: 50.00000000000044
Mean: 21.270000000000177 min: 0.8999999999999999 max: 50.00000000000044
Mean: 40.20000000000035 min: 0.9999999999999999 max: 50.00000000000044
Mean: 45.090000000000394 min: 0.8999999999999999 max: 50.00000000000044
Mean: 40.19000000000035 min: 0.8999999999999999 max: 50.00000000000044
Mean: 35.29000000000031 min: 0.8999999999999999 max: 50.00000000000044
Mean: 35.58000000000031 min: 0.8999999999999999 max: 50.00000000000044
Mean: 35.400000000000304 min: 0.8999999999999999 max: 50.00000000000044
Mean: 36.20000000000031 min: 0.9999999999999999 max: 50.00000000000044
Mean: 35.83000000000031 min: 0.8999999999999999 max: 50.00000000000044
Mean: 17.550000000000132 min: 0.8999999999999999 max: 50.00000000000044
Mean: 25.480000000000217 min: 0.8999999999999999 max: 50.00000000000044
Mean: 30.01000000000021 min: 0.8999999999999999 max: 50.00000000000044
Mean: 27.880000000000216 min: 0.9999999999999999 max: 50.00000000000044
Mean: 14.630000000000084 min: 0.9999999999999999 max: 50.00000000000044
Mean: 32.600000000000264 min: 2.800000000000001 max: 50.00000000000044
Mean: 36.09000000000031 min: 1.7000000000000004 max: 50.00000000000044
Mean: 26.770000000000216 min: 0.8999999999999999 max: 50.00000000000044
Mean: 26.900000000000215 min: 0.7999999999999999 max: 50.00000000000044
Mean: 33.51000000000027 min: 0.8999999999999999 max: 50.00000000000044
Mean: 33.32000000000027 min: 0.8999999999999999 max: 50.00000000000044
Mean: 41.77000000000035 min: 0.9999999999999999 max: 50.00000000000044
Mean: 41.10000000000035 min: 3.600000000000002 max: 50.00000000000044
Mean: 27.0500000000002 min: 0.7999999999999999 max: 50.00000000000044
Mean: 41.74000000000035 min: 1.3 max: 50.00000000000044
Mean: 45.9200000000004 min: 9.199999999999983 max: 50.00000000000044
Mean: 31.290000000000266 min: 0.8999999999999999 max: 50.00000000000044
Mean: 27.840000000000213 min: 0.9999999999999999 max: 50.00000000000044
Mean: 40.58000000000034 min: 0.9999999999999999 max: 50.00000000000044
Mean: 44.33000000000038 min: 3.700000000000002 max: 50.00000000000044
Mean: 44.58000000000037 min: 16.29999999999996 max: 50.00000000000044
Mean: 35.21000000000029 min: 0.9999999999999999 max: 50.00000000000044
Mean: 30.390000000000263 min: 0.8999999999999999 max: 50.00000000000044
Mean: 33.60000000000025 min: 6.299999999999994 max: 50.00000000000044
Mean: 47.68000000000041 min: 40.90000000000031 max: 50.00000000000044
Mean: 39.690000000000346 min: 0.7999999999999999 max: 50.00000000000044
Mean: 47.600000000000406 min: 39.50000000000029 max: 50.00000000000044
Mean: 33.720000000000255 min: 2.2000000000000006 max: 50.00000000000044
Mean: 41.82000000000035 min: 0.9999999999999999 max: 50.00000000000044
Mean: 29.660000000000206 min: 0.8999999999999999 max: 50.00000000000044
Mean: 45.91000000000038 min: 30.800000000000168 max: 50.00000000000044
Mean: 40.95000000000035 min: 0.8999999999999999 max: 50.00000000000044
Mean: 47.65000000000041 min: 39.000000000000284 max: 50.00000000000044
Mean: 31.060000000000247 min: 1.2 max: 50.00000000000044
Mean: 34.95000000000028 min: 0.8999999999999999 max: 50.00000000000044
Mean: 40.59000000000033 min: 4.799999999999999 max: 50.00000000000044
Mean: 31.45000000000025 min: 0.8999999999999999 max: 50.00000000000044
