Mean: 0.95 min: 0.8999999999999999 max: 0.9999999999999999
Mean: 0.9399999999999998 min: 0.7999999999999999 max: 0.9999999999999999
Mean: 0.9799999999999999 min: 0.8999999999999999 max: 0.9999999999999999
Mean: 0.9099999999999999 min: 0.7999999999999999 max: 0.9999999999999999
Mean: 1.0899999999999999 min: 0.8999999999999999 max: 2.3000000000000007
Mean: 2.17 min: 0.7999999999999999 max: 5.4999999999999964
Mean: 2.5500000000000007 min: 0.7999999999999999 max: 3.5000000000000018
Mean: 3.3600000000000008 min: 2.2000000000000006 max: 5.299999999999997
Mean: 4.229999999999998 min: 0.8999999999999999 max: 11.799999999999974
Mean: 3.3500000000000005 min: 2.0000000000000004 max: 4.899999999999999
Mean: 4.369999999999998 min: 2.400000000000001 max: 11.299999999999976
Mean: 2.9099999999999997 min: 0.9999999999999999 max: 5.399999999999997
Mean: 2.9900000000000007 min: 0.8999999999999999 max: 5.299999999999997
Mean: 3.12 min: 0.9999999999999999 max: 5.999999999999995
Mean: 3.279999999999999 min: 0.8999999999999999 max: 6.099999999999994
Mean: 3.389999999999997 min: 0.7999999999999999 max: 10.499999999999979
Mean: 4.339999999999998 min: 0.9999999999999999 max: 9.799999999999981
Mean: 2.8000000000000016 min: 2.1000000000000005 max: 4.000000000000002
Mean: 3.3600000000000003 min: 0.8999999999999999 max: 5.899999999999995
Mean: 3.4499999999999984 min: 1.9000000000000006 max: 7.099999999999991
Mean: 3.250000000000001 min: 2.1000000000000005 max: 4.6
Mean: 3.53 min: 2.1000000000000005 max: 7.19999999999999
Mean: 3.4499999999999993 min: 0.8999999999999999 max: 9.199999999999983
Mean: 3.319999999999999 min: 0.8999999999999999 max: 7.899999999999988
Mean: 3.55 min: 2.2000000000000006 max: 5.399999999999997
Mean: 3.15 min: 0.8999999999999999 max: 6.8999999999999915
Mean: 4.3299999999999965 min: 0.7999999999999999 max: 9.399999999999983
Mean: 3.539999999999999 min: 0.8999999999999999 max: 7.19999999999999
Mean: 3.5499999999999994 min: 2.1000000000000005 max: 7.499999999999989
Mean: 2.750000000000001 min: 0.9999999999999999 max: 4.699999999999999
Mean: 2.0200000000000005 min: 0.7999999999999999 max: 3.4000000000000017
Mean: 2.4600000000000004 min: 0.9999999999999999 max: 4.5
Mean: 1.8199999999999998 min: 0.8999999999999999 max: 5.699999999999996
Mean: 2.1700000000000004 min: 0.8999999999999999 max: 4.899999999999999
Mean: 1.95 min: 0.7999999999999999 max: 5.1999999999999975
Mean: 3.259999999999998 min: 0.8999999999999999 max: 9.599999999999982
Mean: 2.8400000000000007 min: 0.8999999999999999 max: 5.299999999999997
Mean: 3.9599999999999986 min: 0.9999999999999999 max: 6.399999999999993
Mean: 3.4899999999999975 min: 0.7999999999999999 max: 11.999999999999973
Mean: 5.759999999999996 min: 3.2000000000000015 max: 17.099999999999973
Mean: 6.289999999999994 min: 3.0000000000000013 max: 11.099999999999977
Mean: 3.430000000000001 min: 2.0000000000000004 max: 5.699999999999996
Mean: 5.519999999999994 min: 2.400000000000001 max: 12.399999999999972
Mean: 5.859999999999992 min: 0.9999999999999999 max: 11.399999999999975
Mean: 5.499999999999995 min: 2.2000000000000006 max: 9.299999999999983
Mean: 2.8400000000000003 min: 1.0999999999999999 max: 6.099999999999994
Mean: 5.159999999999995 min: 1.8000000000000005 max: 9.299999999999983
Mean: 5.949999999999991 min: 0.9999999999999999 max: 10.599999999999978
Mean: 5.729999999999994 min: 2.0000000000000004 max: 9.299999999999983
Mean: 3.1799999999999984 min: 0.8999999999999999 max: 8.299999999999986
Mean: 6.279999999999992 min: 2.500000000000001 max: 11.699999999999974
Mean: 7.039999999999988 min: 0.7999999999999999 max: 14.399999999999965
Mean: 11.169999999999979 min: 0.9999999999999999 max: 18.699999999999996
Mean: 11.449999999999978 min: 0.8999999999999999 max: 17.59999999999998
Mean: 11.239999999999984 min: 4.4 max: 19.300000000000004
Mean: 11.739999999999975 min: 8.699999999999985 max: 14.899999999999963
Mean: 9.109999999999982 min: 0.8999999999999999 max: 14.999999999999963
Mean: 13.109999999999975 min: 0.9999999999999999 max: 18.39999999999999
Mean: 13.849999999999971 min: 9.199999999999983 max: 17.999999999999986
Mean: 14.029999999999978 min: 0.9999999999999999 max: 23.800000000000068
Mean: 18.00000000000001 min: 2.9000000000000012 max: 29.60000000000015
Mean: 20.540000000000028 min: 14.599999999999964 max: 31.900000000000183
Mean: 18.070000000000014 min: 1.4000000000000001 max: 24.500000000000078
Mean: 20.940000000000033 min: 15.099999999999962 max: 29.50000000000015
Mean: 18.289999999999992 min: 14.999999999999963 max: 22.40000000000005
Mean: 24.230000000000075 min: 15.69999999999996 max: 31.400000000000176
Mean: 17.210000000000015 min: 6.699999999999992 max: 31.00000000000017
Mean: 21.450000000000063 min: 0.8999999999999999 max: 33.70000000000021
Mean: 15.28000000000001 min: 0.7999999999999999 max: 27.40000000000012
Mean: 21.350000000000037 min: 12.79999999999997 max: 30.500000000000163
Mean: 20.09000000000002 min: 13.799999999999967 max: 24.400000000000077
Mean: 19.56000000000001 min: 16.29999999999996 max: 26.1000000000001
Mean: 20.650000000000098 min: 0.7999999999999999 max: 50.00000000000044
Mean: 45.1000000000004 min: 0.9999999999999999 max: 50.00000000000044
Mean: 50.00000000000044 min: 50.00000000000044 max: 50.00000000000044
Mean: 37.43000000000031 min: 0.9999999999999999 max: 50.00000000000044
Mean: 40.210000000000356 min: 0.9999999999999999 max: 50.00000000000044
Mean: 41.030000000000356 min: 3.600000000000002 max: 50.00000000000044
Mean: 45.080000000000396 min: 0.7999999999999999 max: 50.00000000000044
Mean: 50.00000000000044 min: 50.00000000000044 max: 50.00000000000044
Mean: 50.00000000000044 min: 50.00000000000044 max: 50.00000000000044
Mean: 45.760000000000396 min: 7.599999999999989 max: 50.00000000000044
Mean: 50.00000000000044 min: 50.00000000000044 max: 50.00000000000044
Mean: 40.16000000000035 min: 0.7999999999999999 max: 50.00000000000044
Mean: 45.090000000000394 min: 0.8999999999999999 max: 50.00000000000044
Mean: 43.04000000000036 min: 5.4999999999999964 max: 50.00000000000044
Mean: 50.00000000000044 min: 50.00000000000044 max: 50.00000000000044
Mean: 50.00000000000044 min: 50.00000000000044 max: 50.00000000000044
Mean: 50.00000000000044 min: 50.00000000000044 max: 50.00000000000044
Mean: 45.090000000000394 min: 0.8999999999999999 max: 50.00000000000044
Mean: 50.00000000000044 min: 50.00000000000044 max: 50.00000000000044
Mean: 45.080000000000396 min: 0.7999999999999999 max: 50.00000000000044
Mean: 45.1000000000004 min: 0.9999999999999999 max: 50.00000000000044
Mean: 40.470000000000354 min: 0.9999999999999999 max: 50.00000000000044
Mean: 50.00000000000044 min: 50.00000000000044 max: 50.00000000000044
Mean: 41.200000000000344 min: 1.9000000000000006 max: 50.00000000000044
Mean: 50.00000000000044 min: 50.00000000000044 max: 50.00000000000044
