Mean: 9.8 min: 8.0 max: 11.0
Mean: 13.533333333333333 min: 8.0 max: 76.0
Mean: 43.0 min: 8.0 max: 266.0
Mean: 98.6 min: 9.0 max: 230.0
Mean: 171.36666666666667 min: 11.0 max: 500.0
Mean: 227.46666666666667 min: 69.0 max: 500.0
Mean: 350.23333333333335 min: 68.0 max: 500.0
Mean: 413.46666666666664 min: 69.0 max: 500.0
Mean: 429.2 min: 144.0 max: 500.0
Mean: 456.56666666666666 min: 76.0 max: 500.0
Mean: 451.8333333333333 min: 92.0 max: 500.0
Mean: 500.0 min: 500.0 max: 500.0
Mean: 500.0 min: 500.0 max: 500.0
Mean: 494.4 min: 444.0 max: 500.0
Mean: 500.0 min: 500.0 max: 500.0
Mean: 500.0 min: 500.0 max: 500.0
Mean: 498.93333333333334 min: 468.0 max: 500.0
Mean: 500.0 min: 500.0 max: 500.0
Mean: 498.6 min: 458.0 max: 500.0
Mean: 500.0 min: 500.0 max: 500.0
Mean: 500.0 min: 500.0 max: 500.0
Mean: 500.0 min: 500.0 max: 500.0
Mean: 500.0 min: 500.0 max: 500.0
Mean: 500.0 min: 500.0 max: 500.0
Mean: 500.0 min: 500.0 max: 500.0
