Mean: 31.3 min: 8.0 max: 200.0
Mean: 67.3 min: 9.0 max: 167.0
Mean: 141.5 min: 51.0 max: 207.0
Mean: 167.8 min: 42.0 max: 292.0
Mean: 150.3 min: 128.0 max: 182.0
Mean: 207.6 min: 181.0 max: 253.0
Mean: 187.7 min: 120.0 max: 222.0
Mean: 168.1 min: 128.0 max: 210.0
Mean: 157.4 min: 116.0 max: 179.0
Mean: 145.2 min: 9.0 max: 293.0
Mean: 203.4 min: 169.0 max: 233.0
Mean: 216.3 min: 142.0 max: 287.0
Mean: 204.7 min: 148.0 max: 360.0
Mean: 163.9 min: 139.0 max: 190.0
Mean: 177.3 min: 132.0 max: 249.0
Mean: 187.0 min: 161.0 max: 206.0
Mean: 189.6 min: 14.0 max: 370.0
Mean: 251.3 min: 127.0 max: 500.0
Mean: 364.1 min: 94.0 max: 500.0
Mean: 333.2 min: 156.0 max: 500.0
Mean: 359.2 min: 211.0 max: 500.0
Mean: 417.2 min: 228.0 max: 500.0
Mean: 434.6 min: 242.0 max: 500.0
Mean: 434.5 min: 320.0 max: 500.0
Mean: 500.0 min: 500.0 max: 500.0
