Mean: 21.7 min: 8.0 max: 269.0
Mean: 82.5 min: 9.0 max: 216.0
Mean: 137.03333333333333 min: 9.0 max: 500.0
Mean: 186.26666666666668 min: 10.0 max: 500.0
Mean: 211.33333333333334 min: 46.0 max: 500.0
Mean: 330.1333333333333 min: 117.0 max: 500.0
Mean: 372.5 min: 135.0 max: 500.0
Mean: 419.8 min: 106.0 max: 500.0
Mean: 441.23333333333335 min: 202.0 max: 500.0
Mean: 465.93333333333334 min: 189.0 max: 500.0
Mean: 500.0 min: 500.0 max: 500.0
Mean: 500.0 min: 500.0 max: 500.0
Mean: 496.8 min: 463.0 max: 500.0
Mean: 498.6 min: 482.0 max: 500.0
Mean: 489.46666666666664 min: 342.0 max: 500.0
Mean: 492.8666666666667 min: 393.0 max: 500.0
Mean: 500.0 min: 500.0 max: 500.0
Mean: 499.46666666666664 min: 492.0 max: 500.0
Mean: 500.0 min: 500.0 max: 500.0
Mean: 498.1333333333333 min: 444.0 max: 500.0
Mean: 470.6333333333333 min: 402.0 max: 500.0
Mean: 500.0 min: 500.0 max: 500.0
Mean: 500.0 min: 500.0 max: 500.0
Mean: 500.0 min: 500.0 max: 500.0
Mean: 494.6666666666667 min: 340.0 max: 500.0
