Mean: 23.42 min: 8.0 max: 160.0
Mean: 34.9 min: 8.0 max: 200.0
Mean: 107.7 min: 8.0 max: 500.0
Mean: 136.76 min: 8.0 max: 500.0
Mean: 246.38 min: 10.0 max: 500.0
Mean: 382.78 min: 53.0 max: 500.0
Mean: 398.62 min: 9.0 max: 500.0
Mean: 409.96 min: 50.0 max: 500.0
Mean: 437.32 min: 87.0 max: 500.0
Mean: 423.46 min: 295.0 max: 500.0
Mean: 410.84 min: 49.0 max: 500.0
Mean: 429.88 min: 304.0 max: 500.0
Mean: 431.64 min: 265.0 max: 500.0
Mean: 453.64 min: 246.0 max: 500.0
Mean: 461.88 min: 254.0 max: 500.0
Mean: 481.94 min: 263.0 max: 500.0
Mean: 492.18 min: 324.0 max: 500.0
Mean: 439.1 min: 8.0 max: 500.0
Mean: 489.74 min: 262.0 max: 500.0
Mean: 482.86 min: 276.0 max: 500.0
Mean: 484.94 min: 169.0 max: 500.0
Mean: 493.94 min: 370.0 max: 500.0
Mean: 496.94 min: 347.0 max: 500.0
Mean: 499.98 min: 499.0 max: 500.0
Mean: 500.0 min: 500.0 max: 500.0
