Mean: 13.84 min: 8.0 max: 55.0
Mean: 27.46 min: 8.0 max: 130.0
Mean: 54.62 min: 9.0 max: 185.0
Mean: 108.08 min: 9.0 max: 500.0
Mean: 135.18 min: 22.0 max: 500.0
Mean: 273.48 min: 11.0 max: 500.0
Mean: 396.46 min: 80.0 max: 500.0
Mean: 463.64 min: 133.0 max: 500.0
Mean: 493.5 min: 247.0 max: 500.0
Mean: 499.96 min: 498.0 max: 500.0
Mean: 500.0 min: 500.0 max: 500.0
Mean: 500.0 min: 500.0 max: 500.0
Mean: 500.0 min: 500.0 max: 500.0
Mean: 497.62 min: 381.0 max: 500.0
Mean: 500.0 min: 500.0 max: 500.0
Mean: 496.6 min: 330.0 max: 500.0
Mean: 500.0 min: 500.0 max: 500.0
Mean: 498.56 min: 464.0 max: 500.0
Mean: 492.52 min: 294.0 max: 500.0
Mean: 500.0 min: 500.0 max: 500.0
Mean: 500.0 min: 500.0 max: 500.0
Mean: 500.0 min: 500.0 max: 500.0
Mean: 492.26 min: 379.0 max: 500.0
Mean: 496.44 min: 322.0 max: 500.0
Mean: 499.4 min: 485.0 max: 500.0
