Mean: 1.4199999999999997 min: 0.7999999999999999 max: 5.1999999999999975
Mean: 2.869999999999998 min: 0.8999999999999999 max: 9.099999999999984
Mean: 3.979999999999996 min: 0.8999999999999999 max: 10.29999999999998
Mean: 6.489999999999993 min: 0.8999999999999999 max: 18.799999999999997
Mean: 10.18 min: 0.8999999999999999 max: 22.200000000000045
Mean: 18.710000000000054 min: 0.8999999999999999 max: 50.00000000000044
Mean: 26.630000000000148 min: 0.9999999999999999 max: 50.00000000000044
Mean: 43.52000000000038 min: 0.9999999999999999 max: 50.00000000000044
Mean: 29.790000000000255 min: 0.8999999999999999 max: 50.00000000000044
Mean: 45.1000000000004 min: 0.9999999999999999 max: 50.00000000000044
Mean: 29.620000000000232 min: 0.7999999999999999 max: 50.00000000000044
Mean: 35.28000000000031 min: 0.7999999999999999 max: 50.00000000000044
Mean: 32.20000000000026 min: 0.8999999999999999 max: 50.00000000000044
Mean: 32.93000000000025 min: 5.299999999999997 max: 50.00000000000044
Mean: 24.69000000000018 min: 0.7999999999999999 max: 50.00000000000044
Mean: 27.730000000000224 min: 0.8999999999999999 max: 50.00000000000044
Mean: 39.15000000000032 min: 0.7999999999999999 max: 50.00000000000044
Mean: 28.630000000000212 min: 0.9999999999999999 max: 50.00000000000044
Mean: 31.91000000000026 min: 0.9999999999999999 max: 50.00000000000044
Mean: 13.560000000000082 min: 0.7999999999999999 max: 50.00000000000044
Mean: 30.32000000000025 min: 0.8999999999999999 max: 50.00000000000044
Mean: 20.100000000000144 min: 0.7999999999999999 max: 50.00000000000044
Mean: 25.210000000000218 min: 0.9999999999999999 max: 50.00000000000044
