Mean: 0.9299999999999999 min: 0.7999999999999999 max: 0.9999999999999999
Mean: 1.08 min: 0.7999999999999999 max: 2.2000000000000006
Mean: 1.4700000000000002 min: 0.7999999999999999 max: 3.1000000000000014
Mean: 1.7200000000000002 min: 0.7999999999999999 max: 3.1000000000000014
Mean: 4.559999999999994 min: 0.9999999999999999 max: 11.699999999999974
Mean: 4.999999999999995 min: 0.8999999999999999 max: 10.799999999999978
Mean: 4.569999999999995 min: 0.9999999999999999 max: 13.199999999999969
Mean: 13.840000000000018 min: 0.8999999999999999 max: 42.30000000000033
Mean: 17.980000000000064 min: 0.7999999999999999 max: 50.00000000000044
Mean: 21.980000000000167 min: 0.8999999999999999 max: 50.00000000000044
Mean: 22.70000000000018 min: 0.8999999999999999 max: 50.00000000000044
Mean: 23.67000000000018 min: 0.8999999999999999 max: 50.00000000000044
Mean: 30.780000000000268 min: 0.7999999999999999 max: 50.00000000000044
Mean: 18.62000000000013 min: 0.7999999999999999 max: 50.00000000000044
Mean: 17.320000000000128 min: 0.8999999999999999 max: 50.00000000000044
Mean: 33.99000000000028 min: 0.8999999999999999 max: 50.00000000000044
Mean: 27.56000000000022 min: 0.7999999999999999 max: 50.00000000000044
Mean: 8.680000000000039 min: 0.7999999999999999 max: 50.00000000000044
Mean: 16.320000000000082 min: 0.9999999999999999 max: 50.00000000000044
Mean: 16.9200000000001 min: 0.8999999999999999 max: 50.00000000000044
Mean: 21.910000000000167 min: 0.7999999999999999 max: 50.00000000000044
Mean: 15.420000000000126 min: 0.7999999999999999 max: 50.00000000000044
Mean: 29.900000000000222 min: 0.8999999999999999 max: 50.00000000000044
Mean: 29.700000000000223 min: 0.7999999999999999 max: 50.00000000000044
Mean: 27.700000000000223 min: 0.8999999999999999 max: 50.00000000000044
Mean: 21.790000000000177 min: 0.8999999999999999 max: 50.00000000000044
Mean: 32.940000000000275 min: 0.9999999999999999 max: 50.00000000000044
Mean: 37.58000000000029 min: 0.8999999999999999 max: 50.00000000000044
Mean: 23.46000000000017 min: 0.9999999999999999 max: 50.00000000000044
Mean: 30.820000000000267 min: 0.7999999999999999 max: 50.00000000000044
Mean: 27.130000000000216 min: 0.8999999999999999 max: 50.00000000000044
Mean: 28.26000000000022 min: 0.8999999999999999 max: 50.00000000000044
Mean: 27.950000000000216 min: 0.8999999999999999 max: 50.00000000000044
Mean: 16.600000000000133 min: 0.8999999999999999 max: 50.00000000000044
Mean: 22.260000000000172 min: 0.8999999999999999 max: 50.00000000000044
Mean: 22.690000000000175 min: 0.7999999999999999 max: 50.00000000000044
Mean: 30.610000000000262 min: 0.8999999999999999 max: 50.00000000000044
Mean: 30.710000000000264 min: 0.8999999999999999 max: 50.00000000000044
Mean: 35.400000000000304 min: 0.8999999999999999 max: 50.00000000000044
Mean: 45.1100000000004 min: 1.0999999999999999 max: 50.00000000000044
Mean: 26.180000000000224 min: 0.7999999999999999 max: 50.00000000000044
Mean: 36.74000000000031 min: 0.8999999999999999 max: 50.00000000000044
Mean: 33.48000000000026 min: 0.8999999999999999 max: 50.00000000000044
Mean: 16.120000000000125 min: 0.8999999999999999 max: 50.00000000000044
Mean: 24.720000000000184 min: 0.8999999999999999 max: 50.00000000000044
Mean: 20.56000000000018 min: 0.7999999999999999 max: 50.00000000000044
Mean: 31.14000000000026 min: 0.8999999999999999 max: 50.00000000000044
Mean: 23.840000000000195 min: 0.8999999999999999 max: 50.00000000000044
Mean: 31.570000000000267 min: 3.3000000000000016 max: 50.00000000000044
Mean: 35.28000000000031 min: 0.8999999999999999 max: 50.00000000000044
Mean: 25.77000000000022 min: 0.8999999999999999 max: 50.00000000000044
Mean: 45.1000000000004 min: 0.9999999999999999 max: 50.00000000000044
Mean: 25.97000000000022 min: 0.7999999999999999 max: 50.00000000000044
Mean: 13.380000000000084 min: 0.8999999999999999 max: 50.00000000000044
Mean: 23.140000000000178 min: 0.8999999999999999 max: 50.00000000000044
Mean: 15.900000000000134 min: 0.7999999999999999 max: 50.00000000000044
Mean: 40.19000000000035 min: 0.8999999999999999 max: 50.00000000000044
Mean: 23.780000000000186 min: 0.8999999999999999 max: 50.00000000000044
Mean: 27.690000000000218 min: 0.8999999999999999 max: 50.00000000000044
Mean: 25.690000000000218 min: 0.7999999999999999 max: 50.00000000000044
Mean: 40.680000000000355 min: 3.3000000000000016 max: 50.00000000000044
Mean: 31.390000000000253 min: 0.8999999999999999 max: 50.00000000000044
Mean: 31.65000000000026 min: 0.8999999999999999 max: 50.00000000000044
Mean: 29.840000000000224 min: 0.8999999999999999 max: 50.00000000000044
Mean: 24.050000000000193 min: 0.9999999999999999 max: 50.00000000000044
Mean: 30.32000000000024 min: 0.8999999999999999 max: 50.00000000000044
Mean: 21.22000000000016 min: 0.8999999999999999 max: 50.00000000000044
Mean: 11.860000000000088 min: 0.7999999999999999 max: 50.00000000000044
Mean: 33.18000000000027 min: 0.9999999999999999 max: 50.00000000000044
Mean: 28.140000000000224 min: 0.8999999999999999 max: 50.00000000000044
Mean: 35.29000000000031 min: 0.8999999999999999 max: 50.00000000000044
Mean: 24.3000000000002 min: 0.8999999999999999 max: 50.00000000000044
Mean: 22.190000000000175 min: 0.7999999999999999 max: 50.00000000000044
Mean: 27.700000000000223 min: 0.8999999999999999 max: 50.00000000000044
Mean: 8.75000000000006 min: 0.7999999999999999 max: 50.00000000000044
Mean: 22.500000000000178 min: 0.8999999999999999 max: 50.00000000000044
Mean: 30.370000000000267 min: 0.7999999999999999 max: 50.00000000000044
Mean: 31.900000000000254 min: 0.8999999999999999 max: 50.00000000000044
Mean: 37.86000000000031 min: 2.800000000000001 max: 50.00000000000044
Mean: 26.050000000000193 min: 0.8999999999999999 max: 50.00000000000044
Mean: 21.800000000000175 min: 0.7999999999999999 max: 50.00000000000044
Mean: 35.640000000000285 min: 0.8999999999999999 max: 50.00000000000044
Mean: 30.950000000000266 min: 0.7999999999999999 max: 50.00000000000044
Mean: 22.060000000000173 min: 0.8999999999999999 max: 50.00000000000044
Mean: 38.75000000000033 min: 2.0000000000000004 max: 50.00000000000044
Mean: 25.980000000000217 min: 0.7999999999999999 max: 50.00000000000044
Mean: 35.11000000000026 min: 1.2 max: 50.00000000000044
Mean: 14.390000000000082 min: 0.8999999999999999 max: 50.00000000000044
Mean: 39.40000000000031 min: 0.9999999999999999 max: 50.00000000000044
Mean: 30.380000000000262 min: 0.8999999999999999 max: 50.00000000000044
Mean: 27.100000000000215 min: 0.7999999999999999 max: 50.00000000000044
Mean: 27.05000000000022 min: 0.8999999999999999 max: 50.00000000000044
