Mean: 11.933333333333334 min: 8.0 max: 46.0
Mean: 27.833333333333332 min: 9.0 max: 90.0
Mean: 56.2 min: 9.0 max: 203.0
Mean: 100.26666666666667 min: 8.0 max: 468.0
Mean: 171.23333333333332 min: 9.0 max: 306.0
Mean: 244.33333333333334 min: 48.0 max: 323.0
Mean: 228.16666666666666 min: 10.0 max: 500.0
Mean: 208.86666666666667 min: 10.0 max: 500.0
Mean: 269.2 min: 64.0 max: 500.0
Mean: 307.1666666666667 min: 90.0 max: 500.0
Mean: 339.23333333333335 min: 131.0 max: 500.0
Mean: 392.8333333333333 min: 152.0 max: 500.0
Mean: 431.3 min: 213.0 max: 500.0
Mean: 449.93333333333334 min: 184.0 max: 500.0
Mean: 478.9 min: 178.0 max: 500.0
Mean: 500.0 min: 500.0 max: 500.0
Mean: 500.0 min: 500.0 max: 500.0
Mean: 500.0 min: 500.0 max: 500.0
Mean: 500.0 min: 500.0 max: 500.0
Mean: 500.0 min: 500.0 max: 500.0
Mean: 500.0 min: 500.0 max: 500.0
Mean: 500.0 min: 500.0 max: 500.0
Mean: 500.0 min: 500.0 max: 500.0
Mean: 500.0 min: 500.0 max: 500.0
Mean: 500.0 min: 500.0 max: 500.0
