Mean: 14.54 min: 8.0 max: 47.0
Mean: 23.04 min: 8.0 max: 91.0
Mean: 54.52 min: 8.0 max: 196.0
Mean: 98.84 min: 8.0 max: 500.0
Mean: 243.9 min: 10.0 max: 500.0
Mean: 266.44 min: 9.0 max: 500.0
Mean: 317.28 min: 9.0 max: 500.0
Mean: 408.28 min: 110.0 max: 500.0
Mean: 392.12 min: 126.0 max: 500.0
Mean: 356.42 min: 193.0 max: 500.0
Mean: 437.3 min: 256.0 max: 500.0
Mean: 396.44 min: 285.0 max: 500.0
Mean: 430.94 min: 298.0 max: 500.0
Mean: 439.12 min: 288.0 max: 500.0
Mean: 433.48 min: 125.0 max: 500.0
Mean: 417.64 min: 183.0 max: 500.0
Mean: 401.28 min: 279.0 max: 500.0
Mean: 444.92 min: 297.0 max: 500.0
Mean: 458.54 min: 191.0 max: 500.0
Mean: 460.74 min: 263.0 max: 500.0
Mean: 476.16 min: 268.0 max: 500.0
Mean: 482.3 min: 270.0 max: 500.0
Mean: 498.38 min: 473.0 max: 500.0
Mean: 500.0 min: 500.0 max: 500.0
Mean: 500.0 min: 500.0 max: 500.0
