Mean: 25.62 min: 8.0 max: 230.0
Mean: 89.5 min: 8.0 max: 338.0
Mean: 208.12 min: 8.0 max: 500.0
Mean: 307.02 min: 60.0 max: 500.0
Mean: 345.02 min: 35.0 max: 500.0
Mean: 458.4 min: 129.0 max: 500.0
Mean: 485.34 min: 214.0 max: 500.0
Mean: 492.16 min: 214.0 max: 500.0
Mean: 484.96 min: 220.0 max: 500.0
Mean: 496.72 min: 336.0 max: 500.0
Mean: 423.84 min: 339.0 max: 500.0
Mean: 458.0 min: 345.0 max: 500.0
Mean: 497.62 min: 463.0 max: 500.0
Mean: 460.48 min: 269.0 max: 500.0
Mean: 485.0 min: 323.0 max: 500.0
Mean: 473.28 min: 274.0 max: 500.0
Mean: 490.48 min: 334.0 max: 500.0
Mean: 480.58 min: 172.0 max: 500.0
Mean: 458.16 min: 122.0 max: 500.0
Mean: 486.5 min: 334.0 max: 500.0
Mean: 484.44 min: 424.0 max: 500.0
Mean: 478.5 min: 333.0 max: 500.0
Mean: 440.42 min: 275.0 max: 500.0
Mean: 440.7 min: 281.0 max: 500.0
Mean: 474.96 min: 325.0 max: 500.0
