Mean: 0.95 min: 0.8999999999999999 max: 0.9999999999999999
Mean: 2.739999999999996 min: 0.8999999999999999 max: 14.599999999999964
Mean: 7.22000000000004 min: 0.7999999999999999 max: 49.10000000000043
Mean: 16.020000000000053 min: 6.099999999999994 max: 41.70000000000032
Mean: 11.880000000000013 min: 0.8999999999999999 max: 36.40000000000025
Mean: 10.850000000000042 min: 0.7999999999999999 max: 50.00000000000044
Mean: 6.439999999999996 min: 0.8999999999999999 max: 21.00000000000003
Mean: 11.280000000000035 min: 0.7999999999999999 max: 50.00000000000044
Mean: 15.340000000000078 min: 0.8999999999999999 max: 50.00000000000044
Mean: 17.85000000000008 min: 0.8999999999999999 max: 50.00000000000044
Mean: 6.949999999999991 min: 0.8999999999999999 max: 19.200000000000003
Mean: 17.78000000000013 min: 0.8999999999999999 max: 50.00000000000044
Mean: 22.610000000000174 min: 0.8999999999999999 max: 50.00000000000044
Mean: 13.810000000000084 min: 0.8999999999999999 max: 50.00000000000044
Mean: 28.760000000000236 min: 0.9999999999999999 max: 50.00000000000044
Mean: 23.350000000000172 min: 1.0999999999999999 max: 50.00000000000044
Mean: 15.810000000000134 min: 0.8999999999999999 max: 50.00000000000044
Mean: 25.920000000000222 min: 0.8999999999999999 max: 50.00000000000044
Mean: 32.77000000000027 min: 0.8999999999999999 max: 50.00000000000044
Mean: 23.050000000000175 min: 0.8999999999999999 max: 50.00000000000044
Mean: 17.760000000000126 min: 0.8999999999999999 max: 50.00000000000044
Mean: 35.47000000000031 min: 0.8999999999999999 max: 50.00000000000044
Mean: 22.100000000000176 min: 0.7999999999999999 max: 50.00000000000044
Mean: 22.930000000000174 min: 0.8999999999999999 max: 50.00000000000044
Mean: 25.47000000000022 min: 0.8999999999999999 max: 50.00000000000044
Mean: 21.89000000000015 min: 0.9999999999999999 max: 50.00000000000044
Mean: 30.460000000000264 min: 0.7999999999999999 max: 50.00000000000044
Mean: 40.49000000000035 min: 0.9999999999999999 max: 50.00000000000044
Mean: 25.50000000000022 min: 0.8999999999999999 max: 50.00000000000044
Mean: 21.030000000000147 min: 0.7999999999999999 max: 50.00000000000044
Mean: 35.26000000000031 min: 0.7999999999999999 max: 50.00000000000044
Mean: 30.980000000000256 min: 0.8999999999999999 max: 50.00000000000044
Mean: 33.53000000000027 min: 0.8999999999999999 max: 50.00000000000044
Mean: 8.520000000000051 min: 0.7999999999999999 max: 50.00000000000044
Mean: 17.040000000000134 min: 0.7999999999999999 max: 50.00000000000044
Mean: 25.650000000000222 min: 0.8999999999999999 max: 50.00000000000044
Mean: 35.28000000000031 min: 0.8999999999999999 max: 50.00000000000044
Mean: 12.080000000000089 min: 0.8999999999999999 max: 50.00000000000044
Mean: 45.090000000000394 min: 0.8999999999999999 max: 50.00000000000044
Mean: 40.390000000000356 min: 0.8999999999999999 max: 50.00000000000044
Mean: 20.900000000000176 min: 0.7999999999999999 max: 50.00000000000044
Mean: 6.200000000000044 min: 0.7999999999999999 max: 50.00000000000044
Mean: 26.500000000000217 min: 0.8999999999999999 max: 50.00000000000044
Mean: 32.240000000000265 min: 0.9999999999999999 max: 50.00000000000044
Mean: 41.400000000000354 min: 0.8999999999999999 max: 50.00000000000044
Mean: 40.180000000000355 min: 0.8999999999999999 max: 50.00000000000044
Mean: 36.7700000000003 min: 0.9999999999999999 max: 50.00000000000044
Mean: 31.67000000000026 min: 0.8999999999999999 max: 50.00000000000044
Mean: 25.46000000000022 min: 0.7999999999999999 max: 50.00000000000044
Mean: 29.020000000000216 min: 0.8999999999999999 max: 50.00000000000044
Mean: 36.280000000000314 min: 0.7999999999999999 max: 50.00000000000044
Mean: 19.130000000000123 min: 0.8999999999999999 max: 50.00000000000044
Mean: 13.420000000000098 min: 0.7999999999999999 max: 50.00000000000044
Mean: 25.930000000000216 min: 0.8999999999999999 max: 50.00000000000044
Mean: 16.16000000000013 min: 0.8999999999999999 max: 50.00000000000044
Mean: 11.13000000000009 min: 0.8999999999999999 max: 50.00000000000044
Mean: 25.440000000000218 min: 0.7999999999999999 max: 50.00000000000044
Mean: 28.450000000000216 min: 0.8999999999999999 max: 50.00000000000044
Mean: 25.900000000000222 min: 0.8999999999999999 max: 50.00000000000044
Mean: 16.40000000000013 min: 0.7999999999999999 max: 50.00000000000044
Mean: 21.130000000000177 min: 0.8999999999999999 max: 50.00000000000044
Mean: 37.670000000000314 min: 0.7999999999999999 max: 50.00000000000044
Mean: 18.09000000000013 min: 0.7999999999999999 max: 50.00000000000044
Mean: 13.500000000000096 min: 0.7999999999999999 max: 50.00000000000044
Mean: 12.770000000000085 min: 0.8999999999999999 max: 50.00000000000044
Mean: 26.27000000000022 min: 0.8999999999999999 max: 50.00000000000044
Mean: 28.400000000000226 min: 0.8999999999999999 max: 50.00000000000044
Mean: 25.9500000000002 min: 1.8000000000000005 max: 50.00000000000044
Mean: 33.40000000000028 min: 0.8999999999999999 max: 50.00000000000044
Mean: 22.78000000000018 min: 0.9999999999999999 max: 50.00000000000044
Mean: 16.980000000000082 min: 0.7999999999999999 max: 50.00000000000044
Mean: 26.81000000000022 min: 0.7999999999999999 max: 50.00000000000044
Mean: 15.50000000000008 min: 0.8999999999999999 max: 50.00000000000044
Mean: 25.47000000000022 min: 0.8999999999999999 max: 50.00000000000044
Mean: 31.55000000000026 min: 0.8999999999999999 max: 50.00000000000044
Mean: 17.260000000000126 min: 0.8999999999999999 max: 50.00000000000044
Mean: 25.47000000000022 min: 0.7999999999999999 max: 50.00000000000044
Mean: 30.40000000000026 min: 0.9999999999999999 max: 50.00000000000044
Mean: 21.480000000000178 min: 0.7999999999999999 max: 50.00000000000044
Mean: 35.75000000000031 min: 0.9999999999999999 max: 50.00000000000044
Mean: 34.670000000000286 min: 0.8999999999999999 max: 50.00000000000044
Mean: 37.40000000000031 min: 0.7999999999999999 max: 50.00000000000044
Mean: 37.63000000000032 min: 0.8999999999999999 max: 50.00000000000044
Mean: 21.360000000000177 min: 0.7999999999999999 max: 50.00000000000044
Mean: 47.280000000000406 min: 22.800000000000054 max: 50.00000000000044
Mean: 13.600000000000085 min: 0.7999999999999999 max: 50.00000000000044
Mean: 47.040000000000404 min: 20.40000000000002 max: 50.00000000000044
Mean: 38.190000000000325 min: 0.8999999999999999 max: 50.00000000000044
Mean: 27.040000000000212 min: 0.8999999999999999 max: 50.00000000000044
Mean: 27.390000000000214 min: 0.7999999999999999 max: 50.00000000000044
Mean: 15.9100000000001 min: 0.8999999999999999 max: 50.00000000000044
Mean: 28.320000000000213 min: 1.6000000000000003 max: 50.00000000000044
Mean: 30.630000000000262 min: 0.8999999999999999 max: 50.00000000000044
Mean: 21.240000000000133 min: 0.8999999999999999 max: 50.00000000000044
Mean: 29.140000000000224 min: 0.9999999999999999 max: 50.00000000000044
