Mean: 33.7 min: 8.0 max: 143.0
Mean: 129.2 min: 9.0 max: 199.0
Mean: 147.7 min: 124.0 max: 186.0
Mean: 164.8 min: 96.0 max: 226.0
Mean: 194.4 min: 163.0 max: 241.0
Mean: 166.0 min: 146.0 max: 194.0
Mean: 176.5 min: 130.0 max: 243.0
Mean: 166.2 min: 139.0 max: 201.0
Mean: 185.0 min: 155.0 max: 237.0
Mean: 168.4 min: 153.0 max: 211.0
Mean: 158.2 min: 130.0 max: 200.0
Mean: 177.3 min: 126.0 max: 220.0
Mean: 185.0 min: 156.0 max: 217.0
Mean: 162.0 min: 143.0 max: 210.0
Mean: 268.6 min: 130.0 max: 323.0
Mean: 317.7 min: 117.0 max: 340.0
Mean: 146.3 min: 124.0 max: 231.0
Mean: 240.9 min: 196.0 max: 352.0
Mean: 198.5 min: 137.0 max: 267.0
Mean: 178.0 min: 132.0 max: 235.0
Mean: 184.5 min: 134.0 max: 293.0
Mean: 234.7 min: 9.0 max: 500.0
Mean: 338.0 min: 149.0 max: 500.0
Mean: 478.6 min: 286.0 max: 500.0
Mean: 500.0 min: 500.0 max: 500.0
