Mean: 18.3 min: 9.0 max: 91.0
Mean: 402.4 min: 10.0 max: 446.0
Mean: 337.0 min: 337.0 max: 337.0
Mean: 305.6 min: 280.0 max: 500.0
Mean: 139.3 min: 24.0 max: 349.0
Mean: 473.8 min: 238.0 max: 500.0
Mean: 324.5 min: 56.0 max: 500.0
Mean: 330.0 min: 203.0 max: 500.0
Mean: 435.3 min: 158.0 max: 500.0
Mean: 383.6 min: 59.0 max: 500.0
Mean: 444.5 min: 329.0 max: 500.0
Mean: 452.8 min: 400.0 max: 500.0
Mean: 413.3 min: 216.0 max: 500.0
Mean: 429.3 min: 294.0 max: 500.0
Mean: 483.6 min: 431.0 max: 500.0
Mean: 462.0 min: 267.0 max: 500.0
Mean: 493.9 min: 443.0 max: 500.0
Mean: 500.0 min: 500.0 max: 500.0
Mean: 478.8 min: 366.0 max: 500.0
Mean: 479.4 min: 397.0 max: 500.0
Mean: 500.0 min: 500.0 max: 500.0
Mean: 330.4 min: 10.0 max: 500.0
Mean: 443.8 min: 229.0 max: 500.0
Mean: 285.4 min: 165.0 max: 500.0
Mean: 406.6 min: 342.0 max: 500.0
