Mean: 9.7 min: 9.0 max: 10.0
Mean: 17.7 min: 8.0 max: 35.0
Mean: 21.0 min: 9.0 max: 83.0
Mean: 60.4 min: 10.0 max: 89.0
Mean: 85.9 min: 9.0 max: 126.0
Mean: 99.0 min: 64.0 max: 111.0
Mean: 85.0 min: 63.0 max: 125.0
Mean: 86.1 min: 59.0 max: 114.0
Mean: 81.0 min: 71.0 max: 89.0
Mean: 78.1 min: 9.0 max: 140.0
Mean: 89.7 min: 62.0 max: 125.0
Mean: 81.0 min: 64.0 max: 128.0
Mean: 86.9 min: 59.0 max: 138.0
Mean: 105.1 min: 68.0 max: 161.0
Mean: 82.0 min: 63.0 max: 120.0
Mean: 91.7 min: 60.0 max: 156.0
Mean: 87.2 min: 68.0 max: 126.0
Mean: 97.0 min: 63.0 max: 116.0
Mean: 74.5 min: 60.0 max: 84.0
Mean: 97.9 min: 70.0 max: 124.0
Mean: 86.3 min: 64.0 max: 120.0
Mean: 100.6 min: 68.0 max: 141.0
Mean: 107.4 min: 68.0 max: 218.0
Mean: 125.5 min: 70.0 max: 260.0
Mean: 230.4 min: 15.0 max: 500.0
