Mean: 0.9199999999999999 min: 0.7999999999999999 max: 0.9999999999999999
Mean: 0.8999999999999998 min: 0.7999999999999999 max: 0.9999999999999999
Mean: 0.9999999999999998 min: 0.7999999999999999 max: 1.4000000000000001
Mean: 1.1700000000000002 min: 0.7999999999999999 max: 1.8000000000000005
Mean: 1.5200000000000002 min: 0.8999999999999999 max: 3.2000000000000015
Mean: 3.0599999999999996 min: 0.9999999999999999 max: 7.899999999999988
Mean: 3.4400000000000004 min: 2.0000000000000004 max: 5.399999999999997
Mean: 3.7300000000000004 min: 2.1000000000000005 max: 4.999999999999998
Mean: 4.000000000000002 min: 3.1000000000000014 max: 5.899999999999995
Mean: 4.409999999999998 min: 0.8999999999999999 max: 7.29999999999999
Mean: 9.11000000000004 min: 0.8999999999999999 max: 50.00000000000044
Mean: 10.15000000000004 min: 3.5000000000000018 max: 50.00000000000044
Mean: 6.189999999999992 min: 0.8999999999999999 max: 12.399999999999972
Mean: 14.630000000000084 min: 1.7000000000000004 max: 50.00000000000044
Mean: 12.860000000000037 min: 2.600000000000001 max: 50.00000000000044
Mean: 14.160000000000048 min: 4.999999999999998 max: 50.00000000000044
Mean: 10.380000000000036 min: 0.7999999999999999 max: 50.00000000000044
Mean: 13.180000000000026 min: 6.499999999999993 max: 29.50000000000015
Mean: 19.950000000000095 min: 5.4999999999999964 max: 50.00000000000044
Mean: 25.890000000000164 min: 6.099999999999994 max: 50.00000000000044
Mean: 16.830000000000076 min: 0.7999999999999999 max: 50.00000000000044
Mean: 26.8000000000002 min: 1.0999999999999999 max: 50.00000000000044
Mean: 18.780000000000094 min: 0.8999999999999999 max: 50.00000000000044
Mean: 32.630000000000265 min: 2.2000000000000006 max: 50.00000000000044
Mean: 19.290000000000127 min: 0.8999999999999999 max: 50.00000000000044
Mean: 41.60000000000035 min: 7.799999999999988 max: 50.00000000000044
Mean: 28.520000000000216 min: 3.700000000000002 max: 50.00000000000044
Mean: 32.65000000000026 min: 0.9999999999999999 max: 50.00000000000044
Mean: 48.60000000000042 min: 36.00000000000024 max: 50.00000000000044
Mean: 50.00000000000044 min: 50.00000000000044 max: 50.00000000000044
Mean: 38.56000000000028 min: 24.200000000000074 max: 50.00000000000044
Mean: 40.78000000000031 min: 25.100000000000087 max: 50.00000000000044
Mean: 46.9100000000004 min: 26.0000000000001 max: 50.00000000000044
Mean: 50.00000000000044 min: 50.00000000000044 max: 50.00000000000044
Mean: 50.00000000000044 min: 50.00000000000044 max: 50.00000000000044
Mean: 44.630000000000386 min: 0.8999999999999999 max: 50.00000000000044
Mean: 45.1000000000004 min: 0.9999999999999999 max: 50.00000000000044
Mean: 45.080000000000396 min: 0.7999999999999999 max: 50.00000000000044
Mean: 47.3000000000004 min: 23.000000000000057 max: 50.00000000000044
Mean: 50.00000000000044 min: 50.00000000000044 max: 50.00000000000044
Mean: 42.470000000000354 min: 0.8999999999999999 max: 50.00000000000044
Mean: 45.080000000000396 min: 0.7999999999999999 max: 50.00000000000044
Mean: 45.3600000000004 min: 3.600000000000002 max: 50.00000000000044
Mean: 50.00000000000044 min: 50.00000000000044 max: 50.00000000000044
Mean: 36.08000000000031 min: 0.8999999999999999 max: 50.00000000000044
Mean: 50.00000000000044 min: 50.00000000000044 max: 50.00000000000044
Mean: 41.250000000000355 min: 0.9999999999999999 max: 50.00000000000044
Mean: 45.2500000000004 min: 2.500000000000001 max: 50.00000000000044
Mean: 45.1000000000004 min: 0.9999999999999999 max: 50.00000000000044
Mean: 40.06000000000036 min: 0.8999999999999999 max: 50.00000000000044
Mean: 36.58000000000031 min: 1.0999999999999999 max: 50.00000000000044
Mean: 11.430000000000089 min: 0.9999999999999999 max: 50.00000000000044
Mean: 45.090000000000394 min: 0.8999999999999999 max: 50.00000000000044
Mean: 26.01000000000022 min: 0.9999999999999999 max: 50.00000000000044
Mean: 50.00000000000044 min: 50.00000000000044 max: 50.00000000000044
Mean: 40.390000000000356 min: 1.3 max: 50.00000000000044
Mean: 26.02000000000022 min: 0.8999999999999999 max: 50.00000000000044
Mean: 27.86000000000023 min: 0.8999999999999999 max: 50.00000000000044
Mean: 45.1300000000004 min: 1.3 max: 50.00000000000044
Mean: 26.630000000000223 min: 1.2 max: 50.00000000000044
Mean: 40.330000000000354 min: 0.7999999999999999 max: 50.00000000000044
Mean: 30.720000000000265 min: 0.7999999999999999 max: 50.00000000000044
Mean: 45.1100000000004 min: 1.0999999999999999 max: 50.00000000000044
Mean: 45.2800000000004 min: 2.800000000000001 max: 50.00000000000044
Mean: 36.41000000000031 min: 0.9999999999999999 max: 50.00000000000044
Mean: 43.930000000000376 min: 4.899999999999999 max: 50.00000000000044
Mean: 45.1000000000004 min: 0.9999999999999999 max: 50.00000000000044
Mean: 45.1700000000004 min: 1.7000000000000004 max: 50.00000000000044
Mean: 50.00000000000044 min: 50.00000000000044 max: 50.00000000000044
Mean: 36.08000000000031 min: 0.8999999999999999 max: 50.00000000000044
Mean: 50.00000000000044 min: 50.00000000000044 max: 50.00000000000044
Mean: 46.2000000000004 min: 11.999999999999973 max: 50.00000000000044
Mean: 45.1000000000004 min: 0.9999999999999999 max: 50.00000000000044
Mean: 40.610000000000355 min: 0.9999999999999999 max: 50.00000000000044
Mean: 40.99000000000036 min: 3.800000000000002 max: 50.00000000000044
Mean: 50.00000000000044 min: 50.00000000000044 max: 50.00000000000044
Mean: 50.00000000000044 min: 50.00000000000044 max: 50.00000000000044
Mean: 37.0000000000003 min: 4.999999999999998 max: 50.00000000000044
Mean: 46.230000000000395 min: 12.299999999999972 max: 50.00000000000044
Mean: 47.89000000000041 min: 28.90000000000014 max: 50.00000000000044
Mean: 45.2800000000004 min: 2.800000000000001 max: 50.00000000000044
Mean: 50.00000000000044 min: 50.00000000000044 max: 50.00000000000044
Mean: 41.37000000000036 min: 2.800000000000001 max: 50.00000000000044
Mean: 50.00000000000044 min: 50.00000000000044 max: 50.00000000000044
Mean: 45.6700000000004 min: 6.699999999999992 max: 50.00000000000044
Mean: 46.580000000000396 min: 15.79999999999996 max: 50.00000000000044
Mean: 33.01000000000026 min: 0.8999999999999999 max: 50.00000000000044
Mean: 40.830000000000354 min: 0.9999999999999999 max: 50.00000000000044
Mean: 50.00000000000044 min: 50.00000000000044 max: 50.00000000000044
Mean: 50.00000000000044 min: 50.00000000000044 max: 50.00000000000044
Mean: 42.01000000000035 min: 0.9999999999999999 max: 50.00000000000044
Mean: 45.1000000000004 min: 0.9999999999999999 max: 50.00000000000044
Mean: 42.07000000000035 min: 5.999999999999995 max: 50.00000000000044
Mean: 45.24000000000039 min: 2.400000000000001 max: 50.00000000000044
Mean: 45.1000000000004 min: 0.9999999999999999 max: 50.00000000000044
Mean: 36.430000000000305 min: 0.8999999999999999 max: 50.00000000000044
Mean: 39.57000000000032 min: 2.800000000000001 max: 50.00000000000044
Mean: 50.00000000000044 min: 50.00000000000044 max: 50.00000000000044
Mean: 47.74000000000041 min: 27.40000000000012 max: 50.00000000000044
Mean: 47.70000000000041 min: 27.000000000000114 max: 50.00000000000044
Mean: 46.5000000000004 min: 14.999999999999963 max: 50.00000000000044
Mean: 46.9100000000004 min: 19.1 max: 50.00000000000044
Mean: 50.00000000000044 min: 50.00000000000044 max: 50.00000000000044
Mean: 38.920000000000314 min: 0.8999999999999999 max: 50.00000000000044
Mean: 41.34000000000035 min: 1.6000000000000003 max: 50.00000000000044
Mean: 41.710000000000356 min: 1.6000000000000003 max: 50.00000000000044
Mean: 27.950000000000216 min: 0.7999999999999999 max: 50.00000000000044
Mean: 40.29000000000035 min: 0.8999999999999999 max: 50.00000000000044
Mean: 50.00000000000044 min: 50.00000000000044 max: 50.00000000000044
Mean: 44.67000000000039 min: 0.8999999999999999 max: 50.00000000000044
Mean: 50.00000000000044 min: 50.00000000000044 max: 50.00000000000044
Mean: 45.1100000000004 min: 1.0999999999999999 max: 50.00000000000044
Mean: 45.5100000000004 min: 5.099999999999998 max: 50.00000000000044
Mean: 35.920000000000314 min: 0.7999999999999999 max: 50.00000000000044
Mean: 42.89000000000035 min: 10.499999999999979 max: 50.00000000000044
Mean: 36.85000000000031 min: 1.2 max: 50.00000000000044
Mean: 45.1700000000004 min: 1.7000000000000004 max: 50.00000000000044
Mean: 45.1000000000004 min: 0.9999999999999999 max: 50.00000000000044
Mean: 50.00000000000044 min: 50.00000000000044 max: 50.00000000000044
Mean: 45.190000000000396 min: 1.9000000000000006 max: 50.00000000000044
Mean: 45.690000000000396 min: 6.8999999999999915 max: 50.00000000000044
Mean: 40.56000000000036 min: 2.1000000000000005 max: 50.00000000000044
Mean: 35.75000000000031 min: 0.8999999999999999 max: 50.00000000000044
Mean: 45.090000000000394 min: 0.8999999999999999 max: 50.00000000000044
Mean: 45.090000000000394 min: 0.8999999999999999 max: 50.00000000000044
Mean: 45.2700000000004 min: 2.700000000000001 max: 50.00000000000044
Mean: 40.360000000000355 min: 0.8999999999999999 max: 50.00000000000044
Mean: 41.35000000000035 min: 6.5999999999999925 max: 50.00000000000044
Mean: 42.22000000000035 min: 10.899999999999977 max: 50.00000000000044
Mean: 37.78000000000031 min: 1.0999999999999999 max: 50.00000000000044
Mean: 50.00000000000044 min: 50.00000000000044 max: 50.00000000000044
Mean: 50.00000000000044 min: 50.00000000000044 max: 50.00000000000044
Mean: 45.570000000000405 min: 5.699999999999996 max: 50.00000000000044
Mean: 45.49000000000039 min: 4.899999999999999 max: 50.00000000000044
Mean: 48.18000000000042 min: 31.800000000000182 max: 50.00000000000044
Mean: 45.090000000000394 min: 0.8999999999999999 max: 50.00000000000044
Mean: 31.950000000000266 min: 0.8999999999999999 max: 50.00000000000044
Mean: 41.320000000000356 min: 6.099999999999994 max: 50.00000000000044
Mean: 40.19000000000035 min: 0.8999999999999999 max: 50.00000000000044
Mean: 28.51000000000021 min: 0.9999999999999999 max: 50.00000000000044
Mean: 46.2200000000004 min: 12.199999999999973 max: 50.00000000000044
Mean: 41.35000000000035 min: 1.8000000000000005 max: 50.00000000000044
Mean: 45.090000000000394 min: 0.8999999999999999 max: 50.00000000000044
Mean: 45.2100000000004 min: 2.1000000000000005 max: 50.00000000000044
Mean: 41.27000000000036 min: 5.899999999999995 max: 50.00000000000044
Mean: 37.430000000000305 min: 4.200000000000001 max: 50.00000000000044
Mean: 31.920000000000265 min: 4.100000000000001 max: 50.00000000000044
Mean: 36.32000000000031 min: 0.7999999999999999 max: 50.00000000000044
Mean: 50.00000000000044 min: 50.00000000000044 max: 50.00000000000044
Mean: 50.00000000000044 min: 50.00000000000044 max: 50.00000000000044
Mean: 40.470000000000354 min: 0.9999999999999999 max: 50.00000000000044
Mean: 40.81000000000036 min: 1.5000000000000002 max: 50.00000000000044
Mean: 36.930000000000305 min: 2.3000000000000007 max: 50.00000000000044
Mean: 50.00000000000044 min: 50.00000000000044 max: 50.00000000000044
Mean: 45.1800000000004 min: 1.8000000000000005 max: 50.00000000000044
Mean: 50.00000000000044 min: 50.00000000000044 max: 50.00000000000044
Mean: 50.00000000000044 min: 50.00000000000044 max: 50.00000000000044
Mean: 39.83000000000035 min: 0.8999999999999999 max: 50.00000000000044
Mean: 40.740000000000336 min: 0.8999999999999999 max: 50.00000000000044
Mean: 40.820000000000356 min: 0.7999999999999999 max: 50.00000000000044
Mean: 45.1000000000004 min: 0.9999999999999999 max: 50.00000000000044
Mean: 48.060000000000414 min: 30.600000000000165 max: 50.00000000000044
Mean: 45.080000000000396 min: 0.7999999999999999 max: 50.00000000000044
Mean: 45.330000000000396 min: 3.3000000000000016 max: 50.00000000000044
Mean: 50.00000000000044 min: 50.00000000000044 max: 50.00000000000044
Mean: 31.520000000000266 min: 0.7999999999999999 max: 50.00000000000044
Mean: 36.460000000000306 min: 0.9999999999999999 max: 50.00000000000044
Mean: 45.1000000000004 min: 0.9999999999999999 max: 50.00000000000044
Mean: 35.79000000000031 min: 0.7999999999999999 max: 50.00000000000044
Mean: 45.330000000000396 min: 3.3000000000000016 max: 50.00000000000044
Mean: 45.080000000000396 min: 0.7999999999999999 max: 50.00000000000044
Mean: 45.080000000000396 min: 0.7999999999999999 max: 50.00000000000044
Mean: 50.00000000000044 min: 50.00000000000044 max: 50.00000000000044
Mean: 45.090000000000394 min: 0.8999999999999999 max: 50.00000000000044
Mean: 45.6700000000004 min: 6.699999999999992 max: 50.00000000000044
Mean: 42.75000000000036 min: 0.9999999999999999 max: 50.00000000000044
Mean: 40.95000000000036 min: 3.900000000000002 max: 50.00000000000044
Mean: 40.99000000000035 min: 0.8999999999999999 max: 50.00000000000044
Mean: 40.20000000000035 min: 0.8999999999999999 max: 50.00000000000044
Mean: 45.1000000000004 min: 0.9999999999999999 max: 50.00000000000044
Mean: 50.00000000000044 min: 50.00000000000044 max: 50.00000000000044
Mean: 45.470000000000404 min: 4.699999999999999 max: 50.00000000000044
Mean: 44.130000000000365 min: 12.499999999999972 max: 50.00000000000044
Mean: 49.58000000000044 min: 47.3000000000004 max: 50.00000000000044
Mean: 45.2100000000004 min: 2.1000000000000005 max: 50.00000000000044
Mean: 40.44000000000035 min: 0.9999999999999999 max: 50.00000000000044
Mean: 45.1000000000004 min: 0.9999999999999999 max: 50.00000000000044
Mean: 38.02000000000031 min: 6.299999999999994 max: 50.00000000000044
Mean: 50.00000000000044 min: 50.00000000000044 max: 50.00000000000044
Mean: 36.77000000000031 min: 0.7999999999999999 max: 50.00000000000044
Mean: 45.080000000000396 min: 0.7999999999999999 max: 50.00000000000044
Mean: 44.000000000000355 min: 32.30000000000019 max: 50.00000000000044
Mean: 50.00000000000044 min: 50.00000000000044 max: 50.00000000000044
Mean: 49.05000000000043 min: 40.500000000000306 max: 50.00000000000044
Mean: 42.76000000000036 min: 3.900000000000002 max: 50.00000000000044
Mean: 48.66000000000042 min: 36.60000000000025 max: 50.00000000000044
Mean: 43.800000000000374 min: 0.9999999999999999 max: 50.00000000000044
Mean: 45.800000000000395 min: 12.499999999999972 max: 50.00000000000044
Mean: 49.560000000000436 min: 45.60000000000038 max: 50.00000000000044
Mean: 31.530000000000257 min: 0.8999999999999999 max: 50.00000000000044
Mean: 43.190000000000374 min: 0.7999999999999999 max: 50.00000000000044
Mean: 47.79000000000041 min: 34.800000000000225 max: 50.00000000000044
Mean: 43.760000000000375 min: 0.8999999999999999 max: 50.00000000000044
Mean: 45.79000000000038 min: 19.500000000000007 max: 50.00000000000044
Mean: 44.93000000000039 min: 0.8999999999999999 max: 50.00000000000044
Mean: 40.220000000000354 min: 0.9999999999999999 max: 50.00000000000044
Mean: 49.280000000000435 min: 44.20000000000036 max: 50.00000000000044
Mean: 47.94000000000041 min: 33.400000000000205 max: 50.00000000000044
Mean: 46.9600000000004 min: 32.000000000000185 max: 50.00000000000044
Mean: 40.19000000000035 min: 0.8999999999999999 max: 50.00000000000044
Mean: 35.31000000000031 min: 0.9999999999999999 max: 50.00000000000044
Mean: 35.710000000000306 min: 0.9999999999999999 max: 50.00000000000044
Mean: 40.540000000000354 min: 0.9999999999999999 max: 50.00000000000044
Mean: 41.08000000000034 min: 0.8999999999999999 max: 50.00000000000044
Mean: 49.210000000000434 min: 42.10000000000033 max: 50.00000000000044
Mean: 49.20000000000043 min: 42.00000000000033 max: 50.00000000000044
Mean: 45.1000000000004 min: 0.9999999999999999 max: 50.00000000000044
Mean: 43.53000000000038 min: 0.9999999999999999 max: 50.00000000000044
Mean: 39.50000000000034 min: 0.7999999999999999 max: 50.00000000000044
Mean: 40.42000000000034 min: 2.700000000000001 max: 50.00000000000044
Mean: 38.10000000000031 min: 0.9999999999999999 max: 50.00000000000044
Mean: 40.930000000000355 min: 1.0999999999999999 max: 50.00000000000044
Mean: 40.180000000000355 min: 0.7999999999999999 max: 50.00000000000044
Mean: 41.070000000000334 min: 0.8999999999999999 max: 50.00000000000044
Mean: 28.630000000000223 min: 0.9999999999999999 max: 50.00000000000044
Mean: 45.1200000000004 min: 1.2 max: 50.00000000000044
Mean: 44.05000000000038 min: 3.5000000000000018 max: 50.00000000000044
Mean: 48.620000000000424 min: 36.200000000000244 max: 50.00000000000044
Mean: 35.39000000000031 min: 0.7999999999999999 max: 50.00000000000044
Mean: 34.970000000000304 min: 0.8999999999999999 max: 50.00000000000044
Mean: 48.67000000000043 min: 36.70000000000025 max: 50.00000000000044
Mean: 48.750000000000426 min: 37.50000000000026 max: 50.00000000000044
Mean: 44.48000000000039 min: 0.7999999999999999 max: 50.00000000000044
Mean: 32.54000000000026 min: 0.7999999999999999 max: 50.00000000000044
Mean: 30.050000000000257 min: 0.7999999999999999 max: 50.00000000000044
Mean: 40.26000000000033 min: 1.3 max: 50.00000000000044
Mean: 21.29000000000018 min: 0.8999999999999999 max: 50.00000000000044
Mean: 31.230000000000263 min: 0.9999999999999999 max: 50.00000000000044
Mean: 35.73000000000031 min: 0.9999999999999999 max: 50.00000000000044
Mean: 35.87000000000031 min: 0.8999999999999999 max: 50.00000000000044
Mean: 31.560000000000265 min: 1.3 max: 50.00000000000044
Mean: 40.52000000000036 min: 0.7999999999999999 max: 50.00000000000044
Mean: 30.930000000000263 min: 0.9999999999999999 max: 50.00000000000044
Mean: 35.57000000000031 min: 0.8999999999999999 max: 50.00000000000044
Mean: 35.960000000000306 min: 2.600000000000001 max: 50.00000000000044
Mean: 35.500000000000306 min: 0.9999999999999999 max: 50.00000000000044
Mean: 31.370000000000267 min: 2.700000000000001 max: 50.00000000000044
Mean: 40.530000000000356 min: 2.600000000000001 max: 50.00000000000044
Mean: 45.270000000000394 min: 2.700000000000001 max: 50.00000000000044
Mean: 45.270000000000394 min: 2.700000000000001 max: 50.00000000000044
Mean: 35.74000000000031 min: 0.8999999999999999 max: 50.00000000000044
Mean: 36.750000000000306 min: 1.3 max: 50.00000000000044
Mean: 45.2800000000004 min: 2.800000000000001 max: 50.00000000000044
Mean: 33.84000000000027 min: 1.2 max: 50.00000000000044
Mean: 50.00000000000044 min: 50.00000000000044 max: 50.00000000000044
Mean: 46.9200000000004 min: 19.200000000000003 max: 50.00000000000044
Mean: 40.360000000000355 min: 0.7999999999999999 max: 50.00000000000044
Mean: 45.2800000000004 min: 2.800000000000001 max: 50.00000000000044
Mean: 45.090000000000394 min: 0.8999999999999999 max: 50.00000000000044
Mean: 50.00000000000044 min: 50.00000000000044 max: 50.00000000000044
Mean: 45.1000000000004 min: 0.9999999999999999 max: 50.00000000000044
Mean: 45.1000000000004 min: 0.9999999999999999 max: 50.00000000000044
Mean: 50.00000000000044 min: 50.00000000000044 max: 50.00000000000044
Mean: 50.00000000000044 min: 50.00000000000044 max: 50.00000000000044
Mean: 50.00000000000044 min: 50.00000000000044 max: 50.00000000000044
Mean: 36.55000000000031 min: 1.0999999999999999 max: 50.00000000000044
Mean: 40.470000000000354 min: 2.1000000000000005 max: 50.00000000000044
Mean: 42.78000000000036 min: 2.800000000000001 max: 50.00000000000044
Mean: 42.85000000000036 min: 4.699999999999999 max: 50.00000000000044
Mean: 50.00000000000044 min: 50.00000000000044 max: 50.00000000000044
Mean: 50.00000000000044 min: 50.00000000000044 max: 50.00000000000044
Mean: 50.00000000000044 min: 50.00000000000044 max: 50.00000000000044
Mean: 40.480000000000345 min: 0.8999999999999999 max: 50.00000000000044
Mean: 50.00000000000044 min: 50.00000000000044 max: 50.00000000000044
Mean: 45.74000000000039 min: 7.39999999999999 max: 50.00000000000044
Mean: 45.1100000000004 min: 1.0999999999999999 max: 50.00000000000044
Mean: 38.21000000000031 min: 2.0000000000000004 max: 50.00000000000044
Mean: 32.74000000000027 min: 0.8999999999999999 max: 50.00000000000044
Mean: 50.00000000000044 min: 50.00000000000044 max: 50.00000000000044
Mean: 40.35000000000035 min: 0.8999999999999999 max: 50.00000000000044
Mean: 34.06000000000029 min: 0.7999999999999999 max: 50.00000000000044
Mean: 35.27000000000031 min: 0.8999999999999999 max: 50.00000000000044
Mean: 40.38000000000035 min: 0.8999999999999999 max: 50.00000000000044
Mean: 40.17000000000035 min: 0.7999999999999999 max: 50.00000000000044
Mean: 40.360000000000355 min: 0.8999999999999999 max: 50.00000000000044
Mean: 35.4100000000003 min: 0.7999999999999999 max: 50.00000000000044
Mean: 40.460000000000356 min: 2.1000000000000005 max: 50.00000000000044
Mean: 40.19000000000035 min: 0.8999999999999999 max: 50.00000000000044
Mean: 40.66000000000035 min: 2.600000000000001 max: 50.00000000000044
Mean: 45.1000000000004 min: 0.9999999999999999 max: 50.00000000000044
Mean: 35.08000000000028 min: 2.600000000000001 max: 50.00000000000044
Mean: 50.00000000000044 min: 50.00000000000044 max: 50.00000000000044
Mean: 40.18000000000035 min: 0.8999999999999999 max: 50.00000000000044
Mean: 30.790000000000266 min: 0.8999999999999999 max: 50.00000000000044
Mean: 31.750000000000266 min: 0.9999999999999999 max: 50.00000000000044
Mean: 45.440000000000396 min: 4.4 max: 50.00000000000044
Mean: 40.77000000000036 min: 3.0000000000000013 max: 50.00000000000044
Mean: 45.090000000000394 min: 0.8999999999999999 max: 50.00000000000044
Mean: 45.2800000000004 min: 2.800000000000001 max: 50.00000000000044
Mean: 45.2700000000004 min: 2.700000000000001 max: 50.00000000000044
Mean: 40.680000000000355 min: 2.800000000000001 max: 50.00000000000044
Mean: 40.710000000000356 min: 2.700000000000001 max: 50.00000000000044
Mean: 35.61000000000031 min: 0.7999999999999999 max: 50.00000000000044
Mean: 40.460000000000356 min: 0.9999999999999999 max: 50.00000000000044
Mean: 35.80000000000031 min: 2.600000000000001 max: 50.00000000000044
Mean: 40.60000000000035 min: 1.6000000000000003 max: 50.00000000000044
Mean: 38.130000000000315 min: 0.8999999999999999 max: 50.00000000000044
Mean: 27.640000000000214 min: 1.2 max: 50.00000000000044
Mean: 45.1800000000004 min: 1.8000000000000005 max: 50.00000000000044
Mean: 50.00000000000044 min: 50.00000000000044 max: 50.00000000000044
Mean: 45.080000000000396 min: 0.7999999999999999 max: 50.00000000000044
Mean: 36.02000000000031 min: 0.8999999999999999 max: 50.00000000000044
Mean: 50.00000000000044 min: 50.00000000000044 max: 50.00000000000044
Mean: 45.2900000000004 min: 2.9000000000000012 max: 50.00000000000044
Mean: 40.42000000000036 min: 0.8999999999999999 max: 50.00000000000044
Mean: 45.090000000000394 min: 0.8999999999999999 max: 50.00000000000044
Mean: 40.26000000000035 min: 0.8999999999999999 max: 50.00000000000044
Mean: 40.30000000000035 min: 0.8999999999999999 max: 50.00000000000044
Mean: 45.2900000000004 min: 2.9000000000000012 max: 50.00000000000044
Mean: 45.090000000000394 min: 0.8999999999999999 max: 50.00000000000044
Mean: 40.650000000000354 min: 3.1000000000000014 max: 50.00000000000044
Mean: 40.17000000000036 min: 0.7999999999999999 max: 50.00000000000044
Mean: 40.29000000000035 min: 0.9999999999999999 max: 50.00000000000044
Mean: 50.00000000000044 min: 50.00000000000044 max: 50.00000000000044
Mean: 40.20000000000035 min: 0.9999999999999999 max: 50.00000000000044
Mean: 45.2700000000004 min: 2.700000000000001 max: 50.00000000000044
Mean: 45.1000000000004 min: 0.9999999999999999 max: 50.00000000000044
Mean: 46.510000000000396 min: 15.099999999999962 max: 50.00000000000044
Mean: 35.58000000000031 min: 0.7999999999999999 max: 50.00000000000044
Mean: 45.4500000000004 min: 4.5 max: 50.00000000000044
Mean: 26.200000000000223 min: 1.3 max: 50.00000000000044
Mean: 35.80000000000031 min: 0.8999999999999999 max: 50.00000000000044
Mean: 31.470000000000265 min: 1.0999999999999999 max: 50.00000000000044
Mean: 41.84000000000035 min: 2.0000000000000004 max: 50.00000000000044
Mean: 50.00000000000044 min: 50.00000000000044 max: 50.00000000000044
Mean: 36.16000000000031 min: 2.400000000000001 max: 50.00000000000044
Mean: 45.220000000000404 min: 2.2000000000000006 max: 50.00000000000044
Mean: 34.29000000000027 min: 0.9999999999999999 max: 50.00000000000044
Mean: 50.00000000000044 min: 50.00000000000044 max: 50.00000000000044
Mean: 40.39000000000035 min: 0.9999999999999999 max: 50.00000000000044
Mean: 43.940000000000374 min: 2.9000000000000012 max: 50.00000000000044
Mean: 35.34000000000031 min: 0.8999999999999999 max: 50.00000000000044
Mean: 40.33000000000035 min: 0.8999999999999999 max: 50.00000000000044
Mean: 45.1000000000004 min: 0.9999999999999999 max: 50.00000000000044
Mean: 40.650000000000354 min: 2.400000000000001 max: 50.00000000000044
Mean: 35.600000000000314 min: 0.7999999999999999 max: 50.00000000000044
Mean: 40.35000000000035 min: 1.0999999999999999 max: 50.00000000000044
Mean: 50.00000000000044 min: 50.00000000000044 max: 50.00000000000044
Mean: 46.3900000000004 min: 13.899999999999967 max: 50.00000000000044
Mean: 40.400000000000354 min: 1.8000000000000005 max: 50.00000000000044
Mean: 45.190000000000396 min: 1.9000000000000006 max: 50.00000000000044
Mean: 45.2100000000004 min: 2.1000000000000005 max: 50.00000000000044
Mean: 45.090000000000394 min: 0.8999999999999999 max: 50.00000000000044
Mean: 45.1700000000004 min: 1.7000000000000004 max: 50.00000000000044
Mean: 50.00000000000044 min: 50.00000000000044 max: 50.00000000000044
Mean: 35.33000000000031 min: 0.8999999999999999 max: 50.00000000000044
Mean: 40.460000000000356 min: 0.8999999999999999 max: 50.00000000000044
Mean: 45.090000000000394 min: 0.8999999999999999 max: 50.00000000000044
Mean: 50.00000000000044 min: 50.00000000000044 max: 50.00000000000044
Mean: 50.00000000000044 min: 50.00000000000044 max: 50.00000000000044
Mean: 45.1200000000004 min: 1.2 max: 50.00000000000044
Mean: 45.090000000000394 min: 0.8999999999999999 max: 50.00000000000044
Mean: 45.1000000000004 min: 0.9999999999999999 max: 50.00000000000044
Mean: 27.640000000000214 min: 0.7999999999999999 max: 50.00000000000044
Mean: 45.080000000000396 min: 0.7999999999999999 max: 50.00000000000044
Mean: 41.66000000000035 min: 2.400000000000001 max: 50.00000000000044
Mean: 50.00000000000044 min: 50.00000000000044 max: 50.00000000000044
Mean: 50.00000000000044 min: 50.00000000000044 max: 50.00000000000044
Mean: 38.040000000000305 min: 3.3000000000000016 max: 50.00000000000044
Mean: 32.23000000000026 min: 0.9999999999999999 max: 50.00000000000044
Mean: 45.080000000000396 min: 0.7999999999999999 max: 50.00000000000044
Mean: 50.00000000000044 min: 50.00000000000044 max: 50.00000000000044
Mean: 41.94000000000035 min: 2.700000000000001 max: 50.00000000000044
Mean: 45.340000000000394 min: 3.4000000000000017 max: 50.00000000000044
Mean: 45.080000000000396 min: 0.7999999999999999 max: 50.00000000000044
Mean: 45.090000000000394 min: 0.8999999999999999 max: 50.00000000000044
Mean: 38.69000000000031 min: 2.0000000000000004 max: 50.00000000000044
Mean: 50.00000000000044 min: 50.00000000000044 max: 50.00000000000044
Mean: 36.35000000000031 min: 0.7999999999999999 max: 50.00000000000044
Mean: 45.24000000000039 min: 2.400000000000001 max: 50.00000000000044
Mean: 31.090000000000266 min: 0.8999999999999999 max: 50.00000000000044
Mean: 40.530000000000356 min: 0.9999999999999999 max: 50.00000000000044
Mean: 35.80000000000031 min: 0.9999999999999999 max: 50.00000000000044
Mean: 50.00000000000044 min: 50.00000000000044 max: 50.00000000000044
Mean: 41.31000000000035 min: 0.7999999999999999 max: 50.00000000000044
Mean: 45.1000000000004 min: 0.9999999999999999 max: 50.00000000000044
Mean: 46.050000000000395 min: 10.499999999999979 max: 50.00000000000044
Mean: 45.220000000000404 min: 2.2000000000000006 max: 50.00000000000044
Mean: 45.340000000000394 min: 3.4000000000000017 max: 50.00000000000044
Mean: 45.080000000000396 min: 0.7999999999999999 max: 50.00000000000044
Mean: 37.42000000000031 min: 0.8999999999999999 max: 50.00000000000044
Mean: 45.320000000000405 min: 3.2000000000000015 max: 50.00000000000044
Mean: 50.00000000000044 min: 50.00000000000044 max: 50.00000000000044
Mean: 40.900000000000354 min: 0.8999999999999999 max: 50.00000000000044
Mean: 42.700000000000365 min: 3.2000000000000015 max: 50.00000000000044
Mean: 45.1000000000004 min: 0.9999999999999999 max: 50.00000000000044
Mean: 37.360000000000305 min: 2.400000000000001 max: 50.00000000000044
Mean: 50.00000000000044 min: 50.00000000000044 max: 50.00000000000044
Mean: 41.77000000000035 min: 2.3000000000000007 max: 50.00000000000044
Mean: 50.00000000000044 min: 50.00000000000044 max: 50.00000000000044
Mean: 40.73000000000035 min: 0.7999999999999999 max: 50.00000000000044
Mean: 35.26000000000031 min: 0.7999999999999999 max: 50.00000000000044
Mean: 35.82000000000031 min: 0.7999999999999999 max: 50.00000000000044
Mean: 45.090000000000394 min: 0.8999999999999999 max: 50.00000000000044
Mean: 41.360000000000355 min: 5.4999999999999964 max: 50.00000000000044
Mean: 41.56000000000035 min: 0.9999999999999999 max: 50.00000000000044
Mean: 45.080000000000396 min: 0.7999999999999999 max: 50.00000000000044
Mean: 45.4200000000004 min: 4.200000000000001 max: 50.00000000000044
Mean: 40.69000000000035 min: 2.800000000000001 max: 50.00000000000044
Mean: 41.29000000000035 min: 0.9999999999999999 max: 50.00000000000044
Mean: 40.390000000000356 min: 0.7999999999999999 max: 50.00000000000044
Mean: 41.390000000000356 min: 2.800000000000001 max: 50.00000000000044
Mean: 36.10000000000031 min: 0.9999999999999999 max: 50.00000000000044
Mean: 41.92000000000036 min: 1.0999999999999999 max: 50.00000000000044
Mean: 45.440000000000396 min: 4.4 max: 50.00000000000044
Mean: 40.37000000000036 min: 0.7999999999999999 max: 50.00000000000044
Mean: 45.550000000000395 min: 5.4999999999999964 max: 50.00000000000044
Mean: 41.400000000000354 min: 2.700000000000001 max: 50.00000000000044
Mean: 45.2700000000004 min: 2.700000000000001 max: 50.00000000000044
Mean: 35.87000000000031 min: 1.6000000000000003 max: 50.00000000000044
Mean: 36.580000000000304 min: 1.0999999999999999 max: 50.00000000000044
Mean: 40.74000000000036 min: 1.4000000000000001 max: 50.00000000000044
Mean: 50.00000000000044 min: 50.00000000000044 max: 50.00000000000044
Mean: 50.00000000000044 min: 50.00000000000044 max: 50.00000000000044
Mean: 45.090000000000394 min: 0.8999999999999999 max: 50.00000000000044
Mean: 50.00000000000044 min: 50.00000000000044 max: 50.00000000000044
Mean: 40.26000000000035 min: 0.8999999999999999 max: 50.00000000000044
Mean: 50.00000000000044 min: 50.00000000000044 max: 50.00000000000044
Mean: 42.910000000000366 min: 0.8999999999999999 max: 50.00000000000044
Mean: 50.00000000000044 min: 50.00000000000044 max: 50.00000000000044
Mean: 38.08000000000031 min: 1.4000000000000001 max: 50.00000000000044
Mean: 40.180000000000355 min: 0.8999999999999999 max: 50.00000000000044
Mean: 36.55000000000031 min: 0.8999999999999999 max: 50.00000000000044
Mean: 45.760000000000396 min: 7.599999999999989 max: 50.00000000000044
Mean: 40.37000000000036 min: 0.8999999999999999 max: 50.00000000000044
Mean: 50.00000000000044 min: 50.00000000000044 max: 50.00000000000044
Mean: 45.530000000000385 min: 11.799999999999974 max: 50.00000000000044
Mean: 45.6000000000004 min: 5.999999999999995 max: 50.00000000000044
Mean: 40.20000000000035 min: 0.8999999999999999 max: 50.00000000000044
Mean: 32.60000000000027 min: 0.8999999999999999 max: 50.00000000000044
Mean: 40.52000000000036 min: 0.8999999999999999 max: 50.00000000000044
Mean: 47.1400000000004 min: 21.400000000000034 max: 50.00000000000044
Mean: 48.510000000000424 min: 35.10000000000023 max: 50.00000000000044
Mean: 36.06000000000031 min: 1.0999999999999999 max: 50.00000000000044
Mean: 50.00000000000044 min: 50.00000000000044 max: 50.00000000000044
Mean: 50.00000000000044 min: 50.00000000000044 max: 50.00000000000044
Mean: 40.39000000000035 min: 0.9999999999999999 max: 50.00000000000044
Mean: 45.1000000000004 min: 0.9999999999999999 max: 50.00000000000044
Mean: 45.090000000000394 min: 0.8999999999999999 max: 50.00000000000044
Mean: 41.46000000000035 min: 0.9999999999999999 max: 50.00000000000044
Mean: 50.00000000000044 min: 50.00000000000044 max: 50.00000000000044
Mean: 31.33000000000026 min: 0.9999999999999999 max: 50.00000000000044
Mean: 50.00000000000044 min: 50.00000000000044 max: 50.00000000000044
Mean: 50.00000000000044 min: 50.00000000000044 max: 50.00000000000044
Mean: 45.1000000000004 min: 0.9999999999999999 max: 50.00000000000044
Mean: 42.210000000000356 min: 0.9999999999999999 max: 50.00000000000044
Mean: 35.29000000000031 min: 0.8999999999999999 max: 50.00000000000044
Mean: 45.24000000000039 min: 2.400000000000001 max: 50.00000000000044
Mean: 45.2500000000004 min: 2.500000000000001 max: 50.00000000000044
Mean: 42.23000000000035 min: 4.100000000000001 max: 50.00000000000044
Mean: 46.190000000000396 min: 11.899999999999974 max: 50.00000000000044
Mean: 35.30000000000031 min: 0.8999999999999999 max: 50.00000000000044
Mean: 35.28000000000031 min: 0.8999999999999999 max: 50.00000000000044
Mean: 45.090000000000394 min: 0.8999999999999999 max: 50.00000000000044
Mean: 35.27000000000031 min: 0.7999999999999999 max: 50.00000000000044
Mean: 40.35000000000035 min: 0.9999999999999999 max: 50.00000000000044
Mean: 43.35000000000038 min: 0.7999999999999999 max: 50.00000000000044
Mean: 40.330000000000354 min: 0.8999999999999999 max: 50.00000000000044
Mean: 34.44000000000028 min: 0.9999999999999999 max: 50.00000000000044
Mean: 30.640000000000242 min: 0.8999999999999999 max: 50.00000000000044
Mean: 45.090000000000394 min: 0.8999999999999999 max: 50.00000000000044
Mean: 41.610000000000355 min: 0.8999999999999999 max: 50.00000000000044
Mean: 35.450000000000315 min: 0.7999999999999999 max: 50.00000000000044
Mean: 40.820000000000356 min: 2.400000000000001 max: 50.00000000000044
Mean: 40.210000000000356 min: 0.9999999999999999 max: 50.00000000000044
Mean: 50.00000000000044 min: 50.00000000000044 max: 50.00000000000044
Mean: 45.1000000000004 min: 0.9999999999999999 max: 50.00000000000044
Mean: 45.2800000000004 min: 2.800000000000001 max: 50.00000000000044
Mean: 45.090000000000394 min: 0.8999999999999999 max: 50.00000000000044
Mean: 50.00000000000044 min: 50.00000000000044 max: 50.00000000000044
Mean: 42.30000000000035 min: 8.099999999999987 max: 50.00000000000044
Mean: 40.900000000000354 min: 1.0999999999999999 max: 50.00000000000044
Mean: 45.1000000000004 min: 0.9999999999999999 max: 50.00000000000044
Mean: 40.19000000000035 min: 0.8999999999999999 max: 50.00000000000044
Mean: 35.78000000000031 min: 0.8999999999999999 max: 50.00000000000044
Mean: 45.1000000000004 min: 0.9999999999999999 max: 50.00000000000044
Mean: 50.00000000000044 min: 50.00000000000044 max: 50.00000000000044
Mean: 50.00000000000044 min: 50.00000000000044 max: 50.00000000000044
Mean: 45.090000000000394 min: 0.8999999999999999 max: 50.00000000000044
Mean: 45.25000000000038 min: 14.999999999999963 max: 50.00000000000044
Mean: 50.00000000000044 min: 50.00000000000044 max: 50.00000000000044
Mean: 45.1000000000004 min: 0.9999999999999999 max: 50.00000000000044
Mean: 35.53000000000031 min: 0.8999999999999999 max: 50.00000000000044
Mean: 50.00000000000044 min: 50.00000000000044 max: 50.00000000000044
Mean: 38.70000000000033 min: 0.9999999999999999 max: 50.00000000000044
Mean: 37.42000000000031 min: 0.9999999999999999 max: 50.00000000000044
Mean: 27.800000000000217 min: 0.9999999999999999 max: 50.00000000000044
Mean: 33.16000000000028 min: 0.8999999999999999 max: 50.00000000000044
Mean: 50.00000000000044 min: 50.00000000000044 max: 50.00000000000044
Mean: 40.970000000000354 min: 1.0999999999999999 max: 50.00000000000044
