Mean: 19.54 min: 8.0 max: 101.0
Mean: 58.42 min: 8.0 max: 174.0
Mean: 82.54 min: 8.0 max: 362.0
Mean: 141.32 min: 10.0 max: 326.0
Mean: 178.44 min: 8.0 max: 500.0
Mean: 267.58 min: 9.0 max: 500.0
Mean: 369.56 min: 128.0 max: 500.0
Mean: 396.58 min: 126.0 max: 500.0
Mean: 443.0 min: 135.0 max: 500.0
Mean: 475.32 min: 141.0 max: 500.0
Mean: 480.24 min: 253.0 max: 500.0
Mean: 477.62 min: 289.0 max: 500.0
Mean: 462.92 min: 209.0 max: 500.0
Mean: 471.96 min: 266.0 max: 500.0
Mean: 489.08 min: 347.0 max: 500.0
Mean: 497.84 min: 446.0 max: 500.0
Mean: 493.22 min: 387.0 max: 500.0
Mean: 497.76 min: 484.0 max: 500.0
Mean: 488.1 min: 415.0 max: 500.0
Mean: 473.7 min: 261.0 max: 500.0
Mean: 497.64 min: 441.0 max: 500.0
Mean: 500.0 min: 500.0 max: 500.0
Mean: 496.0 min: 450.0 max: 500.0
Mean: 500.0 min: 500.0 max: 500.0
Mean: 492.56 min: 238.0 max: 500.0
