Mean: 0.97 min: 0.7999999999999999 max: 1.2
Mean: 1.5900000000000003 min: 0.7999999999999999 max: 4.699999999999999
Mean: 3.459999999999998 min: 0.8999999999999999 max: 7.39999999999999
Mean: 2.55 min: 0.7999999999999999 max: 7.19999999999999
Mean: 3.94 min: 0.9999999999999999 max: 5.399999999999997
Mean: 5.029999999999998 min: 1.9000000000000006 max: 6.999999999999991
Mean: 4.179999999999997 min: 0.7999999999999999 max: 7.899999999999988
Mean: 5.359999999999993 min: 0.7999999999999999 max: 10.09999999999998
Mean: 8.42000000000002 min: 0.8999999999999999 max: 37.90000000000027
Mean: 17.9100000000001 min: 1.0999999999999999 max: 50.00000000000044
Mean: 22.820000000000142 min: 0.8999999999999999 max: 50.00000000000044
Mean: 39.82000000000032 min: 0.9999999999999999 max: 50.00000000000044
Mean: 45.1000000000004 min: 0.9999999999999999 max: 50.00000000000044
Mean: 47.540000000000404 min: 25.40000000000009 max: 50.00000000000044
Mean: 36.44000000000028 min: 0.9999999999999999 max: 50.00000000000044
Mean: 33.05000000000026 min: 0.8999999999999999 max: 50.00000000000044
Mean: 33.590000000000266 min: 0.9999999999999999 max: 50.00000000000044
Mean: 35.28000000000031 min: 0.8999999999999999 max: 50.00000000000044
Mean: 42.35000000000035 min: 7.099999999999991 max: 50.00000000000044
Mean: 22.990000000000173 min: 0.8999999999999999 max: 50.00000000000044
Mean: 35.33000000000031 min: 0.8999999999999999 max: 50.00000000000044
Mean: 35.79000000000032 min: 1.0999999999999999 max: 50.00000000000044
Mean: 37.30000000000031 min: 0.8999999999999999 max: 50.00000000000044
Mean: 36.86000000000031 min: 0.7999999999999999 max: 50.00000000000044
Mean: 42.810000000000365 min: 0.9999999999999999 max: 50.00000000000044
Mean: 41.54000000000035 min: 0.8999999999999999 max: 50.00000000000044
Mean: 40.18000000000035 min: 0.8999999999999999 max: 50.00000000000044
Mean: 40.37000000000033 min: 0.8999999999999999 max: 50.00000000000044
Mean: 37.950000000000315 min: 0.8999999999999999 max: 50.00000000000044
Mean: 35.30000000000031 min: 0.8999999999999999 max: 50.00000000000044
Mean: 35.290000000000305 min: 0.8999999999999999 max: 50.00000000000044
Mean: 40.20000000000035 min: 0.9999999999999999 max: 50.00000000000044
Mean: 21.740000000000173 min: 0.8999999999999999 max: 50.00000000000044
Mean: 31.060000000000265 min: 0.8999999999999999 max: 50.00000000000044
Mean: 45.1700000000004 min: 2.400000000000001 max: 50.00000000000044
Mean: 35.500000000000306 min: 0.8999999999999999 max: 50.00000000000044
Mean: 33.610000000000284 min: 0.9999999999999999 max: 50.00000000000044
Mean: 37.3500000000003 min: 0.7999999999999999 max: 50.00000000000044
Mean: 28.87000000000021 min: 0.9999999999999999 max: 50.00000000000044
Mean: 38.37000000000032 min: 0.9999999999999999 max: 50.00000000000044
Mean: 25.60000000000022 min: 0.7999999999999999 max: 50.00000000000044
Mean: 31.000000000000263 min: 0.8999999999999999 max: 50.00000000000044
Mean: 42.770000000000366 min: 0.8999999999999999 max: 50.00000000000044
Mean: 40.500000000000355 min: 0.8999999999999999 max: 50.00000000000044
Mean: 36.44000000000031 min: 0.7999999999999999 max: 50.00000000000044
Mean: 30.810000000000265 min: 0.8999999999999999 max: 50.00000000000044
Mean: 25.920000000000222 min: 0.9999999999999999 max: 50.00000000000044
Mean: 23.360000000000184 min: 0.8999999999999999 max: 50.00000000000044
Mean: 40.220000000000354 min: 0.8999999999999999 max: 50.00000000000044
Mean: 28.480000000000228 min: 0.8999999999999999 max: 50.00000000000044
Mean: 47.50000000000041 min: 25.000000000000085 max: 50.00000000000044
Mean: 31.950000000000262 min: 0.7999999999999999 max: 50.00000000000044
Mean: 45.220000000000404 min: 2.2000000000000006 max: 50.00000000000044
Mean: 40.34000000000036 min: 0.9999999999999999 max: 50.00000000000044
Mean: 42.10000000000035 min: 0.9999999999999999 max: 50.00000000000044
Mean: 35.150000000000304 min: 0.8999999999999999 max: 50.00000000000044
Mean: 35.27000000000031 min: 0.7999999999999999 max: 50.00000000000044
Mean: 35.29000000000031 min: 0.8999999999999999 max: 50.00000000000044
Mean: 45.4300000000004 min: 4.300000000000001 max: 50.00000000000044
Mean: 26.12000000000022 min: 0.8999999999999999 max: 50.00000000000044
Mean: 45.2700000000004 min: 2.700000000000001 max: 50.00000000000044
Mean: 40.12000000000035 min: 0.8999999999999999 max: 50.00000000000044
Mean: 32.37000000000026 min: 0.7999999999999999 max: 50.00000000000044
Mean: 35.23000000000031 min: 0.7999999999999999 max: 50.00000000000044
Mean: 35.22000000000028 min: 0.7999999999999999 max: 50.00000000000044
Mean: 35.42000000000031 min: 0.8999999999999999 max: 50.00000000000044
Mean: 34.14000000000029 min: 0.7999999999999999 max: 50.00000000000044
Mean: 35.54000000000031 min: 0.8999999999999999 max: 50.00000000000044
Mean: 45.090000000000394 min: 0.8999999999999999 max: 50.00000000000044
Mean: 40.820000000000334 min: 0.8999999999999999 max: 50.00000000000044
Mean: 47.87000000000042 min: 28.700000000000138 max: 50.00000000000044
Mean: 31.050000000000267 min: 0.7999999999999999 max: 50.00000000000044
Mean: 30.760000000000264 min: 0.8999999999999999 max: 50.00000000000044
Mean: 29.51000000000024 min: 0.9999999999999999 max: 50.00000000000044
Mean: 42.27000000000036 min: 0.9999999999999999 max: 50.00000000000044
Mean: 41.78000000000035 min: 0.9999999999999999 max: 50.00000000000044
Mean: 37.37000000000031 min: 0.7999999999999999 max: 50.00000000000044
Mean: 40.76000000000035 min: 1.0999999999999999 max: 50.00000000000044
Mean: 40.210000000000356 min: 0.9999999999999999 max: 50.00000000000044
Mean: 38.3600000000003 min: 3.0000000000000013 max: 50.00000000000044
Mean: 37.740000000000315 min: 0.7999999999999999 max: 50.00000000000044
Mean: 45.320000000000405 min: 3.2000000000000015 max: 50.00000000000044
Mean: 45.4500000000004 min: 4.5 max: 50.00000000000044
Mean: 31.480000000000256 min: 0.8999999999999999 max: 50.00000000000044
Mean: 35.52000000000031 min: 0.8999999999999999 max: 50.00000000000044
Mean: 42.41000000000036 min: 0.8999999999999999 max: 50.00000000000044
Mean: 32.16000000000027 min: 0.8999999999999999 max: 50.00000000000044
Mean: 40.44000000000035 min: 0.8999999999999999 max: 50.00000000000044
Mean: 36.390000000000306 min: 0.8999999999999999 max: 50.00000000000044
Mean: 30.61000000000027 min: 0.8999999999999999 max: 50.00000000000044
Mean: 50.00000000000044 min: 50.00000000000044 max: 50.00000000000044
Mean: 36.11000000000031 min: 0.9999999999999999 max: 50.00000000000044
Mean: 45.1000000000004 min: 0.9999999999999999 max: 50.00000000000044
Mean: 36.180000000000305 min: 0.8999999999999999 max: 50.00000000000044
Mean: 34.50000000000027 min: 0.7999999999999999 max: 50.00000000000044
Mean: 40.710000000000356 min: 3.5000000000000018 max: 50.00000000000044
Mean: 40.19000000000035 min: 0.8999999999999999 max: 50.00000000000044
Mean: 30.370000000000267 min: 0.8999999999999999 max: 50.00000000000044
Mean: 36.52000000000031 min: 0.8999999999999999 max: 50.00000000000044
