Mean: 18.733333333333334 min: 8.0 max: 159.0
Mean: 59.666666666666664 min: 8.0 max: 193.0
Mean: 147.2 min: 11.0 max: 267.0
Mean: 210.16666666666666 min: 11.0 max: 500.0
Mean: 294.7 min: 35.0 max: 500.0
Mean: 379.8333333333333 min: 121.0 max: 500.0
Mean: 430.3666666666667 min: 144.0 max: 500.0
Mean: 487.3 min: 187.0 max: 500.0
Mean: 486.8666666666667 min: 157.0 max: 500.0
Mean: 500.0 min: 500.0 max: 500.0
Mean: 500.0 min: 500.0 max: 500.0
Mean: 500.0 min: 500.0 max: 500.0
Mean: 486.26666666666665 min: 294.0 max: 500.0
Mean: 498.4 min: 452.0 max: 500.0
Mean: 484.8666666666667 min: 170.0 max: 500.0
Mean: 500.0 min: 500.0 max: 500.0
Mean: 500.0 min: 500.0 max: 500.0
Mean: 500.0 min: 500.0 max: 500.0
Mean: 500.0 min: 500.0 max: 500.0
Mean: 500.0 min: 500.0 max: 500.0
Mean: 500.0 min: 500.0 max: 500.0
Mean: 500.0 min: 500.0 max: 500.0
Mean: 500.0 min: 500.0 max: 500.0
Mean: 500.0 min: 500.0 max: 500.0
Mean: 397.3333333333333 min: 8.0 max: 500.0
