Mean: 11.8 min: 8.0 max: 29.0
Mean: 9.6 min: 9.0 max: 10.0
Mean: 27.4 min: 10.0 max: 142.0
Mean: 76.3 min: 9.0 max: 183.0
Mean: 187.1 min: 65.0 max: 500.0
Mean: 300.0 min: 151.0 max: 500.0
Mean: 392.7 min: 142.0 max: 500.0
Mean: 500.0 min: 500.0 max: 500.0
Mean: 500.0 min: 500.0 max: 500.0
Mean: 500.0 min: 500.0 max: 500.0
Mean: 500.0 min: 500.0 max: 500.0
Mean: 500.0 min: 500.0 max: 500.0
Mean: 500.0 min: 500.0 max: 500.0
Mean: 479.0 min: 395.0 max: 500.0
Mean: 500.0 min: 500.0 max: 500.0
Mean: 500.0 min: 500.0 max: 500.0
Mean: 500.0 min: 500.0 max: 500.0
Mean: 488.0 min: 380.0 max: 500.0
Mean: 500.0 min: 500.0 max: 500.0
Mean: 500.0 min: 500.0 max: 500.0
Mean: 500.0 min: 500.0 max: 500.0
Mean: 500.0 min: 500.0 max: 500.0
Mean: 497.6 min: 488.0 max: 500.0
Mean: 500.0 min: 500.0 max: 500.0
Mean: 466.4 min: 306.0 max: 500.0
