Mean: 30.466666666666665 min: 8.0 max: 80.0
Mean: 65.16666666666667 min: 9.0 max: 500.0
Mean: 145.96666666666667 min: 10.0 max: 500.0
Mean: 366.3666666666667 min: 56.0 max: 500.0
Mean: 487.3333333333333 min: 120.0 max: 500.0
Mean: 478.3333333333333 min: 187.0 max: 500.0
Mean: 495.5 min: 420.0 max: 500.0
Mean: 499.56666666666666 min: 487.0 max: 500.0
Mean: 500.0 min: 500.0 max: 500.0
Mean: 500.0 min: 500.0 max: 500.0
Mean: 500.0 min: 500.0 max: 500.0
Mean: 500.0 min: 500.0 max: 500.0
Mean: 500.0 min: 500.0 max: 500.0
Mean: 500.0 min: 500.0 max: 500.0
Mean: 478.8333333333333 min: 448.0 max: 500.0
Mean: 494.6 min: 454.0 max: 500.0
Mean: 494.0 min: 423.0 max: 500.0
Mean: 484.7 min: 41.0 max: 500.0
Mean: 494.0 min: 455.0 max: 500.0
Mean: 484.5 min: 35.0 max: 500.0
Mean: 500.0 min: 500.0 max: 500.0
Mean: 486.5 min: 423.0 max: 500.0
Mean: 500.0 min: 500.0 max: 500.0
Mean: 484.96666666666664 min: 424.0 max: 500.0
Mean: 497.4 min: 438.0 max: 500.0
