Mean: 14.98 min: 8.0 max: 59.0
Mean: 30.58 min: 8.0 max: 171.0
Mean: 167.26 min: 9.0 max: 500.0
Mean: 230.64 min: 10.0 max: 500.0
Mean: 342.08 min: 33.0 max: 500.0
Mean: 385.76 min: 39.0 max: 500.0
Mean: 394.56 min: 41.0 max: 500.0
Mean: 475.52 min: 147.0 max: 500.0
Mean: 481.48 min: 188.0 max: 500.0
Mean: 500.0 min: 500.0 max: 500.0
Mean: 417.4 min: 40.0 max: 500.0
Mean: 481.16 min: 16.0 max: 500.0
Mean: 463.56 min: 41.0 max: 500.0
Mean: 500.0 min: 500.0 max: 500.0
Mean: 472.46 min: 39.0 max: 500.0
Mean: 490.28 min: 14.0 max: 500.0
Mean: 490.84 min: 42.0 max: 500.0
Mean: 500.0 min: 500.0 max: 500.0
Mean: 472.54 min: 41.0 max: 500.0
Mean: 500.0 min: 500.0 max: 500.0
Mean: 481.16 min: 15.0 max: 500.0
Mean: 500.0 min: 500.0 max: 500.0
Mean: 500.0 min: 500.0 max: 500.0
Mean: 500.0 min: 500.0 max: 500.0
Mean: 481.8 min: 45.0 max: 500.0
