Mean: 9.7 min: 9.0 max: 10.0
Mean: 9.8 min: 9.0 max: 12.0
Mean: 10.9 min: 8.0 max: 19.0
Mean: 39.8 min: 9.0 max: 144.0
Mean: 98.2 min: 9.0 max: 183.0
Mean: 170.6 min: 135.0 max: 288.0
Mean: 210.7 min: 135.0 max: 237.0
Mean: 167.2 min: 151.0 max: 220.0
Mean: 163.2 min: 121.0 max: 297.0
Mean: 178.1 min: 121.0 max: 319.0
Mean: 154.0 min: 134.0 max: 189.0
Mean: 171.9 min: 139.0 max: 222.0
Mean: 185.3 min: 9.0 max: 500.0
Mean: 224.6 min: 79.0 max: 500.0
Mean: 332.7 min: 150.0 max: 500.0
Mean: 464.6 min: 146.0 max: 500.0
Mean: 500.0 min: 500.0 max: 500.0
Mean: 500.0 min: 500.0 max: 500.0
Mean: 500.0 min: 500.0 max: 500.0
Mean: 500.0 min: 500.0 max: 500.0
Mean: 500.0 min: 500.0 max: 500.0
Mean: 500.0 min: 500.0 max: 500.0
Mean: 500.0 min: 500.0 max: 500.0
Mean: 500.0 min: 500.0 max: 500.0
Mean: 500.0 min: 500.0 max: 500.0
