Mean: 22.6 min: 8.0 max: 53.0
Mean: 41.9 min: 9.0 max: 101.0
Mean: 72.3 min: 39.0 max: 113.0
Mean: 85.6 min: 41.0 max: 127.0
Mean: 133.3 min: 94.0 max: 241.0
Mean: 147.9 min: 60.0 max: 207.0
Mean: 155.4 min: 103.0 max: 243.0
Mean: 151.5 min: 101.0 max: 220.0
Mean: 178.4 min: 118.0 max: 208.0
Mean: 194.9 min: 102.0 max: 288.0
Mean: 166.6 min: 117.0 max: 346.0
Mean: 181.2 min: 106.0 max: 310.0
Mean: 262.6 min: 104.0 max: 356.0
Mean: 189.4 min: 92.0 max: 265.0
Mean: 188.6 min: 137.0 max: 228.0
Mean: 262.5 min: 209.0 max: 326.0
Mean: 243.0 min: 93.0 max: 387.0
Mean: 234.5 min: 53.0 max: 500.0
Mean: 285.6 min: 176.0 max: 500.0
Mean: 332.6 min: 162.0 max: 500.0
Mean: 429.8 min: 149.0 max: 500.0
Mean: 440.1 min: 186.0 max: 500.0
Mean: 500.0 min: 500.0 max: 500.0
Mean: 500.0 min: 500.0 max: 500.0
Mean: 500.0 min: 500.0 max: 500.0
