Mean: 18.1 min: 9.0 max: 37.0
Mean: 27.3 min: 8.0 max: 35.0
Mean: 58.6 min: 8.0 max: 293.0
Mean: 162.0 min: 9.0 max: 330.0
Mean: 278.3 min: 221.0 max: 395.0
Mean: 283.8 min: 219.0 max: 432.0
Mean: 291.7 min: 227.0 max: 355.0
Mean: 344.2 min: 239.0 max: 464.0
Mean: 291.9 min: 253.0 max: 358.0
Mean: 300.2 min: 249.0 max: 360.0
Mean: 278.4 min: 256.0 max: 299.0
Mean: 293.6 min: 257.0 max: 326.0
Mean: 273.4 min: 229.0 max: 350.0
Mean: 294.0 min: 231.0 max: 394.0
Mean: 323.2 min: 200.0 max: 469.0
Mean: 312.2 min: 269.0 max: 406.0
Mean: 402.8 min: 231.0 max: 489.0
Mean: 354.3 min: 217.0 max: 500.0
Mean: 333.4 min: 246.0 max: 488.0
Mean: 316.0 min: 204.0 max: 449.0
Mean: 315.8 min: 216.0 max: 486.0
Mean: 309.7 min: 224.0 max: 381.0
Mean: 350.0 min: 198.0 max: 419.0
Mean: 352.8 min: 197.0 max: 389.0
Mean: 329.0 min: 264.0 max: 461.0
