Mean: 15.18 min: 9.0 max: 176.0
Mean: 58.34 min: 8.0 max: 192.0
Mean: 155.3 min: 8.0 max: 500.0
Mean: 249.88 min: 9.0 max: 500.0
Mean: 353.22 min: 8.0 max: 500.0
Mean: 382.02 min: 86.0 max: 500.0
Mean: 432.78 min: 188.0 max: 500.0
Mean: 491.42 min: 357.0 max: 500.0
Mean: 488.06 min: 174.0 max: 500.0
Mean: 495.82 min: 291.0 max: 500.0
Mean: 480.98 min: 305.0 max: 500.0
Mean: 491.8 min: 178.0 max: 500.0
Mean: 483.8 min: 299.0 max: 500.0
Mean: 455.38 min: 162.0 max: 500.0
Mean: 500.0 min: 500.0 max: 500.0
Mean: 466.2 min: 175.0 max: 500.0
Mean: 493.74 min: 187.0 max: 500.0
Mean: 500.0 min: 500.0 max: 500.0
Mean: 490.88 min: 333.0 max: 500.0
Mean: 500.0 min: 500.0 max: 500.0
Mean: 491.86 min: 357.0 max: 500.0
Mean: 497.74 min: 387.0 max: 500.0
Mean: 500.0 min: 500.0 max: 500.0
Mean: 498.1 min: 405.0 max: 500.0
Mean: 500.0 min: 500.0 max: 500.0
