Mean: 10.033333333333333 min: 8.0 max: 22.0
Mean: 11.3 min: 8.0 max: 30.0
Mean: 13.166666666666666 min: 9.0 max: 58.0
Mean: 28.1 min: 8.0 max: 111.0
Mean: 60.53333333333333 min: 8.0 max: 128.0
Mean: 102.96666666666667 min: 12.0 max: 500.0
Mean: 163.13333333333333 min: 65.0 max: 500.0
Mean: 261.0 min: 80.0 max: 500.0
Mean: 407.3333333333333 min: 59.0 max: 500.0
Mean: 473.5 min: 65.0 max: 500.0
Mean: 487.53333333333336 min: 126.0 max: 500.0
Mean: 487.76666666666665 min: 133.0 max: 500.0
Mean: 500.0 min: 500.0 max: 500.0
Mean: 500.0 min: 500.0 max: 500.0
Mean: 500.0 min: 500.0 max: 500.0
Mean: 500.0 min: 500.0 max: 500.0
Mean: 500.0 min: 500.0 max: 500.0
Mean: 500.0 min: 500.0 max: 500.0
Mean: 500.0 min: 500.0 max: 500.0
Mean: 500.0 min: 500.0 max: 500.0
Mean: 500.0 min: 500.0 max: 500.0
Mean: 500.0 min: 500.0 max: 500.0
Mean: 481.03333333333336 min: 429.0 max: 500.0
Mean: 492.7 min: 281.0 max: 500.0
Mean: 500.0 min: 500.0 max: 500.0
