Mean: 1.0799999999999998 min: 0.7999999999999999 max: 1.9000000000000006
Mean: 1.22 min: 0.8999999999999999 max: 1.6000000000000003
Mean: 1.7700000000000007 min: 1.0999999999999999 max: 4.000000000000002
Mean: 2.210000000000001 min: 0.8999999999999999 max: 3.800000000000002
Mean: 2.610000000000001 min: 0.9999999999999999 max: 3.1000000000000014
Mean: 2.830000000000001 min: 2.1000000000000005 max: 3.3000000000000016
Mean: 3.969999999999998 min: 1.9000000000000006 max: 8.299999999999986
Mean: 6.979999999999988 min: 0.9999999999999999 max: 16.29999999999996
Mean: 13.419999999999982 min: 7.39999999999999 max: 19.900000000000013
Mean: 13.869999999999976 min: 10.29999999999998 max: 19.70000000000001
Mean: 14.869999999999981 min: 0.9999999999999999 max: 19.500000000000007
Mean: 15.639999999999969 min: 12.299999999999972 max: 18.699999999999996
Mean: 19.020000000000007 min: 12.89999999999997 max: 21.70000000000004
Mean: 14.779999999999992 min: 0.9999999999999999 max: 22.50000000000005
Mean: 18.490000000000002 min: 13.699999999999967 max: 23.10000000000006
Mean: 14.839999999999998 min: 0.8999999999999999 max: 21.600000000000037
Mean: 17.27000000000001 min: 0.8999999999999999 max: 24.400000000000077
Mean: 11.79999999999999 min: 0.7999999999999999 max: 21.500000000000036
Mean: 17.970000000000013 min: 0.9999999999999999 max: 25.100000000000087
Mean: 16.879999999999974 min: 14.899999999999963 max: 22.200000000000045
Mean: 15.550000000000006 min: 0.8999999999999999 max: 24.300000000000075
Mean: 17.55000000000001 min: 0.9999999999999999 max: 23.90000000000007
Mean: 16.860000000000024 min: 0.8999999999999999 max: 24.500000000000078
Mean: 19.20000000000001 min: 14.399999999999965 max: 25.600000000000094
Mean: 19.51000000000001 min: 15.89999999999996 max: 23.700000000000067
Mean: 14.329999999999988 min: 0.8999999999999999 max: 21.10000000000003
Mean: 15.5 min: 2.1000000000000005 max: 26.0000000000001
Mean: 18.56 min: 14.999999999999963 max: 22.300000000000047
Mean: 17.19 min: 0.9999999999999999 max: 27.40000000000012
Mean: 15.809999999999983 min: 0.9999999999999999 max: 19.80000000000001
Mean: 17.080000000000002 min: 0.8999999999999999 max: 24.400000000000077
Mean: 18.169999999999998 min: 14.799999999999963 max: 24.800000000000082
Mean: 18.730000000000025 min: 2.9000000000000012 max: 28.000000000000128
Mean: 18.38 min: 13.499999999999968 max: 26.600000000000108
Mean: 18.860000000000003 min: 15.69999999999996 max: 22.800000000000054
Mean: 18.369999999999994 min: 14.399999999999965 max: 21.90000000000004
Mean: 18.079999999999995 min: 13.599999999999968 max: 22.200000000000045
Mean: 18.350000000000016 min: 4.4 max: 26.0000000000001
Mean: 20.32000000000002 min: 17.69999999999998 max: 22.900000000000055
Mean: 20.350000000000023 min: 15.79999999999996 max: 25.30000000000009
Mean: 20.42000000000005 min: 0.8999999999999999 max: 50.00000000000044
Mean: 32.14000000000023 min: 0.9999999999999999 max: 50.00000000000044
Mean: 45.1000000000004 min: 0.9999999999999999 max: 50.00000000000044
Mean: 40.59000000000035 min: 0.8999999999999999 max: 50.00000000000044
Mean: 50.00000000000044 min: 50.00000000000044 max: 50.00000000000044
Mean: 44.42000000000039 min: 0.9999999999999999 max: 50.00000000000044
Mean: 50.00000000000044 min: 50.00000000000044 max: 50.00000000000044
Mean: 45.68000000000039 min: 12.99999999999997 max: 50.00000000000044
Mean: 46.53000000000039 min: 15.299999999999962 max: 50.00000000000044
Mean: 45.090000000000394 min: 0.8999999999999999 max: 50.00000000000044
Mean: 45.0400000000004 min: 5.399999999999997 max: 50.00000000000044
Mean: 50.00000000000044 min: 50.00000000000044 max: 50.00000000000044
Mean: 41.88000000000035 min: 0.8999999999999999 max: 50.00000000000044
Mean: 45.470000000000404 min: 4.699999999999999 max: 50.00000000000044
Mean: 45.1000000000004 min: 0.9999999999999999 max: 50.00000000000044
Mean: 44.87000000000039 min: 0.8999999999999999 max: 50.00000000000044
Mean: 48.720000000000425 min: 41.70000000000032 max: 50.00000000000044
Mean: 50.00000000000044 min: 50.00000000000044 max: 50.00000000000044
Mean: 49.52000000000044 min: 47.1000000000004 max: 50.00000000000044
Mean: 44.82000000000039 min: 0.9999999999999999 max: 50.00000000000044
Mean: 40.67000000000036 min: 0.9999999999999999 max: 50.00000000000044
Mean: 44.96000000000037 min: 16.699999999999967 max: 50.00000000000044
Mean: 42.470000000000354 min: 0.9999999999999999 max: 50.00000000000044
Mean: 50.00000000000044 min: 50.00000000000044 max: 50.00000000000044
Mean: 40.19000000000035 min: 0.8999999999999999 max: 50.00000000000044
Mean: 42.040000000000354 min: 1.0999999999999999 max: 50.00000000000044
Mean: 41.34000000000035 min: 0.9999999999999999 max: 50.00000000000044
Mean: 45.1100000000004 min: 1.0999999999999999 max: 50.00000000000044
Mean: 50.00000000000044 min: 50.00000000000044 max: 50.00000000000044
Mean: 45.1000000000004 min: 0.9999999999999999 max: 50.00000000000044
Mean: 50.00000000000044 min: 50.00000000000044 max: 50.00000000000044
Mean: 41.56000000000036 min: 0.8999999999999999 max: 50.00000000000044
Mean: 48.81000000000043 min: 40.2000000000003 max: 50.00000000000044
Mean: 45.1700000000004 min: 1.7000000000000004 max: 50.00000000000044
Mean: 50.00000000000044 min: 50.00000000000044 max: 50.00000000000044
Mean: 35.57000000000029 min: 0.9999999999999999 max: 50.00000000000044
Mean: 40.72000000000033 min: 0.9999999999999999 max: 50.00000000000044
Mean: 39.70000000000033 min: 6.699999999999992 max: 50.00000000000044
Mean: 43.68000000000037 min: 4.999999999999998 max: 50.00000000000044
Mean: 38.72000000000031 min: 0.7999999999999999 max: 50.00000000000044
Mean: 50.00000000000044 min: 50.00000000000044 max: 50.00000000000044
Mean: 40.180000000000355 min: 0.8999999999999999 max: 50.00000000000044
Mean: 45.1000000000004 min: 0.9999999999999999 max: 50.00000000000044
Mean: 43.800000000000374 min: 0.9999999999999999 max: 50.00000000000044
Mean: 45.1000000000004 min: 0.9999999999999999 max: 50.00000000000044
Mean: 43.63000000000036 min: 11.399999999999975 max: 50.00000000000044
Mean: 35.27000000000031 min: 0.7999999999999999 max: 50.00000000000044
Mean: 40.20000000000035 min: 0.9999999999999999 max: 50.00000000000044
Mean: 46.6700000000004 min: 16.699999999999967 max: 50.00000000000044
Mean: 40.44000000000035 min: 0.8999999999999999 max: 50.00000000000044
Mean: 45.080000000000396 min: 0.7999999999999999 max: 50.00000000000044
Mean: 50.00000000000044 min: 50.00000000000044 max: 50.00000000000044
Mean: 45.1100000000004 min: 1.0999999999999999 max: 50.00000000000044
Mean: 50.00000000000044 min: 50.00000000000044 max: 50.00000000000044
