Mean: 2.3649999999999984 min: 0.7999999999999999 max: 13.999999999999966
Mean: 17.149000000000054 min: 0.7999999999999999 max: 50.00000000000044
Mean: 25.263000000000165 min: 0.7999999999999999 max: 50.00000000000044
Mean: 20.656000000000112 min: 0.7999999999999999 max: 50.00000000000044
Mean: 20.506000000000114 min: 0.7999999999999999 max: 50.00000000000044
Mean: 19.756000000000103 min: 0.7999999999999999 max: 50.00000000000044
Mean: 19.990000000000105 min: 0.7999999999999999 max: 50.00000000000044
Mean: 23.305000000000145 min: 0.7999999999999999 max: 50.00000000000044
Mean: 21.466000000000133 min: 0.7999999999999999 max: 50.00000000000044
Mean: 23.272000000000144 min: 0.7999999999999999 max: 50.00000000000044
Mean: 26.323000000000178 min: 0.7999999999999999 max: 50.00000000000044
Mean: 21.01000000000012 min: 0.7999999999999999 max: 50.00000000000044
Mean: 24.172000000000143 min: 0.7999999999999999 max: 50.00000000000044
Mean: 22.37800000000014 min: 0.7999999999999999 max: 50.00000000000044
Mean: 24.18100000000014 min: 0.7999999999999999 max: 50.00000000000044
Mean: 22.414000000000133 min: 0.7999999999999999 max: 50.00000000000044
Mean: 29.69100000000021 min: 0.7999999999999999 max: 50.00000000000044
Mean: 25.29600000000018 min: 0.7999999999999999 max: 50.00000000000044
Mean: 29.393000000000214 min: 0.7999999999999999 max: 50.00000000000044
Mean: 26.738000000000184 min: 0.7999999999999999 max: 50.00000000000044
Mean: 6.990000000000017 min: 0.7999999999999999 max: 50.00000000000044
Mean: 31.30400000000027 min: 0.7999999999999999 max: 50.00000000000044
Mean: 31.06700000000027 min: 0.7999999999999999 max: 50.00000000000044
Mean: 29.356000000000254 min: 0.7999999999999999 max: 50.00000000000044
Mean: 32.896000000000285 min: 0.7999999999999999 max: 50.00000000000044
Mean: 37.376000000000325 min: 0.7999999999999999 max: 50.00000000000044
Mean: 34.577000000000304 min: 0.7999999999999999 max: 50.00000000000044
Mean: 32.86100000000029 min: 0.7999999999999999 max: 50.00000000000044
Mean: 33.507000000000296 min: 0.8999999999999999 max: 50.00000000000044
Mean: 34.412000000000305 min: 0.7999999999999999 max: 50.00000000000044
Mean: 34.8440000000003 min: 0.7999999999999999 max: 50.00000000000044
Mean: 33.880000000000294 min: 0.7999999999999999 max: 50.00000000000044
Mean: 25.83200000000021 min: 0.7999999999999999 max: 50.00000000000044
Mean: 30.022000000000258 min: 0.8999999999999999 max: 50.00000000000044
Mean: 31.007000000000254 min: 0.7999999999999999 max: 50.00000000000044
Mean: 35.640000000000306 min: 0.8999999999999999 max: 50.00000000000044
Mean: 32.84400000000027 min: 0.7999999999999999 max: 50.00000000000044
Mean: 27.27100000000022 min: 0.8999999999999999 max: 50.00000000000044
Mean: 27.59300000000022 min: 0.7999999999999999 max: 50.00000000000044
Mean: 31.924000000000266 min: 0.7999999999999999 max: 50.00000000000044
