Mean: 11.966666666666667 min: 8.0 max: 60.0
Mean: 37.4 min: 8.0 max: 500.0
Mean: 270.93333333333334 min: 8.0 max: 500.0
Mean: 388.76666666666665 min: 127.0 max: 500.0
Mean: 417.8666666666667 min: 153.0 max: 500.0
Mean: 460.6666666666667 min: 219.0 max: 500.0
Mean: 473.93333333333334 min: 241.0 max: 500.0
Mean: 484.1666666666667 min: 190.0 max: 500.0
Mean: 489.93333333333334 min: 198.0 max: 500.0
Mean: 499.43333333333334 min: 483.0 max: 500.0
Mean: 500.0 min: 500.0 max: 500.0
Mean: 488.3333333333333 min: 325.0 max: 500.0
Mean: 492.73333333333335 min: 391.0 max: 500.0
Mean: 500.0 min: 500.0 max: 500.0
Mean: 500.0 min: 500.0 max: 500.0
Mean: 500.0 min: 500.0 max: 500.0
Mean: 500.0 min: 500.0 max: 500.0
Mean: 500.0 min: 500.0 max: 500.0
Mean: 500.0 min: 500.0 max: 500.0
Mean: 500.0 min: 500.0 max: 500.0
Mean: 500.0 min: 500.0 max: 500.0
Mean: 500.0 min: 500.0 max: 500.0
Mean: 500.0 min: 500.0 max: 500.0
Mean: 500.0 min: 500.0 max: 500.0
Mean: 500.0 min: 500.0 max: 500.0
