Mean: 6.760000000000003 min: 0.8999999999999999 max: 20.900000000000027
Mean: 11.940000000000051 min: 0.8999999999999999 max: 36.50000000000025
Mean: 12.580000000000032 min: 0.8999999999999999 max: 27.700000000000124
Mean: 27.96000000000015 min: 0.7999999999999999 max: 50.00000000000044
Mean: 31.690000000000207 min: 0.7999999999999999 max: 49.600000000000435
Mean: 27.400000000000194 min: 0.9999999999999999 max: 49.30000000000043
Mean: 31.730000000000235 min: 0.9999999999999999 max: 48.300000000000416
Mean: 32.630000000000244 min: 0.8999999999999999 max: 50.00000000000044
Mean: 43.07000000000035 min: 17.899999999999984 max: 50.00000000000044
Mean: 22.95000000000018 min: 0.7999999999999999 max: 49.600000000000435
Mean: 37.79000000000029 min: 0.7999999999999999 max: 50.00000000000044
Mean: 29.560000000000194 min: 2.9000000000000012 max: 50.00000000000044
Mean: 29.2100000000002 min: 0.7999999999999999 max: 50.00000000000044
Mean: 11.670000000000035 min: 0.7999999999999999 max: 50.00000000000044
Mean: 34.32000000000024 min: 2.3000000000000007 max: 50.00000000000044
Mean: 32.93000000000025 min: 0.7999999999999999 max: 50.00000000000044
Mean: 29.30000000000022 min: 0.9999999999999999 max: 50.00000000000044
Mean: 40.73000000000034 min: 3.600000000000002 max: 50.00000000000044
Mean: 40.83000000000034 min: 0.8999999999999999 max: 50.00000000000044
Mean: 25.36000000000019 min: 0.8999999999999999 max: 50.00000000000044
Mean: 34.8500000000003 min: 0.7999999999999999 max: 50.00000000000044
