Mean: 98.5 min: 9.0 max: 143.0
Mean: 145.5 min: 42.0 max: 323.0
Mean: 156.1 min: 35.0 max: 382.0
Mean: 220.9 min: 10.0 max: 404.0
Mean: 285.0 min: 125.0 max: 451.0
Mean: 270.7 min: 267.0 max: 304.0
Mean: 372.0 min: 372.0 max: 372.0
Mean: 320.7 min: 185.0 max: 500.0
Mean: 379.2 min: 210.0 max: 500.0
Mean: 414.7 min: 215.0 max: 500.0
Mean: 445.8 min: 196.0 max: 500.0
Mean: 397.8 min: 307.0 max: 500.0
Mean: 488.2 min: 441.0 max: 500.0
Mean: 436.0 min: 340.0 max: 500.0
Mean: 472.8 min: 228.0 max: 500.0
Mean: 475.6 min: 256.0 max: 500.0
Mean: 500.0 min: 500.0 max: 500.0
Mean: 500.0 min: 500.0 max: 500.0
Mean: 416.5 min: 262.0 max: 500.0
Mean: 483.3 min: 333.0 max: 500.0
Mean: 500.0 min: 500.0 max: 500.0
Mean: 482.4 min: 324.0 max: 500.0
Mean: 497.4 min: 487.0 max: 500.0
Mean: 431.6 min: 386.0 max: 500.0
Mean: 500.0 min: 500.0 max: 500.0
