Mean: 13.966666666666667 min: 9.0 max: 141.0
Mean: 72.83333333333333 min: 8.0 max: 158.0
Mean: 134.5 min: 8.0 max: 193.0
Mean: 139.63333333333333 min: 118.0 max: 266.0
Mean: 154.53333333333333 min: 109.0 max: 500.0
Mean: 185.43333333333334 min: 108.0 max: 500.0
Mean: 275.1666666666667 min: 122.0 max: 500.0
Mean: 416.1 min: 140.0 max: 500.0
Mean: 443.3333333333333 min: 135.0 max: 500.0
Mean: 500.0 min: 500.0 max: 500.0
Mean: 500.0 min: 500.0 max: 500.0
Mean: 500.0 min: 500.0 max: 500.0
Mean: 500.0 min: 500.0 max: 500.0
Mean: 500.0 min: 500.0 max: 500.0
Mean: 500.0 min: 500.0 max: 500.0
Mean: 500.0 min: 500.0 max: 500.0
Mean: 500.0 min: 500.0 max: 500.0
Mean: 500.0 min: 500.0 max: 500.0
Mean: 500.0 min: 500.0 max: 500.0
Mean: 500.0 min: 500.0 max: 500.0
Mean: 500.0 min: 500.0 max: 500.0
Mean: 500.0 min: 500.0 max: 500.0
Mean: 500.0 min: 500.0 max: 500.0
Mean: 500.0 min: 500.0 max: 500.0
Mean: 500.0 min: 500.0 max: 500.0
