Mean: 30.5 min: 8.0 max: 62.0
Mean: 46.0 min: 10.0 max: 119.0
Mean: 74.2 min: 23.0 max: 211.0
Mean: 126.1 min: 30.0 max: 500.0
Mean: 177.1 min: 18.0 max: 500.0
Mean: 390.4 min: 134.0 max: 500.0
Mean: 468.2 min: 182.0 max: 500.0
Mean: 500.0 min: 500.0 max: 500.0
Mean: 267.1 min: 83.0 max: 500.0
Mean: 500.0 min: 500.0 max: 500.0
Mean: 205.3 min: 148.0 max: 500.0
Mean: 408.5 min: 151.0 max: 500.0
Mean: 461.1 min: 111.0 max: 500.0
Mean: 500.0 min: 500.0 max: 500.0
Mean: 377.7 min: 11.0 max: 500.0
Mean: 466.8 min: 168.0 max: 500.0
Mean: 445.4 min: 186.0 max: 500.0
Mean: 497.5 min: 475.0 max: 500.0
Mean: 465.5 min: 385.0 max: 500.0
Mean: 403.1 min: 177.0 max: 500.0
Mean: 393.5 min: 131.0 max: 500.0
Mean: 500.0 min: 500.0 max: 500.0
Mean: 500.0 min: 500.0 max: 500.0
Mean: 417.9 min: 243.0 max: 500.0
Mean: 365.4 min: 215.0 max: 500.0
