Mean: 0.97 min: 0.7999999999999999 max: 1.3
Mean: 1.6200000000000003 min: 0.8999999999999999 max: 4.300000000000001
Mean: 3.309999999999998 min: 0.8999999999999999 max: 10.499999999999979
Mean: 6.73999999999999 min: 1.0999999999999999 max: 11.499999999999975
Mean: 6.6099999999999905 min: 0.7999999999999999 max: 13.599999999999968
Mean: 12.400000000000016 min: 4.5 max: 40.500000000000306
Mean: 20.920000000000066 min: 4.5 max: 39.9000000000003
Mean: 22.270000000000152 min: 0.7999999999999999 max: 50.00000000000044
Mean: 31.040000000000212 min: 0.7999999999999999 max: 50.00000000000044
Mean: 25.99000000000022 min: 0.8999999999999999 max: 50.00000000000044
Mean: 42.19000000000035 min: 8.799999999999985 max: 50.00000000000044
Mean: 26.22000000000022 min: 0.7999999999999999 max: 50.00000000000044
Mean: 35.82000000000029 min: 0.8999999999999999 max: 50.00000000000044
Mean: 36.01000000000031 min: 0.8999999999999999 max: 50.00000000000044
Mean: 35.29000000000031 min: 0.8999999999999999 max: 50.00000000000044
Mean: 45.090000000000394 min: 0.8999999999999999 max: 50.00000000000044
Mean: 23.850000000000176 min: 0.9999999999999999 max: 50.00000000000044
Mean: 37.65000000000031 min: 0.9999999999999999 max: 50.00000000000044
Mean: 29.440000000000218 min: 0.9999999999999999 max: 50.00000000000044
Mean: 23.37000000000018 min: 0.8999999999999999 max: 50.00000000000044
Mean: 33.72000000000029 min: 0.7999999999999999 max: 50.00000000000044
Mean: 20.04000000000012 min: 0.8999999999999999 max: 50.00000000000044
Mean: 25.86000000000022 min: 0.8999999999999999 max: 50.00000000000044
Mean: 26.08000000000022 min: 0.8999999999999999 max: 50.00000000000044
Mean: 32.91000000000027 min: 0.9999999999999999 max: 50.00000000000044
Mean: 30.68000000000027 min: 0.8999999999999999 max: 50.00000000000044
Mean: 34.750000000000284 min: 0.9999999999999999 max: 50.00000000000044
Mean: 36.6900000000003 min: 0.9999999999999999 max: 50.00000000000044
Mean: 39.90000000000032 min: 4.6 max: 50.00000000000044
Mean: 26.890000000000214 min: 0.9999999999999999 max: 50.00000000000044
Mean: 28.700000000000227 min: 0.8999999999999999 max: 50.00000000000044
Mean: 35.37000000000031 min: 0.9999999999999999 max: 50.00000000000044
Mean: 35.30000000000031 min: 0.9999999999999999 max: 50.00000000000044
Mean: 35.500000000000306 min: 0.9999999999999999 max: 50.00000000000044
Mean: 36.740000000000286 min: 0.9999999999999999 max: 50.00000000000044
Mean: 35.74000000000031 min: 0.9999999999999999 max: 50.00000000000044
Mean: 37.1600000000003 min: 0.9999999999999999 max: 50.00000000000044
Mean: 33.220000000000255 min: 0.8999999999999999 max: 50.00000000000044
Mean: 45.940000000000396 min: 9.399999999999983 max: 50.00000000000044
Mean: 36.4200000000003 min: 0.8999999999999999 max: 50.00000000000044
Mean: 36.320000000000306 min: 0.8999999999999999 max: 50.00000000000044
Mean: 22.890000000000175 min: 0.8999999999999999 max: 50.00000000000044
Mean: 24.59000000000017 min: 1.0999999999999999 max: 50.00000000000044
Mean: 21.230000000000118 min: 0.8999999999999999 max: 50.00000000000044
Mean: 23.860000000000174 min: 0.8999999999999999 max: 50.00000000000044
Mean: 35.82000000000031 min: 0.9999999999999999 max: 50.00000000000044
Mean: 23.090000000000174 min: 0.8999999999999999 max: 50.00000000000044
Mean: 34.25000000000026 min: 0.9999999999999999 max: 50.00000000000044
Mean: 22.520000000000174 min: 0.8999999999999999 max: 50.00000000000044
Mean: 35.35000000000029 min: 0.9999999999999999 max: 50.00000000000044
Mean: 42.02000000000035 min: 0.8999999999999999 max: 50.00000000000044
Mean: 34.49000000000025 min: 0.8999999999999999 max: 50.00000000000044
Mean: 25.720000000000162 min: 0.9999999999999999 max: 50.00000000000044
Mean: 28.800000000000203 min: 1.5000000000000002 max: 50.00000000000044
Mean: 42.50000000000036 min: 0.8999999999999999 max: 50.00000000000044
Mean: 29.700000000000234 min: 0.7999999999999999 max: 50.00000000000044
Mean: 24.54000000000017 min: 0.8999999999999999 max: 50.00000000000044
Mean: 32.41000000000027 min: 1.3 max: 50.00000000000044
Mean: 26.950000000000223 min: 0.7999999999999999 max: 50.00000000000044
Mean: 23.76000000000012 min: 0.9999999999999999 max: 50.00000000000044
Mean: 32.86000000000026 min: 1.2 max: 50.00000000000044
Mean: 40.20000000000035 min: 0.9999999999999999 max: 50.00000000000044
Mean: 29.56000000000023 min: 0.8999999999999999 max: 50.00000000000044
Mean: 34.92000000000026 min: 0.9999999999999999 max: 50.00000000000044
Mean: 37.000000000000306 min: 0.7999999999999999 max: 50.00000000000044
Mean: 33.02000000000027 min: 0.9999999999999999 max: 50.00000000000044
Mean: 15.840000000000089 min: 0.7999999999999999 max: 50.00000000000044
Mean: 31.070000000000228 min: 0.8999999999999999 max: 50.00000000000044
Mean: 35.87000000000029 min: 0.7999999999999999 max: 50.00000000000044
Mean: 34.65000000000027 min: 3.800000000000002 max: 50.00000000000044
Mean: 31.84000000000023 min: 0.7999999999999999 max: 50.00000000000044
Mean: 41.31000000000035 min: 0.8999999999999999 max: 50.00000000000044
Mean: 20.01000000000013 min: 0.9999999999999999 max: 50.00000000000044
Mean: 35.420000000000286 min: 0.8999999999999999 max: 50.00000000000044
Mean: 37.600000000000286 min: 9.099999999999984 max: 50.00000000000044
Mean: 18.620000000000083 min: 0.9999999999999999 max: 50.00000000000044
Mean: 35.030000000000285 min: 0.9999999999999999 max: 50.00000000000044
Mean: 33.530000000000264 min: 0.7999999999999999 max: 50.00000000000044
Mean: 35.15000000000026 min: 0.8999999999999999 max: 50.00000000000044
Mean: 43.15000000000035 min: 15.399999999999961 max: 50.00000000000044
Mean: 24.500000000000178 min: 0.8999999999999999 max: 50.00000000000044
Mean: 21.24000000000014 min: 0.7999999999999999 max: 50.00000000000044
Mean: 29.280000000000236 min: 0.7999999999999999 max: 50.00000000000044
Mean: 30.110000000000213 min: 0.8999999999999999 max: 50.00000000000044
Mean: 31.90000000000026 min: 0.8999999999999999 max: 50.00000000000044
Mean: 27.170000000000222 min: 0.7999999999999999 max: 50.00000000000044
Mean: 37.39000000000031 min: 0.8999999999999999 max: 50.00000000000044
Mean: 34.44000000000027 min: 0.8999999999999999 max: 50.00000000000044
Mean: 32.90000000000025 min: 0.9999999999999999 max: 50.00000000000044
Mean: 18.580000000000126 min: 0.8999999999999999 max: 50.00000000000044
Mean: 25.920000000000222 min: 0.8999999999999999 max: 50.00000000000044
Mean: 26.760000000000225 min: 1.3 max: 50.00000000000044
Mean: 45.2100000000004 min: 2.1000000000000005 max: 50.00000000000044
