Mean: 20.86 min: 8.0 max: 149.0
Mean: 65.02 min: 8.0 max: 189.0
Mean: 93.24 min: 8.0 max: 218.0
Mean: 121.12 min: 9.0 max: 259.0
Mean: 169.74 min: 53.0 max: 281.0
Mean: 190.12 min: 49.0 max: 315.0
Mean: 205.62 min: 28.0 max: 500.0
Mean: 217.8 min: 37.0 max: 500.0
Mean: 255.82 min: 112.0 max: 500.0
Mean: 339.94 min: 108.0 max: 500.0
Mean: 371.92 min: 138.0 max: 500.0
Mean: 424.04 min: 142.0 max: 500.0
Mean: 449.08 min: 183.0 max: 500.0
Mean: 458.98 min: 124.0 max: 500.0
Mean: 484.16 min: 148.0 max: 500.0
Mean: 476.04 min: 99.0 max: 500.0
Mean: 482.42 min: 168.0 max: 500.0
Mean: 471.64 min: 186.0 max: 500.0
Mean: 494.28 min: 391.0 max: 500.0
Mean: 490.14 min: 277.0 max: 500.0
Mean: 496.84 min: 402.0 max: 500.0
Mean: 487.8 min: 369.0 max: 500.0
Mean: 484.02 min: 165.0 max: 500.0
Mean: 497.0 min: 398.0 max: 500.0
Mean: 483.4 min: 270.0 max: 500.0
