Mean: 16.3 min: 8.0 max: 141.0
Mean: 41.13333333333333 min: 9.0 max: 139.0
Mean: 108.06666666666666 min: 8.0 max: 174.0
Mean: 141.73333333333332 min: 94.0 max: 388.0
Mean: 180.76666666666668 min: 78.0 max: 500.0
Mean: 193.33333333333334 min: 9.0 max: 500.0
Mean: 273.8333333333333 min: 90.0 max: 500.0
Mean: 372.1 min: 76.0 max: 500.0
Mean: 343.3333333333333 min: 90.0 max: 500.0
Mean: 457.43333333333334 min: 72.0 max: 500.0
Mean: 481.06666666666666 min: 203.0 max: 500.0
Mean: 500.0 min: 500.0 max: 500.0
Mean: 500.0 min: 500.0 max: 500.0
Mean: 400.73333333333335 min: 131.0 max: 500.0
Mean: 464.93333333333334 min: 237.0 max: 500.0
Mean: 367.6333333333333 min: 147.0 max: 500.0
Mean: 471.0 min: 260.0 max: 500.0
Mean: 463.53333333333336 min: 198.0 max: 500.0
Mean: 483.73333333333335 min: 182.0 max: 500.0
Mean: 477.1666666666667 min: 338.0 max: 500.0
Mean: 413.06666666666666 min: 9.0 max: 500.0
Mean: 459.1 min: 295.0 max: 500.0
Mean: 471.56666666666666 min: 367.0 max: 500.0
Mean: 484.2 min: 375.0 max: 500.0
Mean: 493.6333333333333 min: 309.0 max: 500.0
