Mean: 13.86 min: 8.0 max: 100.0
Mean: 28.04 min: 8.0 max: 98.0
Mean: 60.96 min: 8.0 max: 137.0
Mean: 99.2 min: 10.0 max: 147.0
Mean: 96.9 min: 42.0 max: 149.0
Mean: 108.66 min: 9.0 max: 299.0
Mean: 111.46 min: 83.0 max: 314.0
Mean: 120.18 min: 10.0 max: 500.0
Mean: 161.32 min: 91.0 max: 500.0
Mean: 244.62 min: 91.0 max: 500.0
Mean: 344.08 min: 97.0 max: 500.0
Mean: 404.6 min: 93.0 max: 500.0
Mean: 473.64 min: 171.0 max: 500.0
Mean: 484.76 min: 246.0 max: 500.0
Mean: 486.48 min: 162.0 max: 500.0
Mean: 494.5 min: 225.0 max: 500.0
Mean: 500.0 min: 500.0 max: 500.0
Mean: 500.0 min: 500.0 max: 500.0
Mean: 500.0 min: 500.0 max: 500.0
Mean: 500.0 min: 500.0 max: 500.0
Mean: 500.0 min: 500.0 max: 500.0
Mean: 500.0 min: 500.0 max: 500.0
Mean: 500.0 min: 500.0 max: 500.0
Mean: 500.0 min: 500.0 max: 500.0
Mean: 500.0 min: 500.0 max: 500.0
