Mean: 23.4 min: 9.0 max: 43.0
Mean: 29.2 min: 10.0 max: 49.0
Mean: 45.9 min: 36.0 max: 51.0
Mean: 50.5 min: 10.0 max: 171.0
Mean: 78.1 min: 16.0 max: 205.0
Mean: 118.7 min: 31.0 max: 164.0
Mean: 134.5 min: 22.0 max: 254.0
Mean: 153.2 min: 10.0 max: 352.0
Mean: 222.7 min: 104.0 max: 500.0
Mean: 308.4 min: 151.0 max: 500.0
Mean: 385.8 min: 149.0 max: 500.0
Mean: 452.8 min: 165.0 max: 500.0
Mean: 485.7 min: 357.0 max: 500.0
Mean: 436.6 min: 286.0 max: 500.0
Mean: 484.6 min: 346.0 max: 500.0
Mean: 478.1 min: 281.0 max: 500.0
Mean: 473.0 min: 365.0 max: 500.0
Mean: 471.0 min: 210.0 max: 500.0
Mean: 482.7 min: 327.0 max: 500.0
Mean: 453.8 min: 269.0 max: 500.0
Mean: 500.0 min: 500.0 max: 500.0
Mean: 500.0 min: 500.0 max: 500.0
Mean: 500.0 min: 500.0 max: 500.0
Mean: 500.0 min: 500.0 max: 500.0
Mean: 500.0 min: 500.0 max: 500.0
