Mean: 19.04 min: 8.0 max: 81.0
Mean: 52.36 min: 9.0 max: 232.0
Mean: 141.54 min: 8.0 max: 500.0
Mean: 234.32 min: 10.0 max: 500.0
Mean: 331.7 min: 11.0 max: 500.0
Mean: 427.48 min: 112.0 max: 500.0
Mean: 465.66 min: 130.0 max: 500.0
Mean: 493.9 min: 195.0 max: 500.0
Mean: 492.08 min: 464.0 max: 500.0
Mean: 500.0 min: 500.0 max: 500.0
Mean: 490.82 min: 244.0 max: 500.0
Mean: 500.0 min: 500.0 max: 500.0
Mean: 500.0 min: 500.0 max: 500.0
Mean: 500.0 min: 500.0 max: 500.0
Mean: 491.1 min: 411.0 max: 500.0
Mean: 500.0 min: 500.0 max: 500.0
Mean: 496.04 min: 401.0 max: 500.0
Mean: 500.0 min: 500.0 max: 500.0
Mean: 500.0 min: 500.0 max: 500.0
Mean: 500.0 min: 500.0 max: 500.0
Mean: 500.0 min: 500.0 max: 500.0
Mean: 500.0 min: 500.0 max: 500.0
Mean: 500.0 min: 500.0 max: 500.0
Mean: 500.0 min: 500.0 max: 500.0
Mean: 500.0 min: 500.0 max: 500.0
