Mean: 30.7 min: 8.0 max: 97.0
Mean: 32.44 min: 8.0 max: 380.0
Mean: 123.86 min: 8.0 max: 500.0
Mean: 280.44 min: 10.0 max: 500.0
Mean: 383.24 min: 30.0 max: 500.0
Mean: 380.04 min: 160.0 max: 500.0
Mean: 423.62 min: 76.0 max: 500.0
Mean: 403.26 min: 245.0 max: 500.0
Mean: 428.76 min: 252.0 max: 500.0
Mean: 420.94 min: 256.0 max: 500.0
Mean: 446.58 min: 256.0 max: 500.0
Mean: 453.14 min: 260.0 max: 500.0
Mean: 458.82 min: 232.0 max: 500.0
Mean: 457.82 min: 237.0 max: 500.0
Mean: 482.2 min: 256.0 max: 500.0
Mean: 492.88 min: 376.0 max: 500.0
Mean: 490.82 min: 267.0 max: 500.0
Mean: 490.38 min: 366.0 max: 500.0
Mean: 497.02 min: 351.0 max: 500.0
Mean: 500.0 min: 500.0 max: 500.0
Mean: 500.0 min: 500.0 max: 500.0
Mean: 500.0 min: 500.0 max: 500.0
Mean: 500.0 min: 500.0 max: 500.0
Mean: 500.0 min: 500.0 max: 500.0
Mean: 500.0 min: 500.0 max: 500.0
