Mean: 33.3 min: 9.0 max: 163.0
Mean: 137.6 min: 10.0 max: 165.0
Mean: 133.4 min: 127.0 max: 159.0
Mean: 137.7 min: 126.0 max: 165.0
Mean: 148.6 min: 137.0 max: 166.0
Mean: 137.6 min: 89.0 max: 189.0
Mean: 158.6 min: 107.0 max: 172.0
Mean: 233.5 min: 113.0 max: 346.0
Mean: 165.7 min: 115.0 max: 247.0
Mean: 257.4 min: 149.0 max: 500.0
Mean: 306.1 min: 10.0 max: 500.0
Mean: 395.7 min: 200.0 max: 500.0
Mean: 341.2 min: 206.0 max: 500.0
Mean: 464.4 min: 411.0 max: 500.0
Mean: 462.8 min: 314.0 max: 500.0
Mean: 466.1 min: 240.0 max: 500.0
Mean: 444.2 min: 221.0 max: 500.0
Mean: 500.0 min: 500.0 max: 500.0
Mean: 394.9 min: 41.0 max: 500.0
Mean: 500.0 min: 500.0 max: 500.0
Mean: 500.0 min: 500.0 max: 500.0
Mean: 384.4 min: 181.0 max: 500.0
Mean: 422.3 min: 230.0 max: 500.0
Mean: 479.4 min: 294.0 max: 500.0
Mean: 389.3 min: 197.0 max: 500.0
