Mean: 171.56 min: 9.0 max: 500.0
Mean: 275.7 min: 43.0 max: 477.0
Mean: 304.64 min: 60.0 max: 500.0
Mean: 261.02 min: 17.0 max: 500.0
Mean: 362.04 min: 14.0 max: 500.0
Mean: 382.4 min: 46.0 max: 500.0
Mean: 428.02 min: 206.0 max: 500.0
Mean: 453.8 min: 193.0 max: 500.0
Mean: 460.38 min: 303.0 max: 500.0
Mean: 463.2 min: 325.0 max: 500.0
Mean: 460.26 min: 407.0 max: 500.0
Mean: 480.76 min: 407.0 max: 500.0
Mean: 493.18 min: 344.0 max: 500.0
Mean: 495.7 min: 369.0 max: 500.0
Mean: 490.78 min: 402.0 max: 500.0
Mean: 490.44 min: 380.0 max: 500.0
Mean: 475.58 min: 399.0 max: 500.0
Mean: 459.82 min: 369.0 max: 500.0
Mean: 500.0 min: 500.0 max: 500.0
Mean: 498.84 min: 442.0 max: 500.0
Mean: 451.74 min: 325.0 max: 500.0
Mean: 469.14 min: 413.0 max: 500.0
Mean: 468.02 min: 365.0 max: 500.0
Mean: 500.0 min: 500.0 max: 500.0
Mean: 488.6 min: 405.0 max: 500.0
