Mean: 12.8 min: 9.0 max: 42.0
Mean: 10.2 min: 9.0 max: 12.0
Mean: 14.3 min: 8.0 max: 32.0
Mean: 34.0 min: 8.0 max: 134.0
Mean: 175.1 min: 29.0 max: 456.0
Mean: 247.7 min: 138.0 max: 427.0
Mean: 381.3 min: 177.0 max: 492.0
Mean: 428.7 min: 201.0 max: 500.0
Mean: 440.0 min: 364.0 max: 500.0
Mean: 451.0 min: 392.0 max: 500.0
Mean: 435.1 min: 353.0 max: 500.0
Mean: 471.4 min: 414.0 max: 500.0
Mean: 438.5 min: 321.0 max: 500.0
Mean: 450.3 min: 311.0 max: 500.0
Mean: 477.1 min: 429.0 max: 500.0
Mean: 452.2 min: 419.0 max: 500.0
Mean: 442.4 min: 390.0 max: 500.0
Mean: 442.9 min: 399.0 max: 500.0
Mean: 468.5 min: 437.0 max: 500.0
Mean: 445.5 min: 317.0 max: 500.0
Mean: 418.3 min: 264.0 max: 500.0
Mean: 461.0 min: 314.0 max: 500.0
Mean: 449.3 min: 235.0 max: 500.0
Mean: 483.5 min: 385.0 max: 500.0
Mean: 486.2 min: 393.0 max: 500.0
