Mean: 18.3 min: 8.0 max: 55.0
Mean: 37.7 min: 10.0 max: 67.0
Mean: 107.9 min: 22.0 max: 500.0
Mean: 280.8 min: 42.0 max: 486.0
Mean: 464.0 min: 140.0 max: 500.0
Mean: 436.0 min: 420.0 max: 500.0
Mean: 445.3 min: 269.0 max: 500.0
Mean: 462.1 min: 328.0 max: 500.0
Mean: 481.1 min: 311.0 max: 500.0
Mean: 500.0 min: 500.0 max: 500.0
Mean: 497.8 min: 478.0 max: 500.0
Mean: 492.0 min: 460.0 max: 500.0
Mean: 488.0 min: 476.0 max: 500.0
Mean: 488.8 min: 418.0 max: 500.0
Mean: 406.7 min: 361.0 max: 500.0
Mean: 499.2 min: 492.0 max: 500.0
Mean: 438.0 min: 404.0 max: 500.0
Mean: 491.6 min: 479.0 max: 500.0
Mean: 445.2 min: 389.0 max: 500.0
Mean: 437.0 min: 375.0 max: 500.0
Mean: 489.4 min: 454.0 max: 500.0
Mean: 480.8 min: 436.0 max: 500.0
Mean: 482.2 min: 434.0 max: 500.0
Mean: 493.4 min: 478.0 max: 500.0
Mean: 499.6 min: 496.0 max: 500.0
