Mean: 1.1300000000000001 min: 0.8999999999999999 max: 1.5000000000000002
Mean: 1.2100000000000002 min: 0.8999999999999999 max: 1.7000000000000004
Mean: 1.2200000000000002 min: 0.7999999999999999 max: 1.9000000000000006
Mean: 1.7800000000000005 min: 0.8999999999999999 max: 4.300000000000001
Mean: 1.7400000000000002 min: 0.7999999999999999 max: 4.5
Mean: 2.3999999999999986 min: 0.7999999999999999 max: 7.599999999999989
Mean: 2.75 min: 0.8999999999999999 max: 4.799999999999999
Mean: 5.160000000000012 min: 0.8999999999999999 max: 27.600000000000122
Mean: 11.07000000000001 min: 0.7999999999999999 max: 32.50000000000019
Mean: 15.35000000000004 min: 0.7999999999999999 max: 41.00000000000031
Mean: 13.210000000000045 min: 0.8999999999999999 max: 50.00000000000044
Mean: 20.960000000000143 min: 0.7999999999999999 max: 50.00000000000044
Mean: 35.52000000000031 min: 0.8999999999999999 max: 50.00000000000044
Mean: 33.90000000000025 min: 0.8999999999999999 max: 50.00000000000044
Mean: 30.740000000000265 min: 0.7999999999999999 max: 50.00000000000044
Mean: 33.50000000000027 min: 0.7999999999999999 max: 50.00000000000044
Mean: 39.82000000000035 min: 0.9999999999999999 max: 50.00000000000044
Mean: 31.760000000000264 min: 0.8999999999999999 max: 50.00000000000044
Mean: 39.43000000000034 min: 0.9999999999999999 max: 50.00000000000044
Mean: 37.530000000000314 min: 0.7999999999999999 max: 50.00000000000044
Mean: 32.39000000000027 min: 0.9999999999999999 max: 50.00000000000044
Mean: 32.92000000000026 min: 0.9999999999999999 max: 50.00000000000044
Mean: 29.12000000000024 min: 0.9999999999999999 max: 50.00000000000044
Mean: 27.230000000000217 min: 0.8999999999999999 max: 50.00000000000044
Mean: 38.1900000000003 min: 0.8999999999999999 max: 50.00000000000044
Mean: 32.69000000000026 min: 0.9999999999999999 max: 50.00000000000044
Mean: 21.570000000000178 min: 0.7999999999999999 max: 50.00000000000044
Mean: 45.86000000000038 min: 17.69999999999998 max: 50.00000000000044
Mean: 25.09000000000021 min: 0.7999999999999999 max: 50.00000000000044
Mean: 37.33000000000031 min: 0.9999999999999999 max: 50.00000000000044
Mean: 36.79000000000031 min: 0.8999999999999999 max: 50.00000000000044
Mean: 18.83000000000014 min: 0.8999999999999999 max: 50.00000000000044
Mean: 43.250000000000355 min: 6.399999999999993 max: 50.00000000000044
Mean: 35.51000000000031 min: 0.9999999999999999 max: 50.00000000000044
Mean: 36.6000000000003 min: 0.7999999999999999 max: 50.00000000000044
Mean: 39.030000000000335 min: 0.8999999999999999 max: 50.00000000000044
Mean: 30.340000000000238 min: 0.8999999999999999 max: 50.00000000000044
Mean: 26.100000000000176 min: 0.8999999999999999 max: 50.00000000000044
Mean: 33.650000000000276 min: 0.8999999999999999 max: 50.00000000000044
Mean: 31.15000000000025 min: 0.8999999999999999 max: 50.00000000000044
Mean: 33.97000000000027 min: 0.7999999999999999 max: 50.00000000000044
Mean: 28.54000000000022 min: 0.9999999999999999 max: 50.00000000000044
Mean: 14.650000000000091 min: 0.8999999999999999 max: 50.00000000000044
Mean: 31.76000000000023 min: 0.8999999999999999 max: 50.00000000000044
Mean: 30.790000000000248 min: 0.9999999999999999 max: 50.00000000000044
Mean: 11.700000000000037 min: 0.8999999999999999 max: 50.00000000000044
Mean: 16.340000000000135 min: 0.8999999999999999 max: 50.00000000000044
Mean: 27.920000000000226 min: 0.7999999999999999 max: 50.00000000000044
Mean: 38.48000000000032 min: 0.9999999999999999 max: 50.00000000000044
Mean: 20.71000000000013 min: 0.8999999999999999 max: 50.00000000000044
Mean: 15.020000000000115 min: 0.7999999999999999 max: 50.00000000000044
Mean: 32.93000000000028 min: 0.7999999999999999 max: 50.00000000000044
Mean: 29.050000000000228 min: 0.8999999999999999 max: 50.00000000000044
Mean: 21.360000000000177 min: 0.8999999999999999 max: 50.00000000000044
Mean: 40.19000000000035 min: 0.8999999999999999 max: 50.00000000000044
Mean: 39.870000000000346 min: 0.8999999999999999 max: 50.00000000000044
Mean: 27.36000000000022 min: 0.8999999999999999 max: 50.00000000000044
Mean: 24.33000000000019 min: 0.7999999999999999 max: 50.00000000000044
Mean: 23.500000000000192 min: 0.7999999999999999 max: 50.00000000000044
Mean: 19.660000000000135 min: 0.8999999999999999 max: 50.00000000000044
Mean: 33.88000000000029 min: 0.7999999999999999 max: 50.00000000000044
Mean: 27.800000000000228 min: 0.8999999999999999 max: 50.00000000000044
Mean: 33.03000000000027 min: 0.9999999999999999 max: 50.00000000000044
Mean: 42.700000000000365 min: 3.700000000000002 max: 50.00000000000044
Mean: 40.430000000000355 min: 0.9999999999999999 max: 50.00000000000044
Mean: 26.89000000000022 min: 0.7999999999999999 max: 50.00000000000044
Mean: 23.020000000000188 min: 0.8999999999999999 max: 50.00000000000044
Mean: 37.670000000000314 min: 0.7999999999999999 max: 50.00000000000044
Mean: 27.920000000000226 min: 0.8999999999999999 max: 50.00000000000044
Mean: 24.710000000000186 min: 0.8999999999999999 max: 50.00000000000044
Mean: 31.730000000000235 min: 0.9999999999999999 max: 50.00000000000044
Mean: 24.580000000000204 min: 0.7999999999999999 max: 50.00000000000044
Mean: 18.70000000000015 min: 0.8999999999999999 max: 50.00000000000044
Mean: 31.640000000000263 min: 0.7999999999999999 max: 50.00000000000044
Mean: 19.900000000000155 min: 0.7999999999999999 max: 50.00000000000044
Mean: 32.34000000000026 min: 0.8999999999999999 max: 50.00000000000044
Mean: 35.89000000000031 min: 0.8999999999999999 max: 50.00000000000044
Mean: 35.930000000000305 min: 0.8999999999999999 max: 50.00000000000044
Mean: 26.900000000000198 min: 0.7999999999999999 max: 50.00000000000044
Mean: 24.690000000000175 min: 0.9999999999999999 max: 50.00000000000044
Mean: 20.650000000000137 min: 0.8999999999999999 max: 50.00000000000044
Mean: 29.930000000000245 min: 0.7999999999999999 max: 50.00000000000044
Mean: 17.260000000000097 min: 0.7999999999999999 max: 50.00000000000044
Mean: 15.42000000000009 min: 0.8999999999999999 max: 50.00000000000044
Mean: 11.440000000000087 min: 0.8999999999999999 max: 50.00000000000044
Mean: 25.760000000000197 min: 0.8999999999999999 max: 50.00000000000044
Mean: 16.180000000000113 min: 0.8999999999999999 max: 50.00000000000044
Mean: 22.26000000000017 min: 0.9999999999999999 max: 50.00000000000044
Mean: 25.72000000000022 min: 0.7999999999999999 max: 50.00000000000044
Mean: 25.880000000000216 min: 0.8999999999999999 max: 50.00000000000044
Mean: 23.34000000000019 min: 0.8999999999999999 max: 50.00000000000044
Mean: 24.110000000000177 min: 0.8999999999999999 max: 50.00000000000044
Mean: 20.900000000000176 min: 0.8999999999999999 max: 50.00000000000044
Mean: 21.79000000000015 min: 0.8999999999999999 max: 50.00000000000044
Mean: 35.26000000000031 min: 0.7999999999999999 max: 50.00000000000044
Mean: 26.01000000000022 min: 0.8999999999999999 max: 50.00000000000044
Mean: 30.460000000000246 min: 0.8999999999999999 max: 50.00000000000044
Mean: 11.680000000000089 min: 0.7999999999999999 max: 50.00000000000044
