Mean: 15.14 min: 8.0 max: 104.0
Mean: 54.88 min: 8.0 max: 229.0
Mean: 114.9 min: 8.0 max: 347.0
Mean: 198.98 min: 10.0 max: 500.0
Mean: 245.92 min: 10.0 max: 500.0
Mean: 322.32 min: 10.0 max: 500.0
Mean: 391.24 min: 8.0 max: 500.0
Mean: 426.08 min: 123.0 max: 500.0
Mean: 461.58 min: 129.0 max: 500.0
Mean: 481.36 min: 215.0 max: 500.0
Mean: 494.26 min: 297.0 max: 500.0
Mean: 496.1 min: 305.0 max: 500.0
Mean: 488.54 min: 309.0 max: 500.0
Mean: 500.0 min: 500.0 max: 500.0
Mean: 493.9 min: 195.0 max: 500.0
Mean: 500.0 min: 500.0 max: 500.0
Mean: 476.08 min: 201.0 max: 500.0
Mean: 500.0 min: 500.0 max: 500.0
Mean: 500.0 min: 500.0 max: 500.0
Mean: 500.0 min: 500.0 max: 500.0
Mean: 500.0 min: 500.0 max: 500.0
Mean: 500.0 min: 500.0 max: 500.0
Mean: 500.0 min: 500.0 max: 500.0
Mean: 500.0 min: 500.0 max: 500.0
Mean: 500.0 min: 500.0 max: 500.0
