Mean: 11.4 min: 8.0 max: 39.0
Mean: 30.2 min: 9.0 max: 227.0
Mean: 179.7 min: 8.0 max: 500.0
Mean: 258.1 min: 10.0 max: 500.0
Mean: 292.8666666666667 min: 75.0 max: 500.0
Mean: 392.9 min: 135.0 max: 500.0
Mean: 408.96666666666664 min: 9.0 max: 500.0
Mean: 465.0 min: 202.0 max: 500.0
Mean: 485.8333333333333 min: 208.0 max: 500.0
Mean: 500.0 min: 500.0 max: 500.0
Mean: 484.93333333333334 min: 387.0 max: 500.0
Mean: 455.3333333333333 min: 232.0 max: 500.0
Mean: 500.0 min: 500.0 max: 500.0
Mean: 500.0 min: 500.0 max: 500.0
Mean: 500.0 min: 500.0 max: 500.0
Mean: 476.0 min: 356.0 max: 500.0
Mean: 500.0 min: 500.0 max: 500.0
Mean: 500.0 min: 500.0 max: 500.0
Mean: 500.0 min: 500.0 max: 500.0
Mean: 500.0 min: 500.0 max: 500.0
Mean: 500.0 min: 500.0 max: 500.0
Mean: 500.0 min: 500.0 max: 500.0
Mean: 500.0 min: 500.0 max: 500.0
Mean: 494.8333333333333 min: 345.0 max: 500.0
Mean: 497.3 min: 419.0 max: 500.0
