Mean: 12.7 min: 9.0 max: 111.0
Mean: 29.7 min: 8.0 max: 154.0
Mean: 96.88 min: 9.0 max: 500.0
Mean: 159.26 min: 18.0 max: 500.0
Mean: 239.18 min: 77.0 max: 500.0
Mean: 378.38 min: 92.0 max: 500.0
Mean: 458.78 min: 80.0 max: 500.0
Mean: 464.22 min: 153.0 max: 500.0
Mean: 495.16 min: 394.0 max: 500.0
Mean: 500.0 min: 500.0 max: 500.0
Mean: 500.0 min: 500.0 max: 500.0
Mean: 500.0 min: 500.0 max: 500.0
Mean: 500.0 min: 500.0 max: 500.0
Mean: 500.0 min: 500.0 max: 500.0
Mean: 500.0 min: 500.0 max: 500.0
Mean: 496.32 min: 408.0 max: 500.0
Mean: 500.0 min: 500.0 max: 500.0
Mean: 500.0 min: 500.0 max: 500.0
Mean: 500.0 min: 500.0 max: 500.0
Mean: 500.0 min: 500.0 max: 500.0
Mean: 500.0 min: 500.0 max: 500.0
Mean: 500.0 min: 500.0 max: 500.0
Mean: 483.28 min: 446.0 max: 500.0
Mean: 498.32 min: 416.0 max: 500.0
Mean: 493.2 min: 160.0 max: 500.0
