Mean: 11.533333333333333 min: 8.0 max: 63.0
Mean: 19.066666666666666 min: 8.0 max: 73.0
Mean: 75.26666666666667 min: 8.0 max: 210.0
Mean: 86.2 min: 58.0 max: 277.0
Mean: 94.5 min: 58.0 max: 218.0
Mean: 109.26666666666667 min: 52.0 max: 343.0
Mean: 149.43333333333334 min: 8.0 max: 400.0
Mean: 138.13333333333333 min: 9.0 max: 500.0
Mean: 189.13333333333333 min: 60.0 max: 304.0
Mean: 225.96666666666667 min: 69.0 max: 500.0
Mean: 266.0 min: 147.0 max: 500.0
Mean: 284.06666666666666 min: 191.0 max: 500.0
Mean: 291.76666666666665 min: 163.0 max: 500.0
Mean: 343.73333333333335 min: 161.0 max: 500.0
Mean: 381.8666666666667 min: 181.0 max: 500.0
Mean: 466.3 min: 159.0 max: 500.0
Mean: 500.0 min: 500.0 max: 500.0
Mean: 500.0 min: 500.0 max: 500.0
Mean: 500.0 min: 500.0 max: 500.0
Mean: 500.0 min: 500.0 max: 500.0
Mean: 500.0 min: 500.0 max: 500.0
Mean: 500.0 min: 500.0 max: 500.0
Mean: 500.0 min: 500.0 max: 500.0
Mean: 500.0 min: 500.0 max: 500.0
Mean: 500.0 min: 500.0 max: 500.0
