Mean: 12.966666666666667 min: 8.0 max: 29.0
Mean: 16.033333333333335 min: 9.0 max: 42.0
Mean: 46.766666666666666 min: 9.0 max: 96.0
Mean: 44.5 min: 9.0 max: 71.0
Mean: 36.43333333333333 min: 10.0 max: 66.0
Mean: 42.53333333333333 min: 8.0 max: 276.0
Mean: 78.93333333333334 min: 8.0 max: 338.0
Mean: 227.2 min: 9.0 max: 500.0
Mean: 283.03333333333336 min: 52.0 max: 500.0
Mean: 301.1666666666667 min: 206.0 max: 500.0
Mean: 326.8666666666667 min: 206.0 max: 500.0
Mean: 351.1666666666667 min: 226.0 max: 500.0
Mean: 346.8 min: 94.0 max: 500.0
Mean: 399.2 min: 220.0 max: 500.0
Mean: 424.0 min: 233.0 max: 500.0
Mean: 461.03333333333336 min: 248.0 max: 500.0
Mean: 457.06666666666666 min: 234.0 max: 500.0
Mean: 483.9 min: 296.0 max: 500.0
Mean: 479.8 min: 284.0 max: 500.0
Mean: 499.5 min: 495.0 max: 500.0
Mean: 500.0 min: 500.0 max: 500.0
Mean: 500.0 min: 500.0 max: 500.0
Mean: 500.0 min: 500.0 max: 500.0
Mean: 500.0 min: 500.0 max: 500.0
Mean: 499.1333333333333 min: 474.0 max: 500.0
