Mean: 25.2 min: 8.0 max: 143.0
Mean: 95.9 min: 9.0 max: 201.0
Mean: 111.4 min: 9.0 max: 160.0
Mean: 143.7 min: 116.0 max: 191.0
Mean: 221.3 min: 163.0 max: 269.0
Mean: 197.0 min: 141.0 max: 500.0
Mean: 238.1 min: 163.0 max: 500.0
Mean: 258.3 min: 137.0 max: 500.0
Mean: 330.5 min: 134.0 max: 500.0
Mean: 444.5 min: 190.0 max: 500.0
Mean: 500.0 min: 500.0 max: 500.0
Mean: 475.5 min: 255.0 max: 500.0
Mean: 414.7 min: 315.0 max: 500.0
Mean: 448.6 min: 243.0 max: 500.0
Mean: 500.0 min: 500.0 max: 500.0
Mean: 500.0 min: 500.0 max: 500.0
Mean: 500.0 min: 500.0 max: 500.0
Mean: 500.0 min: 500.0 max: 500.0
Mean: 500.0 min: 500.0 max: 500.0
Mean: 500.0 min: 500.0 max: 500.0
Mean: 500.0 min: 500.0 max: 500.0
Mean: 451.1 min: 326.0 max: 500.0
Mean: 500.0 min: 500.0 max: 500.0
Mean: 500.0 min: 500.0 max: 500.0
Mean: 473.0 min: 365.0 max: 500.0
