Mean: 0.9400000000000001 min: 0.7999999999999999 max: 0.9999999999999999
Mean: 0.9400000000000001 min: 0.7999999999999999 max: 1.0999999999999999
Mean: 1.529999999999999 min: 0.7999999999999999 max: 7.29999999999999
Mean: 3.969999999999994 min: 0.8999999999999999 max: 8.899999999999984
Mean: 7.139999999999989 min: 1.9000000000000006 max: 15.69999999999996
Mean: 12.900000000000029 min: 1.0999999999999999 max: 50.00000000000044
Mean: 27.44000000000018 min: 0.9999999999999999 max: 50.00000000000044
Mean: 40.36000000000031 min: 16.99999999999997 max: 50.00000000000044
Mean: 29.910000000000224 min: 0.9999999999999999 max: 50.00000000000044
Mean: 48.21000000000042 min: 32.100000000000186 max: 50.00000000000044
Mean: 40.19000000000035 min: 0.8999999999999999 max: 50.00000000000044
Mean: 48.01000000000041 min: 30.100000000000158 max: 50.00000000000044
Mean: 45.1000000000004 min: 0.9999999999999999 max: 50.00000000000044
Mean: 42.14000000000035 min: 0.8999999999999999 max: 50.00000000000044
Mean: 35.27000000000031 min: 0.7999999999999999 max: 50.00000000000044
Mean: 45.090000000000394 min: 0.8999999999999999 max: 50.00000000000044
Mean: 46.0700000000004 min: 10.699999999999978 max: 50.00000000000044
Mean: 50.00000000000044 min: 50.00000000000044 max: 50.00000000000044
Mean: 46.31000000000039 min: 13.09999999999997 max: 50.00000000000044
Mean: 45.1000000000004 min: 0.9999999999999999 max: 50.00000000000044
Mean: 50.00000000000044 min: 50.00000000000044 max: 50.00000000000044
Mean: 45.080000000000396 min: 0.7999999999999999 max: 50.00000000000044
Mean: 40.44000000000035 min: 0.9999999999999999 max: 50.00000000000044
Mean: 40.180000000000355 min: 0.8999999999999999 max: 50.00000000000044
Mean: 50.00000000000044 min: 50.00000000000044 max: 50.00000000000044
Mean: 42.20000000000035 min: 0.8999999999999999 max: 50.00000000000044
Mean: 50.00000000000044 min: 50.00000000000044 max: 50.00000000000044
Mean: 36.66000000000031 min: 1.2 max: 50.00000000000044
Mean: 44.07000000000038 min: 0.9999999999999999 max: 50.00000000000044
Mean: 50.00000000000044 min: 50.00000000000044 max: 50.00000000000044
Mean: 45.1000000000004 min: 0.9999999999999999 max: 50.00000000000044
Mean: 46.580000000000396 min: 15.79999999999996 max: 50.00000000000044
Mean: 45.1000000000004 min: 0.9999999999999999 max: 50.00000000000044
Mean: 43.60000000000038 min: 0.9999999999999999 max: 50.00000000000044
Mean: 41.58000000000035 min: 0.9999999999999999 max: 50.00000000000044
Mean: 40.27000000000035 min: 0.8999999999999999 max: 50.00000000000044
Mean: 38.81000000000033 min: 0.9999999999999999 max: 50.00000000000044
Mean: 33.830000000000226 min: 6.799999999999992 max: 50.00000000000044
Mean: 45.090000000000394 min: 0.8999999999999999 max: 50.00000000000044
Mean: 45.090000000000394 min: 0.8999999999999999 max: 50.00000000000044
Mean: 45.190000000000396 min: 1.9000000000000006 max: 50.00000000000044
Mean: 36.06000000000031 min: 1.4000000000000001 max: 50.00000000000044
Mean: 37.83000000000031 min: 0.8999999999999999 max: 50.00000000000044
Mean: 40.250000000000355 min: 0.9999999999999999 max: 50.00000000000044
Mean: 45.080000000000396 min: 0.7999999999999999 max: 50.00000000000044
Mean: 45.090000000000394 min: 0.8999999999999999 max: 50.00000000000044
Mean: 30.760000000000264 min: 0.8999999999999999 max: 50.00000000000044
Mean: 40.210000000000356 min: 0.8999999999999999 max: 50.00000000000044
Mean: 47.070000000000405 min: 20.700000000000024 max: 50.00000000000044
Mean: 45.1000000000004 min: 0.9999999999999999 max: 50.00000000000044
Mean: 50.00000000000044 min: 50.00000000000044 max: 50.00000000000044
Mean: 45.3800000000004 min: 3.800000000000002 max: 50.00000000000044
Mean: 45.090000000000394 min: 0.8999999999999999 max: 50.00000000000044
Mean: 50.00000000000044 min: 50.00000000000044 max: 50.00000000000044
Mean: 45.080000000000396 min: 0.7999999999999999 max: 50.00000000000044
Mean: 42.530000000000356 min: 5.4999999999999964 max: 50.00000000000044
Mean: 50.00000000000044 min: 50.00000000000044 max: 50.00000000000044
Mean: 45.080000000000396 min: 0.7999999999999999 max: 50.00000000000044
Mean: 47.390000000000406 min: 23.90000000000007 max: 50.00000000000044
Mean: 37.83000000000031 min: 1.3 max: 50.00000000000044
Mean: 50.00000000000044 min: 50.00000000000044 max: 50.00000000000044
Mean: 50.00000000000044 min: 50.00000000000044 max: 50.00000000000044
Mean: 44.600000000000385 min: 6.099999999999994 max: 50.00000000000044
Mean: 40.51000000000035 min: 0.8999999999999999 max: 50.00000000000044
Mean: 45.080000000000396 min: 0.7999999999999999 max: 50.00000000000044
Mean: 50.00000000000044 min: 50.00000000000044 max: 50.00000000000044
Mean: 40.17000000000035 min: 0.7999999999999999 max: 50.00000000000044
Mean: 40.17000000000035 min: 0.7999999999999999 max: 50.00000000000044
Mean: 45.800000000000395 min: 7.999999999999988 max: 50.00000000000044
Mean: 40.41000000000035 min: 0.9999999999999999 max: 50.00000000000044
Mean: 36.53000000000031 min: 2.500000000000001 max: 50.00000000000044
Mean: 40.94000000000035 min: 3.5000000000000018 max: 50.00000000000044
Mean: 41.110000000000355 min: 4.200000000000001 max: 50.00000000000044
Mean: 40.20000000000035 min: 0.9999999999999999 max: 50.00000000000044
Mean: 35.26000000000031 min: 0.7999999999999999 max: 50.00000000000044
Mean: 45.840000000000394 min: 8.399999999999986 max: 50.00000000000044
Mean: 38.3000000000003 min: 3.2000000000000015 max: 50.00000000000044
Mean: 38.85000000000031 min: 4.699999999999999 max: 50.00000000000044
Mean: 50.00000000000044 min: 50.00000000000044 max: 50.00000000000044
Mean: 41.34000000000035 min: 0.9999999999999999 max: 50.00000000000044
Mean: 45.1000000000004 min: 0.9999999999999999 max: 50.00000000000044
Mean: 45.550000000000395 min: 5.4999999999999964 max: 50.00000000000044
Mean: 50.00000000000044 min: 50.00000000000044 max: 50.00000000000044
Mean: 41.71000000000035 min: 0.8999999999999999 max: 50.00000000000044
Mean: 34.2800000000003 min: 0.9999999999999999 max: 50.00000000000044
Mean: 45.8200000000004 min: 8.199999999999987 max: 50.00000000000044
Mean: 40.19000000000035 min: 0.8999999999999999 max: 50.00000000000044
Mean: 45.080000000000396 min: 0.7999999999999999 max: 50.00000000000044
Mean: 35.28000000000031 min: 0.7999999999999999 max: 50.00000000000044
Mean: 40.19000000000035 min: 0.8999999999999999 max: 50.00000000000044
Mean: 40.19000000000035 min: 0.8999999999999999 max: 50.00000000000044
Mean: 28.27000000000023 min: 0.7999999999999999 max: 50.00000000000044
Mean: 46.6500000000004 min: 25.000000000000085 max: 50.00000000000044
Mean: 40.56000000000036 min: 0.9999999999999999 max: 50.00000000000044
Mean: 45.1000000000004 min: 0.9999999999999999 max: 50.00000000000044
Mean: 47.73000000000041 min: 27.300000000000118 max: 50.00000000000044
Mean: 45.1000000000004 min: 0.9999999999999999 max: 50.00000000000044
Mean: 42.31000000000036 min: 5.4999999999999964 max: 50.00000000000044
Mean: 45.1000000000004 min: 0.9999999999999999 max: 50.00000000000044
Mean: 45.300000000000395 min: 3.0000000000000013 max: 50.00000000000044
