Mean: 38.86666666666667 min: 8.0 max: 83.0
Mean: 61.5 min: 9.0 max: 137.0
Mean: 101.7 min: 9.0 max: 304.0
Mean: 199.23333333333332 min: 9.0 max: 500.0
Mean: 234.8 min: 10.0 max: 500.0
Mean: 313.1 min: 73.0 max: 500.0
Mean: 393.3666666666667 min: 108.0 max: 500.0
Mean: 480.8666666666667 min: 252.0 max: 500.0
Mean: 500.0 min: 500.0 max: 500.0
Mean: 494.76666666666665 min: 424.0 max: 500.0
Mean: 500.0 min: 500.0 max: 500.0
Mean: 500.0 min: 500.0 max: 500.0
Mean: 492.23333333333335 min: 369.0 max: 500.0
Mean: 500.0 min: 500.0 max: 500.0
Mean: 500.0 min: 500.0 max: 500.0
Mean: 488.6 min: 158.0 max: 500.0
Mean: 500.0 min: 500.0 max: 500.0
Mean: 496.2 min: 386.0 max: 500.0
Mean: 499.6666666666667 min: 490.0 max: 500.0
Mean: 500.0 min: 500.0 max: 500.0
Mean: 488.5 min: 155.0 max: 500.0
Mean: 500.0 min: 500.0 max: 500.0
Mean: 493.1666666666667 min: 465.0 max: 500.0
Mean: 476.1666666666667 min: 334.0 max: 500.0
Mean: 459.56666666666666 min: 274.0 max: 500.0
