Mean: -11.151426269127064 min: -11.968502512700422 max: -10.341840791341973
Mean: -9.862388235977244 min: -11.73164323085621 max: -2.231276380869753
Mean: -9.31353289535807 min: -11.785750834521341 max: -2.232661335496355
Mean: -7.940222872031337 min: -10.534378573034642 max: -2.220098396933398
Mean: -8.792161474326411 min: -11.534266283748671 max: -2.224097820870823
Mean: -8.00756251640679 min: -10.923580865581272 max: -2.2149937973440292
Mean: -9.549353772705224 min: -10.45729249324277 max: -1.8232119216519214
Mean: -8.303739731337789 min: -11.533231261022886 max: -1.8248170336361376
Mean: -7.821717062347287 min: -10.502111471513317 max: -1.8232742806739148
Mean: -8.287870338495042 min: -11.487027569247285 max: -1.8234330190716908
Mean: -8.725191695239708 min: -11.499033702208848 max: -1.8075563332385107
Mean: -10.27669661236941 min: -11.644331278079452 max: -1.6071894989296218
Mean: -10.24022119601333 min: -10.36782588369779 max: -10.15202191854215
Mean: -9.462430586028256 min: -11.526249298651145 max: -0.8470632306844549
Mean: -7.421603328082246 min: -11.500488341070277 max: -0.7656843472118608
Mean: -2.9096302625636525 min: -10.449716861076231 max: -0.7626517000337488
Mean: -2.353506480300345 min: -10.449369729597063 max: -0.7577239118487578
Mean: -4.420842292285226 min: -11.534584263638495 max: -0.7374877193804283
Mean: -10.646083492853837 min: -12.231806382764939 max: -2.8109624875506256
Mean: -10.458555729865674 min: -11.987763053478735 max: -2.812938117233833
Mean: -4.963096532290921 min: -11.344260387421896 max: -2.810579641298539
Mean: -4.459323545971545 min: -11.381234096243109 max: -2.8095008930395604
Mean: -2.825729173007245 min: -3.0005945660940276 max: -2.658738319106015
Mean: -4.110271799393431 min: -11.780894533901531 max: -2.660811880181588
Mean: -4.4346462002858775 min: -11.854395557563317 max: -2.6180485087918464
Mean: -4.4177978145382095 min: -11.63229297681986 max: -2.62907037999512
Mean: -3.879345180095476 min: -11.137859025640289 max: -2.63246346825677
Mean: -3.194678555592455 min: -11.700635363207322 max: -2.384328890813167
Mean: -4.706638351814304 min: -11.74196790643767 max: -2.3708097195928186
Mean: -4.122911393848184 min: -11.44481850582293 max: -2.3697032366004236
Mean: -3.309730099501833 min: -11.956264754122992 max: -2.361814697563269
Mean: -2.8707210082916688 min: -11.139298021322737 max: -2.362428015866761
Mean: -3.5519677742153553 min: -10.661776273075553 max: -2.1794821571009075
Mean: -5.323866272988843 min: -11.396921622209522 max: -2.161358506329463
Mean: -3.0184960352472787 min: -10.578395889368343 max: -1.7908408598839123
Mean: -5.884924107232474 min: -11.142229032135456 max: -1.7916072134254533
