Mean: -11.452183704933438 min: -11.875409213196548 max: -10.84438526181051
Mean: -10.547936484489778 min: -11.679106448450126 max: -6.147164956420488
Mean: -9.95206377078206 min: -11.020077701115484 max: -1.381541718801739
Mean: -9.533355571102348 min: -11.242134327970694 max: -6.1475177706546535
Mean: -10.564014179005985 min: -11.769779793118996 max: -6.159455152993674
Mean: -9.959959118263146 min: -11.04456886477874 max: -6.147307935052802
Mean: -10.542313994587385 min: -11.496011236514647 max: -6.170696079171854
Mean: -10.902444122003697 min: -11.07993148969443 max: -10.830065055527351
Mean: -10.890624447932463 min: -11.043926106336961 max: -10.69895598506642
Mean: -10.884988000960927 min: -11.00605575066389 max: -10.815501223691179
Mean: -10.802297887304565 min: -10.947035746464413 max: -10.667474332239665
Mean: -10.137918838705996 min: -11.013506714863826 max: -4.556311165865629
Mean: -7.0488887754767955 min: -10.835966278052517 max: -4.236609400121863
Mean: -4.3542031560010575 min: -4.736541848613001 max: -4.022348768580259
Mean: -4.067222031108661 min: -4.1493070976638595 max: -4.030277039060364
Mean: -4.752423618432082 min: -10.611185626748425 max: -4.064843612291127
Mean: -4.2773970689235385 min: -5.411320089872628 max: -4.030264736561664
Mean: -4.14307170400011 min: -4.849924511017486 max: -3.5477181921136105
Mean: -4.554092290712001 min: -10.362072848904615 max: -3.5417145074932668
Mean: -4.466889787464047 min: -10.565832016353564 max: -3.5400458380508857
Mean: -3.6100511373652617 min: -4.091003267211365 max: -3.5151018026489838
Mean: -5.102024767074861 min: -10.484420104309718 max: -3.5413821234053042
Mean: -3.8492142620630703 min: -5.092603937021254 max: -3.541730848539351
Mean: -4.345992087705243 min: -11.610779455887464 max: -3.529752697565628
Mean: -3.669746633026771 min: -4.41991345907794 max: -3.496038750613975
Mean: -3.5164350006266702 min: -3.530507061070577 max: -3.5016731537187233
Mean: -5.481305976636458 min: -10.507445417615257 max: -3.49349468429313
Mean: -5.674388623487724 min: -11.327210193758358 max: -1.3989616535758618
Mean: -5.109399155854347 min: -11.300456570295799 max: -1.4016901903458963
Mean: -3.0922476085635773 min: -9.887750566593692 max: -1.3972482940778466
Mean: -1.4010647679975061 min: -1.7405485061656483 max: -1.049163233606661
Mean: -4.38484818801428 min: -11.287411299551266 max: -1.049803196445145
Mean: -1.2567147263401441 min: -2.3022053510566907 max: -1.0474984557509612
Mean: -1.05140732808141 min: -1.066775441241757 max: -1.047441358135127
Mean: -1.1278818691025942 min: -1.5258841686840858 max: -1.039317901234033
Mean: -2.156932315845479 min: -11.197715722190559 max: -1.005248618393077
Mean: -2.2701267027210514 min: -11.308867051574987 max: -0.8648220975752254
Mean: -4.863327002104495 min: -11.250208608814017 max: -0.9177241400637579
Mean: -3.3588911809095543 min: -11.249541681661553 max: -0.864190248292896
Mean: -2.8132670888487517 min: -11.185962641010358 max: -0.014477590783533646
Mean: -5.66885472809533 min: -11.279921212223858 max: 0.07339091616024479
Mean: -3.443470777690078 min: -11.359082828377527 max: 0.0964625464147269
Mean: -4.61155384502597 min: -11.273270086009308 max: 0.019878467099049783
Mean: -3.583208610721573 min: -11.250325211074063 max: 0.0690432265366902
Mean: -3.5481746900250477 min: -11.270828445981726 max: 0.0452368826980026
Mean: -1.3771884176781246 min: -11.371115085004964 max: 0.015470139684817336
Mean: -5.594651009710665 min: -11.268519900855306 max: -0.15444736415424035
Mean: -1.5612365895502678 min: -11.277951430440863 max: 0.03860562573556469
Mean: -1.166033763727321 min: -10.107663707911898 max: 0.052116902004955404
Mean: -2.4716632661959816 min: -11.313879462906769 max: 0.05909657683251336
Mean: -4.665867911750831 min: -11.260795852827004 max: -0.01502798556607723
Mean: -4.39760837806526 min: -11.287906371897137 max: 0.05304156761936148
Mean: -1.3024385745984521 min: -11.256351570754532 max: 0.328777027009761
Mean: -4.32424043008294 min: -11.658943268597952 max: 0.36130907209867785
Mean: -1.9809227368988913 min: -11.455495575485136 max: 0.388733462873211
Mean: -0.9101778876800347 min: -12.434030362168537 max: 0.40066143870719373
Mean: 0.3808887452880754 min: 0.3416946074485209 max: 0.4929888604324576
Mean: -1.6973073900637896 min: -10.144416590311161 max: 0.4910304385468077
Mean: 0.3261832321280199 min: -0.07173183531304717 max: 0.38994169703074827
Mean: 0.374651671034731 min: 0.2933238023329072 max: 0.49016752902437355
Mean: -0.7125111071295523 min: -9.871095950440546 max: 0.38854361558790573
Mean: 0.3358756680290601 min: 0.025603604858473208 max: 0.4818131914724474
Mean: -2.000303236748286 min: -11.551181232205728 max: 0.490043314186914
Mean: -2.91498688088907 min: -11.932323201117327 max: 0.4912564419918211
Mean: -2.8617176209401447 min: -11.214829999191041 max: 0.49666739573364194
Mean: -0.8882766076087755 min: -12.11492847690527 max: 0.5439281161085321
Mean: -0.7676747597665952 min: -11.176582089594614 max: 0.5241668318166844
Mean: 0.4568164253511771 min: 0.4101446236592678 max: 0.5356544772939138
Mean: -6.31069696885884 min: -11.715692548880062 max: 0.5337758009000304
Mean: -1.727121054366646 min: -11.28948979964188 max: 0.5606857245466887
Mean: -1.8121608146737043 min: -11.240782834574876 max: 0.5564077229164978
Mean: -3.098192897701817 min: -11.2150948168971 max: 0.5804216104384896
Mean: -4.324171031796432 min: -12.579130089774013 max: 0.5391224334866417
Mean: 0.4282646654351245 min: 0.012725046671531522 max: 0.5696911392421911
Mean: -0.968244349404161 min: -9.705072019870224 max: 0.5247890697322495
Mean: 0.19650057354527511 min: -1.6315509298768056 max: 0.5309357299275735
Mean: -0.7874990092437797 min: -11.770313788154837 max: 0.5238599222485197
Mean: 0.4490752898839091 min: 0.3679419299896971 max: 0.5324559705643299
Mean: -0.7076744750805142 min: -11.238072676857271 max: 0.5563276938023699
Mean: -1.7426624397142825 min: -11.373947320672091 max: 0.5485400291982592
Mean: -1.8740174645459078 min: -11.225438280802722 max: 0.5706138872689858
Mean: 0.3975394781973016 min: -0.22737061623460467 max: 0.48896746813314296
Mean: -3.0598394777373845 min: -11.199616497845447 max: 0.5581661495646992
Mean: 0.18627545535442924 min: -2.0740868039440596 max: 0.5663973041462489
Mean: -1.7042542390849635 min: -11.239674587427029 max: 0.5633925890598444
Mean: 0.4180282704567321 min: -0.15761986799524344 max: 0.5235585861807274
Mean: 0.48916028906932735 min: 0.4310436334213823 max: 0.524964472919964
Mean: -1.7620504408349351 min: -11.103697120952425 max: 0.5767363454409122
Mean: -1.833262414975989 min: -11.078069808559015 max: 0.5128946145292399
Mean: 0.4660391714389383 min: 0.023998431815546346 max: 0.5858885698079989
Mean: -3.8542921642881987 min: -11.267909296783966 max: 0.5031520430381532
Mean: -1.8571791579581336 min: -11.20404137982689 max: 0.5562874717153642
Mean: -3.0020777499555353 min: -11.208829608396542 max: 0.5878946244170731
Mean: -1.6003729626670349 min: -9.9739987451082 max: 0.5152159744537937
Mean: 0.4000861599118437 min: -0.5118066041717202 max: 0.5498863046917153
Mean: -1.885114950448198 min: -11.159804849295458 max: 0.550092528929852
Mean: -3.0896121288736915 min: -11.121969814604673 max: 0.5961140964595985
Mean: 0.4614243837770419 min: 0.1471135518054801 max: 0.5864325810104969
Mean: -0.7769788171299954 min: -11.24040436371471 max: 0.5862147283818291
Mean: -4.134096209686856 min: -11.273059311111545 max: 0.5307350849007422
Mean: -0.6648839269156228 min: -11.160534724856067 max: 0.5532958533925041
Mean: -2.1001910842469798 min: -11.175579046858406 max: 0.5245017344574081
Mean: 0.514734599089713 min: 0.4709395966108847 max: 0.5838949065164625
Mean: -2.774685539124133 min: -11.190446246145356 max: 0.5688339772132162
Mean: 0.5190791550263838 min: 0.3632486759561137 max: 0.5822343391648533
Mean: -0.7135391906371205 min: -11.307346053428528 max: 0.5452232539038513
Mean: -3.0280614081052177 min: -11.2633714631787 max: 0.5713576144353416
Mean: -1.683265740701086 min: -10.991401723811782 max: 0.631042049401197
Mean: -2.032241901468962 min: -11.860463636264917 max: 0.594376630343933
Mean: -0.4955225650410557 min: -9.887005616498177 max: 0.6010208827495663
Mean: -4.033346504863749 min: -11.244832972033581 max: 0.608269324849882
Mean: -3.8560182484949026 min: -11.218885494915808 max: 0.6488293066169474
Mean: -1.7628596674757884 min: -11.19800184770309 max: 0.7174949741754747
Mean: -0.5641498750106511 min: -11.185709326487173 max: 0.6700640542254087
Mean: -1.6227349621469895 min: -11.200803065052165 max: 0.6668291620975093
Mean: -1.739824318600211 min: -11.194039424585254 max: 0.6894331065439901
Mean: -0.5617568634666245 min: -11.224602118351383 max: 0.7005973409361108
Mean: -2.754846073744021 min: -11.272862137452986 max: 0.6586431037838598
Mean: -1.5395853682796319 min: -10.133587750913719 max: 0.6817037649742228
Mean: -1.731202812009704 min: -11.197783893045825 max: 0.6663357157421331
Mean: -1.6450925836580488 min: -11.559464615074768 max: 0.6461961218229327
Mean: -1.7328340817813743 min: -11.185275763371115 max: 0.6847528846299784
Mean: -1.8296760674772012 min: -10.94550797543367 max: 0.5998011167395358
Mean: -2.7134212669427153 min: -11.158276270397364 max: 0.6741942418244246
Mean: -2.7572511769885186 min: -11.220405776600888 max: 0.6494242024633328
Mean: -0.6186132714289286 min: -11.266888485867897 max: 0.674161409692396
Mean: -1.6364836295170786 min: -11.183176297906993 max: 0.6824007072629105
Mean: 0.5329306550304239 min: -0.1800877599916759 max: 0.6494189668312552
Mean: 0.4404467386458276 min: -0.10733911697113774 max: 0.6480306366315797
Mean: 0.6278937667043623 min: 0.6028137098098933 max: 0.6528835577313764
Mean: -2.7514127929508723 min: -11.280142086820169 max: 0.6416920363283148
Mean: 0.5507178454622772 min: -0.18854423615467744 max: 0.6733065566195074
Mean: -0.6322897529041507 min: -11.092436543351482 max: 0.677462839067626
Mean: -2.9297825194487688 min: -11.211673344492375 max: 0.6648059436007949
Mean: -2.9250024489215036 min: -11.286516470789943 max: 0.6669875924411724
Mean: -3.9537615093666183 min: -11.203134386208708 max: 0.6869599770665342
Mean: -0.7535066297058393 min: -11.069024503620753 max: 0.6912838918680753
Mean: -0.546166400520573 min: -11.137740859607653 max: 0.7074563547892525
Mean: -1.6301839678115861 min: -11.174551591597425 max: 0.668603549892384
Mean: -0.41237209637502853 min: -10.003193443811647 max: 0.6783046196574751
Mean: -2.9513689476886085 min: -11.273166089274754 max: 0.6795614561178397
Mean: -2.643319169291554 min: -11.209907370636179 max: 0.7181689289947012
Mean: -4.014675060621078 min: -11.15038890312448 max: 0.6664339301318077
Mean: -1.6097775312052556 min: -9.999441560002918 max: 0.6506138587929057
Mean: -2.663638493671642 min: -10.76244718513447 max: 0.6625079848435407
Mean: -0.6607658777782099 min: -11.244668307123868 max: 0.6888923891542155
Mean: -1.7164098497070122 min: -11.045481219671473 max: 0.6876277379941124
Mean: -4.146590988959764 min: -12.152564446114262 max: 0.6679247725866692
Mean: -3.9201460685003453 min: -11.371943062454646 max: 0.6462565338316532
Mean: -2.795873690027444 min: -11.189667236608917 max: 0.684149376920401
Mean: -1.7412763034701033 min: -11.089043388854265 max: 0.6953705028488484
Mean: 0.5685565743803156 min: 0.2305502922458458 max: 0.6712652057570138
Mean: -0.5377686620140999 min: -11.190317113108277 max: 0.6898562268697062
Mean: -1.6946492739074137 min: -11.231134997700565 max: 0.7158674868845963
Mean: -1.7695131563931532 min: -11.720559456350648 max: 0.7184809450996396
Mean: -2.916601482206873 min: -11.211203970846745 max: 0.6963333563860571
Mean: -1.6424312312790328 min: -11.206697804186959 max: 0.6980166109670968
Mean: 0.511952981245581 min: 0.19884735946481352 max: 0.7035554581572656
Mean: -1.5876272407859389 min: -11.626633111879329 max: 0.7199964367107904
Mean: -2.784135208885693 min: -11.520821818594909 max: 0.7273516303594942
Mean: -1.5919516117021024 min: -11.31689587479825 max: 0.7286964157962471
Mean: -7.3678172531546435 min: -12.100136793014096 max: 0.7055733912906492
Mean: -0.5530953334840799 min: -11.169544855954893 max: 0.7153507164268379
Mean: -2.881736516647373 min: -11.416033726622896 max: 0.7316526630094516
Mean: -1.5611509312532657 min: -11.177277197431028 max: 0.7274700574546372
Mean: -0.5186879857015422 min: -11.290942368266624 max: 0.7243732688226192
Mean: -0.5369332030462518 min: -11.730334065360227 max: 0.7300589469831467
Mean: 0.30115816400321677 min: -3.0155013582114765 max: 0.7394142986295469
Mean: -0.3614598747800744 min: -9.71160148078453 max: 0.7275103207310936
Mean: 0.7030929161724147 min: 0.6211318398568926 max: 0.7224251659927029
Mean: -0.4809433938874215 min: -11.174748716242282 max: 0.7358825970504503
Mean: -2.8379638206779023 min: -11.697689813741652 max: 0.723020223273905
Mean: -0.46901786212294266 min: -11.178891561448113 max: 0.7362767338560787
Mean: -1.5393706943349823 min: -11.034109276328316 max: 0.7385242170365894
Mean: -1.580894118201752 min: -11.147981425972802 max: 0.7933503722865402
Mean: -0.37808196702542696 min: -10.630915510736433 max: 0.7757823668723655
Mean: 0.7516690166372324 min: 0.7345533161023652 max: 0.7737924126705779
Mean: -0.31636712987689064 min: -9.940590699400127 max: 0.7796310306933507
Mean: -1.56989782975365 min: -11.845959526636832 max: 0.8137322886012396
Mean: -1.5262980909602462 min: -11.146048180757907 max: 0.799507469485383
Mean: -1.5583082548456253 min: -11.652676188200402 max: 0.7847815156707674
Mean: -1.649370068872686 min: -11.17358199632472 max: 0.7965209447072445
Mean: -0.6836382609567526 min: -9.91667627013231 max: 0.7941068326942055
Mean: -0.4913605357444533 min: -11.15437890802514 max: 0.791013770510705
Mean: 0.7315259142240081 min: 0.47467041240757124 max: 0.8023426654726041
Mean: 0.6555770576594809 min: 0.5227681355281757 max: 0.8098049664831446
Mean: -0.39437654958137436 min: -10.62045025597684 max: 0.8028253845026652
Mean: -0.3269605377263348 min: -9.88047962277711 max: 0.814944234035472
Mean: -1.6577017880170917 min: -11.202430185998889 max: 0.8031544548170425
Mean: 0.7490644748875447 min: 0.4838407800266576 max: 0.8077474893747452
Mean: -1.7615336079355184 min: -11.877005156856361 max: 0.8027991667723374
Mean: -2.7803400055955283 min: -11.35256512996111 max: 0.7998364220581093
Mean: -2.86535644038188 min: -11.82306501883274 max: 0.7911127710976675
Mean: 0.6890274444049116 min: -0.08392675703623687 max: 0.8085354576692859
Mean: 0.7016031347609938 min: 0.3321601212507757 max: 0.8004189374218948
Mean: 0.32332419290774717 min: -3.062074952050818 max: 0.8023179562010816
Mean: -0.40191267931737984 min: -10.861198539699648 max: 0.8094389193160317
Mean: -0.4337527234119551 min: -11.138861594569063 max: 0.7800876220119977
Mean: -1.7454245889224826 min: -11.868706604003764 max: 0.8134871574352197
Mean: -0.2659586384331263 min: -9.805586694387761 max: 0.8089801685812067
Mean: -1.6596702977843296 min: -11.342984680976096 max: 0.7946999561889548
Mean: -1.9329379814649588 min: -11.17963663348715 max: 0.7852472901959617
Mean: -5.082074962914243 min: -11.288620482413577 max: 0.7924879744086235
Mean: -0.4441352783741026 min: -10.01886743133453 max: 0.7947019878826003
Mean: -5.107191005657909 min: -11.175788459327624 max: 0.8017157205493004
Mean: -2.8092971260600397 min: -11.923915064287675 max: 0.8068703400541191
Mean: -0.428011268652448 min: -11.183678337794513 max: 0.8125754180526013
Mean: -1.7296050043950852 min: -11.83793193721132 max: 0.7996138761743188
Mean: -0.5063816848582141 min: -11.890713827528346 max: 0.8015703258150572
Mean: -1.5838653151521334 min: -11.65543219182101 max: 0.7929521861696168
Mean: -1.6789724297902893 min: -11.171512910618311 max: 0.8027219630955923
Mean: -0.4578079646923311 min: -11.166215970072953 max: 0.8042549133593542
Mean: -0.4277027645909823 min: -11.212207563288304 max: 0.8008007864617402
Mean: -0.42243219856462666 min: -10.275584021608871 max: 0.8055645566517131
Mean: -2.535782708296547 min: -10.865469608430953 max: 0.8054684652569585
Mean: -1.7163664560455694 min: -11.691088202836395 max: 0.8019528987300966
Mean: -2.7587040793922077 min: -11.223056854845145 max: 0.8079899495171203
Mean: -1.3874988462396114 min: -10.3161610176858 max: 0.7971790446175125
Mean: -2.5467019634323487 min: -11.174950844844119 max: 0.7998609348524827
Mean: -0.5382244987093208 min: -11.989965528492736 max: 0.8157127095796007
Mean: -1.7526423618764047 min: -11.17442088840345 max: 0.8021626105143326
Mean: -1.4495053800199034 min: -10.124311557579277 max: 0.8080953080471366
Mean: -1.564483874862086 min: -11.471337295009267 max: 0.7813510300695374
Mean: -1.718408312481031 min: -11.48423213861162 max: 0.8034355126698283
Mean: -0.489314984870032 min: -10.144397905145555 max: 0.7942973741317872
Mean: -0.41214430746816044 min: -11.16665779997789 max: 0.7940458550659487
Mean: -1.967632061652901 min: -11.178444372189638 max: 0.7968350803539673
Mean: 0.6670513006495965 min: -0.10193046227931477 max: 0.8067872057173945
Mean: -0.8024506265456829 min: -11.134355280770446 max: 0.809932452956933
Mean: -2.88477446474269 min: -11.907487226766108 max: 0.7902590783206767
Mean: -4.056987734800865 min: -12.02020592679747 max: 0.7886678312069852
Mean: -1.4660353190463589 min: -11.24175431769151 max: 0.8146129069345652
Mean: -1.6316213921450842 min: -11.19482264142026 max: 0.7997698409453756
Mean: -2.8604493430514357 min: -11.176306901800274 max: 0.8049224264400908
Mean: -1.6481013669849598 min: -11.173163680297883 max: 0.8016205266489791
Mean: 0.7642581647425751 min: 0.5052875158585565 max: 0.8131164318873743
Mean: -1.6266959362689248 min: -11.93316146284462 max: 0.8124320383547644
Mean: -0.46298707106147174 min: -11.19228870804278 max: 0.7865272343212084
Mean: -1.6204433400233558 min: -11.211219395259812 max: 0.7950169400551739
Mean: -3.2056888432142165 min: -12.56498366498881 max: 0.7980120567702648
Mean: -2.769917496081956 min: -11.767962450809055 max: 0.7952712950231772
Mean: -1.6469422855726183 min: -11.426582229717651 max: 0.8124796770763035
Mean: -2.7482561893655997 min: -11.532890272168894 max: 0.8102136817906342
Mean: -2.6540828521681177 min: -11.179229770011137 max: 0.8125072400140257
Mean: -0.4301023378247046 min: -11.413974966860275 max: 0.8014940402289535
Mean: -0.8872550929622347 min: -11.669059022868225 max: 0.8017851349421173
Mean: -2.76637889252534 min: -11.86262167626553 max: 0.8172930183462018
Mean: -0.4174396311584985 min: -11.171962765144976 max: 0.805191760615698
Mean: -1.666964047384567 min: -11.161311906595014 max: 0.8086711165242284
Mean: 0.7529546455026469 min: 0.4689812078537819 max: 0.812578616393739
Mean: -0.49763336512078427 min: -11.774464135995348 max: 0.8004787042460936
Mean: -4.148304143719491 min: -12.043583573866261 max: 0.8171768882357137
Mean: -0.4614083274830551 min: -11.643356630397122 max: 0.8165761885594233
Mean: -4.260680570149392 min: -11.77464850810931 max: 0.8132520196208668
Mean: -5.225816266739086 min: -11.821275394046495 max: 0.8151246589826192
Mean: -7.846703791548558 min: -11.800980813818729 max: 0.8169219053875174
Mean: -5.12422254731842 min: -11.83539095293507 max: 0.8126514995499274
Mean: -4.163803849121072 min: -11.807798564065354 max: 0.8138845380557048
Mean: -6.766785996237061 min: -12.533557429201164 max: 0.8091906846886576
Mean: -3.802324901010697 min: -11.757130204310613 max: 0.8029843091652958
Mean: -4.196565752574091 min: -11.734393763164714 max: 0.8146144718953051
Mean: -3.8203323723776683 min: -11.650973636010436 max: 0.8129027214909994
Mean: -10.31012939471742 min: -11.762006223395735 max: -9.343705571062477
Mean: -1.6670426367625484 min: -11.968846576879198 max: 0.8153206532181312
Mean: -4.244553558750321 min: -11.887749970553406 max: 0.8121205081591167
Mean: 0.4350180254468462 min: -2.6227518808109997 max: 0.8237647316153305
Mean: -3.0790689615240696 min: -11.150968666982328 max: 0.8080626896013123
Mean: -1.4541201872966885 min: -10.155352798101296 max: 0.8111853214142903
Mean: -0.24608655094294418 min: -9.437703871427356 max: 0.8202986029760609
Mean: -0.7035722587614532 min: -10.017598732333358 max: 0.8326297256384344
Mean: -1.651770346028749 min: -11.7654440790921 max: 0.8214345825710064
Mean: -1.4702775282014406 min: -11.186008491319017 max: 0.814145152249441
Mean: -2.9995745534577822 min: -12.625271334878661 max: 0.8185022482959312
Mean: -3.6180465900698793 min: -11.143553265858277 max: 0.8195673610874771
Mean: -1.6624524094870892 min: -11.163640969981994 max: 0.8074765838470205
Mean: -2.917897337042027 min: -12.049532662950972 max: 0.8126451013032421
Mean: 0.7409117354167157 min: 0.4899801854040154 max: 0.8169730303796117
Mean: -0.5398330923799645 min: -11.146818248475803 max: 0.813814165577358
Mean: 0.6922128410677681 min: 0.3900872572745112 max: 0.8228097039977093
Mean: -3.998791254448114 min: -11.395657584067735 max: 0.8057801109385226
Mean: -2.7854848782824813 min: -12.044256992811105 max: 0.8206071427776397
Mean: 0.6367446010615418 min: 0.42705269656254463 max: 0.8200339596841956
Mean: -1.5888897797358534 min: -11.164863262946499 max: 0.8180806731122068
Mean: -0.3892723822214189 min: -11.160083508365943 max: 0.8177915110401841
Mean: 0.7743720653249284 min: 0.5465580571091204 max: 0.8155263995304984
Mean: -1.5633621394938835 min: -11.527021614000416 max: 0.8244293015683419
Mean: -1.5950062370119402 min: -11.152511157450242 max: 0.8111202854573129
Mean: -2.8252504071562523 min: -11.184936001593215 max: 0.8235171025009356
Mean: 0.8011632244784066 min: 0.7855956095024533 max: 0.8088943902646649
Mean: -1.610128478797965 min: -11.424885033723518 max: 0.8266874133293278
Mean: -1.2942469704469046 min: -9.863931636937503 max: 0.8221154193207966
Mean: -1.4427292363323283 min: -11.14477549336834 max: 0.8282779739921432
Mean: -1.5072171013988898 min: -11.15581543363293 max: 0.8224135386949936
Mean: -1.5604696054530915 min: -11.148384714029966 max: 0.8263903762955322
Mean: 0.8111033474156374 min: 0.7945447826215843 max: 0.8257730849288978
Mean: -0.46561113685961414 min: -11.896294742361595 max: 0.814890943610068
Mean: -0.4276224062514432 min: -11.141663179387747 max: 0.8486781504142121
Mean: -1.463452837065765 min: -11.1532870225727 max: 0.8299326703278117
Mean: -1.6531609541087378 min: -11.95721510210309 max: 0.8265512961053499
Mean: -0.2586216350589973 min: -9.858362861137543 max: 0.8232876164002324
Mean: 0.784379795282977 min: 0.5557986275869563 max: 0.8237073498986018
Mean: -1.6024513386062487 min: -11.145969585284295 max: 0.8256818245983888
Mean: -0.25208373744354107 min: -9.834704832891441 max: 0.82723480096356
Mean: -0.46819854284994256 min: -11.960977396316993 max: 0.8259854677886068
Mean: 0.5111594880346775 min: -1.8465039635528528 max: 0.8277320619705508
Mean: 0.7764935320035367 min: 0.5220431779389975 max: 0.82405368662214
Mean: -1.4509462613931436 min: -10.185468484573047 max: 0.8058399345900356
Mean: -2.5437417158342615 min: -11.0895667244954 max: 0.9252160748667253
Mean: -3.8586687699900124 min: -11.16690633182604 max: 0.8451947693860205
Mean: -1.4995253765260528 min: -11.15176388079945 max: 0.8599310543910325
Mean: -3.8715164606549086 min: -11.234488764534442 max: 0.8489398575448326
Mean: -2.9261831640219627 min: -11.815373344334622 max: 0.8470750532313613
Mean: -3.8745754968444275 min: -11.826939255180482 max: 0.8427623821888472
Mean: -5.2667032899583095 min: -11.882203760154532 max: 0.8621365131219718
Mean: -0.369305525374114 min: -11.178332478064515 max: 0.8716179459644329
Mean: -0.42657947146601477 min: -11.19585702026756 max: 0.8444893944805376
Mean: -0.2757769061416028 min: -10.157306672967747 max: 0.8811172892356586
Mean: -3.6420144197819595 min: -11.163306873621389 max: 0.8874025245529223
Mean: -1.4708586047487113 min: -11.213925678261528 max: 0.8673470563027079
Mean: -5.051097090749516 min: -11.201621169696725 max: 0.8564008303969304
Mean: -2.6921615370134626 min: -11.196063689503621 max: 0.8483415207962233
Mean: -2.6700650463620716 min: -11.221525916172563 max: 0.8713262655070946
Mean: -0.4186102613357776 min: -11.52706930152976 max: 0.8697610428624625
Mean: -1.573192452871162 min: -11.18478546074056 max: 0.8494966478114079
Mean: -2.682289661545182 min: -11.208900245773199 max: 0.8359023734020139
Mean: -0.4584618625547745 min: -11.983958070839012 max: 0.8895969483044807
Mean: -4.869192770012675 min: -11.262571456196644 max: 0.8584997415027381
Mean: -1.2463137676580027 min: -9.972811695612364 max: 0.8624262163595693
Mean: -4.0019291593736455 min: -11.896904020412453 max: 0.8479791439065529
Mean: -1.3175148576998512 min: -10.270906454407852 max: 0.8739475362914134
Mean: -6.1938109915313575 min: -11.805694668892404 max: 0.85109137976486
Mean: -2.901763423335474 min: -11.466475386311362 max: 0.846054424653699
Mean: 0.8078633634604184 min: 0.7652095543944136 max: 0.8484289835087897
Mean: -2.8714795962657114 min: -11.907398339879967 max: 0.8577805896743647
Mean: -0.33380673995910526 min: -10.210701686222718 max: 0.8419431129586048
Mean: -1.6918930953333216 min: -11.816385976483367 max: 0.8417041872482164
Mean: -2.7007157823760557 min: -11.205580809062276 max: 0.8562777237666718
Mean: -0.3985686858494985 min: -11.35530264521353 max: 0.8471813704806287
Mean: -0.4032260309862969 min: -11.347257791257922 max: 0.8325779897419462
Mean: 0.7688854104448983 min: 0.48103515452167567 max: 0.8437985471734711
Mean: -2.5629911764846325 min: -11.183013367235944 max: 0.8537501547598302
Mean: -3.965270541707877 min: -12.221375022160775 max: 0.8397310858405806
Mean: -1.5286105066471993 min: -11.172739165979976 max: 0.8444394101922249
Mean: -1.6132664016196894 min: -11.181946471987462 max: 0.8171498672202219
Mean: 0.7078160399007825 min: 0.2534127644707217 max: 0.8159516976883652
Mean: -2.733374668644141 min: -12.03429327602424 max: 0.815824164377495
Mean: -1.564874570620113 min: -11.20231368584934 max: 0.7986338323402018
Mean: -1.5489890570369624 min: -11.170814232479398 max: 0.809954402664979
Mean: -1.2793158393581934 min: -9.818714217744613 max: 0.813984450165628
Mean: 0.5720967230049329 min: -0.22686147511635527 max: 0.806543705618636
Mean: -0.46289995550925045 min: -9.78934220883663 max: 0.8022605221964755
Mean: -0.5053371945312399 min: -11.572409376605206 max: 0.8168838383429572
Mean: -6.367636633608823 min: -11.566444297189015 max: 0.8009559115175328
Mean: -1.5305841417128632 min: -11.186366257927796 max: 0.809774971213377
Mean: 0.7425160025841108 min: 0.5279095050798494 max: 0.8129991571122845
Mean: -0.5725308110478502 min: -11.835663048585051 max: 0.8009966307744208
Mean: -0.4394674837771353 min: -11.136809367312607 max: 0.8154760450126634
Mean: -2.4366829613886716 min: -10.426288919884108 max: 0.803277362286058
Mean: -4.090870212707992 min: -11.609557618434021 max: 0.8078488317058199
Mean: -0.5979723271695021 min: -11.956329133705541 max: 0.8116174782857266
Mean: 0.6975578803894066 min: 0.3304277585060159 max: 0.8069562847361894
Mean: -0.236873445567368 min: -9.265738943274215 max: 0.8024564341232043
Mean: -3.0007062117291974 min: -11.615425514118545 max: 0.7977766633151404
Mean: -2.887399567361181 min: -11.275253291312364 max: 0.8073277778322717
Mean: -1.5393646856032934 min: -11.160331690008892 max: 0.8235740705939143
Mean: -0.4603815699940054 min: -10.19982428850012 max: 0.8045865658183796
Mean: -1.6292901199459826 min: -11.16817178447262 max: 0.7959360751720383
Mean: -1.7338585392025465 min: -11.347930710764578 max: 0.7981351838636485
Mean: -2.599363791680332 min: -12.140079725890061 max: 0.8101221306840697
Mean: -0.39598135381388316 min: -11.13822822143874 max: 0.8139077576570803
Mean: -3.3385155647874427 min: -11.166563635786996 max: 0.7978944097938802
Mean: -1.4821922442334405 min: -11.170967877969666 max: 0.8231033993463055
Mean: -1.5957120000231697 min: -11.202062623060641 max: 0.820008642085682
Mean: -0.5127565025324112 min: -11.56053022216981 max: 0.8079813617129837
Mean: -0.2794240461951398 min: -9.782763309930523 max: 0.8142350206594687
Mean: -0.3343836467517917 min: -10.215959163869124 max: 0.8106587052998305
Mean: -0.3991103581651809 min: -11.156004735213005 max: 0.8129937269837926
Mean: -0.4807471353879268 min: -11.14148377579936 max: 0.8169944992337232
Mean: -0.5253142411669139 min: -11.20967509107261 max: 0.8147418044835579
Mean: -2.801863413564102 min: -12.20933776179556 max: 0.8040721649121786
Mean: -1.5926391577484822 min: -11.146444863374665 max: 0.8169541671856754
Mean: -3.917261776409243 min: -11.853309391781169 max: 0.8235064807810425
Mean: -1.525200512463155 min: -11.166282748711724 max: 0.8225282736685717
Mean: -0.4575589604902726 min: -11.185087879617763 max: 0.8023015014619762
Mean: 0.765502309810654 min: 0.4425160122605136 max: 0.8308638750950486
Mean: -1.6534325760947801 min: -11.236365271692602 max: 0.8167529449025506
Mean: -1.5200201821592099 min: -11.523179961254842 max: 0.8132434872081974
Mean: 0.798616843497548 min: 0.7804081556950008 max: 0.8186446037478775
Mean: -5.3635601295665 min: -11.951859204529296 max: 1.159661846158608
Mean: -1.4764314194748516 min: -11.830700721411318 max: 0.8131209385945527
Mean: -0.36996501891718026 min: -9.767428718546897 max: 0.8230534345962522
Mean: -3.897682294447692 min: -11.953447389974809 max: 0.8022634987804423
Mean: -5.411443117813185 min: -12.324482349304908 max: 0.805825261108616
Mean: -0.2851638386849107 min: -10.0520444935614 max: 0.8174621387173006
Mean: -0.47882353634888847 min: -11.83385045482239 max: 0.8105870938155812
Mean: -1.837633407854801 min: -12.336290174401265 max: 0.824800269106043
Mean: -2.958550700731119 min: -12.322006274415553 max: 0.8154590395711102
Mean: -0.7932039707195463 min: -11.210089721206742 max: 0.8048909268993838
Mean: 0.6923568142934453 min: -0.05097678620060227 max: 0.8144502332874537
Mean: -0.7865274691860732 min: -10.360502567861367 max: 0.8107561933118351
Mean: -1.6613492473770937 min: -11.852940845004227 max: 0.8067579998838619
Mean: 0.48855171347369264 min: -1.7870573877537599 max: 0.8498259631696735
Mean: -1.739794325070158 min: -11.805609979065515 max: 0.8107719253609652
Mean: -2.8017181088404604 min: -11.809191226576978 max: 0.8110201998974341
Mean: -2.6837380027308035 min: -11.207617447689447 max: 0.8145741204524096
Mean: -0.39293146773953497 min: -11.205336267954722 max: 0.8235536036922685
Mean: -0.39421034204600086 min: -11.188236381681186 max: 0.8235460226938511
Mean: -1.8439480539017823 min: -11.852852194868163 max: 0.806516671105055
Mean: -0.45597651289451324 min: -11.308185691390662 max: 0.8205512181773291
Mean: -1.4528584994915794 min: -11.543598491343625 max: 0.8148603497627607
Mean: -0.45276434322112113 min: -11.741892949425637 max: 0.8105166319990293
Mean: -6.6549096261182275 min: -11.76954336033108 max: 0.8066362250297944
Mean: -0.27356962186954437 min: -9.588770116742232 max: 0.8181122806458456
Mean: -0.45935794609713876 min: -11.804438869983668 max: 0.8130460346388055
Mean: -5.243490257610118 min: -11.599412763281416 max: 0.8200780514188322
Mean: -2.624732265641371 min: -11.878264723366604 max: 0.8137527358876551
Mean: -5.364158640232818 min: -11.894636250283613 max: 0.8057800013917714
Mean: -4.460027344337852 min: -12.328093727780292 max: 0.8199676077805981
Mean: -0.5315217651176141 min: -9.806770314626208 max: 0.824441243103098
Mean: 0.7663025816438036 min: 0.5294719933225597 max: 0.8166466014231223
Mean: -1.3925320023966439 min: -10.277143051316106 max: 0.8334387364247566
Mean: 0.7463082684195579 min: 0.5312015304956711 max: 0.8022080271033066
Mean: 0.8022164781544314 min: 0.7853721575726074 max: 0.8176519654744904
Mean: -2.8282934948824328 min: -12.324467657617447 max: 0.8013763029433065
Mean: -0.33304550538453614 min: -9.288617775989795 max: 0.805949974847207
Mean: 0.7955401938887929 min: 0.7900727100149932 max: 0.8038220359052574
Mean: -3.8527632862077836 min: -11.64314156838383 max: 0.8403304273315054
Mean: -1.506168985624854 min: -11.45111750567162 max: 0.8263280493828654
Mean: -0.4316908850126941 min: -11.176066027769545 max: 0.8080881674995115
Mean: -2.674893592370285 min: -11.170402883454294 max: 0.8232330979243968
Mean: -3.95507171284315 min: -11.870079021777272 max: 0.8134146199320148
Mean: -1.580252092817157 min: -11.808695904843994 max: 0.8195770748236292
Mean: -0.2436915852338334 min: -9.52823171559301 max: 0.8039203053802674
Mean: 0.7943647573070723 min: 0.7737331330257425 max: 0.8195300271506928
Mean: -0.3646203828896424 min: -10.000654583412059 max: 0.8222405181766335
Mean: -2.5945361400280866 min: -11.167603986120454 max: 0.8227593684522613
Mean: -1.7638142711631968 min: -11.210880316342715 max: 0.808261642430813
Mean: -0.2605858274940469 min: -9.742303156746122 max: 0.8118025448456329
Mean: -1.9587586700265753 min: -11.16592608825957 max: 0.8107007148575411
Mean: -1.6354381361693886 min: -11.445436772111734 max: 0.8228755128741392
Mean: -3.784554601171572 min: -12.116811664332891 max: 0.7995574456700361
Mean: -0.2337266273260168 min: -9.552812119775085 max: 0.8159377023266305
Mean: 0.8052012262750299 min: 0.7924125043494098 max: 0.821061323759991
Mean: -3.9812761926579 min: -11.811129422667317 max: 0.8152171571394143
Mean: 0.7992053550288334 min: 0.7772779483045525 max: 0.8180656967131983
Mean: -2.8811030750761892 min: -11.544128878877896 max: 0.8406246407833244
Mean: -2.73546491876211 min: -11.597924043904587 max: 0.8134907766481332
Mean: 0.8068710601050828 min: 0.7961241733152908 max: 0.8217529257093944
Mean: -1.4878803027679748 min: -11.181310459709024 max: 0.8184468945220366
Mean: 0.7947568297419073 min: 0.7745230226175115 max: 0.8126421143621756
Mean: -0.31382119036654255 min: -10.268301319686012 max: 0.8172028550965511
Mean: -1.450393113776623 min: -11.44475399833241 max: 0.816764080233154
Mean: 0.8021660497378111 min: 0.7727354656360224 max: 0.8457375392754161
Mean: -0.40227172603236844 min: -11.24038260482304 max: 0.8187205231660122
Mean: -3.8142317626817657 min: -11.753292703589537 max: 0.8064540208580258
Mean: -1.5898960190974982 min: -11.16596584119172 max: 0.817099606618623
Mean: 0.7992535932755822 min: 0.7859284729499164 max: 0.818780709919391
Mean: 0.6166850489220759 min: -0.12911571901687013 max: 0.8174945257841034
Mean: -1.6253232897818424 min: -11.853003647533683 max: 0.8237165786023023
Mean: -1.9309979853431227 min: -11.171887402927059 max: 0.8127264843479352
Mean: -2.679047752643182 min: -11.152336495981363 max: 0.8118220557849445
Mean: -1.7064648391798323 min: -11.649685571249261 max: 0.8152209907025735
Mean: -2.4945796768402455 min: -11.816347141142513 max: 0.8092313990110527
Mean: 0.14593976248467397 min: -4.503079144304731 max: 0.8275753875952898
Mean: -0.4975619897950209 min: -11.16493147802045 max: 0.8578779956053976
Mean: -4.1978753150576 min: -11.81993143382329 max: 0.8429287363064519
Mean: 0.7298140717813333 min: 0.5265027810976539 max: 0.8365211164867945
Mean: -2.6967610413265746 min: -11.138721817481192 max: 0.8134238654176629
Mean: -0.4482922835565065 min: -11.178009482263342 max: 0.8207980982983138
Mean: -2.8946148223539945 min: -11.653588668102168 max: 0.8108385477291873
Mean: -0.24093338451001417 min: -9.396573626784472 max: 0.829839550587388
Mean: -1.6433858340165686 min: -11.163841553523612 max: 0.82094775324198
Mean: -1.6612241222290394 min: -11.198078399270235 max: 0.827537552241193
Mean: -0.29472569822851263 min: -9.866874520594076 max: 0.8498600312520087
Mean: -4.134005143699869 min: -11.22020220315215 max: 0.8289676575510914
Mean: -1.7097434644226268 min: -11.743153185992592 max: 0.8513886038130069
Mean: -5.319906380935215 min: -11.75255056151747 max: 0.8439535442849321
Mean: -5.399467800683283 min: -11.867492852038835 max: 0.8298752854628187
Mean: -4.163094748461524 min: -12.301930379651127 max: 0.8316146783142733
Mean: 0.3720325221448366 min: -1.8965468962635497 max: 0.8412416058431569
Mean: -2.8933817459645272 min: -11.40456426016124 max: 0.8211934923748362
Mean: -0.44256267135123356 min: -10.29710635551463 max: 0.8512219899245838
Mean: -5.275787416361803 min: -11.992531617254096 max: 0.8346351310012051
Mean: -2.842695199785662 min: -11.703724950094188 max: 0.8307317705634271
Mean: -7.645659373891357 min: -12.044996671526622 max: 0.8031784576719324
Mean: -0.3937635750552312 min: -9.448117226767112 max: 0.8454963850734002
Mean: -5.193495826742825 min: -11.900294121808951 max: 0.8288524587767565
Mean: -0.41534859907721844 min: -11.189345335650534 max: 0.8437034948036967
Mean: -2.8341949417585925 min: -11.176489688598755 max: 0.8487032679591647
Mean: -1.5836594755057 min: -11.386369251386245 max: 0.8379994500257524
Mean: -3.7265031068299757 min: -11.173010786910208 max: 0.8380120584188487
Mean: -2.3886762033863733 min: -9.765499676566238 max: 0.8207787403172776
Mean: -1.643360662966065 min: -11.168228025873875 max: 0.8473670297744968
Mean: -11.300753507450391 min: -11.811808004541199 max: -10.839654406931748
Mean: -10.888799487285583 min: -11.070944375203238 max: -10.815649220360752
Mean: -10.24429939669165 min: -11.079640638905454 max: -4.80412775563629
Mean: -10.88103792533751 min: -11.642301663043227 max: -10.62079167517318
Mean: -8.877099675868951 min: -10.978033286230701 max: -4.462341507183998
Mean: -7.495758848774587 min: -10.975000349693186 max: -4.009897889044427
Mean: -7.548696917683553 min: -10.885098122465052 max: -4.012474053845551
Mean: -10.279581778347326 min: -11.966383062763947 max: -4.5946625390473885
Mean: -9.791620382631702 min: -11.401476955207064 max: -4.6249824138835764
Mean: -7.126786309698827 min: -10.80424798930424 max: -4.599060942692554
Mean: -9.61731118612519 min: -11.080695113230933 max: -4.599078158691287
Mean: -8.410566665489474 min: -10.782931518747844 max: -4.598240788664716
Mean: -10.156441898558702 min: -10.83918802831384 max: -4.592469779127767
Mean: -10.179815497603194 min: -10.93452021510421 max: -4.6228641502582155
Mean: -9.582092962970851 min: -10.970783836613656 max: -4.544399727817797
Mean: -9.483643438910452 min: -10.78364585988118 max: -4.6220208695642615
Mean: -9.231904491407692 min: -11.985225796774774 max: -4.5902856849521925
Mean: -8.885508284128365 min: -10.792666597587802 max: -4.592670301705349
Mean: -10.238706213054074 min: -11.015498443361558 max: -5.165360250197168
Mean: -8.89125899283965 min: -10.913144195632576 max: -4.595570601652446
Mean: -9.029060533317262 min: -11.549601417323638 max: -4.593603322583068
Mean: -7.856668587300471 min: -11.739799731296364 max: -4.623890329108863
Mean: -7.7465874401143635 min: -11.067569269444046 max: -4.594073078325503
Mean: -8.9118786409776 min: -10.906736668235933 max: -4.624087167970031
Mean: -9.426067750482938 min: -10.766621854921244 max: -4.589418631726986
Mean: -9.669305286848886 min: -10.859481400256604 max: -4.624727529999362
Mean: -10.281998773170086 min: -12.016941762644262 max: -9.173599675769896
Mean: -9.196264977068344 min: -9.20613542494364 max: -9.176212184185191
Mean: -9.287294740886898 min: -10.13955418908076 max: -9.179624284901516
Mean: -9.195630205522772 min: -9.205150721506364 max: -9.180371060991423
Mean: -9.19705241823487 min: -9.212489337225076 max: -9.187259515468956
Mean: -9.19284634309457 min: -9.209310205348268 max: -9.152553930603595
Mean: -9.511222560598378 min: -9.999917415015373 max: -9.171229760853816
Mean: -9.259577057557248 min: -9.974383807216583 max: -9.155543821397346
Mean: -9.166052064672257 min: -9.202968517516979 max: -9.121968264907196
Mean: -9.163538861375331 min: -9.217680710136767 max: -9.145127497738041
Mean: -9.161560871174277 min: -9.199587909443185 max: -9.088039401644277
Mean: -9.556467195034873 min: -11.20206448119041 max: -9.04874686865954
Mean: -9.097292023943362 min: -9.152238843363664 max: -9.049556820233661
Mean: -9.08223810595643 min: -9.168973693302389 max: -9.041351494117048
Mean: -9.100041652546787 min: -9.210326089380473 max: -9.014248771517332
Mean: -9.489869943670737 min: -11.409462686057752 max: -9.04424024353481
Mean: -9.071199678021504 min: -9.157480266676902 max: -8.990508477710142
Mean: -9.142388823122946 min: -9.959941588252947 max: -8.927085654236292
Mean: -8.022987223960204 min: -9.206755802311053 max: 0.8825941025113827
Mean: -6.146277188371966 min: -9.940496332430891 max: 1.1050486876247583
Mean: -3.384149909145024 min: -11.098773578965213 max: 0.9343916307014131
Mean: 0.6805826028336339 min: -0.3938490829313321 max: 0.9034935240788053
Mean: -1.6796576559138328 min: -10.793383410719965 max: 1.1046514906748264
Mean: -4.85768358951549 min: -11.338913917897468 max: 0.8959890799250606
Mean: -3.030395828840438 min: -9.196899267620104 max: 1.0908995447413319
Mean: -3.4737096644112304 min: -10.096180987614852 max: 1.0670640014513382
Mean: -0.1732076214948612 min: -9.10594040575127 max: 1.0289671053828053
Mean: -2.679045756306465 min: -10.512065187331908 max: 0.9935923987159131
Mean: -6.682956258748779 min: -11.23951824313608 max: 0.8476895694098909
Mean: -3.6440719188385318 min: -10.292014756933176 max: 0.890104074021207
Mean: -0.39438036854485786 min: -11.284091185661541 max: 1.0891782258387928
Mean: -5.208734364333798 min: -12.1803840976652 max: 0.828118154083779
Mean: -6.0091611085865795 min: -11.195262915687259 max: 1.0213403608668934
Mean: -3.8709279933492136 min: -12.32343958098661 max: 1.0954320781385987
Mean: -2.654063780415772 min: -10.793058840761041 max: 0.7799183557845759
Mean: -2.7564008798166006 min: -11.21457772735582 max: 0.8525013372465384
Mean: -3.6677591483055765 min: -11.491186096519238 max: 1.0012557319224502
Mean: -3.1038079277551587 min: -11.215258033189484 max: 1.0250963125193884
Mean: -5.882038091990152 min: -12.306218308070848 max: 1.0132520014398387
Mean: -2.980143500447307 min: -11.460383689294291 max: 0.8391806973950773
Mean: -2.871159622395858 min: -11.273069649437764 max: 0.98826454962375
Mean: -5.302500683993155 min: -11.641123690892979 max: 0.8340418855597123
Mean: -2.6405675737597334 min: -10.42206448001184 max: 1.0548947412650076
Mean: -3.355751859194588 min: -11.503917260557598 max: 0.8534043448496222
Mean: -0.25185080199725884 min: -9.007930242533233 max: 1.0220373411934192
Mean: -1.5501424507647907 min: -11.0392107670938 max: 1.057619180327638
Mean: -1.241916491373291 min: -8.99779205457376 max: 1.0375726185727125
Mean: -2.742336613130803 min: -11.539062607468074 max: 1.014329243448337
Mean: -2.7498322852067068 min: -11.408466774063395 max: 0.8326653513495489
Mean: -1.726991470929302 min: -12.00078316694577 max: 1.0537914658737058
Mean: -1.2431156866877862 min: -9.141848944261195 max: 0.9122211214008856
Mean: -0.16217744414487742 min: -9.214124506083445 max: 1.0423810843545587
Mean: -2.174553971002157 min: -9.183433821013239 max: 0.9007531318722486
Mean: -8.068058810152737 min: -12.35207707692816 max: 1.0603993783243235
Mean: -6.229730110278088 min: -12.3450253503045 max: 1.0674643114362452
Mean: -5.713900974747823 min: -11.474356041277415 max: 0.8197446788950445
Mean: -4.309348443968228 min: -10.979961377886301 max: 1.045117045202494
Mean: -4.549487553405782 min: -10.769092012606938 max: 0.9964655326873346
Mean: -4.282659529344219 min: -10.866848066445609 max: 1.5885121635933712
Mean: -5.784200615730565 min: -12.104677054223517 max: 0.8603581452989353
Mean: -5.505925175217699 min: -11.46437393646838 max: 0.741259794491431
Mean: -5.931881195039937 min: -10.83105513905006 max: 0.9974877801778383
Mean: -7.442674039749333 min: -10.828012215429926 max: 1.00407038433204
Mean: -7.35088828043502 min: -10.731388151958852 max: 1.0152914761678333
Mean: -4.658553533530245 min: -11.379812099142303 max: 0.8583939736450271
Mean: -6.706596929725604 min: -11.426506052362015 max: 0.7582286361559508
Mean: -4.459380591188689 min: -11.392225225613274 max: 1.0814362223207803
Mean: -6.356424641234706 min: -11.475449037883076 max: 0.8678457722602706
Mean: -6.689043959769329 min: -11.423619801663706 max: 0.9774795641484368
Mean: -5.241686542107379 min: -10.447478760405746 max: 1.0198774422187376
Mean: -5.571048701255298 min: -10.838837843519253 max: 0.8271646809924762
Mean: -3.4573067407858176 min: -11.418565370165368 max: 0.9944327573293366
Mean: -3.655543890499606 min: -11.29476975216192 max: 1.073366250825449
Mean: -4.386404779407448 min: -11.430279244553608 max: 1.0311787862658282
Mean: -5.8383133121911985 min: -11.64653289037145 max: 0.8394911057783953
Mean: -0.20087638848653744 min: -9.212532065569992 max: 1.0140049852184165
Mean: -3.774237867929198 min: -11.100411670327537 max: 1.043522740925063
Mean: -1.2226966536528365 min: -9.42506880250026 max: 1.0805894614173748
Mean: -2.207254874745458 min: -11.715867400474083 max: 1.0358213004821883
Mean: -2.7057822642259826 min: -11.325954895135133 max: 0.9907446564316764
Mean: -1.579369076857209 min: -11.349911442735785 max: 1.0100490716452473
Mean: -2.331612679258715 min: -11.590469121885844 max: 1.008985321647677
Mean: -2.304657889629421 min: -10.802617012697395 max: 0.9587073658414764
Mean: -2.814651527249385 min: -11.46435686731698 max: 0.8614884254970072
Mean: -2.7285374126690787 min: -11.23253741908934 max: 1.0133928976255666
Mean: -2.6567217538874046 min: -11.22342122374089 max: 1.0361674212081395
Mean: -0.42182299851413435 min: -11.283868090907827 max: 1.0325291914978059
Mean: -3.7883353541494693 min: -11.627628228066328 max: 1.0130905427565033
Mean: -5.5504637728498505 min: -11.317877672670885 max: 0.8550513012212723
Mean: -1.4771874614776734 min: -11.277403679343372 max: 0.8880296773441645
Mean: -4.685761276903888 min: -12.335637223472153 max: 1.0290959682460796
Mean: -2.5236027041080944 min: -11.21916932753214 max: 1.003723264143989
Mean: -1.5579995142548393 min: -10.484511295710954 max: 0.9713015919779733
Mean: -2.418674678561777 min: -11.186039172390362 max: 0.8674239250595571
Mean: -3.5735122730934763 min: -11.774959645980033 max: 0.9920383694093005
Mean: -1.5049120236879348 min: -11.623216283798229 max: 1.0089240187792843
Mean: -6.272876628245887 min: -12.164781909533993 max: 0.8490207019212856
Mean: -0.1747561459143697 min: -9.06411745088765 max: 1.0194975053007334
Mean: -0.5057843283317237 min: -8.99616123422419 max: 0.9835242366054161
Mean: -2.479103042403595 min: -11.707955113285944 max: 0.998296310290686
Mean: -2.3573458944029566 min: -11.284974138507295 max: 1.0013436101435944
Mean: -2.37022669336896 min: -11.152856771203878 max: 1.0084873817457347
Mean: -2.3705259188252317 min: -10.763881424286595 max: 0.9975304986949818
Mean: -6.739740283842051 min: -11.335000446998334 max: 0.7736985849100029
Mean: -4.717762542968098 min: -11.67902815512868 max: 0.7547062861761213
Mean: -2.396621277448177 min: -11.135552398992923 max: 1.0600282237712721
Mean: -2.808365433598782 min: -11.189501952385191 max: 0.974895828248104
Mean: -1.1864271387770438 min: -8.935444920373579 max: 0.8126658701255061
Mean: -1.2698575573199318 min: -9.293121711121966 max: 0.8749737885638403
Mean: -1.516584554188952 min: -9.586397751949287 max: 0.9455743517252783
Mean: -2.723523668194372 min: -11.51367958177261 max: 0.8705430371055538
Mean: 0.7924908017500579 min: 0.5271559323057141 max: 0.9869624301892568
Mean: -1.1429548480344225 min: -8.845524909128507 max: 0.9202165751125199
Mean: -4.379600990572835 min: -11.64828162596374 max: 0.9908161657731162
Mean: -1.6140582789668394 min: -10.942805052650138 max: 1.085447297536868
Mean: -3.8583926498299412 min: -12.201931066832493 max: 0.8456319109707598
Mean: -3.3349368717628955 min: -11.491336342518762 max: 1.01120456432092
Mean: -3.9156491091635166 min: -11.85299590638945 max: 0.9754667770287135
Mean: -5.655842292393071 min: -11.027725986009555 max: 1.0982424798237138
Mean: -7.425289169987778 min: -11.179085185291132 max: 0.9331253972991299
Mean: -7.44988394375981 min: -12.221533216337466 max: 0.769435603116183
Mean: -3.684002032763614 min: -11.313410391935623 max: 1.0303603643542543
Mean: -7.974889459767543 min: -11.42702996924822 max: 1.082481604372682
Mean: -3.842094640428461 min: -11.242604834169594 max: 0.8805467426320377
Mean: -6.119637815134856 min: -11.396982792062692 max: 0.9797591475638464
Mean: -7.894217912604421 min: -12.080687421143178 max: 0.9281956752794847
Mean: -4.461489128977866 min: -10.891914506542125 max: 0.9293367339268772
Mean: -5.732105884570446 min: -11.366009341861323 max: 1.1644332998876095
Mean: -4.914438744125885 min: -12.340040722298435 max: 1.000827601086265
Mean: -6.018450139590159 min: -11.312621157373938 max: 1.1513312347964315
Mean: -2.7017537980867568 min: -11.33227812245041 max: 1.1654323240927413
Mean: -5.373327569297367 min: -12.233948492915598 max: 1.061083740791117
Mean: -2.181251373376154 min: -12.315316229950604 max: 1.161285423981061
Mean: -5.1329605622965015 min: -12.182952211242393 max: 1.0822516905177912
Mean: -4.663759444777261 min: -11.299707701001726 max: 0.9966272026098314
Mean: -7.190376006839145 min: -11.907885786651683 max: 0.9304056422659674
Mean: -5.158566075843833 min: -12.312452209742908 max: 1.1290090854999868
Mean: -8.866970249897268 min: -11.464028677261306 max: -0.4499223793673162
Mean: -5.524219341816141 min: -11.396622065831712 max: 0.9958837977213238
Mean: -4.00102287101923 min: -11.471977039125319 max: 0.9800867053497263
Mean: -7.060713068453351 min: -11.390242592073418 max: 0.9993550156476272
Mean: -0.11740913906903158 min: -9.187112205297812 max: 1.07182014519737
Mean: -1.5614618540163427 min: -11.056113079724325 max: 1.088137462236192
Mean: -0.24452958549504955 min: -11.108729080859735 max: 1.050960924976762
Mean: -1.3959541635245691 min: -9.315250486163148 max: 1.049428788857298
Mean: -2.6575232275315064 min: -11.348601781574525 max: 1.0918838791308416
Mean: -0.33813867044558854 min: -11.210135861123865 max: 1.0812978444562669
Mean: -4.181599601080217 min: -10.34170156839605 max: 1.0246834241424176
Mean: -4.87153725955053 min: -11.193359181642153 max: 1.129694418573202
Mean: -2.005771086549609 min: -11.315200309244183 max: 1.1117317689168325
Mean: -1.5652274845390068 min: -12.16128950264232 max: 1.0537186050992007
Mean: -6.14912084218553 min: -11.337895784998866 max: 1.0576926015275168
Mean: -1.4357564572589905 min: -12.325540366593238 max: 1.0793733173562927
Mean: -4.745192646455379 min: -11.37729032214352 max: 1.110887344006668
Mean: -2.619524828636449 min: -11.192017516447264 max: 1.071584444931487
Mean: -6.298385347010963 min: -11.365711464091385 max: 1.0592542837800472
Mean: -2.6660258211351846 min: -12.29843081995075 max: 1.113310181497119
Mean: -1.4293954434483562 min: -11.34400749100264 max: 1.0611188549895205
Mean: -1.194605707995548 min: -11.19192808835485 max: 1.0342370657271656
Mean: -4.625344087072979 min: -11.218393407287017 max: 1.0381931688314545
Mean: -0.48948537915805207 min: -11.109729364242105 max: 1.0912723539053863
Mean: -5.8812651550380455 min: -11.621136751635294 max: 1.0685547467076526
Mean: -2.411400309553298 min: -11.406339845513397 max: 1.093186483567398
Mean: -1.2260168648680723 min: -11.39534535653435 max: 1.1025528360558638
Mean: -5.127078974803977 min: -11.954933223469562 max: 1.0648219143190956
Mean: -5.793127802621151 min: -10.807296005237085 max: 1.035426947135467
Mean: -5.184600125419825 min: -12.313452196143015 max: 1.095194696097258
Mean: -5.1960868770900035 min: -11.402147495702401 max: 1.1157801936095002
Mean: -6.933963555822754 min: -11.401058475483785 max: 1.0803815313127398
Mean: -3.1260662015599854 min: -11.387807389830924 max: 1.0842291724073216
Mean: -1.2639973561417042 min: -11.132261854345083 max: 1.2983857736488098
Mean: -7.357561446964354 min: -11.389402860222503 max: 1.1755311434837088
Mean: -6.854202414931242 min: -11.400378094719066 max: 1.1201427033189222
Mean: -5.950153816946082 min: -11.262806734834285 max: 1.1191894713955928
Mean: -4.903321704404556 min: -11.387956634925771 max: 1.2395619780637621
Mean: -7.532513305137689 min: -11.313603575880615 max: 1.0379474783675586
Mean: -5.035260651302009 min: -11.453907278654544 max: 1.1814483153963797
Mean: -6.048097368180042 min: -11.36368059830591 max: 1.1153622868802544
Mean: -4.926236661186961 min: -11.790771643525224 max: 1.1092329620956887
Mean: -6.043849079404678 min: -11.386421513302265 max: 1.0939509454454208
Mean: -4.342717100698056 min: -11.362494463817493 max: 1.1749706423607607
Mean: -7.222935897582703 min: -11.391952825510696 max: 1.159598565384632
Mean: -3.681472257646866 min: -11.20774039787045 max: 1.0983077256428178
Mean: -6.057304434023797 min: -11.349004406428232 max: 1.1005065553845477
Mean: -1.447481582853515 min: -11.814442153877353 max: 1.1002129384036434
Mean: -1.5365997651331937 min: -10.337826133746217 max: 1.1027721594794702
Mean: -2.0658658991566394 min: -9.384414144536114 max: 1.0879545321327844
Mean: -2.749003037809029 min: -11.39369316589234 max: 1.1199493970258911
Mean: -4.805523048697157 min: -11.77932769762744 max: 1.090022055630661
Mean: -4.218352580443041 min: -11.390784969585782 max: 1.069625341679537
Mean: -6.096128025254979 min: -12.258082490345316 max: 1.1307563500266775
Mean: -3.5928616074588318 min: -10.488750860263341 max: 1.0812190078222739
Mean: -6.923928929348515 min: -11.257243121236483 max: 1.000310890976188
Mean: -5.780853476144529 min: -11.178674022084216 max: 1.1616678711329722
Mean: -3.501163380451147 min: -10.634952794011067 max: 1.1085621941048542
Mean: -1.5675878001151187 min: -12.34328497487042 max: 1.0948154173558033
Mean: -1.9858659814116837 min: -9.834192775460862 max: 1.1296293345546733
Mean: -2.3480387889045433 min: -11.679947695955633 max: 1.0519101222188791
Mean: -2.4228309602847875 min: -10.29392059452412 max: 1.0834471323620305
Mean: -1.0402854954926553 min: -9.22411969415608 max: 1.0839019220472668
Mean: -1.2447635488838213 min: -10.334536310920207 max: 1.0905277053566211
Mean: -1.2254593730443504 min: -11.550559842671067 max: 1.069160662985141
Mean: -3.337813567609737 min: -10.796400043311692 max: 1.1075629091438974
Mean: -2.1224449473998184 min: -10.096180948016169 max: 1.0890924809043596
Mean: -4.356701315355639 min: -11.330108005341666 max: 1.0817225049380514
Mean: -5.447619381902226 min: -11.252508886542515 max: 1.0113528752383933
Mean: -2.444259379756051 min: -11.251592646225975 max: 1.0285252841814387
Mean: -0.25986800720283254 min: -8.791045602289113 max: 1.0591007051124377
Mean: -3.431765757802714 min: -11.192925187910959 max: 1.05895740902426
Mean: -1.1131037121632765 min: -9.20596564830956 max: 1.1182074117169325
Mean: -2.7481410692107726 min: -11.592458167126626 max: 1.082436972114534
Mean: -0.14685118969729483 min: -10.640830562153125 max: 1.0857244235381676
Mean: 0.7439231904259362 min: 0.0550980403191034 max: 1.1043066635906713
Mean: -1.337171022699705 min: -12.082605922218347 max: 1.1160986753673372
Mean: -0.23921119480884906 min: -11.385885580135458 max: 1.0934215544001658
Mean: -2.3884237429426687 min: -10.969722795944087 max: 1.0737905147511098
Mean: -2.2867983764638407 min: -10.902362521267143 max: 1.0754074233710686
Mean: -0.18716255055700542 min: -10.968358388178011 max: 1.0739566998967844
Mean: -1.237777143846511 min: -11.183248843452956 max: 1.0764004857780662
Mean: -1.8707321924976905 min: -8.688180286141215 max: 1.0640087839584051
Mean: -3.2911228613643417 min: -11.265620125149752 max: 1.1449511409742097
Mean: -2.1407122227634487 min: -11.063192052298747 max: 1.0713022400384686
Mean: -1.8295531518726356 min: -12.452613343063497 max: 1.1061933371428756
Mean: -4.298503513102265 min: -11.336201262103751 max: 1.0882013818817498
Mean: -2.4670130550596534 min: -11.36197062052871 max: 1.05033741892582
Mean: -2.3275513760854714 min: -11.411620113555609 max: 1.1211190239340485
Mean: -2.3030958540444333 min: -11.380152991795716 max: 1.1106704730782486
Mean: -3.6881496484154206 min: -11.463265377582418 max: 1.0702113864665792
Mean: -1.3225583275254924 min: -11.175524605114076 max: 1.1105193958152306
Mean: -4.389122697537398 min: -11.0019434069158 max: 1.1451815959971485
Mean: -1.2256093868891178 min: -11.289352235195702 max: 1.1973406887352616
Mean: -1.3578623253229203 min: -11.236285561672789 max: 1.1013026244768405
Mean: -1.2784122036107348 min: -11.665402411416327 max: 1.0816077850362829
Mean: -4.429137974148004 min: -11.364250519668346 max: 1.1387296003255063
Mean: -5.702998188642191 min: -11.301832298849012 max: 1.143262075239356
Mean: -4.925165701711108 min: -11.476189022076419 max: 1.0686279714055902
Mean: -0.2879945021916618 min: -11.34490237787192 max: 1.094035620570897
Mean: -3.85944934659988 min: -12.304636826927963 max: 1.0961589609940097
Mean: -1.4825032031467722 min: -11.827706970090054 max: 1.0929459105374688
Mean: -6.279787544477541 min: -11.361031428761105 max: 1.0431590617890325
Mean: -2.397315112022885 min: -10.779050647498652 max: 1.0925885701245546
Mean: -3.8131230375445098 min: -11.576321032009698 max: 1.0666144917481073
Mean: -3.579603213887279 min: -11.078238808284379 max: 1.0594549127642319
Mean: -6.232107478484425 min: -11.175902107884273 max: 1.13591869189947
Mean: -1.2316546948685017 min: -11.223738550153458 max: 1.0795279911422042
Mean: -0.8259551430938133 min: -11.214605440421991 max: 1.1050231582410954
Mean: -0.32669138712679613 min: -12.300592763103781 max: 1.105534225292918
Mean: -8.131731904739372 min: -11.347635138476178 max: 1.0098523944817113
Mean: -1.741033007516387 min: -10.4590675162874 max: 1.0737023087559368
Mean: -5.7795007921624855 min: -11.361221940834957 max: 1.0889235506974217
Mean: -2.4763564107380005 min: -11.636452689323082 max: 1.0790179650445768
Mean: -6.3741778724303115 min: -11.342663737845445 max: 1.0983254591287412
Mean: -3.3643439547357032 min: -11.380848924106704 max: 1.0518265124605595
Mean: -7.2027049623042405 min: -11.24496450930417 max: 1.103487534624611
Mean: -2.614176234536278 min: -11.33039243201454 max: 1.057788349600517
Mean: -9.265622841697589 min: -11.695513818546653 max: 1.0259930222740163
Mean: -2.4656778851725023 min: -11.377272397100768 max: 1.1138187251602611
Mean: -5.998106418109307 min: -11.361789553054496 max: 1.071724267722408
Mean: -2.5030984949173516 min: -11.230763475982382 max: 1.0750292350672968
Mean: -5.803304322032399 min: -11.319737686678874 max: 1.103757610238647
Mean: -4.658683055805173 min: -12.309544701537176 max: 1.105144045870715
Mean: -2.9607750113254587 min: -11.07486061413117 max: 1.0751212598276598
Mean: -1.1433550952584741 min: -10.264390727989875 max: 1.0692909724321993
Mean: -4.35861703342367 min: -11.297210054783259 max: 1.0773394846677342
Mean: -2.3071950429079213 min: -11.429148212607938 max: 1.183138662581085
Mean: -1.5898205949517554 min: -11.396418433002241 max: 1.033059122534536
Mean: -3.1748338309388693 min: -12.286045009450426 max: 1.0627689355593248
Mean: -2.5165962306250957 min: -11.301659064132608 max: 1.0323086909349246
Mean: -1.3736489769884024 min: -11.207948791812663 max: 1.0084712409367484
Mean: -2.338743169627869 min: -11.410243886637893 max: 1.0318489634375663
Mean: -2.288240109059841 min: -11.139444406298207 max: 1.0695413934838125
Mean: 0.0630595910603617 min: -8.50900509104671 max: 1.0721626670880438
Mean: -0.19691988780845043 min: -10.710326690101278 max: 1.0474206622657987
Mean: -4.687661715822463 min: -11.10710399081454 max: 1.0923513444005453
Mean: -3.616358370465973 min: -11.096195310584118 max: 1.0937774541308756
Mean: -4.504574904900537 min: -11.043409429866319 max: 1.0479003865013186
Mean: -3.1778865557761558 min: -11.34968606180858 max: 1.0552172788250038
Mean: -1.2223379635583735 min: -10.772015513536987 max: 1.0600751427698094
Mean: -1.3103377858778367 min: -10.899215027501116 max: 1.0419058985389382
Mean: -1.185218461852619 min: -10.37935995279972 max: 1.0073294829773238
Mean: 0.9200063747168279 min: 0.5945323413423037 max: 1.0708001011959414
Mean: -3.5926931335531145 min: -11.606780612363858 max: 1.185705778482432
Mean: -5.058274575092877 min: -11.47350666474565 max: 1.0361903132443748
Mean: -3.6903727939248983 min: -11.221139805813166 max: 0.9779428078451426
Mean: -2.6880698218916086 min: -11.356387065620957 max: 1.0917946342888827
Mean: -0.4457622464308354 min: -11.658574060785151 max: 1.0100229696519472
Mean: -2.4257426129517725 min: -11.154913316561025 max: 1.0342900845994025
Mean: -4.514937391425183 min: -10.921529753512669 max: 0.9640678629107098
Mean: -1.001763081364374 min: -9.190652982603327 max: 1.0802411091935908
Mean: -4.192697794845751 min: -11.548849196805525 max: 1.009406719775158
Mean: -3.7524848811289244 min: -11.84450668999413 max: 1.0082578909298077
Mean: -3.8565433873151234 min: -11.441411824924597 max: 1.0479914345307018
Mean: -6.161100958212629 min: -11.579985068882314 max: 1.0824057820047661
Mean: -0.05243431672548591 min: -10.148641113509889 max: 1.138144001895054
Mean: -3.531422944153062 min: -10.728135027674412 max: 1.1412224319081798
Mean: -1.5327342270381472 min: -10.970748765665356 max: 1.0918879434062536
Mean: -3.6860371430825305 min: -11.012987371484893 max: 1.1201816758163143
Mean: -4.9974006577279635 min: -11.745904535709741 max: 1.140985567546151
Mean: -5.963756240783101 min: -11.140004118059508 max: 1.1111293847831185
Mean: -2.6036882137160253 min: -11.585802324548554 max: 1.1632538016769272
Mean: -1.3680827897401489 min: -11.235836364349963 max: 1.1195702603289823
Mean: -2.56494445660681 min: -11.132915760840923 max: 1.1981523802924727
Mean: -1.8755492733157886 min: -10.330671648638832 max: 1.1361679800324913
Mean: -2.4945625496903316 min: -11.218157327075874 max: 1.1296547400796486
Mean: -2.6543061001992507 min: -11.3621926275168 max: 1.1511757519046673
Mean: -4.077413492467873 min: -12.302694849762345 max: 1.1433073384362435
Mean: -2.679620091818138 min: -11.881444919941323 max: 1.1786104112243858
Mean: -0.5311187873483834 min: -10.90372160198622 max: 1.2415851085921839
Mean: -1.8022695661445856 min: -11.140762630066257 max: 1.1025319722553781
Mean: 0.8564412316461247 min: 0.42853943996815086 max: 1.099712327334669
Mean: -5.893827062209242 min: -11.66059743504476 max: 1.01877378292241
Mean: -1.4854285481778977 min: -10.943223518220726 max: 1.1645231201774995
Mean: -2.4465284639046834 min: -11.000100392411884 max: 1.226180458088585
Mean: -8.514561178462715 min: -11.277404176097155 max: 1.0263351977722799
Mean: -0.4739035372407779 min: -10.346349842867578 max: 1.114476311446774
Mean: -1.5785354957581683 min: -11.300769712183698 max: 1.164451354924673
Mean: -3.155171912681334 min: -12.28487140537668 max: 1.089932352204911
Mean: -0.6019803809667758 min: -9.852101742792678 max: 1.0874820162075716
Mean: -2.4255455101702976 min: -10.484031126527958 max: 1.1386608197341292
Mean: -3.7932029789701405 min: -11.387866132348261 max: 1.1646106073561628
Mean: -0.44000942758102946 min: -10.67558199382401 max: 1.2232785826448125
Mean: -2.6971140546448096 min: -10.865241470706449 max: 1.086812371295446
Mean: -4.729054647649677 min: -11.22342579155598 max: 1.1454065235285815
Mean: -4.800038352218961 min: -11.279722358863935 max: 1.048536292458352
Mean: -7.313344525340168 min: -11.966125419607463 max: 1.0348390647904033
Mean: -1.6545880690263015 min: -11.879080138038024 max: 1.1439781794469135
Mean: 0.3685442652354564 min: -2.2797342605137323 max: 0.833417244718496
Mean: -1.3114412440546006 min: -10.878001870140693 max: 1.0515907346873299
Mean: -1.321885697894834 min: -8.90186850434106 max: 1.0569062037130714
Mean: -1.8630406773669876 min: -9.744583144885244 max: 1.0521357380385046
Mean: -3.8613822186598687 min: -12.021417089707903 max: 1.0604725875058925
Mean: -1.27964461687603 min: -10.73029435253823 max: 1.0929311264191532
Mean: -4.807360604241085 min: -12.319745141063569 max: 1.6375714276733266
Mean: -8.398024041075711 min: -11.3363814912934 max: 0.8745364733349346
Mean: -5.766683980937943 min: -12.329306655283403 max: 1.1095791342857686
Mean: -4.871954045289065 min: -10.853779833769524 max: 0.9069260063302695
Mean: -7.187961979904893 min: -10.924822014344421 max: 0.8208075192394491
Mean: -3.8906036319607944 min: -12.077697559390213 max: 1.12669787016105
Mean: -3.8855399151560213 min: -11.77501988801367 max: 1.01504279272961
Mean: -5.0059806776028655 min: -11.400941271336908 max: 0.938197773729769
Mean: -3.741717713823914 min: -11.093631774556618 max: 1.0595644951087888
Mean: -5.801172550248351 min: -10.938418279458741 max: 1.072529329976711
Mean: -2.6222679222721554 min: -11.64422166160414 max: 1.1561429354407535
Mean: -2.5275336451664843 min: -10.79568764810469 max: 1.0693834941415334
Mean: -7.0731912481522645 min: -11.666438148590746 max: 1.1223058321080317
Mean: -6.395334005868207 min: -11.152707449704568 max: 0.995914812282379
Mean: -8.329083653181073 min: -11.166135090205136 max: 1.1019811949142369
Mean: -2.493649186132566 min: -11.499674643037872 max: 1.1010133510156226
Mean: -2.562453505449462 min: -11.335988063999363 max: 1.7131538199985366
Mean: -3.6782665344969816 min: -11.059314248723673 max: 1.137092801041553
Mean: -2.774550433713252 min: -11.46663347654426 max: 1.0437550426747597
Mean: -3.967191497528115 min: -10.998999044658543 max: 1.0384986333294868
Mean: -5.219637590876911 min: -11.487769413190316 max: 1.157837613875256
Mean: -3.853079425556763 min: -12.143372584755259 max: 1.1266195262346144
Mean: -3.9579654776144344 min: -11.805317241580521 max: 1.157007149709533
Mean: -1.5790958338141674 min: -12.098658157667288 max: 1.239924453913989
Mean: -2.6526688663126845 min: -10.662969955822579 max: 1.0153140387768649
Mean: -3.3993850223026336 min: -11.750412579163514 max: 0.8290304221039885
Mean: 0.7270110047233388 min: -0.25149924939332774 max: 1.2131959945886779
Mean: -6.365530767567278 min: -12.329166252523393 max: 1.1019058254988536
Mean: -5.55743591290128 min: -12.458199951983097 max: 1.1088773170421191
Mean: -3.018555629405822 min: -11.675567926883426 max: 0.9679958617162033
Mean: -4.909672022034755 min: -11.607339256496198 max: 1.160932744285113
Mean: -3.030541461333977 min: -12.196511518440037 max: 1.1625869412195793
Mean: -1.6464792252659386 min: -11.197559222228037 max: 1.1983220088021478
Mean: -4.075410621025257 min: -12.350806944700178 max: 1.0963659633836538
Mean: -4.225978945413801 min: -13.040469682153171 max: 1.1565434072246463
Mean: -5.2643013554315115 min: -12.43779438911077 max: 1.1711141004929293
Mean: -2.667038920239241 min: -11.87602866021529 max: 1.0832817392743022
Mean: -2.5560651480570065 min: -11.666683624945879 max: 1.1247521968380383
Mean: -2.515414593336735 min: -11.867589084797666 max: 1.182475603132236
Mean: -1.1782964315771791 min: -10.542122711534773 max: 1.204668443912695
Mean: -4.867572037098578 min: -12.050822692276864 max: 1.2549864558113384
Mean: -3.8151138889509424 min: -12.327425398900676 max: 2.115729421553316
Mean: -1.550215571303173 min: -11.870861083502046 max: 1.28312344176715
Mean: -1.2088396091042672 min: -10.685349831098819 max: 1.1671027751657115
Mean: -2.8079791558018856 min: -12.29177754912439 max: 1.16011127854753
Mean: -3.709650418080514 min: -11.321822382083454 max: 1.2671600110020635
Mean: -7.176502367312911 min: -12.300879152658426 max: 1.1095263277221035
Mean: -2.560356952004047 min: -11.523973682229832 max: 1.0802730262267062
Mean: -5.175476147832468 min: -12.31571611203525 max: 1.2399521519312067
Mean: -2.7953089671451945 min: -11.932196006888338 max: 1.2101442224942358
Mean: -1.4956785731510198 min: -11.771835625017708 max: 1.2308064405947508
Mean: -1.2975263570350735 min: -10.524159802252928 max: 1.1834025945415625
Mean: -2.754225878856797 min: -11.850393732724267 max: 1.019290942932406
Mean: -2.8817756644610064 min: -12.737214398255759 max: 1.1003328026805623
Mean: -0.09081593286632303 min: -9.470315430594423 max: 1.1804367728960041
Mean: -5.104606754241642 min: -12.860999634726149 max: 1.0973523869560649
Mean: -2.792300428843504 min: -11.77487024449264 max: 1.1822095343939218
Mean: -5.215358551728895 min: -13.007056737664934 max: 1.2957366446383876
Mean: -3.465231850505895 min: -11.148213271278562 max: 1.2373089102646846
Mean: -5.374241608566086 min: -12.36928461172629 max: 1.0442254099482509
Mean: -0.7095205397342544 min: -11.828339526152774 max: 0.9971197317290783
Mean: -1.3666455424279014 min: -10.96319454190089 max: 1.2398794458454294
Mean: -3.7452258716789943 min: -11.464767383305372 max: 1.2399158143917117
Mean: -5.910411018582702 min: -11.682868603069155 max: 1.7366346964307173
Mean: -6.204519755195396 min: -12.242765078402762 max: 1.2827692748300124
Mean: -4.475987876023288 min: -10.968297298294841 max: 1.1444894362115083
Mean: -8.064512100366567 min: -11.315340307694859 max: 1.0922137031789798
Mean: -5.0234503226472915 min: -11.459127607490906 max: 1.1214013418652857
Mean: -6.424107063010595 min: -11.667580724778206 max: 1.140346110121762
Mean: -9.205463834897085 min: -11.448346010717056 max: 0.8872376111374748
Mean: -8.583488901903491 min: -12.306423909565138 max: 1.0813421982352653
Mean: -5.374877494104695 min: -11.410309032845442 max: 0.7668981338828171
Mean: -9.143145782101152 min: -11.20259702278137 max: 0.7092219123602689
Mean: -6.018174823923237 min: -11.424051603194346 max: 1.158892747868446
Mean: -8.300528255171226 min: -12.192890383347894 max: 1.0903675744301042
Mean: -9.521003219657407 min: -12.017327397342399 max: 1.0637186766945734
Mean: -5.395059270559496 min: -11.708794838900753 max: 1.1171258434070384
Mean: -9.424685005479637 min: -11.791634832846738 max: 1.221731196851355
Mean: -5.705388405145314 min: -12.332390272754171 max: 1.1207516215546094
Mean: -8.201834426782206 min: -11.279057294461357 max: 1.1102080239920498
Mean: -8.623626093295158 min: -11.425932048952706 max: 1.0891611517132218
Mean: -9.36173863303103 min: -11.64370234625004 max: 1.0530858794117377
Mean: -7.581029506994154 min: -11.551424109949036 max: 1.0426798989152253
Mean: -9.076587677201976 min: -11.366440862114418 max: -0.2303014774013142
Mean: -6.137616211387703 min: -11.463925488670233 max: 1.0744713799918026
Mean: -6.437541568017389 min: -11.539163320124466 max: 0.9561186819085271
Mean: -5.814471628145709 min: -11.331271497436576 max: 1.070815116331025
Mean: -6.615160655057653 min: -11.601818333221644 max: 0.9653533695042618
Mean: -4.994379278463352 min: -11.367605840106618 max: 1.0244818759676062
Mean: -7.228863441541141 min: -12.363136567176227 max: 1.0500806226177972
Mean: -10.301926799585743 min: -11.438101504324012 max: -9.223107151174755
Mean: -8.021735559731205 min: -11.335222143647908 max: 1.04031171549312
Mean: -9.06127379285998 min: -11.457205056512013 max: 0.9764076547901593
Mean: -9.62973203394694 min: -11.554112618245092 max: 1.0572222298987553
Mean: -6.119641250703596 min: -11.341668503473468 max: 1.1168726452250415
Mean: -10.239024642917622 min: -11.378776710840237 max: -9.198097636927661
Mean: -6.277290561175443 min: -11.968420271520033 max: 1.0942849172735365
Mean: -3.4971670891569118 min: -11.54275219358371 max: 1.0250290558411947
Mean: -3.7650990390056633 min: -11.661208499568614 max: 1.0880429971478336
Mean: -5.5809783791349235 min: -12.684354438229926 max: 1.063051440565072
Mean: -1.2849772888491995 min: -9.29484792754061 max: 1.0396770985439059
Mean: 0.8127343818842944 min: -0.4072728222713653 max: 1.080629853925824
Mean: -3.7902916629989476 min: -11.37229431774262 max: 1.0356542537372768
Mean: -3.452151902669403 min: -11.374418399714644 max: 0.9640266672266918
Mean: -6.440060523255802 min: -11.42615599122339 max: 0.9231674123371606
Mean: -3.7536370426542325 min: -11.388583633878167 max: 0.9819319496747125
Mean: -5.122871554642774 min: -11.543251795550741 max: 1.056084769798066
Mean: -1.5229309394621586 min: -11.37538334332302 max: 0.9957601738866104
Mean: -3.6643448448717444 min: -11.472636201455717 max: 1.0627934753623238
Mean: -3.6433555837736322 min: -11.446239501741886 max: 1.1608649652592546
Mean: -3.101401705330372 min: -11.478926283726256 max: 0.9839372906411082
Mean: -6.12939509721721 min: -11.891274470678693 max: 1.0052810875707725
Mean: -5.068009185638098 min: -11.852197640012092 max: 0.9758733465519707
Mean: -2.5333162893517924 min: -11.762095407777728 max: 1.004632270341561
Mean: -2.6194170818773705 min: -11.281410827734426 max: 1.1244341468802839
Mean: -4.159746106341806 min: -11.545251657087535 max: 1.163287123062637
Mean: -3.8650666496320474 min: -11.40941964772126 max: 1.0275258281027726
Mean: -2.3642120799699287 min: -11.838402526067952 max: 1.0341637804767418
Mean: -5.8020418786428785 min: -11.485263874532714 max: 1.0240677421283007
Mean: -8.468522572380882 min: -11.514084914441995 max: 1.0375440419548234
Mean: -4.942639972771233 min: -11.532404493261813 max: 1.0433347499305148
Mean: -4.534807292715207 min: -11.448404358972896 max: 1.0182396294088365
Mean: -4.812845959130418 min: -11.437009860898563 max: 1.0374337735428392
Mean: -3.3512456228443748 min: -10.985366619277613 max: 1.0734658352891822
Mean: -3.9508025574685006 min: -11.770446981461097 max: 1.1175229819367667
Mean: -3.9509283424773103 min: -12.091583511439215 max: 1.1565816147091001
Mean: -4.166603884655563 min: -11.440151470706285 max: 1.0038298831767447
Mean: -3.4765523354507097 min: -11.374494775080892 max: 1.0805409025068802
Mean: -2.6735859569828997 min: -10.703210493013318 max: 1.0381345703119955
Mean: -2.5841047995720317 min: -12.112804864522692 max: 1.2780393362233877
Mean: -5.9118804007819445 min: -11.400791048244026 max: 0.9582614115220691
Mean: -2.497722368635392 min: -11.454824963838758 max: 1.036191919564927
Mean: -3.935906101646468 min: -11.595798455461582 max: 1.0241979716048135
Mean: -3.5756020935898123 min: -11.361977044811999 max: 1.1034867318861
Mean: -9.269807385447708 min: -11.77445890583175 max: 0.9509142878901882
