Mean: -10.906340666501057 min: -12.002159460710736 max: -6.099750401868958
Mean: -10.846721447447633 min: -12.105094160340105 max: -6.098966346626878
Mean: -10.570298670041888 min: -12.042597947714416 max: -3.9991080624564477
Mean: -10.325093843683982 min: -12.01423596430191 max: -3.9996784562669077
Mean: -8.047738615472147 min: -12.075280904053587 max: -3.9989295026161353
Mean: -9.286380147221626 min: -12.018381646344562 max: -3.9998872101427634
Mean: -9.131046493847112 min: -12.0723571158804 max: -3.9989099058611353
Mean: -9.637697455890041 min: -12.02161085785441 max: -3.998990498348601
Mean: -9.044616429105886 min: -12.053797655875112 max: -4.00026462748189
Mean: -8.397111595914852 min: -12.055837574778497 max: -3.9992722720345646
Mean: -7.3457281567816315 min: -11.91396839006928 max: -3.996072049714739
Mean: -6.515596035257364 min: -12.105908880771075 max: -3.984371885326493
Mean: -6.488573585006781 min: -12.0778075712954 max: -3.991662782117325
Mean: -7.4748724361733885 min: -12.120258489709162 max: -3.9916071258887533
Mean: -6.07196688216086 min: -12.1484771562056 max: -3.9927216578735982
Mean: -7.740211664562264 min: -12.328553495425233 max: -3.992079535551291
Mean: -6.822479503705632 min: -12.002581687640212 max: -3.9934765649932067
Mean: -8.229381509807519 min: -12.01685410281842 max: -3.986929760499698
Mean: -7.441442578871781 min: -11.880595004931713 max: -3.9821064185227546
Mean: -8.575558098884168 min: -11.871966804164586 max: -3.978949770082529
Mean: -7.6644258674850905 min: -11.85714572585076 max: -3.9805926434419145
Mean: -8.363315867938171 min: -11.981250084312322 max: -3.9773900405447504
Mean: -8.84154380873107 min: -11.859588905844156 max: -3.9805785870023405
Mean: -9.282219507869922 min: -11.87942626416348 max: -3.9862809723654196
Mean: -8.598990157629618 min: -11.874263338006411 max: -3.9786094505319167
Mean: -9.39172625635426 min: -11.880421730333815 max: -3.9736111009842747
Mean: -4.698647929566266 min: -11.844105129258024 max: -3.9778357793134194
Mean: -5.095626237948775 min: -11.865630895460335 max: -3.977734242829735
Mean: -4.7834517301812305 min: -10.651447286725976 max: -3.9772494432351713
Mean: -7.976491791768087 min: -11.84875910808028 max: -2.9875406846837413
Mean: -9.43740573006411 min: -12.209861789579225 max: -2.9870563773948122
Mean: -8.440862256445614 min: -11.513630594021642 max: -2.9870528774936287
Mean: -9.524228480702673 min: -11.739357907221095 max: -2.987158065661779
Mean: -9.622864920895218 min: -10.648915255275803 max: -2.9871406491132935
Mean: -9.944389157249114 min: -10.751178639150721 max: -2.987486518060484
Mean: -9.340834215626442 min: -11.884980856504106 max: -2.9870630931289486
Mean: -10.112020555178853 min: -11.17400052121648 max: -2.987566328359764
Mean: -10.073080246512324 min: -10.655061128445963 max: -2.9871441535722303
Mean: -10.116022008556902 min: -11.765358991431693 max: -2.9872632155877916
Mean: -10.225696350381074 min: -11.869037876700734 max: -2.620868376872387
Mean: -10.386093526264963 min: -11.440157591465395 max: -2.988162550318316
Mean: -10.358334046013933 min: -10.64465956906757 max: -2.987426167472422
Mean: -10.199660530941234 min: -10.735270019169585 max: -2.98723274772877
Mean: -7.854255469638933 min: -10.82851924019518 max: -2.9870452343437184
Mean: -9.353340473856628 min: -10.655558975432939 max: -2.9871768269659986
Mean: -9.674683673613675 min: -11.723413830099256 max: -2.987183134687749
Mean: -9.37372529575751 min: -11.81382493931353 max: -2.987269329269727
Mean: -9.538037881664941 min: -11.830584992756137 max: -2.987039676180836
Mean: -8.896217825770243 min: -10.91284259065014 max: -2.987026147347464
Mean: -9.96761756757434 min: -11.732940503495808 max: -2.9878832217875644
Mean: -9.215763553333678 min: -11.627483024550788 max: -2.9871884788046175
Mean: -9.787923738097483 min: -10.658389451028158 max: -2.987706854908897
Mean: -9.655646483458273 min: -11.8548866298344 max: -2.9873241664710357
Mean: -10.102438804690262 min: -11.722958876952777 max: -2.986089049921625
Mean: -9.803382295680883 min: -11.689338749113059 max: -2.987089330685818
Mean: -10.380568228349318 min: -11.705750398114324 max: -2.990003288936173
Mean: -10.081227181910174 min: -11.574637658396425 max: -2.987847076634243
Mean: -10.055903673983531 min: -10.574328892505603 max: -2.9905208927532194
Mean: -10.366904559829738 min: -11.067491341567095 max: -2.990536542357808
Mean: -6.458531563185919 min: -10.913797443512205 max: -2.9290995821899872
Mean: -5.981919410356502 min: -10.757830797668236 max: -2.9287621257823586
Mean: -7.340949743764492 min: -10.651850489481166 max: -2.9288616368128255
Mean: -6.591480901069142 min: -10.693597677116779 max: -2.928815518287285
Mean: -7.682043877717262 min: -11.630101327431511 max: -2.9288106463792922
Mean: -7.380924004677808 min: -11.341717654786382 max: -2.9289960639020562
Mean: -8.765412130201877 min: -11.563084236423393 max: -2.9293741966302402
Mean: -8.123764567536137 min: -11.274582966720935 max: -2.9287385767449523
Mean: -8.881232513251273 min: -11.288878712261337 max: -2.9293746691435283
Mean: -7.988117692457809 min: -11.68026503392042 max: -2.9293112933089653
Mean: -8.838999878848728 min: -11.719858596982187 max: -2.915732906869382
Mean: -9.334925814696465 min: -11.935420897714172 max: -2.915416694747101
Mean: -8.705727646089635 min: -11.714044084853027 max: -2.915978832934303
Mean: -7.522612167915829 min: -11.722878964525709 max: -2.917009350206972
Mean: -9.117143782553239 min: -11.728886090643828 max: -2.915711658239363
Mean: -8.33458202036384 min: -11.770520857995873 max: -1.6346227622220229
Mean: -10.524790659783578 min: -10.772599654502763 max: -10.406852251874222
Mean: -10.54726987527007 min: -11.660719615516502 max: -10.390322361527227
Mean: -10.274030173081494 min: -11.677433830545842 max: -1.640408883683266
Mean: -8.264357180725202 min: -11.543962130480551 max: -0.9471359469665487
Mean: -6.813533780925549 min: -11.510006031851704 max: -0.947230038479715
Mean: -6.490474007325823 min: -11.569937504644866 max: -0.7857531627932944
Mean: -6.513427958165647 min: -11.452756682109477 max: -0.7767388103960554
Mean: -6.581898497957152 min: -11.573014362673698 max: -0.7738298517408184
Mean: -8.10559482888052 min: -11.441765300453259 max: -0.7777998965241082
Mean: -5.823424658847423 min: -11.6478627069495 max: -0.7737397095479277
Mean: -7.864157757607346 min: -11.433591309652584 max: -0.7813413208218962
Mean: -6.333977791855412 min: -11.430960579753028 max: -0.7736893856831691
Mean: -7.749152180099117 min: -11.43914723687726 max: -0.7760916233966012
Mean: -7.622898730937831 min: -11.63035613589286 max: -0.776995307156795
Mean: -8.076937051113996 min: -11.551140451198183 max: -0.7738295716392815
Mean: -7.173136388537255 min: -11.583873427887864 max: -0.7760135772903991
Mean: -6.195085890029212 min: -11.425795943479297 max: -0.7760391476889845
Mean: -7.174923733829442 min: -11.474383454783078 max: -0.8113862802627569
Mean: -7.326224666890433 min: -11.558303502858026 max: -0.8058561260816748
Mean: -6.958563940648214 min: -11.557741944384341 max: -0.7734728567691128
Mean: -3.947759245153823 min: -11.530748465785301 max: -0.7729110549491791
Mean: -4.101137380424718 min: -11.426229541645831 max: -0.778107548777194
Mean: -5.541512701019521 min: -11.528350896226879 max: -0.7729048292186459
Mean: -3.6960604971748934 min: -11.437160223099779 max: -0.772693587140148
Mean: -4.924793993190085 min: -11.44859362281484 max: -0.7526459891008123
Mean: -4.325667627146846 min: -11.438557266486416 max: -0.7786025659290788
Mean: -4.490588853519458 min: -11.439940575161389 max: -0.7789410756355701
Mean: -5.285747350902004 min: -11.608251690410945 max: -0.7729151500125155
Mean: -4.84540712086121 min: -11.44591764096232 max: -0.7784199691417555
Mean: -5.78474451301912 min: -11.954452458220834 max: -0.7728382770360199
Mean: -5.3975165061379435 min: -11.565792397297708 max: -0.7782556835323395
Mean: -5.80827052439188 min: -11.627901148116834 max: -0.7728814522478495
Mean: -5.551612520372996 min: -11.45222032963227 max: -0.7749362830788393
Mean: -2.553559359382457 min: -10.861815177458867 max: -0.7863153811015358
Mean: -3.680682582548515 min: -11.103584268103246 max: -0.7729454857822471
Mean: -6.39925585039693 min: -11.594413896804422 max: -0.7762278848665041
Mean: -6.269030741838671 min: -11.446222974447888 max: -0.7767022441327693
Mean: -6.445259259542603 min: -11.236847984381866 max: -0.7732990574864996
Mean: -7.77339908171635 min: -11.535927429768037 max: -0.7725287181278584
Mean: -6.125680484715453 min: -11.532820228580688 max: -0.7752503646353842
Mean: -7.930842492852 min: -11.340371182760292 max: -0.7740696217267833
Mean: -6.922029391009661 min: -11.202529993669799 max: -0.7748006795299005
Mean: -8.895182554899499 min: -11.379065279901965 max: -0.7670455059551174
Mean: -8.687219440999497 min: -11.499282938915256 max: -0.7745706309682491
Mean: -9.063189300539294 min: -10.651875082140503 max: -0.7746244961894643
Mean: -9.114177414577311 min: -11.413037499202753 max: -0.779663645618992
Mean: -9.643160519617076 min: -10.65508620609384 max: -0.7746317573429125
Mean: -9.73894579734918 min: -11.45754179339278 max: -0.7672385223070327
Mean: -10.035698970717185 min: -11.183222996032065 max: -0.2787973095357659
Mean: -4.287194380426247 min: -11.485011109928081 max: -0.029640733316156742
Mean: -2.5416410870390247 min: -11.718543363996215 max: -0.25504206773774324
Mean: -2.558809832526367 min: -11.827680410477155 max: -0.23117242856189732
Mean: -3.507696551482232 min: -11.889108260083912 max: 0.0189014726448537
Mean: -3.1224108802183435 min: -11.664104328789 max: -0.30342552414447677
Mean: -3.007212121789251 min: -11.707605116150615 max: -0.1622645057759059
Mean: -3.7688587697861173 min: -11.862377548504732 max: 0.19194801731001868
Mean: -3.7745163505020627 min: -11.835208819190738 max: -0.2523542852482927
Mean: -3.477396667847904 min: -11.3678625642557 max: -0.32837751300855134
Mean: -5.210425603655249 min: -11.718359706778335 max: 0.2982743129908079
Mean: -5.969248017590237 min: -11.413353369559408 max: 0.21722227171157452
Mean: -8.51034032742383 min: -11.713695826792238 max: 0.1736860455418235
Mean: -8.513307364397427 min: -11.599981543159076 max: 0.1813010024043747
Mean: -8.716587207082403 min: -11.266605100403243 max: 0.2833003717417763
Mean: -7.475110536630418 min: -11.348971854082913 max: 0.3208679609510873
Mean: -9.115454006065264 min: -11.450834285193789 max: -1.5283569328527495
Mean: -9.631085936548034 min: -11.113424132257474 max: 0.04334908324043281
Mean: -5.125750000592575 min: -11.322561360836088 max: 0.27609751868468113
Mean: -4.8984116686695165 min: -12.04027422423895 max: 0.30127972803050485
Mean: -6.100058261076712 min: -11.478199599300613 max: 0.40209646386665293
Mean: -5.107474359134085 min: -11.112096639681578 max: 0.40172664329945484
Mean: -6.822123586203604 min: -11.21586758466831 max: 0.2516560785863115
Mean: -5.859187007413059 min: -11.239456430596428 max: 0.29929206158670746
Mean: -6.247054293495633 min: -11.28959601253058 max: 0.3046659475644302
Mean: -5.396530487709433 min: -9.798558226238454 max: 0.39919264918600755
Mean: -6.8502249403401185 min: -11.308984468585773 max: 0.14983116305651234
Mean: -6.214101890937675 min: -11.872851335947315 max: 0.3278034276607366
Mean: -7.545318721275591 min: -11.446922408949087 max: 0.2275345115108606
Mean: -7.935366653739496 min: -11.271207545793075 max: 0.38274680632020236
Mean: -9.107620688231632 min: -11.295428427376068 max: 0.31449752855518026
Mean: -8.873796577965212 min: -11.263020266476676 max: 0.08891057703604316
Mean: -8.923239209062253 min: -11.256552331865864 max: 0.23998464272129003
Mean: -9.162284284198662 min: -11.272886074562356 max: 0.012491122621393503
Mean: -5.874965256255466 min: -11.687501132878367 max: 0.8155020916925284
Mean: -4.235708252110581 min: -11.690105843810832 max: 0.5231194792559887
Mean: -4.429012964695651 min: -11.465031253892686 max: 0.5429658802832567
Mean: -5.546771847702231 min: -11.507929495906058 max: 0.5285801916750559
Mean: -5.553450053139775 min: -11.436027726009247 max: 0.45498404400622844
Mean: -5.218017588508046 min: -11.399026115787231 max: 0.461068409479087
Mean: -7.018759346487459 min: -11.488552039494454 max: 0.48506545171041515
Mean: -6.480736935511244 min: -11.68541839145506 max: 0.4640931654627505
Mean: -7.944093525474256 min: -11.478875527489521 max: 0.4287921531405098
Mean: -6.845770520591104 min: -11.426604053338318 max: 0.4975378066632944
Mean: -8.476905082650063 min: -11.454987569775213 max: 0.5470418954324131
Mean: -7.964354543471589 min: -11.467594239042196 max: 0.5403537158219478
Mean: -9.447325889658147 min: -11.498286630738003 max: 0.4284446850413274
Mean: -9.66081558220905 min: -11.466857291904494 max: 0.40305097666968925
Mean: -10.005837293271345 min: -11.482624546563821 max: 0.5039641166228878
Mean: -10.527211904668212 min: -11.672382731386564 max: 0.40354890548975864
Mean: -9.059217426048779 min: -11.56376178797803 max: 0.3976011079309904
Mean: -3.441105815570129 min: -11.23672951035352 max: 0.7073642502341597
Mean: -3.3835689920407273 min: -11.427022110124256 max: 0.39044736343293474
Mean: -3.8496488036192416 min: -11.540151464872121 max: 0.5145346710514707
Mean: -5.591501200078226 min: -11.433922750607099 max: 0.5546266941018595
Mean: -4.452649005098815 min: -11.761864141183867 max: 0.5610771421994478
Mean: -6.9080778047763856 min: -11.690406819603242 max: 0.5492686476683436
Mean: -6.006639443320106 min: -11.481230890461394 max: 0.593648357396038
Mean: -7.570177154169403 min: -11.500414407742905 max: 0.7929939456794869
Mean: -7.18044976450059 min: -11.50010672790326 max: 0.7093313556083016
Mean: -8.95204252804733 min: -11.45803701991048 max: 0.5864466738783913
Mean: -8.067162210174118 min: -11.471295976512799 max: 0.6091378800499649
Mean: -10.58314000421831 min: -11.856244674362129 max: 0.4897985985598421
Mean: -9.712055510948945 min: -12.339100371920177 max: 0.6253632555019919
Mean: -10.743721922594348 min: -11.968732553062251 max: -1.072637269763515
Mean: -10.42306054859133 min: -11.7492180033998 max: 0.5591183512967689
Mean: -11.171870984931932 min: -11.484719068772439 max: -9.136701708269703
Mean: -3.996626031527068 min: -12.24059322045819 max: 0.7522524816505375
Mean: -5.671606428884817 min: -12.339944786405145 max: 0.7833983546083652
Mean: -5.461017529232139 min: -12.333401853201003 max: 0.9731171180054584
Mean: -8.418077668919045 min: -12.28479203877026 max: 1.0077145091607882
Mean: -8.997381604859163 min: -12.119432076991048 max: 0.8273760179276463
Mean: -8.029090919523439 min: -11.585535869295267 max: 0.8855722395840979
Mean: -7.573155719941536 min: -12.280362835350212 max: 1.0404499769021622
Mean: -6.270415679393647 min: -11.233039591288712 max: 1.4001379046190772
Mean: -3.5443225094090316 min: -11.396165689323203 max: 1.0707276553667568
Mean: -5.792645757173455 min: -11.362696264795257 max: 1.0110409287884952
Mean: -5.735812521739337 min: -11.158700275532384 max: 1.167006156539024
Mean: -6.1313929378209036 min: -11.585172996027945 max: 1.4164284607023723
Mean: -5.265424110378067 min: -11.284083445414973 max: 1.0978070755230578
Mean: -5.375725460785763 min: -11.32563913839495 max: 1.4444243535450096
Mean: -6.880737569310668 min: -11.580285181372808 max: 1.0488303032580193
Mean: -5.902344274190119 min: -11.217653127930038 max: 1.0189393479807611
Mean: -6.002336935452246 min: -11.372619906190923 max: 1.1758295608807001
Mean: -4.660137572103929 min: -11.213141412333579 max: 1.4030524955839931
Mean: -5.246433163115555 min: -11.134053666225512 max: 1.0814779371647778
Mean: -6.648830058113028 min: -11.445748835614479 max: 1.1335004131601265
Mean: -4.768860227086683 min: -11.463031264444458 max: 1.137222354425709
Mean: -6.846992752903588 min: -11.91290109065951 max: 1.4072319712261911
Mean: -5.722336665949777 min: -11.547057220043634 max: 1.1405224623189465
Mean: -6.12372971962438 min: -11.263380804190042 max: 1.3472294925130375
Mean: -6.81626409229999 min: -11.611130893863926 max: 1.076636984297009
Mean: -5.646716264909387 min: -11.287021192300703 max: 0.8751429456391133
Mean: -7.516553657786252 min: -11.262934451158863 max: 1.134199724383802
Mean: -6.723156515145019 min: -11.357234651452243 max: 1.0533254996767352
Mean: -6.095937336942324 min: -11.253461174130305 max: 1.4075874193602076
Mean: -6.46548106945349 min: -11.280807422145378 max: 1.1734332146767341
Mean: -6.951312864197235 min: -11.890177947447775 max: 0.9846525993301287
Mean: -6.985686498176432 min: -11.251716708259654 max: 1.0487139236464555
Mean: -8.94952802796351 min: -11.691998032344465 max: 0.9418547532806283
Mean: -6.881809918638267 min: -11.415811665304822 max: 1.0824383022226864
Mean: -5.291504909658587 min: -11.505903792888802 max: 1.0654856073064187
Mean: -7.131439347155979 min: -11.47632760753756 max: 1.3124408098718217
Mean: -5.465787109676906 min: -11.2393563973895 max: 1.1025423429602998
Mean: -5.553761033764516 min: -11.93944150694604 max: 1.1039872837110623
Mean: -6.62658319254422 min: -11.639371478337694 max: 1.2660677053623253
Mean: -5.9119876155057405 min: -12.069173017873497 max: 1.0786146256732225
Mean: -6.4508531132297176 min: -11.47135197968433 max: 1.0915144748106873
Mean: -6.712372258966027 min: -11.234630497167544 max: 1.443203840714312
Mean: -6.240246902360974 min: -11.415598933911564 max: 1.1730502894596149
Mean: -7.328763563709407 min: -11.457782109229253 max: 1.2826748390956577
Mean: -5.340639707024673 min: -11.579617249339595 max: 1.1710716636569192
Mean: -6.975814252520238 min: -11.519095514205414 max: 1.1971575757714807
Mean: -7.473277983281389 min: -11.130191365456477 max: 0.9943946165346557
Mean: -7.723494094371591 min: -11.787364899265903 max: 1.5789013461116654
Mean: -7.394669162037359 min: -11.776628713708384 max: 0.9897484108269358
Mean: -5.49222374072286 min: -10.996852056823954 max: 1.1182294995198958
Mean: -7.15987066240303 min: -12.02107670869882 max: 0.9627995186955063
Mean: -5.670924263079192 min: -11.32424433799801 max: 1.3106865882700844
Mean: -5.198547500316084 min: -11.26340541934043 max: 1.0860239886386482
Mean: -6.71809277989737 min: -12.007276866247176 max: 1.0994246595432777
Mean: -5.106475673248934 min: -11.041493489769925 max: 1.220226261068951
Mean: -6.889388232456692 min: -12.019783312072008 max: 1.0548282564240692
Mean: -6.671025449628554 min: -11.996079239008711 max: 1.0058209282012562
Mean: -5.14546326474947 min: -11.40416761143949 max: 1.1836462803865915
Mean: -6.199440968325782 min: -12.065459565339058 max: 1.0329753323139614
Mean: -7.201986235091298 min: -11.473829367056558 max: 1.1953881885048838
Mean: -7.7381981475815875 min: -11.26947455192807 max: 1.018481819191355
Mean: -5.77371949673869 min: -11.864549171684692 max: 1.1646844903980331
Mean: -7.0038609522202755 min: -11.631390633523855 max: 1.0209961558442577
Mean: -6.701562415674168 min: -11.89547713906098 max: 1.032664865134621
Mean: -6.273475084031147 min: -11.408787696129432 max: 1.1002636984478267
Mean: -6.610739792149141 min: -11.39400792053332 max: 1.0500493121624788
Mean: -4.836049355720394 min: -11.640690315961928 max: 1.049284830943834
Mean: -7.568485163520233 min: -11.368596195774444 max: 0.9349966512553262
Mean: -5.585194576144861 min: -11.085282958941994 max: 1.144518261321184
Mean: -6.870776766138758 min: -11.305405901683462 max: 1.2704620557628832
Mean: -5.973145461926376 min: -11.41820008278695 max: 0.9686921147130212
Mean: -6.715955047745686 min: -11.12721433971028 max: 1.414547752585805
Mean: -5.343802562745262 min: -11.597281986572625 max: 1.2396207902896572
Mean: -5.542990355622196 min: -11.014827641727743 max: 1.3545087676754632
Mean: -6.9350827643961805 min: -11.374280792315986 max: 0.9956451475595662
Mean: -7.676062034567409 min: -11.960975331289513 max: 1.0589044469578246
Mean: -7.383154672175331 min: -11.503775786275206 max: 1.0995535461390604
Mean: -6.695040308268439 min: -11.454466344357899 max: 1.0557499566990276
Mean: -7.835822622186996 min: -11.457204506143475 max: 1.0343050066825417
Mean: -7.710374313703508 min: -11.642424287241354 max: 1.3260674403753208
Mean: -7.1929696469727755 min: -11.86961782517372 max: 1.0910209946025302
Mean: -7.7388387121694135 min: -11.661939429538007 max: 1.076714710304011
Mean: -6.238179190637348 min: -11.751451250692284 max: 1.3610642499955186
Mean: -6.541249153475763 min: -11.99688115796107 max: 1.151881010370543
Mean: -6.225180519284792 min: -11.715832449848246 max: 1.038536060234326
Mean: -6.6270159237461455 min: -11.581753078765761 max: 0.9959760975384514
Mean: -6.502888232447394 min: -12.051306555617849 max: 1.5533875572293585
Mean: -6.641571860615159 min: -11.68128607942557 max: 1.1840903685007669
Mean: -7.078377252077375 min: -11.750680871370397 max: 1.151300864373381
Mean: -6.717307046616904 min: -11.29070418622599 max: 1.027383335408259
Mean: -7.010725692899138 min: -11.92629186053166 max: 1.0552267218368523
Mean: -7.90093891522205 min: -12.59254031691187 max: 1.0519527019098072
Mean: -6.401507235946611 min: -11.460919210111884 max: 1.1687941382353932
Mean: -6.378821280410696 min: -11.469479994370227 max: 1.0224365434952332
Mean: -6.839240406820032 min: -11.412769554762475 max: 1.1044880989249786
Mean: -7.463168821243236 min: -11.362631252537087 max: 1.0368747447259554
Mean: -6.922135279371848 min: -11.486960995511083 max: 1.2519763395371382
Mean: -7.59247079044173 min: -11.492856769627233 max: 1.1055124401346264
Mean: -5.46790548153754 min: -11.967800046588332 max: 1.5163214030308994
Mean: -5.843663474305391 min: -12.12520745382557 max: 0.965878367291475
Mean: -6.187488999844436 min: -11.489474140225537 max: 0.9876824587305254
Mean: -7.242409650113261 min: -11.377986779974197 max: 1.0816162182115217
Mean: -6.176732888452937 min: -11.003776240065207 max: 0.998789055410917
Mean: -6.087229069628623 min: -11.670477580876664 max: 1.141472861565056
Mean: -7.369498178379794 min: -11.45717790110019 max: 1.0098144237448912
Mean: -7.253806598900666 min: -11.480285985879998 max: 1.3543698292121218
Mean: -6.207708168524236 min: -11.282813516428448 max: 0.9808323421571296
Mean: -6.361443621278199 min: -11.736057288259042 max: 1.0434372440555892
Mean: -5.810536702303631 min: -11.861953477099961 max: 1.1353309359899024
Mean: -7.063605566114998 min: -11.227306707530214 max: 1.1569847436512635
Mean: -6.019043928593768 min: -10.997577841101112 max: 1.0572974768909054
Mean: -8.389779069543916 min: -11.63835863969039 max: 1.0436492261438113
Mean: -6.961160271378951 min: -11.56269921139178 max: 1.191832719973918
Mean: -7.400211352954058 min: -12.04829090255345 max: 1.023368024463697
Mean: -7.449657088830281 min: -11.560158738464168 max: 1.1198624504316101
Mean: -5.590822515348845 min: -11.279261010522427 max: 1.1832295592566586
Mean: -6.7867162845481905 min: -11.16940092750322 max: 1.1633442492791293
Mean: -7.17932760153376 min: -11.371640019771121 max: 1.0320291960289152
Mean: -5.493677837199532 min: -11.49365675587326 max: 1.7177853798282767
Mean: -6.345521766702564 min: -11.573861720817609 max: 1.084781437469301
Mean: -5.946510878646737 min: -12.000365742553084 max: 1.187767556160497
Mean: -7.2148392212437615 min: -11.828610729242303 max: 0.9721344191473216
Mean: -6.329575996057834 min: -11.086676566922666 max: 1.3465288336110526
Mean: -6.697054018527434 min: -11.496272883601723 max: 1.2372454870672567
Mean: -5.195565641899474 min: -11.245410016024607 max: 0.9863108228418466
Mean: -6.075811351555591 min: -12.0169319241533 max: 1.0066958031611737
Mean: -7.0158509488762935 min: -11.60532014641879 max: 1.091847794713548
Mean: -4.570076076280688 min: -11.32801827079952 max: 1.399259030959098
Mean: -4.239512236121937 min: -11.217125387857433 max: 1.1106471411979624
Mean: -5.109564898567903 min: -11.540743842595733 max: 1.16415318678543
Mean: -5.318817771450755 min: -11.372726303247852 max: 1.1393439466952486
Mean: -6.406056064024426 min: -11.542826377772089 max: 1.0598793136353633
Mean: -4.255061961750157 min: -11.775050809575717 max: 1.1287173965115176
Mean: -3.0622863223525525 min: -11.374105523491842 max: 1.2568039518607934
Mean: -7.594005229006822 min: -11.301549627487777 max: 1.1672459968465125
Mean: -7.5014846101705555 min: -11.336715816406427 max: 1.1660351526342816
Mean: -7.503226263963453 min: -11.50778439294959 max: 0.9416337100459381
Mean: -4.538398089204242 min: -11.909502524768707 max: 1.0730016955583401
Mean: -5.108540834518544 min: -11.70627652197532 max: 1.189263101023808
Mean: -5.794817027932517 min: -11.748021360105257 max: 1.2216341007562412
Mean: -4.178454300496353 min: -11.003974787607747 max: 1.0284142539163716
Mean: -5.615107846226366 min: -11.729132624387002 max: 1.2170473837820595
Mean: -3.9262643828366715 min: -11.478376716491734 max: 1.241442789544976
Mean: -6.146775254094082 min: -11.900814129868028 max: 1.5540969985199518
Mean: -5.04184007897047 min: -11.153577469235486 max: 1.1300567685507465
Mean: -4.902131693978632 min: -11.183138256644684 max: 1.1353653920611697
Mean: -5.777833329905965 min: -11.854430946809671 max: 1.0207845682057686
Mean: -5.8431190792292 min: -11.387516597153114 max: 1.1554018892192535
Mean: -3.271251195816002 min: -11.180563223759522 max: 1.3946255924887936
Mean: -4.848109577591005 min: -11.563024361720066 max: 1.1110802311680836
Mean: -4.987267357296876 min: -11.768171917979148 max: 1.3090286020033954
Mean: -6.16528601153745 min: -11.53486773122487 max: 1.081311062478517
Mean: -4.452224405569565 min: -11.544132880118324 max: 1.4026449057761519
Mean: -5.773859118228146 min: -11.904977687282475 max: 1.0820707295948062
Mean: -4.861377288951819 min: -11.491141540936496 max: 1.0664882211598457
Mean: -5.009235233443076 min: -11.600365741601896 max: 1.102983919034787
Mean: -6.044248833998223 min: -11.390627618301124 max: 1.4471666547628381
Mean: -4.944545749993233 min: -11.53951568709827 max: 1.1717613913372935
Mean: -6.12213374886671 min: -12.359725535723674 max: 1.0234826162048196
Mean: -6.919235085640922 min: -11.505258636786635 max: 1.0831624685348225
Mean: -4.983077600446686 min: -11.710109418476152 max: 1.2944707075054487
Mean: -6.301317766843997 min: -11.261504897884695 max: 1.103604303475559
Mean: -6.335100746172333 min: -11.645853431431783 max: 1.090809742532109
Mean: -5.246567323871082 min: -11.087649307954964 max: 1.2187321455808442
Mean: -5.227706095545487 min: -11.342715274311288 max: 1.3062704326537635
Mean: -6.01441025106364 min: -11.36838815252567 max: 1.017048776896923
Mean: -3.8527405371867554 min: -11.205737314702812 max: 1.2112189732855
Mean: -4.649608554297007 min: -10.877754972481677 max: 1.0973160906934805
Mean: -4.8820436960590445 min: -11.450936322175851 max: 1.057556517353353
Mean: -4.1902261788552 min: -11.477307444439559 max: 1.3775437326077569
Mean: -3.3963731288848606 min: -11.09821913572791 max: 1.032164067075271
Mean: -3.2549200540037084 min: -11.127477532818972 max: 1.598076782614371
Mean: -3.231473714764894 min: -11.457162786041623 max: 1.0741180743193322
Mean: -4.220473786655337 min: -11.346032105126037 max: 1.3732863377189224
Mean: -3.473805507962507 min: -12.312696576410348 max: 1.1882998628954076
Mean: -3.280730067218122 min: -11.743630432328588 max: 1.7203951133902842
Mean: -4.273532678948077 min: -11.290608682525114 max: 1.0085617917584664
Mean: -2.5036812626837106 min: -11.340929281406844 max: 1.0490854178765863
Mean: -5.222322788331917 min: -11.401799204240646 max: 1.3132466365896647
Mean: -2.1910748985282362 min: -11.32722545088471 max: 1.2431612481264698
Mean: -4.664071327024715 min: -11.192757588588677 max: 1.0318596944612974
Mean: -6.6520282486034015 min: -11.515794277436708 max: 1.0097844808535077
Mean: -7.507741082876395 min: -11.61481416536853 max: 1.0762557042013097
Mean: -4.51248145307027 min: -11.222187346928315 max: 1.153843100348422
Mean: -4.510640513854996 min: -11.30624673968235 max: 1.0646105101640566
Mean: -3.9545794666944665 min: -11.904904823460258 max: 1.5661089784699127
Mean: -3.9858548316311984 min: -11.501099797195561 max: 1.6779596074182863
Mean: -5.268640459858826 min: -12.603765349444181 max: 1.1412716628611532
Mean: -3.73016817454255 min: -12.201134666486752 max: 1.060623321876413
Mean: -4.219834482991535 min: -11.621596362487214 max: 1.0960276443248342
Mean: -3.8836070490698904 min: -11.98588823204391 max: 1.5079239391868486
Mean: -5.444914794103689 min: -11.632381926126921 max: 0.9953367526716899
Mean: -4.9868916524623215 min: -11.095032074914435 max: 1.4888001599386194
Mean: -2.5632048551866324 min: -11.196356304286663 max: 1.4139834409901593
Mean: -3.962149295047967 min: -12.368729040027059 max: 1.569554267929631
Mean: -5.248566990409252 min: -11.652033738281139 max: 1.7064935639182905
Mean: -3.8755866443740485 min: -11.719260740848426 max: 1.181543139766625
Mean: -4.748247514894913 min: -12.587721000398155 max: 1.6435418532194188
Mean: -3.8007754128386906 min: -11.900061578664625 max: 1.3882002452849613
Mean: -4.87505096686974 min: -11.734718538766376 max: 1.2372796498883463
Mean: -4.0455235185722 min: -12.269457854640793 max: 1.5921055397108979
Mean: -3.8591267443544512 min: -12.318220225938038 max: 1.656369235226437
Mean: -3.915832746813639 min: -11.82539159587362 max: 1.6438440584433107
Mean: -6.603098047044984 min: -11.974346505541506 max: 1.3491220954004828
Mean: -4.850170404240887 min: -11.682074942290678 max: 1.123864429023458
Mean: -5.79855210324367 min: -11.583242028307971 max: 1.2389536731384452
Mean: -6.02913234928581 min: -11.710843049274475 max: 1.6761438741876018
Mean: -4.305184600258366 min: -11.570088893049597 max: 1.5351006181950984
Mean: -3.6287179442687068 min: -11.446363495394037 max: 1.2634417003842238
Mean: -4.127782905340125 min: -12.309408706934756 max: 1.3614767333784061
Mean: -5.141718053363563 min: -11.722294748955768 max: 1.6805845221959101
Mean: -5.221891719014196 min: -11.980864258014389 max: 1.1858970293987428
Mean: -6.526409918072162 min: -11.486149559819042 max: 1.0345250152698704
Mean: -4.959668091807642 min: -12.029929340300777 max: 2.334994512739148
Mean: -3.295380494847831 min: -11.811229880890279 max: 1.4491706107429034
Mean: -3.8623549320888957 min: -11.592427216714352 max: 1.713446419800438
Mean: -5.441677699478052 min: -11.584096541459342 max: 1.2835242389980879
Mean: -4.577773359803528 min: -11.892739328090006 max: 1.2165580605993427
Mean: -4.416296591833895 min: -11.911543775672074 max: 1.5471682678393621
Mean: -4.149431226303407 min: -11.5096469115584 max: 1.3939370235208017
Mean: -4.393917180275136 min: -11.82466734177435 max: 1.1905019365665084
Mean: -4.899742493247811 min: -12.269088178044381 max: 1.557004137263383
Mean: -4.069957458297895 min: -11.97338564992397 max: 1.6645818331747204
Mean: -4.833214492677927 min: -11.663321247073544 max: 1.7912384516697644
Mean: -5.201387894582391 min: -11.532360566192077 max: 1.5201484250159547
Mean: -4.672733000415455 min: -11.750620764396723 max: 1.4736779560612723
Mean: -5.367283841531007 min: -11.905725922681123 max: 1.3342051650218116
Mean: -5.929111126771065 min: -11.883597596037424 max: 1.364035483181093
Mean: -6.294788451959954 min: -11.699785245281898 max: 1.6192707089347316
Mean: -6.337971014987645 min: -11.471322819905637 max: 1.5070696138881075
Mean: -5.340907111862136 min: -12.097692683799654 max: 1.052015488865001
Mean: -5.76376558501614 min: -11.356926182109646 max: 1.6175296080048083
Mean: -6.451328412629902 min: -11.557233209129333 max: 1.2569909125691847
Mean: -4.609402112070899 min: -11.767303809444693 max: 1.4531712018689222
Mean: -6.642816450234346 min: -11.959021953786902 max: 1.3099127565523752
Mean: -7.470820881397572 min: -11.518203918264755 max: 2.0090449895803095
Mean: -7.604442588885811 min: -11.631303582349899 max: 1.178908386361823
Mean: -8.183905683123493 min: -11.77366118311115 max: 1.5193681902129397
Mean: -8.047719999390415 min: -12.05382478549753 max: 1.3456086534246172
Mean: -8.591675832125029 min: -11.87206917048514 max: 1.0416793970793348
Mean: -9.083124483568707 min: -12.008889627031811 max: -0.5485313706230953
Mean: -9.50963123096523 min: -12.079502459946788 max: 0.561102762833949
Mean: -9.383775443693668 min: -11.444162091475535 max: 0.9893634898637377
Mean: -9.33844674164836 min: -11.584567018944739 max: 1.1110362037427608
Mean: -9.997523426852636 min: -11.516349183380445 max: 0.7304101969194217
Mean: -8.293541632793417 min: -12.16009696657526 max: 1.8736699592260777
Mean: -7.840128709678562 min: -11.880220607400034 max: 1.5055759719648807
Mean: -7.875010704013203 min: -11.356568976972806 max: 1.618440097812827
Mean: -8.125988529561791 min: -11.808941913473035 max: 0.9778321715017816
Mean: -8.318600227957775 min: -11.836734960410338 max: 1.2075591882706052
Mean: -8.403611031515615 min: -12.07661136833421 max: 1.19623517318909
Mean: -8.901516590360261 min: -11.3371075797303 max: 1.596279926229369
Mean: -7.659487734032885 min: -11.846342271811942 max: 1.474396980012706
Mean: -9.384164235594236 min: -12.180309500680313 max: 1.3110578853724753
Mean: -8.724361463930546 min: -11.552648189648764 max: 1.6714650395537403
Mean: -8.349545775746403 min: -12.133965765846071 max: 1.211701478660995
Mean: -8.848944619639754 min: -11.825541081904571 max: 1.4670121657488617
Mean: -7.917118642522459 min: -11.356128719830405 max: 2.2444040655565423
Mean: -8.460621529081177 min: -12.364033125500196 max: 1.2261060152582792
Mean: -8.274505041974983 min: -11.341631714649361 max: 1.0570080412413454
Mean: -8.6537653818323 min: -11.388277794103725 max: 1.6552092314730582
Mean: -9.001223261539135 min: -12.269400066430059 max: 1.5863524977602557
Mean: -7.456869359270969 min: -11.899955532038057 max: 1.365521102223472
Mean: -7.880828887818425 min: -11.971701954711662 max: 2.051494279107895
Mean: -8.702403842924035 min: -12.193061776587765 max: 2.3832831981383036
Mean: -9.052296536978297 min: -11.513164027860052 max: 1.1914843437429927
Mean: -8.001361544126283 min: -11.3281678603193 max: 1.6673305570886046
Mean: -8.154634593565543 min: -12.085361664969007 max: 1.7104332933148512
Mean: -7.492654104444084 min: -11.748081805123835 max: 1.3589013675078059
Mean: -9.213796214053453 min: -11.421218822426805 max: 1.4110601967905128
Mean: -8.020288662994924 min: -11.755847158091791 max: 1.1095520681176059
Mean: -7.846679512622388 min: -11.342142248617238 max: 1.2626026775124561
Mean: -8.733137656883613 min: -12.180623767024043 max: 1.9350649063649505
Mean: -8.417023227341925 min: -11.494776387897723 max: 1.3947148924993054
Mean: -8.51840041297951 min: -11.358758028568419 max: 1.5427687536085122
Mean: -8.454128701273069 min: -11.388946492855318 max: 1.8199418502572045
Mean: -7.710864741239734 min: -11.818689115777092 max: 2.2493297078227132
Mean: -9.418700799158547 min: -11.361905443809144 max: 2.178426963492348
Mean: -9.634592511609616 min: -11.359117988073262 max: 1.360570716844219
Mean: -6.668514493842688 min: -11.499661026861052 max: 1.9534598824317175
Mean: -7.772974131340418 min: -11.399462094651714 max: 1.285459526513809
Mean: -8.527480222443089 min: -11.342650283889082 max: 1.0092378578850534
Mean: -8.63951220959974 min: -11.43067975840462 max: 2.3621679260533193
Mean: -7.840126572857911 min: -12.169310996125903 max: 1.112225839650886
Mean: -8.406429710485572 min: -11.568319422572662 max: 2.2651263555719137
Mean: -9.639673662175822 min: -12.521321435893643 max: 1.0400524857603168
Mean: -8.599636114699663 min: -11.95976848734591 max: 1.3034371236729574
Mean: -8.429644188737656 min: -12.490176507858564 max: 1.278772304387617
Mean: -6.639941670650733 min: -11.569758409251795 max: 2.1932758130125487
Mean: -5.775214710289541 min: -12.37938309181359 max: 2.748320464363045
Mean: -5.386832027662025 min: -12.057018231820264 max: 1.2956098576230681
Mean: -6.090535015407622 min: -12.4223445983552 max: 1.752395965490851
Mean: -7.103611227546691 min: -12.448733824557154 max: 3.487133632555523
Mean: -6.796846817885358 min: -12.387909234257938 max: 1.6766658653135835
Mean: -5.005845858221852 min: -12.058674482264774 max: 2.3564670659364246
Mean: -6.752861129014179 min: -12.573844751336907 max: 1.2739446324996737
Mean: -5.286222054388248 min: -12.157112233003765 max: 1.6999010037174669
Mean: -6.8662260075470565 min: -12.216851990356162 max: 2.061327870810228
Mean: -6.196823065923444 min: -11.80596068143428 max: 1.3642778811243856
Mean: -5.690679687979253 min: -12.328034333820758 max: 1.718097638385649
Mean: -5.550460214955479 min: -11.975544155672736 max: 1.4795970942804606
Mean: -6.850180739366002 min: -12.331827538629652 max: 1.2124243470459792
Mean: -6.126902728277104 min: -11.789946845593036 max: 1.6490093951589082
Mean: -6.381650644258186 min: -12.200256825718379 max: 1.1157962243539052
Mean: -6.527718373718709 min: -12.460063668434557 max: 1.567184230114169
Mean: -6.080464243123071 min: -12.281355886546839 max: 1.3822597699738786
Mean: -4.032573996921574 min: -11.636395511449944 max: 1.3245533529119724
