Mean: -11.072399025989869 min: -11.977045630742362 max: -10.386062499027762
Mean: -10.20636376392289 min: -11.645899024649275 max: -2.09873549386306
Mean: -4.14280463944024 min: -11.358150026350282 max: -1.1839004792283563
Mean: -2.4258944834968053 min: -11.412817541241397 max: -0.8939048704997328
Mean: -2.0061186890837006 min: -11.261702564368273 max: -0.5395790587082394
Mean: -1.1299993841489897 min: -11.223584927762182 max: -0.49725568154509914
Mean: -1.3436530505954365 min: -11.30125481431149 max: -0.4372027402861962
Mean: -1.6171006779393775 min: -11.267777186531433 max: -0.013257657750752673
Mean: -1.3062616458802412 min: -12.024900155614006 max: 0.28089758597730574
Mean: -1.018309314219601 min: -12.090250617826012 max: 0.30730159909289156
Mean: -0.7384190068381605 min: -11.245677807794165 max: 0.29903405763144986
Mean: -3.5269985334556213 min: -11.335838213463536 max: 0.2856561563016992
Mean: -2.6157984483421477 min: -11.280791412911242 max: 0.34827070027990215
Mean: -2.0249645493385007 min: -11.274953579630486 max: 0.37228038901150706
Mean: -0.6021610825430211 min: -11.266219043135221 max: 0.3938732773590534
Mean: -0.13071692324839573 min: -11.233131001219574 max: 0.40788758042962536
Mean: 0.2659817917234765 min: -0.85552272838378 max: 0.7041428581780417
Mean: -0.2685645842606267 min: -11.32383148293081 max: 0.7796106535560485
Mean: 0.2811915179576054 min: -11.189927493581273 max: 0.7941869835888002
Mean: 0.32197558733691095 min: -11.25910387500317 max: 0.779279448340836
Mean: 0.2670449580644901 min: -11.265960635057255 max: 0.7776666020675196
Mean: 0.24408160063653356 min: -11.221736047748037 max: 0.778112949824757
