Mean: -10.897879092186637 min: -11.062463617146015 max: -10.803335847350272
Mean: -10.374192960475526 min: -10.983462000741063 max: -5.956910849115826
Mean: -9.115886279803725 min: -11.417581862632185 max: -5.958824048249344
Mean: -9.760288016924923 min: -11.698780901236585 max: -5.95449012043733
Mean: -9.761725164814361 min: -11.689665373545015 max: -5.956430544533705
Mean: -10.477977188531687 min: -11.495270542422865 max: -5.96147591498203
Mean: -9.931046171951857 min: -11.747680748826141 max: -5.956625730688145
Mean: -10.01915448529229 min: -12.069830077983873 max: -5.960124069533256
Mean: -10.460105835086441 min: -11.74929117030309 max: -5.960528649399043
Mean: -10.45425483926655 min: -11.901191547715417 max: -5.95577021927269
Mean: -10.457015199549016 min: -11.958811898013273 max: -5.930710596566866
Mean: -10.2797441068309 min: -11.873649923380714 max: -3.81658863633704
Mean: -9.983108587889378 min: -11.68901254423329 max: -3.809718613552508
Mean: -9.972168888412977 min: -11.693948334616485 max: -3.811445367884862
Mean: -9.893569977172103 min: -10.636326644208655 max: -3.809787637907765
Mean: -9.577094305275953 min: -11.11097322876385 max: -3.8116425103458456
Mean: -9.552114119263319 min: -10.613462325078995 max: -3.809615013552552
Mean: -10.070871216815767 min: -11.818817374022988 max: -3.809937242033193
Mean: -10.014282506635181 min: -11.724801796654488 max: -3.798887642710848
Mean: -9.982405485323195 min: -11.594822420475943 max: -3.7982027713592825
Mean: -10.230257796780517 min: -10.773559348937125 max: -3.797164100562363
Mean: -9.901463801391484 min: -10.984884282553505 max: -3.799888718869468
Mean: -10.286552326480361 min: -11.37917493201873 max: -3.800741575485461
Mean: -9.890861589219282 min: -10.780459387220938 max: -3.7091416355515534
Mean: -10.296101648597652 min: -11.485835243998654 max: -3.802628915813108
Mean: -9.903744914975924 min: -10.869112068838069 max: -3.8027073166824796
Mean: -9.74572915137701 min: -12.274762502085666 max: -3.787826337141671
Mean: -9.982308863731136 min: -11.683612766239794 max: -3.7991963639025736
Mean: -10.281803279071788 min: -11.362375078088146 max: -3.7990200445671123
Mean: -10.244255857838118 min: -10.829879897718753 max: -3.8006252900880555
Mean: -9.978082481357912 min: -11.540113994252248 max: -3.6589262117504853
Mean: -7.529696617061687 min: -11.780759893380852 max: -3.652516657659069
Mean: -4.794985046396419 min: -11.623075969121977 max: -3.6486013724229
Mean: -6.516827861417949 min: -10.979404942241436 max: -3.647024224529213
Mean: -6.206581696821279 min: -11.454515208053651 max: -3.648732019272241
Mean: -5.489571125689748 min: -11.60085890818524 max: -3.6456893442964065
Mean: -5.784872893582184 min: -10.88307805561057 max: -3.6438440761326096
Mean: -6.954348335512508 min: -11.461404566440855 max: -3.6453942261160655
Mean: -5.385213970619512 min: -10.58699053975207 max: -3.6447865450508754
Mean: -7.544691008235652 min: -11.645239692255979 max: -3.6450730283132566
Mean: -7.519395766765984 min: -11.278577742549407 max: -3.645090894246884
Mean: -6.776451297512935 min: -10.668869827911506 max: -3.643827022773071
Mean: -7.499483685575095 min: -10.977531595392213 max: -3.6452891455841527
Mean: -8.182143300534996 min: -10.871377757121872 max: -3.646087114217908
Mean: -9.670340141564642 min: -11.73270677163303 max: -3.65661855867856
Mean: -8.9963492760201 min: -11.56797366398722 max: -3.650016115693417
Mean: -8.541583978915543 min: -11.37187099175354 max: -3.646137701914742
Mean: -7.809525954344274 min: -10.607689034878959 max: -3.6470808402399704
Mean: -8.152805311686588 min: -10.582384021314358 max: -3.6435283985350226
Mean: -9.281968429260294 min: -11.679282358141368 max: -3.6540574325846267
Mean: -9.189591061517845 min: -10.587005134155664 max: -3.643242070679418
Mean: -9.943261346667228 min: -11.33101296991709 max: -3.6554559360779315
Mean: -9.557189345412992 min: -10.901317395388087 max: -3.6465149010386178
Mean: -9.538680973104901 min: -10.587167447893322 max: -3.644394533200149
Mean: -9.939782588170909 min: -11.368162860934401 max: -3.6471039869428252
Mean: -10.009536120899046 min: -11.749914850692388 max: -3.650444748398914
Mean: -9.88725860740933 min: -10.654780685393575 max: -3.6487223272793274
Mean: -10.261777708934439 min: -10.857944816284999 max: -3.644744556704179
Mean: -9.958575730942806 min: -11.655218506927664 max: -3.6485916157782348
Mean: -9.967762704107964 min: -11.278249477069142 max: -3.654758904042886
Mean: -9.540091665016297 min: -10.647273946573709 max: -3.645289436713342
Mean: -9.5875895685487 min: -11.544630299193349 max: -3.6435546376104067
Mean: -9.899681723029307 min: -10.789762773803869 max: -3.655885463799834
Mean: -9.886721720259251 min: -10.623973089970463 max: -3.64950249816124
Mean: -9.539765362895148 min: -10.658436356246595 max: -3.6476851455832784
Mean: -9.204573942600716 min: -10.713037601416 max: -3.6471878932954693
Mean: -9.906852983282608 min: -11.002430392166351 max: -3.6540887779199056
Mean: -8.934787770353884 min: -11.47274013726944 max: -3.643105508179643
Mean: -9.63794626853431 min: -11.831922138199396 max: -3.646857727648875
Mean: -10.233624498534208 min: -10.62589968437447 max: -3.653735469234063
Mean: -9.929786347743095 min: -11.205260403563765 max: -3.6554297355938106
Mean: -9.273524197771609 min: -11.564843118848652 max: -3.6484422859539603
Mean: -7.387311341786566 min: -11.573050931454542 max: -3.6638935870516427
Mean: -6.259097641540139 min: -11.928575961138433 max: -3.645321994293423
Mean: -3.9978400658173783 min: -10.560236893908865 max: -3.6417834203506203
Mean: -4.001431020148175 min: -10.647069444527354 max: -3.6408899573300806
Mean: -4.004227376820376 min: -10.658950496159246 max: -3.6463357244464514
Mean: -5.058055023294851 min: -10.874654518634452 max: -3.640594440804273
Mean: -5.811734042310375 min: -11.662577782021618 max: -3.642315984025091
Mean: -5.134818211021574 min: -11.48246160899562 max: -3.6400033162988716
Mean: -6.570974096018071 min: -12.114511392339194 max: -3.643343958868348
Mean: -5.058309435919714 min: -10.783817170356524 max: -3.639887910104456
Mean: -4.694548843741947 min: -10.585724679335454 max: -3.6453093507107397
Mean: -5.466036324985825 min: -11.714883554163823 max: -3.646686285932197
Mean: -4.695158690061069 min: -10.585776636422487 max: -3.6459913506746746
Mean: -6.520455008065679 min: -11.882939461134686 max: -3.6495526721127596
Mean: -5.441834457449613 min: -11.411490641770824 max: -3.648905910734741
Mean: -5.403950435588684 min: -10.886461588191736 max: -3.6453614120973987
Mean: -7.25217255131899 min: -11.543336305798901 max: -3.6474979273087467
Mean: -7.138209934651485 min: -10.797334226948147 max: -3.6401175101133583
Mean: -5.389891756275061 min: -10.582899245058808 max: -3.648943023934708
Mean: -5.736074520370254 min: -10.592699131559892 max: -3.6489269830264157
Mean: -7.473312973000499 min: -10.744257412241026 max: -3.6397905101489334
Mean: -6.451642142549593 min: -11.022737981189042 max: -3.650674908923154
Mean: -7.465942825342424 min: -10.60348064840318 max: -3.642876980144741
Mean: -6.792216026236322 min: -10.8467190533186 max: -3.653022739787803
Mean: -6.4334477977486175 min: -10.755839825857617 max: -3.625872134913365
Mean: -10.71864284709963 min: -11.863642611441264 max: -6.051031250300474
Mean: -9.884421832181115 min: -11.912116619723788 max: -6.051408024636434
Mean: -10.245195154242786 min: -11.91233409824334 max: -6.053060195583252
Mean: -10.809171810218485 min: -11.912330102075389 max: -6.051437441904127
Mean: -10.294919177357851 min: -11.91234401774394 max: -6.050918530337777
Mean: -10.491092678592693 min: -11.911846842206456 max: -6.0524550651360265
Mean: -10.861580071111764 min: -11.926241109286249 max: -6.0525360221155875
Mean: -11.37442327546938 min: -12.220738077598437 max: -5.61664237974798
Mean: -11.142821544786253 min: -11.92592221736728 max: -6.051201684347529
Mean: -11.687376259633243 min: -11.930313740919406 max: -10.87893782935155
Mean: -11.439622584219876 min: -11.91244106581298 max: -6.0580098567711635
Mean: -11.754764353379072 min: -11.92689457943247 max: -10.853573110904545
Mean: -11.663783810101023 min: -11.92061203570515 max: -10.769511544346996
Mean: -11.283677435144913 min: -11.918932769046785 max: -6.053047471686968
Mean: -11.183946217560743 min: -11.918676300609981 max: -6.052400267449665
Mean: -11.271668840402482 min: -11.919086719339404 max: -6.053437901421342
Mean: -9.8847502925572 min: -11.918943089085879 max: -6.045983469824197
Mean: -9.487991883667025 min: -11.918884308946382 max: -6.047580992011432
Mean: -10.407332802246696 min: -11.918286452502633 max: -6.047823497769532
Mean: -10.208866188532191 min: -11.910161919924493 max: -6.0455254956632904
Mean: -11.679495003950198 min: -11.929591712544113 max: -10.863231327866702
Mean: -11.433134182708667 min: -11.910495632298911 max: -5.984408242598736
Mean: -11.464822221301791 min: -11.910420135569447 max: -5.9892570450664
Mean: -11.154767641031434 min: -11.910479486492711 max: -5.988892300556933
Mean: -10.733534815875231 min: -10.834432789417978 max: -10.637574014595524
Mean: -10.44373079085636 min: -11.421417517441014 max: -5.954932248546904
Mean: -9.73787682074548 min: -10.933270412786987 max: -5.951803466607583
Mean: -6.968387233067132 min: -10.942933848119216 max: -5.951326313764328
Mean: -7.6956246179569305 min: -11.183381886095864 max: -4.685671525250218
Mean: -5.970492165056416 min: -11.261362321877295 max: -4.64166608834227
Mean: -7.137774855474641 min: -11.183892506242294 max: -4.585125246492636
Mean: -4.95519551268916 min: -11.33521364485497 max: -4.581069843897033
Mean: -4.58478700188496 min: -4.60107529238456 max: -4.575316364692372
Mean: -4.92162191086134 min: -10.43557127602403 max: -4.5758520484415595
Mean: -4.591895819221921 min: -4.599201803293921 max: -4.577072676857181
Mean: -4.642194797907405 min: -5.573822434968255 max: -4.555781908208786
Mean: -4.890523484726596 min: -10.73406119840524 max: -4.5691502348687445
Mean: -5.507401348850829 min: -10.982387284772843 max: -4.530501988289906
Mean: -4.570606725715388 min: -4.6208941812471656 max: -4.551994946523836
Mean: -5.57293779649663 min: -11.358658038056003 max: -4.552816741835298
Mean: -4.9390448875324235 min: -10.83471252171093 max: -4.550466627179812
Mean: -4.569902315485256 min: -4.639916441403089 max: -4.552232984693448
Mean: -5.842554904493651 min: -10.96457293895815 max: -4.44745719294326
Mean: -5.108206169511748 min: -10.773776466663229 max: -4.353030793417551
Mean: -5.617887639715359 min: -10.76936965474559 max: -4.1809224759311565
Mean: -5.7263899088779455 min: -10.967216672517244 max: -4.3849597448421
Mean: -4.77567340489498 min: -10.6002137044296 max: -4.36618172009139
Mean: -5.130351355255824 min: -10.782065253041127 max: -4.340987435772286
Mean: -4.384268158985643 min: -4.459129249162445 max: -4.27410262585699
Mean: -4.372991649530679 min: -4.500744735671343 max: -3.67362873116675
Mean: -4.402302597324472 min: -10.433527203113414 max: -2.5998694340725685
Mean: -4.542959030604125 min: -11.50089786938792 max: -2.5197025976975027
Mean: -4.948477853783101 min: -10.916300640464023 max: -2.629287598706383
Mean: -3.7844522058837717 min: -10.75757250983073 max: -2.5198905720971907
Mean: -3.5277349426907216 min: -10.849870212071288 max: -2.596393862627314
Mean: -3.7635196989345587 min: -10.781195559785274 max: -2.5989125084443265
Mean: -5.401413265456359 min: -10.946549614157988 max: -2.518448067671078
Mean: -4.457272393041949 min: -10.808197327793854 max: -2.598579615106868
Mean: -4.1343249349434545 min: -10.893587119192485 max: -2.5181875521274217
Mean: -3.418080773575395 min: -10.770305861449726 max: -2.589840382442204
Mean: -4.54503329834196 min: -10.93211753274327 max: -2.6173965652086872
Mean: -3.877100859946213 min: -10.88382764094855 max: -2.611629329605556
Mean: -4.297087062861019 min: -10.917978018565691 max: -2.5906977363265886
Mean: -4.5734888480519595 min: -10.864164822416637 max: -2.6190719286927844
Mean: -3.2422797027230352 min: -9.723299600125488 max: -2.582471662608705
Mean: -3.818431985556809 min: -10.746837811544374 max: -2.6022972705432843
Mean: -5.1003651532605145 min: -10.876257830141638 max: -2.6823007502758167
Mean: -3.477299610976984 min: -10.811818811002086 max: -2.5818495995186157
Mean: -4.168503871267341 min: -11.037466043609413 max: -2.598644618674149
Mean: -5.297560796563593 min: -11.164460097352098 max: -2.6003114894059305
Mean: -3.907838708414773 min: -10.798139916962583 max: -2.59514200657824
Mean: -4.818679072749277 min: -10.928110739919411 max: -2.6146102488966836
Mean: -5.310528673639604 min: -10.940889241184477 max: -2.6145044598788147
Mean: -3.8938707411490356 min: -11.093029875471839 max: -2.612378008343181
Mean: -2.9896238069007133 min: -3.412110275509007 max: -2.6673117285036283
Mean: -3.01891418093359 min: -3.660765293604488 max: -2.682672649714937
Mean: -3.0634434284144407 min: -3.6672858011060443 max: -2.6566993171840214
Mean: -3.358026562105187 min: -9.556682092396429 max: -2.5992700553311034
Mean: -3.4017315353865127 min: -10.763263968596787 max: -2.643518479030125
Mean: -3.788426171280842 min: -10.673304837374104 max: -2.6205473114661406
Mean: -3.326342884303178 min: -10.802190875698019 max: -2.6217490549544467
Mean: -3.766173289282443 min: -10.817323590307216 max: -2.579291671521884
Mean: -3.361445605628358 min: -11.459302016227841 max: -2.590881178340803
Mean: -3.764036722117941 min: -10.87020247980068 max: -2.6672442989745493
Mean: -3.434894672121814 min: -10.670312880440827 max: -2.5945230850434124
Mean: -4.4997768500891775 min: -10.792394569198919 max: -2.626693689301213
Mean: -4.821551773050716 min: -10.848948529651125 max: -2.5862541898545515
Mean: -4.063198706494369 min: -10.602979504915389 max: -2.592386435623079
Mean: -4.059280122235867 min: -11.01268606035663 max: -2.583063018347891
Mean: -4.087458004414186 min: -10.802335279101433 max: -2.5945840418486825
Mean: -3.5540848900273034 min: -10.960372903821426 max: -2.611801513689676
Mean: -3.9028696500337587 min: -10.913421256981577 max: -2.6185341791687518
Mean: -3.4145068998124777 min: -9.99446211618993 max: -2.6417051759134234
Mean: -3.388459171493307 min: -11.59048614593798 max: -2.6232991234329024
Mean: -3.3637422304269746 min: -10.113057435793257 max: -2.6405622332744927
Mean: -2.953958350771741 min: -3.200235825658245 max: -2.5382767790446183
Mean: -2.9470100746034906 min: -3.2004479350247235 max: -2.5352937587218807
