Mean: -11.038642791763873 min: -11.68571455222424 max: -10.824696473952507
Mean: -11.097501887290633 min: -11.792101411225337 max: -10.806745954870184
Mean: -10.560361838446909 min: -11.807523747392992 max: -6.392449518405307
Mean: -10.638733848972544 min: -11.767524772933188 max: -6.392429459495313
Mean: -10.858103222448168 min: -10.942455018564997 max: -10.713595627857186
Mean: -10.312334520717902 min: -11.80750433361996 max: -3.336774988891553
Mean: -8.307064401490747 min: -11.498931331936767 max: -2.040773462495559
Mean: -7.7045265663448435 min: -12.080049497057027 max: -2.050381056232354
Mean: -7.594146276424266 min: -11.825723978084202 max: -2.05891361831489
Mean: -7.380341899639693 min: -11.439789004272718 max: -3.3303729698444124
Mean: -6.9113451329709665 min: -11.493174325487763 max: -2.963879390442408
Mean: -6.011834883393007 min: -11.433907760065422 max: -2.0474136555470763
Mean: -5.48960495562954 min: -12.063629502423666 max: -2.9029065876176414
Mean: -4.912931748276456 min: -11.475677271682777 max: -2.042441975254997
Mean: -9.076854976917447 min: -12.000617200485928 max: -2.9720524832302564
Mean: -6.820125693247478 min: -11.899013719717724 max: -2.016241989347585
Mean: -8.48486043088238 min: -11.826346447837354 max: -1.957778011038708
Mean: -3.858108867292734 min: -11.113315230952452 max: -1.9723348398858087
Mean: -1.9621027215452744 min: -1.9818708552449107 max: -1.9383750172234375
Mean: -2.0897944411713043 min: -2.902847984253843 max: -1.9523814703006672
Mean: -2.939516949687166 min: -11.839014803229334 max: -1.9344992560418135
Mean: -2.8587684603967185 min: -11.051455465128397 max: -1.8689938648623095
Mean: -3.856557321382193 min: -11.755288484214494 max: -1.7976071051097469
Mean: -1.6745093586948017 min: -2.220180191256015 max: 0.2648514479623875
Mean: -3.6887687178586126 min: -11.260852135833662 max: -1.817530994632789
Mean: -3.7850728882810984 min: -11.796231723026931 max: -1.8463764275426202
Mean: -3.877720109035445 min: -12.256490226525939 max: -1.811446670399966
Mean: -5.489632394485012 min: -11.332874158936367 max: -1.8366848996829892
Mean: -3.8321281800354408 min: -11.518311867853797 max: -1.800555576143272
Mean: -2.858756301920509 min: -11.322093358623361 max: -1.826767402397251
Mean: -2.1002110963009994 min: -2.747898087612354 max: -1.80558799186007
Mean: -4.790655554877014 min: -12.105252270029423 max: -1.8160236036128314
Mean: -4.122852505915506 min: -11.653912967141267 max: -1.8131036286044133
Mean: -3.853423126329159 min: -11.402636440744622 max: -1.8599614741554202
Mean: -1.9553992873748431 min: -2.687527186366774 max: -1.8051666977298242
Mean: -2.809170546902577 min: -11.437613371447007 max: -1.822460926123219
Mean: -3.010947508494675 min: -11.938724818092988 max: -1.778677592307582
Mean: -2.7722078311286937 min: -11.327908352017078 max: -1.782138072246942
Mean: -4.6622468739873515 min: -11.347312525948757 max: -1.7775108806478566
Mean: -1.9906136770301053 min: -2.722507053815121 max: -1.7862278215212901
Mean: -2.170405324885232 min: -4.606963261580111 max: -1.771612721884376
Mean: -3.9590868459978097 min: -11.559302749739556 max: -1.798279269575477
Mean: -3.8869874956666237 min: -11.67192865000926 max: -1.5063637484487096
Mean: -2.438291973918768 min: -9.92489253407748 max: -1.1914352437195632
Mean: -1.4299909232680041 min: -2.2841710290784047 max: -0.27802088441908634
Mean: -2.953178189980754 min: -11.481283797973177 max: -0.15716268615582957
Mean: -1.96271388617212 min: -11.858325357230376 max: -0.12579887785046984
Mean: -2.4836587376909662 min: -11.964309896980103 max: -0.11570962754052952
Mean: -0.23457798856125453 min: -0.28759310654328446 max: -0.12816563219662824
Mean: -1.5569965171467304 min: -11.146299783337955 max: -0.06103294570625337
Mean: -1.4263402002703618 min: -11.681592237682398 max: -0.16809476280667415
Mean: -3.49524658748856 min: -12.179510704641384 max: -0.17412708960397616
Mean: -0.44587316381298087 min: -2.7611824988183162 max: -0.11981124742299247
Mean: -1.6123730253115975 min: -11.335997004768144 max: -0.23096554578674497
Mean: -1.6268267320624237 min: -11.490259501711465 max: -0.22471493276807566
Mean: -2.813485915833824 min: -11.372127163832282 max: 0.0058003117692986906
Mean: -1.0925770344365475 min: -10.3767678842812 max: 0.23632843918189206
Mean: -1.0902840708021155 min: -12.126381425166036 max: 0.23677408156417998
Mean: -1.0202096192890049 min: -11.276569128275167 max: 0.22879161067211423
Mean: -2.3659610514940352 min: -11.623515691347134 max: 0.23574942609576183
Mean: -2.550329271283214 min: -11.477109677049022 max: 0.22886763513052308
Mean: -1.1344869820849826 min: -11.498508576933668 max: 0.20679558019073652
Mean: -2.3632580846679683 min: -11.527009436669061 max: 0.17835943002047483
Mean: -1.5034337110183622 min: -10.622281008980607 max: 0.2830973973664976
Mean: -1.229831801915203 min: -11.306309119952315 max: 0.2692387044247012
Mean: -0.9905019008788344 min: -11.267477214743481 max: 0.29859033190262274
Mean: -1.0330071202962965 min: -11.37264629361521 max: 0.27852842722421545
Mean: -0.14098268252508314 min: -3.066149492972434 max: 0.2736765152751832
Mean: -0.9576009975097796 min: -11.424733315931851 max: 0.2874343815681639
Mean: -1.0411070800958617 min: -11.7821875202958 max: 0.2732377549202086
Mean: -0.857108653427854 min: -10.113367731880258 max: 0.25695891249364233
Mean: -1.320994580159776 min: -11.80259073214111 max: 0.343251106588536
Mean: -0.9470558203877809 min: -11.643975522273522 max: 0.6216415005183391
Mean: -0.8199350202290694 min: -10.594555843240396 max: 0.4336428718142714
Mean: 0.03775770399756693 min: -0.9960008555045204 max: 0.28793418930955905
Mean: -1.914522635368845 min: -11.424098283183925 max: 0.36698704314120834
Mean: -2.599945045018425 min: -11.303323170994005 max: 0.34101933110815735
Mean: -0.5969454902404172 min: -5.068056093474221 max: 0.32207325601623227
Mean: -2.1456072268303235 min: -11.496029349178045 max: 0.35433712818983154
Mean: -1.0105825170156937 min: -11.209613599528376 max: 0.3154283878171409
Mean: -0.021922525527313712 min: -2.5125724082262866 max: 0.3277177648998696
Mean: -1.2648966417669758 min: -11.453836314740887 max: 0.33470416693193705
Mean: 0.010573293070894092 min: -0.6904148831433553 max: 0.3568219735363796
Mean: -2.2687556141040512 min: -11.480671042195848 max: 0.3077919883899505
Mean: -0.9086884814785993 min: -11.89916004736578 max: 0.36947752187628696
Mean: -2.0388141944731526 min: -12.048643469997707 max: 0.3629542499008996
Mean: -3.8979675453059905 min: -11.386159610200618 max: 0.34967616642354077
Mean: -1.0871599900577427 min: -11.165304584660877 max: 0.3706042998753918
Mean: -1.8246220548367998e-05 min: -2.089257524647972 max: 0.37772879781039626
Mean: -1.0236666436661515 min: -11.276590226598234 max: 0.33939872009151323
Mean: -1.0904552834339614 min: -11.477104080185061 max: 0.5902879322768498
Mean: -3.501796369110535 min: -11.531098502271204 max: 0.3720075581200416
Mean: -2.4376856132593163 min: -11.726546279487678 max: 0.3525584619812386
Mean: 0.0686672501300217 min: -0.6956878078550103 max: 0.501897809105462
Mean: -6.88368744197305 min: -12.076047946123827 max: 0.37111155558779774
Mean: -4.4315690644917325 min: -12.020503046531072 max: 0.40057567204194827
Mean: -11.055910338791112 min: -11.664293419495163 max: -10.772288382869524
Mean: -11.033261119924633 min: -11.865781602620112 max: -10.792846890643302
Mean: -11.075214870354273 min: -11.527943754959976 max: -10.783094822104088
Mean: -11.353267850439847 min: -12.090644635380183 max: -10.798414825122554
Mean: -10.366694997246922 min: -10.578525255649382 max: -10.195158704894222
Mean: -10.797105852674402 min: -11.509764826711502 max: -10.159934591919937
Mean: -9.741295710405083 min: -11.345680365304155 max: -0.6824072384285889
Mean: -10.553965122286142 min: -11.342132225160828 max: -9.941903869191108
Mean: -10.309752424837324 min: -11.209911478578077 max: -9.79472615571848
Mean: -9.662261680989468 min: -12.332831750450294 max: -0.6705319163774967
Mean: -10.9864055437543 min: -11.94993688040767 max: -9.621011389883092
Mean: -10.08970495241851 min: -11.83094789548714 max: -9.690082301473018
Mean: -10.064175272953749 min: -11.871186468187974 max: -9.642764713762336
Mean: -9.692730582021998 min: -9.768988552893038 max: -9.60309057119038
Mean: -10.081793721250438 min: -11.943169201618465 max: -9.557288210797108
Mean: -9.731317258450805 min: -11.181831566999906 max: -9.521042058955176
Mean: -10.12109647860699 min: -11.72974653804629 max: -9.506354882024421
Mean: -9.759124588416157 min: -11.688991858296514 max: -9.523446120750776
Mean: -8.935197710285411 min: -11.89616954218764 max: 0.3736313710780575
Mean: -4.731813952888881 min: -10.662223115420185 max: 0.36328328125689224
Mean: -1.896119039903787 min: -11.800170180682478 max: 0.3811648978385074
Mean: 0.2680822463202147 min: -0.19665605159741215 max: 0.37537573559743054
Mean: -4.69159729690911 min: -11.922742538277875 max: 0.3823478306250366
Mean: -1.8440157515582984 min: -11.248355982674083 max: 0.49791598260991055
Mean: -0.8253012451471037 min: -11.821851925458642 max: 0.4366169202619758
Mean: -0.8476375637986274 min: -11.787000195759978 max: 0.48228891880786817
Mean: 0.42733237519086453 min: 0.36721079816295993 max: 0.5016252956301185
Mean: -1.9382164811621245 min: -11.796237958751789 max: 0.6865065952293098
Mean: -0.6026308593677957 min: -9.554277139658678 max: 0.4794435399261596
Mean: -1.8298176380612383 min: -11.852002377354854 max: 0.4993356918061663
Mean: -3.161115861969283 min: -11.85346684838653 max: 0.5231750443299769
Mean: 0.44849203979926244 min: 0.3473061062612012 max: 0.48560532702804726
Mean: -3.077707091047008 min: -11.797153686763792 max: 0.4715635971721169
Mean: -2.9493290798052074 min: -11.784666498861284 max: 0.5257412401603174
Mean: -0.7662963409130031 min: -11.547460756106567 max: 0.4818102487883916
Mean: -2.0026969917097275 min: -11.848483245388211 max: 0.4754590951887713
Mean: -7.9210943547131025 min: -12.201351940868324 max: 0.4364922474724661
Mean: -0.7665314548026928 min: -11.48984132831638 max: 0.47191232980176134
Mean: -6.855019740379774 min: -11.81020604802535 max: 0.47856643113993175
Mean: -1.759120810757373 min: -11.15928294928007 max: 0.47317245135677133
Mean: 0.4134131940406638 min: 0.35074808201497815 max: 0.5011494716790786
Mean: 0.458292433030851 min: 0.3848794189484408 max: 0.5238405338073079
Mean: -7.527310413117196 min: -11.816239919115104 max: 0.46872385878998846
Mean: 0.4315819122832301 min: 0.3804552791879698 max: 0.4764923558390981
Mean: -4.40803967648603 min: -11.85121708888361 max: 0.5076891599889003
Mean: -1.9538899325351529 min: -11.828404988524897 max: 0.7679219122369864
Mean: -5.428711987799659 min: -11.71337962063907 max: 0.8167253581968883
Mean: -3.033379750173407 min: -11.829375112690748 max: 0.816332424432397
Mean: 0.7854596110244395 min: 0.46985688480339527 max: 0.8292554530299746
Mean: -0.3829431335884286 min: -11.154266768308641 max: 0.825779539805501
Mean: -1.7172947961447058 min: -11.663688867945107 max: 0.8217003462436551
Mean: -0.5429535467807132 min: -11.164158777972911 max: 0.8276977136126131
Mean: -1.8902300406917552 min: -11.775218875988664 max: 0.8306431700980409
Mean: 0.7525477208384268 min: 0.47345452039428193 max: 0.8284534060945422
Mean: 0.7459019065719616 min: 0.4540464179292115 max: 0.8312224802479479
Mean: -0.2545914809298344 min: -9.506533182690266 max: 0.8281178072090707
Mean: 0.3314700788035986 min: -2.6760662592442452 max: 0.8336883410458414
Mean: -4.1004926655060165 min: -11.731589429837598 max: 0.8352364007905876
Mean: -0.47616813173621003 min: -11.411113794524384 max: 0.8343427749682545
Mean: -0.4123754976757776 min: -11.153452008530994 max: 0.8311993003569826
Mean: -1.6020793272225355 min: -11.144966846965875 max: 0.8331230355628769
Mean: -2.8363729242984506 min: -11.82171064774358 max: 0.827666052851304
Mean: -1.6283783436342243 min: -11.682291960517452 max: 0.8272047624389681
Mean: -2.76282197864541 min: -11.603890400109567 max: 0.8322853026991687
Mean: -0.4383812797087236 min: -11.76408052096913 max: 0.8298048906443951
Mean: -1.4613531114657397 min: -11.147877562262558 max: 0.83540110549498
Mean: -0.2519815836066233 min: -9.923142354838053 max: 0.8377378932233319
Mean: -1.608212549466589 min: -11.480172722741745 max: 0.8255375207282208
Mean: -2.642580073994044 min: -11.173332135424577 max: 0.84336075386519
Mean: -5.349267671012243 min: -11.830798478209436 max: 0.8364598839778237
Mean: -2.721825771611506 min: -11.934639278467213 max: 0.8242004154975293
Mean: -0.4851314124607297 min: -11.823914641578137 max: 0.8282606995032187
Mean: -1.8197726153847795 min: -11.83985401520411 max: 0.8252687712754254
Mean: -4.173917593285082 min: -11.824108782345814 max: 0.8313145396083265
Mean: -2.5970555126927453 min: -11.19089480615863 max: 0.8407072025479528
Mean: -3.0867102894914313 min: -11.804119186186778 max: 0.8403194702891562
Mean: -1.828342191264257 min: -11.18939169432638 max: 0.8300758798145519
Mean: -0.605471243290358 min: -11.10494926752947 max: 0.8195528810418624
Mean: -2.9821122189755176 min: -11.815455672051213 max: 0.8396104220826626
Mean: -1.1503594930337004 min: -11.51239463492236 max: 0.8174946964990325
Mean: -2.150596934336948 min: -11.85323345571633 max: 0.8420232918932878
Mean: -0.3456161099183124 min: -2.7895316996886526 max: 0.8142317632947431
Mean: -2.042365667050645 min: -11.167712643370418 max: 0.8771481773696498
Mean: -4.4828430686389185 min: -11.824145545695329 max: 0.8218425255503592
Mean: -1.222946786234997 min: -11.256838386201295 max: 0.8369503841651158
Mean: -1.16244636480907 min: -11.783196599514866 max: 0.833967458150927
Mean: -3.263704281310589 min: -11.826105733139833 max: 0.8443127045362429
Mean: -1.7623017556638207 min: -11.86691381360775 max: 0.82616856632665
Mean: -1.609782401398887 min: -11.152974096915766 max: 0.8408533616068751
Mean: -1.7522524804437432 min: -11.827372390981232 max: 0.8320124735119337
Mean: -2.9006430879368827 min: -11.567689425985876 max: 0.83937996835817
Mean: -0.2543636247806661 min: -9.855101954326974 max: 0.8318048646644302
Mean: -0.6395179875652836 min: -11.838388074763637 max: 0.841453411545465
Mean: -0.41272556515883413 min: -11.14396877568229 max: 0.8309316031347703
Mean: 0.34918397691373376 min: -0.6932177203332988 max: 0.8367352825998617
Mean: -0.7647482788230602 min: -11.842277697357144 max: 0.8333263236721751
