Mean: -11.738342629189356 min: -11.860637807727915 max: -11.588593703308764
Mean: -11.592640600666293 min: -11.62739583897541 max: -11.587308848459273
Mean: -11.576848735900317 min: -11.95800296670869 max: -10.97781927589178
Mean: -11.282075242536024 min: -11.586949549079872 max: -10.971756570082405
Mean: -10.978996143257488 min: -10.990693264947149 max: -10.947745747666495
Mean: -10.97199687314971 min: -10.99029498367887 max: -10.948641476220141
Mean: -10.97208043478204 min: -10.997804062778814 max: -10.948609339890567
Mean: -11.08878032361532 min: -11.811020417086532 max: -10.852455072717493
Mean: -10.917013057348566 min: -10.990588185211209 max: -10.847188869220949
Mean: -10.857143604749174 min: -10.877626601265185 max: -10.826149483821602
Mean: -10.869664263485365 min: -11.058236645441067 max: -10.831823334038507
Mean: -10.814060762438507 min: -10.954404938363842 max: -10.485796783237719
Mean: -10.661766313370139 min: -11.065429211545736 max: -10.467199143339135
Mean: -10.487146298408769 min: -10.627543810215949 max: -10.39779531532936
Mean: -10.46340722192191 min: -10.48471066530912 max: -10.403286238762364
Mean: -10.428037359672027 min: -10.523724596128147 max: -10.395724218471178
Mean: -10.440536556278875 min: -10.46075718047567 max: -10.411520221202153
Mean: -10.45444865130314 min: -10.553447730463239 max: -10.40320523701225
Mean: -10.440411641072224 min: -10.483781019592767 max: -10.395363077625602
Mean: -10.583887152097038 min: -11.722081138566882 max: -10.409339993203487
Mean: -10.365415003774306 min: -10.528894796056923 max: -9.686284735279115
Mean: -10.067358407705989 min: -10.492178966924765 max: -9.489588250489827
Mean: -10.421701834928035 min: -10.459702599326684 max: -10.347150059334627
Mean: -10.388281021729613 min: -10.458801432419303 max: -10.329906238372851
Mean: -9.810627085801013 min: -11.48867636590188 max: -3.1137028772718987
Mean: -10.432602821330502 min: -10.494861080612973 max: -10.397771277951627
Mean: -8.96852452087011 min: -10.482273604833155 max: -3.103422948277337
Mean: -10.435934717221546 min: -10.49350258265857 max: -10.398859486107753
Mean: -8.299965043123715 min: -11.017188390894912 max: -3.1159907074551607
Mean: -10.438534672244682 min: -10.46641696756673 max: -10.411593226015638
Mean: -7.573227568214859 min: -10.456093621199027 max: -3.099915374987937
Mean: -10.617869055204462 min: -12.32454288593377 max: -10.390670087809589
Mean: -7.500061076238049 min: -10.77804871796944 max: -3.10487868433886
Mean: -10.428909854759638 min: -10.468334129574103 max: -10.403163202336556
Mean: -6.056112196727218 min: -10.449705906337243 max: -3.090021513713173
Mean: -10.438167113755512 min: -10.542443770797702 max: -10.400903293569728
Mean: -5.426108445927189 min: -10.437735990340316 max: -3.1002728686799896
Mean: -10.424980640652217 min: -10.500269531909858 max: -10.385539883738005
Mean: -3.8566457482737326 min: -10.391875476308655 max: -2.088867103740913
Mean: -10.403441205947733 min: -10.444024803521343 max: -10.380434780821068
Mean: -3.0501055670347315 min: -10.390784117775427 max: -2.092833405831305
Mean: -10.400928676353805 min: -10.444859584794422 max: -10.37524583615254
Mean: -3.799133314079758 min: -10.450565536134754 max: -2.0947013184389887
Mean: -10.531444221943913 min: -11.658777680466976 max: -10.389417826998049
Mean: -2.110064855352308 min: -2.1255299934229246 max: -2.094862328518781
Mean: -10.419300057435471 min: -10.469787531213207 max: -10.38756947441269
Mean: -2.774209201853947 min: -9.955882780909981 max: 0.10384253466500301
Mean: -8.448697706949204 min: -10.632987137028529 max: -0.677573689165515
Mean: -1.4728563892902242 min: -11.53432154203455 max: 0.15921108184627836
Mean: -6.558117511334812 min: -10.462796346613791 max: 0.13594682271151484
Mean: -1.2414989128395217 min: -10.382173669530554 max: 0.1797077927920445
Mean: -8.25073283671472 min: -10.349547311102215 max: 0.06118859732997049
Mean: -1.4446708903973973 min: -9.650810726961733 max: 0.1322140635820634
Mean: -8.248483902235293 min: -10.346769424969173 max: 0.1159173147978985
Mean: 0.09288683172229271 min: 0.010294295011408343 max: 0.13714860814378388
Mean: -10.429885807375546 min: -11.322426900997739 max: -10.31635510707161
Mean: -1.2183038425681398 min: -10.399948482823342 max: 0.2950254321058147
Mean: -9.327522778600757 min: -10.799675943001244 max: 0.13516972879303618
Mean: -0.01749721583349813 min: -1.3485774194480613 max: 0.23617662754782284
Mean: -10.469230995157208 min: -11.336286309296593 max: -10.317244130962424
Mean: -2.260888454469441 min: -11.535336512676183 max: 0.3039986930099813
Mean: -10.391255767113961 min: -10.424683659952274 max: -10.377729538683624
Mean: -0.7125142455516733 min: -9.350249743642568 max: 0.32866149263906946
Mean: -10.52534380181259 min: -11.72648222893497 max: -10.376667091776305
Mean: -0.36657219908110256 min: -2.521658937862898 max: 0.2577277371300133
Mean: -9.335988397542788 min: -10.469908099023662 max: 0.22752850905997407
Mean: -1.0523776096450748 min: -11.73214661648048 max: 0.34755372520154054
Mean: -7.2884915885385695 min: -10.411495780357512 max: 0.24015215373953744
Mean: 0.08897129198317859 min: -1.2384808750810448 max: 0.24862597897302663
Mean: -8.401334407040187 min: -11.623700544578018 max: 0.23841572667099026
Mean: 0.23863804728951163 min: 0.22896552288133332 max: 0.25687726178070336
Mean: -6.207021439234559 min: -10.984635858744072 max: 0.35447594328077153
Mean: 0.1273559590320889 min: -0.9894882866919016 max: 0.26828075307359983
Mean: -5.053467845091063 min: -10.452085434529216 max: 0.47427946708183166
Mean: 0.07275180191603543 min: -0.9991193635034077 max: 0.48137438955254863
Mean: -4.165409773665582 min: -10.433976103835027 max: 0.44581092443927484
Mean: -1.796294204292289 min: -9.518907719761907 max: 0.4906197095261314
Mean: -2.975937311468731 min: -10.50330187874963 max: 0.4759574383959602
Mean: -2.4108104918958175 min: -12.234714377454962 max: 0.472389469004005
Mean: -1.9692208844320995 min: -10.45403617864252 max: 0.4515326491738382
Mean: -0.04111834418806015 min: -0.9981697689191393 max: 0.4729525469314872
Mean: -2.917605325867086 min: -11.321036950142956 max: 0.5309673619652828
Mean: -1.0622806990440683 min: -9.438198714446756 max: 0.46672659698171715
Mean: -0.11017626589231613 min: -1.7363218301007004 max: 0.46053013746777427
Mean: -1.021533044530189 min: -11.209476053063653 max: 0.42781595539197914
Mean: -0.08274878798524013 min: -1.7195857236101433 max: 0.49232520481599634
Mean: -1.367595006489816 min: -9.985324636464442 max: 0.44594754181058627
Mean: 0.13787070220047531 min: -1.762017107225707 max: 0.4689984925490679
Mean: 0.0177269232898337 min: -1.8412716217230214 max: 0.4643181205502319
Mean: -0.9710402832111649 min: -2.1161635800264276 max: 0.43002215056515125
Mean: -0.0972154878319635 min: -1.758759750496379 max: 0.47221269452814
Mean: 0.04187983353832601 min: -1.8194861921623708 max: 0.47259884588763396
Mean: -10.438914495385696 min: -10.468837578162503 max: -10.416382102167635
Mean: -10.445459844807381 min: -10.494525753556013 max: -10.42171873560007
Mean: -10.447461624532174 min: -10.50630636241317 max: -10.424942149517733
Mean: -10.439249063509106 min: -10.472160894456938 max: -10.422651338013535
Mean: -10.443086863726094 min: -10.485566049245868 max: -10.425425089168794
Mean: -9.715455299394348 min: -10.50719548597481 max: -3.0610362266308146
Mean: -10.433014593168206 min: -10.450243956119317 max: -10.412944384483227
Mean: -10.419987625260374 min: -10.455950564702382 max: -10.399243932820735
Mean: -9.783809425647721 min: -11.917516968451658 max: -2.5032518620427315
Mean: -10.70670571073697 min: -11.512296634739071 max: -9.795629399264632
Mean: -9.729487693471823 min: -10.576009223744562 max: -2.5467157516071315
Mean: -8.92358248985961 min: -10.525471386691033 max: -2.5379101682789815
Mean: -10.490209888911664 min: -10.879045618388526 max: -9.727504204075485
Mean: -9.331037186035037 min: -11.566850266120262 max: 0.17699171960250884
Mean: -4.980362327636778 min: -10.057000354681442 max: 0.2127637203909648
Mean: -5.4910318376081095 min: -11.244256799227088 max: 0.1739455162780731
Mean: -3.576966959087612 min: -10.026185713059883 max: 0.44291174901409325
Mean: -0.27702203939924097 min: -0.9803185997599071 max: 0.45861495909128314
Mean: -2.1847881148627506 min: -10.99947849870491 max: 0.5648542787601644
Mean: -1.230085012957005 min: -12.32267556199954 max: 0.45824237574420146
Mean: -2.630954608921538 min: -10.903121569803217 max: 0.47948124753739896
Mean: -0.1695641853372108 min: -1.0406701553388258 max: 0.41374274971540514
Mean: -0.002473807081809837 min: -1.0426390057908115 max: 0.8282426099575368
Mean: 0.0956406357814212 min: -0.9929566582754817 max: 0.6066188262565305
Mean: -1.5219500134299095 min: -12.143788575362873 max: 0.44083431096940323
Mean: -2.230134400799678 min: -11.995806319293674 max: 0.6246481565404631
Mean: -1.1394608869688716 min: -9.64754143144195 max: 0.6209491666220263
Mean: -0.15702095425210763 min: -1.05205764931254 max: 0.6654030236689911
Mean: -0.17774404413132203 min: -1.4290023696697227 max: 0.4842192270255076
Mean: -2.1371635979314774 min: -10.027046053801316 max: 0.4764540713372599
Mean: -0.013230881539138244 min: -0.7003846901094172 max: 0.4125727780504872
Mean: -0.9565590260633341 min: -9.609534847337471 max: 0.45970244006903266
Mean: -2.119218552430081 min: -10.10427517698998 max: 0.4814806610897269
Mean: -0.40444104856409285 min: -1.0524922858899484 max: 0.4513732749888884
Mean: -3.2092622370095993 min: -11.747042940326924 max: 0.47606083196180576
Mean: -2.8766949266020467 min: -12.293672802696037 max: 0.6717627659984239
Mean: -1.2381591689771683 min: -9.402847438806234 max: 0.3883823925736373
Mean: -1.4704147433789814 min: -12.378671149676226 max: 0.419499404701539
Mean: -0.36513888406974315 min: -1.378705457815414 max: 0.3995454614243898
Mean: -0.23610882608885536 min: -1.5565086236621912 max: 0.5742327089339936
Mean: -3.3413258881902292 min: -11.709953929141342 max: 0.4029473883969259
Mean: -4.963738871132254 min: -10.22256023822113 max: 0.4610681168907074
Mean: 0.26748663861606603 min: -1.046298982351629 max: 0.48304298594616485
Mean: -0.3887991553788215 min: -0.977597423783654 max: 0.4187741504094657
Mean: -3.1468630164047253 min: -12.23422363812149 max: 0.4615814301428944
Mean: -0.4571518346890602 min: -1.3240631573933441 max: 0.46761117533514146
Mean: -1.0257695641918672 min: -10.568503557054939 max: 0.4533370701693538
Mean: -1.216588282805744 min: -10.59785457452274 max: 0.4402962372843169
Mean: -1.096744551127887 min: -10.098987882403751 max: 0.43586741428897846
Mean: -0.29813320578434244 min: -1.2243051384872052 max: 0.4758699788194016
Mean: -2.1811221147261346 min: -9.700207702283677 max: 0.40627679446391934
Mean: -0.8847219262787667 min: -10.638348134725641 max: 0.4645086339727932
Mean: -0.22754419885014773 min: -0.9251977713393935 max: 0.47227886462048724
Mean: -0.1909201055163396 min: -0.9502996096485083 max: 0.4790577612575009
Mean: -4.067801680299264 min: -10.010975112730694 max: 0.4861319524512221
Mean: -1.2654371467559238 min: -10.525764199195239 max: 0.48531446608898154
Mean: -0.2941356464518057 min: -0.9108795402632168 max: 0.4485747401165814
Mean: -0.5133850022782118 min: -3.166615859873031 max: 0.467440559881039
Mean: -1.2335170106620112 min: -10.417050413379089 max: 0.5234661286663944
Mean: -0.12903754660706815 min: -1.559742602064341 max: 0.47899673639664436
Mean: -0.08972358053724942 min: -1.4264691308010458 max: 0.4837128651593702
Mean: -0.05751110523042907 min: -1.5316931941408927 max: 0.47005211619909926
Mean: -2.3629083227867147 min: -11.530611792324871 max: 0.4970792205369825
Mean: -0.3679637780273626 min: -1.0318608141933217 max: 0.4673280920869502
Mean: -0.10757526780393648 min: -0.8903811290947491 max: 0.4733394009889239
Mean: -1.8627822484658734 min: -10.046398092966328 max: 0.4579270652016435
Mean: -0.3656280193161995 min: -1.1784115266518982 max: 0.48433265044490553
Mean: -0.015728322927412684 min: -1.5602950091976246 max: 0.49053174797490107
Mean: -0.15793907139332625 min: -0.8692475745984869 max: 0.48784474649343695
Mean: 0.12094784596131589 min: -0.8948949774079265 max: 0.457819120680742
Mean: -0.2955921715650307 min: -0.924483691374735 max: 0.42314140462965955
Mean: 0.07382832563265046 min: -0.8826527385079301 max: 0.47873326333420924
Mean: -2.4097213070898027 min: -10.228376001314011 max: 0.06347093219841683
Mean: -2.1271354629203456 min: -10.495980510831817 max: 0.6081431265025009
Mean: -0.5465761405173409 min: -1.3364237037226685 max: 0.3654941974739582
Mean: -1.190459936518047 min: -9.414327518753698 max: 0.45196573557921316
Mean: -0.2795005813486093 min: -0.9113594519184854 max: 0.4905371294788571
Mean: 0.136694768892267 min: -0.8902273279956258 max: 0.4989906788823827
Mean: -1.3219884430087598 min: -11.177995377099261 max: 0.4851331362797047
Mean: -1.0969482783562563 min: -9.367587837763288 max: 0.49906213519388454
Mean: -0.12202545785489653 min: -0.9345680297455116 max: 0.45582606867345377
Mean: -1.4546794454705165 min: -9.470650687132794 max: 0.4568523677507953
Mean: -0.9764812547605738 min: -10.113330092924002 max: 0.4639902038279524
Mean: -0.23304320738480713 min: -0.8893456463862569 max: 0.4333965829718888
Mean: -1.5129621018055217 min: -10.567980330479903 max: 0.2984721496317146
Mean: -2.3467593057783853 min: -10.896744852837866 max: 0.45874388828287155
Mean: -1.467842453674561 min: -10.56773131141243 max: 0.499873148213214
Mean: -2.152724332983805 min: -11.152280531261454 max: 0.47178702134076994
Mean: -0.14755954768539198 min: -1.5309822698903148 max: 0.5077173960451057
Mean: -0.37148697505533496 min: -1.5380860335950128 max: 0.44816781427489427
Mean: -0.49253662862188774 min: -0.9208993640200394 max: 0.46705970019586013
Mean: -1.5186876229753383 min: -11.077882721595255 max: 0.4733997259026609
Mean: -0.4027229083518636 min: -0.9012952424388968 max: 0.44351115778364253
Mean: -2.224221067189985 min: -10.648723413496374 max: 0.451746668408659
Mean: -2.3042633850266006 min: -11.737421546637748 max: 0.4670586258901992
Mean: -1.6141390854795623 min: -9.894327490105287 max: 0.4537680909423815
Mean: -1.2997717052803748 min: -9.613392520038772 max: 0.4399961404879387
Mean: -0.3592380759565529 min: -1.898031313798009 max: 0.44632454347849
Mean: -0.5034984371829385 min: -1.6229140251096348 max: 0.5241754328367748
Mean: -0.13942680384035344 min: -0.9847856402723828 max: 0.5991120149883243
Mean: -1.2040398879871748 min: -9.959411707303573 max: 0.5828183571931419
Mean: -0.9163659837796307 min: -10.158407867083206 max: 0.4746660077130194
Mean: 0.12410162684302295 min: -0.8835577416961766 max: 0.5113342450022732
Mean: -0.6671483484730135 min: -9.941571198541846 max: 0.4645637322903975
Mean: -2.1254311676492215 min: -11.559307812567601 max: 0.46434123278792816
Mean: 0.21615088329790816 min: -0.0558177450778009 max: 0.46769506776126196
Mean: 0.3444953277153344 min: -0.05206878261718911 max: 0.5024408503064243
Mean: 0.22429345208591012 min: -0.05583204103783452 max: 0.4768832749651709
Mean: 0.30755267030676603 min: -0.05214763811025819 max: 0.48167916477016887
Mean: -0.6693566258954347 min: -9.57960283749451 max: 0.5035204675691332
Mean: 0.30709179837184564 min: -0.034824113186510276 max: 0.4336200842903005
Mean: 0.3201616528855168 min: -0.05562783406973499 max: 0.47221432017389725
Mean: -0.8137220999675414 min: -10.422285839178121 max: 0.42916608622410374
Mean: 0.3662083055924953 min: -0.053111037885979005 max: 0.47183356271558874
Mean: -0.6210107987153561 min: -9.788175163081288 max: 0.5049954127667274
Mean: 0.4451022062242086 min: 0.30153971128093265 max: 0.5123384271723049
Mean: -0.6434927846054405 min: -10.076329515735912 max: 0.5233066023966716
Mean: 0.17295148098844523 min: -1.217852756390815 max: 0.48515625739681084
Mean: -0.7759386886752508 min: -11.113960660744787 max: 0.4292758421088154
Mean: -0.8233063098633933 min: -10.823342519320898 max: 0.4768400022731982
Mean: -0.6240104407259115 min: -9.977693175595833 max: 0.48499141631948145
Mean: -0.7779740372447284 min: -9.536586244212394 max: 0.4604719490835067
Mean: -2.9873505694988594 min: -11.405900329163236 max: 0.5415875834133089
Mean: -3.275996426192126 min: -11.664833745610425 max: 0.5293122721924969
Mean: -3.6752843237446635 min: -9.794419389534019 max: 0.802555217930638
Mean: -3.331862932317512 min: -11.768871629353704 max: 0.5935882279835871
Mean: -6.722183740152725 min: -10.552471378175564 max: 0.9578958099817835
Mean: -3.08716502519217 min: -11.554563902819359 max: 0.783561131225571
Mean: -2.8092342872188794 min: -11.649124569037049 max: 0.8395221533138983
Mean: -0.46535411558897033 min: -9.517732168144923 max: 0.8518760249596186
Mean: -3.250082107298488 min: -10.619890654294549 max: 0.6593931777762208
Mean: -1.4748466329946686 min: -9.353277626195792 max: 0.8823018401969553
Mean: -1.8198665607383784 min: -11.654738983209976 max: 0.9382215565361007
Mean: -3.978620218848961 min: -11.26518110414216 max: 0.86959779857648
Mean: -1.9065741260188473 min: -11.769700250644819 max: 0.7303971339052521
Mean: -0.3632068787924584 min: -10.066960389372461 max: 1.0578053416542104
Mean: -3.5610335804515807 min: -10.936581681518392 max: 0.9620149135768596
Mean: -3.749903268330514 min: -11.65742646106382 max: 0.6312216462287928
Mean: -1.7851439065723373 min: -9.546977752385066 max: 0.6603639406114394
Mean: -3.089781262565062 min: -11.946527072392842 max: 0.7119974649777169
Mean: -4.2736484908674095 min: -11.517161274050242 max: 0.8307349368568114
Mean: -2.835163277149522 min: -11.682012874767905 max: 0.6048822477632804
Mean: -2.4271903594690007 min: -12.42210105843922 max: 0.9933146991803748
Mean: -6.404388394222943 min: -12.280122266697706 max: 1.707883705045903
Mean: -4.547475531800308 min: -11.771884106400213 max: 0.8908997027139401
Mean: -4.255578535947617 min: -11.559635238335531 max: 0.6143769766632711
Mean: -3.217729235504213 min: -12.108556642604128 max: 0.8899170538934407
Mean: -5.773779996092554 min: -12.234870577822655 max: 0.49364682316251246
Mean: -6.625765669435121 min: -11.836368786881838 max: 0.29597857187965615
Mean: -4.142106091136906 min: -11.683712000926656 max: 1.4039976449129334
Mean: -6.821585676763659 min: -11.827432451764068 max: 1.4406257863236265
Mean: -1.74071949511178 min: -11.604505818678552 max: 1.6909829879361242
Mean: -6.348877038513278 min: -12.050491599218091 max: 0.6592609048070053
Mean: -7.914883023726259 min: -11.811533357290912 max: 0.5076388588240833
Mean: -6.547987860065655 min: -12.167480957428621 max: 0.9095276591468313
Mean: -3.5291641810017405 min: -12.284274093888705 max: 1.0162941973070772
Mean: -3.918687651972904 min: -11.512392800354101 max: 1.2305871056069044
Mean: -4.354877585530756 min: -12.324445888561385 max: 0.7548751088970179
Mean: -3.30039199954187 min: -11.788084553664879 max: 1.348423579131788
Mean: -2.9015552684704566 min: -11.529925064213593 max: 0.661915620901201
Mean: -6.4008182892761285 min: -11.803432890675307 max: 0.5741368640201098
Mean: -8.203980802911063 min: -11.292925214440306 max: 0.48118221610685846
Mean: -6.65813697095173 min: -12.942199617498996 max: 0.9524266825388105
Mean: -3.052275161833191 min: -11.587870887265437 max: 0.9470761126474763
Mean: -3.1773996117209786 min: -11.66983131702099 max: 1.7643361467832959
Mean: -3.9201380042344938 min: -11.267247988696838 max: 0.9977011902997228
Mean: -1.9139200642075127 min: -12.316610733039845 max: 1.5917992906652743
Mean: -3.955780491562467 min: -11.7921185010234 max: 0.9147761135012826
Mean: -5.38383475129837 min: -11.475286154776134 max: 0.6719958431722306
Mean: -3.8776147384342474 min: -11.423039652801577 max: 1.1918467995757163
Mean: -1.8261482725842957 min: -12.264937150344897 max: 0.9351085313475769
Mean: -3.900901190558325 min: -12.220093558625297 max: 0.9951150125511292
Mean: -6.410476715155895 min: -11.619535701365724 max: 1.924202966706453
Mean: -3.052730234738242 min: -12.759030242458982 max: 1.1375880188430387
Mean: -5.514178692912014 min: -12.486839906359862 max: 0.6342702443215239
Mean: -8.084702062294156 min: -12.521422068520502 max: 1.5308783468248774
Mean: -7.0688726685854295 min: -11.762448799477827 max: 0.9640978217755876
Mean: -3.0114141895403126 min: -12.580629502912604 max: 1.0648564200442208
Mean: -2.6065508914582503 min: -9.832284811787712 max: 0.716035517469368
Mean: -4.1526259722597745 min: -11.832876844656077 max: 0.7513539539507877
Mean: -4.167970361549758 min: -11.926768576569547 max: 0.7375607182882604
Mean: -3.2019699631383114 min: -11.028425031274391 max: 0.8675840623842289
Mean: -2.5895107885373583 min: -9.966185816743748 max: 0.7172314059619819
Mean: -3.815040712940765 min: -10.979776202274941 max: 1.337847380260361
Mean: -5.009166846323922 min: -11.188581577416022 max: 0.8499157476234345
Mean: -2.0974890532803627 min: -11.403582695046792 max: 0.6854700766920524
Mean: -7.250571900390847 min: -10.904274384016745 max: 0.44732453983965215
Mean: -1.7067249156637092 min: -11.145455053616097 max: 0.6250417933438307
Mean: -2.1452404991582403 min: -10.355494215142263 max: 0.5798788655035576
Mean: -3.0734241165436544 min: -11.92471341555315 max: 0.717954349911793
Mean: -4.315239255382304 min: -11.315048188757372 max: 0.5452240894089422
Mean: -1.6071897996087323 min: -10.017631443373174 max: 0.7084170284459024
Mean: -4.034403343995246 min: -10.631356348805427 max: 0.5655743315790711
Mean: -0.6237179654405518 min: -10.732995804436996 max: 0.7024449757014701
Mean: -2.924217240867043 min: -11.039696935626617 max: 0.6220374473368231
Mean: -3.8129188328270076 min: -11.66479287472806 max: 0.8157043764769522
Mean: -4.423594184264575 min: -11.705669942998657 max: 0.026324967264096732
Mean: -4.143994692878182 min: -11.184447652377205 max: 0.4707827601359097
Mean: -2.807531106118612 min: -11.020179409009112 max: 0.8993183051764183
Mean: -3.3319168747671712 min: -12.380464603742116 max: 0.7142698073617315
Mean: -1.0387492042335156 min: -9.623125099716141 max: 0.5400649995511433
Mean: -0.8628083247324877 min: -9.593335882452063 max: 1.299997478639811
Mean: -2.0450493200163073 min: -11.224387392206594 max: 0.741843957055478
Mean: -3.151776123822313 min: -11.950309614665159 max: 0.5750815025331721
Mean: -2.8891158398271988 min: -11.484276370250104 max: 0.6865027039696352
Mean: -1.7861328343774112 min: -10.287548706838052 max: 0.6498858119147211
Mean: -1.826850591926295 min: -11.153146950822231 max: 0.5310432238090174
Mean: -1.5411294762322512 min: -10.644969339596328 max: 1.7057502673455247
Mean: -5.905121517456526 min: -11.655713480286243 max: 0.9316905737395542
Mean: -7.731414587246836 min: -11.846587187369577 max: 0.4763753112950941
Mean: -7.1632430940129606 min: -11.543788538213523 max: 0.23106875022811552
Mean: -5.584490436174287 min: -11.853095388315634 max: 0.6319886749552972
Mean: -2.993698759802892 min: -11.279814442777237 max: 0.6624798961674803
Mean: -2.055899041864523 min: -11.841195009519602 max: 0.7051822838422839
Mean: -7.286028675392427 min: -11.535864539016396 max: 2.213549452478512
Mean: -2.036191476408562 min: -11.874366717601461 max: 0.6438263870117434
Mean: -3.0393325963837023 min: -11.512286799478343 max: 0.5769540481865627
Mean: -4.012125556440641 min: -10.927340951300954 max: 0.744721879474931
Mean: -6.067146113121039 min: -10.898259156621581 max: 0.6832630713705973
Mean: -8.39479430122044 min: -10.583915476823192 max: 0.7948361856762741
Mean: -5.943517911319461 min: -10.838404376231862 max: 2.1046742794800073
Mean: -6.99005636652425 min: -10.924305478481058 max: 1.3631159057737077
Mean: -6.335411184044969 min: -12.062401860435545 max: 0.8368712279159997
Mean: -5.7947888056876184 min: -10.948884349472202 max: 0.6514765242345626
Mean: -7.014687915128279 min: -11.445266755969966 max: 1.6131122469767163
Mean: -6.097370171259256 min: -11.170388030863139 max: 0.18621149646462148
Mean: -1.7366983202840889 min: -10.335748401368068 max: 0.8060596901515221
Mean: -8.058472012728323 min: -11.773887194189523 max: 0.7963786545928765
Mean: -6.4368745828319405 min: -11.445576394154791 max: 0.6406649077993924
Mean: -5.232889934568869 min: -11.091394299813196 max: 0.7186716744180339
Mean: -5.259454764287211 min: -11.57447500201788 max: 0.6736610505204305
Mean: -6.782528004966825 min: -10.843725497218852 max: 0.6332169869627844
Mean: -6.674936638111956 min: -10.808689135900932 max: 0.4915535123810487
Mean: -5.77174997860255 min: -10.768964808064583 max: 1.7250377754484605
Mean: -8.472950217145126 min: -12.083152179504467 max: -0.08843927806976075
Mean: -4.841371864492848 min: -11.776047634369478 max: 1.6157557300546224
Mean: -3.2272943854681477 min: -12.12163650116096 max: 2.0877622391736024
Mean: -6.5101387777660875 min: -12.193652763468979 max: 1.0847387462009606
Mean: -4.264811025475763 min: -10.909730914220653 max: 0.42052702492023064
Mean: -6.347169212840256 min: -11.53312836590609 max: 0.4543070823301931
Mean: -7.400151659103143 min: -11.695309275850695 max: 0.31509341769437493
Mean: -7.667152838482437 min: -12.045924791355862 max: 0.2350815304329009
Mean: -4.224070370012424 min: -11.250515388498853 max: 1.2948657040811375
Mean: -4.70625867033406 min: -10.862960823550647 max: 0.6885800006863086
Mean: -4.1299788481847814 min: -11.431222120556551 max: 0.6345402404813878
Mean: -4.878786377029606 min: -10.332458026371176 max: 0.4489758496167413
Mean: -2.1299824026821184 min: -10.943285540493225 max: 0.9894059057316766
Mean: -8.05470765230191 min: -12.277012225957991 max: 0.05238993983230567
Mean: -4.905678816401329 min: -11.985434764832885 max: 1.141856034287495
Mean: -7.210755126980535 min: -11.642879389468645 max: 0.9019614907399601
Mean: -1.8819234636711102 min: -10.987623346870153 max: 0.886506375477421
Mean: -3.422939374824344 min: -12.117870243236299 max: 0.8150793603370028
Mean: -6.109493447003155 min: -10.783025201768677 max: 0.05745846524922943
Mean: -3.3573902416703163 min: -11.392858581263383 max: 0.5646033678890328
Mean: -6.71351255136715 min: -10.796319111861084 max: 0.4359992242059177
Mean: -6.416853365033534 min: -10.88697845494371 max: 1.292950586338061
Mean: -4.89952427783978 min: -12.109846276219518 max: 1.6402127462978515
Mean: -3.8635625317181996 min: -11.610323584749775 max: 0.741769974065786
Mean: -9.022715224375009 min: -12.166255546532145 max: 0.9807144543764234
Mean: -5.039185012617206 min: -12.106458713163674 max: 0.6563086029748915
Mean: -3.55920105944859 min: -11.016742049806703 max: 1.0116283075345789
Mean: -6.263748803843801 min: -11.487142517812433 max: 0.705513241176848
Mean: -4.302463113565298 min: -12.277036514586884 max: 1.0894986679042395
Mean: -4.080430007703916 min: -11.498000637764491 max: 0.9816505749364465
Mean: -5.921866042873433 min: -11.518716557458427 max: 0.9240524063925308
Mean: -5.141779704658773 min: -12.205081687664661 max: 0.5602969424528739
Mean: -5.760443715662193 min: -11.371324981322951 max: 0.8693347712236714
Mean: -5.380966428892613 min: -9.841362693556306 max: 0.4708502431588916
Mean: -6.069423824823858 min: -11.655402193746156 max: 0.9647512643177841
Mean: -7.713115109546271 min: -10.309535464936515 max: 0.5168442197760332
Mean: -7.194791029634317 min: -11.445186683689304 max: 1.0457961994016902
Mean: -5.002556019350997 min: -11.615819119416559 max: 0.7773729098138228
Mean: -6.826857112720394 min: -11.307832863899112 max: 1.5538964258280243
Mean: -7.039880066149932 min: -10.652391756469754 max: 0.36520843637535205
Mean: -4.294697399692053 min: -11.141408585738231 max: 0.38862432175396283
Mean: -5.34868460862697 min: -9.821092403773099 max: 1.1955535766497631
Mean: -6.048020479246192 min: -11.159724595429353 max: 0.6671733547647521
Mean: -6.829169254592631 min: -11.086917867951868 max: 0.9843167973384973
Mean: -5.034532474635149 min: -12.042446844681914 max: 0.824919318961839
Mean: -5.971767457330374 min: -12.155572950257438 max: 0.7084923157036811
Mean: -6.045531846159855 min: -11.048407924020044 max: 0.08506305588474522
Mean: -5.916571519610146 min: -10.924325305777208 max: 0.38973667191984557
Mean: -4.935380815199987 min: -11.440555165680275 max: 1.345180523870749
Mean: -5.652057334180974 min: -10.025162323255998 max: 1.09642545515946
Mean: -3.620646029760927 min: -11.47765852444755 max: 1.1062584925992707
Mean: -6.176534503131485 min: -12.304815520778229 max: 0.6378222580742041
Mean: -7.882252178050473 min: -11.971480134432435 max: 1.0022234755373285
Mean: -6.378834375699938 min: -12.00506879465549 max: 0.7131758330395451
Mean: -3.118035044302619 min: -11.7253630156912 max: 0.9414313596163398
Mean: -5.782309555429601 min: -11.732535452385314 max: 0.7312968928260087
Mean: -2.2453824011255272 min: -11.115193298437907 max: 0.0877608753978521
Mean: -7.672647845268154 min: -10.785955824400672 max: 0.9745176486103252
Mean: -3.212907169252889 min: -11.379323889566503 max: 0.6777840896648348
Mean: -3.1441525361256235 min: -12.14628193247096 max: 0.5021253922645801
Mean: -4.550980922152859 min: -12.154019043186906 max: 0.6829657637608526
Mean: -2.1638730328948066 min: -12.38954295039948 max: 0.8181698983138098
Mean: -9.02799121154939 min: -12.02713905520678 max: -0.3494159395412413
Mean: -5.554160525993916 min: -12.011715764343153 max: -0.11025402024102157
Mean: -3.1593159305806124 min: -11.974318270844776 max: 0.6196276294206748
Mean: -5.832832342316265 min: -11.568785708158696 max: 0.46575967950254266
Mean: -5.478615557113754 min: -11.513263314587135 max: 0.8887758940548052
Mean: -3.1267255024826586 min: -11.447432968383504 max: 0.9561662977613541
Mean: -3.118267989263656 min: -11.542763723677037 max: 0.7955060680728948
Mean: -3.1895086198859532 min: -11.641014150323844 max: 1.044009653599855
Mean: -4.4980835798798235 min: -11.703303942449061 max: 0.8518511995051311
Mean: -7.027474176526587 min: -12.372977781095178 max: 0.820953704871565
Mean: -4.4903449246920655 min: -11.922949366695796 max: 0.9726394302671609
Mean: -4.23953985678446 min: -12.202193466631831 max: 1.0175967632911895
Mean: -3.0023188507935235 min: -11.45901424414965 max: 0.7358577990634341
Mean: -2.832229629724216 min: -11.287784947693634 max: 1.5412786093727937
Mean: -2.061669809160722 min: -12.384133653977422 max: 0.8159632320933089
Mean: 0.22287566341117668 min: -0.3268282463232728 max: 0.8717395328875048
Mean: -1.9788392354739035 min: -11.108830489998198 max: 0.6113141146493904
Mean: -5.258882378646733 min: -11.469405551225995 max: 0.8694610875876322
Mean: -5.38037090234875 min: -11.837088764344863 max: 0.5236238805713584
Mean: -1.0648534678249004 min: -11.241975521096482 max: 0.8369097328679393
Mean: -3.041792903020338 min: -11.4029783696544 max: 0.683034382670596
Mean: -2.0041822225836485 min: -11.678101700370654 max: 0.8747365688177384
Mean: -3.909140565123213 min: -10.412329398503845 max: 0.7380088557538567
Mean: -1.6103057946206476 min: -10.897774614749848 max: 1.081745314960852
Mean: -5.291840310133123 min: -11.813315342857987 max: 0.762546813066066
Mean: -3.8603185122792 min: -11.086447243837156 max: 0.6235121857127636
Mean: -5.410853755441748 min: -11.471656390986194 max: 0.8408620787765605
Mean: -1.8695390855312835 min: -11.738310626686305 max: 0.754731920517621
Mean: -2.148955080906599 min: -11.286530168689303 max: 0.6235817393494688
Mean: -3.101764208346375 min: -11.417271529583289 max: 1.164301130632349
Mean: -2.950697105963653 min: -11.642341456777054 max: 0.8049679395529398
Mean: -2.1182021711767116 min: -11.34182745591193 max: 1.104985151047751
Mean: -4.262877822342621 min: -11.581538767077536 max: 0.8298481430041723
Mean: -0.9598293418426544 min: -11.8082499412725 max: 0.6785033799092146
Mean: -3.301276705522877 min: -11.737025914825685 max: 0.6003699518860643
Mean: -5.667013179543579 min: -11.790990072837436 max: 0.6159257143648894
Mean: -4.217785574899379 min: -11.780292978815778 max: 0.6845297815636283
Mean: -2.085917871378329 min: -11.810557176518726 max: 0.6629678119882481
Mean: -0.6132329584036469 min: -8.850585647872752 max: 0.5862856692330334
Mean: -4.417885757516498 min: -11.863438505701305 max: 0.6563806608061173
Mean: -3.0150793187118796 min: -11.41450984995672 max: 0.6064986584893168
Mean: -1.9816328058196977 min: -11.170224606347887 max: 0.5947402091745179
Mean: -1.8080580082561302 min: -11.28234643085781 max: 0.709578612663407
Mean: -0.9623195088625842 min: -11.743484319036138 max: 0.681838242559167
Mean: -4.341637152237353 min: -12.298729298500742 max: 0.9695756104417486
Mean: -2.045220248835749 min: -12.172534921197904 max: 1.1249422841148458
Mean: -0.7167138299843149 min: -11.7589886798717 max: 1.1695792787693107
Mean: -2.8904512696562827 min: -11.891617840428793 max: 0.6980918590361457
Mean: -3.1685988892162977 min: -11.684436451556952 max: 0.7200428796932723
Mean: -4.21115639377083 min: -11.789000063276088 max: 0.5846311018439254
Mean: -4.064517058423757 min: -11.2049488451341 max: 0.6131307004785949
Mean: -1.005601125461323 min: -11.503360256330899 max: 0.5845792337733385
Mean: -0.8100127810834413 min: -11.226191628674913 max: 0.7381448002413339
Mean: -3.2570005517964438 min: -11.441076107344442 max: 0.5382419997076844
Mean: -1.963421141578284 min: -10.810574542658166 max: 0.6802093547782098
Mean: -3.2555285761502746 min: -11.855136379518814 max: 0.6603047100549098
Mean: -3.934306285469828 min: -10.977100502782584 max: 1.0244094733971763
Mean: -1.727243300109701 min: -11.673336613054682 max: 0.6747652256742438
Mean: -2.2918777284188385 min: -11.27053539060129 max: 0.65557618593031
Mean: -4.151067969276388 min: -11.55673049460359 max: 0.726201855213845
Mean: -4.0547893000816515 min: -11.405965465595003 max: 0.8780503524811994
Mean: -3.130346942246081 min: -11.363316551809614 max: 0.6687810311823947
Mean: -4.412103223320708 min: -11.340158278245573 max: 1.0140687561572719
Mean: -4.1783153377709485 min: -11.826489467909987 max: 0.5844953837270963
Mean: -2.931658523213612 min: -11.539994471580846 max: 1.0089567180025734
Mean: -3.1541900753770666 min: -11.872157656203035 max: 0.60211717087319
Mean: -4.336331956779878 min: -11.308937158634402 max: 0.846902135530508
Mean: -0.6166581676361096 min: -9.550526687373036 max: 0.9865303663257912
Mean: -5.605778105911208 min: -11.296818254087501 max: 0.9848824320140113
Mean: -1.9712449461173136 min: -11.631866080830042 max: 0.7423948903377782
Mean: -5.192467780918031 min: -11.380510040507914 max: 1.5391596727765346
Mean: 0.4793646886571744 min: -0.7710349331487267 max: 1.6199822424629617
Mean: -3.2948477045385767 min: -11.67307711752373 max: 0.8659791092763107
Mean: -1.8377799470595275 min: -11.565478258933233 max: 0.6062728763539024
Mean: -3.8684072770330005 min: -11.350983540817635 max: 1.44628326808606
Mean: -3.4396517574892593 min: -12.312288017680846 max: 0.7278308018461849
Mean: -4.31700347355127 min: -11.945249489000844 max: 0.6156692702360462
Mean: -5.226923164054422 min: -11.940016386382915 max: 0.5949510654833825
Mean: -5.570678464407157 min: -11.547068430959856 max: 1.4721488396956501
Mean: -3.418622329375637 min: -11.932627268187172 max: 0.8958036950399292
Mean: -3.5559437148826634 min: -11.575606669569567 max: 0.9573357414102027
Mean: -1.9383419410225329 min: -11.650305585798312 max: 0.9352509096596179
Mean: -7.6019894622362925 min: -11.906027958483476 max: 0.8408662161658949
Mean: -0.9633737068337537 min: -12.34990588933601 max: 0.7235272273953085
Mean: -0.6808740012434532 min: -10.125292299399666 max: 1.5372264908072855
Mean: -2.0159858192397353 min: -11.321803884861499 max: 0.5147116661832369
Mean: -2.622479461512316 min: -10.288951123989014 max: 1.5188008582678814
Mean: -1.1652010612606105 min: -12.283258367231017 max: 0.5957586064028578
Mean: -1.7162848942614892 min: -10.23019050194233 max: 1.1837754605576847
Mean: -0.9838643189644939 min: -10.350482578140829 max: 1.0387399902610113
Mean: -0.6431236701495837 min: -10.10058339024493 max: 1.3254074323139997
Mean: -0.5038591678385961 min: -10.00506860811603 max: 1.481668402957716
Mean: -0.583178502365234 min: -11.940920470538535 max: 1.4253190906188342
Mean: -0.9307514541569832 min: -9.878403668431524 max: 0.8357735031791164
Mean: -0.7628589890103651 min: -10.210812678426702 max: 1.5224047717296738
Mean: -0.41637294434724303 min: -10.374555005996633 max: 1.6127560473795663
Mean: 0.39770045410009053 min: -0.9060319084881603 max: 1.5473768774382706
Mean: -0.81527743765694 min: -10.14605953456067 max: 0.8638173619400749
Mean: -0.6197275511131949 min: -9.73328022147165 max: 1.7206751807866643
Mean: 0.35241300425957595 min: -0.5002030212675168 max: 1.287446649105045
Mean: -1.907376718492517 min: -10.603015848812076 max: 0.9608526377604766
Mean: -1.4956409837245699 min: -10.509292183941204 max: 1.4557517791581118
Mean: -0.4515495457164464 min: -10.210929639742739 max: 1.3375279179559505
Mean: -0.6557355243495475 min: -10.299936948327836 max: 1.4756540090600492
Mean: 0.7467286760522305 min: -0.9158599529806669 max: 1.6225865666030523
Mean: -3.9684898103243142 min: -10.816766872405028 max: 1.5201714663475605
Mean: -1.240294535527384 min: -9.92377429454809 max: 3.1913398375744
Mean: -0.4740007118635935 min: -10.187029681108703 max: 1.3321174527292265
Mean: -2.91943163403552 min: -10.508357283847156 max: 1.228854059590649
Mean: 0.48274216765522243 min: -0.08270787787192081 max: 1.4210135231186942
Mean: -0.7717413416498916 min: -10.065984710480869 max: 1.609995778335228
Mean: 0.5675971643506105 min: -0.38378771037787035 max: 1.767574450705484
Mean: -10.837631114689609 min: -11.868911077735822 max: -6.115615266854682
Mean: -8.473571594402038 min: -10.841134469022354 max: -6.117150393532542
Mean: -7.720675190430505 min: -11.744092251277529 max: -6.116139878038647
Mean: -7.624781569497657 min: -11.777755151053395 max: -6.1163210097636815
Mean: -6.117989050396361 min: -6.1189544681618635 max: -6.116841761806847
Mean: -7.702767218675808 min: -11.752101876973985 max: -6.1157622473188225
Mean: -6.116280606166388 min: -6.119488519568972 max: -6.101886339129751
Mean: -6.597434497712617 min: -10.910598756688895 max: -6.115776290034391
Mean: -6.118061320920135 min: -6.1191801157447845 max: -6.115744295977598
Mean: -6.6060014721756035 min: -11.002101982558766 max: -6.116051716895716
Mean: -11.110739769787944 min: -11.209216512961314 max: -10.919368386243407
Mean: -10.994692676057849 min: -11.116368494496058 max: -10.891155467914759
Mean: -10.975132384442956 min: -11.593260638236526 max: -10.820892589000302
Mean: -10.981518715891298 min: -11.272873508481025 max: -10.831259657532978
Mean: -10.567482620222972 min: -11.377318565269753 max: -6.51629800897249
Mean: -11.193970430831667 min: -11.547420891019815 max: -10.826540999586667
Mean: -11.150651282565729 min: -11.433425501750865 max: -10.809466229897906
Mean: -10.992892845569349 min: -11.322679459931264 max: -10.816857375982575
Mean: -10.998863240785207 min: -11.244002776878949 max: -10.820841589686072
Mean: -10.834795062833374 min: -10.8656695015849 max: -10.793663977194981
Mean: -10.79939951965352 min: -10.845030945715289 max: -10.750949235778334
Mean: -10.322505088703833 min: -10.812956185983913 max: -6.213471532884853
Mean: -10.772821302337807 min: -10.840507006265208 max: -10.749919333808496
Mean: -10.800059901704376 min: -10.967899909824382 max: -10.750933171770116
Mean: -10.764748527474 min: -10.822829556257076 max: -10.641976642473352
Mean: -10.762074535878135 min: -10.812340795243362 max: -10.732875390670145
Mean: -10.7440679720209 min: -10.822604315907695 max: -10.581623808988276
Mean: -10.730175898616546 min: -10.794222896392535 max: -10.393428978669565
Mean: -10.610728345528672 min: -10.7943183507935 max: -10.396430278791675
Mean: -9.732373746724353 min: -10.432152334175399 max: -3.706709305873381
Mean: -10.443440940828324 min: -10.572606329775565 max: -10.378710883794986
Mean: -8.804914142874548 min: -10.958397886569346 max: -3.7072632966306416
Mean: -9.788869605233138 min: -10.89325629589058 max: -3.7060336375660303
Mean: -8.074955158324352 min: -10.463284025925462 max: -3.706941758868606
Mean: -9.279359129000056 min: -10.644956038707951 max: -3.707904989799329
Mean: -8.599578136775817 min: -10.521883572207031 max: -3.7056119477946683
Mean: -10.44929531266718 min: -10.644376557428126 max: -10.38146327907722
Mean: -9.730512429070325 min: -10.454262032541413 max: -3.7054955944606482
Mean: -9.285357047757381 min: -10.61599601625977 max: -3.705990984453413
Mean: -8.452853286364904 min: -10.891711059206903 max: -3.688497352885145
Mean: -9.471632338833183 min: -10.615740172398947 max: -5.376591185986229
Mean: -6.05151150175209 min: -10.441231708405935 max: -3.6907122434062454
Mean: -9.277684668892759 min: -10.64163906265424 max: -3.6932903351606883
Mean: -7.895139440863129 min: -10.44628601165028 max: -3.6893725978164746
Mean: -9.987467850522087 min: -10.865605327020775 max: -5.377346103794506
Mean: -5.204483972793027 min: -10.415411024516466 max: -3.6884641832652494
Mean: -10.480730806333733 min: -10.641824593091949 max: -10.37258071270129
Mean: -6.4474313527601606 min: -11.005730507103069 max: -3.687586991759909
Mean: -10.527755413363654 min: -10.60907513706556 max: -10.374184794161433
Mean: -5.890054894531621 min: -10.460607210901284 max: -3.6914052220761753
Mean: -10.561037388030805 min: -10.645296520083622 max: -10.48191145096246
Mean: -7.386538753784466 min: -10.439919386624496 max: -3.6882787896609166
Mean: -10.01963043564238 min: -10.642638808243236 max: -5.376507076004713
Mean: -5.799143355581654 min: -10.843737546375813 max: -3.68832065381291
Mean: -9.318222260080839 min: -10.601105825092217 max: -3.693006236923917
Mean: -6.545539023566482 min: -10.451912663072333 max: -3.688549561995593
Mean: -9.908538542041189 min: -11.423801051842709 max: -3.693217103084464
Mean: -5.376208935310115 min: -10.446961847594398 max: -3.6885275659548986
Mean: -10.43259700083106 min: -10.507023673613935 max: -10.37326030436292
Mean: -8.396264280660038 min: -10.442938763058839 max: -3.699414638021564
Mean: -10.470802471106875 min: -10.604202922230654 max: -10.371178943902047
Mean: -8.567390137085752 min: -10.585256089539717 max: -3.687641484503914
Mean: -9.981132146691763 min: -10.583584147029358 max: -5.377140479238382
Mean: -7.409029872334709 min: -10.630949487831842 max: -3.688207252773592
Mean: -10.469663628086664 min: -10.593637273152767 max: -10.372806161121552
Mean: -6.910468137221981 min: -10.574934585920326 max: -3.6878656678871526
Mean: -10.52311417285977 min: -10.64315259106145 max: -10.37311256882971
Mean: -8.553472608500867 min: -10.446839149576057 max: -3.6898909396214408
Mean: -10.037085731323046 min: -10.855717395512897 max: -5.377262501281238
Mean: -9.274329740759956 min: -10.611819684110019 max: -3.689983364188303
Mean: -10.469659727448315 min: -10.576211441157755 max: -10.372142864866333
Mean: -7.120993150639343 min: -10.770986374033283 max: -3.6913113468585954
Mean: -10.448951843592502 min: -10.567817473440911 max: -10.373092396755116
Mean: -7.898424177189365 min: -10.50817671647707 max: -3.6914133651199514
Mean: -9.835798847133926 min: -10.616129878621843 max: -3.692790862918297
Mean: -9.277218195860517 min: -10.61525597292969 max: -3.6922876468203003
Mean: -9.931391122320543 min: -11.385779725828566 max: -3.6910586595864174
Mean: -8.625617692965097 min: -10.593543131699308 max: -3.690402732460643
Mean: -10.485899641987924 min: -10.584361905637866 max: -10.370127405685832
Mean: -8.858175545141139 min: -11.640781446220092 max: -3.691097112618347
Mean: -9.812292801854303 min: -10.58299925017624 max: -3.6911266682282826
Mean: -9.186051205864562 min: -11.142376507107645 max: -3.690968460986889
Mean: -10.496559949440869 min: -10.743849909880309 max: -10.365567845014938
Mean: -10.514038306549 min: -10.58793704775189 max: -10.365548105255264
Mean: -9.823200480230298 min: -10.586198664227705 max: -3.691450083691948
Mean: -9.765763277455017 min: -10.597639603803936 max: -3.6912207846212683
Mean: -10.471724656355429 min: -10.664240636895007 max: -10.36559869102714
Mean: -10.572875666050681 min: -10.998546816514711 max: -10.417117853392067
Mean: -10.460281577717133 min: -10.576071093714454 max: -10.37773051698189
Mean: -10.521084457882807 min: -10.844769465703735 max: -10.372780144424253
Mean: -8.430476791001881 min: -10.570166195380665 max: -3.691247961885885
Mean: -10.602084882110846 min: -11.649587547751747 max: -10.37834336760024
Mean: -8.56079373412155 min: -10.578541822705247 max: -3.688841035479363
Mean: -6.318639599976347 min: -10.427384294976312 max: -3.689257086490861
Mean: -6.818503050110531 min: -11.494986672883387 max: -3.687626384273483
Mean: -8.013180395344111 min: -11.702536280381754 max: -3.68816651907884
Mean: -5.534255552276859 min: -10.38928344303855 max: -3.687802366332858
Mean: -7.5547416128180895 min: -10.427530662468241 max: -3.6901997975093055
Mean: -6.7058939676427824 min: -10.398408300701965 max: -3.688738946401089
Mean: -8.216839092348902 min: -10.47949196580779 max: -3.6957677033933356
Mean: -7.334108741758788 min: -11.636564219351644 max: -3.687951184421118
Mean: -7.376822320981008 min: -10.428567498085016 max: -3.6876365830872007
Mean: -7.377293129384077 min: -10.403650261202616 max: -3.6880256805812763
Mean: -7.881298283611405 min: -10.40656636996375 max: -3.6877010407833275
Mean: -6.038003046121185 min: -10.402187783786644 max: -3.687402797536739
Mean: -6.880072455565345 min: -10.428154138859407 max: -3.6888853495265086
Mean: -5.7103912265931775 min: -10.489327561731821 max: -3.688819411603302
Mean: -7.519632778237266 min: -11.611118331297869 max: -3.687490053313977
Mean: -9.423500547268485 min: -11.41591523445019 max: -3.6907546997564395
Mean: -6.444274774745463 min: -10.536214576247808 max: -3.6879575966977067
Mean: -6.608116402256492 min: -10.911399418458727 max: -3.69034668234374
Mean: -9.048213577963532 min: -10.412024282015441 max: -3.6891284323209015
Mean: -8.117657373286828 min: -10.576398765187934 max: -3.689172780910698
Mean: -6.078926922933362 min: -10.813467372493268 max: -3.6875434264726525
Mean: -8.577380402820758 min: -10.505084201821683 max: -3.6911876303646904
Mean: -5.198798675170749 min: -10.398341350146602 max: -3.6874501720295108
Mean: -9.105304713874588 min: -10.58301598717659 max: -3.68760522798243
Mean: -5.892051352382888 min: -10.600525443981256 max: -3.687566013232463
Mean: -9.956157295353126 min: -10.583455195465643 max: -5.372830099358407
Mean: -6.706647975208232 min: -10.40412747816614 max: -3.6880970735071257
Mean: -10.450127148269404 min: -10.575607753058433 max: -10.176245620590013
Mean: -8.286303512572864 min: -10.757547592694188 max: -3.688383932363029
Mean: -9.15048727978952 min: -10.86385843780537 max: -3.6915951964326474
Mean: -6.559167518376389 min: -10.5835148529565 max: -3.6926549834790756
Mean: -10.57976402189817 min: -11.240716124861201 max: -10.365703091380123
Mean: -7.23691053403279 min: -10.552795116685463 max: -3.6873997967632843
Mean: -10.456526635094509 min: -10.582867917529663 max: -10.370272334504463
Mean: -8.114170188698578 min: -11.045656265092571 max: -3.691975773847361
Mean: -10.538251207237776 min: -10.721941584054008 max: -10.419410049233075
Mean: -5.9044757266832555 min: -10.389353262386468 max: -3.687994370410553
Mean: -9.812016043425226 min: -10.582029735245554 max: -3.691946763604873
Mean: -6.374498097947816 min: -10.41598849432859 max: -3.6885433133188066
Mean: -10.47919542460943 min: -10.574265480777258 max: -10.368030553029246
Mean: -5.703315492709903 min: -10.398551208293894 max: -3.6874168896159456
Mean: -9.819108740017494 min: -10.582728759242075 max: -3.6919661155955534
Mean: -6.210053389868809 min: -10.387213982815696 max: -3.690723010232725
Mean: -9.803811243484823 min: -10.575951127892381 max: -3.691901917943679
Mean: -8.662602974604326 min: -11.449163549262025 max: -3.6898990144433563
Mean: -9.802006841838487 min: -10.575053888362799 max: -3.6915859612120654
Mean: -8.564040557184901 min: -10.486243357444739 max: -3.68873350798098
Mean: -10.472314102542025 min: -10.577549256200903 max: -10.395333741383466
Mean: -4.863644536380354 min: -10.377123338101484 max: -3.687512306071621
Mean: -10.495200654924796 min: -10.582316575337703 max: -10.391380442077915
Mean: -6.203792793452217 min: -10.426860638078768 max: -3.652231323873808
Mean: -10.438444194061187 min: -10.494895265258164 max: -10.391801903505613
Mean: -9.916259862247186 min: -10.473870857358145 max: -5.169205376121779
Mean: -10.461802738133745 min: -10.675922527106108 max: -10.39909458451219
Mean: -9.226901528954395 min: -10.481548691122153 max: -3.6519740691478
Mean: -10.442982508360275 min: -10.517299790653492 max: -10.399463848400332
Mean: -8.710896312136297 min: -10.495185653488146 max: -3.6521149733230476
Mean: -10.429451746426183 min: -10.528220759517534 max: -10.398739844300453
Mean: -9.981746853409364 min: -10.927553839870567 max: -5.1686485661973665
Mean: -10.561462432508673 min: -11.537022831111496 max: -10.39816463170044
Mean: -9.900273994701857 min: -11.62034555786217 max: -3.6522969966909846
Mean: -10.477027253368536 min: -10.615481843681339 max: -10.400037048057477
Mean: -9.423803292640688 min: -10.8302633049498 max: -5.167199984947726
Mean: -10.444372166356134 min: -10.514637712585365 max: -10.398406143958006
Mean: -9.95572098326917 min: -10.834516608522247 max: -5.169318542322463
Mean: -10.467618736308873 min: -10.528230804819959 max: -10.395384703196772
Mean: -10.480481668603751 min: -10.58571672894672 max: -10.405549947813675
Mean: -10.571846590499547 min: -11.546084194046129 max: -10.39702500063274
Mean: -10.482672095497659 min: -10.823588051312894 max: -10.395404553910698
Mean: -10.44454573644155 min: -10.508861052600333 max: -10.378727668515351
Mean: -9.772122890559176 min: -10.642789762908912 max: -3.652080500095425
Mean: -10.36308855374426 min: -10.479221592868956 max: -10.205975279375531
Mean: -10.250472045488166 min: -10.338981833735073 max: -10.19778805719798
Mean: -10.34709584319078 min: -11.398431199970323 max: -10.205346451613318
Mean: -10.252233870382831 min: -10.345788856138697 max: -10.199000805246252
Mean: -10.237599930849687 min: -10.345903511036017 max: -10.032503562643642
Mean: -10.138678314709264 min: -10.232754206684454 max: -10.021363756228402
Mean: -10.034475389999027 min: -10.043509479876262 max: -10.028031510684952
Mean: -10.13311304948894 min: -10.54332529192784 max: -10.022735295890614
Mean: -10.063058504456876 min: -10.149147422375048 max: -10.033360519340025
Mean: -10.043932546052309 min: -10.141672269990057 max: -10.007881256669444
Mean: -10.083050288657107 min: -10.263587319348149 max: -9.924736959249087
Mean: -9.95869535841731 min: -10.01886218394521 max: -9.93024761536686
Mean: -10.116043597194793 min: -11.267062983241871 max: -9.9393204017505
Mean: -9.981103262468272 min: -10.021550803664601 max: -9.92403640197653
Mean: -9.988278068550066 min: -10.035047295103764 max: -9.92511997601047
Mean: -9.95670899587453 min: -10.010443045850455 max: -9.930491334614684
Mean: -9.98723887461173 min: -10.030265749926931 max: -9.938542714744996
Mean: -9.966529414084592 min: -10.016767975909348 max: -9.92405984881922
Mean: -9.967442239718638 min: -10.012135618338817 max: -9.933399947474374
Mean: -9.97534831450637 min: -10.02248932513257 max: -9.926648162321928
Mean: -10.06129337815214 min: -10.335025379062044 max: -9.93236150751764
Mean: -10.043807324430597 min: -10.30353286931738 max: -9.943114933937894
Mean: -10.010253473221107 min: -10.022248902699003 max: -9.97132707942198
Mean: -9.980042073774687 min: -10.023985321746204 max: -9.924696622648861
Mean: -9.999435215053994 min: -10.112730722833215 max: -9.931801231283147
Mean: -9.973269548550617 min: -10.027006081727594 max: -9.923535622628826
Mean: -9.959186121730827 min: -10.024276632441378 max: -9.92476651927471
Mean: -9.992106974429731 min: -10.025519191793181 max: -9.933367032404883
Mean: -9.975295608469116 min: -10.024330563234843 max: -9.9277855007241
Mean: -9.993719173358276 min: -10.016986660583731 max: -9.937650018452848
Mean: -10.017774592860668 min: -10.365426905288608 max: -9.923444703078912
Mean: -9.995598135371766 min: -10.024647915188583 max: -9.928127971928483
Mean: -9.055449540991667 min: -10.180419679874039 max: -0.5985661143568143
Mean: -7.207170224898566 min: -10.100117136012724 max: -0.6054594849022069
Mean: -3.6197349313113016 min: -11.513964647168818 max: -0.6048432913056998
Mean: -3.4575637052775754 min: -10.373889425098593 max: -0.5977894417842778
Mean: -1.550301565108966 min: -10.018170606911575 max: -0.6009416196322732
Mean: -7.1108392703626535 min: -10.038762916103263 max: -0.5980486142248111
Mean: -3.4387256907933534 min: -10.244475862272362 max: -0.6024254387452009
Mean: -5.330411991306223 min: -10.187628251271517 max: -0.5992353278108468
Mean: -4.411144829552031 min: -10.282411549286083 max: -0.5999722375276647
Mean: -2.4840481027775185 min: -10.017732775015952 max: -0.5979531617458984
Mean: -0.6264245425115129 min: -0.6976874664397192 max: -0.6039339488236287
Mean: -6.306866641272219 min: -10.386814876344998 max: -0.5977971098996308
Mean: -1.707984884408655 min: -11.561367233004892 max: -0.6031651258227492
Mean: -4.43723172930333 min: -10.58201482712956 max: -0.5985573275212385
Mean: -4.430532025499038 min: -10.713187141777546 max: -0.599985939958719
Mean: -3.4821630181902457 min: -10.001621843161974 max: -0.5978563909195489
Mean: -1.7075222071642948 min: -11.560642606342117 max: -0.6033909844173594
Mean: -3.4232885149531653 min: -10.031971113339663 max: -0.5979979745217371
Mean: -1.9127447894534488 min: -10.062616932299376 max: -0.6025153510658675
Mean: -5.314044727393187 min: -10.052596145237933 max: -0.5979811108218213
Mean: -4.411164168225349 min: -10.164885267006998 max: -0.6027797455992316
Mean: -5.3622290728721 min: -10.288818925567526 max: -0.5978003059660301
Mean: -0.608985777127125 min: -0.6235494900206181 max: -0.6025892394312886
Mean: -3.4299713650485772 min: -10.06344230667271 max: -0.5978223200694733
Mean: -3.457160141999902 min: -10.093514825223878 max: -0.6030104089031082
Mean: -4.365973638106159 min: -10.063395270230984 max: -0.6059251373014731
Mean: -5.37236274717483 min: -10.461193645234802 max: -0.6008169785146602
Mean: -3.4230646097289954 min: -10.064378880907048 max: -0.5980915276582885
Mean: -1.5648329146443574 min: -10.11339199539478 max: -0.607254021488433
Mean: -4.515107554578825 min: -11.489091745095015 max: -0.6059871678324441
Mean: -0.60954871201312 min: -0.6342318656223208 max: -0.6033594821767704
Mean: -5.305707794637912 min: -10.061549838756456 max: -0.5977242464929086
Mean: -1.7011652214342903 min: -11.487370074922028 max: -0.6029479263053663
Mean: -7.387602087818131 min: -11.392463586134994 max: -0.6063295102619284
Mean: -1.1560684476009278 min: -3.3448727965011775 max: -0.6072912488069971
Mean: -4.386154386741071 min: -10.179418335798356 max: -0.6089300959608427
Mean: -2.665917390237801 min: -11.327074877343115 max: -0.6085605569932597
Mean: -1.546939419852444 min: -9.930087631883062 max: -0.606016074021832
Mean: -0.6461900732664397 min: -0.8577645032650334 max: -0.6085019858856814
Mean: -1.5529247659124534 min: -9.998746733212627 max: -0.6064230419541562
Mean: -1.5446638170682876 min: -9.947470197733933 max: -0.6039452641484755
Mean: -3.447093016903594 min: -10.1572214434586 max: -0.6037603435077196
Mean: -2.8069507741448843 min: -11.530877372306492 max: -0.6077698205406206
Mean: -2.491024355028294 min: -10.02722532431232 max: -0.6066768353374478
Mean: -1.7075309026378638 min: -11.517438609283095 max: -0.6069705923485539
Mean: -0.6116141983986698 min: -0.6335777052239907 max: -0.6033115859417469
Mean: -1.6134587146483395 min: -10.59656832109993 max: -0.6074461818364478
Mean: -4.5264943492348895 min: -11.36028365979508 max: -0.6077320593588508
Mean: -4.545594045778907 min: -11.433564491257908 max: -0.6068032592819897
Mean: -2.598534427120807 min: -10.015743204841696 max: -0.6077399894307238
Mean: -2.6925857129867508 min: -11.548528126716574 max: -0.6082575458967776
Mean: -2.7951329341187914 min: -11.520050602181263 max: -0.6067641109925885
Mean: -1.5510346316969696 min: -9.93369420283135 max: -0.6046845414452765
Mean: -2.5216397649565434 min: -10.237178293087227 max: -0.6066829699352779
Mean: -2.7939890265570044 min: -11.514642966881093 max: -0.6065330198279157
Mean: -3.5244023979880352 min: -10.614715374314345 max: -0.6069260089023891
Mean: -1.704016448963198 min: -11.518864035080794 max: -0.6072914807113653
Mean: -1.6173345516967235 min: -10.05823521161028 max: -0.6096911617380996
Mean: -1.7105636535017132 min: -11.514209051011958 max: -0.608825638287278
Mean: -0.6264796820492726 min: -0.6405147137122369 max: -0.6081659590980787
Mean: -4.431843049540894 min: -10.33004572266325 max: -0.606781168267204
Mean: -4.365783439369716 min: -10.02449772505827 max: -0.607124316137824
Mean: -3.4240248168715803 min: -9.974028636268194 max: -0.6111431560847026
Mean: -4.367673026691117 min: -10.016907234386125 max: -0.6084797675235665
Mean: -6.427574873375512 min: -11.584909279336634 max: -0.6076002296902192
Mean: -3.437522188879246 min: -10.051053907294564 max: -0.6062036202771389
Mean: -2.519953684456337 min: -10.249697053422455 max: -0.6069912451111601
Mean: -4.544893700641958 min: -11.607795157247802 max: -0.606934578650812
Mean: -7.172890754973449 min: -10.031852043364546 max: -0.6063183508663175
Mean: -2.4893527214743583 min: -10.051286304276301 max: -0.6064610900172205
Mean: -3.443480826994648 min: -10.165243550350969 max: -0.6062520305863985
Mean: -5.457050597493305 min: -11.577198415108532 max: -0.6071118571395162
Mean: -5.465435011724833 min: -11.654067104226167 max: -0.6074307745841832
Mean: -3.4380634489723776 min: -10.051305230341663 max: -0.6061288192645568
Mean: -4.374682814651488 min: -10.060574825596708 max: -0.6065806748152371
Mean: -5.331668668228458 min: -10.143505844424485 max: -0.6084802636735925
Mean: -2.4919862364742817 min: -10.030083002779515 max: -0.6079331513754384
Mean: -5.336525617153245 min: -10.2381251164513 max: -0.6080001016637407
Mean: -3.4950653035133654 min: -10.445875666655104 max: -0.60323606066769
Mean: -4.380397937302121 min: -10.186733306415421 max: -0.6068280789529381
Mean: -4.529002915696102 min: -11.525577493866427 max: -0.6083905662084477
Mean: -4.3703781014563035 min: -10.321160399460984 max: -0.6090803038445928
Mean: -3.4275856690067856 min: -10.014618666105395 max: -0.607134774174844
Mean: -5.316498127794565 min: -10.052530064331995 max: -0.6066220272435019
Mean: -2.5086355601481096 min: -10.17752108707419 max: -0.6073843098708277
Mean: -4.356648758752888 min: -9.996444129115588 max: -0.6061220066093402
Mean: -1.5731346925088388 min: -10.215737022624799 max: -0.6075819245544277
Mean: -2.4851760842869197 min: -9.994021993849335 max: -0.6067648337803073
Mean: -3.437805892933757 min: -10.091617293235892 max: -0.6092628009935412
Mean: -4.4229440781235425 min: -10.524163284030639 max: -0.606809762494572
Mean: -1.555732029291565 min: -9.970406261862827 max: -0.606805950584801
Mean: -4.369697681493537 min: -10.020058194526117 max: -0.6065284628080448
Mean: -0.6123791987599204 min: -0.6325662445461809 max: -0.608036749961967
Mean: -4.379625386114218 min: -10.064221015171913 max: -0.6084006726084414
Mean: -2.496776425008787 min: -10.026926293562312 max: -0.6072497233640916
Mean: -5.426822022481362 min: -11.323123292667077 max: -0.6069727125828214
Mean: -0.613435036330534 min: -0.6339112144145141 max: -0.6075572903927574
Mean: -5.319492158243607 min: -10.14997353678378 max: -0.608425973064069
Mean: -1.5803675498816152 min: -10.258740583214239 max: -0.6080889489305522
Mean: -3.4298725579766 min: -10.032619436963353 max: -0.6084211022839899
Mean: -1.5831516011447897 min: -10.274164776045646 max: -0.6070878535363978
Mean: -5.295475588121663 min: -10.003162669592458 max: -0.6064683447353002
Mean: -0.6143275693768421 min: -0.6337402428972421 max: -0.6051894516652302
Mean: -5.28953383786704 min: -9.990194930493983 max: -0.6077514295549431
Mean: -0.6141674921868829 min: -0.6339376270634594 max: -0.6066818867776521
Mean: -4.371324253649521 min: -10.015797087880188 max: -0.6069639558596569
Mean: -0.6169073386419436 min: -0.6325237113171512 max: -0.607515962187049
Mean: -2.50306753553041 min: -10.080252703508428 max: -0.6062575798917512
Mean: -0.882912723755758 min: -3.278828590832436 max: -0.6066058177316588
Mean: -3.4240870951170708 min: -9.999423093258235 max: -0.6063180549348041
Mean: -2.502364580351344 min: -10.055970433320587 max: -0.6066644208909643
Mean: -1.5554794399373002 min: -10.003837947431013 max: -0.6065000140537806
Mean: -1.5698890133770624 min: -10.111870175131564 max: -0.6098025255483575
Mean: -3.448694831224267 min: -10.262697217489874 max: -0.6079168717123151
Mean: -0.617122152447777 min: -0.6343063489499011 max: -0.6075285353371896
Mean: -3.5230777496538055 min: -10.395642332699586 max: -0.6045310058302842
Mean: -3.560047751226741 min: -10.642531278171734 max: -0.600745214774328
Mean: -5.433017846187321 min: -11.355226626643386 max: -0.5994374938883652
Mean: -0.6073897263897019 min: -0.6149359634009847 max: -0.6007321305682317
Mean: -3.4668861389205134 min: -10.370334671235968 max: -0.5971754250275849
Mean: -1.554802488760582 min: -10.114861172303165 max: -0.5989790332715661
Mean: -3.437240682489731 min: -10.047427192850662 max: -0.5987977422490286
Mean: -0.6063824868725283 min: -0.6167251828519588 max: -0.5995543849490474
Mean: -1.5810258739985046 min: -10.32895772468621 max: -0.6014204292329476
Mean: -1.551525872051044 min: -10.025091092405157 max: -0.6035745852825782
Mean: -2.484498761397899 min: -10.014580697124003 max: -0.5970718379961579
Mean: -1.54620881904134 min: -10.018024930110734 max: -0.5983758171473476
Mean: -2.630537395747073 min: -11.504340907588155 max: -0.5976411878495854
Mean: -0.64073395384963 min: -0.9248765137977792 max: -0.6037820425230578
Mean: -2.553768402120876 min: -10.349692686574167 max: -0.6050843925592322
Mean: -0.6066648282811267 min: -0.6154542942267222 max: -0.6001613981923181
Mean: -1.6914512125206962 min: -10.217953208727932 max: -0.5984131563032289
Mean: -0.605487029774464 min: -0.6169661830725006 max: -0.5988655975708413
Mean: -1.6961026037865465 min: -10.178089439269161 max: -0.5987347755245924
Mean: -2.672393271111333 min: -11.531845582329428 max: -0.6005497505140712
Mean: -3.4747684877722973 min: -10.451245415745907 max: -0.6009754482408386
Mean: -2.4889310741590966 min: -10.023669424155267 max: -0.6015757080208607
Mean: -3.6634046415965726 min: -11.749551029090096 max: -0.5999430300255487
Mean: -2.8916682633914643 min: -11.51742578017056 max: -0.5995438963335162
Mean: -1.5645267027321468 min: -10.1823661846063 max: -0.5984037231933249
Mean: -1.6818389110153475 min: -11.354328270778662 max: -0.6015649878676947
Mean: -2.5265904453201915 min: -10.32064839869941 max: -0.599822083850248
Mean: -5.311249731268006 min: -10.06734986310721 max: -0.6018508803909352
Mean: -5.292146421229512 min: -10.014821482096016 max: -0.6040634614927798
Mean: -5.290952431366763 min: -9.995123677961157 max: -0.5972505514956528
Mean: -0.6156015882129078 min: -0.6867427125601959 max: -0.6044535141352468
Mean: -3.4224631453466174 min: -10.02636225510269 max: -0.5971285299078316
Mean: -4.363703330088718 min: -10.083968073175491 max: -0.6073349812617805
Mean: -4.548769675125469 min: -11.588926035094033 max: -0.5972327600846761
Mean: -5.355302874195067 min: -10.328222461664955 max: -0.6017577896097562
Mean: -4.40707382815487 min: -10.209045109702343 max: -0.5970124784530862
Mean: -5.284517592847309 min: -10.014642594623043 max: -0.5968370129603582
Mean: -6.290436422267336 min: -10.374579186332024 max: -0.5974642292392808
Mean: -2.4801030664820627 min: -9.979588042568636 max: -0.5969246408235138
Mean: -4.3587260041396885 min: -9.997192706839945 max: -0.6060654781010819
Mean: -3.4585114163709973 min: -10.29647456767087 max: -0.6019656224455122
Mean: -2.4846235773792804 min: -10.003499334005832 max: -0.602929874541453
Mean: -5.575502395323376 min: -11.483184703639319 max: -0.6024995627765095
Mean: -4.38199477419965 min: -10.139692859102869 max: -0.5982013543010956
Mean: -2.478533900518138 min: -9.97892800452013 max: -0.6017194520474443
Mean: -3.4283808944620717 min: -10.03296584269461 max: -0.6010953950290882
Mean: -2.489228286466697 min: -10.118032723969282 max: -0.5971315706410314
Mean: -2.5361708081244005 min: -10.492891583775622 max: -0.5969213966779816
Mean: -5.354980815458957 min: -10.339913557663266 max: -0.6038399734749624
Mean: -2.4867562381992263 min: -10.013825619294279 max: -0.5988149265546865
Mean: -2.517801474069757 min: -10.288878005268819 max: -0.5971932656642376
Mean: -1.546176285531017 min: -10.003920871494387 max: -0.6003724410505356
Mean: -5.3329439939860865 min: -10.343154850337767 max: -0.6016945996852648
Mean: -0.6075214945127654 min: -0.6154241376067895 max: -0.5996748400875465
Mean: -2.484253522923562 min: -9.99214570372804 max: -0.6033336910893025
Mean: -0.6041240107465309 min: -0.6167729688716751 max: -0.562679579438996
Mean: -4.4535747743874765 min: -10.29898688525175 max: -0.6028963184165368
Mean: -0.6050844924224952 min: -0.6140760426682258 max: -0.5968401984008972
Mean: -4.593678567638755 min: -9.997628164096662 max: -0.5970501783380758
Mean: -3.861123737926247 min: -11.525079331535055 max: -0.5984693657486654
Mean: -4.390569784969719 min: -10.291328272199271 max: -0.6032616065620581
Mean: -0.6852869356347199 min: -1.3802628406420228 max: -0.6030580026805288
Mean: -3.5843167293805935 min: -11.593138165141047 max: -0.5968075250620868
Mean: -3.703918726397434 min: -11.505567215983849 max: -0.6018790311417829
Mean: -6.546626761305516 min: -10.234768050330286 max: -0.6045759934076752
Mean: -0.6362611613942262 min: -0.9170084291793819 max: -0.5994823470515224
Mean: -3.419698634827822 min: -10.013579528617608 max: -0.5968406276482369
Mean: -0.6046113934490995 min: -0.612458713641726 max: -0.5982772610420078
Mean: -0.6044361841574701 min: -0.6120453053151258 max: -0.5942261843588509
Mean: -2.4988770305751555 min: -10.066233403782517 max: -0.5984388452861953
Mean: -1.701931221593664 min: -11.568505566065218 max: -0.5997408528436962
Mean: -1.5701244799622294 min: -10.214679250442938 max: -0.6042952233442869
Mean: -2.490706150583809 min: -10.042904654455779 max: -0.5934082613789627
Mean: -2.6628480782877046 min: -11.514182556158133 max: -0.6035738540364081
Mean: -2.4965998176275965 min: -10.10266745453847 max: -0.598109935108527
Mean: -2.806010980750179 min: -11.54522431073796 max: -0.6038225901145504
Mean: -1.5667523594590058 min: -10.22379855996351 max: -0.5980275781447203
Mean: -0.6088864141439345 min: -0.6189986150112458 max: -0.599567434898438
Mean: -1.5541409685610124 min: -10.12300206855355 max: -0.5935394520523248
Mean: -2.5170693642226816 min: -10.2464758565149 max: -0.5982560816020261
Mean: -1.5490667106038152 min: -10.044835485962455 max: -0.5934556040110401
Mean: -2.638518468436568 min: -11.516905983443795 max: -0.597766161045878
Mean: -1.5410101578393025 min: -10.010129123930392 max: -0.5939222167645553
Mean: -0.6053562193810984 min: -0.611249207406997 max: -0.5978253908721782
Mean: -1.5758989884966548 min: -10.323792864433297 max: -0.5957426607531687
Mean: -2.4930155997692816 min: -10.098065525227838 max: -0.5985998628190746
Mean: -3.4868482274653503 min: -10.563981248289867 max: -0.5946817431915444
Mean: -1.5490749898885003 min: -10.061262421241917 max: -0.5981577760769339
Mean: -0.6058976545795057 min: -0.614755531083853 max: -0.5949176649659991
Mean: -1.5545024139718326 min: -10.061256049937123 max: -0.6049568128996589
Mean: -2.497778165529046 min: -10.06134762935806 max: -0.5992783437321298
Mean: -0.6093182683084492 min: -0.6142004298023956 max: -0.600044817267825
Mean: -1.7321658343395896 min: -11.516955252983294 max: -0.5933967276957222
Mean: -1.55143376996683 min: -10.045748087987588 max: -0.6019570645148804
Mean: -1.6152800911929297 min: -10.685836579594033 max: -0.5978841250544213
Mean: -1.7005363865399368 min: -11.552022742835174 max: -0.6001862948230169
Mean: -0.6071257213777155 min: -0.6148683166752681 max: -0.5986709865225749
Mean: -1.7018434016753692 min: -11.554464098861526 max: -0.5997582012535877
Mean: -0.6131846669797163 min: -0.6944391551546727 max: -0.598146584374586
Mean: -3.446019466805738 min: -10.27681888315557 max: -0.5976825787012994
Mean: -3.654371617427556 min: -11.612718040056446 max: -0.6031010429156837
Mean: -1.7014446738544085 min: -11.553844588554362 max: -0.5982761421882544
Mean: -1.6982683452923228 min: -11.553976469600169 max: -0.5985761088068785
Mean: -0.608762290827132 min: -0.6149376205152487 max: -0.6008204504686964
Mean: -2.5118376270144767 min: -10.221338317766008 max: -0.6008634307194144
Mean: -2.48383234503157 min: -10.091374883025049 max: -0.6002825309429481
Mean: -1.5517407535814027 min: -10.061291237341546 max: -0.5994184937676373
Mean: -2.6305419670405614 min: -10.397204202377686 max: -0.6000964198812228
Mean: -3.5745322989112625 min: -11.350460948201553 max: -0.5991625241736155
Mean: -1.5763939978979982 min: -10.357183950732132 max: -0.5940168602069201
Mean: -1.5686497148034455 min: -10.25807447607941 max: -0.5942803821415109
Mean: -2.4937376659819694 min: -10.056531092157433 max: -0.5954751748514986
Mean: -3.4436193437528084 min: -10.494656246132015 max: -0.5941245402033316
Mean: -0.6068815225233091 min: -0.6124578766500514 max: -0.6015783457226559
Mean: -1.552785901020168 min: -10.09541577024395 max: -0.5941234623947313
Mean: -1.6651921989951493 min: -11.232996845516052 max: -0.593481668662932
Mean: -1.543446288422192 min: -10.01500615182023 max: -0.595655994708184
Mean: -1.5448526343502302 min: -9.993458277911023 max: -0.5944581433236301
Mean: -1.5162019497516899 min: -9.721090486961245 max: -0.5938146394661614
Mean: -1.5633064078508874 min: -10.197736670261818 max: -0.5989351679847192
Mean: -2.4983063804347116 min: -10.038767363983641 max: -0.5934344148689599
Mean: -3.4326371219432397 min: -10.109054301975094 max: -0.5951280008328641
Mean: -0.6057614999130398 min: -0.6292584897875025 max: -0.5949067727925534
Mean: -1.5465883603010415 min: -10.014878027890651 max: -0.5949182239019638
Mean: -0.604580900072141 min: -0.6107740785603896 max: -0.5946962335736639
Mean: -3.602554025824064 min: -11.516814711505663 max: -0.5948114338854932
Mean: -2.512945035580785 min: -10.286724533721761 max: -0.5952075886920283
Mean: -1.541785477393285 min: -9.961713893682484 max: -0.5990193373984856
Mean: -0.7196903649001338 min: -1.7679996552275965 max: -0.5957520961973409
Mean: -0.6068524573336561 min: -0.6128633116797002 max: -0.5952930561246728
Mean: -2.7158661634975267 min: -11.653771604778044 max: -0.5946575092872984
Mean: -1.824819249248979 min: -9.99073332174718 max: -0.5989780238106864
Mean: -2.626404054700979 min: -11.450224347587968 max: -0.599803535336141
Mean: -0.7400588851328894 min: -1.9854320642335928 max: -0.5949883439860305
Mean: -1.557018823419448 min: -10.136956070830545 max: -0.5953805151828712
Mean: -0.6070893007373563 min: -0.614458247391804 max: -0.6017077289993654
Mean: -0.6001592204364857 min: -0.6102817785110246 max: -0.5945034634824856
Mean: -2.655655307902387 min: -11.578337680185289 max: -0.5996086878484944
Mean: -2.491746787083207 min: -10.03563041359442 max: -0.601309093896963
Mean: -0.6245076110522737 min: -0.794694448761836 max: -0.5949975306817059
Mean: -2.520480254057072 min: -10.363820804113816 max: -0.5959243434640916
Mean: -3.6657381097127817 min: -11.532904580438137 max: -0.5984648429089142
Mean: -4.372779537800627 min: -10.143612958870186 max: -0.5952115936209696
Mean: -0.8636766563572685 min: -3.1846705595421203 max: -0.5919710300152847
Mean: -2.525708198024102 min: -10.374599921309992 max: -0.5903546225191167
Mean: -6.274966785164081 min: -10.074227561304944 max: -0.5906656684267435
Mean: -5.419964827163591 min: -10.078263890652051 max: -0.5915256272194065
Mean: -1.5389363125305433 min: -10.071941983824816 max: -0.5865833523136916
Mean: -3.393871652090433 min: -9.978370250102243 max: -0.5897844521901813
Mean: -4.376081294321179 min: -10.061746834729252 max: -0.5863591911172243
Mean: -4.340765079538144 min: -10.005418023630709 max: -0.5909974450978658
Mean: -3.4585022151697538 min: -10.077505557700889 max: -0.5889197482032337
Mean: -6.241816406288165 min: -10.22958983475531 max: -0.5891603588476915
Mean: -6.579157452708486 min: -11.588312090559981 max: -0.5882151760181692
Mean: -4.335911201301357 min: -9.956451351437678 max: -0.585826857321165
Mean: -3.708944029331543 min: -10.077155926748445 max: -0.5856468844808522
Mean: -5.287635673178256 min: -10.01027637957994 max: -0.5932161002767503
Mean: -5.353131981491498 min: -10.22619773349104 max: -0.5863395059039493
Mean: -5.283898912499531 min: -10.003592432216905 max: -0.5843028442339965
Mean: -3.6308743921250484 min: -11.748834099865867 max: -0.5878495999683446
Mean: -8.106830329793214 min: -10.129575516178901 max: -0.5914197777902236
Mean: -3.5790864364265937 min: -11.58413880926932 max: -0.5856388144537753
Mean: -4.346341879414909 min: -10.007366261271908 max: -0.5857124737671885
Mean: -6.430845320671878 min: -11.583570400639502 max: -0.5887476816528311
Mean: -4.34641469995843 min: -10.066704619675974 max: -0.5896756732229743
Mean: -5.491334535880517 min: -11.549813608064373 max: -0.5863690386391761
Mean: -7.335594939369811 min: -11.312199594555421 max: -0.5908381477876082
Mean: -4.423981937477582 min: -10.245364189660128 max: -0.5858499989682431
Mean: -3.335230788223728 min: -10.129830039680774 max: 0.2385009026658205
Mean: -1.5959556802456105 min: -10.052547825822066 max: 0.24735253168854557
Mean: -2.2923511738952813 min: -9.669991892861171 max: -0.06634259879492309
Mean: -1.4919786533399835 min: -9.52578224676543 max: -0.026924789768080916
Mean: -1.4361041097959972 min: -9.580397145399507 max: 0.23074002337791988
Mean: -0.506149031580928 min: -1.2678714820199861 max: 0.1972094836667097
Mean: -1.9877310099787142 min: -9.638898787178512 max: 0.1445686843632027
Mean: -1.6760492736779278 min: -10.459235582690754 max: -0.03624288868090424
Mean: -3.437041261979691 min: -9.729305659421481 max: -0.0479387335421474
Mean: -5.905491543454423 min: -9.735829464594094 max: 0.1694294599698701
Mean: -5.247459503908706 min: -9.726680272294354 max: 0.18648838432002
Mean: -4.3775574357794955 min: -9.794453960531156 max: -0.16866296386578444
Mean: -3.670642708253358 min: -11.343064672141956 max: 0.19847318090103352
Mean: -2.315824295078296 min: -9.669878667358565 max: 0.18117173672371117
Mean: -3.513816117297324 min: -9.753548025059537 max: 0.31446180864977014
Mean: -2.467197680963479 min: -9.625165598377585 max: 0.1909848811025295
Mean: -2.581425709392341 min: -9.63030505402079 max: -0.0985352455897767
Mean: -2.339458189011844 min: -9.770091807598705 max: 0.19782074650649076
Mean: -1.3499091487908632 min: -9.592139884814838 max: 0.24004951037631472
Mean: -1.7399783407419585 min: -10.053877840541222 max: -0.0023696246882880237
Mean: -1.8825740400683024 min: -9.554700366995558 max: -0.030162759140649555
