Mean: -11.753562207168356 min: -11.874642182658613 max: -11.66341852275394
Mean: -11.58320605518447 min: -11.68291134700471 max: -11.013552597452264
Mean: -11.231220734994098 min: -11.758357784889576 max: -10.801339549019808
Mean: -10.495246654957866 min: -12.010596690409631 max: -5.3234039712651136
Mean: -9.406567737724 min: -11.842311869226016 max: -5.36132171841563
Mean: -5.385803628886161 min: -5.828239321227312 max: -5.031435701284832
Mean: -5.139876229855436 min: -5.360933124458044 max: -4.791815744395951
Mean: -5.78599191399575 min: -10.90029883424379 max: -4.066029623955243
Mean: -4.985889702974236 min: -11.887336685805776 max: -3.8615244148560888
Mean: -4.77203405487971 min: -11.513923715729069 max: -3.8063087760517114
Mean: -4.450421612602392 min: -10.363884404831934 max: -3.00757909361116
Mean: -6.410828546840892 min: -11.567318996595855 max: -2.2985136550397263
Mean: -8.728014367679517 min: -10.803710435178294 max: -2.036944576989671
Mean: -3.870542083402772 min: -10.57406405396002 max: -1.822557365211489
Mean: -6.35742007045397 min: -10.953209738760092 max: -1.839098054319399
Mean: -1.9327844495701558 min: -2.8115530701794196 max: -1.3063434463317694
Mean: -3.63484607361532 min: -11.12332030686203 max: -1.3064995079478032
Mean: -1.502209231911269 min: -1.7182207021629932 max: -1.2878259279832005
Mean: -1.6475181470849307 min: -2.2698147777781017 max: -1.2959708615148509
Mean: -3.2437654589224536 min: -10.361838183857767 max: -1.2905975816129938
Mean: -2.4340529817354404 min: -10.273028594763913 max: -1.4640146301631127
Mean: -4.31055725667645 min: -11.242479057692208 max: -1.4312104827732477
Mean: -3.302354952497911 min: -10.767794075680033 max: -1.0794803248255305
Mean: -2.5210184638939053 min: -10.512597301915525 max: -1.4840743325537697
Mean: -2.3520651370035894 min: -10.414963797455735 max: -0.859506202688765
Mean: -4.658379596953209 min: -11.090843391581892 max: -0.6650378064191704
Mean: -4.027849982582394 min: -11.753434717704573 max: -0.35582585738135974
Mean: -2.8378584667535605 min: -11.774429620583497 max: -0.3268350906389585
Mean: -3.6347037364451387 min: -11.558476136701225 max: -0.32273220956862964
Mean: -4.390311189976202 min: -10.998566285066262 max: -0.2993831519805055
Mean: -3.2340449719247717 min: -10.291429680815725 max: -0.3001446850061562
Mean: -0.7187541431196426 min: -2.7606892311248203 max: 0.1267487160415566
Mean: -3.6647657044180213 min: -10.64330747178175 max: -0.3001001119941509
Mean: -1.5471059917264123 min: -9.807474995089748 max: -0.29422629161974584
Mean: -1.639158940791739 min: -11.116769775265432 max: 0.09290520507432459
Mean: -2.486525015345306 min: -10.396605605751205 max: -0.034394364183101024
Mean: -1.2890080456805992 min: -11.535479319980407 max: 0.09735001564881446
Mean: -2.6445179940564443 min: -11.312533077797099 max: -0.005960279030817422
Mean: -2.6341938428678455 min: -11.397265484409107 max: 0.10956602814742644
Mean: 0.004971441130155352 min: -1.5785777846925502 max: 0.2531659453531918
Mean: -3.5038541994786625 min: -11.580452177208969 max: 0.2550669693559819
Mean: -2.5169323693829453 min: -11.373716850771736 max: 0.27653598265223667
Mean: -2.4029529762410697 min: -10.214311606424019 max: 0.2553716698046914
Mean: -0.946825370806291 min: -9.655157659638649 max: 0.2620584166086271
Mean: -2.293033520818826 min: -10.667107607605187 max: 0.21120270224784504
Mean: -0.25117595259425474 min: -3.0569461044520914 max: 0.11778991565301888
Mean: -2.1068577313767873 min: -11.505690182380084 max: 0.24360770307003904
Mean: -1.1317181446928335 min: -10.233208030556751 max: 0.2576073858761863
Mean: -2.578230581592923 min: -11.497825855525575 max: 0.23145918855781328
Mean: -2.81961559351627 min: -11.525150240990005 max: 0.4445678696406199
Mean: -3.7908379172961917 min: -11.269837334889758 max: 0.48226701706838376
Mean: -0.6348543176856973 min: -0.981497614693615 max: 0.4474967603359745
Mean: -4.361095869457668 min: -11.437571345219748 max: -0.5283482773261146
Mean: -2.6286697003580537 min: -11.83339901015441 max: 0.44845176425435285
Mean: -2.5762743304057514 min: -10.698378474640972 max: -0.5071626766841277
Mean: -1.8637806705235636 min: -9.26631442543005 max: 0.3146254917712551
Mean: -2.961246324982621 min: -11.163242697792526 max: 0.33201069547448375
Mean: -3.567464164977893 min: -11.327688424650464 max: 0.3158339196169296
Mean: -3.8703289927544082 min: -11.969036970299149 max: -0.5352282706696591
Mean: -1.7986684189295719 min: -11.461585148885886 max: -0.5413732898094431
Mean: -3.536885854866058 min: -11.238345379542062 max: 0.3803392170977952
Mean: -3.537065887093001 min: -11.523289260748687 max: -0.5561864468998735
Mean: -4.892650869663877 min: -11.515219577558323 max: 0.3743959891330828
Mean: -0.5815528691135416 min: -2.9650324157450156 max: 0.3671980960569305
Mean: -2.315809739944233 min: -11.385523268172358 max: 0.38618156174523577
Mean: -3.406976793184016 min: -11.61468803470059 max: 0.48996911166373075
Mean: -1.368807453339528 min: -12.056490387311449 max: 0.42056584453042156
Mean: -6.035014742118909 min: -12.079045262992846 max: 0.36807175850584106
Mean: -3.284486333548961 min: -11.412924648697839 max: 0.37912237469385507
Mean: -3.389386249118872 min: -11.691114314545473 max: 0.4158526809077886
Mean: -3.356105664516849 min: -11.940397138383963 max: 0.43071216971177684
Mean: 0.38855480209147897 min: 0.36520344481918826 max: 0.4451945018678955
Mean: -4.308360052900446 min: -12.029706867128905 max: 0.3864392674040101
Mean: -3.6367565176078274 min: -11.480606477942992 max: 0.39320688229457795
Mean: -3.4125122122719302 min: -12.09415392688186 max: 0.4442990184828919
Mean: -1.577257172204895 min: -11.376567205720622 max: 0.46810347853226536
Mean: -4.189020862530903 min: -11.400514575018247 max: 0.5429487898349058
Mean: -2.152202289430535 min: -11.847703914841011 max: 0.7008705776355274
Mean: -0.029120401969877762 min: -1.961742931194806 max: 0.5374360357460033
Mean: -1.4270354493832795 min: -10.750044530228548 max: 0.5311031049471984
Mean: -2.285583886819645 min: -10.450022308982991 max: 0.5434873373736901
Mean: -3.2183177399380924 min: -11.829872396158505 max: 0.7534912702464294
Mean: -5.921584460455927 min: -11.547200736858768 max: 0.5800516057186822
Mean: -0.16109428384894145 min: -1.1879759156253296 max: 0.6337264187639206
Mean: -4.482706394827447 min: -11.938261048140872 max: 0.5780327239431626
Mean: -5.732532299232615 min: -11.946172688616336 max: 0.6005406029664814
Mean: -2.79066181566466 min: -11.374083834929017 max: 0.6421816076776835
Mean: -2.3864776712686897 min: -11.661661939114913 max: 0.6282360069352622
Mean: -3.348918612118692 min: -11.501029133062175 max: 0.6631900996415268
Mean: -3.3822696560490457 min: -11.984432214842883 max: 0.6498186920724747
Mean: -3.3161997611975864 min: -11.95887741643471 max: 0.692815165911661
Mean: -4.614144625382548 min: -12.097186741303492 max: 0.6681865619056298
Mean: -11.308499264209196 min: -11.943970811008352 max: -10.824837660994877
Mean: -11.218238293084967 min: -11.903934623653132 max: -10.699732546153975
Mean: -10.434905150508587 min: -11.705789426813771 max: -5.556805799862215
Mean: -11.013199721505565 min: -12.013321454667672 max: -10.533668839096215
Mean: -10.078718870197232 min: -11.819721517866665 max: -4.530040553881704
Mean: -4.544230377116805 min: -10.802846725379304 max: -2.0512951393103576
Mean: -6.366443701225128 min: -10.948977161703437 max: -2.0891627118674987
Mean: -6.3176254469645015 min: -10.642408511776392 max: -2.083801968688151
Mean: -4.761827246861602 min: -11.72568224738588 max: -2.0871568090621246
Mean: -3.707089822230855 min: -10.572831066843154 max: -1.2369878977574518
Mean: -6.323455007979187 min: -10.466933841761724 max: -1.2145778082653258
Mean: -4.253292581852653 min: -11.139577475935633 max: -1.211794605664426
Mean: -2.094801648443181 min: -9.907878169366741 max: -1.2141788479175093
Mean: -2.305331410237067 min: -10.04600261992351 max: -1.170118216999759
Mean: -2.1655532625018763 min: -9.912975237372557 max: -1.1621954585893015
Mean: -4.812129919637564 min: -11.182679146849999 max: -1.068899475896266
Mean: -1.1713054698078276 min: -1.3034245101015491 max: -1.034245562006744
Mean: -3.051500959653436 min: -11.449126372753819 max: -1.119834993377257
Mean: -1.2491154493642644 min: -2.3680672240500917 max: -0.9863859862564665
Mean: -3.0512436981024047 min: -9.929330727043816 max: -0.982189100370658
Mean: -1.2198702006693563 min: -2.693183607400173 max: -0.9831132596082268
Mean: -2.310225833902405 min: -11.578006263082562 max: -1.0028014958348148
Mean: -1.1819129621179612 min: -1.8102850806907353 max: -0.9835066368616846
Mean: -3.83164946360886 min: -10.452575621064753 max: -0.9836857242802862
Mean: -2.0401819998642976 min: -10.485523282963483 max: -0.9836332106008991
Mean: -2.357887870932946 min: -11.318509377229258 max: -1.1060807633553666
Mean: -2.915155922858037 min: -10.31236880386598 max: -0.9861931989593935
Mean: -1.9952204757803227 min: -10.296191298118721 max: -0.9262243111967647
Mean: -2.9221464144527167 min: -11.441672248619504 max: -1.0022591527297644
Mean: -3.9081292826542735 min: -11.258651711533046 max: -1.0147094867973276
Mean: -2.0630637577749225 min: -10.482464829803025 max: -0.9990061807585194
Mean: -2.0704099204629296 min: -9.55030658684641 max: -0.24161308930672634
Mean: -4.386242041059027 min: -12.09202407191458 max: -0.44631705909313774
Mean: -2.744554248465034 min: -11.32064691239947 max: -0.41897686193531486
Mean: -3.1391608419745234 min: -11.259144296401796 max: -0.4495871870842509
Mean: -1.8800794150555606 min: -9.542756238972629 max: -0.3553667973812076
Mean: -3.6670125919758716 min: -10.330270495505602 max: -0.4101927060205607
Mean: -1.7160171441795544 min: -9.509296857692489 max: -0.3649510910343758
Mean: -2.6550888675034243 min: -10.153175448908655 max: -0.3320743741168143
Mean: -2.1249623592735043 min: -11.197753205987176 max: -0.8294749644596354
Mean: -1.9832103713038918 min: -11.789397268436382 max: -0.7850756346006854
Mean: -1.7916025203032127 min: -10.423256181196239 max: -0.7786472923851424
Mean: -1.7952640912267583 min: -9.94946399090656 max: -0.7743826214198162
Mean: -2.415994923743866 min: -9.509905845470461 max: -0.538391889054363
Mean: -3.1122175840031505 min: -9.523260036382618 max: -0.5797027295985242
Mean: -2.5655622342315345 min: -9.886170621836449 max: -0.3592526685437381
Mean: -1.179222785955605 min: -1.5847486670991184 max: -0.6363998309127203
Mean: -0.7461218438671126 min: -1.6149273770570245 max: -0.018317911463033684
Mean: -2.374678534368462 min: -9.54407502205132 max: -0.03001295888416303
Mean: -2.680153097332201 min: -12.535431156725327 max: -0.07522942187002389
Mean: -7.070177389214075 min: -10.556461632059705 max: -0.029403454391450087
Mean: -0.3039813979535956 min: -1.9822204896353428 max: -0.055409252041127746
Mean: -3.1000170740422055 min: -9.93910151836617 max: -0.08089176231319163
Mean: -2.3133776984611107 min: -11.78682564171028 max: -0.017876982290685794
Mean: -1.105674808841718 min: -9.295953523950645 max: 0.004085031991242637
Mean: -1.2690533208709074 min: -10.207506128679062 max: -0.030651766505171645
Mean: -0.2849370781015057 min: -1.329020643824963 max: -0.014904452947624987
Mean: -0.2700954135568987 min: -0.9739107100118646 max: -0.022333690617702857
Mean: -3.7017328611067732 min: -12.100382054522186 max: 0.10673416304944422
Mean: -1.7233749851299653 min: -11.521746285270304 max: 0.07311016494680678
Mean: -4.495085650381328 min: -12.120145508335296 max: 0.12807854311917188
Mean: -3.7438710696548725 min: -12.15023643745796 max: 0.11943056952311101
Mean: -1.7016272508071117 min: -12.341983740298218 max: 0.12975833500504821
Mean: -3.240230447152888 min: -11.819271781077406 max: 0.14033505510741495
Mean: -1.5501319984933701 min: -11.358393227180608 max: 0.424017095643753
Mean: -0.14481782817389535 min: -2.1365770055228275 max: 0.4410124424929862
Mean: -1.4695956933248797 min: -11.906875399125338 max: 0.43030288870117794
Mean: -2.228697667419552 min: -11.638213876267148 max: 0.44489829253191004
Mean: -2.5419717680894784 min: -11.477288166870975 max: 0.44258096512058237
Mean: -2.387891711211545 min: -11.833331962884202 max: 0.43842659517153015
Mean: -0.9719914369247054 min: -11.33709991733942 max: 0.4540368891123923
Mean: -3.1045445418569466 min: -11.454949635299858 max: 0.4829135104437763
Mean: -3.1634300738887395 min: -11.694829679609946 max: 0.47259028233715317
Mean: -0.7159635706770545 min: -11.267689776433391 max: 0.5009507520101112
Mean: -1.875907109072541 min: -11.32765512555493 max: 0.6402419480219302
Mean: -3.1817192337014095 min: -11.593061763582622 max: 0.4868437376938748
Mean: -6.257387933655205 min: -11.381195689209129 max: 0.45853178910537506
Mean: -1.9082713903006585 min: -11.429376884072626 max: 0.4851770222016131
Mean: -3.3953379262677905 min: -11.501346414201999 max: 0.4681064077558896
Mean: -4.082023301486805 min: -11.4012098271471 max: 0.5040169476765628
Mean: -2.288317867940971 min: -11.39662833991907 max: 0.49555783118070795
Mean: -3.351957934775149 min: -11.394053722006635 max: 0.4727893922559138
Mean: -6.4919952642290655 min: -11.979717162195797 max: 0.4893543347099227
Mean: -0.6834408751958797 min: -10.89187863196199 max: 0.511577143825424
Mean: -0.7623399501890934 min: -11.441507994630237 max: 0.5002195776120786
Mean: -4.25962304911336 min: -11.40586720721218 max: 0.47229657143109305
Mean: -0.7965342998527388 min: -10.420426550542752 max: 0.49199264960183786
Mean: -4.216771757437313 min: -11.861599389546488 max: 0.504949680571884
Mean: -6.863679373726802 min: -11.553039331297411 max: 0.4949730206190606
Mean: -4.549614424511344 min: -11.480517818242479 max: 0.5936031575354578
Mean: -4.023339909340654 min: -12.267135254963042 max: 0.49573942894601547
Mean: -2.0780434842007764 min: -11.410220938794275 max: 0.4895224404555395
