Mean: -11.056689612500698 min: -11.915815533619686 max: -5.94459836388888
Mean: -10.270001663588806 min: -11.792983582891463 max: -5.941308344367963
Mean: -10.07603378877213 min: -12.236442704849505 max: -5.942214784537851
Mean: -9.86638756579272 min: -11.73184129243796 max: -4.686556537788427
Mean: -10.12746445890369 min: -11.906549342222387 max: -5.859765365059851
Mean: -10.159990221296537 min: -11.892487757343115 max: -5.863406121028218
Mean: -9.459556350966528 min: -11.398018214933265 max: -5.818394257962931
Mean: -10.34795104928093 min: -11.308349923994701 max: -5.817225245491015
Mean: -9.366695108930829 min: -11.306291638576766 max: -5.7670067064303865
Mean: -8.958036174346603 min: -12.124835061887463 max: -5.756458163810878
Mean: -9.56234062483386 min: -11.995591817840003 max: -5.752781243717521
Mean: -8.936179871017037 min: -11.674687789473621 max: -5.75027590856919
Mean: -8.81651484857558 min: -12.06879965018363 max: -5.637362641484999
Mean: -8.533910532445205 min: -11.883669781806693 max: -5.752091470853635
Mean: -10.836772863926084 min: -12.04630328512763 max: -5.753500494244481
Mean: -10.83019772765176 min: -13.13087384710144 max: -5.745552162287737
Mean: -10.752715054193345 min: -13.004449714210319 max: -5.726832346168592
Mean: -9.663176167549375 min: -13.062362099330626 max: -5.731129951351819
Mean: -9.409205871815168 min: -12.628637381651624 max: -5.730739445771006
Mean: -8.986673412320561 min: -13.336109935398959 max: -5.726790643924015
Mean: -9.997955181509292 min: -13.109032823910752 max: -5.725027572889538
Mean: -10.160788106059385 min: -12.965172831909854 max: -2.420019839057127
Mean: -7.092034018366759 min: -12.167973388644743 max: -2.3973959373186258
Mean: -2.7785087748751547 min: -11.61640068681892 max: -2.2123877645776266
Mean: -2.4895824505169997 min: -11.23287873979124 max: -2.1981461666955124
Mean: -2.4063966126228618 min: -11.804838830221382 max: -2.1980340643566154
Mean: -3.482503580321402 min: -11.68581444878218 max: -2.1554503101519633
Mean: -2.5331796820744357 min: -11.28928132407777 max: -1.4957917046509792
Mean: -2.432024764213976 min: -11.266402854041507 max: -0.4347768212320931
Mean: -1.4223684481330952 min: -11.660996666033629 max: -0.2520339336829395
Mean: -0.6094875356942615 min: -10.78855538741541 max: 0.17753810937122452
Mean: -0.15522664502184896 min: -11.406454590320964 max: 0.39207829424514073
Mean: -0.9369092208831402 min: -11.242347739630336 max: 0.4303919382252097
Mean: -0.05704926956624583 min: -11.260557232044512 max: 0.43656755619620474
Mean: 0.15876452701843008 min: -11.239963746271238 max: 0.4502072938401067
Mean: 0.20094053839298698 min: -11.152639623057347 max: 0.44822606848561064
Mean: -0.27969467954087607 min: -11.28954472739786 max: 0.46110777129523206
Mean: -0.943379234905469 min: -11.240313717696187 max: 0.4617964650786307
Mean: -0.24416387842912837 min: -11.596303824142403 max: 0.5717048617797881
Mean: -0.46303684316190213 min: -11.937405359004277 max: 0.5730604097552631
Mean: -0.0010530330607662552 min: -11.192059270122144 max: 0.5684365703164763
Mean: 0.26763327601789416 min: -11.267256044841426 max: 0.5750793590473963
Mean: 0.2921750903673426 min: -11.293308428083652 max: 0.6012041378965508
Mean: 0.5630281985326686 min: 0.5058288349454644 max: 0.5958795404339968
Mean: 0.3333945966833135 min: -11.194869068684177 max: 0.7355568169753447
Mean: 0.41854953857313637 min: -11.274409379039797 max: 0.763391454505475
Mean: 0.2933251763690291 min: -11.202326538154146 max: 0.7760747082561269
Mean: 0.4030858233350773 min: -11.266041107521252 max: 0.771083716128132
Mean: 0.22588638227808805 min: -11.843325927906738 max: 0.8037143225380257
Mean: -0.601772756869299 min: -11.193462980897852 max: 0.7995811527912907
Mean: -1.207955705804941 min: -11.252778034199398 max: 0.8060114378122739
Mean: -2.484596676049494 min: -11.215437954466537 max: 0.8098001957969404
Mean: -3.422775128873273 min: -11.475559621311566 max: 0.798371048347393
Mean: -2.767663622808632 min: -11.63148071731306 max: 0.8101776899285459
Mean: -2.7422064624552003 min: -11.243217955646942 max: 0.803333053362732
Mean: -3.032027528272815 min: -11.24419771593513 max: 0.8061483135044545
Mean: -3.0197394729883955 min: -11.372797305878393 max: 0.8028994518342656
Mean: -2.5383242788790397 min: -11.21840289801402 max: 0.807478538370003
Mean: -3.1543152649675 min: -11.24219186697658 max: 0.804112618233997
Mean: -3.4748266110736536 min: -11.568983892370234 max: 0.8224607856522713
Mean: 0.5495852671249978 min: -11.432899268230116 max: 0.8237409692747523
Mean: -0.13169156988241063 min: -11.193829785332593 max: 0.8201709937579048
Mean: 0.3036169897895655 min: -11.191622309295262 max: 0.8170460628071033
Mean: -1.611472780907714 min: -11.666973656276383 max: 0.8190808523403935
Mean: -0.8660592435376009 min: -11.266247364544528 max: 0.8201192888728283
Mean: -0.4079718170325122 min: -11.229744613478847 max: 0.8199562932796133
Mean: -1.3078549626116842 min: -11.22892450808302 max: 0.8168901154602232
Mean: -1.3723136779508698 min: -11.244728476460338 max: 0.8188147231564368
Mean: -0.18980044145875766 min: -11.228393910532615 max: 0.8192126068729947
Mean: -0.41308413470631644 min: -11.845982824224054 max: 0.8196154838798609
Mean: -0.1686589780411611 min: -11.320483061514087 max: 0.8188074442744447
Mean: 0.10979566079145413 min: -11.666744291041216 max: 0.8226051042656961
Mean: -0.8820047774706846 min: -11.229329853134448 max: 0.8196865500394517
Mean: 0.07535858853444168 min: -11.21956260484636 max: 0.820980984380953
Mean: -0.8306082093875424 min: -11.307162145065345 max: 0.8217301892146075
Mean: 0.2719725296390524 min: -11.223313206221547 max: 0.8262266077985188
Mean: -0.39629285932886615 min: -11.221868784173346 max: 0.8267559323141555
Mean: -0.16605478272406618 min: -11.805312369673132 max: 0.8242144150467395
Mean: 0.32118521601542727 min: -11.223158017854994 max: 0.8296616548931782
Mean: 0.5659587490448267 min: -11.184451834156674 max: 0.8218413379183128
Mean: -2.1605483283448645 min: -11.244436349787154 max: 0.8199822305346488
Mean: -1.1206027695042597 min: -11.650073262687702 max: 0.8290061586397326
Mean: -2.0676849952814216 min: -11.250671457677688 max: 0.8226663673434657
Mean: -1.3359574969397594 min: -11.243098865704173 max: 0.825121851178903
Mean: -0.37120008009108957 min: -11.223907029951555 max: 0.8277301648840802
Mean: -1.090989665777186 min: -11.461745130679986 max: 0.8229248282791263
Mean: -1.1481230534341222 min: -11.297697457916652 max: 0.8269429435959582
Mean: -1.348431374861843 min: -11.305445187139394 max: 0.826330372347119
Mean: -1.6183681644960775 min: -11.613192200961404 max: 0.8260517010909416
Mean: 0.08324746766718795 min: -11.195772969122869 max: 0.834523536465744
Mean: -0.18228014908479867 min: -11.209905246309255 max: 0.835199969568158
Mean: -0.16978793784473403 min: -11.225941580103925 max: 0.8308731816214046
Mean: -0.20835005734312875 min: -11.220074100124533 max: 0.8350352239813187
Mean: -0.6305886759523461 min: -11.229141813187283 max: 0.8301667175201211
Mean: -0.40258114273374573 min: -11.227833512260167 max: 0.8294268744388043
Mean: -0.13188342126544506 min: -11.226778785085978 max: 0.8312145144254316
Mean: -2.54857933960121 min: -11.223222000989164 max: 0.8269656741434819
Mean: -1.0573566042199 min: -11.666575411803768 max: 0.835073585855872
Mean: -1.0745482669883522 min: -11.22323576687376 max: 0.8315490503882026
Mean: -1.0892340270983625 min: -11.229730003666166 max: 0.8332706012616807
Mean: -0.8804052479337687 min: -11.217900303719327 max: 0.8286592860332811
Mean: -0.955919884179812 min: -11.21861137928308 max: 0.8305086686594322
Mean: -0.6556770975821409 min: -11.564396465376037 max: 0.8307122342282066
Mean: -0.09491351865232545 min: -11.686896863412775 max: 0.8282991479303423
Mean: -0.12450375544844385 min: -11.263938826979876 max: 0.8246522443669623
Mean: 0.5198784490868551 min: -11.719004067747358 max: 0.8337421553332772
Mean: 0.31536064653055546 min: -11.692099345597104 max: 0.8406511443932304
Mean: -0.12196981542530945 min: -11.362687760089791 max: 0.835347045205936
Mean: 0.5702543520158802 min: -11.208338081181855 max: 0.8333287977287168
Mean: -0.6472950662496929 min: -11.365772854602437 max: 0.8348718346629547
Mean: 0.8015506485123215 min: 0.4572635932059181 max: 0.8398536754321174
Mean: 0.3497557592836262 min: -11.06912479098672 max: 0.8384853057578988
Mean: -0.1335890924679612 min: -11.200462068003969 max: 0.836924100882578
Mean: 0.574098015167241 min: -11.208185272900677 max: 0.8366950024438181
Mean: 0.8013273021551035 min: 0.447481327596813 max: 0.8334845815981405
Mean: 0.32431511101324484 min: -11.64162766483729 max: 0.8393319935488694
Mean: 0.5380520104560814 min: -12.08735377254504 max: 0.836365107466988
Mean: 0.33484530902732035 min: -11.20423195745868 max: 0.8339972023248035
Mean: -0.13910688070650593 min: -11.204504418254635 max: 0.8392209418470095
Mean: -0.005126180760355461 min: -11.195119480994231 max: 0.8371107064874707
Mean: 0.13663937867399065 min: -11.218206423040202 max: 0.8382724290954632
Mean: -0.8870389245171174 min: -11.64055945750933 max: 0.8323798545826273
Mean: 0.1261517247730017 min: -11.229539862408734 max: 0.831267858630234
Mean: 0.5400482164384445 min: -11.188251791649957 max: 0.8333437749811854
Mean: 0.3246700297140319 min: -11.276010205967856 max: 0.8348900301609149
Mean: 0.3285509858455351 min: -11.198007704579801 max: 0.8393468381690667
Mean: 0.5503356917950131 min: -11.18215581721511 max: 0.8394938808907565
Mean: 0.0757936843707491 min: -11.4364658288683 max: 0.8395679789239607
Mean: 0.3583872077746403 min: -11.659892345315004 max: 0.8378895430450035
Mean: 0.02802449281400177 min: -11.273129723410614 max: 0.837358066147042
Mean: -0.09207437716770223 min: -11.190419195809124 max: 0.8349579958851587
Mean: 0.3184880797939188 min: -11.67668166037853 max: 0.8368474626369825
Mean: 0.05510618432506259 min: -11.6379518245695 max: 0.8351735317117942
Mean: 0.488004370396444 min: -11.212593210335426 max: 0.8335767906025352
Mean: 0.29437590361339977 min: -11.19670758133151 max: 0.8355491714877549
Mean: 0.03748673333917832 min: -11.679802469566292 max: 0.8351969460090385
Mean: -0.10698049043557697 min: -11.201979946988457 max: 0.8349635551907288
Mean: -0.4136121906487119 min: -11.841968774566178 max: 0.8378894482993502
Mean: 0.04800884810858962 min: -11.21680232926605 max: 0.8384342902322568
Mean: 0.5755128986627347 min: -11.186014254995843 max: 0.8399126033078779
Mean: 0.33533186617953115 min: -11.198075000431928 max: 0.8369782423372005
Mean: -0.40209282552425707 min: -11.25277142184213 max: 0.8364627300965044
Mean: -0.14830483059254596 min: -11.20121203646688 max: 0.8319972365780292
Mean: 0.5452133248607255 min: -11.178149013136844 max: 0.8384640855266451
Mean: -0.37672754838318534 min: -11.651289503910116 max: 0.835444691844707
Mean: 0.4985608063588347 min: -11.194447498422633 max: 0.8339546130230202
Mean: 0.7350474779221652 min: -1.9579327874883157 max: 0.8320372437913014
Mean: -0.32138068406204967 min: -11.226581756588686 max: 0.8354388861034309
Mean: 0.3310091352510564 min: -11.21143283165253 max: 0.8379672012089963
Mean: 0.09407964800860488 min: -11.207413936030886 max: 0.8346441695243646
Mean: 0.04168210933775942 min: -11.219056242150643 max: 0.836517135897451
Mean: 0.5685399436729556 min: -11.22403874340175 max: 0.8402034810798794
Mean: 0.05866971648294641 min: -11.199161814071067 max: 0.8384064590406037
Mean: 0.31223699215870115 min: -11.742114965907042 max: 0.8371573074429388
Mean: 0.10296900171876203 min: -11.413297599985274 max: 0.888421193392484
Mean: -0.5474366489979038 min: -11.63201313863427 max: 0.8759002627727627
Mean: -1.0869186261135204 min: -11.540308180712822 max: 0.8854956122992382
Mean: -1.2984975040962388 min: -11.425317917918571 max: 1.1354166884239463
Mean: 0.21769692693508685 min: -10.632583656179229 max: 1.0911885813816624
Mean: -0.0774984197411118 min: -11.789040359053393 max: 1.8764627488352956
Mean: 0.1729509996016456 min: -11.881061162568622 max: 1.1603403099620004
Mean: -0.8358811706078348 min: -12.221187405103551 max: 1.2774718273135848
Mean: -1.5689237238205842 min: -11.548490576737422 max: 1.514171316966265
Mean: -2.169193703481454 min: -12.528699044479545 max: 1.7438775804344804
Mean: -2.1504058831920823 min: -11.80007718698349 max: 1.439525544106841
Mean: -1.7682772516156111 min: -11.733036765759932 max: 1.3100097404899236
Mean: -2.98273398671156 min: -11.930124914556341 max: 1.4281646586335197
Mean: -4.38173981264284 min: -11.637491246589423 max: 1.3341146993550796
Mean: -3.9015684278186495 min: -11.644724109721508 max: 1.483203810718171
Mean: -6.550633035855716 min: -11.656650639905752 max: 1.2335090981215318
Mean: -4.5169897654644515 min: -11.641670134545953 max: 1.4142695240061898
Mean: -7.5239782333846845 min: -11.83017860371038 max: 1.6076791067688
Mean: -5.720945546071672 min: -11.643611488380808 max: 1.4001055622573997
Mean: -8.744810212229225 min: -11.677371298006038 max: 1.0895413663395357
Mean: -8.246389467044414 min: -11.644404497596643 max: 1.7708917290981345
Mean: -10.281739216433687 min: -11.669667093196507 max: 1.1593313823005502
Mean: -10.623037785679566 min: -11.736000036735943 max: 1.2832547506698224
Mean: -5.820036517924648 min: -11.803389456374067 max: 1.794277933948208
Mean: -1.7489477245420275 min: -11.416603041884988 max: 3.0623637479539196
Mean: -2.7877730443198208 min: -9.70284466870589 max: 2.07454037791612
Mean: -2.4477669503561543 min: -9.500079062791707 max: 2.7598516695426905
Mean: -1.8842963651623692 min: -9.772247476070461 max: 2.331506731859639
Mean: -1.6054716030577874 min: -9.58966821548786 max: 2.246494561057093
Mean: -2.2075738957928985 min: -11.41413045577574 max: 2.224936119566547
Mean: -0.6895043551178933 min: -9.53841555022203 max: 2.2339681678774164
Mean: -0.40626298808728356 min: -10.483681145763773 max: 2.4284222886844535
Mean: 0.05073327370887592 min: -9.396789230599886 max: 2.0014306868045004
Mean: -0.29701782940941734 min: -11.01679251214243 max: 2.452806366396218
Mean: -0.2481326783168554 min: -10.399976592141003 max: 2.0106540270512903
Mean: -0.09897580273512485 min: -11.17732152620953 max: 3.046203842546735
Mean: -0.4707809908872384 min: -12.59886234494708 max: 3.016217654605402
Mean: -0.5860769919683885 min: -11.208931765130309 max: 3.027434448291944
Mean: -0.36437501867913646 min: -9.737294862707584 max: 2.4542369222043585
Mean: -0.6403184577347385 min: -11.401506284003796 max: 3.0432609724276687
Mean: -1.0310734816051066 min: -11.121343250582122 max: 2.4244463182467735
Mean: 0.13307929769626195 min: -9.446055153967027 max: 2.244385673527744
Mean: -0.5613584929606136 min: -9.548910903605915 max: 3.63016131817645
Mean: 0.8683774749662816 min: -9.571111606104683 max: 3.64612277515365
Mean: -1.285577435405766 min: -11.503805411122201 max: 2.8362313808133894
Mean: -2.5396168013829135 min: -11.6370859492501 max: 2.41847302041162
Mean: -3.0680269366104715 min: -11.58261782616374 max: 3.090694155937902
Mean: -0.47731295312573485 min: -11.182616525802413 max: 2.501643615360448
Mean: -0.1805516164539511 min: -11.207433322687562 max: 2.191719579025122
Mean: -0.09782580713425987 min: -11.653562437542018 max: 3.533960121261266
Mean: 0.03948953587889449 min: -9.652620495792426 max: 3.40771657088465
Mean: -0.43425415401717005 min: -9.193004706054651 max: 2.9692200442711756
Mean: -1.0338115826126488 min: -10.370079149780192 max: 2.749592621505125
Mean: -1.3447916537062385 min: -10.076391297007874 max: 2.5455818638616923
Mean: -0.6204327263952044 min: -11.031179915731443 max: 2.332357928866092
Mean: 0.31537480521481154 min: -9.77419690828813 max: 4.0130454369571575
Mean: -2.968800893565602 min: -10.84668953152431 max: 2.5379758308820977
Mean: -0.23116424845768319 min: -9.44458630571136 max: 3.022438819939697
Mean: 0.39560295872739687 min: -9.529771185382703 max: 2.644328282745329
Mean: -0.005230651797465779 min: -9.419723020982577 max: 3.537896716425809
Mean: -0.774152429049078 min: -11.339611741815704 max: 2.914811686588055
Mean: -1.7183377632294918 min: -12.657561336600539 max: 2.6737438263094893
Mean: -0.868679744750127 min: -10.334460082559781 max: 2.673875903382218
Mean: -1.3143604126317445 min: -9.716084030405723 max: 3.7710617627863763
Mean: -0.47190250631154534 min: -11.339268937378561 max: 2.6879480122685426
Mean: -2.1869729199613612 min: -11.45557230810609 max: 2.408651349894795
Mean: -0.6931485369632994 min: -11.224054344442155 max: 2.0242829153572957
Mean: -0.4821725969244337 min: -10.930504211861514 max: 2.775097303239507
Mean: -1.1915026975914227 min: -11.036757300543709 max: 3.2336034297818
Mean: -0.3075744299807478 min: -9.746173664908486 max: 3.569116030544248
Mean: -0.41442510340372146 min: -11.064733263274928 max: 3.580359178564581
Mean: -0.4622767236023428 min: -9.732069036164361 max: 3.8196305462023954
Mean: 0.4483477598099326 min: -9.983292089964408 max: 2.782372333295987
Mean: -0.5844469478809943 min: -9.8247283623366 max: 3.330155918731544
Mean: -0.677140012250054 min: -10.762914830652482 max: 2.003001148557189
Mean: -1.2975097939179379 min: -11.231048057335308 max: 3.795664527776721
Mean: -2.1027915232995924 min: -10.45967864526375 max: 2.144753370798547
Mean: 0.5834162815881624 min: -10.93561236875714 max: 4.164070510430146
Mean: -1.2141275352416145 min: -9.68684768691439 max: 4.240793080062427
Mean: -0.6720486632830263 min: -9.546741698292655 max: 2.0295245340916583
Mean: 0.01811513703509247 min: -10.547087175242272 max: 5.0853800399189115
Mean: -0.9242636972288145 min: -9.832497379827888 max: 2.0209338552464495
Mean: -1.0303888251068427 min: -10.841720833386992 max: 4.382240886679755
Mean: -1.9635388671056315 min: -10.927937820367069 max: 2.6347777717113594
Mean: -1.4048033139073965 min: -11.449499718611511 max: 3.0794332985282513
Mean: -1.364209891882882 min: -11.338491842156945 max: 3.0272455920979953
Mean: -0.19397160648911746 min: -11.450458636272668 max: 3.096013359280198
Mean: -1.3777775898332103 min: -10.540982379647874 max: 3.0802123443570544
Mean: 0.1471344507208913 min: -11.531189181746049 max: 3.1565223234047717
Mean: -0.9067576874614092 min: -10.58016720228321 max: 3.330093142940058
Mean: -5.8358597492440945 min: -10.538748040099621 max: 2.3984278684980254
Mean: -4.737080798659619 min: -9.66397269634157 max: 2.8854966190233213
Mean: -4.687185297860243 min: -10.549982750285 max: 3.491788527579963
Mean: -2.756831255354639 min: -11.235871436135195 max: 3.2448502499147125
Mean: -3.1834220062514746 min: -9.691320370961147 max: 3.0230505650786017
Mean: -1.931016154793152 min: -9.648233308281961 max: 4.438494627717145
Mean: -2.6494176258323487 min: -11.719479192435793 max: 3.403240601973174
Mean: -0.8757075156444984 min: -11.740940899230962 max: 3.4089268240858135
Mean: -0.20788320393079612 min: -9.845033122058402 max: 2.2459261822396344
Mean: -0.22104555619022942 min: -9.700652674770005 max: 2.9650132161507536
Mean: -0.0036897342311898074 min: -10.39153749908382 max: 3.596965951347698
Mean: -1.7448472723875768 min: -10.111263419544812 max: 3.207320606634287
Mean: -0.29321764063099287 min: -11.709134838924479 max: 4.744294770328919
Mean: -1.4742609054572045 min: -11.416128112374516 max: 2.623365154028505
Mean: -0.20646798635818547 min: -11.415819856319922 max: 2.330149676059732
Mean: -0.9717470492763545 min: -11.47925493012782 max: 3.151563707019199
Mean: 0.053900565836995804 min: -9.546944600427162 max: 6.111193695178255
Mean: -1.0191545618541278 min: -12.018354624419722 max: 3.1438443726949368
Mean: -0.9818475557669021 min: -11.407886846075005 max: 1.895521267102448
Mean: -0.7995780393122357 min: -10.513428684008915 max: 3.4474300310330017
Mean: -0.08345637817879811 min: -11.746988876254777 max: 4.275240823524848
Mean: -1.0839479606839706 min: -10.307539313520465 max: 3.155080266720904
Mean: -0.3795224382364122 min: -10.2619028698427 max: 3.6794219548101537
Mean: -0.936531444644144 min: -10.628036775908079 max: 2.651935630949642
Mean: -1.8625027820493256 min: -11.782368838290843 max: 3.599284185709149
Mean: -2.7757668810521636 min: -11.672313305097754 max: 3.156094957428435
Mean: -1.4289357632466808 min: -13.135040276348143 max: 1.9685444658126527
Mean: -2.3211133938499446 min: -11.031473155130193 max: 4.030779428428067
Mean: -1.7897984014887 min: -9.958944389306225 max: 4.139556352743616
Mean: -1.5491229943182423 min: -11.059359964093101 max: 3.2531846707871823
Mean: -0.9686895794818162 min: -11.590500042543033 max: 3.7944559394636626
Mean: -0.834252524034918 min: -11.391168315701064 max: 4.409523899431876
Mean: -1.5405322290269683 min: -11.222481129147612 max: 3.4768052847475994
Mean: -3.662160295725983 min: -11.231328845100194 max: 3.723998929546963
Mean: -1.5157012741881764 min: -11.239240427864258 max: 3.6669474187193316
Mean: -2.2170096089441897 min: -11.433950769646923 max: 3.3365676876578534
Mean: -1.9662380145092055 min: -11.201027621337161 max: 3.3068466916644534
Mean: -1.6520826098343675 min: -11.21163164203345 max: 3.8459212560879754
Mean: -0.5854890833151958 min: -11.673584112588214 max: 4.112203889404362
Mean: -1.1392319570302707 min: -11.471830333969281 max: 3.9079725250523096
Mean: -1.5381899032837012 min: -11.660895172438378 max: 6.009763203642302
Mean: -1.7485069923496062 min: -11.397092809549278 max: 4.298849304209852
Mean: -1.458941081808081 min: -11.574115267917687 max: 3.3778536804793027
Mean: -2.262027849821682 min: -11.64095993930352 max: 3.8885206478883054
Mean: -2.057996485148255 min: -11.690708822755488 max: 3.063415737828264
Mean: -1.787309254030718 min: -11.40516258693341 max: 3.9814024426318015
Mean: -0.9849273377426314 min: -11.370427551979514 max: 3.8430795857133324
Mean: -1.611815305685556 min: -10.999770327124144 max: 3.564734932498621
Mean: -1.2949054474055455 min: -11.723357879686624 max: 3.1853043195228214
Mean: -0.4446159470588358 min: -11.48740488658244 max: 3.3009169044938345
Mean: -1.6749777286038974 min: -10.950138467786928 max: 3.9785303240329783
Mean: -3.0034642912423637 min: -11.496848955996487 max: 3.374008795350283
Mean: -1.1041567807958936 min: -12.402195049180227 max: 3.4038994044738655
Mean: -2.9449444507091442 min: -11.686616076246562 max: 3.788308404870126
Mean: -3.168538075002939 min: -11.906128889086421 max: 3.6299881845359185
Mean: -1.6213587845813517 min: -11.48864853258115 max: 3.986160462147528
Mean: -1.4150873150853847 min: -12.073955455492912 max: 3.908981516115313
Mean: -2.0915750782552833 min: -11.217384855403512 max: 3.7876283706796334
Mean: -0.9312448625741646 min: -11.256692733916378 max: 3.994512450090441
Mean: -1.8693744411216426 min: -9.76930838822026 max: 4.153848940577161
Mean: -0.813635827677694 min: -10.585689265267396 max: 4.280421824630544
Mean: -0.14489718830002865 min: -10.11875066211576 max: 3.110345419276843
Mean: -2.7348559230716116 min: -11.459376008133775 max: 4.65515659133032
Mean: -1.2955755997755551 min: -10.950088090302337 max: 4.964790386205116
Mean: -1.9963172066848787 min: -11.797034163738143 max: 3.164864509816035
Mean: -2.084775692278496 min: -11.268135235512382 max: 3.5122144961529376
Mean: -1.952683278852697 min: -11.225364805842716 max: 3.620932581856648
Mean: -0.018376454120306675 min: -10.709826741979247 max: 3.6249421212853616
Mean: -1.6703551654856965 min: -11.773899505594105 max: 3.5766898589405542
Mean: -0.04966424675877956 min: -11.172558003523646 max: 4.074900243476261
Mean: -2.5044099756813587 min: -11.901370418857258 max: 4.22839495439142
Mean: -1.6595424231684686 min: -11.169622100433887 max: 3.708082518897708
Mean: -0.4882238702276039 min: -11.384350406333276 max: 4.186683422681132
Mean: -1.748446415178173 min: -10.570722275801822 max: 3.2848421821785254
Mean: -0.6306978568112684 min: -11.448327507208589 max: 4.277659744639782
Mean: -1.9174662302149696 min: -9.963774267953657 max: 4.756664613206546
Mean: -2.8917850907228497 min: -11.91181621201752 max: 4.424247327776522
Mean: -1.8894893386307592 min: -11.806700869954371 max: 5.084791219080715
Mean: -2.3720501672781067 min: -11.760170850959904 max: 3.294785368644965
Mean: -2.563380978243148 min: -12.78726678321655 max: 4.34673540056083
Mean: -1.9899830434992127 min: -10.330384370842825 max: 4.061465789764039
Mean: -2.760487779619767 min: -11.443901712299132 max: 4.169327526342372
Mean: -0.706662172661258 min: -9.962357799565785 max: 3.6033427157332376
Mean: -1.1066422470969965 min: -11.720649824149227 max: 3.4566646137127943
Mean: -0.9171133401948975 min: -12.081932022633321 max: 4.9877186327744045
Mean: -1.1286257570945208 min: -10.72854530321786 max: 5.682948483747655
Mean: -0.6569222148480678 min: -9.943786655532422 max: 4.349015409001303
Mean: -2.3322321130916963 min: -11.249435902240887 max: 4.481227641133142
Mean: -0.4473456002200762 min: -11.781496068678774 max: 3.8334674316713007
Mean: -0.4755740907220561 min: -11.02463468630318 max: 4.656558694986295
Mean: -1.417786042549753 min: -10.51653537780883 max: 4.876346452678771
Mean: -1.268963422220884 min: -11.07226228073872 max: 3.943591952521705
Mean: -1.2380253505261332 min: -12.637198243295497 max: 3.5607936701674032
Mean: -1.309137661417908 min: -11.178286093590653 max: 3.1539972413149884
Mean: -3.5048317598637233 min: -11.035598182381976 max: 5.6278466168220245
Mean: -0.46078876631090104 min: -11.027080931071584 max: 5.969062591708741
Mean: -0.28054295597064766 min: -11.790164596770776 max: 5.0950392817875505
Mean: -0.8752275142638668 min: -9.869098981505555 max: 3.345281131312949
Mean: -1.1040051327209282 min: -11.87195756865966 max: 5.621681717733992
Mean: -1.535670543960148 min: -11.663765338032393 max: 5.003503020149275
Mean: -0.15912601092276474 min: -11.525156412144515 max: 3.6382627198446076
Mean: -0.48113940398246463 min: -10.96054796652865 max: 6.069941346468756
Mean: -0.28937255059477257 min: -10.931986524079162 max: 4.449939843174666
Mean: -0.23573324035731688 min: -11.71329004522115 max: 3.3696474503039
Mean: -1.7288026228882278 min: -11.724143165969476 max: 4.580855974871214
Mean: -0.4465609902054241 min: -10.230597229670282 max: 7.015162852446742
Mean: -0.31115360399110004 min: -10.703012933380629 max: 5.423977571474607
Mean: -0.6457099908511702 min: -11.762518162438287 max: 3.208549203222535
Mean: -0.28668329899776884 min: -11.70436926677135 max: 6.729222457868242
Mean: -0.33010771298787056 min: -9.67237768685354 max: 3.3726985282119926
Mean: -0.6846242236679829 min: -11.041531118887704 max: 3.651269510471763
Mean: -1.353968823497735 min: -10.991698610268847 max: 3.990754467387492
Mean: -1.4992426449409926 min: -11.649764619685216 max: 3.730789223283954
Mean: -1.2397419911334462 min: -11.312316397383421 max: 5.5243952024515455
Mean: -0.5259124821405756 min: -11.283833922549578 max: 4.944358647699769
Mean: -2.393327853004376 min: -11.367843024179152 max: 6.384029075978943
Mean: -1.1853886892123744 min: -10.55517593913385 max: 5.0586313809720345
Mean: -1.5842608801023184 min: -11.55624514428067 max: 5.305561091521819
Mean: -1.7127005879011628 min: -10.75135698517854 max: 4.629927045032418
Mean: -1.1340143984914706 min: -11.506261440012956 max: 4.704241208810124
Mean: -1.7097194223721504 min: -10.972817907909304 max: 4.534884264995875
Mean: -0.28183195149514406 min: -11.398060585167729 max: 3.7476609173954105
Mean: -1.7030346234719922 min: -9.815333509294621 max: 3.6020660235459947
Mean: -0.5541790292299641 min: -8.72455187825942 max: 5.3150117210798555
Mean: -1.8279985622020842 min: -11.721638102710575 max: 3.614695077565889
Mean: -0.6690338852984529 min: -11.998527336533819 max: 4.39725278104434
Mean: -2.9932161247394093 min: -11.719223685384572 max: 3.8357645116877146
Mean: -1.7672799757621274 min: -11.60418097382465 max: 3.2792805009126025
Mean: -1.3727693805108394 min: -12.865817670861587 max: 3.7095048084244864
Mean: -1.1872459588547732 min: -11.286741727955647 max: 4.8927892114457485
Mean: -0.8932097625485987 min: -11.064017668008168 max: 5.751457168365347
Mean: -2.3621565428115723 min: -11.497760044475534 max: 3.205427244177613
Mean: -1.50608458241774 min: -11.287456267497156 max: 4.371444267336765
Mean: -1.4393599682588805 min: -11.049190825635463 max: 5.489328112739023
Mean: -3.879770266227532 min: -11.3840450657511 max: 3.417890095985519
Mean: -3.5093993791434617 min: -12.28335244783713 max: 3.3462391067449344
Mean: -3.5366788954662276 min: -11.230791415227579 max: 3.909682721233094
Mean: -2.8997219837394654 min: -11.81950222080888 max: 4.501332577257791
Mean: -2.061635088780175 min: -11.835671985655443 max: 4.374957148292445
Mean: -2.474286259345273 min: -11.759964967019656 max: 4.129596262865426
Mean: -2.579719353156977 min: -11.330374997835904 max: 4.528797217185276
Mean: -2.5045884511919034 min: -11.436947995431842 max: 5.517832385471079
Mean: -2.0751597768036634 min: -11.390750771231705 max: 3.009688554082475
Mean: -1.680436816152108 min: -11.671472508017905 max: 6.040127290798648
Mean: -1.3862525182511656 min: -11.099344999753724 max: 3.4035726741147507
Mean: 0.11053199263802703 min: -9.877840409304614 max: 3.8988084582314517
Mean: -1.7483210558938762 min: -11.864808361925334 max: 3.719823222263838
Mean: -1.468966412288789 min: -11.977663802663503 max: 3.1678821254858156
Mean: -1.3890722023961322 min: -11.14048160302789 max: 4.2749230475718845
Mean: -2.710835528362075 min: -12.038947812828638 max: 4.031420517137152
Mean: -1.8492785279109036 min: -12.073569828801027 max: 3.4957624530426603
Mean: -1.469674647789501 min: -11.991734306037003 max: 3.280143978518317
Mean: -0.9896695533665892 min: -11.819980192885234 max: 8.151436814573612
Mean: -0.7337888313135587 min: -12.044579167619004 max: 3.421017195413251
Mean: -1.4746354486621511 min: -12.213032400368663 max: 3.4825357936496184
Mean: -1.0135835056194145 min: -11.413448540396754 max: 3.5555078461216216
Mean: 0.27216888142921114 min: -11.030812272078993 max: 4.288060510136461
Mean: -1.1058982295830224 min: -10.484446016952653 max: 3.840760910545095
Mean: -0.24452213031833792 min: -9.717125087153374 max: 4.215227257674966
Mean: -1.392216036024149 min: -12.495504095933953 max: 4.046444220559907
Mean: 0.6096892261963682 min: -10.948525005304296 max: 5.482900638810985
Mean: -0.9308665712177708 min: -9.71577827391323 max: 4.470381281128692
Mean: -2.58269116594481 min: -10.695065509280338 max: 4.634408229949391
Mean: -0.9529105721585968 min: -10.938418197235876 max: 5.4911387494254775
Mean: -1.327981111339434 min: -11.696635974959262 max: 2.3984846652359613
Mean: -0.9402238229283373 min: -9.77690156393643 max: 3.9183303744895825
Mean: -1.3632617799762443 min: -11.846896930128986 max: 4.510458865698821
Mean: -1.4750403797772547 min: -9.778135491345424 max: 3.898255866408286
Mean: -2.5877770985601902 min: -10.832116801171964 max: 4.388214738028598
Mean: -2.0118687487281472 min: -11.944303785172409 max: 3.381275799909574
Mean: -1.8993469519788215 min: -12.255740188568698 max: 4.985036457989482
Mean: -1.382239517358356 min: -13.228700585651021 max: 4.358228726804563
Mean: -0.4331201844555819 min: -9.780570011886718 max: 3.4617923452286394
Mean: -1.025787471053789 min: -9.177990322679696 max: 4.151036480252272
Mean: -1.2649778255989736 min: -10.448206935099954 max: 3.6832974527839397
Mean: -1.4160055058995626 min: -11.294799296897967 max: 4.884683764073487
Mean: -0.9702284878225427 min: -11.391497963410671 max: 3.7025504881598934
Mean: -1.0797162910977836 min: -10.803565316273152 max: 4.021321195357588
Mean: -1.0503363712337728 min: -11.752928542414635 max: 3.452943192020957
Mean: -0.33822998274562494 min: -9.535947202840928 max: 3.210092527134977
Mean: -1.5820253007384542 min: -12.152699275121513 max: 5.5499085322340305
Mean: -1.609437763391688 min: -10.760249804623319 max: 3.219174056133593
Mean: -0.7629195337337406 min: -10.937998465679964 max: 6.316592395255096
Mean: -1.9200560908253375 min: -11.461227206569276 max: 3.3648013740165967
Mean: -0.9585572287662535 min: -11.851365346352116 max: 3.1867980035721355
Mean: -1.4512575522772715 min: -11.642979009536102 max: 4.738354809493854
Mean: -1.55745386401268 min: -10.968076648607108 max: 2.6729010444228822
Mean: -1.9670171539051335 min: -11.611807211438384 max: 3.1662950153285285
Mean: -1.343931580111541 min: -11.567272186743997 max: 3.3043134802193497
Mean: -2.7889813902183764 min: -11.422689514345167 max: 3.2888758058339853
Mean: -1.8445227186768829 min: -11.737345916811899 max: 3.6328019776870004
Mean: -1.988989172935226 min: -10.03702471326417 max: 4.4518337436344675
Mean: -0.12714138751993062 min: -9.823180270555747 max: 3.6280273952531616
Mean: -2.236901823234401 min: -11.683530099462127 max: 3.982504235328441
Mean: -2.5610998565525835 min: -11.829014677177616 max: 3.3346158617040285
Mean: -2.085264534670137 min: -11.325843745451033 max: 3.50354607929229
Mean: -2.526473946346662 min: -11.90353014844868 max: 4.77235055530302
Mean: -1.4084658029991046 min: -11.778122089329841 max: 3.849877838147288
Mean: -1.007832547074733 min: -10.960232902278493 max: 4.816817589596849
Mean: -0.8384345095226613 min: -10.951754897431236 max: 4.855508952713192
Mean: -2.028836114958835 min: -11.196008965378423 max: 6.039405197947291
Mean: -0.9420668697895854 min: -10.178403757458307 max: 3.695795485752287
Mean: -1.8891713832514379 min: -11.55542011506757 max: 2.3926679122356513
Mean: -1.2995179192480077 min: -9.737293945209604 max: 4.28312795201058
Mean: -1.7550394696223797 min: -10.928200115049698 max: 3.6546476007606254
Mean: -0.7049250349860166 min: -11.69747365563987 max: 6.066423268785272
Mean: -1.998336696986849 min: -11.01369968312013 max: 5.673945335786997
Mean: -1.8588850269373183 min: -10.277971312024395 max: 3.611455960962915
Mean: -1.4617666386152088 min: -9.963205033473102 max: 4.454009087736609
Mean: 0.25920301912290256 min: -10.111096798218304 max: 3.859115058705875
Mean: -2.2211004147747473 min: -11.418199023684373 max: 3.9655872947662973
Mean: -1.425389382141094 min: -11.958582254542563 max: 3.7508170913235324
Mean: -2.727585734928739 min: -9.903177404351045 max: 3.509872602900023
Mean: -1.4643488068663593 min: -11.170259883876058 max: 4.668267801776923
Mean: -1.0062925149142232 min: -9.734955706888895 max: 5.381523656049039
Mean: -1.9638330751557111 min: -10.730266808318161 max: 3.838009055203375
Mean: -1.7791253213212224 min: -11.76281102415221 max: 3.293308715734241
Mean: -1.4433468361266235 min: -11.355817676933098 max: 3.1275171151592263
Mean: -1.6807572426619826 min: -11.288103274161072 max: 5.87637816176738
Mean: -1.4900917361606159 min: -10.560036943388894 max: 4.555231891437939
Mean: -1.9324051702057932 min: -10.153876916136804 max: 3.1208479396765814
Mean: -2.3280499340931526 min: -11.223200171661679 max: 4.608800493834583
Mean: -1.2798228333831698 min: -10.65397927887697 max: 4.357300970952151
Mean: -1.0461713401483612 min: -9.808410490116234 max: 6.829320349648027
Mean: -1.6335052836236512 min: -10.954273445405834 max: 4.876980377708989
Mean: -0.7842836760690375 min: -11.629631509927284 max: 5.0004758969107606
Mean: -2.721890364110409 min: -11.631675028196172 max: 2.3556506354756523
Mean: -1.9532414836609449 min: -12.758962280405072 max: 7.055531938423539
Mean: -1.8229367654934057 min: -12.431457662424458 max: 3.743819947936998
Mean: -2.1638969979462637 min: -9.924619421115066 max: 2.3830630591658943
Mean: -0.10577666118443281 min: -9.720156647925945 max: 5.230204489525756
Mean: -2.3192080658709737 min: -9.755841175480285 max: 4.196951057206507
Mean: -0.1893019378678285 min: -10.522025089772372 max: 4.514089279252788
Mean: -0.5324766302729674 min: -10.569017452475105 max: 4.789124699790151
Mean: -1.319690491883041 min: -10.708778308292608 max: 3.39218106354089
Mean: -1.2627770975570654 min: -11.612782298674729 max: 6.863268224170883
Mean: -0.9739959059325881 min: -11.45518445136133 max: 6.875680134831675
Mean: -1.6437990966319205 min: -10.685433596597596 max: 3.4428431688413834
Mean: -2.1235849170493597 min: -11.182984921096233 max: 3.272548026843937
Mean: -0.9383955895131847 min: -11.7654964510733 max: 4.635905158077968
Mean: -1.4458322165537385 min: -9.81249572637517 max: 4.979787368748306
Mean: -1.3903012160594646 min: -9.899018536383288 max: 4.040293895111307
Mean: -1.9054443058381156 min: -11.008485306954338 max: 3.6335606797857527
Mean: -1.0920925687694916 min: -11.308641737136712 max: 3.4300402555423646
Mean: -1.6777546192782749 min: -11.31643890511461 max: 3.709188464320656
Mean: -1.2163132376775174 min: -11.568756164180531 max: 6.652117187630194
Mean: -1.9332939076847293 min: -11.631126383693708 max: 4.047172038702498
Mean: -2.1694981592624765 min: -10.738790653695725 max: 2.924514327839118
Mean: -1.5096478237226396 min: -11.139730326274435 max: 3.3666228302339656
Mean: -2.4228727638709966 min: -10.953653670604066 max: 2.9044972749505593
