Mean: -11.350733351143408 min: -11.740438656355131 max: -10.863146217428085
Mean: -10.997425406149471 min: -11.509475302439183 max: -10.82232158196941
Mean: -11.046838112946004 min: -11.71717493915713 max: -10.836753596133986
Mean: -10.834435848756117 min: -11.041756758735639 max: -10.789263860161416
Mean: -10.941619099479597 min: -11.76278794229695 max: -10.786437275826621
Mean: -10.909694564542212 min: -11.678548035065022 max: -10.781207285124685
Mean: -10.2626033520688 min: -10.878427421433727 max: -5.4914906834553365
Mean: -8.236713179308978 min: -11.914506771169542 max: -5.428979243557221
Mean: -5.3627994345337004 min: -5.488650504334795 max: -4.908015722656381
Mean: -5.074652123495691 min: -5.382086709795611 max: -4.786348540818859
Mean: -4.862751378735722 min: -5.512639428692282 max: -4.724084230155559
Mean: -4.8191950157665016 min: -4.8605514112605706 max: -4.791765727621068
Mean: -5.613788710910507 min: -11.963449090492414 max: -4.808515693811079
Mean: -6.0171743939059015 min: -10.701265966121806 max: -4.787944970777689
Mean: -4.8996659928990685 min: -5.541339300638577 max: -4.754152019503025
Mean: -6.1632553046023135 min: -10.86187514072669 max: -4.7875849010864115
Mean: -4.852424719240718 min: -5.269132497623787 max: -4.745971681051189
Mean: -4.187372587313853 min: -5.284942728074417 max: -3.0249056663565477
Mean: -4.0819858065991035 min: -11.450985723583214 max: -3.0280236481361436
Mean: -4.0243402501721395 min: -10.679481257325753 max: -3.0236012794451907
Mean: -4.770000477242173 min: -10.798769060346483 max: -3.025314199397031
Mean: -3.2483123322544616 min: -4.957585613155814 max: -3.0234689706337936
Mean: -3.256268719197416 min: -4.997415838363791 max: -3.0290385106250164
Mean: -4.607655520046228 min: -10.183849486384945 max: -3.025619939588089
Mean: -3.8314406648363004 min: -10.88324009936126 max: -3.0236935296040515
Mean: -5.517941972197065 min: -10.82145641659436 max: -3.0310663111225864
Mean: -3.80673489993368 min: -10.449577319429597 max: -3.032166982405671
Mean: -3.4263393251988696 min: -5.300826594901359 max: -2.566793412658521
Mean: -3.474712772156072 min: -4.973773909973384 max: -2.489688662292482
Mean: -3.4402597909788617 min: -10.160353061327257 max: -2.512306965523095
Mean: -4.5115821582474265 min: -10.815763389512957 max: -2.5264006279780267
Mean: -2.8345781346830776 min: -2.974743380288243 max: -2.369458938856342
Mean: -2.6444478231630764 min: -3.1132756565701016 max: -2.370018394577595
Mean: -2.3862545147008314 min: -2.4550921848204372 max: -2.350848784967547
Mean: -2.946115401388174 min: -5.3184745921619925 max: -2.334657512344254
Mean: -2.4870255061964883 min: -3.30463831526125 max: -2.369847980981974
Mean: -3.2095209880711755 min: -10.57962683477348 max: -2.3612928741565553
Mean: -3.3505129029042218 min: -12.025807016687763 max: -2.3664880567320665
Mean: -2.4412024457171975 min: -3.009045485775732 max: -2.3613287401138665
Mean: -3.200734932910276 min: -9.386255189884851 max: -2.3599749631940683
Mean: -2.547520711907666 min: -3.8966092290983054 max: -2.368543719622262
Mean: -2.3880546433280347 min: -2.413921476822787 max: -2.3654232647479967
Mean: -2.5808891128229647 min: -3.6935750424523057 max: -2.3690231237795225
Mean: -2.5755355704537077 min: -3.4917835765796874 max: -2.3840306843855226
Mean: -4.217014822694424 min: -12.027691710766117 max: -2.3621921467242606
Mean: -4.137208336628023 min: -11.203544308918925 max: -2.3610474610133783
Mean: -2.740818330608957 min: -5.198070864886258 max: -2.3687342983625146
Mean: -2.51854313435967 min: -2.8704553695499837 max: -2.360752697609901
Mean: -3.238797569713035 min: -10.540241212356834 max: -2.3304551735956576
Mean: -2.3748900392380756 min: -2.629556400045777 max: -2.079843893269109
Mean: -2.9996465141986706 min: -10.431783847715328 max: -1.7588137917727797
Mean: -2.859438391534817 min: -9.813216278909616 max: -2.0681971916785886
Mean: -2.849227012670949 min: -9.82142551939023 max: -2.0150689619662905
Mean: -2.9005910210067616 min: -9.758159189209952 max: -2.070627373615322
Mean: -2.077121912727704 min: -2.0956629290584003 max: -2.068134585995174
Mean: -3.072481117077153 min: -10.267006491524794 max: -2.0767514730089665
Mean: -2.078473669437467 min: -2.087547249023345 max: -2.068503761330124
Mean: -4.826661219438543 min: -12.026826561127454 max: -2.069984837270455
Mean: -3.93804911718926 min: -12.02762705235612 max: -1.979472441491666
Mean: -4.61518871104684 min: -9.83948449597332 max: -2.0723018287783255
Mean: -2.779905317009556 min: -9.732956078366673 max: -1.9091433930712205
Mean: -3.0558426357423554 min: -9.412501533689223 max: -1.9233317137992174
Mean: -1.9835499353371187 min: -1.9973879156941927 max: -1.9743512045403233
Mean: -2.919097008951807 min: -9.81744957792129 max: -1.9994939069617794
Mean: -3.646226503285832 min: -10.433422355462065 max: -1.980788705448215
Mean: -4.9058699553825775 min: -9.847670532438038 max: 0.6895099669387945
Mean: -3.6723048375020837 min: -10.708875743588404 max: -1.9711921410664184
Mean: -2.8695874720520345 min: -9.784409613413578 max: -1.9331471768709347
Mean: -4.531296063803945 min: -11.132966157507735 max: -1.9342207438592887
Mean: -2.90935815319328 min: -10.274981123658447 max: -1.9456043852283227
Mean: -4.642686284596502 min: -10.321100184678016 max: -1.9465744983568884
Mean: -2.037153799575254 min: -2.4564340673633023 max: -1.9343330466807702
Mean: -1.9990081024104849 min: -2.4893519957579913 max: -1.9143098453813294
Mean: -2.526457488934036 min: -10.509150758677203 max: 0.7004292026190365
Mean: -6.519582237032521 min: -11.873722892611587 max: -0.13589048565213682
Mean: -1.004905566240812 min: -11.82903625455393 max: 0.725893745755346
Mean: -11.734239631706355 min: -11.744191234463699 max: -11.725621919388983
Mean: -2.927236323354897 min: -11.618103688195333 max: 0.7258966923802177
Mean: -10.453583613692453 min: -11.724368174007655 max: 0.5535494497047663
Mean: -0.33645638594576227 min: -9.587352482397966 max: 0.7268396653244573
Mean: -11.617327334247491 min: -11.74200514456709 max: -11.195063559353846
Mean: -0.5050153315093894 min: -11.243914613109904 max: 0.7190217523687776
Mean: -11.685309340927061 min: -11.73308109159512 max: -11.48133762070897
Mean: -0.5550749721540631 min: -11.823189770926597 max: 0.7230830494238721
Mean: -10.433898414107727 min: -11.898000582476497 max: 0.7025706368605275
Mean: 0.6935003161203858 min: 0.5826594201078488 max: 0.72499591573755
Mean: -9.23567532640929 min: -11.74592146431856 max: 0.7215395167794076
Mean: 0.6121847543394405 min: 0.22226938892978665 max: 0.7211376990089092
Mean: -6.760514298192715 min: -11.734581991092455 max: 0.7181247100901653
Mean: 0.7091633333485599 min: 0.6942161362392296 max: 0.728417645921008
Mean: -6.667434392454827 min: -11.727926681397655 max: 0.7246553643339883
Mean: -0.5673736015340876 min: -11.732091093363197 max: 0.7185701406461916
Mean: -3.43778273759997 min: -11.730723794967615 max: 0.7141019083402457
Mean: -11.034905001602718 min: -11.859177511596803 max: -7.99788171025518
Mean: -11.312844185133999 min: -11.702082365117967 max: -10.788175935737604
Mean: -11.038800564693236 min: -11.808522410067543 max: -10.799403135587585
Mean: -10.98175748038079 min: -11.770496567244455 max: -10.779515908041411
Mean: -10.833943963360909 min: -10.92866532554018 max: -10.750089873709591
Mean: -10.835328538999917 min: -11.550527089140688 max: -10.625776644439808
Mean: -10.748503764626813 min: -11.381429815956453 max: -10.570341383262848
Mean: -10.699539403384373 min: -11.571972267002364 max: -10.30909278378915
Mean: -9.838329432669132 min: -11.596747189361974 max: -2.3296014135438847
Mean: -7.835190261635489 min: -11.6841859026175 max: -3.119367725965741
Mean: -6.988397870381242 min: -10.626129837010522 max: -2.2594677001504873
Mean: -3.483370232598259 min: -3.5027312629951814 max: -3.4445329401407463
Mean: -6.949943524719281 min: -10.65122496510949 max: -3.450869927675372
Mean: -3.8284480747705985 min: -11.247757904523176 max: -1.832430377344269
Mean: -5.709129498188014 min: -11.3523280508761 max: -2.0951520806147568
Mean: -2.8477516859082757 min: -3.5261364007647 max: -2.035182284548426
Mean: -5.9238137650904275 min: -11.337592120419458 max: -2.097475357045663
Mean: -2.7531397399635935 min: -3.5014795823854645 max: -2.0993361756581996
Mean: -2.245006652174756 min: -3.4781622750825956 max: -2.0958857180042125
Mean: -4.093826808997037 min: -11.350761500130726 max: -1.6914242552869532
Mean: -3.3275591567977374 min: -10.115650787197191 max: -2.108689194708327
Mean: -3.027770795318424 min: -9.98142636322764 max: -1.6053208524914575
Mean: -3.3490943493579466 min: -10.676471437411694 max: -1.965147731777474
Mean: -3.9820093152129097 min: -11.34607957922512 max: -1.9652734233172624
Mean: -2.203258036310664 min: -3.0906239193151253 max: -1.979641927359204
Mean: -3.7128201612293474 min: -11.347557947746866 max: -0.9323727664086335
Mean: -7.118960197653673 min: -11.48493632346595 max: -0.9376450457475269
Mean: -5.485855660772204 min: -11.32785412229313 max: -0.9315158585388166
Mean: -3.237357371820996 min: -10.095176249806645 max: -0.9307513378215306
Mean: -3.6345396824703706 min: -11.20935666995809 max: -0.9357512103173292
Mean: -2.3604625622068887 min: -11.188782819185345 max: -0.9265402470179509
Mean: -11.562203562305651 min: -11.832918692131182 max: -10.676123198547291
Mean: -11.346171828884154 min: -11.803675378941868 max: -10.492973686191192
Mean: -11.184288980030162 min: -11.74762488980242 max: -10.423677740501814
Mean: -10.7418430344247 min: -11.69671180830424 max: -10.334942690352598
Mean: -10.502384092242016 min: -10.59063106691173 max: -10.383306478510098
Mean: -10.707012418934074 min: -11.605240494625946 max: -10.352311070853037
Mean: -10.59812865293225 min: -11.719631761972543 max: -10.350769722510254
Mean: -10.73025842802318 min: -11.692334969557946 max: -10.339477083746033
Mean: -10.674446611399427 min: -11.510366750733066 max: -10.387514622032517
Mean: -10.818850933462496 min: -11.946453225145442 max: -10.339490304543855
Mean: -10.571247718439299 min: -11.269602067375214 max: -10.182471844062581
Mean: -10.764130383052954 min: -11.75029235495048 max: -10.339360154205343
Mean: -10.651941292736316 min: -11.772205598384723 max: -10.149639307630435
Mean: -10.50801803387942 min: -11.22368532980654 max: -10.332114751932739
Mean: -10.528243042188125 min: -11.159135000549945 max: -10.144492987094152
Mean: -10.599865101872265 min: -11.517476286744389 max: -10.299501372315827
Mean: -10.540423149884116 min: -11.242796737629982 max: -10.146821384031947
Mean: -9.786279778257384 min: -11.51380120465507 max: -2.458729252505295
Mean: -9.80714664688627 min: -11.488068028942465 max: -2.470407584702811
Mean: -10.449627764161809 min: -11.34102351936854 max: -10.329108798131283
Mean: -10.37807667161189 min: -11.16108513994872 max: -10.103710629141268
Mean: -10.502649915234366 min: -11.60702447165167 max: -10.223635564904722
Mean: -10.423206783809352 min: -11.731845547547632 max: -10.039644296811458
Mean: -10.26892246818873 min: -10.409981134760939 max: -9.521517610304926
Mean: -9.024511340568173 min: -10.382748225302871 max: -1.9303388256922134
Mean: -9.602818089167247 min: -10.378052113691863 max: -9.491748796226673
Mean: -9.570598621631573 min: -10.37285340686771 max: -9.380630799701406
Mean: -9.796996139219974 min: -12.045832019164214 max: -9.356502622994377
Mean: -9.778501779170622 min: -10.650046167808085 max: -9.37070254530677
Mean: -9.483725580654127 min: -10.114298887775234 max: -9.313848165021046
Mean: -9.58868561628815 min: -9.825588092068847 max: -9.3399560908845
Mean: -9.408749587113107 min: -9.86085672543454 max: -9.240725009621283
Mean: -9.514020569220076 min: -9.871316939295843 max: -9.233902833713591
Mean: -9.394276472157385 min: -10.556290869683147 max: -9.159498442190152
Mean: -9.420213961015373 min: -11.174541363129377 max: -9.126697613323248
Mean: -9.164293410963737 min: -9.252115303623237 max: -9.1302678605968
Mean: -9.228531428427393 min: -9.960359051342996 max: -9.12538651984598
Mean: -9.183875808596259 min: -9.544266700418603 max: -9.12818911598292
Mean: -9.392133047873433 min: -11.15876125257417 max: -9.131125337456371
Mean: -9.156563392797528 min: -9.238691109875592 max: -9.132369125336561
Mean: -9.306218390510928 min: -10.4352107115633 max: -9.103863399523293
Mean: -9.190119379412387 min: -9.255342539514297 max: -9.142078581097817
Mean: -9.271400935287428 min: -10.386954488997164 max: -9.080410497427579
Mean: -9.149184833501234 min: -9.1795271069391 max: -9.125965827720032
Mean: -9.223094793881607 min: -9.927130414635915 max: -9.11182730961435
Mean: -9.141138512996577 min: -9.187032250498282 max: -9.100019505719253
Mean: -9.155667950347027 min: -9.296077310550217 max: -9.076650885428165
Mean: -9.195957494324968 min: -9.284266176687474 max: -9.123826128838472
Mean: -9.18512058962219 min: -9.314938118514569 max: -9.130896622008333
Mean: -9.148122944580027 min: -9.162404161436278 max: -9.116790080229178
Mean: -9.143334524997746 min: -9.178434497955413 max: -9.077059764320346
Mean: -9.623831336125281 min: -11.468480245464646 max: -9.13873318673422
Mean: -9.30823723627405 min: -10.569404583117954 max: -9.132106722701966
Mean: -9.214258321082006 min: -9.34203218387506 max: -9.107765632703217
Mean: -9.157687358263164 min: -9.30377334197011 max: -9.119305303041223
Mean: -9.262473196346685 min: -9.950689278819913 max: -9.124686093301047
Mean: -9.146882739107058 min: -9.173046167219496 max: -9.129724974003869
Mean: -9.14634901432276 min: -9.170881224988484 max: -9.128544566620238
Mean: -9.158590666378212 min: -9.362303330630118 max: -9.108981439442664
Mean: -9.19338923689792 min: -9.545177579552238 max: -9.1398830643388
Mean: -9.152689988038354 min: -9.279926784921717 max: -9.115000746679875
Mean: -9.156322380773538 min: -9.261668746911054 max: -9.129207122390971
