Mean: -11.189276366204407 min: -11.881950183513947 max: -10.726433938330908
Mean: -10.813902927343568 min: -11.513849075616896 max: -10.643347987053467
Mean: -10.74768535869422 min: -11.867311841113246 max: -5.961981292510228
Mean: -10.999357033903697 min: -11.877529482448942 max: -10.565283594823132
Mean: -10.90924686817915 min: -11.557919944899158 max: -10.590467551327434
Mean: -10.6985097226237 min: -10.836268605245028 max: -10.584802812324698
Mean: -10.645492178818332 min: -10.861257208682597 max: -10.43990571955486
Mean: -10.631691981476738 min: -11.834811105994415 max: -10.496157631806037
Mean: -10.563619307828262 min: -10.75869443057937 max: -10.499834274196873
Mean: -10.60455716026381 min: -10.855798064940299 max: -10.479968006906471
Mean: -10.588333397723828 min: -10.810194036337734 max: -10.482295722309251
Mean: -10.641952025603826 min: -11.178912352629812 max: -10.484400482790855
Mean: -10.609751134536133 min: -11.998851206851317 max: -10.448183828246407
Mean: -10.025244936833733 min: -10.83221711850892 max: -4.667885726912405
Mean: -10.559842825548674 min: -10.72405722110439 max: -10.461238298263277
Mean: -10.036929890333711 min: -10.852938285706395 max: -4.667942282515315
Mean: -8.906537339346928 min: -10.75669000319553 max: -4.6259827211083175
Mean: -9.884069628431558 min: -12.651177664386672 max: -4.133698316691952
Mean: -9.188090848150136 min: -10.980344714730418 max: -4.623729330176799
Mean: -9.277006419037678 min: -11.735480147083663 max: -4.638808468132136
Mean: -9.210781229964551 min: -10.837322539719878 max: -4.629250202679726
Mean: -8.932192178762698 min: -11.402133655481723 max: -4.635543304009978
Mean: -9.788384720852196 min: -11.734313051793507 max: -4.635488211055148
Mean: -8.926689116660166 min: -10.776499410576063 max: -4.634980841239129
Mean: -11.025533294402948 min: -11.968055415852058 max: -10.819390934808615
Mean: -10.890075961163662 min: -11.615128243312924 max: -10.819013101800655
Mean: -10.764727967397588 min: -11.7152867750577 max: -4.704655371312675
Mean: -10.893115154752339 min: -11.157100977735098 max: -10.790658787224318
Mean: -10.87907415955725 min: -11.707021408683248 max: -10.672527080918073
Mean: -10.728897109894348 min: -10.789037970497057 max: -10.650282843426481
Mean: -10.612752760995871 min: -11.93548687525244 max: -6.478907577529942
Mean: -10.143251428926483 min: -12.305013658333637 max: -6.476590561087907
Mean: -10.411714186342401 min: -11.395166938596592 max: -6.472358047418668
Mean: -9.419277352485272 min: -12.141124142781772 max: -6.470284792711536
Mean: -8.886927610914737 min: -11.050975898085346 max: -6.46810889317179
Mean: -9.826269690797561 min: -12.15197309828036 max: -6.45654310366772
Mean: -9.459112474265911 min: -12.451478432252808 max: -6.439224374376704
Mean: -9.660229932934865 min: -12.068663987910874 max: -6.453712496771745
Mean: -9.150279757923062 min: -12.11967198212793 max: -6.450717254965523
Mean: -9.85305431619631 min: -12.095246314788753 max: -6.445067627955891
Mean: -9.828863756466237 min: -12.099278721748522 max: -6.45181021099178
Mean: -8.26746753078329 min: -11.349311799285713 max: -3.2148794606414324
Mean: -6.2141181708165405 min: -11.736701820115215 max: -2.951693151169704
Mean: -4.698273034830637 min: -11.473755487144492 max: -2.0077039621105706
Mean: -4.786050893185182 min: -11.340859485047822 max: -1.900060828490283
Mean: -5.3035971525183285 min: -11.987570667435227 max: -1.8906596856219404
Mean: -6.265102215039729 min: -12.007170783111444 max: -1.8747387675748612
Mean: -6.848597369473543 min: -12.08706629214383 max: -1.8978521014914576
