Mean: -11.185251385736994 min: -12.217265862795896 max: -10.792619115636374
Mean: -11.220967979857463 min: -11.733422616296261 max: -10.784968677799403
Mean: -10.73796230966747 min: -12.18302970296753 max: -6.1985569423458315
Mean: -11.180930076685636 min: -12.31287685791459 max: -10.68618685817079
Mean: -10.960487731664772 min: -11.71863279768688 max: -10.625917831600022
Mean: -10.743290704998596 min: -10.931480915935461 max: -10.624840228546784
Mean: -10.726556002668838 min: -10.925348125483469 max: -10.557303859321712
Mean: -10.716575793698306 min: -10.92310620555797 max: -10.551152408278423
Mean: -10.562231402138893 min: -10.594926216471443 max: -10.521335476957821
Mean: -10.573579173993014 min: -10.753894078444565 max: -10.501026326229548
Mean: -10.67912946758587 min: -11.743986706840992 max: -10.504553150245547
Mean: -10.532188383908485 min: -10.56381619653739 max: -10.454789693109086
Mean: -10.490020144024417 min: -10.559045177711422 max: -10.435919275488517
Mean: -10.516583513416705 min: -11.163232983995432 max: -10.43591436529394
Mean: -10.4463481179021 min: -10.463044558992594 max: -10.43578175239338
Mean: -10.444654817788516 min: -10.453548735038828 max: -10.437862781377804
Mean: -10.467792434337769 min: -10.63122906404299 max: -10.435691572121142
Mean: -10.444865702512038 min: -10.456339922653743 max: -10.43223800861868
Mean: -10.44657306084321 min: -10.458455600790508 max: -10.438567627103797
Mean: -10.350299148795212 min: -10.461352468920282 max: -9.457770202586778
Mean: -9.916487929409204 min: -10.458069806103968 max: -9.360529157176599
Mean: -9.41719762249383 min: -9.455003453933719 max: -9.224487236766043
Mean: -9.314718650793754 min: -9.440377299518712 max: -9.213237676502725
Mean: -9.22311235024978 min: -9.273989826315898 max: -9.206106222844387
Mean: -9.223917127647178 min: -9.23898882248314 max: -9.204704388852969
Mean: -9.244826202364964 min: -9.516459149416312 max: -9.204408063596897
Mean: -9.23685803655167 min: -9.319379273710213 max: -9.209080134819875
Mean: -9.21612151495236 min: -9.229323295871595 max: -9.202634089500698
Mean: -9.317053327958053 min: -10.123794062322549 max: -9.221523337707684
Mean: -9.225143809046454 min: -9.23710781397197 max: -9.20704905089649
Mean: -9.307547602612217 min: -10.023816716970115 max: -9.209895347715845
Mean: -9.215967780770058 min: -9.2283957692494 max: -9.19753678526942
Mean: -9.226875671959936 min: -9.235850788701985 max: -9.217711107122037
Mean: -9.216192187086495 min: -9.229805475056256 max: -9.203666781782529
Mean: -9.225443725274706 min: -9.240912416904015 max: -9.206715384025724
Mean: -9.223279689647697 min: -9.233118014111735 max: -9.210266786549333
Mean: -9.22044332337469 min: -9.238949004135225 max: -9.172085364651386
Mean: -9.299172613699378 min: -10.022758751609006 max: -9.194612867975817
Mean: -9.197422963303982 min: -9.22005130128554 max: -9.180201158599548
Mean: -9.311751068144227 min: -10.070043931300743 max: -9.216196439261036
Mean: -9.196761229170779 min: -9.23565921061725 max: -9.167777014928909
Mean: -9.393566929400398 min: -10.030549059654772 max: -9.199776838392296
Mean: -9.228375168996031 min: -9.488700535287903 max: -9.185820424002285
Mean: -9.289019799601034 min: -9.689755808002689 max: -9.19638382608355
Mean: -9.210468950848773 min: -9.251203296497426 max: -9.176204188093163
Mean: -9.19989992079297 min: -9.215518982482712 max: -9.188055327380537
Mean: -9.199444372347944 min: -9.218708100234377 max: -9.185173489899803
Mean: -9.203629811928653 min: -9.215957216922138 max: -9.182168115384965
Mean: -9.200451842630553 min: -9.212470486140617 max: -9.190122678723982
Mean: -9.20882890846931 min: -9.27018720243262 max: -9.172379626735273
Mean: -9.199326043725451 min: -9.211827743642075 max: -9.188978627259802
Mean: -9.192610625498293 min: -9.204838181936747 max: -9.180013441100474
Mean: -9.190626871439527 min: -9.210693435780746 max: -9.171219620808573
Mean: -9.184803812448092 min: -9.202060515344344 max: -9.163297360748683
Mean: -9.191086675293878 min: -9.206755919378136 max: -9.175336630976714
Mean: -9.215753690322375 min: -9.47822116687576 max: -9.171000543121762
Mean: -9.186933888507243 min: -9.208035605131048 max: -9.172785941682642
Mean: -9.182365923224742 min: -9.197476873622186 max: -9.169065249494667
Mean: -9.19100523037617 min: -9.20651691901885 max: -9.175423249552374
Mean: -9.193465611107262 min: -9.210786004537285 max: -9.184039934565277
Mean: -9.191581377543383 min: -9.214148633483521 max: -9.177856536413106
Mean: -9.193955263662183 min: -9.209869312430087 max: -9.1788807500612
Mean: -9.194947051486217 min: -9.230057154275064 max: -9.173560024582855
Mean: -9.202091479397307 min: -9.216306803600512 max: -9.193616520527886
Mean: -9.199640584194045 min: -9.215424335077186 max: -9.181313201451328
Mean: -9.19043662073197 min: -9.215027890968525 max: -9.176706216076282
Mean: -9.196488222125186 min: -9.211756163653444 max: -9.175380312098394
Mean: -9.200664893513244 min: -9.212900629819535 max: -9.181624581170732
Mean: -9.198927095218696 min: -9.220636758395353 max: -9.17372164914837
Mean: -9.192529516744358 min: -9.207854773554361 max: -9.17254060524813
Mean: -9.194864497722804 min: -9.20597815957049 max: -9.176259635339212
Mean: -9.196991012606954 min: -9.214511406378737 max: -9.17240201773653
Mean: -9.195122511585982 min: -9.206721978204236 max: -9.176986327557586
Mean: -9.193170688867166 min: -9.225074260017996 max: -9.180594912219625
Mean: -9.193259934251634 min: -9.208394307234682 max: -9.170216556445446
Mean: -9.202320150838428 min: -9.217173591691813 max: -9.182729475548808
Mean: -9.196393948188316 min: -9.218763673157659 max: -9.165211752844918
Mean: -9.193046140571798 min: -9.208268667044457 max: -9.166991501597563
Mean: -9.197496046724075 min: -9.2078783668334 max: -9.172559023527235
Mean: -9.194598500004153 min: -9.214384563543069 max: -9.180796328298376
Mean: -9.19042185418176 min: -9.207459028339867 max: -9.176233873278852
Mean: -9.20193318690652 min: -9.20782497780304 max: -9.196020858918022
Mean: -9.202289064154034 min: -9.229496523701266 max: -9.178729422923123
Mean: -9.197571754859407 min: -9.215664922219466 max: -9.179412557731359
Mean: -9.195754315386765 min: -9.212849065206512 max: -9.175348681981925
Mean: -9.194718032432613 min: -9.2168900080817 max: -9.181111354578016
Mean: -9.191205755390703 min: -9.206805360437636 max: -9.17591010140538
Mean: -9.195815549445623 min: -9.208061073169397 max: -9.179519726452464
Mean: -9.20059481076682 min: -9.213122867532169 max: -9.179159991750021
Mean: -9.198023596628458 min: -9.20950521144098 max: -9.18295011838515
Mean: -9.195046564162585 min: -9.21149544248983 max: -9.176217760229013
Mean: -9.1899425535977 min: -9.214496753211746 max: -9.178461245773903
Mean: -9.198305970075694 min: -9.211419336384376 max: -9.175946298493388
Mean: -9.184458001786586 min: -9.207867882604981 max: -9.162389204191308
Mean: -9.19288207303956 min: -9.210362626017332 max: -9.171611486856419
Mean: -9.185145487820217 min: -9.202668972910176 max: -9.16122405545785
Mean: -9.19907646316403 min: -9.215521720364938 max: -9.181963159386834
Mean: -9.188308111795653 min: -9.209697015197495 max: -9.172578905068995
Mean: -9.194281183344469 min: -9.209733668530871 max: -9.163544320242192
Mean: -9.191920815985634 min: -9.21411538595443 max: -9.168745249565752
Mean: -9.196441268608051 min: -9.21537178981362 max: -9.170684198270818
Mean: -9.180132815254884 min: -9.201937817461774 max: -9.170454237976443
Mean: -9.201445717427655 min: -9.208506440904662 max: -9.18604627868101
Mean: -9.186688330706797 min: -9.21707012744721 max: -9.172451130590536
Mean: -9.198647056670763 min: -9.212770287045004 max: -9.179121956201858
Mean: -9.185384932323375 min: -9.202774976433217 max: -9.171575594549
Mean: -9.19098647607119 min: -9.205119520463562 max: -9.171566812051719
Mean: -9.19406377831499 min: -9.207917154799455 max: -9.175445637661465
Mean: -9.194479860985501 min: -9.206607681056555 max: -9.172710164773463
Mean: -9.181519526530714 min: -9.203364640829392 max: -9.168157837320914
Mean: -9.190847372984889 min: -9.211486322372668 max: -9.16197116571018
Mean: -9.188398982243458 min: -9.206777439841416 max: -9.170408091059356
Mean: -9.200823433467741 min: -9.219524481331543 max: -9.174560004273083
Mean: -9.191283299547068 min: -9.21619166971725 max: -9.171694065474167
Mean: -9.1930067087015 min: -9.212919567440174 max: -9.166465764638362
Mean: -9.194213033335421 min: -9.301920416361762 max: -9.172655896848557
Mean: -9.198280408080297 min: -9.209863616417254 max: -9.172510056342436
Mean: -9.183888040067066 min: -9.198153932769946 max: -9.172210576470174
Mean: -9.194671470053025 min: -9.210857627476507 max: -9.170779854805202
Mean: -9.188002548558696 min: -9.205336347639088 max: -9.169237144632822
Mean: -9.189436441347802 min: -9.216518585529414 max: -9.174866739117078
Mean: -9.186089744718675 min: -9.202350701140771 max: -9.168967079926889
Mean: -9.428020045338974 min: -11.59687177360388 max: -9.171944752472365
Mean: -9.192805714136 min: -9.208867894000457 max: -9.165487556715503
Mean: -9.2016166376301 min: -9.21526747583194 max: -9.182450423515474
Mean: -9.188569277904332 min: -9.203750041899498 max: -9.168648581225836
Mean: -9.192307655173177 min: -9.209042212598344 max: -9.16924720356138
Mean: -9.180838993033223 min: -9.205770608671804 max: -9.166365531719164
Mean: -9.1893395059951 min: -9.206955378787347 max: -9.171688257779923
Mean: -9.18940439488446 min: -9.210100855621125 max: -9.173136175146375
Mean: -9.187590982368722 min: -9.205462597667488 max: -9.173037742766232
Mean: -9.18185187638315 min: -9.204553043131744 max: -9.16619748812649
Mean: -9.189863774952496 min: -9.215316443614695 max: -9.170332796123095
Mean: -9.179582148663123 min: -9.195271367561283 max: -9.164253021998585
Mean: -9.190903077295141 min: -9.215782623094046 max: -9.168366707741422
Mean: -9.18527524424412 min: -9.205460691480356 max: -9.172035689819985
Mean: -9.186125769171447 min: -9.209737672977912 max: -9.168692937418507
Mean: -9.191094937055176 min: -9.203722621600717 max: -9.170841674799004
Mean: -8.505753588984678 min: -9.226379051419352 max: -2.3241023362038886
Mean: -5.758345682629837 min: -9.20119694833066 max: -2.3176849934337427
Mean: -2.9912693386615086 min: -9.191536387928544 max: -2.2428749869713616
Mean: -2.341904283666279 min: -2.3599775993434515 max: -2.3307502203390698
Mean: -2.3416806814769435 min: -2.359687845124802 max: -2.308722794206181
Mean: -2.306519787373381 min: -2.337737715480852 max: -2.2760008338118114
Mean: -3.27270052179642 min: -11.753451279266397 max: -2.304149895757421
Mean: -3.2992540660328076 min: -11.908865165845167 max: -2.3231026156459165
Mean: -2.341580340597916 min: -2.3575958879460597 max: -2.322966806025117
Mean: -2.3314154970617382 min: -2.3535530991101545 max: -2.2939955371592315
Mean: -2.2834028225689393 min: -2.3470235461604583 max: -1.9911971389514427
Mean: -2.341988755603725 min: -2.4215384395865613 max: -2.3052988440173006
Mean: -2.3180850669025417 min: -2.3720382300709195 max: -2.2814972825013067
Mean: -2.3143901281758392 min: -2.354343186415376 max: -2.285502974739117
Mean: -3.2252536686229023 min: -11.55648994351429 max: -2.277167336190747
Mean: -2.313974858806506 min: -2.3683775142626704 max: -2.2813626411366807
Mean: -2.3135471582393743 min: -2.3644132662659545 max: -2.27914789611247
Mean: -2.9961126341419564 min: -9.19669146730421 max: -2.2779828070023203
Mean: -2.299935177690563 min: -2.354248657406388 max: -2.262608962143843
Mean: -2.325973598421543 min: -2.3681253977067516 max: -2.2772474209229796
Mean: -2.3232013116757804 min: -2.3518226359248198 max: -2.2726929068627046
Mean: -2.3104480048489258 min: -2.365376457394427 max: -2.2737662080445555
Mean: -2.283512323467217 min: -2.351096158473174 max: -1.9921585276196736
Mean: -2.356599600850172 min: -2.6589013003667166 max: -2.272804365631347
Mean: -3.12156394866211 min: -10.273572374691913 max: -2.291509700471166
Mean: -2.271121403007394 min: -2.318411303907566 max: -2.002912871986966
Mean: -2.317400144321881 min: -2.3567718737792736 max: -2.2749984051091126
Mean: -2.3297875715721537 min: -2.3594359796255917 max: -2.297576983165878
Mean: -2.3159248132427335 min: -2.344432774363838 max: -2.2895772389856694
Mean: -2.307083386997305 min: -2.346140480155569 max: -2.2802359581625438
Mean: -2.394318900174601 min: -3.1299977988896557 max: -2.2834839005219942
Mean: -2.307728526374391 min: -2.360286062862547 max: -2.2698299042407615
Mean: -2.329852224180551 min: -2.3702560156834127 max: -2.2716997901850884
Mean: -3.0043308417548795 min: -9.23946464753168 max: -2.276341349366019
Mean: -2.308036551700934 min: -2.3470010407883857 max: -2.2647623313107412
Mean: -2.3281142273389595 min: -2.4164607095842117 max: -2.2678286931381417
Mean: -2.3105350233572146 min: -2.352816192064742 max: -2.267517136634605
Mean: -2.325689900204468 min: -2.4132384807513216 max: -2.2656017639266652
Mean: -2.305910008631062 min: -2.3569522171235526 max: -2.2549232566404207
Mean: -2.3065825147147345 min: -2.39226745297289 max: -2.253949158331598
Mean: -2.9996805091853616 min: -9.193351662895973 max: -2.274000954182413
Mean: -2.317245983962991 min: -2.348438672590086 max: -2.2628725821923643
Mean: -2.3059246226613763 min: -2.3406768854403546 max: -2.2736794031039564
Mean: -2.2960771110016998 min: -2.3283689558681684 max: -2.2683089545516144
Mean: -2.3288238916472075 min: -2.3659049674174564 max: -2.284390817914264
Mean: -2.299106910369953 min: -2.3282629009460196 max: -2.275501554732845
Mean: -2.3100613334773117 min: -2.3604445139514167 max: -2.2633609886943487
Mean: -2.2859500718515045 min: -2.3068596348803974 max: -2.2546354637130475
Mean: -2.2992799521679395 min: -2.3200611039307493 max: -2.27697422251899
Mean: -2.313668435106202 min: -2.350215408262401 max: -2.2667599280739847
Mean: -3.2860863681272767 min: -12.14377208914695 max: -2.264072060133764
Mean: -2.2902172572608555 min: -2.3285448107109925 max: -2.2561144144801224
Mean: -2.3057669489939085 min: -2.36533759714775 max: -2.2569377249697102
Mean: -2.297996259650138 min: -2.3281656953099903 max: -2.255764067657169
Mean: -2.3148134769576716 min: -2.3557886868970983 max: -2.2830273995218073
Mean: -2.2957834671416477 min: -2.3300732422699775 max: -2.260937503253916
Mean: -2.3219425404570444 min: -2.3740205057641415 max: -2.2704097851400644
Mean: -3.2844088865848384 min: -12.148289721670599 max: -2.266429708427832
Mean: -2.3204849397386718 min: -2.34535950106802 max: -2.294629184503958
Mean: -2.3016067788074115 min: -2.347280391273228 max: -2.263183557662467
Mean: -2.319677557423593 min: -2.3503110860160135 max: -2.282530571028979
Mean: -2.306643037456337 min: -2.353483461027965 max: -2.2348041300879493
Mean: -2.31207979794243 min: -2.3551973379681335 max: -2.2612414125451266
Mean: -2.2916857331712523 min: -2.3099934051544047 max: -2.2842638982404604
Mean: -2.3261707016344273 min: -2.370296296759992 max: -2.263012081200851
Mean: -3.2814075565345258 min: -12.153068417333591 max: -2.2620265896902345
Mean: -2.3097481206766686 min: -2.3498770390221275 max: -2.2656805450496718
Mean: -2.3083385705904114 min: -2.3376150298974556 max: -2.2713705898041114
Mean: -2.3260805412107994 min: -2.373144467940461 max: -2.2589503496984906
Mean: -2.3145220692165003 min: -2.3959042923855067 max: -2.2742840471478485
Mean: -2.310904525712085 min: -2.3588553529030625 max: -2.276536628200594
Mean: -2.294754357537164 min: -2.33989187931857 max: -2.265612764839353
Mean: -2.3128536075443367 min: -2.3680112218127807 max: -2.261349177733362
Mean: -2.298577993689322 min: -2.345120147558293 max: -2.266512865856414
Mean: -2.311551125838585 min: -2.3416580661025796 max: -2.2555946678236496
Mean: -2.295430815583561 min: -2.322717250177243 max: -2.277072858984454
Mean: -2.312807123326816 min: -2.348326926729799 max: -2.264858831867713
Mean: -3.126688010367079 min: -10.424423356374332 max: -2.275784057957404
Mean: -2.315607886421061 min: -2.3506150886661135 max: -2.271515338849351
Mean: -2.2935598589522828 min: -2.326995801445742 max: -2.2670045847443383
Mean: -2.305051112817684 min: -2.3592215178238565 max: -2.2626856955587873
Mean: -2.307741705466806 min: -2.3559309418878005 max: -2.2782360048121544
Mean: -2.321283654314946 min: -2.3641361886943284 max: -2.2737820799947586
Mean: -2.293539743145587 min: -2.3362294871306895 max: -2.2678475152365274
Mean: -2.2959685678413257 min: -2.3348244317015783 max: -2.2841004226027115
Mean: -3.2030676006641756 min: -11.005663990687754 max: -2.2962369186524008
Mean: -2.3286195796699256 min: -2.5534110655841706 max: -2.2756987604847394
Mean: -2.311799157095075 min: -2.340329037410988 max: -2.2795779326490995
Mean: -2.303808901096105 min: -2.343633756981735 max: -2.262175888853263
Mean: -3.93505598003561 min: -10.794594636123877 max: -2.287443260410648
Mean: -2.2646519195202894 min: -2.364803539469999 max: -1.7145949515125607
Mean: -1.9277154840027637 min: -2.3570431251375026 max: -0.7437064049531263
Mean: -1.0543936869150383 min: -1.7135542849378604 max: -0.6936587333807587
Mean: -1.016100547468167 min: -1.7524079840299034 max: -0.6941399517156279
Mean: -1.4166107254771878 min: -1.7663127420952387 max: 0.09666544754409508
Mean: -1.2236274663852302 min: -1.7494549454250272 max: -0.6751130155064122
Mean: -1.000278143434998 min: -1.7119853546685244 max: 0.2538666023582328
Mean: -1.58206846262931 min: -1.753551302309438 max: -0.6895117306031021
Mean: -1.6043017159474355 min: -1.7549332886693976 max: -0.7081712658627585
Mean: -2.211474769798192 min: -11.168165294329514 max: -0.677757777041184
Mean: -1.3283385558306038 min: -1.7508225536861741 max: -0.6867173487935803
Mean: -1.209935156795467 min: -1.7443053880493233 max: -0.6742324684188638
Mean: -1.1036935218368253 min: -1.746230897298751 max: -0.6866536979876527
Mean: -1.4179329177122555 min: -2.2195246898591274 max: -0.7058279134719585
Mean: -1.6224949709270935 min: -2.893765197027864 max: -0.70870749020365
Mean: -1.2952804983377446 min: -1.7658898456514331 max: -0.7025978653731589
Mean: -1.4515999187599806 min: -2.5534372816692623 max: -0.7045863838182731
Mean: -1.8146379697049437 min: -2.4906809417436286 max: -0.7137312448376506
Mean: -1.279116419457551 min: -2.5845366249149153 max: 0.22947489795855366
Mean: -1.2941727817497752 min: -1.7490890452767365 max: -0.6772643068807039
Mean: -1.3001157452629748 min: -1.7434637172634828 max: -0.7025275633351963
Mean: -1.2093165156286838 min: -1.7459873555165346 max: -0.6784294808100972
Mean: -1.421797123928242 min: -1.775529318058295 max: -0.6681753541548837
Mean: -1.0117190181811826 min: -1.73702602088219 max: -0.6741840520394136
Mean: -1.20224199380958 min: -1.7431391026881096 max: -0.6880102765146192
Mean: -1.105077015216437 min: -1.7581550372507753 max: -0.6764441426272786
Mean: -1.2096089670585959 min: -1.75823511828588 max: -0.6863703252435761
Mean: -2.3207745206627526 min: -11.613183089390526 max: -0.7109077314249677
Mean: -1.3019595621363158 min: -1.7617140751452784 max: -0.6780208061519563
Mean: -1.7142540234260086 min: -1.7610445657986 max: -1.6132792058587613
Mean: -1.3126118487132366 min: -1.754020916344026 max: -0.7012489106795321
Mean: -1.3183176955656106 min: -1.74706029265989 max: -0.7173163715829594
Mean: -1.288871430399825 min: -2.3231424560355642 max: -0.6724559521852596
Mean: -1.169260629000506 min: -2.287426946826747 max: -0.7056641755044527
Mean: -1.3897201261463192 min: -1.749757501497728 max: -0.7160787952415877
Mean: -1.2072174745258102 min: -1.7523913049223563 max: -0.6994567103466386
Mean: -1.378757180409228 min: -1.7641477296640018 max: -0.6834176516354795
Mean: -2.2142869957749403 min: -12.042653494736642 max: -0.6904588135391007
Mean: -1.9891891369737749 min: -10.422753600081187 max: -0.6850818386257401
Mean: -2.3311737797141263 min: -11.971224277830268 max: -0.6953871023010005
Mean: -5.477050873176328 min: -11.877720670480775 max: -0.6797050605637373
Mean: -0.9304639157045665 min: -1.7112919933067317 max: -0.7120970960205727
Mean: -1.9872107630280127 min: -10.300213001119241 max: -0.7100732316044472
Mean: -1.2189821814314548 min: -1.7373932501722704 max: -0.7087579961030616
Mean: -2.4132458663503167 min: -11.866719850796244 max: -0.6837686075506302
Mean: -1.2094870096431964 min: -1.7266215225093273 max: -0.7146599867320691
Mean: -2.1445055347533897 min: -11.818442072119991 max: -0.6716330940932055
Mean: -1.7332425619600673 min: -10.890554321699947 max: 0.23935236137342034
Mean: -1.211499401596236 min: -1.7618218829034533 max: -0.7178478870261329
Mean: -1.199390663079184 min: -1.721168514832044 max: -0.7170415051961959
Mean: -1.2336015325899028 min: -1.7253157594974442 max: -0.7238713812532865
Mean: -1.028743555187772 min: -1.7202038509809745 max: -0.7100412309189293
Mean: -1.298508641084333 min: -1.7145086442136326 max: 0.252221888237361
Mean: -5.348876267409222 min: -11.857472406988336 max: -0.712783014151118
Mean: -1.1395444026155452 min: -2.198062600732514 max: -0.6645066333665172
Mean: -1.0720869974426548 min: -1.7151600232372453 max: -0.7094048002362915
Mean: -1.4243023341299792 min: -1.7591908158749114 max: -0.6782040552801059
Mean: -1.1875563009327448 min: -1.685688187184291 max: -0.689321703525902
Mean: -1.1847179616354229 min: -1.7638650384976247 max: -0.707787245629955
Mean: -1.0072691189541145 min: -1.7008391924552873 max: -0.7097377602110856
Mean: -1.0033496176756027 min: -1.7083428680261907 max: -0.682444156133289
Mean: -1.2862692135553957 min: -1.718161506230593 max: -0.7227200976102277
Mean: -1.3370136388916103 min: -1.780000379276781 max: -0.7228148073052977
Mean: -1.2764108053209042 min: -1.7156652515466035 max: -0.7179415008211281
Mean: -1.8814009342291744 min: -9.206037192888257 max: -0.6912473660722167
Mean: -1.1823257708157509 min: -1.7248714125519593 max: -0.7075932131515618
Mean: -1.183972659831623 min: -1.7580220780018538 max: -0.7049718256916541
Mean: -1.0867345378569384 min: -2.3357570975284405 max: -0.7110735044031053
Mean: -1.0225640056571366 min: -1.7346616497496878 max: -0.7138366171491967
Mean: -2.4454947954526816 min: -11.941921483260165 max: -0.7110736152467957
Mean: -1.1279351862877 min: -1.743776583727122 max: -0.681194449867568
Mean: -1.1116440531051983 min: -1.7213668682073722 max: -0.6845243539263585
Mean: -1.3769022806505977 min: -1.7347070931458572 max: -0.7127292064854559
Mean: -2.1679920043712393 min: -11.381295817723721 max: -0.6922031093793871
Mean: -1.0032928076069925 min: -1.76196704177736 max: -0.693193020311842
Mean: -1.2038809462325468 min: -1.7521044464822422 max: -0.6871443035621129
Mean: -0.8094723642652621 min: -1.7438479659522368 max: 0.2564790453480195
Mean: -1.222849869213585 min: -1.756968798680948 max: -0.6826100112271003
Mean: -3.2600534918262354 min: -11.888634442750117 max: -0.7030897331422832
Mean: -1.0203035655948285 min: -1.736318713510963 max: -0.697195560091418
Mean: -0.9957868558397527 min: -1.7484336371172045 max: 0.14085214855001166
Mean: -1.149077055559307 min: -1.7470020666771744 max: -0.10460065863611856
Mean: -0.6452015727863835 min: -1.7476497880346131 max: -0.09851339040210896
Mean: -1.310533112996937 min: -11.084464693133313 max: -0.10893271080933771
Mean: -4.656722615884975 min: -11.869030300422066 max: -0.09871267002493615
Mean: -0.19425760048159701 min: -0.26732725701265775 max: -0.10115452069590952
Mean: -0.19145327155744538 min: -0.2648361671506416 max: -0.09733188291855738
Mean: -1.2262123663752376 min: -10.851052477055092 max: -0.10289325673132114
Mean: -0.19087234372874967 min: -0.2727545753096445 max: -0.10066071577931014
Mean: -0.19541718792719381 min: -0.2754413496224609 max: -0.09952415251206695
Mean: -0.2041035445101421 min: -0.31901103631231514 max: -0.10203997369822343
Mean: -0.19791628529099037 min: -0.313050661428768 max: -0.09648572706223911
Mean: -0.22281488278902137 min: -0.47642638147770733 max: -0.0969360184249541
Mean: -0.14123051088254948 min: -0.36633007359390424 max: 0.2580079635210548
Mean: -0.8007889369093155 min: -8.591041440270242 max: 0.29517923636914845
Mean: 0.2649897922358769 min: 0.22489725691920534 max: 0.28871876853841
Mean: -0.8640696001089425 min: -11.044565189607736 max: 0.29134180836786977
Mean: 0.21029389965816675 min: -0.31313737620929266 max: 0.2931366335341262
Mean: 0.24759078269478652 min: 0.21317388527253273 max: 0.3026893474339163
Mean: 0.2841226864787661 min: 0.24373430569710253 max: 0.30457352545078725
Mean: -0.332836523751857 min: -5.681494436733701 max: 0.30466841676428585
Mean: -0.8719586344047423 min: -10.724194145877728 max: 0.28334418981067416
Mean: 0.27406543431641894 min: 0.2353238321406487 max: 0.30342274071723735
Mean: 0.2586933861192332 min: 0.19749251211392735 max: 0.30092710271427675
Mean: 0.2708006499358263 min: 0.2405179909808947 max: 0.3120946770541231
Mean: 0.23830109965440566 min: -0.03375617289997056 max: 0.3059105736375196
Mean: -0.2912358190467903 min: -5.238179842748225 max: 0.2807734300756729
Mean: -0.792602136904026 min: -10.255778823431774 max: 0.3037153938217149
Mean: 0.26775128227494677 min: 0.22753633310777285 max: 0.2964920383033379
Mean: 0.24144837246395948 min: 0.1895519892327821 max: 0.2817929145530641
Mean: -0.7576627654270252 min: -9.903511282856458 max: 0.30096124892571186
Mean: -0.9787756757821041 min: -11.84563089607648 max: 0.2735212227864582
Mean: -0.9056110882237489 min: -11.277784053830482 max: 0.2863359588775532
Mean: 0.2534224038983634 min: 0.20817854721818824 max: 0.3024224468468453
Mean: -0.8153195400783728 min: -9.899914615790259 max: 0.29515881432973107
Mean: 0.2266037551956063 min: 0.18398180972829603 max: 0.2982916356443329
Mean: -1.261915164098271 min: -10.99884021538748 max: 0.2924734881293842
Mean: 0.28400303676773636 min: 0.19419470096594904 max: 0.5055706535681648
Mean: 0.2334628816675069 min: -0.34504544670909726 max: 0.3792666347278612
Mean: 0.32034622323425543 min: 0.271825305545631 max: 0.36886754270020805
Mean: 0.34155293828740396 min: 0.29776115166879474 max: 0.371272407346481
Mean: 0.3048750769304202 min: 0.2617125430230246 max: 0.3663675781586056
Mean: 0.3005421023821667 min: -0.009795614175227575 max: 0.37464231768965967
Mean: 0.31363556796842834 min: 0.2624844715721076 max: 0.35796792224106266
Mean: -0.7830027734357442 min: -10.74200200911127 max: 0.382637049685757
Mean: 0.31317485418712726 min: 0.2695275760718451 max: 0.34998068293285517
Mean: 0.06762552062615375 min: -2.3306896409673863 max: 0.3682178563063782
Mean: 0.052487891996387995 min: -1.404474982249095 max: 0.368198026989336
Mean: 0.3399644294885074 min: 0.28882740449036487 max: 0.38262348422685266
Mean: 0.2816443316621176 min: 0.11791121865630826 max: 0.35283355840170033
Mean: -0.878128276261091 min: -11.613828736257933 max: 0.3587143729585975
Mean: 0.3379650715909174 min: 0.3006370215921853 max: 0.3795256347087936
Mean: -0.782922020587338 min: -9.218559921954592 max: 0.41675561153746676
Mean: -2.020127241552339 min: -11.730268682261467 max: 0.42695209370075693
Mean: -0.984754347349176 min: -9.072803834905702 max: 0.3741637362885824
Mean: -0.6287290643411008 min: -8.717077661946409 max: 0.4622212127844517
Mean: -0.8741343431858632 min: -10.34440064678583 max: 0.44673249721896
Mean: 0.12635690948780448 min: -1.4885034967912925 max: 0.45323168489115445
Mean: 0.08353677860386495 min: -0.46035028469923145 max: 0.7270186526873694
Mean: -1.630087992501079 min: -11.868626082171133 max: 0.7070666539383833
Mean: 0.10012046756616673 min: -0.46663833159808804 max: 1.038726006237297
Mean: -1.993475756444488 min: -10.650219315441237 max: 0.7163293039076187
Mean: -0.8319173722674484 min: -8.943175240177169 max: 0.9337503997171567
Mean: -0.9138966542840503 min: -10.34742403866533 max: 0.7360216082754306
Mean: -0.3649477694192628 min: -2.1232804606408435 max: 0.8659923999917613
Mean: -2.01507298930306 min: -11.828890010058123 max: 0.46763170732843234
Mean: -0.30415410960778555 min: -1.009555531601473 max: 0.4343890102445372
Mean: -0.18045986319231805 min: -2.1907227495970365 max: 0.86479622212029
Mean: -1.2305644996756744 min: -10.539559113507998 max: 0.36175459093999074
Mean: 0.1337718407043963 min: -0.7783747039077633 max: 0.5014488268259477
Mean: -1.4243627794847187 min: -11.389748041769936 max: 0.45184472812586635
Mean: -0.3623271242082221 min: -2.432612680272467 max: 0.5656330499198536
Mean: -0.31948865772029056 min: -1.6613189902649035 max: 0.5459871982958681
Mean: -0.4263553440642628 min: -1.5614656016708808 max: 0.6235690179067362
Mean: -0.8213690168116198 min: -2.2797870904263142 max: 0.704991416607752
Mean: -0.056682802922539334 min: -1.6327990706967765 max: 0.8512137541654201
Mean: -0.16678872429382235 min: -1.6432540336962045 max: 0.8378645855424012
Mean: -0.09560376593996345 min: -2.036752358786448 max: 0.984651890873129
Mean: -0.5661497166442299 min: -1.8781817233344538 max: 0.8338166120578087
Mean: -1.516050424520372 min: -11.634273962156449 max: 0.19944867396073737
Mean: -0.3515989462646378 min: -1.7997137174093962 max: 0.2587622116144014
Mean: -0.12795709388962542 min: -0.4799327763688459 max: 0.1334359363147158
Mean: -0.10846657274828622 min: -0.24043882638142805 max: 0.21005492510386972
Mean: -2.4518824044314793 min: -11.20119579801767 max: 0.21578160141579972
Mean: -0.019069242601908353 min: -0.2351695699711143 max: 0.1984761410773231
Mean: -0.04192348258495142 min: -0.14644294263306645 max: 0.4081966266857149
Mean: -2.173667808911496 min: -11.557180832546774 max: 0.31139820325626555
Mean: -0.962753255004652 min: -10.03066913695731 max: 0.5780957333090271
Mean: 0.13230184737139364 min: -0.12247735264221155 max: 0.6108656672611664
Mean: -3.02397360095589 min: -10.714137893950227 max: 0.7069370434302252
Mean: -1.1799239501866423 min: -10.731861130885948 max: 0.13393755672066185
Mean: 0.06961132503866613 min: -0.12042376682917519 max: 0.2044630993668192
Mean: -1.0737532972457973 min: -11.864737784126865 max: 0.24652643942024022
Mean: -0.8918894402386215 min: -10.56935743734151 max: 0.27019548856631714
Mean: 0.25547640657527626 min: 0.2413844290363122 max: 0.2665922559381117
Mean: -0.039418529109232756 min: -2.135310203484463 max: 0.26338665430140284
Mean: -0.9049274122023425 min: -9.938290439451498 max: 0.2723994408355372
Mean: 0.1941561773410937 min: -0.33093960310060316 max: 0.27231057275661624
Mean: -0.9689630596024573 min: -12.017769932438496 max: 0.2789053551341988
Mean: -1.2072904298084781 min: -11.927113144518769 max: 0.26622752864114096
Mean: 0.2503275406273266 min: 0.23065107187242634 max: 0.2671191884202077
Mean: 0.18875857007762212 min: -0.36907293543203823 max: 0.2641198526405784
Mean: 0.0019103099938479196 min: -2.233017696821106 max: 0.26148995662960056
Mean: 0.2520806326810351 min: 0.24011970448882183 max: 0.2776076578319529
Mean: 0.2615359051611434 min: 0.24171516770816584 max: 0.30020286052492695
Mean: 0.18398085680287052 min: -0.48697082263847435 max: 0.28024768100933883
Mean: 0.2528648025475262 min: 0.24220804869073867 max: 0.27030366395717437
Mean: 0.2501740060619332 min: 0.1839138742796638 max: 0.2660641518206274
Mean: 0.2507266062835794 min: 0.21700776251467843 max: 0.2794544548186774
Mean: 0.19524983715198357 min: -0.38699782690320716 max: 0.2756176847909836
Mean: -0.002956902723657645 min: -2.313179749844497 max: 0.26483103601913954
Mean: -1.3928560274303496 min: -11.205029390561887 max: 0.28320672119507834
Mean: -0.6866215400249095 min: -1.9189811499732854 max: 0.27620194199096504
Mean: -1.9318963118766956 min: -11.39965051752652 max: 0.26277814153578916
Mean: -0.6405779108575159 min: -1.8683000457658676 max: 0.2805395673841607
Mean: -0.2539318942536254 min: -2.0286368990100647 max: 0.283477951297389
Mean: -0.4698837140957545 min: -1.9188927633227593 max: 0.28123945067715517
Mean: -0.022350211153517742 min: -1.8734156566069977 max: 0.28496259637468774
Mean: -0.18718995554610562 min: -1.867331787273696 max: 0.2625991003489349
Mean: 0.10437422771614098 min: -0.5673192729597131 max: 0.2738299725599321
Mean: -0.39329585848458787 min: -1.931814071920954 max: 0.28520357929470913
Mean: 0.18487943851527727 min: -0.5166597122363592 max: 0.275423843820262
Mean: -1.6714926081802683 min: -11.854216206856451 max: 0.28128399626725814
Mean: 0.07035163951517058 min: -1.7623691550873264 max: 0.2840321970115383
Mean: -0.3786191967412259 min: -1.929420683492301 max: 0.28443823124054696
Mean: -0.9105799698643835 min: -11.48279909781004 max: 0.27932255489698954
Mean: -0.4943715441794022 min: -1.911199523250329 max: 0.3072154690312586
Mean: -1.9255759997796151 min: -10.936357497477761 max: 0.28084206582342197
Mean: -0.24287580682685844 min: -1.9062178300975892 max: 0.2793766604802154
Mean: 0.06931246831076172 min: -1.7469962709376254 max: 0.28293707403827134
Mean: -0.21435822451428352 min: -2.2114641642506756 max: 0.2800390330193693
Mean: 0.27093331935520026 min: 0.26007739977175315 max: 0.27983194197451783
Mean: -0.811084193438945 min: -1.9209073997321306 max: 0.33770639579548944
Mean: 0.3059682080997622 min: 0.24998212484140972 max: 0.3962065631848534
Mean: -1.7350959427995132 min: -9.78427737048036 max: 0.35913986890045924
Mean: -1.565135786045434 min: -11.922433132804471 max: 0.3769556890036959
Mean: 0.2910312561344698 min: -0.2628508437622352 max: 0.3835203382728452
Mean: 0.3247457032215985 min: 0.11262040980239897 max: 0.38126323864248995
Mean: 0.042883639904130445 min: -1.730331315964275 max: 0.3980863119188384
Mean: -0.011371238633669522 min: -2.2886269177422216 max: 0.42992457571001097
Mean: 0.19196222476666605 min: -0.2366870765872548 max: 0.36674316513222377
Mean: 0.34554082517771456 min: 0.3248626286295557 max: 0.3802238580872606
Mean: 0.12010624385738633 min: -2.113061477339977 max: 0.3957071617315905
Mean: -0.13219192560968135 min: -2.1235358966443263 max: 0.391347818203896
Mean: 0.04472958880308194 min: -2.309058569381484 max: 0.42037278207915
Mean: -0.12504307892469851 min: -2.133594643810217 max: 0.38471550855924846
Mean: -0.8868440241247322 min: -11.507127866407547 max: 0.4053918727985593
Mean: 0.2320051970201719 min: -0.9309325141780384 max: 0.3909486665110949
Mean: -0.334378123013714 min: -2.1340126141655364 max: 0.36563618308223794
Mean: -0.15522337581489704 min: -2.3231379987583356 max: 0.3993115964721693
Mean: 0.2794307050146997 min: -0.2210051490801156 max: 0.3889755396518576
Mean: -0.12471697124279157 min: -2.125140623612294 max: 0.3874631230318375
Mean: -0.28659768934954327 min: -2.120015819255524 max: 0.4101003398831658
Mean: 0.28530739309134884 min: 0.05884294424413442 max: 0.3531936349279086
Mean: -0.47090433758883404 min: -2.1041420622327793 max: 0.38753569364722396
Mean: -0.4429524832587159 min: -2.11458652431236 max: 0.3882156479923467
Mean: -0.3946792763240964 min: -2.1131498330608784 max: 0.40972805793647266
Mean: -0.3043418143019755 min: -1.8511661655021776 max: 0.37460219761378327
Mean: -1.1723058659331342 min: -1.8527682471060722 max: 0.3071682318223843
Mean: -1.0082344049719782 min: -1.8706497325277136 max: 0.3695500569231881
Mean: -0.5823817577717556 min: -1.860359774647571 max: 0.40983944977907594
Mean: -1.85910508776113 min: -11.502953067629475 max: 0.24584566662425808
Mean: -0.3894000358870827 min: -1.8601950886958614 max: 0.3828618894218922
Mean: -1.8203670746185214 min: -9.891046582815141 max: 0.41770826778101233
Mean: -1.4153833960054776 min: -1.90189646210243 max: 0.39412603472807356
Mean: -3.0915560183837925 min: -11.419901520294209 max: 0.42536079975430835
Mean: -0.2770055686589425 min: -1.8163113165718465 max: 0.50076184897151
Mean: -0.3384565141279787 min: -2.0983213809860906 max: 0.47603000277287993
Mean: -0.08517344531654554 min: -2.1031399404950224 max: 0.4494671300322521
Mean: 0.11934795474982474 min: -1.875485617970307 max: 0.3796652980481998
Mean: -0.5313054898058917 min: -1.8937357480384003 max: 0.4315321396094178
Mean: -1.2300662671809641 min: -9.620833077313028 max: 0.45358729184682406
Mean: -1.0225861854650646 min: -2.0887493676833526 max: 0.4178555093406413
Mean: -0.0960654126825817 min: -1.8750042119180146 max: 0.3791364106296305
Mean: -0.18614572543411056 min: -1.8805556151764458 max: 0.38597691533287587
Mean: -0.545281724890048 min: -2.1023964909058726 max: 0.45524892401838796
Mean: -0.115157846567431 min: -1.8439380191285368 max: 0.43206391124684723
Mean: 0.3193392903604479 min: -0.08771082329759285 max: 0.40543698086207614
Mean: 0.3224774995757583 min: 0.16831888012197463 max: 0.42720196724091325
Mean: -0.5617550786832771 min: -2.0841005172185105 max: 0.45007907867494135
Mean: -1.0192665563306218 min: -9.192449389410509 max: 0.4431635702659985
Mean: -0.8289081945195761 min: -2.190663148747468 max: 0.38151238169630775
Mean: 0.055238787032157 min: -2.0845257523989535 max: 0.40437467119976866
Mean: -0.3370387539667795 min: -2.0973708177267887 max: 0.4744559588099161
Mean: -0.4518283261329589 min: -1.8852683223785502 max: 0.43561708618059053
Mean: 0.1494691508439469 min: -0.8196366249417638 max: 0.43155244047639624
