Mean: -11.065081002806824 min: -11.894036156955671 max: -6.123563381772313
Mean: -10.563011860838799 min: -12.150862636085972 max: -4.914852079202189
Mean: -10.706197385494631 min: -11.93800739607184 max: -6.125182972699513
Mean: -10.541759275210241 min: -12.217977251208389 max: -4.518854645042292
Mean: -10.637696468359717 min: -11.947737454935288 max: -6.0738538273566745
Mean: -10.742624691734706 min: -11.842106893769527 max: -4.130141644077981
Mean: -8.938401627286146 min: -12.158546525308676 max: -3.629581556509299
Mean: -5.676000926332296 min: -11.463189099551249 max: -3.26422256342038
Mean: -5.437379500154339 min: -11.704953133370358 max: -1.8303060127574975
Mean: -3.4423874006018234 min: -11.763565446683554 max: -1.2947154743531104
Mean: -2.349896323146885 min: -10.589775312554123 max: -0.6473816836028703
Mean: -2.5031687670840124 min: -10.90333225835337 max: -0.38539288010659506
Mean: -1.7880439457354127 min: -11.693295591351742 max: -0.3683202269166002
Mean: -3.5486253724917374 min: -11.685323019269294 max: -0.3520029513564585
Mean: -5.0829622628391045 min: -11.782191878654725 max: 0.24134906780893584
Mean: -4.743889531956891 min: -12.177380039146206 max: 0.19789077751198522
Mean: -1.770594892242606 min: -11.844663189919299 max: 0.23879450075129272
Mean: -3.1029468458162612 min: -11.875724986283378 max: 0.7300986616749069
Mean: -6.941559607472624 min: -11.965207679987126 max: 0.7669592207480417
Mean: -5.264562537103516 min: -11.835067440674518 max: 0.7640348205908176
Mean: -1.9897797533125836 min: -11.789039396077623 max: 0.7560603399476559
Mean: -3.0264326717322403 min: -11.854040662291892 max: 0.7865544039591718
Mean: -1.970686236402993 min: -11.838235596302907 max: 0.8001253809821632
Mean: -3.29170652400901 min: -11.77095334696395 max: 0.8997589457735948
Mean: -2.815139098510903 min: -11.46455829371166 max: 0.8944164241971562
Mean: -3.2957133575432764 min: -11.336468793672148 max: 0.9187788363706046
Mean: -3.8475659250490133 min: -11.803418947327689 max: 0.8903719810557778
Mean: -5.79296593823371 min: -11.860796650402264 max: 0.9147808448553202
Mean: -3.8318385097246423 min: -11.782028076185245 max: 1.981447716878653
Mean: -4.187834884437437 min: -11.85471727287837 max: 0.8592439855617906
Mean: -2.6510799890051713 min: -11.842732792597749 max: 0.9140731950691838
Mean: -4.60840662493886 min: -12.061362001156592 max: 0.8631568202546368
Mean: -4.712216441938296 min: -12.180436981289173 max: 0.8279616379783244
Mean: -4.254553436899339 min: -11.895788372206082 max: 0.8973217560930382
Mean: -4.155493639345398 min: -11.940089239082022 max: 0.8751068373147983
Mean: -5.23981048027394 min: -11.56079932294198 max: 0.8043629763196001
Mean: -4.097141372058054 min: -12.231746381536958 max: 1.4009308814086523
Mean: -2.8981076440084585 min: -11.199497606486219 max: 0.9941006531689017
Mean: -2.1310810895590024 min: -11.909122911219393 max: 0.9587726566514396
Mean: -2.6111673798174713 min: -12.486471987205308 max: 1.0101241933775102
Mean: -3.3441020099296095 min: -11.90286489576481 max: 1.0211872045096233
Mean: -1.4009512847675212 min: -12.108386657829906 max: 1.0341112796921363
Mean: -3.6648235477891693 min: -12.131806738985542 max: 1.0531131778467997
Mean: -2.14047142384947 min: -11.438374250926985 max: 1.107033941902905
Mean: -2.8480297272352635 min: -12.286341260001333 max: 1.1761315021133343
Mean: -3.0205921912900195 min: -11.328193900142432 max: 1.1896522952986488
Mean: -3.7743980942866915 min: -12.140459829320577 max: 1.2112552763908813
Mean: -5.246368240936906 min: -12.220904145648818 max: 1.6345066903963368
Mean: -3.6863933383943093 min: -12.208201221398362 max: 1.1704939879782146
Mean: -3.784399014162505 min: -11.608969243834002 max: 1.1241688880570004
Mean: -2.4794716722480614 min: -11.157863208217 max: 1.1781187258846548
Mean: -2.254820879079531 min: -12.244619340340542 max: 1.1325157548811347
Mean: -3.95352824654938 min: -12.187595063822844 max: 1.0970790277825004
Mean: -3.001045450326436 min: -11.474951058400555 max: 1.2009042191201211
Mean: -3.103140323192706 min: -11.677116682147949 max: 1.436167966679955
Mean: -2.938979633187464 min: -11.212465303551804 max: 1.2040175921248004
Mean: -3.725353077644827 min: -12.181898728670385 max: 1.2237928470804174
Mean: -3.3399916554440465 min: -11.951338190991152 max: 1.1728630528387087
Mean: -3.460434081931501 min: -11.31491370670079 max: 1.2083101910975222
Mean: -4.262581202611908 min: -11.837427960501525 max: 1.1780222010155192
Mean: -2.483866243431817 min: -12.063653452575725 max: 1.23724893242761
Mean: -2.371068227297242 min: -11.595528781783802 max: 1.2245892763072441
Mean: -1.9470136340380138 min: -11.882947072251714 max: 1.221929582188517
Mean: -3.150333879094272 min: -11.683698382301152 max: 1.1724942256664312
Mean: -3.0381235453797335 min: -11.625857931261054 max: 1.2050323796934015
Mean: -0.6682119972545136 min: -11.603468381756365 max: 1.207764212529012
Mean: -2.4369871960131055 min: -11.30110690399169 max: 1.2068579626512956
Mean: -1.8680726840145985 min: -11.553609108207121 max: 1.2031790461339462
Mean: -2.029156013171154 min: -11.9091053032849 max: 1.2126708063846956
Mean: -2.447652312956578 min: -12.1172569927288 max: 1.2342137055591416
Mean: -2.1271996114662652 min: -12.25234727543626 max: 1.204120620810326
Mean: -2.176055905302791 min: -12.237843963592896 max: 1.1972754295467307
Mean: -3.553092411554612 min: -11.907177731999074 max: 1.2176442082818955
Mean: -3.840433114687622 min: -12.140632418297681 max: 1.1975605831341596
Mean: -2.5997416810090432 min: -11.162213117880176 max: 1.219923294570501
Mean: -2.959362496310705 min: -11.204683327903123 max: 1.2345243879816992
Mean: -2.6085327850026045 min: -11.66004840157798 max: 1.2025384862028787
Mean: -2.352144383053453 min: -11.87294579950164 max: 1.188929017165001
Mean: -2.018833026219679 min: -12.303715902709763 max: 1.1871752698700138
Mean: -3.624852174423806 min: -12.299668115536788 max: 1.195008273236679
Mean: -2.462166249609564 min: -12.341832791495687 max: 1.196997572475938
Mean: -2.112511208738761 min: -11.564320744963654 max: 1.1927624300651376
Mean: -2.9570768544061714 min: -11.892772066052515 max: 1.2202803654892187
Mean: -3.374717131761877 min: -11.28642880754622 max: 1.2147342013759188
Mean: -2.8220337945734535 min: -12.317417806890862 max: 1.2238291111697441
Mean: -2.2788801124171436 min: -12.29628922256872 max: 1.2126862683560673
Mean: -4.285506498596643 min: -11.712580996804268 max: 1.195149948601947
Mean: -4.222828595448352 min: -11.916344614516278 max: 1.245435617704886
Mean: -3.068320780996349 min: -11.73798506634146 max: 1.200222541681661
Mean: -2.0874015243067006 min: -11.432125347980532 max: 1.2073629359013003
Mean: -2.8722441034311594 min: -11.177473279015752 max: 1.2088437309794764
Mean: -2.520112423982653 min: -11.519506110015946 max: 1.2353017525344747
Mean: -4.566663148577521 min: -12.17318928499283 max: 1.208277513419162
Mean: -2.4481187378858604 min: -11.471807923757831 max: 1.1765965505162181
Mean: -2.627851957144878 min: -12.266881000032381 max: 1.197381636705252
Mean: -1.7823569518293414 min: -11.193081173777147 max: 1.210346141475332
Mean: -3.8184818968637844 min: -11.957092367519387 max: 1.203870802037364
Mean: -3.0455486109007266 min: -12.224404494423753 max: 1.1867419838517699
Mean: -3.577748523809218 min: -12.222028673367657 max: 1.2046135373295541
Mean: -3.6051926593819443 min: -12.254295212556036 max: 1.2145660793371567
Mean: -3.1678206879065764 min: -11.626260377948846 max: 1.1798093462882797
Mean: -1.8901563451533265 min: -12.161751639489209 max: 1.187538309942095
Mean: -3.5129571837350126 min: -11.86604015709353 max: 1.2238312820347572
Mean: -3.174283825629796 min: -12.247589215809816 max: 1.1946587114544431
Mean: -4.6756002498530504 min: -11.95908613194652 max: 1.2013738285302313
Mean: -2.9420718287792176 min: -12.211465484414683 max: 1.2094005572015416
Mean: -3.4257415729260168 min: -11.14788627086762 max: 1.1878390838579318
Mean: -3.196496831628848 min: -12.23904454611688 max: 1.2316620896449493
Mean: -4.487242494543119 min: -12.096552809496378 max: 1.2108514570334519
Mean: -3.6002963561913446 min: -11.97099054705146 max: 1.201324214153111
Mean: -2.027957993270284 min: -12.23879273073172 max: 1.1973559601918349
Mean: -3.5183025096212277 min: -12.202315289949405 max: 1.204593225704561
Mean: -2.0940339236072822 min: -11.296975981525874 max: 1.194079942508172
Mean: -2.4808549683394996 min: -11.780600886125097 max: 1.1893171507279783
Mean: -3.290997476699904 min: -11.207093377212578 max: 1.2424539822685743
Mean: -3.391867290436668 min: -11.780951587484541 max: 1.1958182532192347
Mean: -3.234831806151183 min: -12.125937870812155 max: 1.1908896150907353
Mean: -3.1668580561302413 min: -11.167591854597884 max: 1.1788456064443056
Mean: -4.862133814864488 min: -11.88484299922362 max: 1.1990606346485884
Mean: -3.834417420434261 min: -11.846370783347911 max: 1.182839328244112
Mean: -3.8253278445177266 min: -11.85988998097836 max: 1.1969426400353387
Mean: -3.1998127553752793 min: -11.864847935885333 max: 1.2223208412916073
Mean: -3.508083949522423 min: -11.800866506937346 max: 1.1943680208887035
Mean: -4.353637331847615 min: -12.203409757622904 max: 1.1994796792171463
Mean: -3.943768608803307 min: -11.830900139068516 max: 1.2167404441807013
Mean: -5.597637916534272 min: -11.365817845208783 max: 1.4447574467354605
Mean: -5.706102982967268 min: -12.204603506148496 max: 1.5096445566821153
Mean: -7.2953913172230145 min: -12.129686670315529 max: 1.6153621837197571
Mean: -5.255321086349346 min: -11.942885211138263 max: 1.6084003154495676
Mean: -6.526885880255415 min: -11.697178384264705 max: 1.51197523286065
Mean: -5.116283383087905 min: -11.621994286265076 max: 1.6855640929416063
Mean: -5.678324909736904 min: -11.555204237768434 max: 1.4869369522928397
Mean: -6.084590644249374 min: -11.522499285217986 max: 1.6525075170006587
Mean: -5.738134875110594 min: -12.069702090810223 max: 1.748135809938782
Mean: -6.381749776794436 min: -11.955721209512227 max: 1.6095743737588664
Mean: -4.296240017334882 min: -11.906164478816727 max: 1.5334535206123296
Mean: -3.534031303963425 min: -11.576672140600808 max: 1.3398658890351203
Mean: -5.717572630671525 min: -11.951758135608717 max: 1.6003713005907005
Mean: -7.273011353707662 min: -12.326557212487437 max: 1.3695530267508083
Mean: -6.328277296472996 min: -11.880562713689349 max: 1.5305456321661495
Mean: -4.545933802874944 min: -11.50379530815239 max: 1.511786384791555
Mean: -6.769327624602181 min: -11.840217036895869 max: 1.6715457621547958
Mean: -6.384972423517775 min: -12.17246186497078 max: 1.4379256869367796
Mean: -4.686131279758666 min: -11.46950461161229 max: 1.6324006157539364
Mean: -7.324041629259946 min: -12.277225245528035 max: 1.6495743872810602
Mean: -6.04907268728521 min: -12.354579768579402 max: 1.5573052868388058
Mean: -6.748429974361978 min: -12.129492293149337 max: 1.7088951097928713
Mean: -6.011941950819972 min: -11.52401879323148 max: 1.7172558182253588
Mean: -5.75058557413359 min: -12.324373970502574 max: 1.9713732094445306
Mean: -5.87213496216409 min: -12.219898264872286 max: 1.7631903343440625
Mean: -4.757783665267256 min: -11.802040387463009 max: 1.3591447516564943
Mean: -3.778925849972936 min: -11.65340668973227 max: 1.4118601380484348
Mean: -5.042792118024862 min: -12.292588810634156 max: 1.488199526565203
Mean: -5.418385887663507 min: -11.303827366418833 max: 1.480672098399339
Mean: -3.097709644052367 min: -11.96493345791222 max: 1.6373116485952417
Mean: -4.214165808510702 min: -11.808924879724431 max: 1.4578879154174524
Mean: -4.9243776672387565 min: -12.175507817382456 max: 1.3965618607595531
Mean: -5.690305127312549 min: -11.550269861877256 max: 1.487460060804779
Mean: -6.633422727308584 min: -12.301104325830009 max: 1.4356199003466215
Mean: -6.6912823643715935 min: -11.313139736249344 max: 1.4388494087105668
Mean: -7.672031324881597 min: -12.332481005034797 max: 1.419481225554433
Mean: -6.185037073184946 min: -11.92637904395416 max: 1.5393779554692437
Mean: -5.532322371709118 min: -12.199698211222373 max: 1.428881897369265
Mean: -6.997753674966547 min: -12.223295032541577 max: 1.4325906923310296
Mean: -5.8053835621001415 min: -12.257998664832716 max: 1.4781832257146175
Mean: -6.393371257941556 min: -12.468218351518768 max: 1.482826003441655
Mean: -5.742954791755065 min: -12.196519560708944 max: 1.548779267938956
Mean: -6.597124931475742 min: -12.352606279730471 max: 1.5045029618872592
Mean: -5.424457306706686 min: -12.15471280974889 max: 1.6157514060020195
Mean: -6.027680254879897 min: -12.35027302095277 max: 1.619950423293559
Mean: -6.174519910215623 min: -11.51563788625341 max: 2.2298320239754057
Mean: -5.1941156855427515 min: -11.159334546587123 max: 1.6648728903085845
Mean: -5.497753687077811 min: -11.80582049725519 max: 1.9884208130467915
Mean: -4.497072354892362 min: -12.34071637848202 max: 2.4936045373721645
Mean: -3.7061769321839724 min: -11.181732903236718 max: 1.742848134252329
Mean: -4.429204959159404 min: -12.260702785529197 max: 2.141212030833258
Mean: -4.5541040963622414 min: -12.24879673434406 max: 1.6494361824433865
Mean: -4.669581702171412 min: -12.332054629512278 max: 1.6334275429810856
Mean: -4.144378820144645 min: -12.341651044255993 max: 1.6515517724752549
Mean: -4.631090909255278 min: -12.006830705130945 max: 1.6047795288274656
Mean: -4.892174384476388 min: -11.792356044529448 max: 1.6925662428009787
Mean: -5.194911492951108 min: -12.337978593935887 max: 1.6940961150348204
Mean: -4.849865499838179 min: -12.224854665222232 max: 1.4940117281945828
Mean: -4.703530740671534 min: -12.329378214689406 max: 1.5751025067411872
Mean: -3.3549304090978245 min: -11.416048678409966 max: 1.5765758365275004
Mean: -5.137870697884016 min: -12.340574980581598 max: 1.5276548917068706
Mean: -3.776443009747644 min: -12.355789001849278 max: 1.609912092948432
Mean: -5.211099315299492 min: -11.806484193717802 max: 1.6331917218153598
Mean: -3.743287837321938 min: -11.233407069116126 max: 1.5195612974208759
Mean: -3.4056146097874063 min: -11.878567524350187 max: 1.6715259298052967
Mean: -4.538712750991374 min: -12.236998456852103 max: 2.0827280283896332
Mean: -3.6050111435847456 min: -12.34427507742065 max: 1.7261255884912294
Mean: -4.720019329908751 min: -12.153469506732309 max: 1.335539815348324
Mean: -3.018164734346207 min: -11.835562423141901 max: 1.6136726963911239
Mean: -4.483961734169446 min: -11.680293616073579 max: 1.7105851114654513
Mean: -3.8133834651810856 min: -11.618863761449655 max: 1.6363491001122994
Mean: -4.627796318933468 min: -11.937815856084713 max: 1.5381355981352611
Mean: -4.333956860303842 min: -12.372230332499905 max: 1.5980753236146141
Mean: -4.038281606623557 min: -11.178038266089914 max: 1.7203757761841385
Mean: -5.026729686344586 min: -11.505926119328224 max: 2.018688362260702
Mean: -4.405675383366442 min: -12.347707057474562 max: 2.103771479873282
Mean: -5.330274818004947 min: -12.37615925044225 max: 1.6161948675938487
Mean: -4.671221417454994 min: -11.645801579488026 max: 1.6175880903129969
Mean: -4.385822415465805 min: -11.940933469523367 max: 2.0474378322715605
Mean: -5.895980445916459 min: -11.91905405977778 max: 2.061281578523883
Mean: -5.7569835051355165 min: -11.966072305296594 max: 1.646274348877415
Mean: -6.000373788141449 min: -11.74994312387427 max: 1.9209216262020383
Mean: -4.116781569673355 min: -11.77036364244801 max: 1.8008111895283212
Mean: -3.930879957661286 min: -12.270162764211829 max: 2.0165497713768104
Mean: -4.0127352059205075 min: -12.255565070861774 max: 2.151224189618305
Mean: -6.29954398489927 min: -12.264450419004508 max: 1.631933281664858
Mean: -4.32019819875369 min: -12.250786940166929 max: 1.81090125234333
Mean: -5.928282216514326 min: -11.795199162623655 max: 1.626905724306673
Mean: -4.345892744961713 min: -11.8404233380118 max: 2.0565835088259163
Mean: -4.560181248354285 min: -12.33694871475355 max: 2.139679186215489
Mean: -3.721171826000557 min: -11.225227547670322 max: 1.8479602153394052
Mean: -4.7684848791199395 min: -12.160037762852738 max: 1.9144783077312189
Mean: -5.145087070331893 min: -12.22391013500163 max: 2.1078880292160185
Mean: -4.714615901116536 min: -11.866191869349384 max: 1.896460403809299
Mean: -4.755011324242802 min: -11.478104412119098 max: 1.7336806380921828
Mean: -3.8732272280277256 min: -11.6568661353269 max: 1.905607157192206
Mean: -4.201737617468297 min: -11.760870899376295 max: 2.162912784365698
Mean: -5.753858101688536 min: -12.179155038448485 max: 2.0658497917886547
Mean: -4.93544606140103 min: -12.220206763762851 max: 1.9796971131372312
Mean: -5.194074847804199 min: -12.349060394336888 max: 1.5617951190135897
Mean: -3.6713758923503197 min: -11.57999869490673 max: 1.7171023509131016
Mean: -6.243624903430328 min: -12.344152409344533 max: 2.1124868800918093
Mean: -6.73706530105416 min: -12.309358075494963 max: 1.682028241066697
Mean: -5.0829597340764225 min: -12.392814262068335 max: 1.8509612881221023
Mean: -2.6068183082230134 min: -12.355270109703602 max: 1.959380285349712
Mean: -2.865895551566853 min: -12.284929578760515 max: 1.9309165995300885
Mean: -4.997400610622053 min: -12.22539661578477 max: 1.6877905885817917
Mean: -4.1460340333737475 min: -11.175812714933004 max: 1.6632228887519864
Mean: -3.8845739625484406 min: -12.069337911708482 max: 1.813820876062967
Mean: -4.570689091141715 min: -12.281819874822197 max: 1.9904579758414072
Mean: -2.36007176543405 min: -11.340241871767834 max: 1.9546824174935542
Mean: -2.6370970149959523 min: -11.19797290175747 max: 2.0601968513265105
Mean: -4.133083505057323 min: -12.31755996152563 max: 1.818442752943745
Mean: -2.9568888235578936 min: -12.161772041280916 max: 2.044053967831038
Mean: -2.669060997296502 min: -12.238392879239226 max: 2.007778848306923
Mean: -4.353965875365051 min: -12.067522418432786 max: 1.891386704342273
Mean: -3.7925759588681838 min: -11.879624643926874 max: 1.8034440967720635
Mean: -5.587611999648525 min: -12.353621135624932 max: 1.7237206448121372
Mean: -3.2058178086199525 min: -11.827315749297433 max: 2.0357303449440174
Mean: -6.027539797672042 min: -12.480762337151441 max: 1.7703877652949167
Mean: -4.1514109817764435 min: -12.232824138925322 max: 1.6682252154919333
Mean: -4.311575373182821 min: -12.105083945436046 max: 1.6790481460764677
Mean: -4.18597212665635 min: -11.176929808634167 max: 2.012053348852078
Mean: -4.169141419687189 min: -12.339341940540992 max: 2.0555908537422938
Mean: -5.798308640069788 min: -11.450314584576205 max: 1.7728927499398444
Mean: -3.1363023459573416 min: -11.166131316664439 max: 1.7553697957846714
Mean: -5.099427963662629 min: -12.354454610182406 max: 1.7347992599708268
Mean: -3.361395490509332 min: -11.247852028113892 max: 1.7600844188447677
Mean: -4.654403529869435 min: -10.583057930892313 max: 1.8535822463673228
Mean: -4.898545438227791 min: -12.27919328236824 max: 2.09054357348344
Mean: -3.659335862722477 min: -12.254482576289956 max: 2.061566540425632
Mean: -4.836627893380698 min: -11.185790473644122 max: 2.1443782729261307
Mean: -4.588114022937587 min: -11.884512297139565 max: 2.076760349980352
Mean: -5.719521810585591 min: -12.189783240298848 max: 1.866167180539911
Mean: -5.590638232532995 min: -12.349858186309273 max: 1.6951769426297778
Mean: -3.654892144024732 min: -12.353488361604729 max: 1.8913048985650058
Mean: -5.668470373410807 min: -12.348146246428602 max: 2.168104747262123
Mean: -5.576512344223077 min: -12.304420425162782 max: 2.1928028145267464
Mean: -5.413588649061552 min: -11.463069147392 max: 1.706566881128084
Mean: -4.4835343148242774 min: -10.93460466125956 max: 1.9400894010422676
Mean: -5.361124415358912 min: -12.208024692613705 max: 2.0286597699823363
Mean: -4.71945957685472 min: -11.50972421052561 max: 1.8607107528161708
Mean: -5.684490820055516 min: -12.321892658814726 max: 1.7154947729521661
Mean: -5.962608212307533 min: -11.883926753219232 max: 2.1994902413037885
Mean: -5.959204128805454 min: -12.306715523821442 max: 2.1889716296479595
Mean: -4.804716311895211 min: -11.4821887836205 max: 1.7051143809470808
Mean: -5.093686168232575 min: -11.720788077731761 max: 1.7489855684564084
Mean: -4.788311305315502 min: -12.12846927406606 max: 1.676658933599779
Mean: -4.080734927814798 min: -12.357781998886589 max: 2.0654766072272395
Mean: -5.296163826919853 min: -12.246019877153927 max: 2.237354508773604
Mean: -4.843295786719868 min: -12.339737230605222 max: 2.160722676225979
Mean: -5.417294032694957 min: -12.346353963194446 max: 1.7297580713345593
Mean: -4.766187094231424 min: -12.326257929598723 max: 2.1212310799462024
Mean: -4.653320987811493 min: -11.942767225627406 max: 2.1597144305990925
Mean: -7.108597045891929 min: -11.419648091591348 max: 1.5491507589339808
Mean: -4.087195876978729 min: -11.49392358558454 max: 1.4096017744867204
Mean: -5.8434100833918485 min: -12.299014045437492 max: 2.2161594915265246
Mean: -4.851715446608638 min: -12.334515058722012 max: 1.7284237429130658
Mean: -5.550537539563582 min: -12.164284430569456 max: 2.0336127264367354
Mean: -6.292719314885943 min: -12.071488999412361 max: 1.6773866657510896
Mean: -5.804862874705962 min: -12.389267690267241 max: 2.2134741372028883
Mean: -6.467730746328339 min: -11.649979243788014 max: 1.6545784179325183
Mean: -6.497300209941783 min: -11.543233720131964 max: 1.7385048824789602
Mean: -4.76729756471594 min: -12.304940481301905 max: 1.70049308021365
Mean: -6.732580093857425 min: -11.432627106950262 max: 1.55532848813145
Mean: -5.942293114149325 min: -12.340548039227336 max: 1.9556052191547124
Mean: -4.843547076742936 min: -12.3973154641224 max: 1.9856662606904292
Mean: -5.738660422398826 min: -12.370255410325173 max: 1.5575118460581185
Mean: -4.50685244350728 min: -12.076526985177864 max: 2.0433096832226907
Mean: -5.765445697777658 min: -12.335552690177177 max: 1.7297533122950939
Mean: -4.864203832805116 min: -12.311457829521292 max: 1.721847051380777
Mean: -6.280635332745371 min: -12.330863204469857 max: 1.7114426909897598
Mean: -3.818368600428621 min: -12.255989220019755 max: 1.703151484878873
Mean: -6.539553823960217 min: -11.898660223055554 max: 1.9713113830002282
Mean: -5.311521562668587 min: -12.066654857584007 max: 1.728247056704232
Mean: -4.354385647671806 min: -11.344565611310708 max: 2.024330371458359
Mean: -5.137354581868737 min: -12.225135016366476 max: 2.1742691137371724
Mean: -4.97907662338429 min: -11.5518686575906 max: 1.741761663372002
Mean: -5.759082419800556 min: -11.646906936978347 max: 1.781675268583589
Mean: -3.8021747921623987 min: -11.53712310277359 max: 1.9530281771760405
Mean: -5.7413733881700395 min: -12.23041517763175 max: 1.6256312609310213
Mean: -6.359465537023907 min: -11.862820466377665 max: 1.9423655575799257
Mean: -5.103636776663411 min: -11.710476580102638 max: 1.7089299372833386
Mean: -5.741540413447604 min: -12.340820907403101 max: 1.9728409556259952
Mean: -6.834883286068882 min: -11.64330391119931 max: 1.6422820506633327
Mean: -4.859335546154199 min: -12.335128836118058 max: 1.590930024866573
Mean: -6.391954111530964 min: -12.331876594162814 max: 1.638918074994343
Mean: -3.775517787298991 min: -11.894261644596629 max: 1.7432690374239608
Mean: -5.350916867884127 min: -11.96300350536933 max: 1.7938664771992194
Mean: -5.723615838008873 min: -12.349788674664651 max: 1.5749033459823112
Mean: -4.080338754294168 min: -12.32009198178793 max: 1.6544718115587014
Mean: -6.310063514968532 min: -11.854913944382066 max: 1.8579989032778979
Mean: -5.118835357425847 min: -12.328603793530679 max: 1.653633404728213
Mean: -3.8859026176439118 min: -12.319535134769566 max: 1.672605491427406
Mean: -5.964440195011516 min: -11.475784882204033 max: 1.6634410955117307
Mean: -5.193306449345069 min: -11.568547889844659 max: 1.9946760322014003
Mean: -3.8328573800292456 min: -11.150806250866001 max: 1.7051781178515981
Mean: -4.720437956742549 min: -11.487444989052904 max: 2.0832240236305437
Mean: -5.618654549120408 min: -12.331659065561865 max: 1.5546548740711745
Mean: -6.315008862650627 min: -12.358322403060614 max: 1.573144515428169
Mean: -5.658852643638121 min: -12.36005483563287 max: 1.6616820089713333
Mean: -6.061840098839065 min: -12.326094834563866 max: 1.9823866641601466
Mean: -5.623768726132633 min: -12.3294030330777 max: 1.7794908452792235
Mean: -6.2234345869940455 min: -12.143385998875214 max: 1.6732474190598972
Mean: -6.130940129180813 min: -11.41131622347191 max: 2.1827107850254404
Mean: -5.151512304084661 min: -11.964392878999274 max: 1.7286547466068738
Mean: -5.749021611985086 min: -12.269991718880647 max: 1.8566742744023494
Mean: -4.711820451898447 min: -11.839820140241995 max: 1.7491617529032246
Mean: -4.345104520208198 min: -11.84063153054699 max: 1.6685960997384226
Mean: -6.028690015716624 min: -11.518764326176875 max: 2.1634945058341724
Mean: -4.878299220203858 min: -11.241386905230932 max: 1.620457180681772
Mean: -4.170052620570742 min: -12.329092288723238 max: 2.3193494149507194
Mean: -4.82807923966026 min: -12.570349713434506 max: 1.7437056860710949
Mean: -4.7947408778807015 min: -11.000309817437184 max: 1.7628254963711043
Mean: -4.3668130679885655 min: -12.356238888173474 max: 1.681893147682995
Mean: -6.390221610978923 min: -12.327573990109158 max: 1.7941175880727172
Mean: -4.8362497113374765 min: -12.347196762489265 max: 1.9081639016552776
Mean: -5.912094112295896 min: -12.341921178635014 max: 1.9157119248786592
Mean: -6.063446796587211 min: -12.287062092488368 max: 1.883771466962718
Mean: -5.698941683436534 min: -11.366039721923368 max: 2.155915869347392
Mean: -3.8102225126588825 min: -11.272635308245597 max: 1.6302448205011848
Mean: -5.697383647184868 min: -11.53539897448221 max: 2.064077094479977
Mean: -4.647438058894166 min: -11.127457745253006 max: 1.8235472885458062
Mean: -4.762447976241747 min: -12.228081802378002 max: 1.6482580825703537
Mean: -5.996918555266352 min: -12.356093179234762 max: 1.9308698245817637
Mean: -5.802421232306207 min: -12.185419892378274 max: 2.0481517367782773
Mean: -4.378663464424882 min: -11.80726593580156 max: 1.9398734856466344
Mean: -6.717217941377242 min: -11.584062791519713 max: 2.202122996082056
Mean: -6.174296145065569 min: -12.342927826146447 max: 1.6744566283436675
Mean: -4.484227814237702 min: -11.83244923451533 max: 2.0920455088231247
Mean: -6.590102267484412 min: -12.331344845899963 max: 2.042309985905719
Mean: -6.010609601053083 min: -12.341042263393305 max: 2.0534289373526002
Mean: -7.09100140335836 min: -12.40081061021459 max: 1.5840386889681555
Mean: -5.1551379828380774 min: -12.274460688439223 max: 1.786390570186349
Mean: -5.209250971499703 min: -12.34476671964375 max: 1.643243264646438
Mean: -6.001946949675117 min: -11.84790621580343 max: 1.872874261496519
Mean: -5.864891068062575 min: -12.347055492504554 max: 1.6332850456339505
Mean: -5.553335420486206 min: -12.381078505296152 max: 2.078788524080493
Mean: -4.938285425114296 min: -12.37975552094575 max: 2.0188348035427235
Mean: -5.236109201780923 min: -11.460620192267365 max: 1.7950392954852807
Mean: -4.934400679918818 min: -12.109745447318808 max: 1.7816629952574883
Mean: -4.573621341063688 min: -13.157542074208012 max: 2.064819928986138
Mean: -4.760302365155734 min: -11.153939648045018 max: 2.091859774106372
Mean: -4.148728305681774 min: -11.19746729436707 max: 2.0173146686877064
Mean: -5.4403527319683125 min: -12.35508620278663 max: 1.6650121277420094
Mean: -4.862507244211207 min: -11.67364721744712 max: 2.007254969207371
Mean: -4.489903313689716 min: -11.513988864124041 max: 1.7734466367131876
Mean: -6.3000703403179035 min: -12.325752805585134 max: 1.580463673353743
Mean: -6.586812980247396 min: -12.376937037783426 max: 1.6990401641018207
Mean: -5.260990786833759 min: -12.343787723478338 max: 1.9524703692267975
Mean: -4.601160389028118 min: -12.400621798191768 max: 2.2241629437715016
Mean: -4.390021207469887 min: -12.343360147289776 max: 1.8845671277259335
Mean: -4.615555694321519 min: -12.36351810816764 max: 1.6953604243113278
Mean: -5.162722387013315 min: -12.370835084765373 max: 2.1074483378072815
Mean: -4.771741158370175 min: -11.268312866181581 max: 1.6707514784235398
Mean: -4.345400011159322 min: -11.160460727951467 max: 1.8593314441181077
Mean: -4.20063084881311 min: -10.642418666004161 max: 1.727321447758482
Mean: -4.897243548951511 min: -12.224937974785405 max: 2.04239969678536
Mean: -6.337057973560474 min: -12.351057748503486 max: 2.428479260052993
Mean: -4.9046923983295905 min: -11.890967272109974 max: 1.643719725584424
Mean: -5.85529848833422 min: -11.3711168575811 max: 1.6612754887795524
Mean: -5.610520550172265 min: -12.214637423314684 max: 1.5945955338986815
Mean: -5.397298557526579 min: -11.453557825304998 max: 1.6374902343119682
Mean: -4.781086586998937 min: -12.330152593549666 max: 1.6749809831535711
Mean: -4.656724691703165 min: -12.402987593490739 max: 1.6915496279742317
Mean: -5.346007799481878 min: -12.859847989246154 max: 1.7471839695657483
Mean: -5.923903806343961 min: -12.332105498963688 max: 1.6327441386614725
Mean: -4.613061718171613 min: -12.311144726361636 max: 1.5588819802294742
Mean: -5.643067536075521 min: -12.320289755150327 max: 2.01262407312035
Mean: -4.493581005830556 min: -12.365138509716752 max: 2.170975413706929
Mean: -3.7767111514564906 min: -12.308490481050073 max: 1.6503707120072457
Mean: -4.476344277904797 min: -11.280289049782262 max: 2.2095551975275147
Mean: -3.308094350115094 min: -11.262776631785824 max: 1.7063308904911094
Mean: -5.2385239671150385 min: -12.331540319341336 max: 1.6152149198206034
Mean: -5.434114777175855 min: -12.333029806693396 max: 1.6619800628003767
Mean: -5.008793372916797 min: -11.159244867405015 max: 1.4719498669002313
Mean: -4.817346127205891 min: -12.142603903411024 max: 1.705129142139128
Mean: -5.566835361749647 min: -12.21894724381541 max: 2.156778268879269
Mean: -3.2028363607439236 min: -11.891082669458502 max: 1.7427902312645536
Mean: -5.213048713650487 min: -11.900646615469372 max: 1.6198921635821009
Mean: -3.9768083075824285 min: -12.354233540164431 max: 2.2136418864409464
Mean: -4.262023714053164 min: -12.415360603348955 max: 1.801767488597899
Mean: -4.938921025593655 min: -12.248722909809354 max: 1.5957745557566965
Mean: -3.525877783208179 min: -12.31771460714623 max: 1.7589370728373785
Mean: -4.229196416900928 min: -12.412935875004623 max: 2.1370482796068733
Mean: -3.413491535000881 min: -12.363207324877568 max: 1.7473183895081845
Mean: -4.113534583562714 min: -11.26189607030651 max: 1.4688998848980248
Mean: -3.6878033997908686 min: -12.451220683825156 max: 1.698009132436588
Mean: -4.306729776499979 min: -12.374138130144875 max: 1.2052744599782559
Mean: -4.447279642791279 min: -11.72347012573469 max: 2.0458018668875493
Mean: -4.505190766623406 min: -11.396018347292912 max: 1.6705261601332222
Mean: -4.780488778262999 min: -11.447335854122855 max: 1.8936331367597639
Mean: -4.206110917938148 min: -11.303803316607276 max: 1.791315050956883
Mean: -5.0320801365481715 min: -11.314019326125482 max: 1.6494376480426498
Mean: -5.300424792570161 min: -12.320607733755736 max: 2.1553978947708323
Mean: -4.650830043172668 min: -12.261492579303681 max: 1.5059870370524806
Mean: -4.764011929284481 min: -12.329975927508924 max: 2.4685798269916663
Mean: -3.4210011222747094 min: -12.382394451786888 max: 1.7246894078282344
Mean: -5.163397648772174 min: -12.359301086218826 max: 2.0758668274133476
Mean: -4.973769941413524 min: -12.12166356927623 max: 1.7320433562099191
Mean: -5.964748359575985 min: -12.328334792700476 max: 1.9501695795074925
Mean: -5.952276429821096 min: -12.345476142747073 max: 1.8311674920998384
Mean: -4.738394911322866 min: -12.36576885393653 max: 1.627691504092137
Mean: -4.017612151949515 min: -12.344440712861559 max: 2.190433828747861
Mean: -5.135122925540319 min: -12.12056495103759 max: 1.632445538449378
Mean: -4.597006444224371 min: -12.394202500241025 max: 2.0001312758614436
Mean: -5.327345706779872 min: -12.040950630340157 max: 1.987544129273089
Mean: -3.445282041311429 min: -12.340837178003037 max: 1.2386628071801327
Mean: -4.029120988674836 min: -12.019266350283862 max: 1.7525461622969558
Mean: -3.677558366315426 min: -11.615939085678324 max: 1.8699344595563907
Mean: -3.820698453845856 min: -12.072190292541833 max: 1.6548012662663034
Mean: -4.6323302327322065 min: -12.122216657037944 max: 1.6530856936571838
Mean: -5.09402991427951 min: -12.481878806383527 max: 1.9750780927653317
Mean: -4.592770679104866 min: -12.391236672047814 max: 2.106275953968462
Mean: -4.3911899109909465 min: -11.146922908878096 max: 1.649205791628706
Mean: -4.782150336793792 min: -12.359738476403027 max: 1.9753596509479818
Mean: -4.633104782482748 min: -12.427781604605471 max: 1.5893816253762627
Mean: -3.863496334580461 min: -11.045298623494608 max: 2.207565756856097
Mean: -4.880971042569093 min: -12.403336537392205 max: 2.0720269390675465
Mean: -5.011940610477236 min: -12.366954320040742 max: 1.6812271870766102
Mean: -3.857708960618807 min: -12.327428256186208 max: 1.6709357183120375
Mean: -3.7182455862578196 min: -11.560947522526545 max: 1.468828964905592
Mean: -5.249687705135856 min: -12.452244981173619 max: 1.020582818923409
Mean: -3.6734770788054942 min: -11.16225860580314 max: 1.6809579937818782
Mean: -3.3929571906718596 min: -11.255887138116611 max: 1.6684570790139384
Mean: -3.2385338857739465 min: -11.133030704361909 max: 1.718457723877291
Mean: -2.7398239291630357 min: -12.313293180403424 max: 2.128242374261217
Mean: -3.870229366718347 min: -11.292443996666412 max: 1.6284243516399928
Mean: -3.834935060673881 min: -12.092844101469227 max: 2.0544854316444865
Mean: -3.4165521232745197 min: -12.34029181117862 max: 1.6608922712655245
Mean: -3.5248443407646284 min: -12.324849022864697 max: 1.8734862155318044
Mean: -3.8491383071153864 min: -11.795570453810633 max: 1.64819641373535
Mean: -4.088131798824072 min: -12.289144205581959 max: 1.744878165662615
Mean: -3.171106333727029 min: -12.346888108605093 max: 1.9470675677467004
Mean: -3.917918703215889 min: -11.23632172774622 max: 1.6857741499850298
Mean: -3.130215515656884 min: -12.341291369019038 max: 1.5958492859924847
Mean: -3.531022814742881 min: -12.575659410363082 max: 2.000266216287844
Mean: -3.9884599592115046 min: -12.333606552176505 max: 1.7852067556332423
Mean: -3.747134534745855 min: -12.347940421694851 max: 2.1086415977388215
Mean: -4.041099277995484 min: -11.286100412169274 max: 2.0346188603962108
Mean: -4.040806688862632 min: -12.253013729212238 max: 1.756617834767366
Mean: -3.3315782023363107 min: -11.445087460930823 max: 1.7599440118027498
Mean: -3.7084193478329337 min: -12.312406615293172 max: 1.6319704265298218
Mean: -4.3885927304729995 min: -12.247332197720992 max: 1.7017993264143747
Mean: -3.994300304260153 min: -11.619006021190467 max: 2.0618360862941696
Mean: -2.9950640034092415 min: -12.336105907874057 max: 1.550053258802149
Mean: -3.023544488835733 min: -12.268978432978333 max: 1.8805687395596513
Mean: -4.102201517462346 min: -12.700029493190655 max: 2.1450573004695226
Mean: -2.9211069656783413 min: -12.324048376029722 max: 1.7308261678216916
Mean: -3.9480643106337556 min: -12.076433009183207 max: 1.7422392961245512
Mean: -3.6086190463530015 min: -12.466595490423021 max: 1.7670554941469627
Mean: -5.040991618292908 min: -12.320033733851803 max: 1.7043254738436264
Mean: -3.822341208056104 min: -12.329458781291184 max: 1.6830245885802861
Mean: -5.002324560909582 min: -12.178293258966772 max: 1.733395054269624
Mean: -3.9711441742194835 min: -12.328936854760514 max: 1.6243028170347837
Mean: -4.642407019513366 min: -12.12100536861426 max: 1.8157190245764163
Mean: -3.932731697344106 min: -12.303115400034041 max: 1.620692082386072
Mean: -4.054943150937749 min: -12.123137376975045 max: 1.8890233738085853
Mean: -3.2470068828710272 min: -12.330378557459461 max: 1.6480212785665562
Mean: -3.822847658765985 min: -11.187024500621911 max: 1.8193371808891479
Mean: -4.5593244192424125 min: -11.896549888209398 max: 1.626286287977527
Mean: -5.127316633979134 min: -12.271586835065168 max: 1.7242551402887822
Mean: -2.8616248124790373 min: -12.32515228671586 max: 1.745725840676994
Mean: -3.3715070867585935 min: -12.321849946974334 max: 1.6656226721880063
Mean: -3.0675019153211753 min: -11.598733196574571 max: 1.7505936960142419
Mean: -4.223011742213274 min: -11.921469571246057 max: 1.7040950375244
Mean: -4.715511159661316 min: -12.315047017020865 max: 1.6677552307041876
