Mean: -10.898996247568835 min: -11.666265011440839 max: -10.773543027644916
Mean: -10.895933367780007 min: -11.799928719163749 max: -10.793155858249651
Mean: -10.644016188660803 min: -11.66111096512905 max: -5.690082571727901
Mean: -10.803295687524102 min: -10.938868514531976 max: -10.756808727554356
Mean: -10.855936945136145 min: -11.978109600719126 max: -10.74903944319648
Mean: -10.831534587894932 min: -11.388038761800964 max: -10.749424897706632
Mean: -10.778314757940613 min: -10.822155931982833 max: -10.533972124967475
Mean: -10.645067110758985 min: -10.801649522332971 max: -10.430185453252557
Mean: -10.11781943093646 min: -10.547216050305092 max: -3.286783773093203
Mean: -7.218248008221389 min: -11.73130608888225 max: -3.20148380605474
Mean: -3.2456334300946237 min: -3.526053606047338 max: -2.822538362944316
Mean: -3.0572132789473465 min: -3.2269369404413473 max: -2.8156291881075104
Mean: -3.6888370844886893 min: -11.04264506469611 max: -2.7671385347355755
Mean: -2.803668673576065 min: -3.090631552658142 max: -2.1581385332116003
Mean: -2.9689875371583048 min: -10.207317388558621 max: -2.169907619435389
Mean: -3.553186514971346 min: -10.449631396639898 max: -2.1528621009851086
Mean: -2.978341194475262 min: -10.37775461065229 max: -2.1461100139112954
Mean: -2.7493344274468745 min: -10.840077427538546 max: -2.1457858562663534
Mean: -2.5504342322897395 min: -4.953067696598206 max: -2.130129739687281
Mean: -2.413100222407172 min: -2.9829307171213553 max: -2.1487893041204726
Mean: -2.990164789500438 min: -10.16526054606804 max: -2.1441522431720315
Mean: -2.5948920519535106 min: -4.681026320475962 max: -2.1474414965059134
Mean: -3.317620165978976 min: -10.349145573107045 max: -2.1231820118114846
Mean: -2.501845306214722 min: -3.0074390412386447 max: -2.1527347809207398
Mean: -2.845036638223984 min: -9.701660854130228 max: -2.1336185305928264
Mean: -10.825043245191614 min: -12.107263532988728 max: -6.2444574227813465
Mean: -10.845013318340834 min: -10.921724772237551 max: -10.810270938697768
Mean: -10.826309680849876 min: -10.92099987970516 max: -10.675892029809988
Mean: -10.939964321094669 min: -11.815902609362748 max: -10.669471462326106
Mean: -10.999026016714453 min: -11.670140514575108 max: -10.48279359136151
Mean: -10.796056019575415 min: -11.554512639808571 max: -10.430586893159102
Mean: -10.530259961683724 min: -11.417809935838058 max: -10.414360410510529
Mean: -10.486401133244906 min: -11.223361759870034 max: -10.2669185763919
Mean: -10.413090062535076 min: -10.513958256239 max: -10.083170278647179
Mean: -10.3277536189956 min: -10.691980206883665 max: -10.034460390808706
Mean: -10.380003866849055 min: -11.321264066313187 max: -10.070745405761285
Mean: -7.835906389911753 min: -11.358491568149764 max: -1.5047763765163178
Mean: -4.728381178112824 min: -11.373425302335217 max: -1.4237090626360658
Mean: -4.6533893880877475 min: -12.009328493038478 max: -1.1918971071774582
Mean: -4.376833808569609 min: -12.219066457430372 max: -1.4685333227133865
Mean: -4.5064171065590575 min: -12.431831878651026 max: -1.418792922379411
Mean: -4.037399220888853 min: -12.56104721498518 max: -1.5195487419131268
Mean: -3.785346309564607 min: -11.918907595218151 max: -1.1486889836131746
Mean: -2.3255545392725265 min: -11.354313247978816 max: -0.9341028979765807
Mean: -4.106354929137954 min: -11.887222494236177 max: -1.1694252617317076
Mean: -3.9968028803454887 min: -12.405416082310646 max: -0.9278542532474773
Mean: -4.561475388485355 min: -11.924983633804842 max: -0.8600091417492253
Mean: -2.449769830442501 min: -11.322132707046848 max: -1.0883951436507266
Mean: -2.388502612719717 min: -10.780114345903813 max: -0.40200610665357656
Mean: -2.9592258522465498 min: -11.923032943307064 max: -1.0619309553082281
