Mean: -10.750758402325465 min: -11.785267111665942 max: -5.867671440335896
Mean: -5.2592423006525175 min: -5.856122295740976 max: -4.662362305564062
Mean: -10.358926480946886 min: -11.601946940425721 max: -3.390437896261071
Mean: -4.484480287038693 min: -4.496256504438317 max: -4.47270406963907
Mean: -9.722695878509922 min: -11.92439556974573 max: -4.418802270732455
Mean: -3.6827378991683144 min: -4.174460262495434 max: -3.191938389779163
Mean: -3.1884943390961267 min: -3.2176865381270097 max: -3.0208016580282457
Mean: -3.077140229960026 min: -3.219151206908618 max: -1.6586220449163138
Mean: -1.9669208349198044 min: -2.299834940226723 max: -1.539421868277328
Mean: -1.617852889001445 min: -1.680620415990259 max: -1.2546456591393174
Mean: -1.403383068440281 min: -1.5529066464883459 max: -1.2538594903922164
Mean: -1.3844667982624927 min: -1.4925857633415955 max: -1.2470527339898152
Mean: -1.245492345570344 min: -1.2536617451041623 max: -1.1635954834084417
Mean: -1.2139139766202434 min: -1.2750356972681043 max: -1.1471744867814238
Mean: -1.1346755965401862 min: -1.1982305732517844 max: -1.0191703105884153
Mean: -1.1279568832295932 min: -1.1335196597416317 max: -0.8909486880793996
Mean: -1.0354043512792461 min: -1.330843731571953 max: -0.7501059089701445
Mean: -0.7498118489604115 min: -0.7523267562988492 max: -0.5890024168565264
Mean: -0.7496842576519382 min: -0.8359203380339958 max: -0.6041786055718871
Mean: -0.6769404861244466 min: -0.8161046917768399 max: -0.2478818380240131
Mean: -0.25831860098994913 min: -0.271512923417399 max: -0.2235858356288851
Mean: -0.22397704860486667 min: -0.23715485806159303 max: -0.08837809546010386
Mean: -0.13958116088039 min: -0.19035407137638805 max: -0.08823922126701539
Mean: -0.08746771932227375 min: -0.08867459585622557 max: -0.08512036310948887
Mean: -0.08698204646106734 min: -0.0889244485405414 max: -0.08503964438159324
Mean: -9.09241604385477 min: -11.428320160135438 max: -0.07932275314114304
Mean: -0.0817854852581322 min: -0.0841975927007939 max: -0.0715382612597003
Mean: -0.07072583299969738 min: -0.07072583299969741 max: -0.07072583299969741
Mean: -5.6423437959785625 min: -11.157136185057228 max: -0.06802738932568478
Mean: -0.06910881604606954 min: -0.07309495474019746 max: -0.06512267735194163
Mean: -0.09674118096860893 min: -0.0979939284169669 max: -0.07229976806882425
Mean: -8.160731106393493 min: -11.988460128737936 max: -0.04772843539288934
Mean: -0.10026792977196726 min: -0.10473961794882616 max: -0.06941570938879824
Mean: -0.06953779309331619 min: -0.07087897822329979 max: -0.06819660796333256
Mean: -0.07622212983626142 min: -0.0807611717047823 max: -0.06480244636280869
Mean: -5.730221489386131 min: -5.903454347429178 max: -2.2410243229011573
Mean: -2.3562446792285496 min: -2.5783214685662377 max: -2.134167889890862
Mean: -2.20082282533544 min: -2.2008228253354396 max: -2.2008228253354396
Mean: -10.50323204604969 min: -12.448700616590244 max: -2.4562987410918473
Mean: -2.5353748494390125 min: -2.609289430121616 max: -2.4614602687564084
Mean: -6.142622816567572 min: -6.145309129557997 max: -6.139936503577147
Mean: -6.142187730648302 min: -6.142187730648303 max: -6.142187730648303
Mean: -6.153450203337098 min: -6.155593337007077 max: -6.142169355947766
Mean: -10.745602211835175 min: -11.729081139602823 max: -5.820376970128282
Mean: -10.342911633353202 min: -11.938864976558028 max: -4.242321029491801
Mean: -4.179060760194841 min: -4.430882047443841 max: -2.8338434227636475
Mean: -3.0057960989965964 min: -4.072639101376853 max: -1.2103850110686858
Mean: -1.8746877829348447 min: -3.244004663616643 max: -0.16108514422903475
Mean: -10.627950263470133 min: -11.903645595708987 max: -4.632699032484813
Mean: -10.42425017003125 min: -11.955835476404554 max: -2.225324277258564
Mean: -7.524243006137948 min: -11.756128601070866 max: -1.42708798956565
Mean: -3.4298121020367747 min: -11.666354006499985 max: -1.2018143029180668
Mean: -10.794285976379202 min: -12.58127592985624 max: -6.143579314505421
Mean: -10.187790556283419 min: -12.31758644234029 max: -4.31367398718967
Mean: -8.591421537837919 min: -12.257896444278085 max: -3.2893536865962227
Mean: -4.530448766455347 min: -11.472460334954821 max: -2.718388879377862
Mean: -4.806080798865753 min: -11.596532772490505 max: -2.5760716787136904
Mean: -5.132893923653595 min: -11.91521323801959 max: -1.7898254783137073
Mean: -4.475505209845509 min: -11.223414793093811 max: -1.6857006326323902
Mean: -3.7090114198311195 min: -11.942676708850048 max: -0.25862801240849936
Mean: -3.3356218692824484 min: -11.785820851275108 max: 0.085251512323773
Mean: -2.8232242546649395 min: -11.594514312703803 max: 0.19910912622955876
Mean: -1.8445437354543321 min: -11.723633633555755 max: 0.20913595007983737
Mean: -2.462805873483191 min: -11.944047302604126 max: 0.2755136776096878
Mean: -2.366254475630286 min: -12.003654691200015 max: 0.37219427448896014
