Mean: -11.185419968821599 min: -11.855787482798533 max: -10.87444827586996
Mean: -11.287962600137913 min: -12.056950767123265 max: -10.8160340892246
Mean: -11.130786217117755 min: -11.800404879678352 max: -10.79463837779959
Mean: -10.925718276524817 min: -11.740987470991227 max: -10.670859399484163
Mean: -11.225729078394018 min: -12.107370025424224 max: -10.509552778652363
Mean: -10.744209301105858 min: -10.837079494489313 max: -10.574792818791602
Mean: -10.352568159067625 min: -11.230673842795575 max: -6.068472698884911
Mean: -10.850412620660965 min: -11.542574874761264 max: -10.493886040311123
Mean: -10.780359337331495 min: -11.701118534231995 max: -10.452998616416616
Mean: -10.186190631975645 min: -12.441885390193026 max: -2.5303777340143188
Mean: -7.430339219291001 min: -11.53259458978903 max: -2.4473442927476623
Mean: -3.569642311646176 min: -9.836616579626268 max: -2.44933378172327
Mean: -3.9370306078337203 min: -9.830008290556695 max: -2.41657258015693
Mean: -4.915011606819799 min: -9.828605124127927 max: -2.3580008623216835
Mean: -2.3586252459673993 min: -2.417191217363497 max: -2.318131040226989
Mean: -4.079041562068838 min: -11.20907628984678 max: -2.281573725629547
Mean: -3.185753887774775 min: -10.93709930015759 max: -2.2814316297851285
Mean: -3.8671640554940283 min: -9.991178099043097 max: -2.278116394338938
Mean: -3.181807081895638 min: -9.940000069654173 max: -2.3081216184141886
Mean: -4.66146070742918 min: -9.960815144790585 max: -1.955616752155016
Mean: -5.444382435361814 min: -11.43742999736468 max: -1.9294229173239454
Mean: -5.895549022220083 min: -10.252960496064462 max: -1.890780675523381
Mean: -3.606164993636726 min: -11.223112076566341 max: -1.8403363432041735
Mean: -2.8165958878150077 min: -9.649524713037474 max: -1.8714710678824307
Mean: -3.8206112839193573 min: -10.946156754931705 max: -1.7713041779653294
Mean: -2.750296933860936 min: -10.235828426012736 max: -1.7705286791954902
Mean: -2.758787599975457 min: -10.333521893646326 max: -1.842905686542588
Mean: -2.6742974309571803 min: -9.503501835464366 max: -1.8539557304902214
Mean: -2.6719095374452095 min: -9.94064091793105 max: -1.7283127886997995
Mean: -3.593692375476074 min: -11.151211522216599 max: -1.7107913538437012
Mean: -3.750839997705634 min: -12.158848644415226 max: -1.8435343276894494
Mean: -5.226010781702252 min: -10.89474985035065 max: -1.8473881998391737
Mean: -3.0494529516412734 min: -10.009011902249505 max: -1.716347837397414
Mean: -3.980897282263526 min: -11.378000395051156 max: -1.5937506088601292
Mean: -6.748507786841229 min: -11.281901647522325 max: -1.6779445887275501
Mean: -3.379982005744695 min: -10.973325361236558 max: -1.6145239902331974
Mean: -4.881424790021173 min: -11.86161226224239 max: -1.6531530766194027
Mean: -2.5077311803366746 min: -9.95183718437571 max: -1.6352270035929164
Mean: -2.384266472596443 min: -9.529573540921591 max: -0.9591692291584916
Mean: -1.4364043702284408 min: -2.0729043058422194 max: -1.1417638131536978
Mean: -3.763423822513893 min: -9.820031705203405 max: -1.1883819841817735
Mean: -2.0326766087316503 min: -9.748276153058745 max: -1.0883739507716175
Mean: -3.1404700779477395 min: -11.158691976572381 max: -1.079424867612189
Mean: -3.012766707271923 min: -10.509360159672145 max: -1.0600342353995884
Mean: -2.8668160764201005 min: -9.978072025064726 max: -0.7559837754082525
Mean: -3.55843298144884 min: -10.266006117856378 max: -0.7612717044138592
Mean: -2.0951743441339716 min: -11.165301792440879 max: -0.7341710774632776
Mean: -1.81807390979024 min: -10.423590540820092 max: -0.7361879307846838
Mean: -2.6459185376245196 min: -9.578386024782427 max: -0.6940290097283799
Mean: -6.422741070286138 min: -10.312630292187942 max: -0.7291025638490153
Mean: -2.173546987272104 min: -11.610959923811409 max: -0.7510820896735326
Mean: -2.739308848527245 min: -11.230364241055089 max: -0.6185134934581815
Mean: -3.743309938376135 min: -11.423275171493588 max: -0.2703235393882102
Mean: -2.8718643544893334 min: -10.62309934291886 max: -0.5178125480534429
Mean: -6.044161344582454 min: -11.170071299064224 max: -0.637738080971313
Mean: -3.8537410195292123 min: -11.454023643183069 max: -0.4984359542693883
Mean: -2.7627528446294036 min: -9.994947183992597 max: -0.5192352573861222
Mean: -2.571890669388987 min: -10.315561259115922 max: -0.43308862501542633
Mean: -4.49541664525086 min: -11.166221900734962 max: -0.47766787770440094
Mean: -6.526737733396656 min: -11.816854794440323 max: -0.5907616012610815
Mean: -1.6432305665907816 min: -11.466323634883056 max: -0.46931440515720513
Mean: -3.5430695247466253 min: -10.468738244523495 max: -0.5259657571088561
Mean: -4.777369587346303 min: -10.507163308040202 max: -1.0586840921382148
Mean: -2.735642876094171 min: -9.754824157379856 max: -0.7819435241839425
Mean: -3.0631877066023545 min: -11.227690511006076 max: -0.7505846858023294
Mean: -2.0532100404983353 min: -10.723574857040223 max: -0.5876788652903291
Mean: -1.7499813248775404 min: -10.07275763434119 max: -0.6146905317286601
Mean: -3.069211501790368 min: -11.352275822726478 max: -0.4550002717017524
Mean: -2.5177993770230795 min: -9.90752869831083 max: -0.17376319129796067
Mean: -1.146137228175082 min: -10.47299138931801 max: -0.005817501413537483
Mean: -3.2961061165526195 min: -11.279735316110571 max: 0.03790906303956834
Mean: -4.516136961858044 min: -11.224378775977002 max: 0.03924630613452931
Mean: -2.3551489884145402 min: -11.333315698631248 max: 0.03392883268007846
Mean: -3.5161377494245563 min: -11.326446419223007 max: 0.07150351927230542
Mean: -4.620450361150477 min: -11.332399636850253 max: 0.06858756698983762
Mean: -4.3878321726723275 min: -11.280626579832134 max: 0.016597706869070923
Mean: -3.1188332241560675 min: -11.265318904222394 max: 0.06355985822458914
Mean: -3.74544355829617 min: -11.281445735761741 max: -0.1606569750437277
Mean: -3.4480003062714544 min: -11.302754103016172 max: 0.0018403957544566676
Mean: -1.2685228836768432 min: -11.326796660784375 max: 0.05057860989563287
Mean: -2.2564873243053336 min: -11.249960846637464 max: -0.025072585402361524
Mean: -4.413558219884324 min: -11.54653753428788 max: -0.02936132827123902
Mean: -1.6702723893612892 min: -11.311745511553381 max: 0.09117117410760182
Mean: -2.194996986176839 min: -11.058457955658138 max: 0.21279923379471494
Mean: -2.157596822863334 min: -11.19825665160327 max: 0.2209890237231004
Mean: -1.14835132662814 min: -11.291590371294209 max: 0.2377113552620483
Mean: -4.421499181611579 min: -11.307037404662362 max: 0.24190173583939523
Mean: -3.5151960373959836 min: -11.28126816887005 max: 0.21707897547662544
Mean: -5.440178874187595 min: -11.440083997980281 max: 0.2641113563878273
Mean: -2.1950118223640986 min: -11.328678896904217 max: 0.2565666841642301
Mean: -4.11096939919054 min: -11.353707739121607 max: 0.22877770096131814
Mean: -2.1788197835706433 min: -11.284603675513477 max: 0.26661256528257793
Mean: -2.298094164839343 min: -11.216697670402278 max: 0.2717374876789153
Mean: -4.323302280299667 min: -11.32988613416791 max: 0.2799575877546941
Mean: -1.081987784189278 min: -11.474333661903295 max: 0.20334389760534222
Mean: -2.134096800289295 min: -11.47185196356451 max: 0.2950718652941038
Mean: -4.636645569893988 min: -11.348903670974474 max: 0.26309855879651606
Mean: 0.02500142171411493 min: -0.5587659611188197 max: 0.24294417616178027
Mean: -5.432057617394165 min: -11.268350319922668 max: 0.25005521673046693
Mean: -3.3400941849022514 min: -11.49305401519852 max: 0.20669181543464538
Mean: -1.1853523756036326 min: -11.234867837752223 max: 0.2731784249771286
Mean: -5.908505388479133 min: -11.436672640126726 max: 0.2713072245275954
Mean: -2.026051853077207 min: -11.427568392143957 max: 0.3060688073545411
Mean: -2.1495582743076787 min: -11.342321475954193 max: 0.33307499133965995
Mean: -2.1311190829098967 min: -11.480667501457237 max: 0.3269772393421788
Mean: -5.274392719020898 min: -11.372992101790578 max: 0.36248831887139554
Mean: -5.316688943092009 min: -11.418592014303657 max: 0.2603968903300363
Mean: -2.2590561327471486 min: -11.364177944395575 max: 0.33045290208449474
Mean: -5.234639530938983 min: -11.378353205805588 max: 0.28704981314800593
Mean: -1.2864085206856433 min: -11.359174831100328 max: 0.2608202236771574
Mean: -2.1270340263340057 min: -11.248574208854365 max: 0.24276224482075678
Mean: -1.5104677479998478 min: -11.085496068274473 max: 0.346600213974292
Mean: -1.2675160468874476 min: -11.280996626429456 max: 0.3558075942982005
Mean: -5.521133479368648 min: -11.321601803062215 max: 0.3615625514481162
Mean: -6.239521497359137 min: -11.26490894610739 max: 0.3362930466245681
Mean: -5.57422154766244 min: -11.365373114997908 max: 0.30389026801150315
Mean: -3.365187781230366 min: -11.348495787705257 max: 0.3524338385338184
Mean: -3.3499219395656974 min: -11.384860180112018 max: 0.3436552212920081
Mean: -1.1905909202788652 min: -11.014636705679234 max: 0.34214058906855915
Mean: -5.701108135024203 min: -11.309418845963723 max: 0.33417985530254385
Mean: -2.135938223910398 min: -11.263620170743737 max: 0.31932153261940677
Mean: -3.4353086769182637 min: -11.505696267451214 max: 0.07976863211159722
Mean: -5.345020414724252 min: -11.425389042952535 max: 0.10286068617084976
Mean: -4.393470647865455 min: -11.507288575600022 max: 0.04213256872684316
Mean: -4.477230999509217 min: -11.32630212369375 max: 0.31063352306425074
Mean: -5.3000556452401915 min: -11.371988834872194 max: 0.0654195155987677
Mean: -3.294093923324328 min: -11.290524848344663 max: 0.3022694180669598
Mean: -3.5753531619712446 min: -11.361412161153494 max: 0.3164774791785863
Mean: -2.7107794576669892 min: -11.288254621694447 max: 0.29667543252617323
Mean: -10.819750108764836 min: -11.525345753887464 max: -9.180873031164333
Mean: -3.1977561538360972 min: -11.324849944508463 max: 0.3315756472012192
Mean: -7.909279382455452 min: -11.609267127829249 max: 0.26819699024994326
Mean: -2.3778507484622953 min: -9.672893743099287 max: 0.3215191681312088
Mean: -3.0986470238988293 min: -11.329411228632722 max: 0.31341511379430614
Mean: -3.6309512171612868 min: -11.544226712792536 max: 0.14140057733992403
Mean: -1.129249447959698 min: -11.517759555324586 max: 0.27741670000589186
Mean: 0.20779646414143876 min: -0.03787640745378793 max: 0.3071144493347363
Mean: -4.40794185456602 min: -11.619507254096462 max: 0.3978925778185164
Mean: -5.705858102244827 min: -12.173997646779885 max: 0.29413761719173304
Mean: -2.918125316142441 min: -11.1543762517587 max: 0.3607271291077081
Mean: -2.117978717311192 min: -11.333684824371087 max: 0.31291319939118295
Mean: -2.933334751888687 min: -11.442643953828991 max: 0.31917475938534406
Mean: -3.2789797328230437 min: -11.463533107568175 max: 0.29555875002277254
Mean: -2.150454700737065 min: -11.305827449180216 max: 0.30923143161413036
Mean: -3.5750660420199774 min: -11.262098991772222 max: 0.34581794767421103
Mean: -0.983180178279347 min: -11.356840255575817 max: 0.3401619233889507
Mean: -4.422299946781914 min: -11.537260116870154 max: 0.28966754672826805
Mean: -3.200370780032139 min: -10.99614843489113 max: 0.30580396099709106
Mean: -0.9274611276144246 min: -9.545944076154576 max: 0.3587648631159581
Mean: -1.146182754544419 min: -9.292560524208081 max: 0.3148264622022776
Mean: -1.8983866895944967 min: -11.524918239880995 max: 0.32918439589546455
Mean: -1.760843691539948 min: -11.433974534607298 max: 0.30540349048652604
Mean: -3.5468754512535305 min: -11.534856699009115 max: 0.37402244445082866
Mean: -4.052766049486301 min: -11.198560044269353 max: 0.4834161063021975
Mean: -1.1720205442475653 min: -11.265439939372689 max: 0.4419599843655475
Mean: -3.3721160127656185 min: -11.525757075864417 max: 0.4956625511490672
Mean: -0.9876471886747513 min: -11.420670053478544 max: 0.4585691040891852
Mean: -2.810260929179852 min: -11.117534392991603 max: 0.46440520160999715
Mean: -2.1460573152952604 min: -11.185421182128904 max: 0.47497430633964965
Mean: -4.960509504069455 min: -11.19871248658228 max: 0.4831023969955123
Mean: -0.7916673098975836 min: -8.556757942318805 max: 0.45616395298830276
Mean: -1.4316919295282968 min: -9.235380735783167 max: 0.49764867193297135
Mean: -6.3182928945999635 min: -11.33372072091947 max: 0.45701428236504443
Mean: 0.10552687715055016 min: -2.948754585952365 max: 0.4974638476129273
Mean: -4.00834001365101 min: -11.37771671746187 max: 0.4672704873096211
Mean: -3.074932229918736 min: -11.513507310755225 max: 0.4696103955966903
Mean: -2.13007907841621 min: -11.416414516982448 max: 0.4554367493821818
Mean: -2.161048865361821 min: -10.393482997466615 max: 0.4658710882337086
Mean: -2.9744194409013955 min: -11.402563160817854 max: 0.4520757723465011
Mean: -3.7204301789205063 min: -11.679328690524951 max: 0.4452862799178945
Mean: -3.1136383499759326 min: -12.04460857253795 max: 0.4948794093960389
Mean: -4.216689491881831 min: -11.489181090500777 max: 0.48002599965773846
Mean: -0.7612463111924324 min: -10.142596640866635 max: 0.46308619950687024
Mean: -3.303694681203049 min: -11.886185434889482 max: 0.4541997395831089
Mean: -5.637986246007147 min: -11.654079941576324 max: 0.4242281508078
Mean: -3.41254348909778 min: -11.371504591194292 max: 0.5402162043146267
Mean: -3.6517978799661526 min: -11.25811612911642 max: 0.5347993009085391
Mean: -1.7933990838934988 min: -11.449892811744151 max: 0.5366709303061803
Mean: -2.146059427760252 min: -11.413281822707608 max: 0.5370413831575005
Mean: -0.6274278221244323 min: -9.573890744338838 max: 0.5323026725418497
Mean: -3.849342351669219 min: -11.456796240880534 max: 0.5303053604954154
Mean: -4.1466814487873975 min: -11.387703986204082 max: 0.5421500720202835
Mean: -3.078149149995216 min: -11.383605271166545 max: 0.5451240923297607
Mean: -2.0049889287264326 min: -10.393610880446573 max: 0.5792853022571917
Mean: -4.317073602673525 min: -11.5025800233794 max: 0.5793429185553122
Mean: -1.777018978468277 min: -11.185535696541592 max: 0.6246761620312962
Mean: -0.8911469834102759 min: -11.248748450081994 max: 0.6006010994950959
Mean: -3.6745877595083742 min: -11.032288351004661 max: 0.6141003599324274
Mean: -2.811477461382876 min: -11.1979137214664 max: 0.620069006478162
Mean: -2.599877224059097 min: -11.952070880301465 max: 0.6761270890217295
Mean: -1.5508073530004538 min: -11.19807594949241 max: 0.6288772887832922
Mean: -2.053410512469001 min: -11.808234384113774 max: 0.6569501917284709
Mean: -2.918893031519657 min: -11.68584350744025 max: 0.703160532810717
Mean: -4.25744881313972 min: -11.722033587854044 max: 0.6675322689655092
Mean: -3.843521833438939 min: -11.698013397071133 max: 0.6389927436391458
Mean: -3.2675563647637693 min: -11.987120019727758 max: 0.6598526138613976
Mean: -2.8971485782606923 min: -11.630344826068496 max: 0.669152092181165
Mean: -1.7615479428360026 min: -11.316969827825385 max: 0.6657821774371468
Mean: -5.740121305418714 min: -11.252402558734058 max: 0.6721846415714811
Mean: -4.437833688194884 min: -11.849082210934691 max: 0.7992185378710309
Mean: -0.9736101972999871 min: -11.161593753348829 max: 0.8099809796275385
Mean: -2.4365091866678688 min: -11.762778100840796 max: 0.8165570527581518
Mean: -5.198818930254653 min: -11.496028369855365 max: 0.79952364527554
Mean: -4.680691573970394 min: -11.503492558110462 max: 0.8085155609494228
Mean: -5.278086510541028 min: -11.633241419050915 max: 0.8055608128875403
Mean: -4.363649705336874 min: -11.925324917535905 max: 0.8084970596100277
Mean: -2.2835913066856817 min: -11.827246934541602 max: 0.8040449259950515
Mean: -1.763220718589012 min: -11.65646330501233 max: 0.8110006066633794
Mean: -1.442400777989418 min: -11.389816364692601 max: 0.8101185966964867
Mean: -2.7075023790644788 min: -11.561082815534911 max: 0.8081431935309599
Mean: -4.056640089786099 min: -11.332636309859257 max: 0.8035808952219192
Mean: -2.5232047734119827 min: -10.150110592169376 max: 0.8168707563213609
Mean: -1.8465735815934508 min: -11.30127943932058 max: 0.816277194498172
Mean: -1.9556942995537923 min: -11.421991616964648 max: 0.8114944350467631
Mean: -6.157778002252359 min: -11.963952778544098 max: 0.8155086534634598
Mean: -0.4008457128531743 min: -9.722153532884983 max: 0.8201318556231312
Mean: -3.7414531795895245 min: -11.886563470727657 max: 0.8207840443151868
Mean: -0.8297117634533777 min: -11.337864044948898 max: 0.8194957506793744
Mean: -2.897479112956847 min: -11.578689753155507 max: 0.8062872995029956
Mean: -2.8733758161212517 min: -11.31821999573944 max: 0.8150523904362819
Mean: -1.727393484225167 min: -11.258117752243773 max: 0.8046966810804291
Mean: -6.072590221701666 min: -11.452017319340076 max: 0.8138260004424064
Mean: -2.584884892815683 min: -11.868608331681983 max: 0.8081434432698527
Mean: -1.6853939947877659 min: -11.84497328208237 max: 0.8127350846130765
Mean: -2.6177117288780045 min: -11.302273744940141 max: 0.8188963622857776
Mean: -6.351310664773288 min: -11.800744840760727 max: 0.819913771761491
Mean: -8.728877552546292 min: -11.29513276450083 max: 0.42761468295210897
Mean: -5.7006382818692405 min: -11.370357302264908 max: 0.7988462360848572
Mean: -2.741358221571531 min: -11.32943681955819 max: 0.8045767685600025
Mean: -6.518357073935813 min: -11.655049758965438 max: 0.8062834231208306
Mean: -4.927914542173153 min: -11.493308315285478 max: 0.8007948864504829
Mean: -0.4300777339932127 min: -11.438095099061927 max: 0.8124983940277213
Mean: -0.4396252256456889 min: -11.252649360688881 max: 0.8182578222744722
Mean: -4.941143094285485 min: -11.397623740534453 max: 0.7838343187702074
Mean: -3.1817719192181935 min: -11.307414711802844 max: 0.7975972670380118
Mean: -0.7661985614754349 min: -11.196258264403054 max: 0.8180020185748906
Mean: -2.693429752309812 min: -11.23764205815093 max: 0.8103091095235706
Mean: -2.6420680682289808 min: -11.25341987976317 max: 0.809770726186287
Mean: -8.03003393280909 min: -11.248858199377725 max: 0.802392709125115
Mean: -3.5561948378601835 min: -11.32772991426727 max: 0.8141341768666137
Mean: -3.8648282682477615 min: -11.340016230326817 max: 0.805796119261338
Mean: -5.311779946967132 min: -11.896341556785343 max: 0.8076415864302708
Mean: -8.759207324127388 min: -11.514461303311238 max: 0.7882993502752759
Mean: -2.723945976912707 min: -11.745030599225846 max: 0.8106275538364176
Mean: -2.5010319280146796 min: -11.292342431023611 max: 0.8197004079041497
Mean: -6.266103697661764 min: -11.731633424292605 max: 0.7991398636892966
Mean: -5.266319812402409 min: -9.891425990921075 max: 0.8123859282624323
Mean: -3.396319012160531 min: -9.900874708116326 max: 0.8122320939643883
Mean: -9.681979683650708 min: -10.722116189253986 max: -9.164756276392444
Mean: -9.190723246012105 min: -9.202967302649173 max: -9.172690863684187
Mean: -9.173147156627698 min: -9.20797586965968 max: -9.131179549422361
Mean: -9.200040922410016 min: -9.332715910763817 max: -9.1621755207275
Mean: -9.17587750303107 min: -9.18822474300826 max: -9.168909413916651
Mean: -9.430739449447032 min: -11.791448642257974 max: -9.126910501584982
Mean: -9.413734141226506 min: -11.535827651470045 max: -9.162811163318134
Mean: -9.896699226572071 min: -11.702600718549848 max: -9.156334829234426
Mean: -9.169927300656342 min: -9.184330332719568 max: -9.127657465545322
Mean: -9.707813574612755 min: -11.536126474924483 max: -9.126578648987035
Mean: -9.453975858482206 min: -10.847371921458716 max: -9.146216342660919
Mean: -9.171046261366925 min: -9.187816389865645 max: -9.14571838899803
Mean: -9.320102022345802 min: -10.775893763072851 max: -9.129447664709868
Mean: -9.295851907384549 min: -10.156414876903842 max: -9.140848936775086
Mean: -9.17513437576926 min: -9.226647102521094 max: -9.138676583965404
Mean: -9.170202617598056 min: -9.274356164189118 max: -9.086311277791035
Mean: -9.137179193355891 min: -9.177185928314348 max: -9.11690140038461
Mean: -9.315367156892805 min: -10.788300650406121 max: -9.087540601233274
Mean: -9.2979074269231 min: -10.405389687500403 max: -9.125970021052703
Mean: -9.14821489527969 min: -9.181627597600544 max: -9.096754579667584
Mean: -9.146125621082899 min: -9.180023236253785 max: -9.130232525434028
Mean: -9.150973027421024 min: -9.202073195622065 max: -9.08251330473507
Mean: -9.136331659547505 min: -9.178637228306508 max: -9.11481841446693
Mean: -9.072276083111946 min: -11.53563245098953 max: -6.131950177469331
Mean: -9.12354204408273 min: -9.191039633580173 max: -8.819548390858497
Mean: -8.107032571306776 min: -9.186566035854678 max: 0.08601207076241461
Mean: -5.8527093193742425 min: -11.103819185785888 max: 0.5320089740151847
Mean: -1.2328313465654028 min: -5.817684263800682 max: 0.5687132886161124
Mean: -3.4448784723390053 min: -11.626229259210701 max: -0.1456428496736274
Mean: -2.4806946339923526 min: -11.849642137246734 max: 0.19608151199654614
Mean: -2.662670926306064 min: -12.067305276053936 max: 0.5683186991941203
Mean: -3.2851454934703623 min: -11.546175695417892 max: 0.16394524213467004
Mean: -2.7957059671723825 min: -5.0526129803858195 max: -2.527344762909628
Mean: -2.9775579809432804 min: -11.389151334334912 max: 0.1531064927953036
Mean: -1.686433601467288 min: -5.483676548330353 max: 0.5094735701524671
Mean: -0.4678007362726369 min: -5.218414846504847 max: 0.109179937599507
Mean: -3.4654051125739445 min: -11.407053772979454 max: 0.5107689161676939
Mean: -1.9369211470177028 min: -5.460495697280682 max: 0.10860589572004613
Mean: -2.6050533187558735 min: -13.022030747663974 max: 0.4661789255082767
Mean: -0.37473130429723145 min: -2.5515042100640195 max: 0.46610841578308476
Mean: -1.3731324948126995 min: -11.449924725721136 max: 0.5388378023891272
Mean: -2.6358191938646844 min: -11.457093792343017 max: 0.5233576231662647
Mean: -1.4264989802132628 min: -11.429073208568617 max: 0.5497546909111426
Mean: -0.201525640122512 min: -2.554183229677056 max: 0.18428098855150382
Mean: -0.22339760585085947 min: -2.8081394838799816 max: 0.5391257224437106
Mean: -2.2091635151618862 min: -11.462896635991832 max: 0.1842543663000796
Mean: -0.17602441762713375 min: -2.617269384877119 max: 0.5360466781153638
Mean: -4.616876546998322 min: -11.448936298318767 max: 0.526067222221803
Mean: -2.1582463093434368 min: -11.026481652156573 max: 0.5358693299272602
Mean: -2.064000776726899 min: -10.694220841645894 max: 0.15670697017662977
Mean: -1.0388119426665585 min: -5.887093423314756 max: 0.526119818301103
Mean: -1.070000084338687 min: -10.131154474909586 max: 0.5398933256433601
Mean: -0.3189896036091996 min: -2.853193039784769 max: 0.5249479517543083
Mean: -1.1484024861165607 min: -2.814277356205422 max: 0.5211598450544802
Mean: -2.8970153649488553 min: -11.449273490262211 max: 0.5413796089183981
Mean: -2.0853861569083447 min: -12.079157355136301 max: 0.5156490966255188
Mean: -0.12605018845206398 min: -2.6705999677249466 max: 0.4753387911819269
Mean: -0.8696863685754064 min: -5.4315683102572585 max: 0.6283378351077639
Mean: -2.5404961461611615 min: -11.219474860913664 max: 0.5407336559140854
Mean: -0.03144681903050048 min: -2.831095713742539 max: 0.5308270197291053
Mean: -2.1576930077902494 min: -11.239264049369236 max: 0.1379287720237376
Mean: -0.25632273545022155 min: -2.574133271449184 max: 0.1594115104082573
Mean: -1.3394715826089707 min: -10.906024095604913 max: 0.18421228886218463
Mean: -2.0873052008013753 min: -11.377735078113092 max: 0.5225839833221567
Mean: -1.0215450864905868 min: -10.720790975513774 max: 0.5692860613201214
Mean: -3.687036343218754 min: -11.480118722985413 max: 0.5913828569059842
Mean: -4.8961845107791575 min: -12.117196928598036 max: 0.6006545683131781
Mean: -3.9235311836681626 min: -12.056263249698699 max: 0.4911600985842514
Mean: -4.2971296215870565 min: -12.054044228285619 max: 0.607673108461039
Mean: -4.655712166908949 min: -12.102574184041465 max: 0.5946954027916833
Mean: -3.7479933910432153 min: -11.978731437024111 max: 0.004084180538802411
Mean: -2.988624983669616 min: -11.982624334920885 max: 0.602540866268779
Mean: -4.563990927880107 min: -11.439860315797079 max: 0.5519517706070294
Mean: -2.5033646892735613 min: -11.781775154698892 max: 0.577455365223817
Mean: -2.104761304172316 min: -11.474404788627915 max: 0.56828139187558
Mean: -2.8664672823469157 min: -11.908547416727803 max: 0.5760220071023795
Mean: -2.407466164234509 min: -11.220459607349817 max: 0.5472237438034202
Mean: -0.2955933598954966 min: -4.368850477673582 max: 0.5715248487761411
Mean: -2.1851193168103618 min: -11.47091723281981 max: 0.5623091694749529
Mean: -1.6617799105235451 min: -11.477156602365778 max: 0.5646789833496298
Mean: -2.160601372106224 min: -11.701662672167345 max: 0.5610302986337273
Mean: -0.7620787718608261 min: -4.759637365904058 max: 0.6046454212873085
Mean: -3.337481106350127 min: -11.445856071533743 max: 0.5660057752053947
Mean: -2.9779368774542485 min: -11.791374608340432 max: 0.5664127251366206
Mean: -3.021515224517764 min: -11.916809695888057 max: 0.5636146756040261
Mean: -2.283045604088056 min: -11.625954929093501 max: 0.628003051976871
Mean: -3.2164529306918057 min: -12.025276816711761 max: 0.66007800761515
Mean: -1.9556475432336946 min: -11.656514188453343 max: 0.6438689092559354
Mean: -3.009311790183745 min: -11.677165152006376 max: 0.6881616633955453
Mean: -3.2916328172430043 min: -11.810461443302197 max: 0.6836287766616398
Mean: -7.918238816974098 min: -11.76690443272063 max: 0.7056541653252187
Mean: -3.2464311446553906 min: -11.666477294496332 max: 0.7043074530984109
Mean: -1.3350677702326652 min: -11.625577257778469 max: 0.6942508487352589
Mean: 0.3584704868213172 min: -1.9483246867058863 max: 0.6514983190696705
Mean: -4.1623877937025 min: -11.545533209953843 max: 0.686986110111519
Mean: -2.5914508746697265 min: -11.542943443144267 max: 0.6437272994896556
Mean: -2.0916840739812317 min: -10.739968189322328 max: 0.6886795148271502
Mean: -3.3220183389186877 min: -12.040438467612676 max: 0.6456583287566126
Mean: -3.885408198997145 min: -11.74751053291628 max: 0.6830929038037685
Mean: -0.7248299766236042 min: -11.872790868669288 max: 0.6944620077951748
Mean: 0.208849813274452 min: -1.725404400931172 max: 0.6967644286570692
Mean: -4.385452259255007 min: -12.2375147567835 max: 0.6423619013705167
Mean: -1.452004548119398 min: -11.260874358840265 max: 0.7005467384683465
Mean: -1.1573240696699287 min: -11.350371881723778 max: 0.6596930228270059
Mean: -4.423297414827841 min: -11.479638080314267 max: 0.6795311717227045
Mean: -1.8641840740113629 min: -11.43183917074528 max: 0.8030122703246236
Mean: -1.0709588972453752 min: -11.85585066934586 max: 0.7021549485407088
Mean: -4.487255583729676 min: -11.630300562336052 max: 0.6911184464392197
Mean: -2.991701721546146 min: -11.514229087772604 max: 0.6999330947411794
Mean: -4.091683112395524 min: -11.735636717429433 max: 0.6979824994211942
Mean: -2.9811521498560407 min: -11.830973360876058 max: 0.7092597517347566
Mean: -1.7094228652422765 min: -11.49250221711329 max: 0.6986000990588362
Mean: -2.9610260320568504 min: -12.104544854814275 max: 0.6940691184887253
Mean: -0.5326473196577115 min: -11.220430288225348 max: 0.6966715246789159
Mean: -1.827234695873856 min: -11.87337069637509 max: 0.7018151585074138
Mean: -0.7143799373349966 min: -11.57456846958263 max: 0.6929599951348576
Mean: 0.6618941476261231 min: 0.5834008952282977 max: 0.6982824802883593
Mean: -1.680310946629858 min: -11.132543916560252 max: 0.6955084430607036
Mean: -5.857262035680832 min: -11.977255201585866 max: 0.7071772653270513
Mean: 0.15091951867758308 min: -2.0253733902406346 max: 0.7202860519181705
Mean: -0.5251199009646019 min: -11.23014155788864 max: 0.7097337859913704
Mean: -1.9003362041382599 min: -11.230020746312476 max: 0.7218567829355457
Mean: -1.7733453208780041 min: -12.015229861268462 max: 0.7219098151983074
Mean: -1.804516403839915 min: -12.033744510558108 max: 0.6997306047769102
Mean: -1.4859171233650421 min: -12.237500941514678 max: 0.7172956450927467
Mean: -3.0404175059077283 min: -11.742682306117192 max: 0.6642675573128587
Mean: -4.9694463128060535 min: -11.694280434268126 max: 0.7120513305560773
Mean: -2.029117278922668 min: -11.5142172505402 max: 0.7209085806055959
Mean: -4.0788173695983785 min: -11.79838844215271 max: 0.7184235971428887
Mean: -1.7855552403816772 min: -11.233977365711144 max: 0.7230674687719073
Mean: -5.297635528753794 min: -11.947623580498371 max: 0.7143151294777473
Mean: -3.0645790822118997 min: -11.816076291871449 max: 0.7282193686287433
Mean: -4.159525971575631 min: -11.660905660336093 max: 0.7093049066381317
Mean: -0.6369423857301102 min: -10.964308719794204 max: 0.719912649942083
Mean: 0.6199637227145869 min: 0.12704610067888866 max: 0.724433368555731
Mean: -4.268844323757938 min: -11.912737064931168 max: 0.7263937083512544
Mean: 0.5579491571077261 min: -0.8267584823922567 max: 0.7167821483693402
Mean: -0.5389675884963578 min: -11.35561638495649 max: 0.7216733407694845
Mean: -3.2752483845993923 min: -11.97271330850975 max: 0.7190596715479473
Mean: -1.8116784324382333 min: -11.223360989351509 max: 0.7220999134179202
Mean: -0.6550002457686018 min: -11.62174059508505 max: 0.723999283412657
Mean: -0.6187438506632015 min: -11.122897564559388 max: 0.7228366180108236
Mean: -2.9665183644814603 min: -11.517838417138407 max: 0.666382597705862
Mean: -2.315436807654487 min: -11.79734496221555 max: 0.7099474854024125
Mean: 0.4718625384688332 min: -0.23329780620218554 max: 0.6683742892419533
Mean: -3.0817535100239906 min: -11.826528062351482 max: 0.6709988793290088
Mean: -0.7570495037212955 min: -11.68459295775745 max: 0.6672147972712492
Mean: -1.6185938009030338 min: -11.549390180280495 max: 0.725310203682756
Mean: -1.84225457009771 min: -11.776557283880019 max: 0.6710110185787861
Mean: -1.586687159544872 min: -11.752495396358087 max: 0.6645906874032182
Mean: -1.2095326384161018 min: -11.771704782832158 max: 0.7200070831117591
Mean: -3.511313252521088 min: -11.774263544408527 max: 0.7459030449644783
Mean: -4.493054376974681 min: -11.793744856537808 max: 0.7372286404482716
Mean: -3.1243682484018227 min: -11.507381498967794 max: 0.7348434913756146
Mean: 0.2867829456619296 min: -2.1775810864527116 max: 0.7482541550422482
Mean: -1.7436756730835086 min: -12.143591654449455 max: 0.7443439481638802
Mean: -1.8242394571114382 min: -11.568152987505547 max: 0.741531276746711
Mean: -2.478746039024643 min: -11.600510574030318 max: 0.7344436106207591
Mean: -2.6649393478988377 min: -11.231024479985361 max: 0.704263869789006
Mean: -1.081188333030267 min: -10.619549339833673 max: 0.7125183941899469
Mean: 0.3732186486430714 min: -2.2552303578740363 max: 0.7391708970263365
Mean: -1.8036291097576373 min: -11.508361086702017 max: 0.7321994967614479
Mean: -0.6468081936057938 min: -11.640107408293709 max: 0.7039938088925238
Mean: -1.1592430762932553 min: -11.65145282902114 max: 0.7084637460424854
Mean: -0.10273203502707062 min: -5.676730208219931 max: 0.7136982278597516
Mean: -3.014418260309676 min: -11.896810144703469 max: 0.699354986157758
Mean: -0.19606314728633384 min: -5.679859753570801 max: 0.7018782424257238
Mean: 0.4083010649934353 min: -2.1475784554133863 max: 0.7272139321785513
Mean: -1.654946898428458 min: -11.621607133144389 max: 0.7161605194294827
Mean: -2.768522662895429 min: -11.855219224257295 max: 0.7206203416327592
Mean: -2.158267085387158 min: -12.474972134665897 max: 1.1938844522585068
Mean: -5.309357932219598 min: -11.510048398400595 max: 0.7379993115619344
Mean: -3.0769096214960157 min: -10.073445701500704 max: 1.2350252159744295
Mean: -4.278083637219292 min: -11.391157418203312 max: 0.9932015088454742
Mean: -4.610819586463926 min: -10.946029553316427 max: 1.0306078784876946
Mean: -4.505032936006837 min: -11.758464506176239 max: 1.1019518631168528
Mean: -5.317547758305351 min: -11.59309312115242 max: 1.2188105344514142
Mean: -2.385046831890841 min: -11.458112091055979 max: 1.008124370767926
Mean: -3.6811321719632786 min: -11.764875694687005 max: 1.0592847212076644
Mean: -1.7264010657141717 min: -10.777916412841801 max: 1.227417149607693
Mean: 0.0531455867236507 min: -5.253327837524327 max: 1.612713535611386
Mean: -1.4541188621056542 min: -11.563633103938836 max: 1.555780541328442
Mean: -0.8646798906971398 min: -10.121559022838126 max: 1.1127248842778508
Mean: -2.631882464003872 min: -11.829394871968937 max: 1.1348517638461335
Mean: -1.2400695358871539 min: -10.374563059838636 max: 1.1584705374962656
Mean: -1.8778080581456167 min: -11.314912959235038 max: 1.176454933420076
Mean: -0.7715222217809671 min: -8.997286012832838 max: 1.1524198439978086
Mean: -1.538970245448251 min: -10.754287400455773 max: 1.3022265019518782
Mean: -4.4039827906089295 min: -12.039686756903805 max: 1.1167194621641579
Mean: -1.3268178664860308 min: -9.056884441279307 max: 1.1660250722287426
Mean: -0.16527614265045135 min: -3.4088062970754565 max: 1.2044994321838942
Mean: -4.543250197040813 min: -11.975689510754048 max: 0.7137468237846613
Mean: -2.483882344911072 min: -11.5618466077652 max: 0.5881943501211576
Mean: -2.758585145636851 min: -11.580291553973357 max: -0.12386457570710531
Mean: -1.3193445684952185 min: -2.6989484896353853 max: 0.5222685936842868
Mean: -2.0225329446975815 min: -12.24562809875316 max: 0.5263768092403807
Mean: -1.1111490231570298 min: -2.5338083144666173 max: 0.5278961901746457
Mean: -2.2694559789107633 min: -11.67535432024269 max: 0.5594493516564712
Mean: -2.210493276864672 min: -11.467280382749546 max: 0.6273259796688786
Mean: -1.8166170340274028 min: -9.265179406700904 max: -0.1112390817970856
Mean: -2.5318930397570583 min: -11.861593135122355 max: 0.617522789076219
Mean: -3.24910828465113 min: -11.991519438657283 max: 0.6584180480989322
Mean: -4.472774591365787 min: -11.564906581506133 max: 0.6219163543966286
Mean: -2.4253835276163365 min: -11.721744694096595 max: 0.6915186070108162
Mean: -0.05411606830847808 min: -2.4707645340099913 max: 0.7056198893125478
Mean: -3.42613851176053 min: -12.021226345561683 max: 0.7069412629632588
Mean: -2.8005990588653478 min: -11.253627711241878 max: 0.6987211485685161
Mean: -3.5833900217139942 min: -11.908975022150925 max: 0.9425738311802033
Mean: -2.066947790412182 min: -11.84678207354229 max: 0.9451016397927425
Mean: -1.8724366696975732 min: -11.864146907061773 max: 1.0302448628391871
Mean: 0.45266763097070967 min: -0.6347987566892054 max: 1.0121567165805025
Mean: -1.7631945253579668 min: -11.373605205609897 max: 1.0888196956014147
Mean: -4.037129241575687 min: -11.596776417820466 max: 1.1283619977070634
Mean: -0.4380719706231207 min: -12.304946560778468 max: 1.2045355262879298
Mean: -1.0503777679089603 min: -9.989370657488545 max: 1.232754371846093
Mean: -2.300572051422301 min: -11.676011941373844 max: 1.20642338691124
Mean: -0.11008047638159006 min: -11.846820288099968 max: 1.2953733908661331
Mean: -2.2017694124971383 min: -11.233757296896478 max: 1.2908182478334125
Mean: -1.4756720310820526 min: -11.140746953539178 max: 1.7134126259056226
Mean: -4.210041586965734 min: -11.166087929550221 max: 1.3082308901337907
Mean: -3.8145788500101245 min: -11.048531326011382 max: 1.2979399213303275
Mean: -2.335224028256468 min: -11.186483563619728 max: 1.3241699697526799
Mean: -2.52493788073399 min: -11.141507519763024 max: 1.3087987852677085
Mean: -3.544458073551072 min: -11.279893032997785 max: 1.2772298285543298
Mean: -2.4722864860062046 min: -11.210109053243448 max: 1.3024900028926008
Mean: -1.2247548938124315 min: -11.392815988610064 max: 1.288728178577497
Mean: -4.856258178903537 min: -12.395237459377881 max: 1.2882170899759398
Mean: -3.8207213383805945 min: -11.208506717668785 max: 1.2918021357567373
Mean: -2.5139750178200955 min: -11.215844376311576 max: 1.3119030296904355
Mean: -3.6272891055979124 min: -11.448874714694869 max: 1.2832367833524927
Mean: -3.323064947410567 min: -11.05386286633884 max: 1.3175878214635581
Mean: -3.485309538479722 min: -11.105046864400059 max: 1.3316356647214511
Mean: -3.4671459022290465 min: -11.323331096854247 max: 1.353104867057627
Mean: -1.1019055615515851 min: -11.10258530242207 max: 1.333812500817932
Mean: -2.182467866773755 min: -10.510146205381304 max: 1.3828153060526285
Mean: -2.574761157973572 min: -11.7557316502098 max: 1.3376087150215472
Mean: -6.748414659313791 min: -11.345058034737967 max: 1.348147586928122
Mean: -6.134635040934677 min: -11.56155117437082 max: 1.3221656290006958
Mean: -2.125576993900547 min: -10.509869006540004 max: 1.3540256894746798
Mean: -5.024805097335639 min: -10.75135819099173 max: 1.306387357129714
Mean: 0.07049112972573787 min: -10.355584500795914 max: 1.325637180276959
Mean: 0.10570238415301139 min: -10.71257153526066 max: 1.328304266831659
Mean: -2.265327309769969 min: -11.375872530326625 max: 1.3562087483269478
Mean: -0.8615837732975933 min: -9.7403632386514 max: 1.3523542563151567
Mean: -1.521043237022523 min: -11.491708969013082 max: 1.3270639169459542
Mean: -1.1469930409780482 min: -10.29120106884328 max: 1.3308473555400198
Mean: -4.738003021811567 min: -11.188032146111508 max: 1.3265255161592118
