Mean: -10.989321349753817 min: -12.341452395914246 max: -4.944437259066622
Mean: -10.928283618626029 min: -12.161576970135108 max: -6.038302432871263
Mean: -11.271151628456003 min: -11.940005045469167 max: -10.794225183969985
Mean: -11.016758706074752 min: -11.997732279809316 max: -4.5080976571811915
Mean: -8.430683202354393 min: -11.808150375783072 max: -4.40427898999775
Mean: -4.80106665915536 min: -10.449799641045617 max: -4.398028210655888
Mean: -5.40472827206583 min: -10.96238055775712 max: -4.377693733108083
Mean: -4.775648173466027 min: -11.457558903215203 max: -2.3488689643918517
Mean: -5.058783439745247 min: -10.125556044366178 max: -3.8154028719438653
Mean: -4.015449727614341 min: -5.195718680450893 max: -3.1586714650898364
Mean: -4.88865631199974 min: -10.777116117280318 max: -3.098717591874298
Mean: -4.237483475190519 min: -11.008923610985027 max: -2.775362939034665
Mean: -3.745998059780142 min: -11.353512918742664 max: -2.7355145770442335
Mean: -4.7692583207574035 min: -11.273119403969956 max: -2.710375623198207
Mean: -4.135302568161565 min: -10.965295227739347 max: -1.6928472230616782
Mean: -2.9309690279072194 min: -5.4162328221436145 max: -1.670986201350649
Mean: -3.1022924331600175 min: -10.683552798144914 max: -0.6686591528525492
Mean: -2.3480832342380475 min: -11.789358553076724 max: -0.19542380757320701
Mean: -1.2134020228797007 min: -10.805184459122009 max: -0.1923854994659645
Mean: -0.9095466742230182 min: -5.536820279740008 max: -0.15229008065200134
Mean: -10.011897506938682 min: -11.944904993767912 max: -5.774085427495756
Mean: -10.254840890392234 min: -11.908431605560097 max: -5.773750849899696
Mean: -11.309853431355796 min: -11.907964511359793 max: -10.683624668461643
Mean: -11.032588006853706 min: -11.793894079023351 max: -10.69986157511911
Mean: -10.99874277891816 min: -11.59895089588724 max: -10.382259422457777
Mean: -11.122213771704656 min: -11.33575028122527 max: -10.878631177424763
Mean: -11.100949745724204 min: -11.312551135034239 max: -10.877119137979113
Mean: -11.164000678641427 min: -11.413036914058466 max: -10.82794436328113
Mean: -11.17177887932368 min: -11.423248253301903 max: -10.972053285186737
Mean: -11.164776572428552 min: -11.455371308809926 max: -10.994978145702431
