Mean: -10.704249334562856 min: -11.876157419120334 max: -6.245672339107469
Mean: -10.955633032764776 min: -11.71724038000796 max: -10.718102557608672
Mean: -10.879696439395634 min: -11.3950734213389 max: -10.723148510131008
Mean: -10.892935120953489 min: -11.384838308592778 max: -10.665943123998042
Mean: -10.767510297833569 min: -11.643199684790073 max: -10.552741524365823
Mean: -11.040592278838012 min: -12.022908372469535 max: -10.449699952551692
Mean: -10.65104651885857 min: -11.498622077550273 max: -10.371378911569192
Mean: -9.756058780766605 min: -11.429978171168516 max: -2.9412403907476574
Mean: -7.32823319488305 min: -10.456484075944761 max: -2.800450445004913
Mean: -3.767492158998175 min: -9.849987037201538 max: -2.2731255680361504
Mean: -4.978450085152332 min: -10.082626458931646 max: -2.2157115605633373
Mean: -3.1037225540773594 min: -9.956055156311908 max: -2.2491952693965795
Mean: -3.4355298939578183 min: -9.88977689096629 max: -2.123648446587739
Mean: -3.6822537536966706 min: -11.622495290717774 max: -2.233501774226325
Mean: -4.591461400740073 min: -10.430827427956995 max: -1.8492360582452214
Mean: -4.397028925966691 min: -10.94780865655341 max: -2.2435616447414533
Mean: -2.503478537303843 min: -4.548436559826687 max: -1.2915432430170322
Mean: -3.942464299696529 min: -11.258173438052502 max: -2.2073732993998982
Mean: -4.2126367747305435 min: -10.010122207593854 max: -2.1891080649467796
Mean: -2.3778636720163804 min: -2.992925350632577 max: -2.1397329029574124
Mean: -3.191954079137571 min: -10.04865337716453 max: -2.0240613590174332
Mean: -2.2301105107005954 min: -4.016508189598353 max: -1.7808792825924848
Mean: -3.7015684914126994 min: -10.547353593895181 max: -1.9960760087815153
Mean: -4.46400091227509 min: -10.531602420391135 max: -1.9931814415700315
Mean: -3.62180906234909 min: -9.774703333943958 max: -1.9985366476074748
Mean: -3.097784055936794 min: -11.852154347025161 max: -1.9894318369492308
Mean: -2.937825908078527 min: -10.147764646402207 max: -1.9966165691583662
Mean: -2.36821859858031 min: -4.2719689025214995 max: -1.9873341185395217
Mean: -4.679665763276384 min: -11.419525439380717 max: -1.9997515362967586
Mean: -5.438854669717881 min: -10.552021169796932 max: -1.9900275403624819
Mean: -5.321758388993557 min: -9.825027225551768 max: -1.999917645273105
Mean: -6.067451916093883 min: -10.380299236971414 max: -2.045984603005997
Mean: -4.44944130258428 min: -9.918534531897466 max: -1.9457498943412037
Mean: -6.691579043668904 min: -10.57939908105159 max: -0.7586108204831498
Mean: -5.1546304569301835 min: -10.578489393657673 max: -0.7877938970710264
Mean: -3.8101183240325107 min: -10.861797754661254 max: -0.8311382817573969
Mean: -3.963773974810002 min: -11.547372311367132 max: -1.4490901042651596
Mean: -3.019185593682864 min: -10.740404413113538 max: -1.577781876323326
Mean: -3.0219665021064186 min: -11.612322847524123 max: -1.1972353923582906
Mean: -4.548362296229201 min: -11.73485071528332 max: -1.2219848788677987
Mean: -4.436778648092918 min: -11.23646767591404 max: -1.1994417873544239
Mean: -7.3098328688548575 min: -11.64995745567192 max: -1.2585880657660857
Mean: -4.873565438828964 min: -10.168471749070047 max: -1.195719727096878
Mean: -7.238415369958053 min: -11.518158151018712 max: -1.2180428907883867
Mean: -9.980948600580863 min: -11.788462389829078 max: -3.994562081171871
Mean: -7.705252349284249 min: -11.792338189461848 max: -1.1374162267067012
Mean: -2.4078663697150113 min: -10.660566998899354 max: -0.7310048690151241
Mean: -5.229225690740454 min: -11.617149247063434 max: -1.2644321044122424
Mean: -5.0712443488004535 min: -11.421551937678888 max: -0.510970451182329
Mean: -6.121412189749654 min: -11.230248356871751 max: -0.5222312536680618
Mean: -1.6614127427954706 min: -11.486525704584546 max: -0.5073451302196083
Mean: -2.8147239042379573 min: -11.583057056151906 max: -0.5009486287732159
Mean: -3.855419611547036 min: -11.557188062598991 max: -0.45770337271146694
Mean: -5.944945043511557 min: -11.233644309755757 max: -0.415352449625463
Mean: -3.8245151253150715 min: -11.172939097619127 max: -0.4260570159278949
Mean: -4.670650009831052 min: -11.347550041856913 max: -0.2789631972638536
Mean: -6.128791224387771 min: -12.012583210177365 max: -1.202616451295631
Mean: -1.2384029877472738 min: -1.3201503979924045 max: -1.1689256965684702
Mean: -5.334959342670109 min: -11.293125548771318 max: -1.1850371030809101
Mean: -4.3854139888521235 min: -11.07767305175412 max: -1.2035987903313579
Mean: -2.335541800127574 min: -9.985124467081764 max: -1.093013261330552
Mean: -2.166842109717221 min: -9.526483626319653 max: -0.8727393973179268
Mean: -3.571573948541071 min: -11.517603368260712 max: -0.9134747472267324
Mean: -3.4246761526843437 min: -11.364921835625285 max: -0.8963336367774218
Mean: -2.4407892290087614 min: -10.199054063718622 max: -1.1369542928251923
Mean: -2.0634623075249086 min: -9.875690016046427 max: -1.0392383433253791
Mean: -2.1376323808890136 min: -11.41362347422925 max: -0.7550670353963688
Mean: -3.468514954168542 min: -11.604807076208425 max: -0.9539023403856748
Mean: -3.031321714544555 min: -10.384461256045311 max: -0.8735936748358739
Mean: -3.2115770219607365 min: -11.656127777063467 max: -0.9055095496188905
Mean: -1.3559983984532136 min: -2.9726586536918336 max: -0.7117957349493571
Mean: -2.0179439031765343 min: -11.592471478318547 max: -0.6407400757688128
Mean: -2.746118287347402 min: -11.410912416401512 max: -0.5975833037357644
Mean: -2.8265112644524555 min: -11.865523818552568 max: -0.6348942371018523
Mean: -1.002275261231845 min: -2.862067423172845 max: -0.5082156786895162
Mean: -2.8456951766747216 min: -11.85182198654281 max: -0.6185706647071562
Mean: -2.7583805327096576 min: -10.460422817238477 max: -0.626602794463588
Mean: -1.7893852332154272 min: -11.499730121212812 max: -0.5827323936202201
Mean: -1.085329214236145 min: -2.834281374829977 max: -0.2141142958549338
Mean: -1.1597418344644983 min: -3.162578587581871 max: -0.36092198625359734
Mean: -2.337308422745221 min: -11.910896238064607 max: -0.4915247448185501
Mean: -2.8299090261479196 min: -11.779016858772911 max: -0.3229902762038982
Mean: -1.1611611080072095 min: -2.264044866962591 max: -0.26361311893894573
Mean: -1.708632994962868 min: -10.01554107303981 max: -0.2872205051424047
Mean: -2.6676270170865437 min: -11.687879577851989 max: -0.36917601422768354
Mean: -0.8433437383405062 min: -1.8683915197373213 max: -0.1774015147998994
Mean: -1.1992508212812214 min: -3.271094347787815 max: -0.1364531184977351
Mean: -0.36669878378188336 min: -1.3269537195547787 max: -0.15286075326922519
Mean: -0.5889131075269949 min: -2.0569881591337476 max: 0.33878204099659176
Mean: -1.3465033590048758 min: -9.233038870263481 max: 0.37114954377937925
Mean: 0.02233346694734408 min: -2.245397383033891 max: 0.3812217923174453
Mean: -0.7300433907667621 min: -10.458830326354295 max: 0.6592102491435713
Mean: -0.5863361738063312 min: -9.986495872615915 max: 0.6701935428066439
Mean: -4.050762382762242 min: -11.445495761288726 max: 0.6818683104172951
Mean: 0.2499415609543524 min: -2.232572278880707 max: 0.6870136135126013
Mean: 0.5972346771013164 min: 0.33245217765090057 max: 0.6894501656664747
Mean: 0.5271952100945401 min: 0.35498474257894863 max: 0.6765251783656815
Mean: 0.22478108597646496 min: -2.878120871149115 max: 0.6718497258664369
Mean: 0.29236360058949934 min: -2.237599915099634 max: 0.6777328112872177
Mean: -2.7294681906666534 min: -11.542249954214288 max: 0.6604009103352025
Mean: -1.5902847134703046 min: -11.47738878144975 max: 0.688015979946164
Mean: 0.6669045529653447 min: 0.652359297958868 max: 0.6812784133659732
Mean: 0.5989252212203587 min: 0.4025801304234776 max: 0.6766808275106965
Mean: -1.6984736503583917 min: -11.500141078874567 max: 0.6842661495562389
Mean: 0.665452993115305 min: 0.6561803682791592 max: 0.6845783964316671
Mean: 0.2893603845826872 min: -2.7249887172596527 max: 0.686538874504167
Mean: -0.8603441073270963 min: -11.22091124809837 max: 0.677937087634564
Mean: -0.9989702597074777 min: -11.465100228266667 max: 0.6760364049507481
Mean: -2.88183166804402 min: -11.478298016912118 max: 0.6811873754223452
Mean: -1.7542343910013454 min: -11.463933559490679 max: 0.7505277280383937
Mean: -5.058668855350355 min: -11.923577105681819 max: 0.7528361653940212
Mean: -5.2505314315076985 min: -11.719221673346121 max: 0.7315053586247251
Mean: -0.5595326334101955 min: -11.194456304755558 max: 0.7698728465206108
Mean: -0.4578691381713071 min: -11.398929314140435 max: 0.7760552990341582
Mean: -1.723675489211202 min: -11.451760689640418 max: 0.7873106514454338
Mean: -1.5096641450829977 min: -11.57892470413109 max: 0.7833695625564061
Mean: 0.7611596428639706 min: 0.7471242941726087 max: 0.7746765561307107
Mean: 0.7603408197116747 min: 0.7422102055380068 max: 0.7777291284614882
Mean: -2.6949327247293526 min: -11.718267513284626 max: 0.7856731060526617
Mean: 0.42457669372290885 min: -2.0270011855064634 max: 0.7659851630411194
Mean: -2.5736309664451147 min: -11.903571629970324 max: 0.771705803944227
Mean: -0.8084459341117725 min: -11.765977906788947 max: 0.7627714216506358
Mean: -2.3227178970314797 min: -12.09745212450186 max: 0.7785250996733399
Mean: -1.484496307199354 min: -11.165056787545845 max: 0.7655883329051474
Mean: -1.707361650906563 min: -11.650365600731742 max: 0.7705573787649181
Mean: 0.47836821396578244 min: -2.0593592845490414 max: 0.7809341184762332
Mean: -4.277514158770962 min: -11.235985912810952 max: 0.7844164306160198
Mean: -0.7750886262652217 min: -11.872202287272046 max: 0.7791797236706115
Mean: -1.656666614089382 min: -11.534339074570157 max: 0.7781441235206755
Mean: -3.232674956805746 min: -11.839969606482171 max: 0.7762710835813964
Mean: -1.9628842043256243 min: -11.583735607941765 max: 0.7852460291099174
Mean: 0.7633191654927444 min: 0.7443062905716172 max: 0.7880886212405124
Mean: -0.8495785260618893 min: -11.929863549660404 max: 0.7830633705203015
Mean: 0.4736834061707186 min: -2.1041643033597066 max: 0.7783568920110648
Mean: 0.20578848542617348 min: -2.073954720982702 max: 0.7813739844330598
Mean: -1.3051819518871217 min: -9.601254262442074 max: 0.7868978441660799
Mean: 0.6206837731132074 min: -0.6692922431959948 max: 0.7860754499165074
Mean: -0.43106048299378796 min: -9.53089917880256 max: 0.7747194863010824
Mean: -0.3504132390353744 min: -10.265771172652721 max: 0.7650065196085464
Mean: -1.566235615889377 min: -9.80648313215528 max: 0.7519552840069651
Mean: -1.5340398439842562 min: -11.650272431343225 max: 0.7621654111589682
Mean: -3.964626421766971 min: -11.409228636519458 max: 0.7628648074783397
Mean: -2.8123228421787174 min: -11.522206930358962 max: 0.7645410509216111
Mean: 0.6857648930337373 min: 0.05254235243959804 max: 0.7684611645371339
Mean: 0.7530984936819619 min: 0.7387061371706071 max: 0.770295069924797
Mean: -1.9374789611564158 min: -11.31591114682729 max: 0.7698466388058998
Mean: -2.178344767658922 min: -12.74487106259329 max: 0.7661342096498551
Mean: -0.5427962269194858 min: -12.242464401426327 max: 0.7809823168474108
Mean: -0.40090336614013805 min: -10.84066442827128 max: 0.7798526777400208
Mean: 0.7536625736247788 min: 0.740450341974493 max: 0.7772869879462964
Mean: -0.4332656304753245 min: -11.177640460623126 max: 0.7940995357111509
Mean: -1.3487820866723914 min: -9.912362824942306 max: 0.7877883476675517
Mean: 0.7839275572951173 min: 0.7432589036174791 max: 0.8134044539461598
Mean: -0.29614105133455204 min: -10.02569762340768 max: 0.8018032073956174
Mean: -0.469505671798776 min: -11.383357251367038 max: 0.7919138938609472
Mean: -1.6367676932412567 min: -11.461639677960019 max: 0.80732453171522
Mean: 0.7904545717228886 min: 0.7682689155549485 max: 0.8118739600982391
Mean: 0.7438422813562815 min: 0.387144703057179 max: 0.8034911862986127
Mean: -1.9951693009594824 min: -12.588140685558878 max: 0.799560757130353
Mean: -2.997824248017388 min: -12.565433401578442 max: 0.8146299945915949
Mean: -5.221725714968837 min: -11.325539878034515 max: 0.8164829240095576
Mean: -1.6768650877134845 min: -11.307980476204861 max: 0.8025325967226853
Mean: -0.4295772841286748 min: -10.093519909924211 max: 0.8044506134714924
Mean: -0.9434819831004122 min: -11.247352184520986 max: 0.8090475664324498
Mean: -0.5064768644956934 min: -10.25014958892039 max: 0.8029273114579881
Mean: -3.5893610238963953 min: -11.211187578766252 max: 0.814275051885211
Mean: -5.407007311828549 min: -11.660673202392235 max: 0.8048513175701434
Mean: -6.205739899209144 min: -11.754235061759928 max: 0.8220951010683285
Mean: -2.5843091147802912 min: -11.116009770012239 max: 0.8138238851163209
Mean: 0.7035288534840267 min: -0.1998567040134539 max: 0.82643544027424
Mean: 0.45572618170845924 min: -2.1924091635748426 max: 0.8006127779229905
Mean: -3.6157140019024987 min: -11.542429926560262 max: 0.8187549777565857
Mean: -0.31517894217374254 min: -10.31681698732752 max: 0.8156149250960617
Mean: -1.5930666032632024 min: -11.190662388410484 max: 0.8200076338327562
Mean: -0.19449983754936617 min: -9.183667065312122 max: 0.8229891680906903
Mean: -1.8620366183655854 min: -11.221821188550662 max: 0.8146527327556592
Mean: -0.5199384349391725 min: -11.231894341754364 max: 0.8181698451218681
Mean: -1.6364278751904535 min: -11.19673227799827 max: 0.813975588908885
Mean: -0.6868870226037466 min: -11.16163139432373 max: 0.8253296014395514
Mean: -3.1721623411249467 min: -11.898333904840044 max: 0.8137007471682002
Mean: -2.648250144356934 min: -11.170522497665498 max: 0.7981160990045353
Mean: -1.9081188483804143 min: -11.32455444969336 max: 0.8273683294537654
Mean: -0.4234253757044618 min: -11.243900881152461 max: 0.8063970915427204
Mean: -0.45088501707642104 min: -11.279457260648776 max: 0.8013612182704705
Mean: -0.43183066308898715 min: -11.521204114341495 max: 0.8184067359810189
Mean: -1.4365813532213272 min: -10.664849396432757 max: 0.8167840864963846
Mean: -3.3295971209739816 min: -11.207906377762015 max: 0.8124836008690609
Mean: -5.037015384570387 min: -11.951465688257072 max: 0.7953983127368431
Mean: -1.666009597310929 min: -11.77714273278609 max: 0.8003267496323478
Mean: 0.5981940145438187 min: -0.742156051789754 max: 0.8130444152275285
Mean: -1.7457186202257335 min: -11.825420964757981 max: 0.8170602896766592
Mean: -2.1769656280200493 min: -11.231426611974852 max: 0.8136419555098325
Mean: -1.6408021289240247 min: -11.21946028528652 max: 0.8286723187753762
Mean: -3.927435054008579 min: -11.726833064887986 max: 0.8065905753149408
Mean: -1.5992818736139516 min: -11.21922918081002 max: 0.8106468440890051
Mean: -2.9273158252926974 min: -11.234393579630948 max: 0.8078926131612986
Mean: 0.33793190053436334 min: -1.9195369069400914 max: 0.8101324952059367
Mean: -4.014735739318105 min: -12.02156774167221 max: 0.8029338670815495
Mean: -0.43874563422605706 min: -11.093307294122194 max: 0.8077177213279145
Mean: -3.77573877572798 min: -11.229824534762578 max: 0.8056545172380934
Mean: -2.693058443330668 min: -11.485222884796668 max: 0.7971141249451583
Mean: -0.7575760095596589 min: -11.231434018444588 max: 0.8112314631603756
Mean: -3.5776487443759395 min: -11.447843581838804 max: 0.8142447119556891
Mean: -1.837620092179107 min: -11.210018174560565 max: 0.8148895786378392
Mean: -0.5976212659929918 min: -11.693340870806953 max: 0.8180682551404285
Mean: -4.539256331770401 min: -11.324698145268478 max: 0.7958837047896319
Mean: -1.8932200744444796 min: -11.261761461071929 max: 0.8176356536062254
Mean: -7.542060358354872 min: -11.765545342767165 max: 0.8086460954923088
Mean: -3.957141009363231 min: -11.237081543975759 max: 0.8005430326300302
Mean: -4.290980378975277 min: -11.243207657954162 max: 0.7957770019711325
Mean: -0.4644389436863623 min: -11.436479871218799 max: 0.8194336450564622
Mean: -5.215271142832906 min: -11.690947746876066 max: 0.8070001228548842
Mean: -3.927845018726798 min: -11.452692247348756 max: 0.8244140763106382
Mean: -2.7979338980816735 min: -11.228729878143488 max: 0.8217495563742411
Mean: -1.687731273745318 min: -11.68648942060909 max: 0.8142418407629619
Mean: -3.663756548171454 min: -11.400759297350488 max: 0.8246820708794084
Mean: -1.6834930645662438 min: -11.204407192482343 max: 0.823612315443335
Mean: -3.0806762328080817 min: -11.741823593838237 max: 0.8209950005506422
Mean: -2.0171698043799724 min: -10.80168466963391 max: 0.8228150816393732
Mean: -7.981604510912618 min: -11.50003420729073 max: 0.7926427748992867
Mean: -5.991729585880706 min: -11.625520650253566 max: 0.7888524126888816
Mean: -5.083330196888195 min: -11.932759600246595 max: 0.8206651527538799
Mean: -0.6153435312471498 min: -10.217193327519855 max: 0.8162481112998107
Mean: -1.526749457388455 min: -10.551000032638644 max: 0.8141105794351684
Mean: -3.7030007940354515 min: -11.19754222818323 max: 0.8032062971946221
Mean: 0.10549843804681483 min: -5.474579265061727 max: 0.802103846792551
Mean: -1.5292793794534798 min: -10.336443287565784 max: 0.8086730842119713
Mean: -4.089282792129367 min: -11.646780888372739 max: 0.8089994923093325
Mean: 0.7619202225342364 min: 0.5087694409744351 max: 0.8013999079126807
Mean: 0.512907037168876 min: -2.0095999770872957 max: 0.8188485629435527
Mean: -1.9283159944312984 min: -11.474561515069585 max: 0.8027683642722231
Mean: -1.4089054323959234 min: -10.284699027670175 max: 0.8262745222949581
Mean: 0.5988064534057231 min: -1.130395307453665 max: 0.807952512217854
Mean: -0.49274988143339904 min: -11.301758666689935 max: 0.826655711514403
Mean: -2.952755930939076 min: -11.675087575930416 max: 0.8007361334437904
Mean: -0.8127099472928829 min: -11.2892596443311 max: 0.8122229545593656
Mean: 0.4734394461115796 min: -2.346565682903227 max: 0.8024520508600089
Mean: -0.4217008594892043 min: -10.097971508608634 max: 0.8230073496790113
Mean: -3.837062993318013 min: -11.486801044854118 max: 0.8067363704969077
Mean: -1.4493662599587693 min: -11.226559259170408 max: 0.8227432623174328
Mean: -2.9273485685175613 min: -11.952239214502637 max: 0.8100240730036756
Mean: -4.127994260367885 min: -11.94185618770063 max: 0.8212902519208347
Mean: 0.5213350550684809 min: -1.9494749407307208 max: 0.8099494842668049
Mean: -0.5615848329324182 min: -11.237847198368765 max: 0.8140285684330645
Mean: -3.209903424412878 min: -11.40768994342323 max: 0.8068664843123361
Mean: -0.5458406786860477 min: -10.990151457744785 max: 0.8217107745504534
Mean: 0.4922813503175142 min: -1.9701285581968475 max: 0.8153948189822625
Mean: -3.076104593172835 min: -11.344735154502343 max: 0.8237848992779802
Mean: -0.43131634194427926 min: -11.480804112904753 max: 0.8144362452872513
Mean: -5.067864385992721 min: -11.50198059640849 max: 0.8091070739234697
Mean: -0.6728289375598161 min: -10.393519684973677 max: 0.8137230276569769
Mean: -1.6589915965394397 min: -11.507778109501427 max: 0.808277214008365
Mean: -1.0837086738071644 min: -12.333883530396099 max: 0.8196414913240342
Mean: -2.7788938207119727 min: -11.841623521816928 max: 0.8095276920646441
Mean: -4.0548503182821225 min: -11.811692127660192 max: 0.8122680098654279
Mean: -1.622072166653202 min: -11.412831922679992 max: 0.8167213773017061
Mean: -4.051579402665042 min: -11.674139117812276 max: 0.805663347864181
Mean: -2.508455316164118 min: -11.26666092098075 max: 0.8278895966266441
Mean: -2.8546954233094555 min: -11.25106051991557 max: 0.8271269934609907
Mean: -1.5115311047462578 min: -11.194874616437135 max: 0.8101302107697066
Mean: -3.19823928605297 min: -11.701108465501568 max: 0.8055252682645742
Mean: -1.6371548676917922 min: -11.475904349992655 max: 0.808559108948709
Mean: -3.0756628690308982 min: -11.501955914631436 max: 0.8132669280156962
Mean: -0.9674269528763505 min: -10.573056202432314 max: 0.8056422881996116
Mean: -2.8238570993540417 min: -11.503426327427682 max: 0.8256235906849134
Mean: -2.7631849219297537 min: -11.42408256534343 max: 0.803830778379168
Mean: -5.409433658325289 min: -11.34239729796324 max: 0.8046391536742465
Mean: -2.851606928102135 min: -11.678818612357768 max: 0.8038079699477699
Mean: -0.4914975596913337 min: -11.174940538913484 max: 0.8173385823442556
Mean: -0.5613325739075834 min: -11.268468383916463 max: 0.81231323685861
Mean: 0.02615874448734868 min: -6.5716419857376005 max: 0.8226272968529206
Mean: -1.0842680055471343 min: -10.240186199239156 max: 0.8089452280535345
Mean: -1.7684687325092496 min: -11.823967177900983 max: 0.8198015693873396
Mean: -0.3657332400002407 min: -10.350062534727416 max: 0.8046365485256782
Mean: -1.2924254766771086 min: -11.126508253302674 max: 0.8198538918109134
Mean: -0.7235771799566557 min: -11.206899721798006 max: 0.8171936114129673
Mean: -0.4413027934508146 min: -11.65782306895729 max: 0.8205445268876662
Mean: -2.627178661312781 min: -11.188933215517963 max: 0.8174767104655304
Mean: -1.5719980610403117 min: -11.075446817415369 max: 0.8047015678364889
Mean: -3.9288313400972434 min: -11.315089785005533 max: 0.8175869202592096
Mean: -4.600579069055307 min: -11.66314882052641 max: 0.8134505160555283
Mean: -6.492956782698338 min: -11.4779752850919 max: 0.8252238098527056
Mean: -2.7903249859575503 min: -11.20687168802911 max: 0.8076293376369833
Mean: -3.9809488082189595 min: -11.28373171031476 max: 0.7989449656776555
Mean: -1.912840134484243 min: -11.737452512473315 max: 0.8197291648405863
Mean: 0.2262451954692107 min: -2.168536817474647 max: 0.8162266291072587
Mean: -2.76660318337791 min: -11.47433003227188 max: 0.8174219433576404
Mean: -0.6026875304783256 min: -11.798617722193558 max: 0.825158236414067
Mean: -0.7443632483171096 min: -11.037487566380006 max: 0.8165148815979393
Mean: -1.6648220914290282 min: -11.805729516012862 max: 0.8160232648999381
Mean: -2.898636364536185 min: -11.498399010382197 max: 0.8200028530214537
Mean: -0.6952939101987992 min: -11.23989784913132 max: 0.8082258919049162
Mean: -4.319771370637445 min: -11.270110650474848 max: 0.8222564105010713
Mean: -0.7592562423001445 min: -11.24644162855564 max: 0.8236342714244075
Mean: -1.5480185532238946 min: -11.440902915647005 max: 0.7998495392691836
Mean: -2.857211260233988 min: -11.285556780689276 max: 0.8177312711962027
Mean: -3.2982133560203417 min: -11.66528648616665 max: 0.816747071006478
Mean: -3.8292687920950867 min: -11.393804756270567 max: 0.818470336743786
Mean: -2.0731697045492026 min: -11.740182588536442 max: 0.8218349438488228
Mean: -3.7608375442874147 min: -11.219003179125124 max: 0.8253691874689124
Mean: -3.1655950595041573 min: -11.87516837511486 max: 0.8175521714588311
Mean: -3.2735916964947833 min: -11.669785292148175 max: 0.8110402564355641
Mean: -2.8257693213616415 min: -11.690478781897427 max: 0.7962776586753809
Mean: 0.22476387785025126 min: -2.0871001885563576 max: 0.8027951908518502
Mean: -2.588583423372074 min: -11.26103777925403 max: 0.7955569185216629
Mean: -1.7157170675045468 min: -11.475222002599685 max: 0.8183622988101271
Mean: -2.0435931655492525 min: -11.500371172117433 max: 0.8061539380286615
Mean: -1.767598143707216 min: -11.424361054846706 max: 0.7960726780360929
Mean: -2.7605584814486788 min: -11.834708773728565 max: 0.809245869821948
Mean: -1.699261710628117 min: -11.835102077662501 max: 0.8189374260972451
Mean: -0.6378169586303724 min: -10.243240956599129 max: 0.8069989190817742
Mean: -3.0498463808501404 min: -11.728395581206534 max: 0.8063180180991049
Mean: -2.0182928488157557 min: -11.30483743103641 max: 0.803483302278126
Mean: -3.180050457735639 min: -11.690847871086781 max: 0.8077043825771896
Mean: -2.73327832031259 min: -11.321634401533482 max: 0.7989505764554101
Mean: -2.1693523176508593 min: -11.605965191174928 max: 0.8032912006540316
Mean: -6.560239065990002 min: -11.823699538699413 max: 0.7948611993593047
Mean: -0.45328697721036965 min: -11.276897204597466 max: 0.8186720696062435
Mean: -2.8328098354962825 min: -11.31648760353638 max: 0.809101906791315
Mean: -0.8235568419609066 min: -11.747084108947261 max: 0.8058380993366294
Mean: -2.837443136834931 min: -11.24281656898222 max: 0.8113554833665393
Mean: -5.263484135954515 min: -11.462657617110212 max: 0.8123671580322381
Mean: -4.158105198005783 min: -11.198164110513193 max: 0.807408661321123
Mean: -0.23211313387027518 min: -9.207466502371245 max: 0.8153088202974149
Mean: -3.0379992962587803 min: -11.705976953261358 max: 0.8164097001044982
Mean: -1.6989293929093177 min: -11.186866050646003 max: 0.8114961258183508
Mean: -2.7893649878379154 min: -11.230842872498648 max: 0.8083311664335976
Mean: -2.9314874725231266 min: -11.344890478693957 max: 0.8360637349921742
Mean: -3.8731867330564143 min: -11.667821350695364 max: 0.8037642813372731
Mean: -1.3981036828693862 min: -10.07870571917928 max: 0.8250690465929622
Mean: -4.625176659798068 min: -11.58397783384425 max: 0.8113525358770732
Mean: -3.88827155678315 min: -11.685189099106786 max: 0.8137835165096523
Mean: -3.906007745518553 min: -11.656553384952009 max: 0.8193528628476567
Mean: -2.062570100224783 min: -11.577494183918152 max: 0.8201501008761596
Mean: -3.6321107059446143 min: -11.302555184781461 max: 0.8200991863334812
Mean: -0.9007864223395423 min: -11.30063117295795 max: 0.8177380969501491
Mean: -5.051438458540474 min: -11.69811342256794 max: 0.8126215624302866
Mean: -1.5822334258369577 min: -11.225484626017677 max: 0.8156623273616936
Mean: -4.28676072449319 min: -11.682747281900093 max: 0.8012363021092072
Mean: -3.820822788129597 min: -11.215643527387742 max: 0.8104791319903124
Mean: -0.47064236288157096 min: -11.561618529915188 max: 0.8203871354607283
Mean: -4.051463039218666 min: -11.897602382175272 max: 0.8145757408715072
Mean: -6.591996088664317 min: -11.701979643138312 max: 0.7992490415295217
Mean: -2.1690851509981925 min: -11.491139650758356 max: 0.8131939221639727
Mean: -5.461260725488377 min: -11.819686880744115 max: 0.8022848480126149
Mean: 0.7666739953327594 min: 0.4515068137018731 max: 0.8177141905266778
Mean: -1.2714715604614644 min: -11.213713790528145 max: 0.8225598160786866
Mean: -4.158114580662485 min: -11.385875634868324 max: 0.8080567425453457
Mean: -0.8025580229489095 min: -11.210857534561752 max: 0.8101446387207906
Mean: -1.6636967054116263 min: -11.435117617421007 max: 0.8101734146334671
Mean: -2.5932695818459504 min: -11.712093731736205 max: 0.8166144485168136
Mean: -1.5565283731885367 min: -11.332356667915889 max: 0.8283972998141002
Mean: -5.07154126912952 min: -11.622138646729555 max: 0.8198164264807787
Mean: -1.6520087534605452 min: -11.677639776935463 max: 0.8213723594610227
Mean: -0.5127410404997224 min: -11.164853090775757 max: 0.8296658221613065
Mean: -1.4237213765930063 min: -11.411168014174672 max: 0.8132057306751402
Mean: -4.53744885716124 min: -11.574268953231854 max: 0.8063335641789372
Mean: -0.7671470794210175 min: -11.202452766008303 max: 0.8301655480623218
Mean: -4.0413709567280565 min: -11.690013347378745 max: 0.8201578340814721
Mean: -0.8095527017691675 min: -11.72636627768123 max: 0.8152729290076162
Mean: -2.97156870422015 min: -11.82640689722523 max: 0.8154895478298427
Mean: -3.4981168632775583 min: -11.825180816440058 max: 0.8249931831738718
Mean: -5.235886310215829 min: -11.772731333978538 max: 0.8338463738571982
Mean: -6.6768640189027195 min: -11.829649685103329 max: 0.8005914856551634
Mean: -3.6742248285763397 min: -11.654084230255831 max: 0.8237876776021951
Mean: -6.618618282633081 min: -11.711544743549673 max: 0.800869692048991
Mean: -2.0593473449518997 min: -11.557359605508262 max: 0.8243246152068934
Mean: -1.6329682509698469 min: -11.17199928845515 max: 0.8208426361267236
Mean: 0.14618801693462397 min: -2.832503111170572 max: 0.8144313306882749
Mean: -3.542772772924935 min: -11.698681802900463 max: 0.8180203615932891
Mean: -4.442210763886414 min: -11.808032062716649 max: 0.8027586795847
Mean: -5.7115201602298855 min: -11.68304239912772 max: 0.8124585446265989
Mean: -3.0775749011174414 min: -11.461719603497537 max: 0.8068359558918037
Mean: -6.362207125759769 min: -11.6876760691549 max: 0.8181803321152235
Mean: -0.22651143033880872 min: -9.17933572170635 max: 0.814337887107647
Mean: -5.489122773510538 min: -12.102854424489223 max: 0.8192737012898262
Mean: 0.28563663171029596 min: -1.9707208380530845 max: 0.8150604724694422
Mean: -0.8544997474253844 min: -11.79002721772734 max: 0.8207976208628729
Mean: -1.7389640618817968 min: -11.75184333068356 max: 0.8223984563426388
Mean: -1.9168590314534701 min: -11.747500677687505 max: 0.8182238467674431
Mean: -2.663626660130873 min: -11.74453495019463 max: 0.8266375256558615
Mean: -5.245075312010318 min: -11.832148453026669 max: 0.8250813916716315
Mean: -2.9267464102857565 min: -11.844120573917223 max: 0.82600690658309
Mean: -0.5443547663294568 min: -11.220880251616977 max: 0.8281448297786691
Mean: -3.788587374485484 min: -11.419700573758409 max: 0.7995836962019637
Mean: -4.513807593835855 min: -11.360745225953062 max: 0.8047928431398931
Mean: -2.9316886209058177 min: -11.572379533609125 max: 0.8063497878896744
Mean: -0.3955527588245261 min: -9.520291945332826 max: 0.8263822932749292
Mean: -2.267330691282484 min: -11.666878616454026 max: 0.8145981944830681
Mean: -2.7023018576789326 min: -11.207921252942768 max: 0.8064806477294209
Mean: -1.9508853944567377 min: -11.593067363530583 max: 0.798590275650809
Mean: -2.728996119237434 min: -11.314459255142276 max: 0.8044434256344268
Mean: -0.6511964245421715 min: -9.194183216026673 max: 0.8006058102357062
Mean: -0.5053266678501142 min: -9.199655958614311 max: 0.8206006246509725
Mean: -2.9315975121021802 min: -11.550065776562601 max: 0.8183338627331654
Mean: 0.38854877264009413 min: -1.9475512814539484 max: 0.8277855355633864
Mean: -2.9870296521876565 min: -11.857465687873649 max: 0.8166655015697092
Mean: -1.8910534543575512 min: -11.695090596216545 max: 0.8226798704332084
Mean: -2.6558683493373656 min: -11.73020217017212 max: 0.8200493465910567
Mean: -4.278842472202078 min: -11.841753519178024 max: 0.8112655792135868
Mean: -4.032107696706442 min: -11.403622130423908 max: 0.8191263443165411
Mean: -0.31569691299960434 min: -10.089474777425387 max: 0.8294549896893207
Mean: -1.6640721701523002 min: -11.7908585020865 max: 0.8195517845191358
Mean: -2.04743839785213 min: -11.81626341781518 max: 0.8191827677175335
Mean: -2.947935110768626 min: -11.870516733760503 max: 0.8146924061744517
Mean: -2.8239765292096384 min: -11.846512924576404 max: 0.8327201259132226
Mean: -4.196012141716601 min: -11.77740792494733 max: 0.825148565189352
Mean: -1.6887864903852887 min: -11.2085950874517 max: 0.8345744074218572
Mean: -0.7661640108943917 min: -11.870613039052303 max: 0.8166465525956212
Mean: -4.019475048150798 min: -11.816904294831245 max: 0.8309013189137202
Mean: -6.850094071610107 min: -12.334492379870762 max: 0.8218366970381483
Mean: -3.449225768485506 min: -11.651910300278761 max: 0.8194349101933763
Mean: -0.8103680767302459 min: -11.215356375878864 max: 0.8196646446484578
Mean: -2.3134592365017577 min: -11.753263890313232 max: 0.8272990703600884
Mean: -6.56484618214873 min: -11.949414387682685 max: 0.8256546668005378
Mean: -2.5886457888019727 min: -10.343008830336442 max: 0.8229473804123285
Mean: -3.0659176292515573 min: -11.876978210276723 max: 0.8031002445717194
Mean: -3.4813209248811625 min: -11.3748186909277 max: 0.8178867198494933
Mean: -4.6657223283874485 min: -11.793859653403366 max: 0.7984206299767316
Mean: -1.6534585927540058 min: -11.740468776833996 max: 0.8289287850425996
Mean: -1.6586901754194237 min: -11.729590814031164 max: 0.8330679327740299
Mean: -2.9332857754912327 min: -11.759573705885133 max: 0.8278931084142044
Mean: -0.4732374518477977 min: -11.263875854810882 max: 0.815479275464198
Mean: -1.6649521748325373 min: -11.42118565225927 max: 0.8227245770072418
Mean: -4.200200217618181 min: -11.897274294519114 max: 0.808314955680942
Mean: -2.7903537473538904 min: -11.797947080629754 max: 0.8248161261919311
Mean: -1.8087391012489349 min: -11.621966889111512 max: 0.8284720793558421
Mean: -2.8824293936968814 min: -12.031801288181528 max: 0.8356088138353485
Mean: -1.2712355030020042 min: -10.084859096177853 max: 0.8338717241136835
Mean: -5.349964946442301 min: -11.862795423264314 max: 0.8276769511829948
Mean: -3.0793030040691347 min: -11.770139442150258 max: 0.8239943586133633
Mean: -2.5884641639616897 min: -10.404664921551694 max: 0.839860289530144
Mean: -1.6209674532816831 min: -10.624125719043054 max: 0.84091188067605
Mean: -4.279839936716671 min: -11.833064151248042 max: 0.8161387767772974
Mean: 0.821303906374324 min: 0.8002064180695618 max: 0.8349782835816546
Mean: -2.784281534111051 min: -11.751974610010327 max: 0.8288592843149014
Mean: -3.034414241811346 min: -11.415672541127043 max: 0.8253246193810905
Mean: -2.7414973357370407 min: -10.183277274004062 max: 0.8281776371655432
Mean: -1.9324632102488661 min: -11.824142549619017 max: 0.8397304702939203
Mean: -2.568044839608649 min: -11.226668375092434 max: 0.8248333980869016
Mean: -4.1361785053388775 min: -11.494122557086776 max: 0.8342504853799529
Mean: -3.7154130664853433 min: -11.994047926119435 max: 0.8183273560397097
Mean: -3.5917231818413002 min: -11.384878636939327 max: 0.8252995847075026
Mean: -2.666994119289307 min: -11.756624570107679 max: 0.8378833701526407
Mean: -2.6402398718235696 min: -9.94125308819469 max: 0.8349063844739044
Mean: -1.4294898132228706 min: -11.150409044925558 max: 0.8187554889615749
Mean: -5.52636231204652 min: -11.764035035605541 max: 0.8240500578597866
Mean: -2.6341888863149436 min: -11.760798259728526 max: 0.8203189281005449
Mean: -0.7446334693128548 min: -9.166216947741642 max: 0.8254278000781226
Mean: -1.7007908311492792 min: -12.394522194634575 max: 0.8153185292953509
Mean: -0.4072209523208638 min: -9.187071510691506 max: 0.8354422273139446
Mean: -1.6465034264558835 min: -11.209202029611605 max: 0.8314177140650911
Mean: -5.685731009304076 min: -11.821090003686793 max: 0.814260668508984
Mean: -5.021567132237899 min: -11.791101409482645 max: 0.8212156655016489
Mean: -2.1750752189621103 min: -11.706485120034216 max: 0.8218096576343205
Mean: -4.1613736397734 min: -11.791337655788226 max: 0.8006903544068029
Mean: -6.402439867259732 min: -11.86314581558173 max: 0.8200785686019636
Mean: -3.08244540618012 min: -11.831046242098127 max: 0.8314919291813825
Mean: -0.4487570574357256 min: -11.85315367417243 max: 0.8380224730004447
Mean: -3.0923909180710507 min: -11.767566334798095 max: 0.8252613446571371
Mean: -4.265509854524916 min: -11.810643334803295 max: 0.8329536273695926
Mean: -5.290648344277377 min: -11.74798399054048 max: 0.8167350959988972
Mean: -0.18366505111665477 min: -9.170738106954849 max: 0.8272920277190502
Mean: -1.6388963778954302 min: -11.732735926395893 max: 0.8331214684772605
Mean: -0.7065984199799794 min: -11.71927247289146 max: 0.8349868866985733
Mean: -1.7338547814160001 min: -11.73704471141665 max: 0.8194446318668488
Mean: -2.634800473070271 min: -11.583497952262933 max: 0.8146982210451758
Mean: -1.6914796362119315 min: -12.171216245270024 max: 0.8051844853367646
Mean: -1.4895532366575437 min: -11.762298756901872 max: 0.8185763498920576
Mean: -2.443899101842225 min: -11.637631848545583 max: 0.8132863381185932
Mean: 0.7596159366469679 min: 0.43049548665737786 max: 0.8189275541609962
Mean: -1.5833635112784186 min: -11.74211464541542 max: 0.8171442127573714
Mean: -2.6830921648729817 min: -11.743729050053842 max: 0.8182942209983861
Mean: -3.0377247395577536 min: -11.771710413716981 max: 0.8271236807775982
Mean: -0.49902742895988056 min: -11.656862663034225 max: 0.8178868502574427
Mean: -2.647707902870364 min: -11.168129972181159 max: 0.8227379959673292
Mean: -2.7272885862187883 min: -11.809635515022464 max: 0.8089862763444201
Mean: -0.45087085467764004 min: -11.42651213003757 max: 0.8176828685233951
Mean: -0.2323108162425644 min: -9.200680382091862 max: 0.823437186976861
Mean: -2.493008839226952 min: -11.192249919742656 max: 0.8208091524777894
Mean: -0.4006283324265227 min: -11.198667930751759 max: 0.8078002058157454
Mean: -1.3528921930445017 min: -9.303540418642076 max: 0.8318921546316289
Mean: -1.6259619657724471 min: -11.314020904279065 max: 0.8241176345937737
Mean: -0.27213428618459007 min: -9.188284495400945 max: 0.8075355015915853
Mean: -1.7531771923807224 min: -11.357396381507007 max: 0.8141138591205143
Mean: -2.852295563627825 min: -11.757269581322124 max: 0.8135657165318514
Mean: -2.8164976598015947 min: -11.66080842820406 max: 0.8104279062441153
Mean: -1.4747353847093079 min: -11.312003894735252 max: 0.8154141898429439
Mean: -0.6833470825134788 min: -11.666732269291641 max: 0.8107823137993888
Mean: 0.10672409152285878 min: -2.009372994842679 max: 0.83155117800676
Mean: -1.201563007015174 min: -9.202934760421826 max: 0.8134697435621824
Mean: -0.4086562164411299 min: -11.200002475205126 max: 0.8094969146481829
Mean: -11.35858829347331 min: -11.920116859160116 max: -10.807133498123846
Mean: -10.816609909631937 min: -11.895343818935132 max: -6.146264279800327
Mean: -10.691854297904657 min: -12.16225568532323 max: -9.865951230623496
Mean: -10.136655926588846 min: -10.749270800481892 max: -9.620401716334714
Mean: -9.712196707246168 min: -10.112763242913891 max: -9.598266266515028
Mean: -9.619332853800199 min: -9.757764139710828 max: -9.551259719492851
Mean: -9.621289197485147 min: -10.121496645236862 max: -9.401106979983417
Mean: -9.542177818556386 min: -9.714819684382654 max: -9.383475251484008
Mean: -9.61053382885224 min: -10.206780733084477 max: -9.34263779827294
Mean: -9.119426876768404 min: -10.95852536160356 max: -3.544487819962354
Mean: -7.760163067635079 min: -11.186642573749634 max: -2.644326079223738
Mean: -4.250611050198502 min: -10.770884506455642 max: -2.6483534057660694
Mean: -3.3903405197204606 min: -10.125053669108418 max: -2.5980152376792427
Mean: -3.465760900409857 min: -10.080178922646244 max: -2.6381457292773702
Mean: -3.5759276553148838 min: -10.856481012277108 max: -2.6346880505528008
Mean: -3.3718376031681254 min: -9.530087223138283 max: -2.6279840797284506
Mean: -4.831624210660976 min: -10.286865989430959 max: -2.578459397520963
Mean: -2.6828137841927924 min: -2.9930607599068746 max: -2.6158512861290415
Mean: -4.805907346417643 min: -9.849452116663828 max: -2.629302711934974
Mean: -5.3471974328655145 min: -9.851597944344839 max: -2.4202278118680742
Mean: -3.3574500736408397 min: -9.467284074413655 max: -2.617571694904285
Mean: -3.371712144062605 min: -10.032972661542157 max: -2.522842556016306
Mean: -6.081990961982113 min: -11.356460034298115 max: -2.5726165135891104
Mean: -3.321321545249294 min: -9.438754007565977 max: -2.576056936675424
Mean: -6.47321829242413 min: -11.055288024965051 max: -2.5729396659888772
Mean: -6.256098011026536 min: -10.702568344123248 max: -2.3010513795634537
Mean: -4.880168628606169 min: -10.663429492478524 max: -2.3728266630525128
Mean: -5.349471686695222 min: -10.09472469577101 max: -2.375528908816524
Mean: -3.9216896685202203 min: -9.479476401868236 max: -2.370386946758561
Mean: -5.393544124052899 min: -10.062289294350292 max: -2.337787216881398
Mean: -5.440457610038626 min: -10.686823979227968 max: -1.9032982913326981
Mean: -6.1607391678905605 min: -11.1532475672682 max: -2.4150267168275223
Mean: -5.290079665741318 min: -11.048485914336277 max: -1.9405174674850574
Mean: -3.202898558968812 min: -9.363545420785082 max: -2.3546599411715823
Mean: -3.85634384402434 min: -10.115643998947638 max: -1.4722187479824294
Mean: -4.4643300783340845 min: -11.79876714367082 max: -1.078432685251598
Mean: -3.3620439691784503 min: -10.468901143637693 max: -0.4482123261599112
Mean: -3.2958596218237988 min: -10.57466279894013 max: -0.43433161951384386
Mean: -1.6456753708605238 min: -10.05754174800909 max: -0.43411267257988956
Mean: -5.094300994209488 min: -9.916056080952515 max: -0.4079916722614757
Mean: -0.9398769220704128 min: -4.436632135888653 max: -0.17334313027307754
Mean: -1.8998918765205732 min: -10.532539408970209 max: -0.2936534448498061
Mean: -2.218440111658343 min: -9.278898081596443 max: -0.24865970995438588
Mean: -3.031891920318941 min: -9.4148895304067 max: -0.24683808370761373
Mean: -2.0038897131280895 min: -9.261915746339792 max: -0.22620993789830152
Mean: -1.7779025310854215 min: -9.793280604157486 max: -0.1482005052227985
Mean: -0.887358937757023 min: -4.828345387881408 max: -0.15086870567915067
Mean: -2.821171704942841 min: -11.49118854064139 max: -0.16567093061949997
Mean: -2.409874352345345 min: -10.180134136871809 max: -0.14602001423295743
Mean: -1.5403340064905 min: -4.3572215616638275 max: -0.11816420758519468
Mean: -1.3466261992670145 min: -4.428796764620202 max: -0.14601250222409784
Mean: -2.7361819787303117 min: -9.981267143898226 max: -0.14321135121390394
Mean: -3.510419986052944 min: -9.832061195314704 max: -0.16210737551718027
Mean: -1.6466199506549415 min: -4.327214862401004 max: -0.11649043916931101
Mean: -2.93633107476276 min: -9.796246742514937 max: -0.22120990881431862
Mean: -2.259127520152 min: -9.958660293013194 max: -0.15309780160868172
Mean: -3.578431460509877 min: -9.841211828917755 max: -1.6061131282946275
Mean: -3.8454550858917087 min: -9.367146846174435 max: -1.1947305675256419
Mean: -3.6799396657161836 min: -9.915739982991813 max: -1.147186986339818
Mean: -3.55144977489532 min: -11.49241146747121 max: -0.8152284111432228
Mean: -1.3253751096815711 min: -5.80817246032219 max: -0.32305701314084423
Mean: -3.4327998277841716 min: -10.758113417314037 max: -0.4143869144144796
Mean: -2.513024778439358 min: -9.567905698924873 max: -0.7067448131718134
Mean: -4.5809190066170515 min: -9.621236817204725 max: -0.7088978518976049
Mean: -2.5020334024631152 min: -9.473836623487845 max: -0.6897745339252115
Mean: -5.081922039029257 min: -9.869766423620852 max: -0.42460353346980323
Mean: -0.8829855423193299 min: -2.6673666285462994 max: -0.5369168152464514
Mean: -4.364787590350753 min: -9.38165491308159 max: -0.4950414359520438
Mean: -1.660174455421409 min: -9.143816605974642 max: -0.5396125288269533
Mean: -2.7789865782186576 min: -10.449576485413676 max: -0.4943427168085529
Mean: -3.7493158950362684 min: -11.574828541218158 max: -0.4927119464098785
Mean: -2.055706918635947 min: -9.889616305616142 max: -0.4893216893246897
Mean: -1.6940707691852293 min: -10.545688243327337 max: -0.46221432696148324
Mean: -1.7094135402737856 min: -10.146334996989566 max: -0.2882395940871418
Mean: -4.02466862050357 min: -10.490166551549386 max: -0.14726146990553807
Mean: -1.6169985310416188 min: -11.652331090806204 max: -0.1132165677847571
Mean: -0.24622187871532786 min: -0.6881917846363822 max: -0.11918109150194828
Mean: -1.1937613110544698 min: -5.681739231490207 max: -0.11660321840732356
Mean: -1.4319160437214156 min: -9.564552066795807 max: -0.13241282206131888
Mean: -1.4056934997636674 min: -11.283312450591314 max: -0.11783883797514194
Mean: -2.212840436361403 min: -10.48226323970126 max: -0.11986784940649836
Mean: -0.33234413423693054 min: -0.5979356219284585 max: -0.14580485329503362
Mean: -0.5496321966144512 min: -2.761728929370115 max: -0.12144493141083446
Mean: -1.4428369628053916 min: -3.0207797320591925 max: -0.24052807991746647
Mean: -1.338207362832587 min: -2.9170475642195397 max: -0.16453963439208752
Mean: -0.2539945448422415 min: -0.7847585062496796 max: 0.1695953446317632
Mean: -0.577172919786889 min: -2.9968828409086705 max: -0.09763426599761238
Mean: -0.8258861540706789 min: -5.575175893805229 max: -0.08791667745984458
Mean: -0.33473918971043853 min: -0.7024598302525936 max: -0.14769062050307238
Mean: -1.2883877458178117 min: -9.837080255465867 max: -0.029317553199454994
Mean: -3.530440613769536 min: -10.538618839830123 max: 0.010278448694410794
Mean: -1.2823553425243808 min: -10.50603912568983 max: -0.05043229674713254
Mean: -4.249090744140011 min: -10.507761713286275 max: -0.04798444132334105
Mean: -0.16478764562836665 min: -1.1151843627059823 max: 0.8759206056327661
Mean: -2.2433358454437267 min: -10.587540737100419 max: 0.31460247107934786
Mean: -2.4382301480631954 min: -10.839614850845914 max: -0.051933181007542135
Mean: -0.9757337872881889 min: -3.0647301455452505 max: -0.03975974353764149
Mean: -1.5156930407289064 min: -11.33181955075288 max: -0.015235437250597825
Mean: -5.432322355274591 min: -11.528806426804042 max: -0.06313938448696525
Mean: -3.3138423546180222 min: -10.5530507128832 max: -0.04859346035007905
Mean: -1.2282341943408255 min: -10.89488017730246 max: 0.1046897687435396
Mean: -3.576502648358859 min: -12.284143982590216 max: 0.06329113434607633
Mean: -2.186999893167863 min: -11.640544723172226 max: 0.04148363093644945
Mean: -4.5072649994891725 min: -11.834403530148744 max: 0.785201478041093
Mean: -4.390179229348088 min: -11.619685404758055 max: 0.48537027662726223
Mean: -4.990942001837435 min: -11.3798297101768 max: 0.7645117777443596
Mean: -3.3491129617266515 min: -12.090638558112442 max: 0.43929120620655854
Mean: -6.896653424463805 min: -11.995472626312353 max: 0.6892650824241372
Mean: -4.15614473033211 min: -11.718782887532925 max: 0.4926338957617513
Mean: -3.9760006649346726 min: -11.888156730408905 max: 0.5874164407421524
Mean: -1.6382657301365797 min: -11.177658344198013 max: 0.5615501702497474
Mean: -8.353099464465652 min: -11.944957808467407 max: -0.19560032914445608
Mean: -4.450312425986956 min: -11.797854293867633 max: 0.6343359544154452
Mean: -3.237168046006533 min: -11.87559481469713 max: 0.5113462959882314
Mean: -1.3342543735729064 min: -11.449325272736328 max: 0.5724853010849713
Mean: -1.1551008934827447 min: -9.572711438970835 max: 0.7301900644287606
Mean: -3.241025520112612 min: -12.252428683919259 max: 0.7255850747997536
Mean: -3.4974378150262027 min: -12.541173426384862 max: 0.5758341208813844
Mean: -0.21848735130300873 min: -3.979219709690655 max: 0.7654364076701962
Mean: -3.57954467381244 min: -12.648060983333755 max: 0.7142550581154427
Mean: -1.057662638642673 min: -10.98403264116418 max: 0.6919137949257348
Mean: -1.082901768553079 min: -10.022231827899457 max: 0.7462925256943758
Mean: -1.8054073466116827 min: -10.519650440710038 max: 0.7554424599795878
Mean: 0.3034225111669957 min: -1.019250848958759 max: 0.7083761567226318
Mean: -2.320742086085156 min: -11.406910649690317 max: 0.7457884930203476
Mean: -1.09548372342147 min: -12.024709523703315 max: 0.6837324367135552
Mean: -2.7170773672056763 min: -11.110284225146133 max: 1.343674421971195
Mean: -3.1940738927619465 min: -11.16723457148744 max: 0.6737256654170808
Mean: -0.8498126683758104 min: -9.078026362927709 max: 0.6156176188958504
Mean: -2.988823307189909 min: -12.15688498159156 max: 0.4944579572846808
Mean: -4.845980616512642 min: -11.102252768904805 max: 1.2308779541529349
Mean: -4.612695065778226 min: -11.547830561966613 max: 0.6377004974249487
Mean: -7.04034801758001 min: -12.58430751113946 max: 0.5722368430241243
Mean: -2.543238086410971 min: -9.168727077874896 max: 1.8442790058151295
Mean: -5.479856355118756 min: -12.086098605324267 max: 0.6445561324785112
Mean: -0.5938611481239064 min: -8.71465721034761 max: 1.3540972087692944
Mean: -3.0647868110337093 min: -11.15201167374486 max: 0.7353834721613024
Mean: -4.03500824394034 min: -11.70828994825265 max: 0.8538503360772023
Mean: -0.0002961347897935562 min: -1.8522644554385448 max: 0.559756092907824
Mean: -0.6770171641744149 min: -9.496746093889637 max: 0.5131693107056237
Mean: -1.7258713622608313 min: -10.561316522418506 max: 0.856149170407848
Mean: -0.5418522344288339 min: -9.691670320054277 max: 0.9164086129253582
Mean: -1.6353852039066716 min: -10.56392706236621 max: 1.0882211034920939
Mean: -1.1227145104716207 min: -9.525229862036358 max: 1.1375737454895405
Mean: -1.8858723327974425 min: -11.185747396095294 max: 0.8655257454969204
Mean: -2.72729321524695 min: -9.888273025426539 max: 0.9417716628342511
Mean: -0.8062445825738171 min: -10.780773901802267 max: 1.1012738927461465
Mean: -1.2625058240310878 min: -9.750013070655733 max: 1.1737616396453994
Mean: -5.284976803760983 min: -11.537096994405065 max: 1.0899148535610768
Mean: 0.20921112803574352 min: -0.8121221729993819 max: 1.1385423609076422
Mean: -2.6117212881841625 min: -9.489257968691586 max: 1.2616047411108535
Mean: -1.3554715408438323 min: -9.71532592987335 max: 1.1148268026274626
Mean: -0.7833383258550688 min: -9.336085507542018 max: 1.3371671697636518
Mean: -3.6182430362105054 min: -9.979378318038897 max: 1.0475528592722687
Mean: -2.557219908688376 min: -11.81898425464298 max: 1.1483212369180034
Mean: -4.199605411103357 min: -9.667047712455137 max: 1.159998654771335
Mean: 0.03836622761313842 min: -3.2937551596761847 max: 1.1390639045005662
Mean: -2.5344331137664526 min: -9.991738442255103 max: 1.134019554574645
Mean: -1.5316136842383083 min: -10.344913144471782 max: 1.15324849362249
Mean: -2.815862511064764 min: -9.968662511949933 max: 1.1534051659726472
Mean: -0.41094269544915296 min: -9.909854732080454 max: 1.14091769121862
Mean: -4.775452753042294 min: -10.82625623367084 max: 1.2110084930127953
Mean: -0.33205484228856125 min: -8.896150540126248 max: 1.1421027079365038
Mean: -3.4732736948622844 min: -10.173021303004843 max: 1.1551814478115676
Mean: -2.091974701184467 min: -11.616254801153845 max: 1.3609650323664475
Mean: -4.1778843935650825 min: -9.942876672055517 max: 1.0218627474654818
Mean: -2.6339493145349966 min: -10.04430406581036 max: 1.2850472972525353
Mean: -2.581025010607898 min: -9.96778558960492 max: 1.189496250517623
Mean: -2.5396457832398847 min: -9.595404952689435 max: 1.101823328858355
Mean: -2.1000990287436347 min: -11.36447883481616 max: 1.1835079202850374
Mean: -5.589588657754312 min: -11.937674797667388 max: 1.268021672541213
Mean: -3.287782549768432 min: -11.872227168522462 max: 1.0708126553331903
Mean: -5.08583267921824 min: -10.834569908901795 max: 0.4252412741071369
Mean: -1.8089592177519982 min: -9.767279325251454 max: 0.2901194083467357
Mean: -2.402269051898936 min: -11.310110381615587 max: 0.4191673386937416
Mean: -4.371004960937453 min: -10.147071586662605 max: -0.25159671801875655
Mean: -3.0087551798569168 min: -11.921173503210033 max: -0.09275167281856996
Mean: -1.8247579845981345 min: -9.368365650104971 max: 0.6322022870964789
Mean: -2.2197856924467363 min: -9.927729679533124 max: 0.5852807754692424
Mean: -3.8102429468128647 min: -11.965289723959271 max: 0.629331413857315
Mean: -5.614957953822083 min: -10.533294319362097 max: 0.5638272884105122
Mean: -2.530038783953562 min: -9.287900200727506 max: 0.7837112718342799
Mean: -6.106683520332467 min: -10.886542915450022 max: 0.8382407103542522
Mean: -0.8003097469997176 min: -9.01718995719896 max: 0.8137497299860813
Mean: -4.187399333238142 min: -11.458306634262371 max: 0.6821897968297115
Mean: -2.2865572943498216 min: -10.031869502819355 max: 1.909356401923596
Mean: -2.986830617386628 min: -10.799940594085164 max: 1.3246275569412964
Mean: -1.5721514215652843 min: -10.5156271518869 max: 1.1806191714324719
Mean: -7.27891881083588 min: -11.741918680270976 max: 1.128606413847879
Mean: -1.4501956681104464 min: -10.073046424837061 max: 1.4219864987031934
Mean: 0.04154037387451424 min: -9.288379526481773 max: 1.5645938561582162
Mean: -5.274942237272395 min: -10.26615146162739 max: 1.3933773748781884
Mean: -3.511741592533994 min: -10.714931422561 max: 1.5752306921180261
Mean: -1.61351702283086 min: -9.893515353988855 max: 1.3940099047499857
Mean: -3.838208144624821 min: -10.46360690238593 max: 1.4432077224823827
Mean: -2.595910135204515 min: -10.311017539206413 max: 1.4175029648616677
Mean: 0.12142736582742883 min: -9.430000699996615 max: 1.6308366986878013
Mean: -4.43460349727698 min: -11.08729146390071 max: 1.410573469040335
Mean: -3.027287721010338 min: -9.881901667033071 max: 1.484071087157825
Mean: -3.2352748645022062 min: -11.213569017665264 max: 1.440820087032537
Mean: -5.37215732851652 min: -12.098425134893652 max: 1.5092883828754153
Mean: -2.279117580384626 min: -11.493562617882919 max: 1.5012936556192862
Mean: -5.4434182772506166 min: -10.693154745951336 max: 1.689140461975525
Mean: -2.6033928623597467 min: -11.062543009986562 max: 1.721186653126107
Mean: -7.117150844517359 min: -11.8414617097102 max: 1.419369237630839
Mean: -3.638707142705871 min: -11.390998370762917 max: 1.5798258804808765
Mean: -1.7828653526802554 min: -9.500545384823027 max: 1.5556880423990236
Mean: -6.348174178752898 min: -10.273900353715058 max: 1.4025508167414305
Mean: -3.877492628364409 min: -12.637148019310091 max: 1.5284930366620808
Mean: -0.9321166122636013 min: -10.379779108088798 max: 1.7594674874457945
Mean: -6.84069943265745 min: -11.606112431864027 max: 1.6415898194762173
Mean: -2.5814765927187246 min: -9.517304927156738 max: 1.9243799236221513
Mean: -2.622266820590327 min: -9.481558424428915 max: 1.4487528247791772
Mean: -3.2785796801391927 min: -10.128310547684011 max: 1.5784905887166365
Mean: -2.3322517864522867 min: -11.484930275948217 max: 1.582308243096566
Mean: -6.319385460608894 min: -10.59641180494644 max: 1.6231308906768622
Mean: -1.887719332017084 min: -11.68683824541315 max: 1.573672344463033
Mean: -2.4288291919044083 min: -10.540353559575605 max: 1.525210029046969
Mean: -1.1431146940769081 min: -11.073848066339643 max: 1.4403211986689823
Mean: -3.2661549460052717 min: -11.333177362627074 max: 1.4168180148540959
Mean: -3.22070111941209 min: -9.945017652329478 max: 1.4730194099153047
Mean: -1.590478249444206 min: -10.35307730874212 max: 1.6832350043660294
Mean: -2.7923372937140956 min: -11.80337367906613 max: 1.4207067435718224
Mean: -2.089038914877203 min: -11.573216594978925 max: 1.5165548373437046
Mean: -0.9361871390887059 min: -10.546869342760449 max: 1.6295622263561158
Mean: -3.269857463725635 min: -10.524829013563222 max: 1.4745107500936878
Mean: -3.6548689191266432 min: -11.385711055992767 max: 1.4480776924800913
Mean: -3.3474196354635497 min: -10.11794898234348 max: 1.704717446415965
Mean: -6.817931624593003 min: -11.384396408644635 max: 1.800600426650251
Mean: -3.241461449961971 min: -10.890172428116557 max: 1.6361996085396298
Mean: -2.452482735075675 min: -10.456577729835761 max: 1.436582858283241
Mean: -1.9148600607731 min: -10.62349082859239 max: 1.5696700360267952
Mean: -5.975562862630336 min: -11.466895251037617 max: 1.5358596651406906
Mean: -2.03265657752661 min: -10.049312818774878 max: 1.4870830529537884
Mean: -4.788024002380403 min: -11.920293975127045 max: 1.3624734933782325
Mean: -2.1738945627172277 min: -11.037936031226335 max: 1.5603825595388743
Mean: -2.337043693154461 min: -10.75552969484213 max: 1.6347719029793708
Mean: -1.7459465419110285 min: -11.32376300112688 max: 1.6345718636606554
Mean: -0.18719750867018264 min: -11.605436825687509 max: 1.54573336611603
Mean: 0.15106913108427966 min: -10.358996132151134 max: 1.459527308578603
Mean: -4.579419143789413 min: -11.033931363768744 max: 1.460833765802659
Mean: -3.2497022963505167 min: -10.678738087899191 max: 1.400362310295278
Mean: -3.282672664498288 min: -11.688633159764537 max: 1.5801879636622396
Mean: -1.2849042334171887 min: -11.082534242460815 max: 1.5069490970629502
Mean: -2.6112905485965485 min: -10.422350387068468 max: 1.6156248705585088
Mean: -3.1506661382102554 min: -10.255329937892238 max: 1.4257221751265712
Mean: -3.4949533845464744 min: -11.686579593744073 max: 1.5313934088083845
Mean: -2.389989697014001 min: -11.687475616964903 max: 1.5340093020212573
Mean: -4.857376927819547 min: -11.565881331611195 max: 1.5545909315208224
Mean: -0.8510357770195001 min: -10.242200563791906 max: 1.5326142973912034
Mean: -5.1866126751526425 min: -11.806088809348458 max: 1.635433263513093
Mean: -4.26331433209516 min: -10.78159932530157 max: 1.4379842154674884
Mean: -1.7315287672886086 min: -11.513581737314047 max: 1.7319396717874753
Mean: -2.4288014254817503 min: -11.917211884185031 max: 1.582979321921371
Mean: -3.8160262959975264 min: -11.596565310004758 max: 1.6469168156904301
Mean: -2.5406143282149536 min: -9.954938819649144 max: 1.567017837231067
Mean: -6.287852100976054 min: -12.699428630713811 max: 1.621313836467887
Mean: -0.3784135148402225 min: -10.63323594452391 max: 1.6126565237373098
Mean: -1.4742369944665825 min: -10.682652615883107 max: 1.495910582733088
Mean: -2.620877108654295 min: -11.211666672884157 max: 1.6105177145496326
Mean: -2.5208395142641957 min: -11.06569427158162 max: 1.600484537014434
Mean: 0.2883917512492888 min: -10.475364026401117 max: 2.1440955552221497
Mean: -3.4866004979371787 min: -12.58054768068131 max: 1.8436605260354024
Mean: -1.0888039096124547 min: -10.18985909984229 max: 1.8335440917276618
Mean: -6.838267237697228 min: -11.763066047997276 max: 1.833746547960908
Mean: -3.2945911711926064 min: -11.31316594012988 max: 1.6675315334306482
Mean: -2.254532194998265 min: -9.788479712477425 max: 1.7611801891410894
Mean: -3.034607197268566 min: -10.558049711030884 max: 3.505502117128023
Mean: -1.0701825652733816 min: -11.266692108146474 max: 2.305747840784929
Mean: -1.275504264744529 min: -11.477965457972966 max: 1.8938497343180587
Mean: -0.9394535586556216 min: -10.168946107259217 max: 1.8963272578016694
Mean: -4.406204455854491 min: -11.234055994714007 max: 1.6116522939363571
Mean: 1.2372316143190978 min: 0.3362514531645057 max: 1.9766027811575895
Mean: -0.6774378564297477 min: -10.70824528993867 max: 3.0192572905295365
Mean: -3.136617082394101 min: -11.955448857260967 max: 2.728326066282447
Mean: -5.139551418813275 min: -12.612601199008747 max: 1.7732948686687537
Mean: -1.8519910429258146 min: -10.17802598125711 max: 1.8646325985315904
Mean: -3.5340235160636455 min: -11.985058246330517 max: 1.8583999079915692
Mean: -2.709066029297146 min: -9.22665543970478 max: 1.7784300959158081
Mean: -0.6480488949865795 min: -12.04170507678048 max: 2.902898924630291
Mean: -3.21180583651365 min: -11.771988278359608 max: 1.7679378276396018
Mean: -0.6860674045054542 min: -10.659139407566304 max: 1.9086845653933346
Mean: 0.42501840454234835 min: -8.336143659745785 max: 3.124562776172007
Mean: -1.5423353860361462 min: -11.05974849998001 max: 1.7226185636800877
Mean: -4.475546315975549 min: -12.224935988113938 max: 1.7394869222319216
Mean: -0.17470043613553385 min: -9.82860510658419 max: 2.0511797147983812
Mean: -1.8755790556286454 min: -9.266997760467646 max: 2.031422421537851
Mean: -1.7862701908300465 min: -11.000784342325733 max: 2.1517520801889183
Mean: -2.2132711277511765 min: -11.18207455375784 max: 1.9724287833012308
Mean: -4.592098813565118 min: -11.454780917786014 max: 1.6829109367056168
Mean: -4.121777475757052 min: -11.460300524923726 max: 1.7578913856597926
Mean: -0.37778254085473806 min: -11.184588120976668 max: 1.8841813754750412
Mean: -0.8081433828020069 min: -10.300571942987553 max: 2.6860374652257346
Mean: -2.9935740828912882 min: -11.494895484883338 max: 1.7831310056668885
Mean: -4.067780247707208 min: -11.555021317517152 max: 1.862732934516184
Mean: -3.3621908088612975 min: -11.16891177937125 max: 1.8893770301119062
Mean: -3.3402779132758766 min: -11.911559082057575 max: 1.7469266264226415
Mean: -2.091414777421265 min: -11.457661601180869 max: 2.341840418856192
Mean: -8.44680510639308 min: -11.97222120115506 max: 1.5846647125407811
Mean: 0.15063240508626058 min: -9.606364021403392 max: 1.8864326766192059
Mean: -2.0571698721473384 min: -11.405082877642078 max: 2.6064183225337505
Mean: -0.9715215854236833 min: -8.986445878423263 max: 2.0492355441227166
Mean: -2.9055738856509015 min: -11.009544436503226 max: 2.20665338077876
Mean: -4.9501010789262825 min: -11.114003690182372 max: 2.129689243667184
Mean: -0.755251631293199 min: -10.57168652436569 max: 1.9029153620261956
Mean: -2.0517232604292044 min: -10.805326841231643 max: 2.4993426988504015
Mean: -4.119390615004802 min: -11.818297887818131 max: 1.617760715598213
Mean: -6.031776080705987 min: -11.503461199561395 max: 3.1219922683963386
Mean: -2.4769440743677054 min: -8.438531938597274 max: 2.318351048644638
Mean: -4.995317501045122 min: -11.007679520456866 max: 4.059909243139724
Mean: -2.741152303026031 min: -10.857885303617241 max: 1.6635719352889797
Mean: -3.905477313389548 min: -10.084207676894005 max: 3.6560940421453023
Mean: -3.1530383466362983 min: -9.861596047421367 max: 1.6492913746553353
Mean: -3.264852956270944 min: -10.844521469255724 max: 2.2916918247411235
Mean: -5.049984396475738 min: -10.659964540005612 max: 1.862785189899395
Mean: -1.9976786665695219 min: -10.913961544060495 max: 1.7439081860766728
Mean: -3.031908562346767 min: -10.693566187972305 max: 1.831865408877463
Mean: -3.0582293645015115 min: -10.333137831657336 max: 2.3950450248250124
Mean: -2.8929787130598177 min: -11.362912430102133 max: 2.8230891683374373
Mean: 0.9672317220481441 min: -5.4147759119048295 max: 2.983390332733109
Mean: -5.441294179219721 min: -11.912112338849239 max: 2.8318531663108835
Mean: -4.138863580236109 min: -11.312955999756253 max: 1.743106908991619
Mean: -2.9984044905288103 min: -10.957524887854001 max: 1.6844160802627826
Mean: -0.33222615100287545 min: -8.14416100733164 max: 3.3489872170842325
Mean: -1.8553129910296562 min: -11.226798251758046 max: 2.0653930235053997
Mean: -1.8935659959808748 min: -10.843125493347788 max: 1.8056277900386082
Mean: -4.298561649714857 min: -11.831599125112715 max: 2.1521215952758808
Mean: -4.24159986697852 min: -11.788059327497024 max: 1.679680852258281
Mean: -3.3628042686215713 min: -10.811717028796433 max: 2.241851422801536
Mean: -4.113559841741765 min: -11.103595017702691 max: 2.3149199748838902
Mean: -0.053900369148383274 min: -8.039116591401186 max: 1.7591255101910177
Mean: -2.427691951269212 min: -10.79137135975622 max: 1.704748550195799
Mean: -2.4826670294889714 min: -10.816313972227611 max: 1.9837925464542425
Mean: -3.5331596612382787 min: -11.4759033159575 max: 2.6186777520192406
Mean: -3.670025870120072 min: -11.252220340503865 max: 1.6626156468959064
Mean: -2.692348787099817 min: -10.860730309482912 max: 1.9770075716666313
Mean: -5.880539915345252 min: -11.47546974864509 max: 1.7851885316978797
Mean: -4.506770347527497 min: -11.205272194446344 max: 2.0241457852435842
Mean: -4.877448812803399 min: -10.837566337002558 max: 1.7816861986764403
Mean: -0.5585212315830417 min: -9.825659480024383 max: 2.4024393082078284
Mean: -3.5016778621971794 min: -11.183040185719525 max: 2.6710031942955608
Mean: -3.465456327674424 min: -11.669180019427877 max: 2.7363048215900654
Mean: 0.674064979183271 min: -9.602662601086697 max: 2.750783680662122
Mean: -6.199840283748921 min: -11.206317345806104 max: 2.6900514104336373
Mean: -2.493006057800057 min: -9.628405183580416 max: 1.6089839213507882
Mean: -1.7368707798542018 min: -11.403192200005085 max: 2.6774692406128313
Mean: -3.008921007188758 min: -11.341854879705075 max: 3.518377196893973
Mean: -0.7959490114445503 min: -11.448507960679375 max: 2.81330368362397
Mean: -1.9868536881982148 min: -10.786904740137128 max: 2.375760043186925
Mean: -4.7775094854548845 min: -11.163917518976994 max: 1.5522739833450876
Mean: -0.798841893903415 min: -8.39116914932619 max: 1.9054320298205176
Mean: -4.329091243713224 min: -11.042010831461155 max: 1.5551738641361676
Mean: -3.311628551570075 min: -11.078964825215756 max: 1.7728767219660884
Mean: -4.888782502616271 min: -11.517676390054145 max: 2.6465225205437903
Mean: -2.422860466200897 min: -11.899156778253552 max: 1.6124752733582595
Mean: -2.489556463979041 min: -10.730736451050966 max: 1.5386760052536579
Mean: 1.0648317456856322 min: -2.085721725089635 max: 1.5940082197798726
Mean: -3.0609985414085097 min: -11.392403717732737 max: 1.956281204626435
Mean: 0.20146333327723626 min: -11.477894541388865 max: 1.565762482760484
Mean: -1.35598975393126 min: -11.415243379677 max: 2.07807116165494
Mean: -0.9426598073957828 min: -11.281673974492298 max: 2.9015593412659375
Mean: -3.013969977453638 min: -11.187085409630244 max: 2.5865819219343535
Mean: -0.6251393150585828 min: -8.161161732525523 max: 2.421700696449036
Mean: -5.711147740444135 min: -11.607928827793602 max: 2.5049911636032482
Mean: -3.3518545081095694 min: -10.571845326758444 max: 1.597999853037913
Mean: -3.0041369433011247 min: -11.603931566986706 max: 4.530030336525865
Mean: -1.3394198232172403 min: -10.153676324601776 max: 2.861542186460451
Mean: -0.8850913299280914 min: -10.729703635106365 max: 2.8231768453440935
Mean: 1.544715667942432 min: 0.7805964376940843 max: 2.3851186402114504
Mean: -3.0025188696427993 min: -11.365516261338414 max: 4.885261838576321
Mean: -0.9536334326392399 min: -11.899074670999216 max: 2.4359231965899917
Mean: -1.9983502055564961 min: -10.725997580809715 max: 2.3263247367411335
Mean: -0.6683243671755764 min: -11.52551144601912 max: 2.479153938699025
Mean: -2.04643082620388 min: -10.620619100729993 max: 2.698338087824161
Mean: -0.6558690135369943 min: -11.643148228937225 max: 3.832346830004831
Mean: 0.680463679997744 min: -10.713565312853367 max: 4.519268157794625
Mean: 1.031621862397969 min: -7.550763823105355 max: 4.034599217787739
Mean: -2.1940097276667676 min: -11.889952525939563 max: 1.8145286874493847
Mean: -0.9259609567447681 min: -11.77466916083923 max: 1.92738656694825
Mean: 0.8327579867913659 min: -10.234641913112434 max: 3.603305604970498
Mean: -2.207402247544974 min: -11.860120539057888 max: 3.5904781139062294
Mean: -3.5827420438585937 min: -11.828046820760049 max: 1.8226932517215388
Mean: -0.14402078593982331 min: -11.478832194619688 max: 2.3204402575906666
Mean: -4.843279588490818 min: -11.35317938926864 max: 3.292525328315029
Mean: -4.446394569421433 min: -10.840999398543214 max: 2.310555149212146
Mean: -3.842603534311743 min: -11.229305392906111 max: 2.3341549739508585
Mean: -2.9839678738056423 min: -10.8323205509224 max: 2.1798586961109967
Mean: -3.0467017910812566 min: -11.819977318981778 max: 3.383296666339818
Mean: -1.1957152980033237 min: -10.973617211269277 max: 2.5412081770156725
Mean: 0.4274836267137447 min: -10.801421217485528 max: 3.30037883880741
Mean: -0.8338529161145658 min: -9.470639399366164 max: 2.5476796777033903
Mean: 0.2580740962006769 min: -10.163903364112876 max: 3.8884095691681533
Mean: -2.3469093580462848 min: -11.911399140770998 max: 3.308525423696449
Mean: 0.5408499780288004 min: -8.656138319466542 max: 3.237533350052845
Mean: 0.6958545643139867 min: -10.52942233104877 max: 3.1552617643105623
Mean: -3.4400146967069483 min: -10.604061396156618 max: 1.4244055200733914
Mean: 0.12296328825750855 min: -9.37267408637356 max: 3.3884389370581003
Mean: 1.1161555657166966 min: -10.808627177500432 max: 3.812118158633423
Mean: 0.04120639970319626 min: -11.50333342701806 max: 3.673009881082031
Mean: -0.9681220024805428 min: -11.50567739619598 max: 3.0564953559117938
Mean: 0.47208672421881487 min: -10.148882013808404 max: 2.641080412157883
Mean: -0.7072161185237764 min: -11.759945574387881 max: 3.7227141323502493
Mean: -0.7573603582728602 min: -11.553791659337708 max: 2.5532785454258136
Mean: -0.6549939048502188 min: -11.433782540052242 max: 2.6703585159349026
Mean: 0.4914946598449313 min: -8.701033693021625 max: 2.97638711986233
Mean: -1.2860275625519155 min: -11.548028121231434 max: 2.198560618082069
Mean: -0.7233871770368087 min: -11.778129865607657 max: 2.519984156099889
Mean: 1.2053879693899598 min: -2.263578874749741 max: 2.7612196975094094
Mean: -2.6062441245315435 min: -11.381182907332951 max: 3.762268605746916
Mean: -0.5449280925562944 min: -11.67486664386591 max: 4.82984866172532
Mean: -2.0683025989498027 min: -11.093995796592163 max: 2.7311984522826123
Mean: 0.326600986110841 min: -8.680863591994987 max: 2.7045904104697636
Mean: -0.4856079579449079 min: -10.99766243048861 max: 4.042799235563311
Mean: -4.246614707498464 min: -11.795603764061816 max: 1.7236937347791057
Mean: -0.1838974310461215 min: -11.145536522100123 max: 2.580350526826661
Mean: -0.5156611624561457 min: -11.902624782168637 max: 2.9850835437474297
Mean: -4.1468073314101765 min: -11.894792333805196 max: 3.514982779015865
Mean: -0.051217443724272435 min: -8.822533674674958 max: 4.038329560981442
Mean: -4.083442194317841 min: -11.910581616441082 max: 2.7395146591488673
Mean: 0.41625606734307646 min: -11.876807386793057 max: 2.289591228897606
Mean: -1.7793891567268745 min: -10.1852890749148 max: 2.5191218143721708
Mean: -2.5732012216317206 min: -11.897650235901462 max: 3.219360114162232
Mean: -0.701515950139589 min: -11.279545688062056 max: 3.2023554075575222
Mean: -3.2763225728904444 min: -11.059170483898253 max: 2.8520459188725478
Mean: 1.7767577157591945 min: -2.6646480593291497 max: 4.775643325354832
Mean: -0.8841405176869547 min: -10.066422496151771 max: 3.859855359074141
Mean: -1.733323460449395 min: -10.959947018884826 max: 1.557564353890314
Mean: 0.48294467705182226 min: -11.216173162378057 max: 2.9536015425018065
Mean: 0.09843288233529471 min: -5.756505336171373 max: 1.9673983116893796
Mean: -0.2780108698837699 min: -8.399868727362433 max: 2.4165400750822172
Mean: -0.16051321496071216 min: -9.528999232103754 max: 3.3721947774909875
Mean: -1.551762086443343 min: -12.068589467249229 max: 2.4778383583775274
Mean: 1.6889713346910296 min: -2.277939967010466 max: 3.3705915531180355
Mean: -1.2224863534414392 min: -12.144034901227451 max: 3.085198104948123
Mean: -3.206488486053845 min: -11.864112902360914 max: 2.066749733283951
Mean: -3.509514092568645 min: -11.9700916822822 max: 1.8628545436280544
Mean: 0.30375461999431436 min: -10.46460277478496 max: 3.055113442191257
Mean: -2.569228034596961 min: -10.596091223675652 max: 1.4921881583351861
Mean: -4.298617521471514 min: -11.602179466260292 max: 2.685177579304492
Mean: -1.6564148003488621 min: -10.53299756501513 max: 3.0468926474528852
Mean: -2.5830944831074185 min: -12.021292986013492 max: 2.5961984245036294
Mean: -4.750251378329937 min: -10.772227296995528 max: 2.967152219641179
Mean: -4.157652007956573 min: -11.481949042919712 max: 2.41253982429623
Mean: -4.802561648902094 min: -11.00218047530278 max: 3.1035765723299105
Mean: -2.078335110880727 min: -11.503286568854762 max: 2.795304917018017
Mean: -2.5585755766384635 min: -11.75754260232475 max: 3.2159617918203853
Mean: -3.153832743299816 min: -11.919483563039657 max: 2.7620382998527444
Mean: -3.4670906244566853 min: -11.078259215556024 max: 1.3775789895377348
Mean: -4.257927630759366 min: -11.481518583035655 max: 1.6505678010032072
Mean: -1.1643756854146288 min: -11.014917434556631 max: 2.760101169712262
Mean: -1.9918916231884096 min: -12.745285165489987 max: 3.563476050208332
Mean: -3.03092877711009 min: -12.116888648885284 max: 3.050043414084894
Mean: -3.023784145467869 min: -11.836785664340853 max: 2.7944141982866912
Mean: -4.845578627104573 min: -11.192513501715412 max: 2.602424910389212
Mean: -1.609406870792918 min: -12.139393401283321 max: 3.8420981928274474
Mean: -0.5277342810635505 min: -8.575027736014345 max: 2.9774187313350535
Mean: -3.686002370822975 min: -11.9361640202109 max: 2.811938581263083
Mean: -5.273229379093366 min: -11.794019182794584 max: 1.343263148156709
Mean: -6.962958436426066 min: -10.666558982148022 max: 2.4692042788924873
Mean: -5.463225467280232 min: -11.742716882151578 max: 1.684318211878367
Mean: -3.072479539998094 min: -11.61214569736364 max: 2.920100940725683
Mean: -0.8898616028636741 min: -8.715762624058673 max: 2.617171735440523
Mean: -2.560696854204934 min: -10.314759418546945 max: 2.1813018759350666
Mean: -3.7926980328753173 min: -11.246623760215112 max: 1.8171975373756182
Mean: -3.852293267830207 min: -12.244946491329115 max: 3.1956700095610366
Mean: -1.0342682588362078 min: -8.44089262396875 max: 1.45336569781169
Mean: -3.279534574772627 min: -11.490483603465247 max: 2.39801430881091
Mean: -2.5950249243101053 min: -8.267109768169682 max: 1.8468531711179672
Mean: -5.773926331940833 min: -10.66854393173928 max: 2.227221660099115
Mean: -1.6878613170373153 min: -11.612481197003786 max: 3.5251584300405283
Mean: -4.487012827265144 min: -12.001212951236155 max: 2.9263410735165665
Mean: -3.6113774809023527 min: -12.281369299821858 max: 2.241829329228235
Mean: -4.264465124256252 min: -11.705593965478782 max: 3.620696995872699
Mean: -0.9062862555801636 min: -11.595709564742073 max: 2.8625637227600587
Mean: -2.8344428809693634 min: -9.438943928419889 max: 2.5223213627509535
Mean: -0.48165543146580553 min: -9.552644674638925 max: 1.679216190938534
Mean: -0.9520241153107435 min: -11.967624322434435 max: 3.942513941272293
Mean: -1.7520212722110107 min: -11.588176330040522 max: 1.1891426403235539
Mean: -0.6580530576590824 min: -10.732503273586037 max: 2.9439626135642594
Mean: -2.345411327359618 min: -12.719212073713354 max: 2.7973052282847317
Mean: -2.791628413257872 min: -12.52009121369859 max: 1.7348291948693275
Mean: -3.0316029932668878 min: -9.386753555439109 max: 1.7771717262084494
Mean: -1.3062343030437185 min: -9.267756171266349 max: 2.149232127444678
Mean: 0.8186890865251059 min: -1.1622472858437038 max: 1.7652196636862156
Mean: 0.5195612429658999 min: -2.7251700451810135 max: 2.3899485434102856
Mean: 0.36125680388902015 min: -2.646231557231031 max: 1.3235958537194727
Mean: -1.4402107143254752 min: -9.310302119162587 max: 1.1528904979078145
Mean: -4.182423598623705 min: -10.1273486518988 max: 1.4960758053779382
Mean: -2.9990717070281185 min: -11.485915393680934 max: 1.3503438287827159
Mean: -3.1952732335799867 min: -9.271380215592334 max: 0.9087307793380096
Mean: -1.3719611920238275 min: -11.001873090682302 max: 1.5133329747178912
Mean: 0.3686763807542358 min: -2.6584769885080846 max: 1.7643975287815519
