Mean: -10.520834554386031 min: -11.637072730162677 max: -6.0444224196368515
Mean: -9.734123210511445 min: -11.580591435235117 max: -6.042239267830566
Mean: -8.916752892137078 min: -11.888325989711845 max: -6.040934612699916
Mean: -10.14195947806953 min: -11.865785144369118 max: -6.042265838106237
Mean: -9.83833608257142 min: -11.581472909486916 max: -6.041703654051164
Mean: -9.841629250475107 min: -11.76648268325627 max: -6.041657825494083
Mean: -9.769386940459839 min: -11.804548521751476 max: -6.041821379340488
Mean: -10.26223603570677 min: -11.786836669619381 max: -6.0420316543526535
Mean: -10.079885148851675 min: -11.581519310753855 max: -6.041820463356205
Mean: -10.404370107617897 min: -11.778641150336961 max: -6.042704358378987
Mean: -10.532800287867246 min: -11.603964604958705 max: -6.042965104786984
Mean: -10.28706401501296 min: -11.833682474680742 max: -5.501948799515883
Mean: -10.807420252507637 min: -11.840176787530197 max: -6.044232100655622
Mean: -10.459681384363623 min: -11.53512187557978 max: -6.040820787955828
Mean: -10.49821948746598 min: -11.799738373597526 max: -6.032235993468859
Mean: -8.773107733526862 min: -11.76255119246592 max: -6.041433764999726
Mean: -10.01632878061848 min: -11.052900344644675 max: -6.041395265440967
Mean: -9.922263650354278 min: -11.721517108072963 max: -6.040170387039388
Mean: -9.473397429057263 min: -11.887433747262943 max: -6.0413672253006325
Mean: -9.91391257039774 min: -11.050699066421203 max: -6.041470744750865
Mean: -10.024909372449464 min: -11.139756089820217 max: -6.0414558422874185
Mean: -10.381045040497673 min: -10.940776072741485 max: -6.041727562554313
Mean: -10.412361659362041 min: -12.199508414833993 max: -6.0415368557157745
Mean: -10.190614730369067 min: -11.04738155123877 max: -6.041553940282542
Mean: -10.196427801652735 min: -11.051552787160066 max: -6.039311738980798
Mean: -10.287604402469244 min: -11.520862222519083 max: -6.041516017683576
Mean: -10.767749747614822 min: -11.045981372285759 max: -6.041733374525407
Mean: -10.686866109566232 min: -11.53496802690675 max: -6.041654895686325
Mean: -10.763789440924167 min: -11.079829897842432 max: -6.041399771116844
Mean: -10.710120268173476 min: -11.884610860401951 max: -6.042085316171669
Mean: -10.512715533474914 min: -10.623938420740764 max: -10.377311944416196
Mean: -9.711002886955763 min: -11.63007510989889 max: -1.2070515867603013
Mean: -9.072566363487486 min: -11.667044322101772 max: -1.2045839588556382
Mean: -9.845236198386345 min: -11.667608126199028 max: -1.2071933270995496
Mean: -9.07365234502906 min: -11.870717296377446 max: -1.2044915363166453
Mean: -10.16449512534115 min: -11.862725367942112 max: -1.2047277538221037
Mean: -10.277068649736755 min: -11.724648945918059 max: -1.2097012475459201
Mean: -9.751627589259463 min: -11.7322475021918 max: -1.2047320636013592
Mean: -9.89072109804241 min: -11.667641461880072 max: -1.2363134791552433
Mean: -9.784036480410096 min: -11.753007752141572 max: -1.2095757825997653
Mean: -10.751549063316604 min: -11.76898217415549 max: -1.2142430949413212
Mean: -10.274743323729647 min: -11.80976531053918 max: -1.2046816462431127
Mean: -10.671920722159104 min: -11.667593272156733 max: -1.204411041485669
Mean: -10.910284773515123 min: -11.829227445578296 max: -1.2070367284144545
Mean: -10.741692518740203 min: -11.761336785759093 max: -9.456829288876692
Mean: -9.663228929463406 min: -10.454718531866249 max: -9.461283618686224
Mean: -9.579953256534976 min: -10.521445646309138 max: -9.435895385255293
Mean: -10.37052652518505 min: -10.560178577467713 max: -9.429262765766005
Mean: -10.358689033721319 min: -10.88959819298908 max: -9.411455567670554
Mean: -9.84180994419678 min: -10.65899245845379 max: -9.436235947046917
Mean: -9.423966803756528 min: -10.791584765157575 max: -3.3748514600060764
Mean: -7.195379539067016 min: -10.400965981851659 max: -2.803909654520666
Mean: -4.203553852898729 min: -12.292999526511828 max: -2.077129190710981
Mean: -5.546294169236689 min: -11.065265740102577 max: -2.004097736799411
Mean: -5.210263353522691 min: -9.685687367179478 max: -1.981435630266354
Mean: -3.948379153564728 min: -10.331105506534113 max: -1.8880051708450465
Mean: -3.396695888386568 min: -9.748168028340826 max: -1.8834519718128464
Mean: -4.473358868292077 min: -10.66975222413619 max: -1.928165084936577
Mean: -3.3995009896120787 min: -11.251429109213305 max: -1.940885161841108
Mean: -4.594569707259604 min: -11.317461528290707 max: -1.941009546478419
Mean: -3.0015302297670052 min: -10.10760788742199 max: -1.9284111645867161
Mean: -3.3490279768992712 min: -10.438823934445999 max: -1.9426950190154078
Mean: -2.9910481305261705 min: -9.664387673548624 max: -1.8506970066993875
Mean: -3.1677109260406957 min: -9.975454383829952 max: -1.8863082861405487
Mean: -4.358632640144392 min: -10.465964773618179 max: -1.9685871762874991
Mean: -5.181682014523603 min: -10.35817559231563 max: -1.9520633579492148
Mean: -4.455545132334875 min: -9.890595944494859 max: -1.9397841232190798
Mean: -4.105263889410838 min: -10.562680457913208 max: -1.7419901801199276
Mean: -3.9147967859992163 min: -10.722823926390225 max: -1.9488102926659392
Mean: -3.6445902646943535 min: -11.281611173762753 max: -1.9309146242000916
Mean: -4.411530223592596 min: -9.892840173656385 max: -1.930992452691283
Mean: -4.256308815176727 min: -10.353683169817277 max: -1.9463192126212936
Mean: -4.214703897945286 min: -11.50590103965386 max: -1.9616556223220807
Mean: -3.768309088945802 min: -10.598976298412065 max: -1.949504624841199
Mean: -3.5516991785670275 min: -10.355797600843264 max: -1.9706316121711307
Mean: -3.435109372258288 min: -10.451072978388154 max: -1.9441532119032712
Mean: -3.9541424039468764 min: -11.522096697109067 max: -1.9412853160461723
Mean: -3.1318932474578878 min: -10.256274128823208 max: -1.9656249316109435
Mean: -3.4995093744059216 min: -10.103398310845233 max: -1.9752103834664192
Mean: -4.287475214120445 min: -11.207293216305928 max: -1.9623525016832617
Mean: -3.2980694341039585 min: -9.766240601959398 max: -1.7376597672583158
Mean: -4.184754487560691 min: -10.597579244585113 max: -1.927537767318924
Mean: -3.928085838350453 min: -11.706267000387829 max: -1.9488988995403098
Mean: -3.7763791484658835 min: -10.098837993904798 max: -1.9457800736593232
Mean: -3.75457425588108 min: -10.38590945551982 max: -1.8290228013229906
Mean: -3.775311979317351 min: -10.200796233317925 max: -1.9599843350916606
Mean: -3.9275600056541737 min: -10.380337292942338 max: -1.7936486189252319
Mean: -3.4690207767582297 min: -11.33011140683746 max: -1.7334671897596183
Mean: -3.8828692950372066 min: -11.203869838576516 max: -1.943589986504705
Mean: -3.2338016056692784 min: -11.219923276312334 max: -1.949985944318448
Mean: -3.8200153585281047 min: -11.320941536148592 max: -1.854853702483773
Mean: -3.6892258080305482 min: -11.7394600742512 max: -1.9416598521153294
Mean: -3.23306421316437 min: -10.089297724056586 max: -1.940755583155748
Mean: -3.3556138856389937 min: -11.412005780319012 max: -1.9351913460436754
