Mean: 6.930000000000044 min: 0.9999999999999999 max: 50.00000000000044
Mean: 14.510000000000087 min: 0.8999999999999999 max: 50.00000000000044
Mean: 35.0300000000003 min: 0.9999999999999999 max: 50.00000000000044
Mean: 40.75000000000035 min: 0.8999999999999999 max: 50.00000000000044
Mean: 50.00000000000044 min: 50.00000000000044 max: 50.00000000000044
Mean: 40.20000000000035 min: 0.9999999999999999 max: 50.00000000000044
Mean: 42.16000000000035 min: 1.9000000000000006 max: 50.00000000000044
Mean: 45.300000000000395 min: 3.0000000000000013 max: 50.00000000000044
Mean: 50.00000000000044 min: 50.00000000000044 max: 50.00000000000044
Mean: 45.1400000000004 min: 1.4000000000000001 max: 50.00000000000044
Mean: 49.37000000000043 min: 43.70000000000035 max: 50.00000000000044
Mean: 45.440000000000396 min: 4.4 max: 50.00000000000044
Mean: 45.9000000000004 min: 8.999999999999984 max: 50.00000000000044
Mean: 50.00000000000044 min: 50.00000000000044 max: 50.00000000000044
Mean: 33.29000000000028 min: 0.9999999999999999 max: 50.00000000000044
Mean: 43.07000000000037 min: 0.9999999999999999 max: 50.00000000000044
Mean: 45.090000000000394 min: 0.8999999999999999 max: 50.00000000000044
Mean: 41.40000000000034 min: 3.700000000000002 max: 50.00000000000044
Mean: 41.57000000000035 min: 5.599999999999996 max: 50.00000000000044
Mean: 38.49000000000033 min: 1.0999999999999999 max: 50.00000000000044
Mean: 48.680000000000426 min: 36.80000000000025 max: 50.00000000000044
Mean: 45.5400000000004 min: 5.399999999999997 max: 50.00000000000044
Mean: 30.410000000000263 min: 0.8999999999999999 max: 50.00000000000044
Mean: 46.25000000000039 min: 29.800000000000153 max: 50.00000000000044
Mean: 27.870000000000225 min: 0.7999999999999999 max: 50.00000000000044
Mean: -11.04255429401329 min: -11.709003878458962 max: -10.793026064439738
Mean: -11.055255726732947 min: -11.726689146977973 max: -10.791046235886526
Mean: -11.058450747316156 min: -11.828330864784245 max: -10.779559863213326
Mean: -10.97562791456575 min: -11.60894545415969 max: -10.757004995824584
Mean: -11.182367597452831 min: -11.694492749772035 max: -10.772511214407036
Mean: -11.099022437475453 min: -11.695676630756074 max: -10.767777119595868
Mean: -11.53849727217533 min: -11.885648803260363 max: -10.77849727469484
Mean: -11.3255597634804 min: -11.696099416848893 max: -10.772046411481934
Mean: -11.636759116189957 min: -11.712726353605525 max: -11.093458835532827
Mean: -11.657647232302377 min: -11.821888822072806 max: -11.177307909357424
Mean: -11.141966896760698 min: -11.692366525053544 max: -10.767699739914821
Mean: -11.1419418121087 min: -11.696115926726534 max: -10.76748681043908
Mean: -10.667099441740401 min: -11.694826698258892 max: -4.176980971250747
Mean: -7.756567560762342 min: -11.695900794163782 max: -4.178189842349742
Mean: -4.187079542045293 min: -4.230229895609732 max: -4.115081472299203
Mean: -11.03954154646452 min: -11.676912325518206 max: -10.822586324167377
Mean: -11.278984527326411 min: -12.525755041244935 max: -10.821293348865707
Mean: -11.007340595863413 min: -11.676843121092828 max: -10.821190047701014
Mean: -11.007532599247352 min: -11.677696093763535 max: -10.820481422823296
Mean: -10.919266178317846 min: -11.676435092362574 max: -10.817652804499865
Mean: -10.824626327803525 min: -10.848799170728153 max: -10.815580496526945
Mean: -10.84723136015715 min: -10.896513721675426 max: -10.81728703830534
Mean: -10.824539006687043 min: -10.875356185905574 max: -10.766960139757456
Mean: -10.821573194061916 min: -10.994765116111935 max: -10.710174608155961
Mean: -9.512904263230672 min: -10.88236273509618 max: -4.738994236153441
Mean: -9.70672353822447 min: -10.949874752778001 max: -4.741197949043373
Mean: -10.141038046568298 min: -10.866925881608328 max: -4.742945424841614
Mean: -9.550096444114681 min: -10.875229271892085 max: -4.7377096406992
Mean: -10.149824508750623 min: -10.879956035777615 max: -4.742220369638231
Mean: -9.10929332397642 min: -11.742168862621176 max: -4.739295413568206
Mean: -8.53339714609832 min: -10.931075235079167 max: -4.738846688981474
Mean: -8.99816451347454 min: -10.870822686555796 max: -4.7408738863932225
Mean: -10.341211923021177 min: -11.895889556419167 max: -4.739556587866391
Mean: -11.170635512154654 min: -11.868229984918734 max: -10.437692197622049
Mean: -10.034335824539728 min: -10.862118452595983 max: -4.742419873824425
Mean: -9.986062474506982 min: -10.874628160559075 max: -4.740853714781971
Mean: -9.549794139822009 min: -10.45037391555986 max: -2.7618547351901364
Mean: -6.470130277052097 min: -10.18726600687031 max: -2.7610990331436227
Mean: -3.5087655490717147 min: -11.026442241228356 max: -1.9702693946622234
Mean: -2.4170811701782178 min: -2.730581638303181 max: -1.904259803911648
Mean: -11.207829957988137 min: -11.736683604480637 max: -10.867886521397594
Mean: -10.892456095251514 min: -11.016576960072976 max: -10.867860038139298
Mean: -10.881483300923556 min: -10.915158485493189 max: -10.865553187294429
Mean: -10.886542251243586 min: -10.917869475918387 max: -10.860554315161021
Mean: -10.834616052799085 min: -11.032499084494077 max: -10.401647669542985
Mean: -10.74581161851486 min: -11.583755690938979 max: -10.3896932264753
Mean: -10.98420878330386 min: -11.726491858163849 max: -10.401060476813932
Mean: -10.405733793850578 min: -10.411059348653753 max: -10.402111043319696
Mean: -10.602454183999317 min: -11.430070711093148 max: -10.304103295177066
Mean: -10.359022137972232 min: -10.40563157023564 max: -10.311482431516268
Mean: -10.310248468406172 min: -10.322096844236118 max: -10.302844034683673
Mean: -10.313282276876743 min: -10.31693156274287 max: -10.304056523103453
Mean: -9.584359826468232 min: -10.319802816457518 max: -3.043472938637434
Mean: -6.676083532372661 min: -10.323833735184882 max: -3.028749140530569
Mean: -7.4034700726180915 min: -10.356465268486936 max: -3.029698737614998
