Mean: -10.101540612318463 min: -11.92349866363015 max: -5.888633879040429
Mean: -9.933566068506254 min: -11.746499194021709 max: -5.88029461626121
Mean: -10.003238531120877 min: -11.626550404144513 max: -5.87799523450766
Mean: -10.423629738112684 min: -11.971526214157045 max: -5.880016008392171
Mean: -10.415831692007666 min: -11.784487668579754 max: -5.8774299687339155
Mean: -10.84431432379851 min: -11.848911279877523 max: -5.885078630420846
Mean: -10.632807714130063 min: -11.73758901431163 max: -5.877750861731115
Mean: -10.62508582290033 min: -11.977365478228343 max: -5.842818180212319
Mean: -10.666301640371238 min: -11.914838822234609 max: -5.877909141092096
Mean: -9.659378836115588 min: -12.283956610704896 max: -5.878508092542951
Mean: -8.458922513974759 min: -11.874203001667125 max: -5.663218679776918
Mean: -9.19612349251899 min: -11.679334114671622 max: -5.671621706201969
Mean: -9.280817795844813 min: -11.77929171025871 max: -5.664367182178872
Mean: -9.306986468939279 min: -12.008527827790257 max: -5.605219473297657
Mean: -9.834760024193693 min: -12.062314192088323 max: -4.208983018124481
Mean: -9.066198608808158 min: -11.90652145482432 max: -1.638314624158603
Mean: -10.126370500951865 min: -11.770198004706224 max: -4.211918497939376
Mean: -9.196005406392581 min: -11.74890687423278 max: -3.9416118985887567
Mean: -10.216620622227868 min: -11.609702722595522 max: -3.9422329657274764
Mean: -10.362349864221244 min: -11.816928217115377 max: -3.945818433478606
Mean: -9.519907402710379 min: -11.560425129424981 max: -3.0315713737396712
Mean: -8.259470791207205 min: -11.669982204508063 max: -3.1810548234312948
Mean: -7.515217808936373 min: -10.658787280383141 max: -2.1722639850078744
Mean: -6.39365122706565 min: -10.617645125756178 max: -2.0312859360480617
Mean: -7.441954140758598 min: -11.52438501323311 max: -0.5400577258684951
Mean: -10.137385043688512 min: -12.490368024501173 max: -0.14744027981347532
Mean: -8.096581423079668 min: -11.434335633195133 max: -0.24516025340375203
Mean: -6.807985861244679 min: -12.585836469675797 max: 0.20328296859469994
Mean: -5.911657809624846 min: -11.699224812119862 max: 0.4516466294694643
Mean: -4.714473636297264 min: -10.695976073258974 max: 0.26892982952266464
Mean: -6.9353600947962 min: -12.455378363066282 max: 0.29320520062911304
Mean: -8.40659910302686 min: -12.225394519660943 max: 0.3295828791381521
Mean: -7.0527736110815535 min: -10.39036368442239 max: 0.503777474235123
Mean: -5.986151453038279 min: -12.180912915929927 max: 0.5252929969889536
Mean: -5.591297586178376 min: -11.981361287852659 max: 0.4948575446227188
Mean: -5.647599348572228 min: -12.217060705452461 max: 0.5329063333138084
Mean: -7.474735795004067 min: -11.949711851425578 max: 0.4989262869157338
Mean: -6.569764751587611 min: -12.150450833127898 max: 0.49915651223016333
Mean: -7.212669695711814 min: -12.565684271410046 max: 0.5279346920556025
Mean: -7.852039512195711 min: -11.730904229121503 max: 0.5055151298579224
Mean: -8.515570351636903 min: -10.751595340318012 max: 0.5529204224383554
Mean: -5.109422861269888 min: -11.666412423814359 max: 0.5643152451690898
Mean: -3.5560136778039375 min: -12.212916575522659 max: 0.5466681434427741
Mean: -5.040459575490479 min: -11.885133600332892 max: 0.7136535796392677
Mean: -5.811017752394988 min: -13.156066959804177 max: 0.6799398688873577
Mean: -5.14531528192051 min: -11.842289561021238 max: 0.7186688862490509
Mean: -6.852359646945862 min: -12.381274525268315 max: 0.7032650762858754
Mean: -5.42905939114187 min: -11.807989139576517 max: 0.7138430327253497
Mean: -6.845224924365819 min: -12.859577458662145 max: 0.7041154078982732
Mean: -6.611844675648695 min: -12.234431865968865 max: 0.7084517315465236
Mean: -7.319453677273267 min: -11.704291234546117 max: 0.6924277326768359
Mean: -7.046203528079195 min: -12.177546906723405 max: 0.6861096823153412
Mean: -7.261144083119007 min: -11.802776689157895 max: 0.6880920039789289
Mean: -6.558985948086255 min: -11.931659891086682 max: 0.6791342997816189
Mean: -7.776523919676971 min: -11.802334962930251 max: 0.7137074125593692
Mean: -8.232585833727164 min: -11.733994720607955 max: 0.6803352892322581
Mean: -8.440311035727792 min: -11.709434051879278 max: 0.7153973372593578
Mean: -9.143804056326973 min: -11.88453812969324 max: 0.6584749179506246
Mean: -6.3387643855915226 min: -11.853004551955935 max: 0.7153555740478829
Mean: -6.376679887529961 min: -11.795135509185902 max: 0.6962891293432838
Mean: -6.652232131446464 min: -11.86244198139778 max: 0.7613771466768887
Mean: -6.351589764106802 min: -12.272483364877267 max: 0.7647602875519378
Mean: -6.518836403150078 min: -11.843264923947144 max: 0.7930700795358605
Mean: -5.659763655649226 min: -11.765914583616501 max: 0.8162576304544047
Mean: -6.260417360157797 min: -11.912433588333199 max: 0.7765592287739436
Mean: -6.321379920689099 min: -11.887974990879489 max: 0.7773599294399575
Mean: -5.596843854820573 min: -11.663256478830439 max: 0.8075326377185394
Mean: -8.102773854896764 min: -11.766403159130121 max: 0.783915323632789
Mean: -6.916528879309917 min: -11.611670130903592 max: 0.790114576808491
Mean: -8.169689132527648 min: -11.72618401490201 max: 0.7773880328120734
Mean: -7.07007050828695 min: -11.670082813931904 max: 0.7816043294415248
Mean: -5.058432568467827 min: -11.633538304688217 max: 0.7965166165099272
Mean: -7.167131435548416 min: -11.691940367419738 max: 0.8021063907368088
Mean: -5.930846367987225 min: -11.635640360779746 max: 0.8175835500361368
Mean: -8.453351805187884 min: -11.819933258234071 max: 0.7340109970380467
Mean: -8.988308183808204 min: -11.91430187521216 max: 0.7691779218421084
Mean: -7.461124246045792 min: -11.856604338651726 max: 0.7750738925364197
Mean: -7.05696113677698 min: -11.808435371872662 max: 0.7401970059439342
Mean: -4.750787928716451 min: -11.686374236338457 max: 0.8228030724814946
Mean: -1.6073105723707923 min: -11.871075312263635 max: 0.8592916056004761
Mean: -1.5831140975768585 min: -11.26790379529801 max: 0.8666322990762205
Mean: -1.664548222841362 min: -11.73662700467721 max: 0.8515497436136534
Mean: -1.152103001888493 min: -11.650728048403447 max: 0.8402194404945191
Mean: -1.1960747708105417 min: -11.275418281593037 max: 0.8623298236462859
Mean: -1.7180838608063191 min: -11.575426516272474 max: 0.9478996843106661
Mean: -0.6734782552898096 min: -11.252162321869141 max: 0.9678356013877405
Mean: -0.9490856770723184 min: -11.185151221456168 max: 0.8558322574104924
Mean: -1.6161663271781206 min: -11.24467231005767 max: 1.019239120930343
Mean: -4.02348345298809 min: -12.086915250283631 max: 1.1731874809801282
Mean: -4.385994617107582 min: -11.356150317423898 max: 1.1642903964303217
Mean: -5.953712238013659 min: -11.559944220395092 max: 1.11815477954749
Mean: -6.749038542672861 min: -11.644069592133812 max: 1.0717939954333278
Mean: -4.5584340420665885 min: -11.451336129524602 max: 1.1939625831631338
Mean: -2.3213479913737536 min: -11.274633337673883 max: 1.2541679007945388
Mean: -5.027255405417142 min: -11.485408026413431 max: 1.148974200246203
Mean: -3.564275559810161 min: -11.423078266064707 max: 1.2373958824156743
