Mean: -11.156496929122387 min: -11.866734270714906 max: -10.743344159052024
Mean: -11.060656858048082 min: -11.825909341561422 max: -10.712943068800657
Mean: -10.972742491787335 min: -11.826019785315202 max: -10.44302603456881
Mean: -10.72542591214082 min: -11.698842656900547 max: -9.758617836264925
Mean: -10.109207814464366 min: -11.367333299904939 max: -9.37538221934326
Mean: -9.635319456083923 min: -11.517396782263686 max: -9.355837978322587
Mean: -9.372618957080466 min: -9.525417070379294 max: -9.258089827412956
Mean: -9.395181733422895 min: -10.034886153320658 max: -9.277350180591922
Mean: -9.504302753304971 min: -10.319163507830371 max: -9.248213769191162
Mean: -8.998090766549192 min: -10.08194172228646 max: -0.02357950247125877
Mean: -7.314149392831025 min: -11.174908134563292 max: 0.02381523964462954
Mean: -3.685376045076496 min: -11.201585604794303 max: 0.38622300774824303
Mean: -4.35068881699208 min: -11.358029195270866 max: 0.3946137921190026
Mean: -2.565995461604657 min: -11.35544881946541 max: 0.3831889129402362
Mean: -3.6299262800457077 min: -11.225887503438006 max: 0.37910289409748976
Mean: -2.101564240950771 min: -11.202697939463585 max: 0.3965642772390766
Mean: -1.8848844149173818 min: -11.149729733342467 max: 0.5103548459696846
Mean: -11.314738469999117 min: -11.929582628760734 max: -10.797853915791276
Mean: -10.442957686051596 min: -11.748385100872628 max: -4.423975229070126
Mean: -10.738686483538206 min: -11.931986175359041 max: -9.928758216361073
Mean: -8.588332002906238 min: -10.443144525450283 max: -3.820953562626579
Mean: -5.004447943130148 min: -10.948976260716872 max: -2.533886476978841
Mean: -3.8996877957197205 min: -11.513330675280187 max: -2.1026899084720116
Mean: -3.672952655080826 min: -11.910926110802173 max: -2.1473048471653544
Mean: -2.534151462752013 min: -4.288884693913678 max: -0.7893123143824142
Mean: -3.525099026426742 min: -10.549166055503237 max: -0.3636773402318536
Mean: -3.2779198650033763 min: -11.449277867474077 max: -0.3851163885328975
Mean: -2.7390318853854474 min: -11.353590973132725 max: -0.40917511586790095
Mean: -2.4834048458838653 min: -11.452789194786344 max: -0.020222389719276406
Mean: -1.4103635014658888 min: -9.979146496206141 max: 0.02061004862801779
Mean: -2.08435785848691 min: -11.438553184393822 max: 0.04677368426416694
Mean: -4.041184957047581 min: -11.607153110402374 max: 0.06687030643443544
Mean: -2.1656747660851905 min: -11.544667260854954 max: 0.004312413042756797
Mean: -3.2282587637427356 min: -11.519345929267697 max: -0.0011566172910737278
