Mean: -11.346576527282204 min: -11.873750592096274 max: -10.84206917252938
Mean: -10.020458277719285 min: -11.162165593559761 max: -6.495399504402131
Mean: -10.57320758743314 min: -11.740291979497181 max: -6.495638654248956
Mean: -11.010179784821807 min: -11.793347394661048 max: -10.704797059026362
Mean: -10.738842322590445 min: -10.842453978624318 max: -10.700438568871592
Mean: -10.71053510415386 min: -10.867844675089419 max: -10.632681860929573
Mean: -10.823245695859477 min: -11.464228078292185 max: -10.630470912665036
Mean: -10.797695534399711 min: -11.494525160134096 max: -10.543705698443173
Mean: -10.825854038775633 min: -11.892875356677042 max: -10.54062628157769
Mean: -10.689561580303442 min: -11.854271772261523 max: -10.525729285831487
Mean: -10.587245308571879 min: -10.850100902529682 max: -10.529307131529288
Mean: -10.679497013133858 min: -11.116690198449604 max: -10.531416008832073
Mean: -10.550379084061166 min: -10.64252984208272 max: -10.52203764154416
Mean: -10.619639440001688 min: -11.524325362773261 max: -10.402802837512448
Mean: -10.493491710240784 min: -10.955953772142777 max: -10.16268392411409
Mean: -10.582056086855028 min: -11.309969417505819 max: -10.142853262462154
Mean: -10.162363777181138 min: -10.379948171782406 max: -9.506934788076988
Mean: -9.90915889006175 min: -10.240804737571853 max: -9.484350580098594
Mean: -10.722726091693529 min: -11.918035768198283 max: -6.007922429947764
Mean: -10.921379722477631 min: -11.957000311865162 max: -10.55766827626961
Mean: -10.61927139997768 min: -10.806513141679453 max: -10.553324285780825
Mean: -10.557703522569003 min: -10.586776771216343 max: -10.549458450724433
Mean: -10.669469684007304 min: -11.679269578972832 max: -10.537131598806816
Mean: -10.566903109848418 min: -10.620986405974502 max: -10.538585608692404
Mean: -10.55901498827578 min: -10.666737871257277 max: -10.538672752259982
Mean: -10.575400165290368 min: -10.726452054952272 max: -10.426124578864949
Mean: -10.511144341542488 min: -10.617969630036068 max: -10.389586718969598
Mean: -10.457081144151763 min: -10.588391423053759 max: -10.39347404423234
Mean: -10.402466654007167 min: -10.543680281299698 max: -10.354212203119394
Mean: -10.543758038584564 min: -11.30606289752221 max: -9.98350438661053
Mean: -10.35871159065957 min: -10.542211620436014 max: -9.959958157342447
Mean: -8.820064723374994 min: -10.541341665360548 max: -2.938339104815668
Mean: -4.682822391189589 min: -10.362886138903828 max: -2.840344878277751
Mean: -3.8063871679460703 min: -11.967506033905945 max: -2.7036505729638507
Mean: -2.64926468969849 min: -2.7532571463121522 max: -2.4431914637585863
Mean: -3.237913776046169 min: -10.386938676686864 max: -1.028733950932191
