Mean: -11.465310903670353 min: -11.978949096875638 max: -10.831517948629832
Mean: -11.003060089376172 min: -11.743424274096327 max: -10.831483905979184
Mean: -11.472080245901042 min: -11.901222313415756 max: -10.720766617617446
Mean: -10.769288352312229 min: -10.835543154639813 max: -10.688969857609457
Mean: -10.704673950285624 min: -10.716200139490638 max: -10.684460047017597
Mean: -10.709854619902192 min: -10.772802360805807 max: -10.674095935247715
Mean: -10.723229590811084 min: -10.957855070980887 max: -10.642664817213515
Mean: -10.088303356835546 min: -11.044084839372708 max: -4.18320488756574
Mean: -10.090754100228581 min: -11.404478269374309 max: -4.176918194776246
Mean: -7.4706614663633655 min: -11.05604012444454 max: -4.176301937081432
Mean: -9.93310627511681 min: -10.739694888851979 max: -4.174284664104155
Mean: -10.459083703604632 min: -11.338237165916462 max: -9.983653508998515
Mean: -9.261185809247872 min: -10.389387460742084 max: -1.662186647198024
Mean: -9.346467851291228 min: -10.372404312376492 max: -1.6780634703080315
Mean: -9.24704451935946 min: -10.422494512309878 max: -1.6103888232034402
Mean: -10.138359726167817 min: -10.473239958245742 max: -9.873501980584239
Mean: -8.791469067562769 min: -10.50628062650549 max: -1.6771353173017498
Mean: -8.620375703603452 min: -10.513938176897643 max: -4.80028500471438
Mean: -8.517456691041549 min: -10.812898369466948 max: -1.6176829018209926
Mean: -10.124736742111304 min: -10.400786072449945 max: -9.863489022111459
Mean: -9.333814295994824 min: -10.452575774255953 max: -1.6768994923137601
Mean: -8.444733547599252 min: -10.511633418970058 max: -1.6179507321964384
Mean: -9.296139103725082 min: -10.423098285003006 max: -1.6178393801208306
Mean: -8.33505799399306 min: -10.45941644823334 max: -1.6181404264999915
Mean: -9.178446439290836 min: -10.446385799852822 max: -1.6773235356571916
Mean: -9.744513537956047 min: -10.506491274770411 max: -9.52005153566158
Mean: -9.739680833670885 min: -10.30068261070413 max: -9.449343318819192
Mean: -9.594568615046603 min: -9.913574523390457 max: -9.462788141496667
Mean: -9.752434389881675 min: -10.301570213992584 max: -9.435497789917203
Mean: -9.52961855100363 min: -9.670389866962097 max: -9.415520074766006
Mean: -9.499324447894928 min: -9.625413796552705 max: -9.375934747810165
Mean: -8.616463561021623 min: -9.618807219175995 max: -1.2808662424891861
Mean: -7.27500580814314 min: -11.447824734148291 max: -1.2789383924193989
Mean: -1.312385704820707 min: -1.5108248350986004 max: -1.2715748608616415
Mean: -3.29531902824302 min: -10.836468002791964 max: -1.2831701050125348
Mean: -5.8217047846216605 min: -10.313759183780974 max: -1.2762131264725391
Mean: -4.227899369277799 min: -11.390653839263102 max: -1.2853318806429213
Mean: -5.956427327808607 min: -11.458165966437306 max: -1.277222253422097
Mean: -3.1939470319144485 min: -10.359530984367462 max: -1.2771055927170727
Mean: -5.851614045766977 min: -10.449406587035583 max: -0.8920123581722363
Mean: -7.764620441781323 min: -11.373319303782718 max: -1.246899510699367
Mean: -4.916036894686604 min: -10.463353443363992 max: -1.248969295090405
Mean: -5.0718523490480205 min: -11.340096200442872 max: -1.25403304723293
Mean: -5.836434718373111 min: -10.471858085446184 max: -1.2503760177340366
Mean: -6.765508178417619 min: -10.521423221564106 max: -1.2499113246217661
Mean: -8.17844753287017 min: -10.395181116622004 max: -1.251231254823694
Mean: -6.78786920628648 min: -10.466953414269879 max: -1.248485518932563
Mean: -5.853581108181106 min: -10.493327896576034 max: -1.2494331151024094
Mean: -8.609866699048075 min: -10.485842064278325 max: -1.2549332391040104
Mean: -3.933304664666399 min: -10.50388046150285 max: -1.2473785907254529
Mean: -6.743123218660463 min: -10.498653150664426 max: -1.2475990330004705
Mean: -8.555340559764105 min: -10.502966948680488 max: -1.2518443399413164
Mean: -7.668738373277209 min: -10.477181774363883 max: -1.0738870119284512
Mean: -7.546555459233507 min: -10.463721927992223 max: -1.2466493278929371
Mean: -6.370018775303144 min: -11.525279348739051 max: -1.2515833113674375
Mean: -9.50003691475749 min: -11.331102886908937 max: -1.5103005361570174
Mean: -7.740001409657234 min: -11.291181946527926 max: -1.5103153240483238
Mean: -9.04024940528509 min: -10.260635030589363 max: -1.5085620837751212
Mean: -9.688246249203473 min: -9.819412146789519 max: -9.533571442213297
Mean: -9.628047257784715 min: -9.804050801689348 max: -9.547991607988083
Mean: -9.690405257044608 min: -10.546273367869171 max: -9.511403158909486
Mean: -9.591904883447262 min: -9.782923701791713 max: -9.41488622379227
Mean: -9.505823640450085 min: -9.608374616500843 max: -9.405369498542738
Mean: -9.52772017429131 min: -10.277317030175308 max: -9.411168670596492
Mean: -9.457153819083043 min: -9.671542125491564 max: -9.405919632733418
Mean: -9.424775687313886 min: -9.490586946925374 max: -9.344843092607636
Mean: -9.41614996895029 min: -9.463384451355047 max: -9.357841573432042
Mean: -9.424778626511243 min: -9.476444865865979 max: -9.345310300006286
Mean: -9.428842254706662 min: -9.652001634755482 max: -9.305615910153357
Mean: -9.380898493814918 min: -9.450822534294042 max: -9.312516226464849
Mean: -9.536878405774505 min: -11.536650235193012 max: -9.299587835496602
Mean: -9.384503372863628 min: -9.991137594196008 max: -9.297206814127463
Mean: -9.311173295697987 min: -9.36726820959971 max: -9.25510627903455
Mean: -6.577591957592475 min: -9.425251443887328 max: -0.16586510164375942
Mean: -7.449238810080033 min: -9.46822713131048 max: -0.1567030507513505
Mean: -9.308155511881889 min: -9.737947820667781 max: -9.23543847560407
Mean: -8.34177699631212 min: -9.271516985568612 max: -0.1571428195459371
Mean: -7.437711169944002 min: -9.278952080052704 max: -0.15649995717814033
Mean: -8.3433176916502 min: -9.273606309785363 max: -0.1672982988459247
Mean: -6.52094630017138 min: -9.277228625839534 max: -0.1542051160658303
Mean: -8.340820552446488 min: -9.274154859135582 max: -0.16529944047995387
Mean: -6.542634263221331 min: -9.41636999610163 max: -0.1541304618740423
Mean: -6.516140110393549 min: -9.255802713282321 max: -0.15383323144017788
Mean: -8.339330147120162 min: -9.277727259255302 max: -0.15786226509426657
Mean: -9.248735243492726 min: -9.276993314717279 max: -9.233607021633324
Mean: -7.435364557512143 min: -9.28601932425654 max: -0.1542449204418779
Mean: -8.337953423079012 min: -9.269637043515605 max: -0.15665247502060056
Mean: -9.264107811403585 min: -9.321852387680144 max: -9.234817478444675
Mean: -7.429766150947766 min: -9.266116725964814 max: -0.15609608966355226
Mean: -9.2711964568221 min: -9.469321071677486 max: -9.22151794268024
Mean: -8.353158627110988 min: -9.312381635934216 max: -0.15380583539593295
Mean: -9.254846706415703 min: -9.369655788185707 max: -9.213633528132581
Mean: -6.53033828116004 min: -9.268571455974094 max: -0.15362208071066671
Mean: -9.335807669547583 min: -10.16084834515208 max: -9.22122037813424
Mean: -7.704756256397469 min: -9.358810245620328 max: -0.15333106113932626
Mean: -7.437827476785754 min: -9.301853490977049 max: -0.15290667455818976
Mean: -7.436648800119405 min: -9.300276529386593 max: -0.15072553218044926
Mean: -9.291216002981317 min: -9.669679239763628 max: -9.233117493871564
Mean: -7.6816993103689075 min: -9.259864798096508 max: -0.15299961021092376
Mean: -8.484290967710766 min: -10.423076956665959 max: -0.14943413944286102
Mean: -11.291374471093189 min: -11.946616624365374 max: -10.840150816564261
Mean: -11.303798122548583 min: -12.031620089055039 max: -10.874612958747708
Mean: -11.511014850575856 min: -11.787370057785324 max: -10.87460147481033
Mean: -10.875815051395694 min: -10.879807687060659 max: -10.868161671698093
Mean: -11.503173658641906 min: -11.786669924195607 max: -10.8747062547734
Mean: -10.93129091187617 min: -11.075199723502559 max: -10.874523757886639
Mean: -11.512758204385005 min: -11.927658190489375 max: -10.873184372233537
Mean: -11.653351863123813 min: -11.991938907780561 max: -10.976856858166991
Mean: -11.209416631730088 min: -11.58967813023993 max: -10.667389792773438
Mean: -11.035709476563614 min: -11.428986488347874 max: -10.577995611248662
Mean: -10.618603940275204 min: -10.67111481203381 max: -10.536836945004637
Mean: -10.573408030081614 min: -10.605387128219567 max: -10.555024223633856
Mean: -10.553585354128073 min: -10.57739495346037 max: -10.49873402854847
Mean: -10.454478568974002 min: -10.589481594889921 max: -9.713045188856855
Mean: -10.101939165583786 min: -10.502148669942827 max: -9.70755027021245
Mean: -9.716424178869167 min: -9.730312063519207 max: -9.701303848717634
Mean: -9.84413131412102 min: -10.979223040132753 max: -9.709430882152667
Mean: -9.83215641170923 min: -10.892719159602226 max: -9.701782900126837
Mean: -9.72841053526576 min: -9.765692191545808 max: -9.712726647859206
Mean: -9.74335720243612 min: -9.946638644057774 max: -9.711424774134322
Mean: -9.800557026724317 min: -9.997530090080133 max: -9.655471378159849
Mean: -9.715010245435865 min: -9.723232943692059 max: -9.69382183088481
Mean: -9.808876625916916 min: -10.580092729312218 max: -9.713408794739896
Mean: -9.734666659538295 min: -9.860409371552004 max: -9.71589871392621
Mean: -9.737812038646851 min: -9.938247203722394 max: -9.696179233201896
Mean: -9.70962027878749 min: -9.729058925491012 max: -9.692946818163929
Mean: -9.707616862463425 min: -9.735785379289572 max: -9.692604408398333
Mean: -9.705773187045683 min: -9.763565705478083 max: -9.693308743075095
Mean: -9.706715014212776 min: -9.735977329719207 max: -9.692581476436075
Mean: -9.690547759660989 min: -9.715566318995972 max: -9.610904835989512
Mean: -9.761009490380275 min: -10.60781787333994 max: -9.60059383452277
Mean: -9.621154257927916 min: -9.640018637650398 max: -9.595725205499818
Mean: -9.788985593864867 min: -10.481053713283552 max: -9.570876081253658
Mean: -9.605569056406383 min: -9.63996808633398 max: -9.579479017338599
Mean: -8.96544216538442 min: -9.656149995927878 max: -3.1964047495985173
Mean: -6.185859426005455 min: -9.642479677328467 max: -2.4129892979828558
Mean: -2.952060356548338 min: -3.4096215088052495 max: -2.4175284700969124
Mean: -4.20456670760081 min: -10.517405887373423 max: -2.4012252714175535
Mean: -2.8748222780906554 min: -3.272872249051878 max: -2.380817597170685
Mean: -3.7657124854139488 min: -10.59853122091464 max: -2.401079379490146
Mean: -4.534863579735695 min: -12.036534392874902 max: -2.4090988270628757
Mean: -2.872244619304591 min: -3.3620495284856724 max: -2.4291017413246623
Mean: -3.1005942453084887 min: -3.6478750749629354 max: -2.410648721353886
Mean: -3.5646382417901727 min: -9.62229179466489 max: -2.42281497022866
Mean: -3.599852966212294 min: -10.683613940160892 max: -2.4102530768900423
Mean: -2.7665383862252746 min: -3.3694993961003883 max: -2.2522114361826056
Mean: -2.6837672291793786 min: -3.091481563431032 max: -2.2393760328863417
Mean: -3.4721677130062423 min: -10.534916578884372 max: -2.2490619174434467
Mean: -3.4817247652496923 min: -10.546833200132419 max: -2.277648078352633
Mean: -2.6502878004160513 min: -3.092562620398818 max: -2.1463187523993597
Mean: -3.4500839757058577 min: -10.601124414361955 max: -2.2551834638686725
Mean: -2.546170228515475 min: -3.0916393019279194 max: -2.172602890908855
Mean: -2.5917084849612433 min: -3.0930489482065577 max: -2.2570793525248076
Mean: -2.5242400978924193 min: -3.0927669898444785 max: -2.178069310199724
Mean: -2.8251475328857523 min: -3.057927552760507 max: -2.238015416741658
Mean: -3.071493744527241 min: -3.1426343667023717 max: -3.0477025088038907
Mean: -3.3277066393821833 min: -5.970193852412468 max: -2.7521644377445247
Mean: -3.0629853470016064 min: -3.1423909824561025 max: -3.0476988735669193
Mean: -2.98361553011319 min: -3.1421735696550246 max: -2.238198740088961
Mean: -3.066205484955959 min: -3.1592263551482143 max: -3.0467744067965614
Mean: -2.917476633379631 min: -3.1429251092132433 max: -2.2529271489273275
Mean: -3.814087377300035 min: -10.496839942162513 max: -3.04701910790621
Mean: -3.556202708762757 min: -10.304988074122969 max: -2.260130557104312
Mean: -3.0540436040899315 min: -3.0579439963824617 max: -3.0491788843438803
Mean: -3.4531212706633303 min: -10.241975514454658 max: -2.258707742326714
Mean: -3.7159396790791623 min: -9.506950287093025 max: -3.0474609644810022
Mean: -2.7767153107814586 min: -3.0913549617820695 max: -2.28866737317821
Mean: -3.0536226624132423 min: -3.058147675920707 max: -3.04579935018795
Mean: -2.6345314370133504 min: -3.170174951482167 max: -2.2620668704059175
Mean: -3.0513384996478274 min: -3.05726501116742 max: -3.0478129068491455
Mean: -2.8384565121303487 min: -3.142030976893521 max: -2.235373592481044
Mean: -3.0474702476947955 min: -3.17185220501638 max: -2.9827398883625986
Mean: -2.9564902811559777 min: -3.150834600695321 max: -2.2547830029535167
Mean: -4.405683564857146 min: -10.322658134127257 max: -2.9853285491705637
Mean: -2.991752410632693 min: -2.996321381636357 max: -2.98218452883926
Mean: -3.016115417198001 min: -3.1641690653034256 max: -2.9819703553985057
Mean: -3.292686935425587 min: -5.929676368070828 max: -2.9779575908447646
Mean: -3.0262916782557694 min: -3.252662161981982 max: -2.9863926056792347
Mean: -3.0578652186807114 min: -3.4082891124419996 max: -2.9814074228409093
Mean: -2.9093210137355885 min: -3.220029951750496 max: -2.520895583790722
Mean: -3.758284533476471 min: -10.481315145253067 max: -2.4948305224003233
Mean: -3.8048869079621346 min: -11.51752655808017 max: -2.4870994593570885
Mean: -3.8667766898521014 min: -10.275140980117968 max: -2.6628332962005516
Mean: -3.0629926113569077 min: -3.9458248022786546 max: -2.4889001156691104
Mean: -3.018530092929044 min: -3.4182250605769364 max: -2.5074108842191745
Mean: -2.979659119558683 min: -3.207099348856897 max: -2.6990563752426597
Mean: -3.9174485577390628 min: -10.513017897826932 max: -3.1176702469454303
Mean: -3.7459283255499174 min: -11.22918534645684 max: -2.5006071027385914
Mean: -3.884875098736226 min: -10.531282001005842 max: -3.0960804891913867
Mean: -2.9078038292991595 min: -3.200224575325571 max: -2.5045783626894895
Mean: -3.864602139349188 min: -10.426686325758391 max: -2.5068952269626457
Mean: -2.912655167833911 min: -3.256123392442313 max: -2.525032657714017
Mean: -3.0390070331565187 min: -3.4187873937051942 max: -2.582839986849474
Mean: -2.797041334802381 min: -3.076944211212205 max: -2.5164807621137175
Mean: -3.8246726225599383 min: -10.498921847217826 max: -3.066323577205308
Mean: -3.102229426822694 min: -3.2350872233007366 max: -3.0671522801513316
Mean: -3.0878317840063305 min: -3.231931674889106 max: -3.067670976925227
Mean: -3.0955973201343916 min: -3.186579042554194 max: -3.0670367083404146
Mean: -3.0844136553124275 min: -3.1847391401394973 max: -3.067077211812644
Mean: -3.0994711390040863 min: -3.315682819085746 max: -2.9910526019104458
