Mean: -11.211750792989234 min: -11.984877052306944 max: -10.873560074466901
Mean: -10.892919871203926 min: -11.004004799431563 max: -10.707229030110998
Mean: -10.97539635854331 min: -11.964868525218717 max: -10.71728769168084
Mean: -8.241727197517282 min: -10.798106639408072 max: -4.51454803914685
Mean: -7.464949174879178 min: -10.714216570485508 max: -3.0217356841130596
Mean: -6.2394499315579 min: -10.710731847498131 max: -2.9492308073897617
Mean: -3.01549221464579 min: -3.028801360384007 max: -3.0003199629613717
Mean: -3.843709752020648 min: -11.249739442345252 max: -2.958833125871435
Mean: -3.782626383057598 min: -10.733431662348657 max: -3.000687372324595
Mean: -3.003501366590931 min: -3.02076519445133 max: -2.9728625971137044
Mean: -3.0008249616864284 min: -3.027281482860355 max: -2.977747025010347
Mean: -3.8836977567742794 min: -11.477440932988143 max: -2.96132544251059
Mean: -2.905594319422287 min: -2.997716249876301 max: -2.782804550776228
Mean: -5.4157047943524 min: -11.580389216268497 max: -2.7386886045484116
Mean: -5.441001173473986 min: -12.18835128275378 max: -2.806776498315296
Mean: -6.391954586682677 min: -12.302979197625117 max: -2.769795079670575
Mean: -2.839950821153275 min: -3.0527033521422857 max: -2.765104245277579
Mean: -6.268563692738633 min: -11.597306686581422 max: -2.652127768647869
Mean: -3.628646141893892 min: -11.534735600940914 max: -2.6157677302338556
Mean: -9.785044793704076 min: -12.29044288371488 max: -2.6404265334713455
Mean: -3.5515310417389627 min: -11.544806798291454 max: -2.6199034071525977
Mean: -9.7054141007555 min: -11.629930463503673 max: -2.605261701163323
Mean: -3.491116449676632 min: -11.550384684939651 max: -2.453793587109361
Mean: -6.944814008421341 min: -11.487260819480476 max: -2.382054797903591
Mean: -3.4320126497031183 min: -12.131293899299274 max: -2.3919757839096008
Mean: -3.309022175744146 min: -11.452264384903309 max: -2.3901172302449223
Mean: -2.452645928945872 min: -2.5641350804358516 max: -2.3904712431596398
Mean: -3.4016433850765586 min: -12.248926861286783 max: -2.383065168493124
Mean: -2.4281066353205385 min: -2.5089932537812416 max: -2.3833775104749217
Mean: -3.348249393706607 min: -11.810011863441083 max: -2.3534465549348127
Mean: -2.4184541708446146 min: -2.498478186495222 max: -2.287912252681065
Mean: -6.18695510442048 min: -12.186190472455664 max: -2.224037517651928
Mean: -2.257480555292567 min: -2.3096438262337062 max: -2.237513360322461
Mean: -2.251965191299397 min: -2.284358986741577 max: -2.2303736352919583
Mean: -2.26115676543322 min: -2.2917457986151155 max: -2.2336934820809353
Mean: -3.2388467520748714 min: -12.185260909208118 max: -2.2218578574196033
Mean: -2.3378669916333297 min: -3.0009390413490786 max: -2.2043665507587016
Mean: -3.2242622539408954 min: -12.211999564705666 max: -2.188699036001562
Mean: -2.3814854068671556 min: -3.75347151881261 max: -2.201648012295136
Mean: -2.221622008272275 min: -2.3369429071524306 max: -2.1900223962213796
Mean: -2.217858903675402 min: -2.2864440916593862 max: -2.196299419687607
Mean: -3.117348732564113 min: -11.470316718765439 max: -2.0263416443547584
Mean: -2.327688595776837 min: -3.308957479100613 max: -2.09161445708346
Mean: -6.839562535227907 min: -11.484674397466076 max: -2.1962844207604597
Mean: -2.2192562233477244 min: -2.246517885966158 max: -2.204557889121517
Mean: -2.205387456583928 min: -2.2310113971554637 max: -2.1608976542282154
Mean: -2.2392345897082313 min: -2.474796082598158 max: -2.165093846805025
Mean: -4.000606964731466 min: -11.318602307249769 max: -2.159202207528213
Mean: -3.116544080386986 min: -11.483464124912752 max: -2.1516102796841277
Mean: -3.1174002507367105 min: -11.34050208205861 max: -2.1526517703743924
Mean: -2.201770792000805 min: -2.354132002488069 max: -2.1695306479145473
Mean: -3.1275881548857507 min: -11.682031662008725 max: -2.1560550730202706
Mean: -2.1788773085823023 min: -2.2132461850615854 max: -2.1512952981777342
Mean: -2.1756378867895974 min: -2.241995594676606 max: -2.1505360125277866
Mean: -3.1966172582937795 min: -12.239936449755511 max: -2.1595170134723443
Mean: -2.1712127191486976 min: -2.1854898386852875 max: -2.1544079185853624
Mean: -2.184943383095221 min: -2.2059743897898847 max: -2.1721589968128305
Mean: -4.2081491456845255 min: -12.363182665909864 max: -2.1519345922707984
Mean: -2.1797325473766094 min: -2.199672781320384 max: -2.156747637973812
Mean: -2.1829587311505967 min: -2.301522515053128 max: -2.1589381157494096
Mean: -2.174484257756979 min: -2.202631388619737 max: -2.1532816135916066
Mean: -2.174366988133924 min: -2.205363922479586 max: -2.153186372255794
Mean: -2.1863547149055753 min: -2.2331223455231357 max: -2.1555576500515143
Mean: -2.1830298411127123 min: -2.2176660473367025 max: -2.1527089808438715
Mean: -3.0987596440534015 min: -11.441857339798279 max: -2.1555765803213305
Mean: -2.173737231278945 min: -2.234121575417535 max: -2.1537735620966605
Mean: -2.9784234102831677 min: -10.256535994416975 max: -2.1504281300844514
Mean: -3.1068405670487924 min: -11.466486640605279 max: -2.1519434031085463
Mean: -2.1917383589302784 min: -2.3212966568623186 max: -2.1570042031562635
Mean: -2.1794799052817395 min: -2.1972069204888123 max: -2.1550362336411055
Mean: -2.1704282996889583 min: -2.1771323475333952 max: -2.156618342549568
Mean: -2.178102281790862 min: -2.223464845837814 max: -2.1580304714887646
Mean: -2.043418611330144 min: -2.203192153904932 max: -0.8130702168734173
Mean: -1.499542555379657 min: -2.193879793101688 max: -0.8179605561493503
Mean: -0.8064521042017418 min: -0.8183277328368331 max: -0.7955418709362213
Mean: -0.8088181501041338 min: -0.8449518816905697 max: -0.7644156029225122
Mean: -0.8109588660257598 min: -0.8232103474984149 max: -0.8010454022498936
Mean: -0.7806464915943931 min: -0.8247527985594572 max: -0.6086836942449511
Mean: -1.7223560632954176 min: -11.467664623038152 max: -0.4991157795469543
Mean: -0.5158585558461335 min: -0.5757995992415036 max: -0.4587354958308947
Mean: -0.7622891424844578 min: -3.2126663216781925 max: -0.46879467403631886
Mean: -0.5023784772395329 min: -0.5582546085637311 max: -0.4522205635695822
Mean: -0.4975766900713957 min: -0.536947182790652 max: -0.46429911698831666
Mean: -1.7958295620379932 min: -11.44181669514499 max: -0.3773028938514806
Mean: -0.4229623528830147 min: -0.5191915467964402 max: -0.30675809942342736
Mean: -0.38079483724009733 min: -0.44331063639200635 max: -0.33263551400676594
Mean: -0.3588763716464173 min: -0.40041461732558187 max: -0.3067725167797771
Mean: -0.34645286870720043 min: -0.39017915607348197 max: -0.3080725615202635
Mean: -0.36943526551499234 min: -0.43929460143985005 max: -0.3175305781321823
Mean: -0.36469964956074663 min: -0.43014302698759865 max: -0.3008251037236833
Mean: -0.3465249496308286 min: -0.4200516355095382 max: -0.3023078392290832
Mean: -1.4522714204809926 min: -11.486303776004466 max: -0.2888489187165925
Mean: -0.30897438623925455 min: -0.34100114518852487 max: -0.2712771481466538
Mean: -0.34209003291819207 min: -0.44842395153053716 max: -0.2622845084114014
Mean: -0.3230896099407129 min: -0.35326950149800607 max: -0.27485290559732817
Mean: -0.31704846553274885 min: -0.3743932816002181 max: -0.2732081483482459
Mean: -0.31849293565113096 min: -0.36808928351468245 max: -0.2674260005441241
Mean: -10.945996737377264 min: -11.727096892518238 max: -10.815872264355173
Mean: -10.872714804054896 min: -10.986054813188005 max: -10.801533626644561
Mean: -10.940385319688351 min: -11.393083272782713 max: -10.817528530176233
Mean: -10.955669764108864 min: -11.020178781435018 max: -10.91975759040111
Mean: -10.94667460203334 min: -10.989248134373625 max: -10.91582640276812
Mean: -11.058852077730442 min: -11.559721789860166 max: -10.938549388919087
Mean: -11.044969227872485 min: -11.809892555473496 max: -10.933494634503065
Mean: -10.925857957232136 min: -10.989062049192999 max: -10.819733800351743
Mean: -10.917525973553616 min: -10.949152455986663 max: -10.752770071660697
Mean: -10.845301635306322 min: -10.972197022073281 max: -10.67552833800319
Mean: -10.751840837911944 min: -10.826518176612195 max: -10.717561637669958
Mean: -10.742358802625489 min: -10.764882881580169 max: -10.706225619535273
Mean: -10.710786882819333 min: -10.750202555914596 max: -10.507280934622418
Mean: -10.66246289740748 min: -10.869764392237677 max: -10.496012568743092
Mean: -9.844944158592956 min: -10.605286957168952 max: -3.4279782051432344
Mean: -9.83816350777944 min: -10.615685078155963 max: -3.4266513383565815
Mean: -7.707172027306598 min: -10.601623172774724 max: -3.4278471775093933
Mean: -9.175174481667227 min: -10.643505037481182 max: -3.420313768579286
Mean: -6.97705121533176 min: -10.575003360497952 max: -3.4139591534179483
Mean: -9.136850122532541 min: -10.640978065779649 max: -3.4066984140357373
Mean: -5.578472726977987 min: -10.831794518277917 max: -3.4065065596489523
Mean: -10.57579464100358 min: -10.66075717727961 max: -10.450626534025263
Mean: -8.527651985184356 min: -11.239416491971227 max: -3.4130352144941716
Mean: -10.56743376933815 min: -10.652388074671322 max: -10.390344233474478
Mean: -8.42307621575323 min: -10.698483393082427 max: -3.4069442187118026
Mean: -10.52868677073396 min: -10.631402302175978 max: -10.272249390444088
Mean: -9.110866907869173 min: -10.567605022126001 max: -3.406476475337182
Mean: -10.55564450601219 min: -10.6350845976195 max: -10.517163804214386
Mean: -5.551396749782649 min: -10.552921517591512 max: -3.406493358749958
Mean: -10.557550844374312 min: -10.647306756097947 max: -10.517174771487216
Mean: -6.986955535268377 min: -10.590288087525405 max: -3.4070524348804696
Mean: -10.581798468694572 min: -10.652389874815288 max: -10.523790792430317
Mean: -7.697210483134472 min: -10.588083909186443 max: -3.406658764019479
Mean: -10.570387740399514 min: -10.632120278293236 max: -10.523866253241835
Mean: -6.977013146278132 min: -10.57981439976121 max: -3.406517859991949
Mean: -10.570137691137841 min: -10.695025875908819 max: -10.523993066972308
Mean: -6.984166085097497 min: -10.591140935733263 max: -3.406566847151192
Mean: -9.877949173890025 min: -10.645852852805643 max: -3.7164951280441256
Mean: -6.998476980011832 min: -10.66078693356927 max: -3.41335353882899
Mean: -10.609459939593195 min: -10.89818054265473 max: -10.526299197180569
Mean: -5.558371121197365 min: -10.588890870205685 max: -3.406589971369119
Mean: -10.577147627645534 min: -10.678458078484304 max: -10.52040250294013
Mean: -7.691290323456006 min: -10.594559258062613 max: -3.3809243324343106
Mean: -10.55720161289555 min: -10.61566727996779 max: -10.524431524475911
Mean: -7.952542199249171 min: -10.586598733167257 max: -3.40658435371573
Mean: -9.958776816073796 min: -10.609348433757326 max: -4.658706714486366
Mean: -9.919939613318768 min: -10.711159386278378 max: -3.413632035033981
Mean: -9.827887797213396 min: -10.639167197213105 max: -3.1531992150613664
Mean: -8.98015366487285 min: -10.54125503815158 max: -2.5622995406891875
Mean: -10.460410697828326 min: -10.605081786772857 max: -10.305640237753613
Mean: -10.376101482074684 min: -10.399802812613757 max: -10.324235343314994
Mean: -10.339242909844325 min: -10.364506481307606 max: -10.310504600347912
Mean: -10.354854709206233 min: -10.398897178604516 max: -10.301341366907156
Mean: -10.329769911356458 min: -10.759236729549864 max: -9.92096697410175
Mean: -10.105313249579929 min: -10.38677627875397 max: -9.729319414751238
Mean: -9.886517884048597 min: -9.974887944652338 max: -9.713328486721226
Mean: -9.903743339951037 min: -10.180576367961805 max: -9.708440575122905
Mean: -8.973195317412996 min: -9.9007048059712 max: -0.7393320564211482
Mean: -6.96741353096786 min: -9.891986391426062 max: -0.6908999830556618
Mean: -3.595192336754363 min: -9.153315699402134 max: -0.669883675076868
Mean: -4.878878672857953 min: -9.090551174288404 max: -0.5204490724169033
Mean: -4.788889524340143 min: -9.178356428325296 max: -0.3555093753285833
Mean: -2.499293173054842 min: -11.096838534361822 max: -0.33435381718431845
Mean: -1.3607353366799333 min: -8.982074180044137 max: -0.41257079712218825
Mean: -2.3457178617496544 min: -10.339449963399064 max: -0.4037682396440266
Mean: -0.6727933777813211 min: -2.05327347703598 max: -0.39692734999687496
Mean: -2.529537019133776 min: -11.488410693159107 max: -0.3893509428941851
Mean: -2.391395007084124 min: -9.196732484257494 max: -0.47061243799521185
Mean: -0.5475033693096856 min: -0.6127746483759946 max: -0.4921420581431762
Mean: -2.5940295560596267 min: -11.362411200325353 max: -0.5029282056917176
Mean: -1.709986333497044 min: -12.060167472560162 max: -0.5114826133542496
Mean: -1.7746797452383558 min: -11.678789524838995 max: -0.5031133649086986
Mean: -1.9942521934921458 min: -11.509011676380348 max: -0.34563171213938043
Mean: -1.645049455547141 min: -11.699261807080221 max: -0.3980315895225261
Mean: -0.4794661100903748 min: -0.5369360312515244 max: -0.4030732999634243
Mean: -0.44807568776874207 min: -0.530293481755565 max: -0.379999980447492
Mean: -0.43149395839680577 min: -0.5013658148338185 max: -0.38504565325798895
Mean: -0.40737360730483047 min: -0.49064310864866595 max: -0.3706074971175984
Mean: -0.4001051361123723 min: -0.4539135027656706 max: -0.36922095444770553
Mean: -0.42562422249463305 min: -0.46448817120411073 max: -0.36611809998709594
Mean: -2.384483541673612 min: -10.452678547994907 max: -0.37842949059501335
Mean: -0.43702999964676936 min: -0.5076011811736092 max: -0.3777435435507471
Mean: -0.4157260909464834 min: -0.4731043024600505 max: -0.379890942033307
Mean: -0.41297070458280344 min: -0.474070163864819 max: -0.3739209693495205
Mean: -0.4797595037578544 min: -0.8752360409389139 max: -0.3934513860139278
Mean: -1.458639126515863 min: -9.03081519494998 max: -0.3863369196743234
Mean: -6.539644089076377 min: -9.258102613514161 max: -0.4009762669351882
Mean: -3.312724213629526 min: -9.0594136360837 max: -0.24445785608432752
Mean: -2.33866471225085 min: -9.042114159680608 max: -0.37764031430847717
Mean: -4.268475494155831 min: -10.18955324342292 max: -0.32583524595426183
Mean: -5.288013270073299 min: -11.37874237353802 max: -0.28234433509598433
Mean: -3.198294105035094 min: -9.083025314116819 max: -0.2648965706990081
Mean: -1.5427765273352838 min: -8.899847490499692 max: -0.1622665000623495
Mean: -3.297384689737482 min: -11.49300103262352 max: 0.03880232522498214
Mean: -0.9795502443467802 min: -8.792596352805706 max: 0.3256704769121429
Mean: -1.967611577225291 min: -9.75827409526697 max: -0.08780464541752367
Mean: -1.541573235053965 min: -9.178603156898681 max: 0.3210155205135276
