Mean: -10.696554560171355 min: -11.912760414141292 max: -5.182030987079248
Mean: -10.34349003587565 min: -11.844452559653483 max: -1.2343351848201252
Mean: -10.198900163341413 min: -11.526409206298615 max: -1.2031303306396866
Mean: -4.746539878252524 min: -11.356896950048457 max: -1.1906509876709441
Mean: -3.955366743466875 min: -11.558362185892836 max: -1.1902304573870601
Mean: -5.166134786953911 min: -11.454595211074004 max: -1.1156833359370504
Mean: -7.609362286719736 min: -11.556263195401119 max: -0.8577438273626716
Mean: -3.7089142386801317 min: -11.351407622409798 max: -0.8062292939227245
Mean: -2.9547832811296972 min: -11.29882003971152 max: -0.8044912793806929
Mean: -2.283839442801784 min: -11.226845317562546 max: -0.8035835461523885
Mean: -4.13684539289129 min: -11.740820626859305 max: -0.8017759105321824
Mean: -6.370681310459698 min: -11.318468258076207 max: -0.7635855001445832
Mean: -5.264695797852218 min: -11.353478173875127 max: -0.6668718991725837
Mean: -5.234124986896457 min: -11.30238206842883 max: -0.015148050001681212
Mean: -3.0987052433848863 min: -11.836020481046802 max: 0.4270588752363862
Mean: -1.738277875157662 min: -11.80528475218922 max: 0.44042693510794895
Mean: -3.894968373099454 min: -11.650832508487987 max: 0.4766888619501723
Mean: -2.723268725432474 min: -11.662328913390496 max: 0.5177800853047608
Mean: -1.6665573788418349 min: -11.79966776581509 max: 0.5169429733347275
Mean: -3.9991996052198835 min: -11.754369962132552 max: 0.5419309502480447
Mean: -6.803952470767992 min: -11.783476882532627 max: 0.5571878791809615
Mean: -4.561303123309424 min: -11.79233003760868 max: 0.5554331540381594
Mean: -3.410059018753893 min: -11.776311196961395 max: 0.5474526976862253
Mean: -1.8672858442042386 min: -11.756711159395032 max: 0.5670921274065818
Mean: -1.6022345013481374 min: -11.69489858269641 max: 0.5656829850166928
Mean: -1.148724890366797 min: -11.163080415062288 max: 0.6122182549621739
Mean: -0.9246094782047487 min: -11.732346452491448 max: 0.6301747642167957
Mean: -0.6158350203204812 min: -11.569215162710556 max: 0.7327467788773862
Mean: -1.4590404961185468 min: -11.737687201343961 max: 0.6405182858159238
Mean: -2.634766734512513 min: -11.76723103288676 max: 0.6731492870048886
Mean: -2.4991748155940847 min: -11.515037615346944 max: 0.6841564283221468
Mean: -2.0238627232020603 min: -11.21039186606761 max: 0.6873000410021465
Mean: -1.2379893215563194 min: -11.177827836280416 max: 0.6871642183624632
Mean: -2.411343800778566 min: -11.713292683915391 max: 0.692768727214088
Mean: -2.651635906585103 min: -11.745591753128668 max: 0.6862464707490074
Mean: -1.985286424830083 min: -11.955683267755987 max: 0.6894485940603365
Mean: -2.283032040412211 min: -11.765946643725968 max: 0.6834079103197004
Mean: -1.9659463381510789 min: -11.768863382996006 max: 0.682039448531161
Mean: -0.5996763803692196 min: -11.790692116038269 max: 0.9737549962936758
Mean: -0.9699490174182386 min: -11.709017454590594 max: 0.6831690190622959
Mean: -2.174225628484712 min: -11.731099408275478 max: 0.688819100312456
Mean: -1.5186000378784112 min: -11.69667068593094 max: 0.6906451881758415
Mean: -2.255887351605014 min: -11.776988394251932 max: 0.685870348654118
Mean: -2.285051422541494 min: -11.736058777727132 max: 0.6848947161828732
Mean: -1.9880928698526887 min: -11.620535988299967 max: 0.6888187742596198
Mean: -1.2106879980734664 min: -11.817236781442366 max: 0.6943786773941863
Mean: -1.4407276489819991 min: -11.175176873405618 max: 0.6926712717303879
Mean: -0.5559868744688414 min: -11.781545340874338 max: 0.7042285872686059
Mean: -2.774512113944657 min: -11.830140029234334 max: 0.8037712143226065
Mean: -2.1164226373890127 min: -11.99897273907712 max: 0.7485099457497811
Mean: -0.6250996124458428 min: -11.71966954651596 max: 0.7658906472436784
Mean: -0.35333248419868724 min: -11.669409572737926 max: 0.7614789518718587
Mean: -0.8085660995465033 min: -11.820160598322355 max: 0.7604709063193564
Mean: -1.1664710019635476 min: -11.761357685345464 max: 0.7583130084538672
Mean: -1.4478473624150572 min: -11.794263778646396 max: 0.7823822620908772
Mean: -1.0803028919216666 min: -11.781552669918725 max: 0.8108156766280573
Mean: -1.016370067820707 min: -11.68644219026897 max: 0.8172748079696678
Mean: -0.5049970776291522 min: -11.650971956016157 max: 0.8264388923184454
Mean: -0.43464697826193993 min: -11.746149622791027 max: 0.8040425828718399
Mean: -0.0316307540039025 min: -11.641500536499326 max: 0.8107939126619391
Mean: -0.8572393087328141 min: -11.696645590532613 max: 0.8021230261218122
Mean: -0.5245913794549831 min: -11.653990972095894 max: 0.7964742100852629
Mean: -1.625276692114792 min: -11.756125121127564 max: 0.7963576290595156
Mean: -0.6199468775001682 min: -11.79128517304218 max: 0.7921029071351311
Mean: -0.5913700991838072 min: -11.670926835415724 max: 0.7874193579626668
Mean: 0.21074416127547518 min: -11.53955220354209 max: 0.8091408165330385
Mean: -2.252723669634486 min: -11.676912306846111 max: 0.9809548406016855
Mean: -5.302418693836593 min: -11.53265853406729 max: 0.981985265983897
Mean: -5.926169799509889 min: -11.795395137419932 max: 0.9934784388342439
Mean: -5.761616384971771 min: -11.124594529185595 max: 1.2346794407468626
Mean: -5.949937508250246 min: -11.500445149695768 max: 0.9688941976446561
Mean: -6.612974226854236 min: -11.081682896642624 max: 0.925337746029682
Mean: -6.437472665317201 min: -11.616013452311739 max: 1.0823434079620824
Mean: -5.542727532506868 min: -10.427423057305434 max: 1.0172886327771575
Mean: -6.430677680884008 min: -10.557693496157881 max: 0.9871861609460577
Mean: -6.538031522880763 min: -11.806196153179055 max: 0.9792877480929226
Mean: -5.896073112471597 min: -11.491436600741944 max: 1.1688869233815251
Mean: -3.011309338068105 min: -11.12049590268293 max: 1.316921686432943
Mean: -5.681775411799682 min: -10.87230030064525 max: 1.3574522280859287
Mean: -3.6756141093203354 min: -10.22229248358413 max: 1.3230254612777173
Mean: -5.237302368915703 min: -10.705742508795298 max: 1.4660037681941558
Mean: -6.382359773936458 min: -11.493799593736432 max: 1.0952094959210008
Mean: -5.130330084542376 min: -10.8116972912203 max: 1.0201375130528938
Mean: -4.38686655338064 min: -11.139709712632477 max: 1.4338279264171498
Mean: -4.5719694947121265 min: -10.333703160458226 max: 1.4123786177027977
Mean: -3.865675238071956 min: -10.200039951922102 max: 1.4473499598797612
Mean: -4.206915427632062 min: -11.350966889255517 max: 1.3282532973431649
Mean: -3.727664223169403 min: -10.943034628071013 max: 1.1821905890467144
Mean: -4.915020115682232 min: -11.464674251971777 max: 1.1601025607537874
Mean: -5.000271402579004 min: -10.870561469490388 max: 1.3413925174905699
Mean: -3.343243868703545 min: -10.242106742774807 max: 1.3427861508955754
Mean: -4.842303632694321 min: -11.111322128276607 max: 1.3352760882470203
Mean: -5.996590175675608 min: -12.16452251305618 max: 0.9708329513943136
