Mean: -11.317644579235619 min: -11.819407648199672 max: -10.796607112711916
Mean: -10.59707081901555 min: -11.79258463607803 max: -6.261870903373157
Mean: -11.00849746891064 min: -11.647629268621715 max: -10.788622911232089
Mean: -11.301333890025614 min: -11.866544961881823 max: -10.800026285972633
Mean: -10.946675528087752 min: -11.967215919983015 max: -10.77763691708402
Mean: -11.788018299385943 min: -11.792768884139694 max: -11.781039520215492
Mean: -10.875707028526627 min: -11.739907964923171 max: -10.720092032905109
Mean: -11.642662477804626 min: -11.785261290936234 max: -11.498584779294642
Mean: -10.097478465157634 min: -10.720798750194596 max: -4.507986987021179
Mean: -11.429840135178914 min: -11.504742581161299 max: -10.777355275658456
Mean: -10.998830711330262 min: -11.503835453322653 max: -10.672968164695302
Mean: -10.989507845334176 min: -11.506544801240725 max: -10.690651879141543
Mean: -11.254886707884006 min: -11.636090133966754 max: -10.677296161902571
Mean: -10.707179542181517 min: -10.737951636227345 max: -10.651351132555865
Mean: -10.874611303087757 min: -11.571649467440135 max: -10.640198001692196
Mean: -10.660051657680912 min: -10.729126192827213 max: -10.59235296437908
Mean: -10.719769618760902 min: -10.783846884661852 max: -10.656839572963987
Mean: -10.650717897261481 min: -10.667025272677654 max: -10.607836006228066
Mean: -11.025020355252398 min: -11.6891276312255 max: -10.62762051239113
Mean: -10.665980862900808 min: -10.70145192850493 max: -10.61311171898401
Mean: -9.599087059035783 min: -11.689194186279675 max: -4.195379218709187
Mean: -10.623123620395809 min: -10.638924681214679 max: -10.600364451277876
Mean: -10.940712624711585 min: -11.688686508971701 max: -10.604680998372162
Mean: -10.733467307237046 min: -11.66154108217762 max: -10.613418230374965
Mean: -10.833149728906005 min: -11.688995050131219 max: -10.592094766861262
Mean: -10.63581594464971 min: -10.788718871780546 max: -10.595091730057263
Mean: -10.727434401215607 min: -11.681706055884995 max: -10.602628171300081
Mean: -10.64195775864482 min: -10.754296054720506 max: -10.602781580337759
Mean: -10.04672332212011 min: -11.731846210807252 max: -3.533780476949799
Mean: -7.244800215835445 min: -11.67475234745536 max: -3.509381141682274
Mean: -5.199087922189716 min: -11.898206182671743 max: -3.508125373755919
Mean: -3.5367401098665345 min: -3.6033599048283054 max: -3.5094281805610725
Mean: -5.078388681572359 min: -11.8094085232292 max: -3.5087138113059577
Mean: -3.50937790040724 min: -3.510831251518316 max: -3.504871176159011
Mean: -6.013036822373074 min: -11.890564161432037 max: -3.5074966341073606
Mean: -4.4137799208873325 min: -12.578335119554403 max: -3.4832259047921146
Mean: -3.50872577589539 min: -3.5098425127321295 max: -3.507711974697085
Mean: -3.503494225033279 min: -3.511260388351782 max: -3.4516805412302407
Mean: -3.207885497741553 min: -3.5097573571849794 max: -0.7883266455705336
Mean: -4.017921665320483 min: -12.086206048814963 max: -0.6090214051199687
Mean: -3.9474669970328145 min: -12.074701664352853 max: -0.6090735706384038
Mean: -2.969579673503331 min: -12.131408264747751 max: -0.5912577409214637
Mean: -1.7425997531578552 min: -11.316209086969746 max: -0.5988872317710572
Mean: -0.6778893502882168 min: -0.7951745974154592 max: -0.6140978940473779
Mean: -2.896342990092837 min: -12.007352533860214 max: -0.6197605586604451
Mean: -1.7584245313617302 min: -11.311237711936723 max: -0.5763756497905913
Mean: -1.6959419516753997 min: -11.367393763095524 max: -0.21152252175604605
Mean: -1.614960076539497 min: -11.870911455376495 max: -0.1931079092028087
Mean: -1.799292700247562 min: -11.904074251673109 max: -0.18466118776444707
Mean: -0.28110343727984766 min: -0.44296262353147603 max: -0.1846068220902696
Mean: -0.32869559472943966 min: -0.4587117732178286 max: -0.17430167196180543
Mean: -1.1409094480523971 min: -9.338791710309057 max: -0.18070752029837941
Mean: -0.2792648260499869 min: -0.44500017461677466 max: -0.18096431970961882
Mean: -1.4553179533109581 min: -12.016998921409932 max: -0.17915003334912033
Mean: -0.21656318282688786 min: -0.431330031330287 max: -0.018188941277646833
Mean: -1.4299477774973446 min: -11.802577757445864 max: -0.02155478403224814
Mean: -0.14801496184212953 min: -0.4887694601326197 max: 0.4185998319830427
Mean: -0.9928218253985142 min: -11.138909526745623 max: 0.7462192131866916
Mean: -1.793219536722491 min: -11.769211113050865 max: 0.738804093537337
Mean: -6.485679797220935 min: -11.865989964605287 max: 0.7310077519716428
Mean: 0.7155465525193364 min: 0.6883683810640614 max: 0.7358615320159341
Mean: -6.224378611798426 min: -11.186138832336187 max: 0.7407911260594761
Mean: -1.7290678959386034 min: -11.777673731545965 max: 0.7430005650911631
Mean: -7.601956519331492 min: -11.186247289263656 max: 0.7367192040380731
Mean: -0.53180774235493 min: -11.746955443082829 max: 0.729746485490424
Mean: -8.91757903423615 min: -11.824107945850683 max: 0.7312626779382874
Mean: -2.983551062001866 min: -11.846057411134895 max: 0.7966756713308667
Mean: -10.041067522234675 min: -11.755162830401671 max: 0.7209592147159256
Mean: 0.7129435973777014 min: 0.5726481535016439 max: 0.7379369967833994
Mean: -11.19503242283157 min: -11.346203419153476 max: -11.154703618206952
Mean: -0.5061066883004808 min: -11.773345564971848 max: 0.7651480882255581
Mean: -11.253313310342701 min: -11.863987702845145 max: -11.16564053791428
Mean: 0.7476606016027166 min: 0.7368888042711739 max: 0.7669443799846839
Mean: -11.171686684068852 min: -11.180591538599561 max: -11.154901841530037
Mean: -0.4603203798458587 min: -11.331960841138972 max: 0.7662862030011908
Mean: -11.235412358149265 min: -11.73014036092859 max: -11.143750043794165
Mean: 0.7446515752927274 min: 0.7190509843581837 max: 0.7591788151705194
Mean: -10.038362802581027 min: -11.853856421296664 max: 0.8010834071017026
Mean: 0.7430658305938029 min: 0.7127347329815907 max: 0.7618102599471318
Mean: -11.174584176444323 min: -11.272646459131971 max: -11.149482715284456
Mean: 0.7427839159922002 min: 0.7221937226055266 max: 0.7618493992426894
Mean: -11.177312045913073 min: -11.227345906200537 max: -11.144622363551084
Mean: 0.7459465040598307 min: 0.7189800192328519 max: 0.7630669650650656
Mean: -11.186721494799556 min: -11.267829482617605 max: -11.153954951980737
Mean: 0.7498647966419018 min: 0.7049602056465814 max: 0.7991622088901312
Mean: -10.017145496669366 min: -11.361397153674998 max: 0.7563186919269221
Mean: -5.532520295937806 min: -11.838973120196863 max: 0.7707139428170322
Mean: -11.183141516009355 min: -11.266420397058681 max: -11.163634508688725
Mean: -0.45463478564268345 min: -11.196509082312373 max: 0.7597435353484934
Mean: -10.05662389070801 min: -11.837951114612467 max: 0.716745968577688
Mean: -1.7740641301368854 min: -11.766646670765237 max: 0.7626855996312255
Mean: -10.319789027207625 min: -11.907793457404969 max: 0.7623088246305174
Mean: 0.7650132648064534 min: 0.7244474946163637 max: 0.7792048037913193
Mean: 0.7333069249884774 min: 0.4632574294501124 max: 0.7754913220302554
Mean: -11.469369077554628 min: -11.837306082445755 max: -10.844852220982066
Mean: -11.42683716965437 min: -11.79500539123391 max: -10.78037997756942
Mean: -11.057801881820769 min: -11.689899166257245 max: -10.800176890477662
Mean: -11.516164453813 min: -11.774206405739239 max: -10.789507382297082
Mean: -11.132810337118178 min: -11.799739555546456 max: -10.815564606414487
Mean: -11.298828426251498 min: -11.780157413463357 max: -10.790664065072127
Mean: -11.308704029338614 min: -11.80773181421198 max: -10.680780721214042
Mean: -10.775165816481051 min: -10.815327862093287 max: -10.683145929043677
Mean: -10.718115301120914 min: -10.765460433416504 max: -10.681590723638422
Mean: -10.751994499713117 min: -10.804538458616596 max: -10.67684775139351
Mean: -10.86642801118344 min: -11.988683855655697 max: -10.537270605513179
Mean: -9.294343631439158 min: -10.830712203514452 max: -3.8046532511300577
Mean: -8.671585752458464 min: -11.161711529524979 max: -3.804444749930836
Mean: -3.8170510004428393 min: -3.9081857458431517 max: -3.801600032766662
Mean: -8.54627081603802 min: -10.608417893336698 max: -3.80672139443794
Mean: -3.8054564435746925 min: -3.815396472996712 max: -3.7900396737928674
Mean: -7.851144234748982 min: -10.60872148220465 max: -3.7291384060240422
Mean: -3.7744435892974373 min: -3.861885102217513 max: -3.5717756937113183
Mean: -7.149230517775566 min: -10.651831656288499 max: -3.6697788105490012
Mean: -3.799794358909529 min: -3.8981835603013475 max: -3.7740331671657836
Mean: -6.49117212331164 min: -10.599965659468975 max: -3.770096677041696
Mean: -3.8026147722346564 min: -4.038839217452866 max: -3.774842038973137
Mean: -5.819339758811445 min: -10.607877382360131 max: -3.7502969828300974
Mean: -3.780186250282872 min: -3.8209124055521886 max: -3.7729126919797076
Mean: -5.125580618902648 min: -10.573835410039907 max: -3.7201397324665826
Mean: -4.46018997924126 min: -10.619793177210873 max: -3.7726832952010274
Mean: -4.463650780613052 min: -10.5264477664498 max: -3.770495621604933
Mean: -3.7707798773230436 min: -3.77872666828694 max: -3.7293445190873946
Mean: -3.754968838045804 min: -3.7790956238584177 max: -3.7315669893996315
Mean: -4.450933869156278 min: -10.696973513448766 max: -3.731474921857934
Mean: -3.715932117421665 min: -3.7351367416762167 max: -3.56999771502553
Mean: -4.495727128629471 min: -12.01002595583449 max: -3.5667434972019114
Mean: -4.952304611520699 min: -10.562265538508735 max: -3.568095425142801
Mean: -4.894279328908356 min: -10.549666647072385 max: -2.9630106490913803
Mean: -3.3571390627148987 min: -3.8678079651628563 max: -2.963166211394761
Mean: -2.959810335013522 min: -2.966429346501771 max: -2.9211995636019257
Mean: -2.9733287514067968 min: -3.231248257317471 max: -2.9207925272749193
Mean: -2.9269024414623632 min: -2.9891102198792523 max: -2.751463193065467
Mean: -2.862714298254071 min: -2.996228984634678 max: -2.7420926909923193
Mean: -5.274747294946894 min: -11.29242040420063 max: -2.739836201228865
Mean: -3.471605345689813 min: -10.166663778854847 max: -2.4481314036246014
Mean: -4.227249878412335 min: -10.255373553746225 max: -2.4699355894849964
Mean: -3.530519455363249 min: -10.220523228605856 max: -2.740362477990195
Mean: -8.357682311281042 min: -10.5844300077025 max: -2.9826000048279586
Mean: -9.79660132586778 min: -10.72832058676944 max: -2.98505815925828
Mean: -9.955947785567796 min: -11.49672209770783 max: -3.7440800557888467
Mean: -9.865370398472104 min: -11.30916294769185 max: -2.9813491776530543
Mean: -9.845771723451104 min: -10.656726973643684 max: -3.751516093472468
Mean: -9.008456962516865 min: -10.544555092581632 max: -2.9714747925842038
Mean: -10.506868967479363 min: -10.553461747069347 max: -10.31636433186536
Mean: -10.619329989882473 min: -11.281427047915244 max: -10.488964731795795
Mean: -8.248421175473952 min: -10.56608872194278 max: -2.955436980245071
Mean: -10.113027726191266 min: -11.812279345603253 max: -3.808573144006896
Mean: -9.002265697788733 min: -10.554711633835351 max: -2.9536716115061785
Mean: -9.214494195196675 min: -11.995349237433132 max: -2.9786564185379576
Mean: -6.781332567274089 min: -11.180443989838386 max: -2.7239638249551654
Mean: -8.343806123391026 min: -10.559263108053159 max: -2.9725296207295524
Mean: -6.023521478309338 min: -10.5590453622087 max: -2.723757538589577
Mean: -7.069937686721909 min: -11.181437920100032 max: -2.971483397255053
Mean: -6.788948815498908 min: -11.26331328933463 max: -2.7257337778263846
Mean: -9.110736978651039 min: -10.665499767699785 max: -2.9797988443538808
Mean: -5.300093830649561 min: -10.58669800585121 max: -2.7234099086236743
Mean: -9.77640230108036 min: -10.56632616596192 max: -2.97711993916519
Mean: -4.504150909837822 min: -10.532352624662675 max: -2.7244511845240846
Mean: -10.613887922919906 min: -11.402067894172529 max: -10.492007370312335
Mean: -4.412423676805384 min: -10.54485584565907 max: -2.7244565186029868
Mean: -9.795926783887396 min: -10.65495714642315 max: -2.981157363789241
Mean: -3.629273943523427 min: -10.548866329463785 max: -2.7697325003340447
Mean: -10.553627365107905 min: -10.806852061000734 max: -10.497751359504758
Mean: -4.39560094034791 min: -11.31904098729907 max: -2.7697452197161705
Mean: -9.790771982104374 min: -10.543043113927933 max: -3.750971775936501
Mean: -3.7342597589702478 min: -11.207444535352025 max: -1.8114743160513278
Mean: -10.304558662445011 min: -11.266304801665433 max: -9.905148288554342
Mean: -1.894902538396778 min: -2.001438663169488 max: -1.8127896130696115
Mean: -10.537967110743597 min: -11.561708197886093 max: -10.409175627673543
Mean: -2.832321826624125 min: -11.233157011263955 max: -1.800292727938263
Mean: -10.434328987781466 min: -10.533807065731299 max: -10.406552919935814
Mean: -2.730493309101792 min: -10.327384197909284 max: -1.82862029576539
Mean: -10.553177114730088 min: -11.685769396895061 max: -10.410186882479579
Mean: -3.8045007167835743 min: -11.97016146781117 max: -1.8575499685647658
Mean: -10.478222793522999 min: -11.120868394971733 max: -10.276295398946644
Mean: -3.5035007908690687 min: -10.086172138007257 max: -1.8167994282664697
Mean: -10.418001379650173 min: -10.432969315143733 max: -10.404579113093718
Mean: -1.9343772410200066 min: -2.420498032545506 max: -1.8297470629243213
Mean: -10.420726731128237 min: -10.45308962974487 max: -10.400135239252906
Mean: -1.8472814001019695 min: -1.9627754740916545 max: -1.7963832058544402
Mean: -10.417759646780649 min: -10.434809677807301 max: -10.403790956940277
Mean: -1.889997520201598 min: -2.003268082749373 max: -1.830744520198368
Mean: -10.414920540131032 min: -10.424737459704664 max: -10.400066955078074
Mean: -2.6887172899727894 min: -9.88813966241048 max: -1.836707890350702
Mean: -10.521368698176184 min: -11.413771428853787 max: -10.412456132903706
Mean: -3.544746778925652 min: -9.798646711691115 max: -1.8251705511027934
Mean: -9.717574121525132 min: -11.816198883847486 max: -1.8829582459636238
Mean: -1.935822174272286 min: -2.013571962351989 max: -1.821596430282894
