Mean: -9.758134042045656 min: -11.827427293571208 max: -6.1936640278626385
Mean: -7.039724364720752 min: -12.572886717759197 max: -6.194396141137956
Mean: -6.933281966568538 min: -11.85861918940066 max: -6.194259628707948
Mean: -6.671032554074524 min: -10.98566489027987 max: -6.193731263532219
Mean: -7.416389459608847 min: -11.824891519984728 max: -6.194737431486898
Mean: -8.31614474662808 min: -10.956110739237877 max: -6.18945765728338
Mean: -7.659927909517528 min: -11.74140843551848 max: -6.193668944127342
Mean: -7.375640838772957 min: -10.985920424900515 max: -6.1940852134805064
Mean: -8.153880756276035 min: -11.780830404298628 max: -6.193645297342471
Mean: -8.401896856375735 min: -12.394635192930076 max: -6.193902005857203
Mean: -8.422276492708372 min: -11.928201205684804 max: -6.194509352161265
Mean: -9.125856832668306 min: -11.822410425271032 max: -6.193667232625611
Mean: -8.79218690979944 min: -11.007958481446591 max: -6.1942697627255585
Mean: -9.030291980097637 min: -10.972909443778358 max: -6.193635937047587
Mean: -9.267529068810983 min: -11.129847222975705 max: -6.194216909799467
Mean: -9.275330577020824 min: -11.008644407644248 max: -6.193663638661363
Mean: -9.79122969590858 min: -11.855388844105414 max: -6.194498534914734
Mean: -9.985748588185535 min: -10.985933498657246 max: -6.197230680353419
Mean: -10.196545884663145 min: -11.21398784125379 max: -6.162854429050491
Mean: -10.390328724798119 min: -11.01076158295907 max: -6.164916017594875
Mean: -10.681787666133122 min: -11.883753535745914 max: -6.16451956528021
Mean: -10.961326143957058 min: -11.942047476952835 max: -10.81472013881517
Mean: -10.849111951490002 min: -10.938893528984984 max: -10.816295541614233
Mean: -10.840447541347716 min: -10.943915317488525 max: -10.703164834014574
Mean: -10.961469776683554 min: -11.91498660758771 max: -10.779250073389647
Mean: -10.891454056017103 min: -11.295688198651622 max: -10.814419731572395
Mean: -10.898944859268799 min: -11.712921841841625 max: -10.817687916898851
Mean: -10.859913111128721 min: -10.921328064376178 max: -10.80283404431604
Mean: -10.845231136163425 min: -10.96270437421153 max: -10.78284415046672
Mean: -10.84708077671846 min: -10.943943294386068 max: -10.819965546210543
Mean: -10.84366509829649 min: -10.939422510305544 max: -10.692319504507134
Mean: -10.872893870768188 min: -11.258587501162106 max: -10.821902331629333
Mean: -10.92242407180458 min: -11.864837580233813 max: -10.652384316918855
Mean: -10.28425158714285 min: -11.040398568153444 max: -4.991245960072282
Mean: -10.332178624545982 min: -10.94373941771261 max: -3.1458791026093156
Mean: -6.696245969478151 min: -10.833736093155148 max: -2.839987909824396
Mean: -3.7075026878322084 min: -11.305208394247018 max: -2.8348507696577783
Mean: -3.2769298923873 min: -3.8564690545158897 max: -2.8469168041518906
Mean: -3.208943074700671 min: -3.8498094996259247 max: -2.8569851621180757
Mean: -3.895116285709135 min: -10.703521289390947 max: -2.8411655801258298
Mean: -3.9705711841134934 min: -11.271469237208748 max: -3.007023682450568
Mean: -3.4174417366120045 min: -4.0751861832011915 max: -1.4658990313797606
Mean: -2.524790123317355 min: -4.080848660280253 max: -1.3584606714704652
Mean: -1.9978142355544928 min: -12.218507197116837 max: -1.3672933496721609
Mean: -1.4475467276161862 min: -1.5614749006696023 max: -1.3301499926368021
Mean: -1.4310696189005254 min: -1.4748236370120766 max: -1.3470615628578713
Mean: -1.956208803516591 min: -11.404997047604972 max: -1.3485200900413699
Mean: -1.444374682260928 min: -1.4827418157067562 max: -1.379297521814486
Mean: -1.4922895366816502 min: -2.533167884745485 max: -1.1439944883091437
Mean: -1.2884280257771095 min: -1.488048639526757 max: -1.0884540516763246
Mean: -1.115829277067442 min: -1.1795158970369635 max: -1.0092742635066285
Mean: -1.6249967638987157 min: -10.780632785594028 max: -1.0819196662413584
Mean: -1.1323294203349827 min: -1.1517349009568498 max: -1.1013745709429867
Mean: -1.1603893182352107 min: -1.5973969481900394 max: -1.0376484680401143
Mean: -1.1077850634391997 min: -1.1708862762255554 max: -0.6232193523682548
Mean: -1.9861565923713846 min: -12.030540524734246 max: -0.5766143633075093
Mean: -2.260391864034835 min: -10.328067117611505 max: -0.5102804361607322
Mean: -2.4010458574794873 min: -11.677102615156212 max: -0.4432639386060305
Mean: -5.5251786512075896 min: -11.8572134757543 max: -0.5065456661757759
Mean: -4.957571881562166 min: -12.32791045422133 max: -0.45152468260924017
Mean: -6.609685016295117 min: -11.824100416694023 max: -0.5224608799613359
Mean: -5.461140567561448 min: -11.810526904412484 max: 0.18771826265403666
Mean: -1.9444014251467845 min: -10.832835715240302 max: 0.27246067350556835
Mean: -0.9091348896827707 min: -10.632121547369534 max: 0.27367600138509796
Mean: -2.1861498186281443 min: -12.236988059659645 max: 0.3767640844251496
Mean: -0.601165538117019 min: -9.899366470674549 max: 0.43578184340726145
Mean: 0.16227520962733225 min: -0.6845105133725928 max: 0.37679987411130544
Mean: -0.12429200885054188 min: -0.6493524574908873 max: 0.3093534425831481
Mean: -1.1475089825577451 min: -11.704415928602456 max: 0.4203803847882358
Mean: -1.3500794049046099 min: -10.230019248155442 max: 0.4475803422428314
Mean: -1.0384794949710021 min: -9.941201724035091 max: 0.2854793147426954
Mean: -0.058705118852963444 min: -0.5204185066823461 max: 0.40368268294144033
Mean: -1.1844230661835087 min: -12.398962969883904 max: 0.34192554967383654
Mean: -1.634099070191029 min: -11.823763301802195 max: 0.3768172594219849
Mean: -0.04761990321181671 min: -0.5411041034561598 max: 0.2732004180668585
Mean: -0.5729374675390849 min: -10.190919246842752 max: 0.388059435474328
Mean: 0.08754660670887723 min: -0.6201116710943753 max: 0.4173343090048812
Mean: 0.11426975888313533 min: -0.4829111651932541 max: 0.34144100065749916
Mean: -0.4226846838403294 min: -10.199219855177954 max: 0.46827386620554795
Mean: -1.5057660301713294 min: -11.209793333440071 max: 0.36312217739381947
Mean: -0.891745565537984 min: -10.214087850893668 max: 0.4064760598490076
Mean: 0.10342622633161332 min: -0.6567626192717196 max: 0.3547996534543392
Mean: -2.5027600425528624 min: -11.973201495849404 max: 0.3999670872618744
Mean: -0.46368733811818286 min: -10.396397414739553 max: 0.4463534570063207
Mean: -0.898228737304024 min: -9.615906363916732 max: 0.44801960968528676
Mean: -0.4918413524151056 min: -9.625355858964303 max: 0.3493395158197849
Mean: -1.038061332184575 min: -12.155008474155888 max: 0.4202399930708677
Mean: -1.577606624230803 min: -11.685659560296282 max: 0.39458813245656577
Mean: -0.46945191878433945 min: -10.412591036927576 max: 0.36955983837612866
Mean: 0.05759795811668715 min: -1.5297170415772563 max: 0.32608376277645434
Mean: -1.408502688523684 min: -11.850664437585301 max: 0.40405792267772156
Mean: -2.0127769892602183 min: -12.076062107606386 max: 0.3377220887675003
Mean: -0.4000332405964374 min: -9.037934751074726 max: 0.3768245795884635
Mean: -0.9705247389890493 min: -11.557026809210765 max: 0.42158087237893105
Mean: -0.9962240621352703 min: -10.374659813696022 max: 0.44879062076786846
Mean: 0.1066347576211446 min: -0.6051783265226898 max: 0.40851976755447866
Mean: 0.1108564732340354 min: -0.5444531474300105 max: 0.3340453738173584
Mean: -1.8108562139264168 min: -12.560648517994117 max: 0.415720056312935
Mean: 0.054447829807235726 min: -0.6116314951994767 max: 0.3560060922451947
Mean: -1.010399926694839 min: -12.428027155276272 max: 0.4539654865800043
Mean: -0.5562859191004905 min: -11.488872778931437 max: 0.41039097309157757
Mean: 0.18102140896252578 min: -0.6486036942132428 max: 0.4216492851117822
Mean: -0.3275927809462179 min: -9.413350256419772 max: 0.43852811165555516
Mean: -1.5347320735649441 min: -11.848032679940294 max: 0.466613254811609
Mean: -1.3381260353488047 min: -11.35177056085579 max: 0.34831676771378567
Mean: -0.7599594663965256 min: -9.053251353497892 max: 0.4199362791427656
Mean: -0.8287240406326213 min: -9.55987311807772 max: 0.4583048876214128
Mean: -1.57170983147601 min: -11.447869625331679 max: 0.35418683878827883
Mean: -1.3140613036843747 min: -10.014986463703226 max: 0.3271643022437768
Mean: -2.5444874219526716 min: -11.759742805141125 max: 0.39156503774647367
Mean: 0.2581274414697309 min: -0.02265855071926474 max: 0.40360174671357196
Mean: -3.391046361687672 min: -12.208365815870371 max: 0.38728583074971684
Mean: -0.6396837419358412 min: -12.571013933531122 max: 0.4032944855176958
Mean: -0.846747304231234 min: -11.269997594736052 max: 0.41222031846886226
Mean: -2.5838631632203444 min: -11.802667177207914 max: 0.38654361776775376
Mean: -0.3206095757404942 min: -9.050649555191365 max: 0.4141654523840274
Mean: -0.417211432659576 min: -9.994829804900226 max: 0.3902194300956763
Mean: -1.8134228687274496 min: -9.753502775195264 max: 0.3130142626947362
Mean: 0.1035674888623855 min: -0.7417097038640159 max: 0.41331759704461846
Mean: -0.2995385364887907 min: -8.914781876284295 max: 0.4363358732839622
Mean: -0.33505536579598827 min: -9.04262106375307 max: 0.4662682017250655
Mean: -0.9478194539756248 min: -11.465696825354874 max: 0.4011679768653077
Mean: -0.40525945862602414 min: -10.061879201476913 max: 0.3761124271775569
Mean: -0.7695997040810002 min: -9.571953184463922 max: 0.4031035673819377
Mean: -0.9512624454803301 min: -11.480059293015984 max: 0.41921977070145894
Mean: -1.9496333223955606 min: -11.808725421598679 max: 0.3665025438673647
Mean: 0.21472358633510608 min: -0.009234151314051298 max: 0.4508516243254273
Mean: -1.0951959136051361 min: -12.208308618333742 max: 0.34097030676921747
Mean: -1.978891395526033 min: -11.440182820567705 max: 0.4008036065052787
Mean: -0.31063775642379327 min: -8.94757655670249 max: 0.4354908248397894
Mean: -0.9968025860180829 min: -10.622668064641207 max: 0.39239064542964674
Mean: -1.0025216469040164 min: -11.537004388745252 max: 0.43027182406962433
Mean: -1.2923116125767051 min: -12.357548087563615 max: 0.3191999925499435
Mean: -1.0465003569303957 min: -10.292002255000844 max: 0.4325125557998361
Mean: -0.05376938911218323 min: -1.6304839299389404 max: 0.38138624806761984
Mean: -2.3307243292739623 min: -11.861446351867563 max: 0.42670755795497606
Mean: -0.9812944865591133 min: -10.157253249892864 max: 0.4203230780152357
Mean: -3.144526652918523 min: -11.666803176892405 max: 0.3589918853389641
Mean: -1.7300407976410863 min: -11.591485153327136 max: 0.41340415499571564
Mean: -0.5494949523263427 min: -10.403724561903873 max: 0.39580958988487586
Mean: -0.6623149251822585 min: -10.393783080336673 max: 0.4067111976802938
Mean: -2.1565047549210816 min: -11.535767443406705 max: 0.3814137552333176
Mean: -1.5730716561692017 min: -12.639493555052548 max: 0.47192400838886495
Mean: -0.7579860715661313 min: -8.986684686173618 max: 0.3595282450031042
Mean: -0.520461449607795 min: -10.09437225981007 max: 0.4187992174430136
Mean: -1.4587155574905881 min: -10.009654243264812 max: 0.37066304557707014
Mean: -3.131139370879578 min: -11.610780675827401 max: 0.4049030735140361
Mean: -1.4789285052168433 min: -10.406264274324286 max: 0.36280955465969783
Mean: -4.669874644179984 min: -12.23654182689458 max: 0.47065557135045644
Mean: -0.3264627583475982 min: -10.343993461209939 max: 0.4254791700322901
Mean: -0.9716607324339481 min: -12.043011755097677 max: 0.4309488144720719
Mean: -0.8834028873439381 min: -10.30484992764395 max: 0.44214435171110644
Mean: -0.35655310548695246 min: -9.758775743362854 max: 0.40939012364736516
Mean: -1.834860956305096 min: -11.307465463804029 max: 0.4284080446749225
Mean: -0.4308597814185765 min: -11.238788211284268 max: 0.4440632394889956
Mean: -0.9808460920075752 min: -11.733416572684368 max: 0.46032243865182454
Mean: 0.16750580353052383 min: -0.4974140623148433 max: 0.43603849682529455
Mean: 0.12611492459749252 min: -0.6065282740481809 max: 0.421598045757757
Mean: -0.8017414418443085 min: -9.998670447549658 max: 0.4459557791348063
Mean: -0.32443472350951885 min: -10.232179330212455 max: 0.40438312015007716
Mean: -0.4889170638594 min: -12.438284198967931 max: 0.4270038201541738
Mean: -1.0671712722287867 min: -11.32443134176819 max: 0.4324048706220416
Mean: -0.5088330496336317 min: -11.536601831379215 max: 0.42282100274818823
Mean: -0.9008076218208657 min: -8.886150129317647 max: 0.4047384837052378
Mean: -1.9283109148994921 min: -11.459088502545624 max: 0.4445105258779581
Mean: -0.7003352821174552 min: -9.893265955257856 max: 0.43912788166665795
Mean: -0.14864686559610113 min: -0.543614663509869 max: 0.3729622400634689
Mean: 0.10597968262286647 min: -0.6222371451903265 max: 0.435607200705693
Mean: -1.1157072273272661 min: -9.91889467069381 max: 0.40943039595294983
Mean: -0.3263798941244608 min: -11.301552719061881 max: 0.4133258535699586
Mean: -0.9564978058004382 min: -10.803804723296073 max: 0.4159400379053788
Mean: -0.8900027615433072 min: -9.966424709765302 max: 0.42446633366434283
Mean: 0.059425150368248546 min: -0.5548370200834858 max: 0.4789064466711302
Mean: -0.30561993596124426 min: -8.782771194003026 max: 0.4397883774497767
Mean: 0.10793737623402602 min: -0.5638365979367224 max: 0.45785379928609393
Mean: -0.5622186591250314 min: -11.482680108440016 max: 0.39774742618415115
Mean: -0.023630423505479774 min: -0.5748954603353207 max: 0.4117638059725276
Mean: 0.029831149433677602 min: -1.0450811829890498 max: 0.6005630094605962
Mean: -0.44783340613313066 min: -10.704488100875666 max: 0.438031502687026
Mean: -0.5627432544448955 min: -11.257683713309202 max: 0.43993993816941346
Mean: -0.34533040259047915 min: -10.039696674472962 max: 0.4402981732396063
Mean: -0.5581685897377515 min: -9.828964718746828 max: 0.37684008248463435
Mean: -1.0156688686693727 min: -10.32230817814159 max: 0.43305009657194804
Mean: -1.5602041220019367 min: -12.140475070151357 max: 0.45182456639337326
Mean: -0.20693819115867998 min: -9.904738232354518 max: 0.41374856771575336
Mean: -0.47292659681686977 min: -11.802837953758239 max: 0.4239506965420306
Mean: -0.9014579833125742 min: -11.985867604091453 max: 0.3942073755835067
Mean: 0.005727422522405453 min: -1.3723495305796765 max: 0.39126921717756963
Mean: 0.03675769962487051 min: -0.6170334311745445 max: 0.43897778683820343
Mean: -0.7404750557123956 min: -10.074032313168457 max: 0.40907491501555815
Mean: 0.11535095143011742 min: -0.5342333350188402 max: 0.44150489197780085
Mean: 0.1748571786711081 min: -0.5368146068092403 max: 0.3952381878103342
Mean: -0.006352712908448188 min: -2.636493489221799 max: 0.4196935484780136
Mean: -0.388534900340473 min: -10.833402652662775 max: 0.39182320709312096
Mean: -0.4707539264182056 min: -9.887666436156941 max: 0.38157278247239135
Mean: -0.3406055204303485 min: -9.789832736646291 max: 0.4209098323891726
Mean: -0.5762637937413253 min: -11.389298224738955 max: 0.3671838922208531
Mean: -0.3134729475279354 min: -9.85223290770785 max: 0.4370812904873007
Mean: -1.0613623047979734 min: -11.576785210531144 max: 0.39955055906101933
Mean: -0.6428586985526609 min: -11.511423821781575 max: 0.4445578704389467
Mean: 0.17536829940425264 min: -0.47834774360903254 max: 0.40611064522688584
Mean: -1.457489226356949 min: -11.383117998846803 max: 0.440209777646524
Mean: -0.5959953706118528 min: -11.230029394491986 max: 0.4284541360286469
Mean: 0.08338082184002828 min: -0.4783773552038053 max: 0.41712155935664674
Mean: 0.1972137747117026 min: -0.5200458999772278 max: 0.40880944394517255
Mean: -1.0101948492237047 min: -10.695745156585053 max: 0.3918271379272277
Mean: -0.17608211331751206 min: -4.6518722403556385 max: 0.4103897517195158
Mean: -0.16832604064757772 min: -3.0722791622111414 max: 0.4328921791270986
Mean: -0.47109746206287345 min: -10.03550138610438 max: 0.43215504717593856
Mean: -0.09518985500713102 min: -2.873816391438957 max: 0.43505127736600574
Mean: -0.4930940468986352 min: -11.313090746054858 max: 0.3999027949672608
Mean: -1.0665587157878194 min: -11.494437549247902 max: 0.4585537368384441
Mean: -2.8400871909820395 min: -11.744095449250903 max: 0.41503876067823725
Mean: -1.7488595066529047 min: -11.038331165993094 max: 0.5556617889898635
Mean: -4.441641668185282 min: -8.847180812738383 max: 0.4527925529016952
Mean: -5.521389891466522 min: -11.616929198786913 max: 0.5038874481133974
Mean: -4.813820933156979 min: -9.813732817864604 max: 0.512016447204391
Mean: -3.8803623765011985 min: -8.995576967042451 max: 0.4988691536221713
Mean: -5.421179307031058 min: -11.571600998829187 max: 0.4712590163984734
Mean: -6.761045171560674 min: -11.60113532588901 max: 0.5221943977189175
Mean: -5.924890664293242 min: -11.959066016290459 max: 0.4670475328215454
Mean: -5.749928021357893 min: -10.790431190710779 max: 0.456359473004741
Mean: -4.903056226915244 min: -10.121111997691667 max: 0.6596914058431138
Mean: -6.863294124629929 min: -9.629287928368448 max: 0.3468816681583406
Mean: -6.580309346923775 min: -8.924200694956001 max: 0.5303555981634201
Mean: -6.258557976698565 min: -11.459014556209757 max: 0.4183293074957097
Mean: -7.540659287201777 min: -11.349250645189112 max: 0.5824729430231007
Mean: -6.493327068168666 min: -10.005636799633752 max: 0.5114567422575971
Mean: -6.37031032555104 min: -11.907505481045943 max: 0.4616257832487692
Mean: -5.392960093559805 min: -11.769036224117345 max: 0.48665068363368563
Mean: -6.473394881275889 min: -8.868590507360485 max: 0.6174194173984783
Mean: -5.7264134876028 min: -11.337703023883362 max: 0.48121378784891006
Mean: -7.388682211124514 min: -8.864188557825823 max: 0.4853127938231715
Mean: -6.975564779101719 min: -9.74173603688553 max: 0.45157795600158435
Mean: -6.8328669243327536 min: -11.403492052387676 max: 0.4638990777124032
Mean: -6.585797916020685 min: -8.883130080320033 max: 0.45195578182273555
Mean: -5.606772419856798 min: -9.732616281284102 max: 0.6254161965335443
Mean: -6.608388543914944 min: -10.872169855997987 max: 0.5716093641405464
Mean: -6.574194359234683 min: -10.39752884346911 max: 0.6338499361667819
Mean: -6.54150212276865 min: -9.886161371625432 max: 0.4774229841334003
Mean: -7.7034555255288755 min: -12.481405770633778 max: 0.4085451059265997
Mean: -3.836193896711456 min: -11.226353035378937 max: 0.47165209587012075
Mean: -2.6947777493916822 min: -8.838318295475935 max: 0.5105927815313055
Mean: -1.0700916287734104 min: -9.602925368571153 max: 0.22613886432242547
Mean: -1.8072917554619756 min: -11.515434087854766 max: 0.25368565448638686
Mean: -1.2155093992569126 min: -11.682358769261056 max: 0.18245420135625104
Mean: -0.18491462434275402 min: -0.8023005473580049 max: 0.20148680709334374
Mean: -0.5515197217917155 min: -9.583544331041189 max: 0.23269964272157712
Mean: -1.0309030158076828 min: -9.906814320146463 max: 0.22336533135861156
Mean: -0.4426903281899729 min: -11.417790721583724 max: 0.25208201946813413
Mean: -0.7610203726944272 min: -11.475737800361355 max: 0.2613999039885475
Mean: -2.0885751884806076 min: -11.523980006033844 max: 0.27127082567504895
Mean: -0.6749124667051591 min: -11.215949190119328 max: 0.2165826200182838
Mean: -0.18920265259926095 min: -1.0744651460934338 max: 0.2014244009457206
Mean: -1.1964978250181124 min: -9.908496015359482 max: 0.22956596061704115
Mean: -0.763867694895475 min: -11.817764617105569 max: 0.21654853149780104
Mean: -1.3381227237339803 min: -11.391560337881682 max: 0.21864183979028268
Mean: -0.2680615600217907 min: -1.0955241902356954 max: 0.23502338751841836
Mean: -0.9446131338470692 min: -11.390162462552592 max: 0.22953284699207516
Mean: -0.7217255708140364 min: -10.000966044023265 max: 0.24775786428259414
Mean: 0.019017475737935396 min: -0.8742887336798923 max: 0.2803795058826101
Mean: 0.051698604391105754 min: -0.6246488227612654 max: 0.3265521521545613
Mean: 0.13190719447805865 min: -0.5464684020510507 max: 0.37460016868706286
Mean: -0.5064256613412106 min: -9.575118094457606 max: 0.27765333332662584
Mean: -0.3570558934530626 min: -9.469243696357296 max: 0.3673046220813575
Mean: 0.1325367014912433 min: -0.6022658031710879 max: 0.33823075377564177
Mean: -1.0562417269555877 min: -11.673484580501656 max: 0.2829694681102444
Mean: -1.5942636930424667 min: -11.5896940262367 max: 0.3418844570288042
Mean: -0.6120167063173828 min: -11.393585851342966 max: 0.36280028617462207
Mean: -0.011905770665243447 min: -0.6062601383461022 max: 0.3660055188434502
Mean: -0.42858614833569497 min: -8.980775094648017 max: 0.3379721163802668
Mean: -0.420288797011123 min: -9.026802898492653 max: 0.39836310465622415
Mean: -0.6451078167613234 min: -11.57832184099385 max: 0.3741749730475567
Mean: -1.001493287308939 min: -11.669040730581676 max: 0.344957503712264
Mean: -1.2322594820859707 min: -11.645030767119023 max: 0.2958140249231709
Mean: 0.08276251175756065 min: -0.5415070403992326 max: 0.30847880519426735
Mean: -1.7486764298149589 min: -11.667516917716048 max: 0.39642781220521245
Mean: -1.508526398267456 min: -11.701722564841061 max: 0.371103324437083
Mean: -1.6222526855964396 min: -11.519068480714179 max: 0.26779438610041784
Mean: -0.36422631649848947 min: -9.38407886750695 max: 0.28534049450361915
Mean: -0.12597559777706316 min: -0.6407822411366049 max: 0.3483194541789023
Mean: -0.44404876239197566 min: -9.971240638613294 max: 0.3483845916197479
Mean: -0.9817643293029649 min: -9.877763343360943 max: 0.3239710500611114
Mean: -0.7769458483224756 min: -9.885713413130974 max: 0.3113719303285036
Mean: 0.10300497139577472 min: -0.5209051868050272 max: 0.35170240869126373
Mean: -0.8465973724626654 min: -10.302129781760835 max: 0.36617971506518593
Mean: -0.5331238111696713 min: -9.588726343678886 max: 0.2783867624478991
Mean: -0.012820814812858666 min: -0.6295351379794204 max: 0.2810626700288619
Mean: -0.6049608311522616 min: -10.213647998799507 max: 0.33112549509378025
Mean: -1.7656265715441013 min: -11.545115437284338 max: 0.3653250326096821
Mean: -1.306451664880743 min: -11.545200231784696 max: 0.23474204537971122
Mean: -2.1880817141975006 min: -11.386100983784221 max: 0.38603227532593587
Mean: -0.5527862132964105 min: -8.889592643048918 max: 0.2672314647959391
Mean: -0.5379187208602063 min: -11.468391178917372 max: 0.31552219444272245
Mean: -0.0034025539007039945 min: -0.6135660895577847 max: 0.3784505685767954
Mean: 0.09642453344525181 min: -0.6811103978633347 max: 0.3905081743512993
Mean: -1.1511121987507182 min: -11.347073353570096 max: 0.32337720024130073
Mean: -1.7196520190680271 min: -11.566518824028952 max: 0.2711780087593817
Mean: -0.6813427861818668 min: -11.389563553332138 max: 0.35867356582768634
Mean: -0.4125648385675351 min: -11.332362891203125 max: 0.37801074045415106
Mean: -0.630984536790545 min: -11.339534758396193 max: 0.27604509982929837
Mean: -0.1522806875040083 min: -3.2777972702799265 max: 0.4065472111675575
Mean: 0.04430318126252343 min: -0.6357700323514294 max: 0.31053553190725136
Mean: -0.5057131684596332 min: -10.328528292478694 max: 0.34600021472366477
Mean: -1.6307408529735383 min: -11.601437497691741 max: 0.3592107665175246
Mean: 0.010636142146135546 min: -0.7074086865146609 max: 0.34058665383211595
Mean: -1.1651971525956635 min: -11.480831587559164 max: 0.2856682508205904
Mean: -1.2496748859912965 min: -11.625041450002382 max: 0.283090571756491
Mean: 0.07000540138506162 min: -0.6224997698173725 max: 0.26170563266751923
Mean: -0.2070162119406378 min: -2.51948103990639 max: 0.3809948023514942
Mean: -0.559216370924337 min: -11.557834303157602 max: 0.3216368786932874
Mean: -0.6041348622474715 min: -11.663700119628388 max: 0.25852031144236254
Mean: 0.07486878688921836 min: -0.6984566832572796 max: 0.3765090177562922
Mean: -1.1537324149593362 min: -11.626437930646798 max: 0.35314068672460736
Mean: 0.060633652743415645 min: -0.6307169727701374 max: 0.2551348566472207
Mean: -0.5838099677441269 min: -9.937181354542592 max: 0.3043111797474689
Mean: -0.4417379758624276 min: -9.620199872435348 max: 0.3646330396451631
Mean: 0.048519301940302476 min: -0.5893904656681354 max: 0.3223933153701578
Mean: 0.021493915182634056 min: -1.128602439664624 max: 0.3908050572117932
Mean: -1.0387473177185425 min: -11.753135728132825 max: 0.25713678106213744
Mean: -0.17631252625992175 min: -4.620384797266901 max: 0.35896070196271446
Mean: -0.018346906364330767 min: -0.6046548851800935 max: 0.2818655029342865
Mean: -1.4299798428085118 min: -11.395326721854783 max: 0.36181577925869657
Mean: -0.3941859689074076 min: -9.587064547282408 max: 0.3134795314470993
Mean: -0.6224169174602217 min: -11.292793724447273 max: 0.30723351558599005
Mean: 0.05932198984057171 min: -0.636935621332473 max: 0.34913679197932185
Mean: -0.5989350044376195 min: -11.32146924146591 max: 0.3601505298300046
Mean: -1.218954765022819 min: -11.508800912039266 max: 0.3498463484144912
Mean: -0.1828298821063621 min: -1.2275052955985433 max: 0.25321950587769937
Mean: -0.5349829181960193 min: -11.349580454138714 max: 0.24795181254796317
Mean: -0.049006549600684624 min: -2.1832787481835467 max: 0.27510942270005795
Mean: -0.009545849554729017 min: -1.068297403079691 max: 0.29146751234665275
Mean: -0.906609181492605 min: -9.931863249836315 max: 0.2616845151480555
Mean: -0.5853109232725615 min: -11.356129863841211 max: 0.3381278510846674
Mean: -0.10216753028670027 min: -1.6235900191740757 max: 0.27591606627454995
Mean: -0.5121951160655885 min: -11.617938455419289 max: 0.2764609513123226
Mean: -0.6043889739647155 min: -11.484752864931366 max: 0.2573423063505932
Mean: -0.46298469298907474 min: -11.283496629162519 max: 0.334876601103922
Mean: -0.51670129119574 min: -9.805409282329965 max: 0.35039293705544805
Mean: -0.05082368028993599 min: -1.8406200771624814 max: 0.2730777292449782
Mean: -0.5450267017249322 min: -11.593709435921406 max: 0.320485718554359
Mean: -1.0335501467989812 min: -11.449127953842709 max: 0.32727895932221096
Mean: 0.15883634843952074 min: -0.6082557216012391 max: 0.33857483153852536
Mean: 0.11285023319179377 min: -0.6505822953441306 max: 0.40447917678523065
Mean: -1.0069265972988695 min: -11.378709545977092 max: 0.34793821757600973
Mean: 0.11902190988096865 min: -0.6184290470388086 max: 0.3188128201241257
Mean: -1.147342669170772 min: -11.394250485908707 max: 0.29498198156236494
Mean: -0.564520814347357 min: -11.280159855846621 max: 0.3314953468882756
Mean: -1.2211131198314076 min: -11.442085272885135 max: 0.32377856168618196
Mean: -0.3663890690300346 min: -9.966823632653911 max: 0.37385847666600425
Mean: -0.4960842909048722 min: -9.619483774734105 max: 0.3444031158274123
Mean: -0.12428264093529325 min: -1.725341380125489 max: 0.26589789892567695
Mean: -0.5182560699870238 min: -11.459857601975418 max: 0.42235752679794825
Mean: -0.49570945259267757 min: -11.457529444278942 max: 0.30366654753202005
Mean: -0.4866878140891336 min: -11.309556523888123 max: 0.37093336287543244
Mean: -0.011452513446641052 min: -1.1196359731118253 max: 0.3910057267805837
Mean: -0.5014171573780374 min: -10.335377456347148 max: 0.3485717484882537
