Mean: -10.837355809236273 min: -12.630550039840552 max: -5.9611869848226675
Mean: -9.69176507695057 min: -12.139709184502314 max: -5.961438737970759
Mean: -7.776497456094548 min: -11.229198042758057 max: -5.73908202621806
Mean: -7.3454382650036365 min: -12.474135951009021 max: -5.957566620863083
Mean: -8.990798560059627 min: -12.51258175682202 max: -5.954561628170496
Mean: -11.203280726006948 min: -12.468437878295221 max: -5.9607577928781526
Mean: -8.803517012007589 min: -12.739055400627228 max: -5.92908864993983
Mean: -10.861177721263239 min: -10.929230152938578 max: -10.810885144200611
Mean: -10.908888806158554 min: -11.906423114704527 max: -10.67853291175471
Mean: -10.778490933912767 min: -10.925327867346258 max: -10.672973552514302
Mean: -10.756258900520809 min: -10.92588306576678 max: -10.668489074880256
Mean: -10.859148059969371 min: -11.253637575928558 max: -10.809734514764633
Mean: -10.931987267844416 min: -11.701347741975077 max: -10.80974335201904
Mean: -10.8306121989316 min: -10.963403274694333 max: -10.799120722495703
Mean: -10.91153917935272 min: -11.89283694829413 max: -10.809592640675294
Mean: -10.872387727142414 min: -11.067516765264298 max: -10.80970841630511
Mean: -10.886226102379808 min: -11.696525343784629 max: -10.809776169555883
Mean: -11.017401442356292 min: -12.550389888385748 max: -10.80412083147758
Mean: -10.595068321374889 min: -10.929250505951357 max: -5.957941393891791
Mean: -11.025681032050127 min: -12.509184687489395 max: -10.809736823338145
Mean: -10.711815802227148 min: -12.641797441284233 max: -5.961140184722844
Mean: -10.225305091328545 min: -12.452520492451576 max: -5.952546443473918
Mean: -10.647873349306698 min: -12.437443671721592 max: -5.954273186270043
Mean: -10.193720610287125 min: -11.350219263210708 max: -5.957850258794188
Mean: -9.749714933801586 min: -12.622567504694375 max: -5.954294558098863
Mean: -9.265540377467476 min: -12.189396039792959 max: -5.954351774644568
Mean: -9.590989757879159 min: -12.476003277559828 max: -5.954483628117871
Mean: -9.503850296381216 min: -13.343003429283758 max: -5.954036644238802
Mean: -9.456908217050067 min: -12.682345309304136 max: -5.953476299558862
Mean: -9.971100649560016 min: -12.707545211321301 max: -5.95445974866008
Mean: -10.081131620201324 min: -12.6219080528828 max: -5.954315553036641
Mean: -9.15246633180724 min: -12.444586111501728 max: -5.954503024519887
Mean: -9.84110285733351 min: -12.581562237580059 max: -5.952768659112154
Mean: -8.925052032477115 min: -12.561122906260131 max: -5.952843756738231
Mean: -9.90327804568807 min: -12.88123368219957 max: -5.954275742279273
Mean: -9.186271654712957 min: -12.655874827288091 max: -5.954310345354544
Mean: -8.720596976451521 min: -11.776208284215816 max: -4.452656640690678
Mean: -6.969107482563895 min: -11.77761343476617 max: -4.485002175613398
Mean: -6.093330523162679 min: -10.922516712257524 max: -4.423050720548086
Mean: -4.915961897904551 min: -10.76877199840356 max: -4.455161095608715
Mean: -5.151277981389443 min: -10.889490123344418 max: -4.454269883732384
Mean: -5.133393474685315 min: -10.72926238794128 max: -4.45321383081623
Mean: -6.032788634378676 min: -10.856819105122304 max: -4.452828993081573
Mean: -5.77739418020059 min: -10.89394446929181 max: -4.315892254038069
Mean: -5.051661201509885 min: -10.827440534483529 max: -4.31895023096279
Mean: -4.365216445304104 min: -4.468427615971684 max: -4.31574457952385
Mean: -4.364507137910061 min: -4.4646715403835096 max: -4.318941236478056
Mean: -4.923767501290696 min: -10.720083432322381 max: -2.891801709822285
Mean: -3.4971752222188024 min: -4.497347550711924 max: -2.841982611060607
Mean: -3.7023714602350757 min: -10.681226460483174 max: -2.83893124503668
Mean: -2.8732608753343474 min: -2.9063011129979044 max: -2.840251120291184
Mean: -3.6424790771935642 min: -10.676467198423056 max: -2.8489311410092206
Mean: -3.2681999661837553 min: -11.26808325917218 max: -2.772244528286816
Mean: -2.8905551070386126 min: -3.7685520491539255 max: -2.3007902756723437
Mean: -2.8712156004838993 min: -3.25329339647074 max: -2.7680766386318645
Mean: -3.3051426499620176 min: -11.406713742719225 max: -2.308794601674016
Mean: -2.820260456918649 min: -3.216974101495312 max: -2.213882296165517
Mean: -2.811970189823797 min: -3.267453975169149 max: -2.311531174535849
Mean: -3.294145796772299 min: -11.276990971854376 max: -2.194979970052038
Mean: -2.8982457286005823 min: -3.2169655007490583 max: -2.7237956035823903
Mean: -3.2642277878777106 min: -10.317114520392984 max: -2.3592851361418203
Mean: -3.539203248048703 min: -10.306647546693524 max: -2.721522190129752
Mean: -4.645736844715094 min: -10.435101394872245 max: -2.7208254042040654
Mean: -4.543276642783637 min: -10.504052603697499 max: -2.716921267118199
Mean: -3.9392340002419233 min: -10.49439198115851 max: -2.4001232547083773
Mean: -4.573486046158264 min: -10.745025440384712 max: -2.33939948910028
Mean: -2.391973399598999 min: -2.4123362743156607 max: -2.3636995528913913
Mean: -2.8143626005423306 min: -10.793690263648394 max: -2.374646997116855
Mean: -3.1989101372864344 min: -11.332411166365269 max: -1.6496194580054957
Mean: -3.7641132914717432 min: -11.849509150613153 max: -2.376139877528643
Mean: -2.3711414811326614 min: -2.7427452643621493 max: -1.5740593426899712
Mean: -4.182081692061521 min: -11.604013248831924 max: -2.3320139104193442
Mean: -5.722049141060053 min: -11.25443589577231 max: -0.301713520570805
Mean: -10.092283313808498 min: -11.806303275236186 max: -0.32177535219332537
Mean: -10.19028285907244 min: -11.901463567523939 max: -0.3051328610653985
Mean: -10.135920416852363 min: -11.368558039188027 max: -0.3022238809691903
Mean: -10.257224870135769 min: -11.338265876780248 max: -0.3250844318115117
Mean: -11.210675906681203 min: -11.249539007872514 max: -11.17479153936302
Mean: -11.218047712478375 min: -11.337306466683746 max: -11.181428239785733
Mean: -11.227620322753898 min: -11.329457961424215 max: -11.190017376960038
Mean: -11.213321563563518 min: -11.286146530371276 max: -11.140810435649655
Mean: -11.225800485152941 min: -11.373201803869415 max: -11.173890589074263
Mean: -11.215635304662971 min: -11.284605252104136 max: -11.148090819033996
Mean: -11.21794863439067 min: -11.247298508588054 max: -11.15701714392056
Mean: -11.203705288403444 min: -11.280385527979885 max: -11.002033716941517
Mean: -11.174866020512896 min: -11.863947383829554 max: -9.191304036386528
Mean: -11.214289418601203 min: -11.318958987012497 max: -11.145970372531393
Mean: -10.631969031853284 min: -11.277291541745054 max: 0.5345945744264881
Mean: -7.4032914868745054 min: -11.743914910073519 max: 0.5433477951524552
Mean: -5.913277248574849 min: -11.14550769331379 max: -0.2755373496864778
Mean: -2.5434278189798514 min: -11.872724226140697 max: -0.2534677953652815
Mean: -1.9623491214405973 min: -11.27668571889918 max: -0.18549605209637451
Mean: -0.3383851029210918 min: -0.6755329671405731 max: -0.20004561694351947
Mean: -2.5476356798276476 min: -12.033169338313114 max: -0.15928945398549985
Mean: -2.4788365207489824 min: -11.647432577062274 max: -0.09538316582381275
Mean: -0.17391959363081125 min: -0.22609335438839745 max: -0.10638615831480842
Mean: -0.17897164571508456 min: -0.5540389358481729 max: -0.0924879484878554
Mean: -2.487030389993798 min: -11.850790039859358 max: -0.08946039469336846
Mean: -0.19111838714885981 min: -0.5153175771347234 max: -0.10316936621055106
Mean: -1.8684865711426586 min: -12.320496259911538 max: -0.051618532991811884
Mean: -1.897509482063472 min: -11.924824520181206 max: -0.10118215450953268
Mean: -2.003053323183076 min: -11.3112586981544 max: -0.10650620692295969
Mean: -0.8587571021730774 min: -11.282934806104485 max: -0.10229272135795792
Mean: -1.8158071966712281 min: -11.26898266524483 max: -0.08577585923024256
Mean: -1.2168551360658555 min: -11.203933467649287 max: -0.12395003058499962
Mean: -1.1972910990965213 min: -11.224716239000902 max: -0.08946976025103655
Mean: -1.328617799550692 min: -11.603244872773896 max: -0.1010290009959065
Mean: -2.9220545194841145 min: -11.296010005443451 max: -0.10768549818412045
Mean: -2.4667436644505774 min: -12.309366685465834 max: -0.09521214606290382
Mean: -3.642991393031944 min: -11.778873845208139 max: -0.14279939048800644
Mean: -4.598070698529909 min: -11.776501816276712 max: 0.3268800354650777
Mean: -5.209741635309099 min: -11.769327067886005 max: 0.33017934235864466
Mean: -5.788795064842893 min: -11.762350888574423 max: 0.25198832338113136
Mean: -3.9434509307210446 min: -11.729685413858178 max: 0.2936290046159788
Mean: -4.178649559803024 min: -11.78346821222239 max: 0.40749266109964777
Mean: -0.8123216464696463 min: -11.488794547828489 max: 0.4355458838350667
Mean: -1.9999223397828818 min: -11.45009020420273 max: 0.3915344565093368
Mean: -0.13722367347091152 min: -10.004540182498724 max: 0.49079696897162856
Mean: -0.7755947715483364 min: -11.352688504933983 max: 0.4575096919337569
Mean: 0.4088553549834065 min: 0.34897784907247503 max: 0.5158611541175259
Mean: 0.3930290273728929 min: 0.3332684129464207 max: 0.49652026207752925
Mean: -0.7630173040335959 min: -11.291668876013846 max: 0.4811158547943103
Mean: -0.3233217833568575 min: -11.150381334536005 max: 0.44260478093201705
Mean: -0.7331876913823523 min: -11.200312674289895 max: 0.4764049299933388
Mean: 0.3779039887020557 min: 0.318623951195589 max: 0.4894662931762296
Mean: -0.1002727585196029 min: -9.44712397335344 max: 0.49721533466655765
Mean: -1.9619437930006747 min: -11.21110018880289 max: 0.4884875076232309
Mean: -0.7844461695926171 min: -11.200317579249695 max: 0.47322108704938154
Mean: -1.3187072784436604 min: -11.717213347386183 max: 0.43604623468580495
Mean: -1.956447205802594 min: -11.27182756334168 max: 0.4719496336882485
Mean: -0.6075748317058595 min: -11.285697965408879 max: 0.5122896878686792
Mean: -0.530045870862865 min: -10.905054119896873 max: 0.43023525152506076
Mean: -0.4036240795845279 min: -11.538503906841417 max: 0.5460316138188694
Mean: 0.08070652685703196 min: -1.625646384353594 max: 0.5409769064031706
Mean: 0.045008667560636526 min: -1.109786239262933 max: 0.5423695752702956
Mean: -0.9932433455392928 min: -11.642273644275747 max: 0.5331317950974745
Mean: -0.5461421993427249 min: -11.175679371811857 max: 0.5238145990684908
Mean: -0.4844133802651629 min: -11.190394784952073 max: 0.44717771395931927
Mean: -0.5518173797830088 min: -11.253930395837479 max: 0.5032882279384597
Mean: -0.36740421677892354 min: -10.458595411849664 max: 0.5468658770456436
Mean: -0.4398652070808081 min: -11.232100372889873 max: 0.381325897312941
Mean: -1.9460796685547765 min: -11.208002064091438 max: 0.5525825858860511
Mean: -4.354291214393557 min: -11.861715284757103 max: 0.47198373619088374
Mean: -1.480306732758424 min: -11.818488151057272 max: 0.45521407568517347
Mean: -0.9924787641774969 min: -11.86435120917313 max: 0.6297149168622668
Mean: -0.9890067978781026 min: -11.82999818199151 max: 0.5743854469740156
Mean: -1.3613607802110352 min: -11.825049835260613 max: 0.5123311411232089
Mean: -1.1528529989826504 min: -11.41317739874519 max: 0.5099412956965192
Mean: -0.6733847179509153 min: -2.29414418675611 max: 0.5406591842513281
Mean: -2.1051110411694003 min: -10.820813252167447 max: 0.553830737507116
Mean: -1.624075053780638 min: -10.827076674048628 max: 0.5680840378254571
Mean: -1.7370189318076688 min: -11.836742211261578 max: 0.5739855787175262
Mean: -0.8928142499419562 min: -1.8366223720958068 max: 0.37074104501679
Mean: -1.009636472379889 min: -2.294300619473286 max: 0.5725310907251484
Mean: -1.5351622765628936 min: -4.7674026272237695 max: 0.5613075687143799
Mean: -2.4433047320287598 min: -11.596515478506738 max: 0.6493596136437343
Mean: -2.9732136276823833 min: -11.281836836544997 max: 0.4875857591107285
Mean: -2.18554959436241 min: -11.694162630774102 max: 0.5448382046485751
Mean: -4.159032088492727 min: -11.302906237600993 max: -1.812940084272291
Mean: -2.4195877956925513 min: -10.842208031253739 max: -1.8138886716287232
Mean: -4.202077003288936 min: -11.44219865733551 max: -1.812979559489149
Mean: -2.810330864382523 min: -11.660620424926044 max: -1.817050389406637
Mean: -2.2771214710290457 min: -11.128737597918555 max: 0.3864482046740547
Mean: -3.3521130283936733 min: -11.411339077084216 max: -1.8314474086836336
Mean: -2.6927530250957927 min: -11.328874785380531 max: 0.25329081554170024
Mean: -2.8871317019832397 min: -11.290965751086084 max: 0.42600547564429003
Mean: -2.425556561432875 min: -11.193962874001162 max: 0.4843766377031448
Mean: -2.062743010328732 min: -11.292290445301287 max: 0.3936563909407508
Mean: -4.1043231542470995 min: -11.914977710863063 max: 0.4431226072837555
Mean: -3.148872071247775 min: -11.201173388899488 max: 0.3936426860934395
Mean: -2.6032572654397925 min: -11.310407073185267 max: 0.41764056112719555
Mean: -1.9065827335753567 min: -11.29145761863054 max: 0.41187095580311267
Mean: -1.2614235079002603 min: -11.5907663594528 max: 0.39468384690920383
Mean: -1.2656414291709273 min: -10.335884203748327 max: 0.4443748366906334
Mean: -2.388537383516102 min: -11.298423038743042 max: 0.4471744218076441
Mean: -1.027957194964949 min: -11.271087196042346 max: 0.4031206951660349
Mean: -1.3169793446188198 min: -10.443129206712271 max: 0.3998712461873666
Mean: -3.708558680496074 min: -11.299325798370608 max: 0.4207146370849234
Mean: -1.386317833421976 min: -11.208789830913563 max: 0.41465205053267157
Mean: -2.994391577275143 min: -11.240788726839952 max: 0.4003336771931081
Mean: -1.8188198098691484 min: -10.68213204049808 max: 0.4361424317076835
Mean: -1.8668887093140216 min: -10.486990027170886 max: 0.4493469365501937
Mean: -4.856801407149332 min: -11.429103746191545 max: 0.4406598413198681
Mean: -1.8741632468793625 min: -10.399632175823694 max: 0.4347054936808542
Mean: -1.9050532291801363 min: -11.803265658788805 max: 0.3959442312728575
Mean: -3.0652062826106117 min: -11.315809436676014 max: 0.47939029157788754
Mean: -2.4679677437809966 min: -10.354073982095825 max: 0.4084439025444958
Mean: -3.0645413252695426 min: -11.813835452172176 max: 0.45923090709995884
Mean: -2.0342570569608722 min: -11.91707028803722 max: 0.28584040044939496
Mean: -1.3389649968202897 min: -10.418882421869483 max: 0.46272284613566733
Mean: -0.2531921580764132 min: -10.417629904492182 max: 0.4352165175110646
Mean: -2.5348941796176234 min: -11.526215368946346 max: 0.39953438591304347
Mean: -2.4493116747520545 min: -11.901877628683255 max: 0.451042462711689
Mean: -0.423229430464046 min: -10.393259127961018 max: 0.4996523626884548
Mean: -1.9830649519541563 min: -11.82010285003867 max: 0.46228411653400703
Mean: -0.8164584189396817 min: -10.394391761579916 max: 0.3159088631138306
Mean: -1.3923777220375553 min: -11.565173716595542 max: 0.44159998374649323
Mean: -2.9443949082134186 min: -11.336888836328619 max: 0.49064172299917774
Mean: -3.519497902113526 min: -11.822448828219782 max: 0.4724607597186291
Mean: -4.532006052984036 min: -11.470744281903007 max: 0.46135590185524294
Mean: -4.541730455066185 min: -11.232528135953803 max: 0.4902311746670075
Mean: -3.5643664065067737 min: -11.314685522923087 max: 0.4380847701732666
Mean: -2.648479907161352 min: -11.295278617090906 max: 0.41727898913213735
Mean: -4.8776796271105205 min: -11.76157501931188 max: 0.49183378586525883
Mean: -2.616474487523713 min: -11.71513102992577 max: 0.4519101141005761
Mean: -1.900806557749443 min: -11.322296655536471 max: 0.4521889154549043
Mean: -3.0052027395674505 min: -11.38498543309679 max: 0.29506088341032627
Mean: -1.9742329134031003 min: -11.614915831641499 max: 0.3168061707715615
Mean: -3.6814976986456585 min: -11.27377686985458 max: 0.2985647563176574
Mean: -4.736690772514832 min: -11.46928889841268 max: 0.48467907614915
Mean: -2.5785602379735857 min: -11.320541236010303 max: 0.42102304310840505
Mean: -0.3211678161544686 min: -11.157685724635328 max: 0.4163289657939179
Mean: -0.29538903441908415 min: -10.991564091837114 max: 0.41976593476116586
Mean: -1.386352928183058 min: -11.886206315595059 max: 0.4312093804735729
Mean: 0.06448345167456769 min: -3.9538099373793467 max: 0.4138553909865708
Mean: -0.27667623889453197 min: -11.329156569163057 max: 0.44156962368748087
Mean: 0.25017521347484917 min: 0.20025752022542534 max: 0.3039776310378119
Mean: -0.7574633302908965 min: -11.090672430619586 max: 0.43261416776839456
Mean: -0.8943852858002692 min: -11.353341074652251 max: 0.45147651646243303
Mean: 0.3300239948108625 min: 0.2254824060029961 max: 0.4440750317432254
Mean: 0.2925118924839173 min: 0.20861784714038367 max: 0.421643231141445
Mean: 0.3106782148719138 min: 0.2070922407125322 max: 0.45619968087900337
Mean: -1.4921035570296288 min: -11.88356156180122 max: 0.44747056166930754
Mean: -0.8630327674467753 min: -11.375714980927981 max: 0.4738230454216559
Mean: -1.7411795708463003 min: -11.43399438035738 max: 0.416726755526866
Mean: -1.551739116847587 min: -11.52175208840936 max: 0.4279867350302631
Mean: -0.5702888913381519 min: -11.236806614034581 max: 0.45634031368344763
Mean: -0.6547361416186991 min: -10.984687232265863 max: 0.5086047380324675
Mean: -0.07873650962076148 min: -1.8349468258832238 max: 0.5269167040875018
Mean: -0.5090376638921914 min: -1.8360871693109377 max: 0.5434581549752847
Mean: -1.7279803573729933 min: -11.199436958426022 max: 0.5228344777724975
Mean: -1.6617741010453273 min: -11.834032462979684 max: 0.5422690037948148
Mean: -2.2720460873125186 min: -11.598933931962627 max: 0.3592318977204427
Mean: -1.9143126301330031 min: -11.234233665385489 max: 0.5410012915613985
Mean: -3.058371614750492 min: -11.226235196994185 max: 0.5357607759517238
Mean: -3.6839304102083994 min: -11.257243030871447 max: 0.486942873473059
Mean: -6.5669922975329715 min: -11.31974210687336 max: 0.511836094624886
Mean: -9.530612570619649 min: -11.212091042348495 max: 0.42513667679375783
Mean: -7.793797856941447 min: -11.411791097654866 max: 0.44416918717815795
Mean: -6.6351961513966575 min: -11.832386840944645 max: 0.4898283292729105
Mean: -8.299819731200614 min: -11.386696694895946 max: 0.44402935243801994
Mean: -10.034208967764371 min: -11.290889053354059 max: 0.4400505654495684
Mean: -10.038004249798915 min: -11.259249624650359 max: 0.46381064296582125
Mean: -10.127651042377398 min: -11.871583021839694 max: 0.32928249782092345
Mean: -10.846013181825187 min: -12.087060982200898 max: 0.4637775869521224
Mean: -9.03825127176778 min: -11.47705879626256 max: 0.33486448181492123
Mean: -11.221704441213761 min: -11.669473308656984 max: -11.144233014459244
Mean: -9.679592025363489 min: -11.262765467002945 max: -0.3553038933601818
Mean: -10.232897564395586 min: -11.785161347408105 max: -0.3581656317960757
Mean: -9.740815374507257 min: -11.328207245325302 max: -0.8999946071617211
Mean: -8.627714025557978 min: -11.428885894020908 max: 0.4517121424478482
Mean: -7.550173599205782 min: -11.307797531046491 max: -0.33657055648102535
Mean: -8.530109178335474 min: -11.360387326593433 max: 0.4263410170221857
Mean: -0.6962095501610926 min: -11.195091038798903 max: 0.4815280498963845
Mean: 0.20445788134639953 min: -3.257175808035219 max: 0.4751696146407658
Mean: -0.9926969849412224 min: -10.639608707815471 max: 0.5059796663585483
Mean: 0.06565391506098416 min: -2.0612908383055437 max: 0.48149979097576584
Mean: -1.2433951537004613 min: -10.726090589777995 max: 0.4529231855086215
Mean: -0.9812073080514414 min: -10.680705576386444 max: 0.4889533767488085
Mean: -1.1393276737700848 min: -10.74823252808962 max: 0.4810914649079257
Mean: 0.021486159211562293 min: -2.010264902394007 max: 0.4782311686512249
Mean: -0.6878387500753316 min: -10.691822200906053 max: 0.47540951939385506
Mean: -2.914690114593738 min: -11.721639844961029 max: 0.4848381088214974
Mean: -1.7785482955434702 min: -12.114821921545815 max: 0.5029326718227642
Mean: -1.1462485202635566 min: -11.534490967882444 max: 0.48926416283484364
Mean: -4.008449371185741 min: -11.299185691007278 max: 0.471805162730417
Mean: -3.2664728641457534 min: -11.362343635422798 max: 0.5037877698705155
Mean: -3.2568021215933927 min: -11.35645676684963 max: 0.47280228750897085
Mean: -3.66953559515607 min: -11.95229057891455 max: 0.4799905594333786
Mean: -4.002929213481075 min: -11.241079645453084 max: 0.4768452519182441
Mean: -4.436950417370552 min: -11.257259989261982 max: 0.48242092684539967
Mean: -4.501749813374913 min: -11.268525952204095 max: 0.47550770320681207
Mean: -5.64660776898167 min: -11.256991850018535 max: 0.4789721338097628
Mean: -5.934429963892624 min: -11.339908807587463 max: 0.4622093502545112
Mean: -5.160466499442913 min: -11.256477210508525 max: 0.47891856234303304
Mean: -6.479874789034946 min: -11.26276081733229 max: 0.4797872958686148
Mean: -6.414424299249632 min: -11.242275106836006 max: 0.46779235950938763
Mean: -8.00253302495201 min: -11.80555616650688 max: 0.4649445568976435
Mean: -9.059867442108123 min: -11.314001660295526 max: 0.46740116908130347
Mean: -8.012895645271627 min: -11.303697388022673 max: 0.4846192014394639
Mean: -9.659369576644417 min: -11.824884943149838 max: 0.4534871411634335
Mean: -7.919474943726277 min: -11.389275530483063 max: -1.7334432323767506
Mean: -10.772647768494148 min: -11.45168762318406 max: -1.7892154231337676
Mean: -10.355627223671457 min: -11.820733938892083 max: -1.7728567088549085
Mean: -10.398991387638464 min: -11.446839431931188 max: -1.7746989001060305
Mean: -9.288368440193036 min: -11.456752749514228 max: 0.49076930233630717
Mean: -9.704571319857873 min: -11.502940843570219 max: 0.5599600534470615
Mean: -8.795722361872143 min: -11.641100407050912 max: 0.4392648777364422
Mean: -9.385820411657942 min: -11.4584226766441 max: -0.39847596625329995
Mean: -10.010510993352117 min: -11.70542560610969 max: -1.8008137469085177
Mean: -9.566952837335197 min: -11.805028726091487 max: -1.7720248031563985
Mean: -8.822238852667052 min: -11.454704743540594 max: 0.5567193782152344
Mean: -4.608934558980549 min: -11.421940635912035 max: 0.5528070634439116
Mean: -2.453720501708464 min: -11.328015138052123 max: 0.5920005883852871
Mean: -10.744486831875289 min: -11.459722641417297 max: 0.539108516167076
Mean: -5.990571729996164 min: -11.476538879921028 max: 0.5663946042688958
Mean: -0.11512130167787404 min: -9.967521380320106 max: 0.5732792950879905
Mean: -1.9970063601514199 min: -11.806534008416666 max: 0.5997843668715038
Mean: -1.3812821626477974 min: -11.404990348620158 max: 0.5965953326886876
Mean: -1.374979006656917 min: -11.713002353828132 max: 0.6222375087915538
Mean: -1.5525775758061016 min: -11.951846974662919 max: 0.5542110955091296
Mean: -1.5256563748664718 min: -12.045161551689514 max: 0.6335212570303705
Mean: -0.9190658009895387 min: -11.294807793731842 max: 0.5637886545690768
Mean: -1.3034798930662883 min: -11.286806455292448 max: 0.5821462183753654
Mean: -1.5550511875542405 min: -11.221907615426638 max: 0.5795675917038581
Mean: -0.9737074110495054 min: -11.787525389597068 max: 0.5948475495982617
Mean: -3.1009120707289015 min: -11.832801628986857 max: 0.5630377388134887
Mean: -1.5582727885060286 min: -11.425971665891385 max: 0.5659603071003474
Mean: -1.6670527611731707 min: -10.96073446664486 max: 0.5927361242726576
Mean: -1.3816698770903404 min: -11.356173292521309 max: 0.6077790921469262
Mean: -1.2977521215448533 min: -10.854592580155234 max: 0.5619174940342265
Mean: -2.305662048400373 min: -11.423010447398603 max: 0.6574965146151183
Mean: -2.8943090643433385 min: -11.379153676839211 max: 0.5638782826132084
Mean: -2.052945801126024 min: -11.786163657092944 max: 0.6070143859570475
Mean: -2.7250074917351776 min: -11.504825033544662 max: 0.5610494189512041
Mean: -1.4725455406046917 min: -11.315182960832184 max: 0.561357117175354
Mean: -0.8047678994224359 min: -11.554240897910061 max: 0.6581229623717785
Mean: -1.683607719757788 min: -11.503502202690449 max: 0.563915693258494
Mean: -1.5414270056073964 min: -11.304560925484342 max: 0.5311888566405523
Mean: -1.5127551719493835 min: -11.850988331824691 max: 0.5680178464653535
Mean: -2.612042833509874 min: -11.318310535304942 max: 0.6021563021077203
Mean: -2.1126022815554677 min: -11.554494371669232 max: 0.5888209694550232
Mean: -0.6070347940778509 min: -10.900709962277924 max: 0.5951019272816436
Mean: -0.9797235655827368 min: -11.636972800465514 max: 0.5725769591720391
Mean: -3.241041855509283 min: -11.385975112199306 max: 0.6402929784464823
Mean: -2.1048973481682327 min: -11.398092014786064 max: 0.58591663258806
Mean: -2.4840981936015947 min: -11.250428159249548 max: 0.5816230819558191
Mean: -2.4406897921767423 min: -11.277255781586135 max: 0.5729480381540473
Mean: -0.6913437575042939 min: -10.841456561452746 max: 0.5666373025836783
Mean: -4.1491174172854555 min: -11.406586718541353 max: 0.5525224376717315
Mean: -2.0520244490211494 min: -11.853250118971669 max: 0.591702350397238
Mean: -2.7898436967889926 min: -11.55410590029132 max: 0.5830331332299532
Mean: -3.9194914413666466 min: -12.321443816564233 max: 0.5719846459829143
Mean: -2.3211446953877575 min: -11.333553316004888 max: 0.6046826915352921
Mean: -2.660297972090977 min: -11.488329556625192 max: 0.585988792460411
Mean: -1.4099509036605722 min: -10.887996373063304 max: 0.5735035473218382
Mean: -1.8599445369629144 min: -11.334204200543708 max: 0.5765525120032062
Mean: -1.8047764798235277 min: -11.565116026248797 max: 0.5615965278759076
Mean: -1.2176115650558106 min: -11.396678060311276 max: 0.5926379348073675
Mean: -2.262137316573499 min: -11.52131948152221 max: 0.5562973864064614
Mean: -1.2172744600674243 min: -11.458805483311318 max: 0.6099377660121247
Mean: -1.9282590709770937 min: -11.46311829971604 max: 0.5866627850705465
Mean: -2.5196712826419168 min: -11.526326689946217 max: 0.5999377828824394
Mean: -0.28690696610278843 min: -11.387947753799649 max: 0.5536105603789194
Mean: -0.7991468521317282 min: -11.268896023657472 max: 0.5756103422530805
Mean: -2.5050165254215164 min: -11.413519521094651 max: 0.570494244646657
Mean: -3.8526473884007353 min: -11.756422323960628 max: 0.5641739055963374
Mean: -3.017623108019665 min: -11.341718211521968 max: 0.5931730959989939
Mean: -2.689970247390602 min: -10.78037193981646 max: 0.7451443480329786
Mean: -6.061509364065404 min: -11.291421247356702 max: 0.6913729310527428
Mean: -4.632297582253813 min: -11.391453572549864 max: 0.6783004775119592
Mean: -4.513824657011296 min: -11.087041118445525 max: 0.8581290867237138
Mean: -5.4391574211929115 min: -12.116628344037256 max: 0.9021457600142405
Mean: -3.5240227333891894 min: -11.275371862805953 max: 0.7633660874731328
Mean: -3.1959646425208583 min: -11.48170304027049 max: 0.6546804350602391
Mean: -3.0499344624167337 min: -11.480617462788171 max: 0.8223924391173881
Mean: -2.3455256417047763 min: -11.51867188113648 max: 0.755166856143635
Mean: -3.7355779525456057 min: -11.458014366088793 max: 0.7759031260148829
Mean: -3.9775455629786194 min: -11.806313656696874 max: 0.677664291754724
Mean: -5.473261287111015 min: -11.881268833706422 max: 0.7323449412268049
Mean: -4.409588678733715 min: -11.818342273766806 max: 0.6953016210072467
Mean: -2.201419560885352 min: -11.171444647579818 max: 0.6955180773061668
Mean: -2.0618669359502677 min: -10.94204993964628 max: 0.8580133220417077
Mean: -1.2486091506481616 min: -11.16699848242544 max: 1.1642412018063284
Mean: -1.9426996757320925 min: -11.75673213168377 max: 0.8524037862739825
Mean: -1.7044086520685844 min: -11.77614024178332 max: 0.7953191631809189
Mean: -1.3955656387564679 min: -10.802834617318629 max: 0.7527253501144939
Mean: -1.7433246060077994 min: -11.192566767064141 max: 0.8138027983959752
Mean: -4.23991406008898 min: -11.445285195214108 max: 0.7768507365672832
Mean: -1.8134230388876322 min: -11.660141278308018 max: 0.7532939022637731
Mean: -2.255470815047848 min: -11.426706474332823 max: 0.7158072249670547
Mean: -1.3855145353106233 min: -11.699542946701776 max: 0.8093051854575006
Mean: -3.7617229949714535 min: -11.45936733417361 max: 0.8590955521380133
Mean: -0.5170007445915841 min: -9.620468623060878 max: 1.1828660189548186
Mean: -2.0352891555494383 min: -11.192762966694938 max: 0.7853805703721158
Mean: -0.8342502962727526 min: -10.85411589026127 max: 0.7999442839416724
Mean: -3.114966992201478 min: -12.125606382207353 max: 0.57556351055696
Mean: -3.470768748405626 min: -11.51782640844539 max: 0.7677825468798891
Mean: -3.1599294197515393 min: -10.831559268260953 max: 0.7473761929709436
Mean: -5.443226591248637 min: -11.461887288172278 max: 1.22180302570421
Mean: -3.5075794087659475 min: -11.249821608559724 max: 0.6098274271707218
Mean: -6.771889718936163 min: -11.380985316091058 max: 0.6661161408828902
Mean: -7.682665437740811 min: -11.461074847632057 max: 0.6300762972933522
Mean: -7.092533130452786 min: -11.68060711671785 max: 0.6128115523061809
Mean: -3.627041275579825 min: -10.98636751624561 max: 0.7554571459751006
Mean: -3.7287313132020152 min: -11.8575544461227 max: 0.6052536876689325
Mean: -3.6273993888556015 min: -11.89263976880025 max: 0.7026822714741202
Mean: -3.6902975695841085 min: -11.779986062002854 max: 0.6487766703816334
Mean: -5.198528092593245 min: -11.278126471016336 max: 0.671262680142063
Mean: -4.6563309585234505 min: -11.52920614666461 max: 0.6921757674694246
Mean: -3.4429536817557276 min: -11.313573896685943 max: 0.6657079604229188
Mean: -3.8147117487661086 min: -11.47127800619594 max: 0.7933235105624813
Mean: -4.483660485443776 min: -11.012338487421653 max: 0.8372366232688758
Mean: -4.687883958692477 min: -11.456686629732587 max: 0.8125322780114934
Mean: -1.711781724399605 min: -10.667641340640264 max: 0.7971234457698002
Mean: -2.89642155753761 min: -10.783912086547854 max: 0.9678692069006596
Mean: -2.638871907836237 min: -11.58723915028498 max: 0.8195089454355025
Mean: -1.826821827117622 min: -11.469630283182248 max: 0.7815765277517392
Mean: -5.567103137344794 min: -11.570645274433264 max: 0.8430538270588314
Mean: -5.131193823590481 min: -11.389726870068097 max: 0.7861444134696164
Mean: -1.851871429737492 min: -11.528404306966388 max: 0.8511540054716947
Mean: -2.8774795054243976 min: -11.570348089178417 max: 0.8684882428515441
Mean: -1.0609816477930376 min: -10.931064571981743 max: 0.7840345512942459
Mean: -1.2618747004311648 min: -10.493219058752844 max: 0.7110158337552799
Mean: -1.9208053816177713 min: -11.270470747379086 max: 0.7626990312902081
Mean: -3.2832541616746425 min: -11.385750464825119 max: 0.8355971488857716
Mean: -1.741497610993483 min: -11.27855933473858 max: 0.8165986724071873
Mean: -1.32158900096484 min: -10.938345131730081 max: 0.756374352456108
Mean: -2.05206005168349 min: -11.480011561633205 max: 0.7737246891238765
Mean: -3.1469128208429664 min: -10.83678717912338 max: 0.7874285159751979
Mean: -1.6200464650040238 min: -10.590474084892723 max: 0.7972460412596243
Mean: -1.733011930095938 min: -11.488985994649807 max: 0.8354287861575256
Mean: -4.105869429537743 min: -11.665376055204959 max: 0.8584010589606599
Mean: -1.6205879878007228 min: -11.280151925746797 max: 1.0246950376252524
Mean: -1.3677633167504784 min: -9.283378558845609 max: 0.7966318835730112
Mean: -1.382528875704058 min: -11.484851730488476 max: 0.8255317729253351
Mean: -0.1938704607720955 min: -11.34922833015082 max: 0.7983257568274965
Mean: -1.6949420696823339 min: -11.483552367132798 max: 0.7458059105285362
Mean: -2.8966672193353893 min: -11.535187819411478 max: 0.6171925632337069
Mean: -2.1367244743942115 min: -10.466747733774472 max: 0.7565072008449938
Mean: -2.038199857641751 min: -11.149162570606817 max: 0.7507921234370731
Mean: -2.497290415517528 min: -11.305913863699928 max: 0.7073629172507588
Mean: -5.954780200612379 min: -11.718046777520232 max: 0.6757091443179118
Mean: -2.717605677678667 min: -11.359091877300484 max: 0.6073375421663396
Mean: -4.212442855799715 min: -11.55906773527915 max: 0.7195590289029117
Mean: -4.925919297500695 min: -11.663181360950832 max: 0.6175180485700328
Mean: -1.814005175819931 min: -11.309191982461508 max: 0.7197679936071976
Mean: -0.26704791640089126 min: -11.209143394192917 max: 0.9121363698658191
Mean: -2.4327303538442218 min: -12.151622897885652 max: 0.8353436930093115
Mean: -2.3063975968685364 min: -11.480991583816186 max: 0.7969204309824901
Mean: -2.772951197191884 min: -11.437043765397098 max: 0.8322070099456135
Mean: -5.477482552956261 min: -11.529698950677664 max: 0.7506677283914809
Mean: -1.6071220958055412 min: -10.788399694032051 max: 0.7679571322111955
Mean: -4.336691487138049 min: -11.922779965525459 max: 0.6521059201247218
Mean: -0.8205491446884718 min: -11.587053618171097 max: 0.8086819911991057
Mean: -2.86686237038352 min: -11.136368446483607 max: 0.6639915828221395
Mean: -2.584519568427017 min: -11.355012938743295 max: 0.8697254951699436
Mean: -1.6429982872224802 min: -11.641718862426758 max: 0.7846313207530289
Mean: -1.2717243598831571 min: -11.202739570211282 max: 0.7767858637092134
Mean: -0.7890767015722849 min: -11.619130437700116 max: 0.6644832667329336
Mean: -1.3349691945446216 min: -11.387522391274608 max: 0.6629642592374025
Mean: -1.2334775278392298 min: -10.828952360321054 max: 0.7099300350367517
Mean: -3.979397332290948 min: -11.445200143451737 max: 0.6186925363102795
Mean: -0.9403414832802829 min: -9.61897546245079 max: 0.7216985706855853
Mean: -1.4253471227038959 min: -11.778214063966146 max: 0.8116899908126604
Mean: -1.9529381742929417 min: -11.261024050597518 max: 1.0669393777935634
Mean: -1.589491256214862 min: -11.228089683876869 max: 0.7552060185269571
Mean: -1.5524018337844983 min: -10.761681324990494 max: 0.7189604193737672
Mean: -3.505232154868113 min: -11.350214506745395 max: 0.8309523388605923
Mean: -3.4074111279022192 min: -11.54755838574047 max: 0.9313310293925342
Mean: -3.904024951004387 min: -11.316800757963323 max: 0.6634173761462777
Mean: -2.357241884303549 min: -11.726453030955604 max: 0.677887758729843
Mean: -1.7225854283058424 min: -11.281983706215664 max: 1.18508874602755
Mean: -2.9447801153466497 min: -11.61258492998217 max: 0.7181989507422765
Mean: -0.06299753400684521 min: -9.007746972003122 max: 0.7209150608095177
Mean: -1.4834751986872166 min: -11.548929303731763 max: 0.8074213063999232
Mean: -1.6884413782254992 min: -11.319084540115192 max: 0.8574670978480353
Mean: -1.2496596007420857 min: -10.798271620676356 max: 0.7543819395736565
Mean: -1.5882174316390931 min: -11.27452605346461 max: 0.6325823554689114
Mean: -1.9612706586171036 min: -11.067305057642365 max: 0.7873935957536243
Mean: -2.7460513034429264 min: -11.501356803655662 max: 0.682019517818269
Mean: -0.6459279110252801 min: -11.35845692742221 max: 0.8353871537996637
Mean: -4.203725987607898 min: -11.409632388183796 max: 0.6824688924186376
Mean: -1.172671736702572 min: -11.465580001003941 max: 0.6662258649096436
Mean: -0.6951033397478072 min: -11.576529435591588 max: 0.7022927872655377
Mean: -1.950667261556219 min: -11.330308709042544 max: 0.7994693000435478
Mean: -1.2736293188068022 min: -11.569030752211745 max: 0.8017874908600696
Mean: -1.3049802338820728 min: -11.628317442464324 max: 0.7831344280595297
Mean: -2.2239924481018205 min: -11.751955532134252 max: 0.6153902602657217
Mean: -1.058174263644843 min: -11.435201109800145 max: 0.82147837609782
Mean: -1.5398101568646543 min: -11.409951523139135 max: 0.6272621139124812
Mean: -1.602899348823621 min: -11.366150337493831 max: 0.6243490888746344
Mean: -0.33066143036626217 min: -9.652953423272438 max: 0.7850384532882111
Mean: -2.440953608130615 min: -11.65780117607273 max: 0.797870438475497
Mean: -1.3400668774134916 min: -9.342162139393595 max: 0.7389111009460643
Mean: -1.7877904459749865 min: -11.465958055022474 max: 0.7959937336346514
Mean: -0.7828984415656799 min: -11.47763624381217 max: 0.7582214209018802
Mean: -0.6950468647641023 min: -11.49153803079611 max: 0.7191198978958858
Mean: 0.4577061779375229 min: 0.09252352093736309 max: 0.6933902825125786
Mean: -1.7153246464887524 min: -11.629327186028442 max: 0.8198907905790135
Mean: -0.6505505322142683 min: -10.206671315884185 max: 0.9092164579171866
Mean: -1.6949733178929756 min: -11.173111131048968 max: 1.1114409105787157
Mean: -2.501931563644841 min: -11.751431612131066 max: 0.7468104614625288
Mean: -0.5512803036328148 min: -10.17051673740713 max: 0.7500883624542994
Mean: -1.6677376991174664 min: -11.480877171959802 max: 0.8551966034762283
Mean: -1.6181260675626958 min: -11.288321470434559 max: 0.771231167609704
Mean: -0.13339772191023092 min: -9.494196704570394 max: 0.6643141887861834
Mean: -1.7284947199683252 min: -11.540424527936965 max: 0.5993721000139585
Mean: -2.9595240855596265 min: -11.768379661378665 max: 0.6579264612651446
Mean: -0.9144189709106904 min: -10.05769814596539 max: 0.7107008655842734
Mean: -1.0908187892911034 min: -9.538145995477667 max: 0.8445286646421053
Mean: -1.198040949853373 min: -11.944337246673076 max: 0.6855418973678854
Mean: -1.3962343864987228 min: -11.430792181026003 max: 0.7718620907770587
Mean: -1.4283158668870124 min: -11.493820626006121 max: 0.736781530067257
