Mean: -11.380284831579688 min: -11.953601591895211 max: -10.644309071076727
Mean: -8.853695193321974 min: -10.848065808041518 max: -3.236046864090474
Mean: -4.635811560717754 min: -10.807902944392923 max: -3.2595467951400257
Mean: -6.789983073292174 min: -10.720619629935126 max: -3.434272605589807
Mean: -3.974571257189825 min: -10.35471202920145 max: -2.561777793331803
Mean: -6.4918668610146 min: -12.107817603698802 max: -3.262298795511123
Mean: -4.048496578761691 min: -9.904040776295616 max: -3.221422208421567
Mean: -4.692452592225525 min: -10.593406898558099 max: -2.3487520389347627
Mean: -3.6321494199549456 min: -11.49363497593892 max: -1.914614224108885
Mean: -3.8216676061509047 min: -10.436361794133225 max: -0.9068767417085712
Mean: -3.3616572853268294 min: -10.265260450317891 max: -1.4556907912756338
Mean: -3.598261789346457 min: -10.468447522443894 max: -1.4514296201405483
Mean: -4.2331051325382045 min: -11.281777470560646 max: -2.1947369401071546
Mean: -5.366047766315647 min: -11.69652489010565 max: -1.8641914118444691
Mean: -5.045925823259785 min: -11.517451507776519 max: -2.136032803169852
Mean: -3.1181100928113286 min: -10.271429504501722 max: -1.2245980252265118
Mean: -4.277008397794382 min: -11.427668256462988 max: -1.5042451830149988
Mean: -4.038053164041231 min: -11.26132940907818 max: -1.4757354839112995
Mean: -5.7650997480197805 min: -11.391883117316995 max: -1.4745268412303507
Mean: -5.539707691296399 min: -11.355187957315838 max: -1.793271095971953
Mean: -6.907433045711924 min: -12.49171564933449 max: -1.717837315409339
Mean: -5.487179874107491 min: -11.376305353227886 max: -1.4972529380374555
Mean: -7.590734275273692 min: -11.427180245331241 max: -1.4609947697627481
Mean: -4.879374058993442 min: -11.798923108679016 max: -1.8783112336239551
Mean: -6.200078966289248 min: -11.163301949833055 max: -1.4626569781765877
Mean: -3.817320268835421 min: -10.28906124464048 max: -1.8264259077388667
Mean: -4.454653536275797 min: -10.526282251719074 max: -1.1932930690452122
Mean: -5.455740424617097 min: -10.525912611492148 max: -1.2337722834823017
Mean: -6.653043759875857 min: -11.557419082402081 max: -1.4854638298478482
Mean: -2.330213578963107 min: -3.6838082156025553 max: -1.5574869465985912
Mean: -4.1880821370537795 min: -11.463823219227276 max: -1.8305315178575947
Mean: -2.534847803274054 min: -4.715779238379319 max: -1.7522819204720672
Mean: -5.2770119981292645 min: -11.47460053556308 max: -1.4719807015283841
Mean: -2.7868304994427087 min: -10.974861242997756 max: -1.1769052427206135
Mean: -4.180985336442539 min: -11.486953372030149 max: -1.471277600061336
Mean: -2.329755888181139 min: -9.866650479810627 max: -1.4388766327946783
Mean: -3.3913777823599345 min: -11.501779583265561 max: -1.268404163656703
Mean: -2.7647986725586913 min: -10.621802573120902 max: -1.306570684725653
Mean: -3.343690502831291 min: -10.47050557966694 max: -1.3015539500340574
Mean: -4.25105102554026 min: -10.660646950156695 max: -1.3531389474618227
Mean: -6.224368053439037 min: -11.84006916509432 max: -1.3269755453458603
Mean: -4.466781166843358 min: -11.298550905845936 max: -1.328054475181052
Mean: -5.403379192192757 min: -11.538735646684021 max: -1.3177741001833838
Mean: -7.374741481439176 min: -11.573647399672295 max: -1.4908594950826204
Mean: -4.245057174357081 min: -11.510397974281602 max: -1.3193089079602385
Mean: -2.6187401683245457 min: -10.31549272541306 max: -1.2379837504053255
Mean: -7.840025459537299 min: -11.474485390329159 max: -1.2861170327283047
Mean: -3.4820426942456257 min: -10.251509862686907 max: -1.2600515633471954
Mean: -3.3766158380889513 min: -11.772211822217491 max: -1.2565480166902114
Mean: -3.815002517253325 min: -10.2159098521786 max: -1.142383939549073
Mean: -2.0877051380568483 min: -10.162165005448125 max: -1.132821607792563
Mean: -5.543730979584469 min: -10.324330298370159 max: -1.1247223454319706
Mean: -6.7929156466494165 min: -11.073858712534113 max: -1.118276843245804
Mean: -6.954822792606824 min: -11.445816560773853 max: -1.103698894102297
Mean: -2.2652282733336007 min: -9.939204620686168 max: -1.1177528229570028
Mean: -4.114321926425607 min: -12.351415318877319 max: -1.1016137243577364
Mean: -4.162811466962668 min: -11.879703833368243 max: -1.118471846223065
Mean: -2.0111042763326608 min: -10.270143296752078 max: -0.7286784698202501
Mean: -2.062977848127752 min: -10.373475780900353 max: -0.48507498200461346
Mean: -3.676660392412547 min: -10.387390524812593 max: -0.3896584617475676
Mean: -2.814263739045516 min: -9.617721223354557 max: -0.4786939585536689
Mean: -2.3472706040605664 min: -10.260350097372656 max: -0.4517415207668653
Mean: -4.636039023847799 min: -11.472188922873524 max: -0.140392623521573
Mean: -2.651201562481698 min: -10.249361895565634 max: -0.32132652516332605
Mean: -3.2601341439096587 min: -11.804739698562875 max: -0.5126560395397434
Mean: -2.759470870627513 min: -9.749510103261457 max: -0.26830945516032995
Mean: -3.038264713968637 min: -11.629136637198362 max: -0.04850200732483728
Mean: -1.2945830878081441 min: -5.949362129333277 max: -0.1569780381504002
Mean: -3.814508205962524 min: -11.371850480930561 max: -0.2843857791832334
Mean: -2.4833435795694174 min: -11.42541182719358 max: -0.0039618218424056694
Mean: -2.3974381451984894 min: -11.574642220649576 max: 0.1778887353421856
Mean: -1.4370697001441308 min: -9.558203908541456 max: 0.1763268047359342
Mean: -0.20451667511822272 min: -0.9587806174627104 max: 0.1785801689546325
Mean: -2.5771639102461745 min: -11.244436961334227 max: 0.1807536864697351
Mean: 0.08478932975505737 min: -0.36128290190102724 max: 0.18012833077645304
Mean: -1.3977131807363044 min: -9.968030357308749 max: 0.1877881564184435
Mean: -1.003983520490123 min: -11.619575102952657 max: 0.27220111588900486
Mean: -1.2096293083939145 min: -11.438279612854874 max: 0.2339736212062977
Mean: -0.9563499593731768 min: -9.423943403073661 max: 0.25935838732580574
Mean: -1.0190056927580151 min: -11.77605077538272 max: 0.20190525253452155
Mean: -1.019936582479625 min: -11.55765291884805 max: 0.5933784796319067
Mean: -2.628261989923142 min: -9.827986403802635 max: 0.1907491559042168
Mean: -1.514142364908471 min: -10.257332887287605 max: 0.2845293315443552
Mean: -0.20500768284824558 min: -2.83530115901137 max: 0.21923414300325703
Mean: -1.9394541334340498 min: -11.570753032645168 max: 0.28714431128215195
Mean: -2.28431653060684 min: -11.268133962811143 max: 0.23136643022630365
Mean: -1.3574479405127544 min: -11.27641384357494 max: 0.25915620415729884
Mean: -5.716558957351615 min: -11.491986197985659 max: 0.23978124680845098
Mean: -4.13745450204764 min: -11.2091665400664 max: 0.23572185022863978
Mean: 0.12183503763302575 min: -0.5824107348685671 max: 0.23846776797839295
Mean: -1.5087707896283604 min: -11.192720797717023 max: 0.6826757922925683
Mean: -1.7980296783371057 min: -12.106117601833205 max: 0.7076522777434853
Mean: -0.3691124624797256 min: -9.894474444420627 max: 0.7195067987161252
Mean: -5.008300157052758 min: -11.712779061751384 max: 0.7047205668486365
Mean: -0.4923892379018303 min: -11.219765683753888 max: 0.7183081074060579
Mean: -3.818351462472138 min: -11.55589032094349 max: 0.7080968526152249
Mean: -3.8456318189846748 min: -11.069036147989097 max: 0.7173012942530061
Mean: 0.7052462583510721 min: 0.6990350420955981 max: 0.7124555718014165
Mean: -11.068673854181217 min: -11.873658946950112 max: -10.809977295366053
Mean: -10.92786800263557 min: -11.570519599979868 max: -10.81727884982402
Mean: -10.850948515877803 min: -10.978492170619655 max: -10.815832805859918
Mean: -10.89651612353757 min: -11.771432126565712 max: -10.586157270367133
Mean: -10.704903678498466 min: -11.148708299232275 max: -10.57971052827141
Mean: -10.871145811298826 min: -12.706782388833336 max: -10.513949571186307
Mean: -10.775399490557726 min: -11.530441827394139 max: -10.516435746688241
Mean: -10.98527871403952 min: -11.886924839521543 max: -10.503451586755897
Mean: -11.084029735233305 min: -11.999461549501323 max: -10.513237436628987
Mean: -10.558680759853617 min: -10.61747275839323 max: -10.495633079281465
Mean: -10.838099783535384 min: -11.812240029474033 max: -10.40655919589882
Mean: -9.741701691754352 min: -10.512412841614863 max: -3.064425839955117
Mean: -6.459021096774137 min: -10.562741411520555 max: 0.4578873278286225
Mean: -1.4974665843948998 min: -3.9858029762582405 max: 0.5267022202235749
Mean: -2.1033142543498267 min: -11.860995317817132 max: 0.6359804860925519
Mean: 0.13752982491485338 min: -2.919558880251848 max: 0.5903581403853047
Mean: -3.153994069648706 min: -12.07801163133664 max: 0.5938513623725742
Mean: -1.1477200992200782 min: -10.614004028431431 max: 0.6131753695109821
Mean: -2.8433343538412887 min: -9.512081940699504 max: 0.7535355903909277
Mean: -0.5207703706780706 min: -9.700639787000993 max: 0.7703158886240538
Mean: -1.7497896448480046 min: -9.900666023610412 max: 0.7745878024633966
Mean: -1.4941445574333279 min: -11.189980285846925 max: 0.7822801034275997
Mean: -0.37265079352076896 min: -9.337420308568706 max: 0.7934657672354951
Mean: -0.7678011304428464 min: -11.244782557866397 max: 0.8105038851121773
Mean: -1.6544580869294936 min: -11.600319742791601 max: 0.7951333094621326
Mean: 0.3082870986027689 min: -2.246306931781596 max: 0.7885327292944617
Mean: -0.4705936074761025 min: -9.534230930843174 max: 0.7886964730923177
Mean: -0.6038889649806698 min: -11.190368649380051 max: 0.8078403508061212
Mean: -1.7694838473374812 min: -11.370732614055964 max: 0.7973544963177928
Mean: -1.6964402227247 min: -9.846429112172014 max: 0.8125212661698816
Mean: -3.6833218771016596 min: -11.17300674962639 max: 0.8155314342001647
Mean: -0.4289803228851176 min: -11.189529940022751 max: 0.8103963252125477
Mean: -2.8688615227775713 min: -11.871499141814066 max: 0.802975502035221
Mean: -2.718115241579546 min: -11.16639332488981 max: 0.8097465121342307
Mean: -4.314160419142989 min: -11.408228702588364 max: 0.8161707952747757
Mean: -5.3056850189278615 min: -11.870251927239824 max: 0.7951170882439551
Mean: -2.8756108000531126 min: -11.210779637027592 max: 0.8069389757938132
Mean: -1.6122266956798152 min: -11.37777367826573 max: 0.8154689299888518
Mean: -6.348231735728669 min: -11.829684218950243 max: 0.7989863624510725
Mean: -6.8674880389120245 min: -12.02056318139582 max: 0.8100588009800456
Mean: -5.375188232360659 min: -11.885999392462342 max: 0.8153608098404261
Mean: -2.69781118742795 min: -11.169519635576783 max: 0.8137203898771744
Mean: -2.636011630639695 min: -11.89370541493346 max: 0.8183032427437493
Mean: -4.047473730542801 min: -11.857083430992747 max: 0.7842227322753152
Mean: -6.217141282998969 min: -11.867210103806574 max: 0.7984135207117218
Mean: -5.262079146740592 min: -11.185610584138107 max: 0.795961483520111
Mean: -1.6596080478746185 min: -11.441644379251331 max: 0.8231180192118308
Mean: -5.150076934001683 min: -11.185682145249087 max: 0.7995893580091529
Mean: -2.851588876869511 min: -11.653696793717373 max: 0.8156720579564294
Mean: -0.44345062693617016 min: -11.194338756456311 max: 0.8120115923553731
Mean: -0.23775597025256942 min: -9.318725187425672 max: 0.8215242381247192
Mean: -1.5410446066897105 min: -11.18283364038177 max: 0.8143630403005387
Mean: -5.352810551815496 min: -11.889186766143709 max: 0.7922329890162163
Mean: -4.995625941638143 min: -11.179031894491075 max: 0.8166221665857989
Mean: -1.363826296086502 min: -9.88035718077176 max: 0.8114153490390188
Mean: -0.5217593757897373 min: -11.167550695857793 max: 0.7994470910913299
Mean: -1.6913987053937263 min: -11.423378054197773 max: 0.8061767534456775
Mean: -2.8882421836586234 min: -11.282625422933647 max: 0.8049655470216225
Mean: -2.7305650067832925 min: -11.181985955363704 max: 0.8219759952732503
Mean: -2.6566438026877623 min: -11.730007567051747 max: 0.815738601248182
Mean: -4.053448403849274 min: -11.62013358047951 max: 0.8081722341634191
Mean: -4.056118027071412 min: -11.158930191634642 max: 0.8270413248008668
Mean: -3.76884530520694 min: -11.474136546070634 max: 0.8171878646157382
Mean: -6.525328801235444 min: -11.748316664778184 max: 0.8006089550187706
Mean: -4.0401239202072174 min: -11.713785628318004 max: 0.8221426109729204
Mean: -3.7104340137638565 min: -11.456171387402446 max: 0.8160022015676963
Mean: -3.881297006890114 min: -11.225079989521854 max: 0.8101043621306899
Mean: -2.6253921231788504 min: -11.707877259098288 max: 0.8078366730684927
Mean: -1.7762159328451539 min: -12.224910565253518 max: 0.8206390895964812
Mean: -2.495399165777683 min: -11.181928476865126 max: 0.8078007664434831
Mean: -2.84727778271644 min: -11.182939513845298 max: 0.818598969523487
Mean: -3.0169167993465584 min: -11.869484013742078 max: 0.8230415626602872
Mean: -1.7997592703986722 min: -11.278586555601823 max: 0.8152096152291592
Mean: -5.117870119727646 min: -11.832504474339975 max: 0.8163818980680589
Mean: -1.554475924246834 min: -11.46753096021272 max: 0.8246594464925284
Mean: -1.7994883002118105 min: -11.684273696034207 max: 0.8169712208138621
Mean: -3.8594449903903794 min: -11.823192017659666 max: 0.8191357358959128
Mean: -1.7249241816031837 min: -11.41672830596645 max: 0.8306904428617534
Mean: -1.653667169623409 min: -11.569620127479677 max: 0.8298424607952253
Mean: -2.6697258038273706 min: -11.66407573070344 max: 0.832804256687566
Mean: -4.080431203082159 min: -11.41896723082375 max: 0.8129443429689911
Mean: -1.7765445111506888 min: -12.120889898280113 max: 0.8140340560564825
Mean: -1.6825036613280282 min: -11.152541554978605 max: 0.8181799092106891
Mean: -1.578785212736133 min: -11.16616400865481 max: 0.8312185050030567
Mean: -7.053603920334043 min: -11.181344755451201 max: 0.8083297788019073
Mean: -5.241621376767199 min: -11.199704137992962 max: 0.8257357603328578
Mean: -6.3013056815858315 min: -11.529720965609455 max: 0.8233832753272329
Mean: -6.320334588680366 min: -11.877052067716829 max: 0.8116510764607391
Mean: -6.541492502853347 min: -11.827277834209072 max: 0.802736385261302
Mean: -6.384948397571832 min: -11.91578746868705 max: 0.8271207682598267
Mean: -9.962674095167236 min: -11.812601935592161 max: 0.8177977180343846
Mean: -4.026578577860538 min: -11.180326763815687 max: 0.816284802669081
Mean: -5.076646980552806 min: -11.873441492568793 max: 0.8323447600328573
Mean: -3.8786859254892443 min: -11.830984965935233 max: 0.8244177386906283
Mean: -6.3411628151841 min: -11.943324147301299 max: 0.8226604515728719
Mean: -6.49549514086075 min: -11.864516654811402 max: 0.8859617378584407
Mean: -3.8634391617955024 min: -11.86994061440773 max: 0.8338261621161731
Mean: -5.179205899401674 min: -11.53831316603289 max: 0.8308746135010752
