Mean: -11.05926422463028 min: -12.699683462759046 max: -6.210516467723258
Mean: -9.431116855518761 min: -11.968454703015896 max: -6.042131346491868
Mean: -9.267647722071812 min: -11.915125897231821 max: -6.03171395514817
Mean: -8.286416014764587 min: -11.744475601211626 max: -6.032403155325576
Mean: -8.55868854973813 min: -11.862921353661642 max: -5.9866219358175945
Mean: -8.843620517404085 min: -11.906132590857894 max: -5.9847701889037666
Mean: -9.355376654192721 min: -11.964252579298057 max: -5.984457037751997
Mean: -10.04273689524886 min: -11.884083998467089 max: -5.9851318646532725
Mean: -8.341312600567028 min: -11.870795579618898 max: -5.9851899228652945
Mean: -8.97851300665751 min: -11.215851644510277 max: -5.984671284256179
Mean: -9.96173319223871 min: -11.834641554629556 max: -4.572552892683607
Mean: -9.384740735770606 min: -11.74491096398371 max: -4.618179376628229
Mean: -8.696913943187045 min: -11.165106019851278 max: -4.619714345495381
Mean: -8.524441326834156 min: -11.988933987322728 max: -4.554886457847445
Mean: -8.996437923430921 min: -11.43669521638987 max: -4.606838147189275
Mean: -9.411146411117786 min: -11.822765681542505 max: -4.590512600369385
Mean: -8.314073919684873 min: -11.55671679548944 max: -4.537625777334505
Mean: -9.16589159936785 min: -10.85906407538553 max: -4.1435726353661515
Mean: -8.65570296719442 min: -11.566882278361277 max: -4.142880916518674
Mean: -7.799829565062543 min: -11.289788640385476 max: -4.1411958104936755
Mean: -10.964131456629769 min: -11.94097034730694 max: -5.884468255714436
Mean: -10.471723006718415 min: -11.893060345543052 max: -4.256731481340122
Mean: -10.01840511963526 min: -10.949339315891885 max: -4.373635891072314
Mean: -7.494341420581695 min: -10.725295676995815 max: -1.5365702236721965
Mean: -5.705908770124253 min: -11.49918092424199 max: -1.3124188395800849
Mean: -2.9502753511675746 min: -10.747911882578036 max: -0.7565272886569175
Mean: -3.1210090941025403 min: -11.754205460030432 max: -0.7538350882157882
Mean: -4.687653897727644 min: -11.452927197495987 max: -0.7334405542210195
Mean: -4.139225783832373 min: -11.256387072825987 max: 0.23753944300764818
Mean: -4.2203666546893155 min: -11.375804674972128 max: 0.23840651751734449
Mean: -5.012979662603361 min: -11.423910005911853 max: 0.2878817427309803
Mean: -3.9357152380474387 min: -11.353171831219806 max: 0.2784632842212438
Mean: -3.845561784312936 min: -11.32944596618263 max: 0.3088498409734003
Mean: -3.2130073750916686 min: -11.696748824534788 max: 0.27089335409622106
Mean: -5.493538332390483 min: -11.379939274899753 max: 0.2709135297833108
Mean: -3.298022880630633 min: -11.906940565196349 max: 0.260783884004764
Mean: -2.214660115317412 min: -11.45901606608119 max: 0.5921987139515439
Mean: -4.481578773408157 min: -11.968219520371193 max: 0.6011508233565488
Mean: -4.277580249373374 min: -11.760969628002952 max: 0.6043472154992705
Mean: -4.999882117759566 min: -11.340602051685194 max: 0.5996712981019665
