Mean: -11.657124041986554 min: -11.885048491688384 max: -10.723760992075006
Mean: -10.558054657393182 min: -11.913743169678499 max: -3.0255348996025364
Mean: -6.0120474529558106 min: -11.65532915099257 max: -3.005675114641097
Mean: -3.0367957848165297 min: -3.2107388786869775 max: -2.717133434510177
Mean: -3.3306975494831526 min: -10.457715446606642 max: -2.6854859054295637
Mean: -3.933380304101218 min: -10.461773570123999 max: -2.330732031504526
Mean: -6.298063586615375 min: -11.573817037788903 max: -2.346335633828778
Mean: -2.6856790973584275 min: -4.296749497667525 max: -2.3057866161950002
Mean: -2.7779744113103337 min: -11.04028041106953 max: -2.186029615677387
Mean: -3.5161200458392825 min: -11.208050628454957 max: -2.093716978581119
Mean: -3.1586690017466927 min: -11.49125180634244 max: -2.0800777535680273
Mean: -2.9139656141736157 min: -10.07460713643034 max: -1.5506546382875541
Mean: -3.947567526412084 min: -10.263110193686607 max: -1.5325164189710057
Mean: -4.420204407997747 min: -9.682452517203073 max: -1.521123432034015
Mean: -8.596946597986955 min: -12.036658068111914 max: -1.5391983895412598
Mean: -7.574401291969679 min: -10.27999239768832 max: -1.5244260800075327
Mean: -8.566700797808535 min: -11.459956891199317 max: -1.540251802629461
Mean: -8.203889862514881 min: -10.603970851113845 max: -1.1297879900788705
Mean: -7.636654794979878 min: -11.463207904642546 max: -1.5398124128866764
Mean: -8.113314315999816 min: -11.547054591134135 max: -1.518182900883814
Mean: -6.4948780466901095 min: -11.599533987849513 max: -1.5181764527710133
Mean: -5.209048794927891 min: -11.63293219497778 max: -1.5060605010880912
Mean: -4.822076239810348 min: -10.277027643625566 max: -1.5062015449630952
Mean: -3.3488797449213337 min: -10.267170976578397 max: -1.4887979778798028
Mean: -4.758610847928194 min: -11.648963037785121 max: -1.3462580152523724
Mean: -3.397064200425848 min: -11.587650010206598 max: -1.2882364029266022
Mean: -4.522272908992967 min: -10.781690790001791 max: -1.3262006136540392
Mean: -4.973070669953551 min: -11.811645401218017 max: 0.053960434920877466
Mean: -2.5173117859185465 min: -11.32327746179231 max: -0.5466470266517309
Mean: -1.831469335561661 min: -11.7178724184134 max: 0.008460074506479025
Mean: -2.2745006152478524 min: -10.224531455816075 max: -0.56754404722344
Mean: -3.3745125583838567 min: -12.038254885250874 max: 0.05670150270409424
Mean: -2.1722515163045446 min: -10.33532953072604 max: 0.03429933843525176
Mean: -2.349316162520016 min: -10.666481678410896 max: -0.676704995472661
Mean: -1.7996864925110754 min: -10.80177025155416 max: 0.04438800513486632
Mean: -3.107069307647439 min: -11.523314524392275 max: -0.6665896051736034
Mean: -1.9046031351485726 min: -9.85797820064058 max: -0.6241053307600002
Mean: -1.150886361732497 min: -9.314951813046777 max: 0.08381925300808389
Mean: -2.4525840904809173 min: -10.607154621081802 max: 0.07772399434653687
Mean: -3.0131772625420132 min: -10.506035607890198 max: 0.08956007456726625
Mean: -2.2944176071443314 min: -10.341899399083784 max: 0.07112773459183769
Mean: -5.2114433939171185 min: -10.299565058772007 max: 0.060454497306083294
Mean: -9.6871185957285 min: -11.199405107910808 max: -0.4122195608948085
Mean: -9.763629304895897 min: -11.554918253637464 max: -0.10609103839125102
Mean: -9.784029246114972 min: -11.638263428954446 max: -1.3315528922343214
Mean: -9.671089687437007 min: -11.255817386049015 max: 0.2582991417224213
Mean: -9.538017626231028 min: -11.256760922218465 max: -0.0736756222579541
Mean: -9.154711334068928 min: -11.274208483893966 max: 0.04318818426507176
Mean: -5.574125343193627 min: -11.241778766035482 max: 0.4864678497224499
Mean: -5.564089885569262 min: -11.429392079967213 max: 0.49250521734375013
Mean: -0.9795607176132585 min: -10.208762612637983 max: 0.5188450792175934
Mean: -2.2236763458278594 min: -11.280387893970396 max: 0.513151323488896
Mean: -2.6135451295510133 min: -11.802501731727782 max: 0.4514677828143194
Mean: -1.0681823098671104 min: -11.962292240050772 max: 0.5098993015027831
Mean: -2.383389259141722 min: -11.915804378097937 max: 0.44862565677464106
Mean: -2.9925453419141315 min: -12.154137345012721 max: -0.1003753487123037
Mean: -1.0824541383308615 min: -11.838416112333586 max: 0.3682634571443599
Mean: -1.3191444496388756 min: -11.216451392207441 max: 0.5349584964713437
Mean: -2.964558103109704 min: -11.835743644141402 max: 0.9616681924194803
Mean: -2.7914276918509655 min: -11.300963694633603 max: 0.8323857740878768
Mean: -1.8180458561352282 min: -10.548340339706431 max: 0.9007137408164373
Mean: -0.33540344761591995 min: -9.420710552805673 max: 0.551549760096
Mean: 0.10288156223364135 min: -2.340244572857765 max: 0.909921503847786
Mean: -1.2264332606514903 min: -11.340319287705334 max: 0.9305473535720484
Mean: -0.9954488996004944 min: -11.264801535404992 max: 0.8094649088324487
Mean: 0.027370978612528095 min: -1.0979342044584128 max: 0.5545881820837515
Mean: -0.3272831435594551 min: -9.382186170666268 max: 1.3740518304682976
Mean: -2.0871285986507573 min: -11.440166917202788 max: 1.2075502353486358
Mean: -0.8627916939308802 min: -11.24249837628003 max: 2.2540605581484976
Mean: -3.2437773372838 min: -11.285259453793328 max: 1.351472302402492
Mean: -2.1356015196881155 min: -11.80111316373872 max: 2.920711644959383
Mean: -2.5645526538666092 min: -11.455933535474198 max: 2.2844448435893656
Mean: -2.542010474987456 min: -11.664379412848877 max: 1.4614968381493516
Mean: -2.1598503800851936 min: -11.452937997190274 max: 1.3581371620165021
Mean: -0.8925167466725668 min: -10.450277102399912 max: 1.560629896638036
Mean: -3.1245206970182173 min: -11.304336955186216 max: 0.6769955933595124
Mean: -2.5741345565231915 min: -11.248648395249505 max: 2.207157030542351
Mean: -3.723687071753021 min: -12.082439946310576 max: 2.057163066811094
Mean: -2.772543290797506 min: -10.517269940767708 max: 2.7499600863299993
Mean: -1.2167912610752152 min: -12.15868637423192 max: 2.0165446115604246
Mean: -2.258868760601057 min: -11.764646466318354 max: 2.5312157551664014
Mean: -3.1834861669563224 min: -11.81902690613269 max: 2.127152170291845
Mean: -1.5754010448742188 min: -12.117322480942308 max: 1.883164937444476
Mean: -2.0540306698925432 min: -11.427803349633345 max: 2.155318200659817
Mean: -2.4199704251364427 min: -11.163712393735072 max: 1.852887992107794
Mean: -2.9012971089560735 min: -11.869881151951676 max: 1.9623384387647107
Mean: -0.9105359044367454 min: -9.810603150882867 max: 1.5322333141568938
Mean: -0.679042454008592 min: -11.7553283470545 max: 2.2393616727039953
Mean: -4.194533022527667 min: -11.874678915048133 max: 1.3332270279050962
Mean: -3.258388186922371 min: -11.91660636724605 max: 1.4017587772343207
Mean: -2.4270641946907356 min: -11.86291377630422 max: 2.8780413382325785
Mean: -2.890814713068709 min: -12.320750479433622 max: 2.405830795353632
Mean: -1.5885567796569355 min: -11.931626019093535 max: 3.0819570968779093
Mean: -0.2852525713899746 min: -11.36548857031483 max: 2.809142211962782
Mean: -0.77257706438797 min: -12.349701433059014 max: 2.039356926322414
Mean: -2.317890749254882 min: -12.133171211849962 max: 2.493838944511766
Mean: -3.072574153528229 min: -11.890115154503274 max: 2.8050137852497836
Mean: -1.3125829158835551 min: -11.412542387417657 max: 2.827731079466418
Mean: -2.900739177429855 min: -11.26980781757372 max: 0.6371797175878626
Mean: -4.339331857277996 min: -11.222873668848665 max: 0.0871630037735884
Mean: -2.3483428014724193 min: -11.94328138044416 max: 2.3163551242661384
Mean: -2.4068581623851912 min: -12.288124339740147 max: 1.1498757216238131
Mean: -1.761662658325918 min: -10.569429283657515 max: 2.23343106800297
Mean: -2.193094657320808 min: -9.812835216091047 max: 0.530449603412846
Mean: -3.163724128022261 min: -11.348421816558528 max: 1.4184584691520772
Mean: -2.5044633289880944 min: -11.2631832473627 max: 1.4885620143089076
Mean: -1.394836242776487 min: -11.468766597297954 max: 1.7877660166699247
Mean: -1.785600519776868 min: -11.15328567593374 max: 2.0699047252171185
Mean: -2.625177607848979 min: -11.16979977295864 max: 1.2663294321891658
Mean: -1.0382536898145187 min: -11.98992697237486 max: 1.6785159580591873
Mean: -1.1863359549378298 min: -11.230738979682576 max: 2.276563622640144
Mean: -2.1346091350446628 min: -11.302123177254566 max: 2.2932664830715246
Mean: -1.6946892316229891 min: -10.235622419663017 max: 1.2802472308962176
Mean: -2.1816690160906105 min: -12.231803019667236 max: 1.7231373892584283
Mean: -2.6546021929873924 min: -11.30683404818241 max: 1.9628837834610493
Mean: 0.1886465695250138 min: -9.601828472059069 max: 1.9395915538165986
Mean: -2.1980944590163007 min: -11.43999770907993 max: 2.462849058446916
Mean: -1.4179954172442144 min: -11.336395839466567 max: 1.8706945163107995
Mean: -0.5041904549225902 min: -10.776904131232383 max: 2.251130597798901
Mean: -1.0648823301036385 min: -11.256208991147044 max: 2.112318768977474
Mean: -2.5712979449035274 min: -11.981239341910108 max: 2.3892787826124304
Mean: -1.6058130593933506 min: -11.627395916264083 max: 3.071295181369054
Mean: -0.335022733166499 min: -10.360638865978848 max: 2.300955081146437
Mean: -1.1055851729502983 min: -11.733940934764535 max: 2.1982204917639523
Mean: -1.7761568311397966 min: -11.694544975101985 max: 2.797845578904371
Mean: -1.0046591512164043 min: -11.37239464858731 max: 2.323895900232555
Mean: -2.56314089917453 min: -11.959546703833189 max: 2.89476369916775
Mean: -0.4920249197348713 min: -10.17696041627645 max: 2.9385887774181385
Mean: -0.6534261597137279 min: -11.736144895578452 max: 3.1297354169098575
Mean: -0.9512140459957783 min: -11.15774892023302 max: 2.1877490557806336
Mean: -0.8108150702837271 min: -11.343245057947588 max: 2.227893576515741
Mean: -0.33782935717322543 min: -11.33645052445059 max: 2.4082542560061513
Mean: -0.36796712107341456 min: -10.037767904334904 max: 2.1454241050288285
Mean: -1.4979401909606773 min: -11.471081578174859 max: 2.268898905987314
Mean: -2.0913230812029253 min: -11.245267693725815 max: 2.247377211855501
Mean: -3.739881628730577 min: -11.391799789651838 max: 2.2367559069915712
Mean: -1.161151382185913 min: -12.237297532492605 max: 1.798949893227898
Mean: -0.05993667584279152 min: -10.541626937329134 max: 2.537435981256825
Mean: -1.693667441544471 min: -11.419137575383669 max: 2.6382863600025264
Mean: -1.0543496059396196 min: -12.12983970590617 max: 2.716229000141488
Mean: -2.7330147144542676 min: -11.765552607474294 max: 2.8355526529968946
Mean: -1.838225335970946 min: -11.721089405649577 max: 2.794133181554864
Mean: -1.2540676309625542 min: -11.809635778295956 max: 2.1519463168265713
Mean: -1.1824767584114455 min: -11.159394979778869 max: 2.3914005978593624
Mean: -5.119461119789723 min: -11.812808463350763 max: 1.9927874011427353
Mean: -5.8078694775064506 min: -12.310461386939835 max: 1.9834956024636845
Mean: -0.845376269647403 min: -11.710042648427196 max: 2.1297084448913326
Mean: -0.42479867124834625 min: -11.717406323865932 max: 2.719761482257609
Mean: -1.5591208846337938 min: -11.72618560562616 max: 2.4392429077853413
Mean: -1.8828937378599089 min: -10.78807588311095 max: 2.6054209399909163
Mean: -0.9236245307042484 min: -11.194865200805035 max: 2.5047696398690924
Mean: -0.33040164776490405 min: -11.909304924555244 max: 2.8006306592933514
Mean: -1.3974210387699117 min: -10.6684776113197 max: 2.8685107884596213
Mean: -1.1524414366769746 min: -11.223243739775222 max: 2.4693051875756296
Mean: -1.210601203490165 min: -11.982963524969684 max: 1.9573347337344844
Mean: -0.36162479127784003 min: -12.12432080069071 max: 2.3589132770506995
Mean: -1.7226084161413222 min: -12.003255787003638 max: 2.4145686112700373
Mean: -1.6831491717546299 min: -10.871588504597787 max: 2.520978994862354
Mean: -1.5209430967037416 min: -11.271565092434514 max: 2.8207859355029896
Mean: -2.2457492524532823 min: -11.21682487698153 max: 2.36414525706478
Mean: -0.8820179119554901 min: -11.177079771456343 max: 2.592562364096055
Mean: -1.0951272236264031 min: -12.149271354437364 max: 2.4165595559758373
Mean: -1.5036654406026198 min: -11.213309824835376 max: 2.5374114074509566
Mean: -0.028104295037299342 min: -11.856806915076685 max: 3.060548487989633
Mean: -1.847499477747148 min: -11.754108429427243 max: 3.1885387469781525
Mean: -2.0846664885823607 min: -11.537913456932284 max: 2.177084020735514
Mean: -3.8708008880780937 min: -11.33692966845739 max: 2.255301829027702
Mean: -1.2613299112156455 min: -11.539809220700638 max: 1.564207376964639
Mean: -0.03631020637252545 min: -11.224068304266615 max: 2.176064502526989
Mean: -2.764073126199886 min: -11.342599001885596 max: 2.520201370311132
Mean: -3.1739573323108705 min: -11.212278556097692 max: 2.081014561265078
Mean: -3.3119128578162886 min: -11.254209775104222 max: 1.3317685365493326
Mean: -2.250688921000928 min: -11.653177675927191 max: 2.0552838502620774
Mean: -3.129251377545242 min: -11.483687742527321 max: 2.1281369589595935
Mean: -0.5310201298370385 min: -11.361718228626746 max: 1.9711668519721206
Mean: -0.6055073068674858 min: -11.98715222152967 max: 2.402863483064981
Mean: -0.10839134537938852 min: -9.865094582018733 max: 2.472615432075512
Mean: -1.2068289298292523 min: -11.4182001159619 max: 1.8585830060804538
Mean: -0.6185275919359464 min: -11.319398313998244 max: 1.4334082164544557
Mean: -0.6881704193591129 min: -11.240593607942117 max: 1.6038156958035898
Mean: 0.11158147791142566 min: -10.359933086635891 max: 2.8188096620626744
Mean: -1.234259845006847 min: -11.79115813341778 max: 2.459884411341043
Mean: -0.7355960716060339 min: -11.225391424954259 max: 1.990143381006158
Mean: 0.05890953623781956 min: -11.417856392390933 max: 3.200647264129178
Mean: -0.3438637493859293 min: -11.87360868283126 max: 2.20962242448547
Mean: -0.9206428521197353 min: -12.070944769101413 max: 2.605991035087521
Mean: 0.2162031525382945 min: -11.203853944243509 max: 2.2871546559421687
Mean: -0.9458420119402735 min: -11.299868333591172 max: 2.2067454507819178
Mean: -0.5309644344690364 min: -11.806149963934764 max: 2.1911586335033455
Mean: -0.5382573452323227 min: -10.828653935487973 max: 1.7927293256365444
Mean: -0.6717285453816287 min: -11.431340901526667 max: 1.989376288799662
Mean: -0.3104176195185192 min: -11.255972005834238 max: 2.3562691541781895
Mean: -1.9438112719806928 min: -11.369742465189221 max: 2.2644320163061677
Mean: -2.744569349832728 min: -11.394679948228902 max: 0.8804040831565936
Mean: 1.0232955105023798 min: -0.8023483253081134 max: 2.216996813839262
Mean: 0.4313252452542531 min: -10.231830768647098 max: 2.3217581650647174
Mean: -0.9187751742760506 min: -11.639031821165776 max: 2.368705868998501
Mean: -1.6900588927506632 min: -11.371337669736503 max: 1.8421313923835565
Mean: -0.36634136601199174 min: -11.566372070012015 max: 2.9312115520575523
Mean: -0.028577780999505743 min: -11.838771321437367 max: 2.5134373945632045
Mean: 0.4495407512876861 min: -11.63561360931914 max: 2.6202339453049865
Mean: -0.17466041104022234 min: -11.778649916491021 max: 3.1036826979896954
Mean: -1.4022684926741182 min: -12.074999291491173 max: 2.8415831306225265
Mean: -3.3586075576960432 min: -11.885130528014892 max: 2.384105907246101
Mean: -2.670940518769814 min: -11.898319003457381 max: 2.4694838820112337
Mean: -0.17462755388504686 min: -11.837925368472142 max: 2.7047686512157574
Mean: -1.015787864431585 min: -11.240056058521636 max: 2.9992464425917023
Mean: -1.954287071744647 min: -11.67638929333692 max: 2.164212205047119
Mean: -3.261069463493409 min: -11.866717576044563 max: 2.6772749522368717
Mean: -1.1789522829981063 min: -10.539601595102509 max: 2.4261343367308665
Mean: -0.9725602188474347 min: -11.904641598217518 max: 2.477689483923099
Mean: -0.9868304666253902 min: -12.076617813824878 max: 3.1190089519748687
Mean: -0.96259347341142 min: -11.277081038929929 max: 2.873643363684798
Mean: -0.7220359242864112 min: -11.404771790236973 max: 2.4693196048423562
Mean: -4.5290934606467665 min: -11.82959291643113 max: 2.417667411169076
Mean: -4.794061125681169 min: -12.199991304196484 max: 3.678560091390925
Mean: -1.412763446870234 min: -11.714881127255342 max: 3.5714287164650256
Mean: -1.4483789257576576 min: -11.919143970133064 max: 3.380377155574268
Mean: -1.8071688171305333 min: -11.925646307619973 max: 2.629683137000104
Mean: 0.45181729968992296 min: -10.149747205657494 max: 3.3485282397860483
Mean: -3.0363093740354605 min: -12.075387970955823 max: 2.1404598840677647
Mean: -1.6890175925445476 min: -11.829167362966167 max: 2.3902643615755594
Mean: -1.3139019516587827 min: -11.35282423702043 max: 2.3606893499684998
Mean: -0.11736546278343496 min: -11.89372455252143 max: 3.1585096884473813
Mean: -1.257617621358635 min: -11.257930238458329 max: 2.9721034144163743
Mean: -0.33872584353255186 min: -10.61925153362543 max: 2.462007587403719
Mean: -1.7668157150357704 min: -11.625588204350086 max: 3.3605904232316894
Mean: -0.8033432076363572 min: -11.919923708427449 max: 2.872038340436721
Mean: -3.3555458017376454 min: -11.898587147518908 max: 3.3602066975944025
Mean: -1.008327905517112 min: -11.669224152380576 max: 2.111036673410785
Mean: -1.4625415763289136 min: -11.900765499530632 max: 3.131538647411871
Mean: -2.521896320335468 min: -11.91694852129404 max: 2.7029976003792884
Mean: -1.9231827549717848 min: -11.781822588807964 max: 3.378002520071532
Mean: -1.8309302662179696 min: -11.84643928896851 max: 3.408730953110642
Mean: -1.9950615324533107 min: -11.306054672567058 max: 3.628865650062605
Mean: -2.0390550590078345 min: -11.25466826617816 max: 3.7363425388019875
Mean: -2.570128527128672 min: -11.270602273508954 max: 2.194113397434415
Mean: -1.0796770637566548 min: -11.267593776205318 max: 2.6397226885187384
Mean: -2.1475920625035863 min: -11.870356995746082 max: 2.831946408334785
Mean: -2.4015702848141025 min: -11.399146860742189 max: 3.2857684742104576
Mean: -1.7568384873029879 min: -10.353559079823532 max: 3.189002302407503
Mean: 0.2144952438661218 min: -9.525317891695797 max: 2.7925175408853953
Mean: -2.00508584314409 min: -11.87082965374398 max: 3.675221124743262
Mean: -1.0647443295781385 min: -11.768550438493559 max: 3.252821482935064
Mean: -1.5203955530373527 min: -11.870942947528253 max: 3.563283848064973
Mean: -1.1301800487043803 min: -11.35055843912963 max: 3.388705379707486
Mean: -2.86721569046541 min: -11.582478730324555 max: 2.7958679849889174
Mean: -0.3977039043137284 min: -11.220780085494626 max: 2.762205328844564
Mean: -0.7144237676270603 min: -11.839385806693295 max: 3.6517216215482056
Mean: -2.0493403329362954 min: -11.260979235943756 max: 3.1816633001532537
Mean: -1.7997967072876484 min: -11.78661053493401 max: 2.463455552169406
Mean: -2.2820444051800823 min: -11.367876646149941 max: 2.7815372307502413
Mean: -0.357596549246493 min: -11.935907949042859 max: 2.7441930575714824
Mean: -0.04280698526063216 min: -11.408759962144151 max: 2.910213796969907
Mean: -0.36404205251721183 min: -11.93437493330282 max: 3.4876208830855138
Mean: -1.2518763240943434 min: -11.71058182540002 max: 3.049117828393452
Mean: -1.3579271337394787 min: -11.22472122502934 max: 2.529424745231123
Mean: -2.729986134382524 min: -11.741162964547872 max: 1.9692353151125332
Mean: -4.135315721318361 min: -11.779437251904588 max: 2.4223955813396776
Mean: -5.003117256064042 min: -11.928728138469907 max: 2.8906269105575078
Mean: -4.772246369230581 min: -11.851309232653897 max: 2.354746511314632
Mean: -2.197355843059227 min: -11.749440617012915 max: 1.986871978718463
Mean: -1.9098519952061785 min: -11.707172707640739 max: 2.5401950817748613
Mean: -2.646324912516506 min: -10.641969274274652 max: 1.3512910271018408
Mean: -1.9775560126076475 min: -11.897453798521346 max: 3.1525238332694756
Mean: -0.31889386077950815 min: -11.262877592894398 max: 3.3455846727769276
Mean: 0.40402469716072165 min: -11.332796081299122 max: 3.2728421138955253
Mean: -1.3507658449413187 min: -11.882941827364565 max: 3.207364158735424
Mean: -2.999699444872202 min: -11.919507828327303 max: 2.9619649109463264
Mean: -0.7393755716248485 min: -11.91399173519745 max: 3.1372078422433245
Mean: -3.3986543231081994 min: -11.90594532905018 max: 2.270308953358951
Mean: -3.1229362164249315 min: -11.904567636177859 max: 2.98489087441916
Mean: -3.9231863371021944 min: -12.097041941975412 max: 2.811282748980658
Mean: -3.571914605914222 min: -11.94707958313889 max: 3.2530374889788325
Mean: -3.240994217338783 min: -11.831723051763323 max: 3.5375846642991666
Mean: 0.8817191799493026 min: -7.759420026105613 max: 3.1677509095328173
Mean: 0.17521593750302436 min: -11.249546838200493 max: 3.4798545414205946
Mean: 0.5373595604464563 min: -11.22151838342271 max: 3.044749570459411
Mean: -3.1270655221519634 min: -11.894324521575575 max: 3.0569322220282773
Mean: -2.4216605171370724 min: -11.35701184844261 max: 3.3981956586182616
Mean: -3.983679327023446 min: -11.887099207234291 max: 3.241035463250538
Mean: 0.0056498866806175664 min: -11.823080927719378 max: 3.4512750517739277
Mean: -2.956437342168637 min: -11.93445835968733 max: 3.7836773456545694
Mean: -1.7436054915749175 min: -11.926048990024913 max: 3.270454208953402
Mean: -1.0185946499358738 min: -11.547678496262996 max: 3.3758332285709143
Mean: 0.8444269178717109 min: -10.700686034339128 max: 3.1195338760948133
Mean: -1.5147632959190465 min: -11.826944133416744 max: 3.060849558181247
Mean: -1.9966350388577012 min: -11.914944613563456 max: 2.4766625002534064
Mean: -0.9642765622452938 min: -11.832165065766349 max: 2.9074493954680025
Mean: -1.1792455305382004 min: -11.745483485994878 max: 3.159958319617407
Mean: -3.402369123560539 min: -11.227298677757268 max: 3.0589404162841687
Mean: -2.0677087335317044 min: -11.96391696545667 max: 2.5459754561102828
Mean: -2.5173021958363013 min: -11.97752307959476 max: 2.8768322203325583
Mean: -3.315120753295571 min: -12.051047281549216 max: 2.395694774602635
Mean: -0.8309866408321721 min: -11.956983955120364 max: 2.8871286828459723
Mean: -1.9707706618745238 min: -11.927856738234023 max: 2.8059766374043695
Mean: -2.950332283780104 min: -11.331115848201074 max: 2.76026673228412
Mean: -0.8279897569367402 min: -11.73970690647769 max: 2.3993390101070857
Mean: -1.42744764992905 min: -11.908189328693043 max: 2.465028597490283
Mean: -1.8865199514250275 min: -11.50126513103452 max: 2.3453940479807445
Mean: -0.30531227829409846 min: -11.447264624109355 max: 2.981744129724184
Mean: -1.9252127990847938 min: -11.869657397115445 max: 3.002184566358407
Mean: -2.6446885470586095 min: -11.916320236330035 max: 2.8220487016442477
Mean: 0.18520257136480556 min: -11.351274220220901 max: 2.7866226561896186
Mean: -1.1681014341150635 min: -11.15616306419551 max: 3.2367116361148236
Mean: -3.5299463089382663 min: -11.77791812871006 max: 2.4305510417008707
Mean: -1.8841979484824314 min: -11.163677967363187 max: 3.1529449364428865
Mean: 0.03969208562035857 min: -10.16716633875719 max: 3.313051943258871
Mean: -1.549444642364016 min: -11.5894043818968 max: 3.0932735718332696
Mean: -1.9829661370750753 min: -11.90244807767065 max: 3.6505764008586965
Mean: -0.8430820210498291 min: -11.283990642569417 max: 3.4215395622923457
Mean: -3.2327453243123765 min: -12.242095048941943 max: 2.721074084186578
Mean: -2.8599515169101455 min: -12.036955660350454 max: 3.5716133429201173
Mean: -1.8705755473988301 min: -11.61880226691601 max: 3.3422015014981756
Mean: 0.2590579594510149 min: -11.770878471211462 max: 3.25271458760988
Mean: 0.6707796598845411 min: -10.609792835040093 max: 3.2664464523149275
Mean: -2.499274377484934 min: -11.940893129145065 max: 3.5447184501904005
Mean: -2.1278694482885077 min: -11.297448985693432 max: 3.8258289859741077
Mean: -1.0672581838588986 min: -11.217093294339055 max: 3.7566752484166677
Mean: -2.123306548831638 min: -12.248408578880026 max: 3.5941684856416742
Mean: -0.5297047741079914 min: -11.690648480067821 max: 3.5656288977361332
Mean: -1.5161043381627064 min: -11.624540534558218 max: 3.0778676285326707
Mean: -1.3853117356125488 min: -11.622573666127352 max: 3.0541401799599073
Mean: 1.1920365303299512 min: -11.689374179963192 max: 3.624486549742629
Mean: -0.8599950166340941 min: -12.038564119509207 max: 3.732355109184381
Mean: -2.0081614979314457 min: -11.545760842746333 max: 2.041448802667012
Mean: -0.8845321924281073 min: -11.938868805786647 max: 3.2522672082557187
Mean: 0.3228491172281361 min: -11.88956599251606 max: 3.0821260119569938
Mean: -0.4983387323370702 min: -11.624467549726997 max: 3.4031922861665285
Mean: -1.0908683643324246 min: -11.412766262971761 max: 3.738487529337682
Mean: -1.913051523073192 min: -11.85438272943315 max: 2.8930933680337945
Mean: -4.423409058915071 min: -12.006435603335813 max: 3.2890241400346083
Mean: -1.5995526749714402 min: -12.212698532561753 max: 3.2387636710430265
Mean: -0.8654641045713432 min: -11.30096291753659 max: 3.535241370465885
Mean: -2.8773164522280235 min: -11.469332414138023 max: 3.3321346742860056
Mean: -0.8804548048291249 min: -11.843693620250885 max: 3.6636886279179297
Mean: 0.12432620155999144 min: -11.587724673028191 max: 3.736028318265969
Mean: 0.8136547427515805 min: -11.262519905079245 max: 3.4602341044594485
Mean: -1.331279680283163 min: -11.834137208892505 max: 3.293033468434412
Mean: -1.9599151357302798 min: -11.870270513474328 max: 3.5904209257143385
Mean: -1.5823255695569158 min: -11.277554863972346 max: 3.4980558020150885
Mean: 1.7685757576674432 min: -1.0858772913638934 max: 4.037012662050923
Mean: -1.112956087852489 min: -11.877495162811522 max: 3.5091649606740205
Mean: -0.11871115520993962 min: -11.791458459315146 max: 3.237787468619141
Mean: -0.4939844749856966 min: -11.917198147530158 max: 3.5641801740656547
Mean: -1.577216831930842 min: -11.334148826721522 max: 3.145758309659333
Mean: -0.5454482609065099 min: -11.575241253379472 max: 3.9119424831837164
Mean: -4.061502819342534 min: -11.875053599696077 max: 3.3103984584147943
Mean: -0.5426023344265606 min: -11.884344144318879 max: 3.1075661646133095
Mean: -2.5880177127673223 min: -11.983334132593704 max: 4.192950439594895
Mean: -2.688475819510378 min: -11.838169787148686 max: 3.2819207621170117
Mean: -1.9321923127957685 min: -11.347061746701412 max: 3.9855965154827357
Mean: -3.8555029959260736 min: -11.998703209836727 max: 3.3530617914204623
Mean: -3.486027166850575 min: -11.97167257252159 max: 3.0889952190272036
Mean: -3.0592070047451427 min: -12.197714752646897 max: 2.4306142847147303
Mean: -3.4712621761128277 min: -11.898052934172961 max: 2.757121304517988
Mean: -1.6102415223828956 min: -11.920833263784013 max: 3.427201511550727
Mean: 1.0738166547303698 min: -11.500778848468062 max: 3.6163993127569523
Mean: 1.0326941497875977 min: -11.30157112290938 max: 3.4011550328979787
Mean: 0.2893827355612369 min: -10.627026810456112 max: 3.4712261447471398
Mean: -0.4491493045271316 min: -11.919651222993807 max: 3.4650240832652064
Mean: -1.6461930272430951 min: -12.367683977207463 max: 3.3469022203366925
Mean: -2.7773602407645077 min: -11.269177295576537 max: 2.7461670932827964
Mean: -0.832544340562358 min: -11.188779438440145 max: 2.7234277201368364
Mean: -2.211861660108383 min: -11.845907101841615 max: 3.951873058623515
Mean: -2.533471487880823 min: -11.318443506593786 max: 2.8904037203643367
Mean: -1.993882929694641 min: -11.357658114693571 max: 2.9841557024522816
Mean: -2.0155657919588417 min: -11.542026003705711 max: 3.269152982937794
Mean: 0.7164866338120239 min: -11.353834377599886 max: 3.2654789138769877
Mean: -4.701744335264143 min: -11.991752565791623 max: 3.114041183476756
Mean: -1.434796742444205 min: -11.977284842438921 max: 3.0346005518454757
Mean: -2.6550465420054494 min: -11.981426823268059 max: 3.134451266780487
Mean: -1.0562937232722227 min: -11.95222030343445 max: 3.4034014250598457
Mean: -3.8511474113365933 min: -11.977077286743716 max: 2.918463060786524
Mean: -0.9474861205841613 min: -11.296752278918026 max: 2.548559794244339
Mean: -1.2983193961270132 min: -11.892390091639616 max: 2.858228142107459
Mean: -2.742981834616177 min: -12.141715309542104 max: 2.4352634545548293
Mean: -1.4798370898268374 min: -11.45044059858777 max: 3.004991477046394
Mean: -1.6826273478698923 min: -11.814701161284 max: 2.8285081778711043
Mean: 0.6473745667320039 min: -3.203082747510428 max: 2.8356000093005216
Mean: -1.5320130810107884 min: -11.576714325007844 max: 3.146003218760116
Mean: -3.186049812636715 min: -12.053803797618613 max: 3.1672935106885145
Mean: -1.3291745845077387 min: -11.919453853078519 max: 2.8468135552649376
Mean: -1.983532108655012 min: -11.905688549989645 max: 3.3304746636953735
Mean: -1.2911827869127481 min: -11.895795079834732 max: 3.4080357091114113
Mean: 0.5054498488154788 min: -12.009025035362113 max: 3.136418463089088
Mean: -2.720396588942366 min: -11.941113693341162 max: 3.4515863805397293
Mean: -1.693954056227054 min: -12.161807527259315 max: 3.1562543931183273
Mean: -1.1862741741622886 min: -11.956924382558315 max: 3.416074934282625
Mean: -2.3305799560647733 min: -12.068776494168322 max: 3.279153193943161
Mean: -3.5094033988780637 min: -11.929228624160444 max: 3.4099030812984705
Mean: -2.1961082968422145 min: -11.954914701024215 max: 3.551308626629963
Mean: -3.8279891105397383 min: -11.93348382500438 max: 3.0979786502027684
Mean: -2.9835519877616004 min: -11.915620784776094 max: 3.1914851694198796
Mean: -3.191494313424649 min: -12.19170042313652 max: 3.2794028570491798
Mean: -2.0324486354108293 min: -11.449466521798211 max: 3.1234929989315976
Mean: -1.4452216347449895 min: -12.373986336116706 max: 3.246327859298003
Mean: -1.6422250426458813 min: -11.936274861446018 max: 3.163180080939837
Mean: -3.9513759304685423 min: -11.930206527951418 max: 2.9281806920840223
Mean: -2.454601152607952 min: -11.844631920444323 max: 3.249119976343801
Mean: -0.588186399341966 min: -11.086448921342644 max: 3.2107086672036984
Mean: -1.3925370396318408 min: -11.885107588798686 max: 3.617890728662377
Mean: -0.36925420742403114 min: -11.915614745958822 max: 3.2591721517786874
Mean: -2.4301466003993752 min: -12.186228206809018 max: 3.4241493318055647
Mean: -2.270159141038195 min: -12.248578749796184 max: 3.2522201764673357
Mean: 0.2605057183700876 min: -12.120998096612752 max: 3.4667575376621578
Mean: -1.0866539955595982 min: -11.898670311443194 max: 3.4404374943794775
Mean: 0.5337715361307113 min: -10.416022290031167 max: 3.5158395639873405
Mean: -1.5564032160082348 min: -11.826294484911182 max: 3.092770308368354
Mean: 0.1306892477948091 min: -9.224465107486692 max: 3.4582794977039657
Mean: -3.2900384434054724 min: -12.130220108585274 max: 2.7004703297926365
Mean: -1.6062596468358752 min: -11.404578821736933 max: 3.340615572427952
Mean: -1.4012748524882344 min: -11.896122841292062 max: 3.467068673665128
Mean: -2.33879132554034 min: -12.237081790275802 max: 3.132353683631831
Mean: -1.3019331140592911 min: -11.564554889774646 max: 2.776376793705066
Mean: -1.394823441991292 min: -11.458148675542247 max: 2.190820700076772
Mean: -1.592029271065979 min: -11.829644444322378 max: 3.515915951694745
Mean: -2.7770870212836893 min: -12.228631008736523 max: 3.8054910704707807
Mean: -1.822855557038946 min: -11.779862366395887 max: 2.7589576769543775
Mean: -0.13530260503259914 min: -11.440672787179825 max: 3.3530983495112725
Mean: -1.4610493112065286 min: -11.286574169066297 max: 3.5967625531277636
Mean: -2.5787264556153753 min: -11.935108604348788 max: 3.29542468484113
Mean: -4.06118353071272 min: -12.188950958990283 max: 3.2944271869710846
Mean: -3.1638857841120047 min: -11.982451218656925 max: 3.3046388618871383
Mean: -3.4225377938756294 min: -11.958859069274022 max: 3.133211468535249
Mean: -6.815414657792033 min: -11.987077011905386 max: 3.225373797761602
Mean: -3.916743441158316 min: -11.986892590623583 max: 3.1516661835593096
Mean: -7.077163145538866 min: -12.017952047022208 max: 3.11351083468986
Mean: -3.3913274773779314 min: -11.99955683529204 max: 3.1702535996499908
Mean: -1.581843344337981 min: -11.536081839047721 max: 3.421466819429937
Mean: -5.4578114455785025 min: -12.221639341395322 max: 3.1798907451244833
Mean: -2.417220577902402 min: -12.003809826197793 max: 3.169234657432593
Mean: -0.9331025277984928 min: -11.953743518451946 max: 3.361095562401072
Mean: -1.3057900204785227 min: -11.96990207886629 max: 3.521362036904277
Mean: -4.280684479795697 min: -12.274559445328535 max: 3.0299164729227286
Mean: -3.94403968013951 min: -11.956217878431751 max: 2.959374053599947
Mean: -2.995984736682507 min: -12.424321372152447 max: 3.705530005896831
Mean: -2.9819444848144294 min: -12.030656865893931 max: 3.1719250374012793
Mean: -3.606432012054248 min: -11.961140510453776 max: 2.851307772603841
Mean: -4.312086242307732 min: -11.958533361621289 max: 3.427267957510006
Mean: -1.8902569435114394 min: -11.929736003831833 max: 3.1808847870649553
Mean: -0.8590862738435161 min: -11.935223196659988 max: 3.4415606038863804
Mean: -4.902671720863301 min: -12.046948924279997 max: 2.306943573969019
Mean: -3.929558058163509 min: -11.953005412857332 max: 2.9693258294247715
Mean: -4.5535379854714275 min: -12.613655159156245 max: 2.9995017195046776
Mean: -3.8499868142297884 min: -12.182542914445634 max: 3.154438643002937
Mean: -0.589419803736557 min: -12.002856465334329 max: 3.478037299449545
Mean: -3.879262207282454 min: -11.97317646493046 max: 3.025829245182042
Mean: -5.8162543642368005 min: -11.999636819351764 max: 3.309731449002712
Mean: -3.4885059766654307 min: -11.960416181008794 max: 2.877813529317018
Mean: -4.816412963464091 min: -12.020782416295306 max: 2.460096889132417
Mean: -2.537201576312626 min: -11.991820906866538 max: 3.352844699702774
Mean: -3.7828110333700176 min: -11.98008119415366 max: 3.4009323673610323
Mean: -2.2518716782704096 min: -11.941586451026742 max: 2.7471445193208264
Mean: -3.183604371674769 min: -11.967286683568277 max: 3.5219158231686007
Mean: -2.10640635306312 min: -11.974395264028045 max: 2.7017650251336436
Mean: -2.2730044244319005 min: -11.973071998202093 max: 2.7046204677044954
Mean: -5.330426990370572 min: -11.996509885604237 max: 3.3107073835507803
Mean: -5.6697370822082025 min: -12.236912318676254 max: 3.5500484503711007
Mean: -2.1246845563451324 min: -12.20317856036704 max: 3.1499423362519554
Mean: -2.154587956466236 min: -11.981580721084816 max: 3.139823873870654
Mean: -5.333384820413262 min: -12.020361986447028 max: 3.7778471535324396
Mean: -1.322879969010491 min: -12.033616447752204 max: 3.4257432689875835
Mean: -4.80480504424462 min: -12.002817747411589 max: 3.261649551476712
Mean: -3.815789654637643 min: -12.025939943153663 max: 3.0655351306522225
Mean: -2.371865577344411 min: -12.007150672160023 max: 3.542215504412732
Mean: -5.58278206866618 min: -11.975166983733045 max: 3.286930130362215
Mean: -1.7112459868524765 min: -12.162535640744066 max: 3.533297027923545
Mean: -2.757305323271244 min: -12.004681495058914 max: 3.662104736579545
Mean: -5.551395166401656 min: -12.401062428257461 max: 2.6850953276796483
Mean: -5.090765861503978 min: -12.596062216294932 max: 3.415583645325209
Mean: -2.8405579420940157 min: -11.929876025415044 max: 3.2190099789919513
Mean: -1.4390446150569147 min: -11.953049871562435 max: 3.1823746743406183
Mean: -5.531554460316374 min: -12.295449080119559 max: 1.9380248600227312
Mean: -5.559052026676531 min: -11.964064359438021 max: 1.193982703990061
Mean: -2.459224251895174 min: -11.943729344990743 max: 2.770422824765086
Mean: -3.1251260787535244 min: -11.985924413355892 max: 3.183951323921153
Mean: -3.719414535669938 min: -11.99119520392865 max: 2.8950685657189705
Mean: -2.7823268045822984 min: -11.994459451897521 max: 3.048536112731922
Mean: -5.15595930619995 min: -12.230534041174616 max: 3.232427054034066
Mean: -5.262219159962589 min: -12.019932450007547 max: 3.3867330443206196
Mean: -6.688868577334519 min: -12.037842980882465 max: 2.7891194475584338
Mean: -4.5598629064069325 min: -12.051711820299023 max: 2.756608280834424
Mean: -1.8151609510468933 min: -12.027543228384712 max: 3.94533705153902
Mean: -3.4555943673619622 min: -11.98550694978603 max: 2.4064660220501017
Mean: -2.0332173428805382 min: -11.056524786131877 max: 2.463632851585921
Mean: -0.5799916442989462 min: -11.98673149161703 max: 2.5003091413132497
Mean: -2.9918355651936372 min: -11.997233176160796 max: 2.343186271201155
Mean: -4.406298955111115 min: -12.11542282841797 max: 2.215624655906578
Mean: -1.4304341139272105 min: -12.073314917075415 max: 2.9447249006992418
Mean: -3.2454839079184623 min: -11.99675832828952 max: 3.480675028372507
Mean: -3.5343224310628365 min: -12.003840311014809 max: 2.1568063800153308
Mean: -4.121437369883192 min: -12.022599851158347 max: 2.8947647815597057
Mean: -4.138014291224037 min: -12.068957396933087 max: 3.2828339334237793
Mean: -4.457336492959999 min: -12.012415212731238 max: 2.568975773438761
Mean: -3.6600605489960953 min: -12.013250245367916 max: 3.151937391389262
