Mean: -10.167565301635197 min: -11.887158617162394 max: -5.53006675885386
Mean: -9.385015558085467 min: -11.996840678405203 max: -2.406313727360497
Mean: -10.304443827742642 min: -11.888840125654202 max: -2.405673503291998
Mean: -9.91110975478269 min: -11.336536063337823 max: -2.4052501179680092
Mean: -10.523886246344023 min: -11.933753352424006 max: -2.4064514942662054
Mean: -10.480113808223612 min: -11.872916058394498 max: -2.4065586169448525
Mean: -8.268379121677878 min: -11.690986495313359 max: -2.098041435862942
Mean: -5.385066444780355 min: -12.035858337758109 max: -2.0315349674740943
Mean: -7.183360424428519 min: -11.398567662088634 max: -2.0552311558908265
Mean: -9.874266431807467 min: -11.84928341867725 max: -1.3424208486191356
Mean: -4.51500358269284 min: -11.807206408076983 max: -0.9186722288329447
Mean: -5.210959365411189 min: -11.285406929291474 max: -0.8878556600957743
Mean: -3.66334858393932 min: -11.560742653509168 max: -0.8597389600553073
Mean: -3.299408860127648 min: -11.281917050357164 max: -0.8341859186846241
Mean: -9.520522087228693 min: -11.923776215955987 max: -0.9303576823271413
Mean: -5.779492364052767 min: -11.455112117583894 max: -0.5549741808676475
Mean: -5.939350448591553 min: -12.083157765254931 max: -0.5093013559007069
Mean: -5.943869608083117 min: -11.559705649510958 max: -0.5352270315982378
Mean: -1.3723184883183008 min: -11.146606912693038 max: -0.46086076724505015
Mean: -3.6548902900253886 min: -11.30736900406157 max: -0.463975181134913
Mean: -4.419817747522713 min: -11.767782335392013 max: -0.4449554437413097
Mean: -7.4752184702166975 min: -11.346847922401876 max: -0.410603791574741
Mean: -5.612417016896564 min: -11.274780737736892 max: 0.5083457829638722
Mean: -3.7167044817871826 min: -11.559666116558327 max: 0.4551176608357679
Mean: -2.0464263601395225 min: -11.743449035448101 max: 0.6562301561341802
Mean: -5.191514537730967 min: -11.781404417700958 max: 0.6617021932009017
Mean: -2.9764401496313146 min: -11.906665502407801 max: 0.7117736335953154
Mean: -5.291561949701858 min: -11.752854925017388 max: 0.7697888269828633
Mean: -4.002442674121187 min: -11.798539005193557 max: 0.7764496006155253
Mean: -2.909610669487466 min: -11.904033472570104 max: 0.7806404484695553
Mean: -2.8690733800553656 min: -11.610730047761514 max: 0.7873435904317355
Mean: -3.675969473253159 min: -11.926779800174168 max: 0.7810244867807851
Mean: -1.02950865963293 min: -11.816604247807344 max: 0.7843877810314142
Mean: -1.0967662155649793 min: -11.233531187747916 max: 0.795049675626687
Mean: -3.4717715266660987 min: -11.813097487604217 max: 0.791200762437696
Mean: -6.322211331551681 min: -12.270605981182621 max: 0.7978113249606896
Mean: -5.9014930807574455 min: -12.293291606513504 max: 0.7948833714184462
Mean: -6.398876327261779 min: -11.297218118892683 max: 0.7941005169482359
Mean: -6.981432132668589 min: -11.315172036379076 max: 0.7909673307020042
Mean: -7.008499185079468 min: -11.232107918682377 max: 0.7914177749691647
Mean: -6.992182615759643 min: -11.210243411596824 max: 0.7835519064160261
Mean: -7.507189123876334 min: -11.217201132283064 max: 0.7847672010215713
Mean: -8.179910331283185 min: -11.696672110368503 max: 0.8329760692621563
Mean: -7.504408752002658 min: -11.228616537972108 max: 0.7933703290070567
Mean: -7.653183435892933 min: -11.570127900042571 max: 0.7706676216658677
Mean: -9.387474684825824 min: -11.229086735740456 max: 0.7975103842035959
Mean: -8.850391030676821 min: -11.925791558038233 max: 0.7907354366788478
Mean: -7.645980217468761 min: -11.869249886877446 max: 0.7880791186286867
Mean: -6.408716560096403 min: -11.720798831252761 max: 0.7919449344485814
Mean: -5.81633654472563 min: -11.476880875529114 max: 0.7884894730532431
Mean: -10.783247945559207 min: -11.625608256462465 max: -2.671116837480285
Mean: -11.061257082760246 min: -11.212537898042342 max: -9.939342560559249
Mean: -10.496279252292137 min: -11.448055549164796 max: 0.7609869087354185
Mean: -9.230307373811282 min: -11.22110865459537 max: 0.7781041286108649
Mean: -10.664797938201641 min: -11.632575114564178 max: -0.2678205791028797
Mean: -10.615223319506415 min: -11.702352471942248 max: 0.768275204110678
Mean: -8.737183201650423 min: -11.228155864623485 max: 0.768848879122416
Mean: -9.35647370242411 min: -11.835016320072231 max: 0.7838416481421445
Mean: -4.705086804552563 min: -11.702185169243078 max: 0.7824903649732913
Mean: -10.552842266205127 min: -11.627899093921242 max: 0.7775757730768871
Mean: -9.988940168111336 min: -11.234501131364242 max: 0.7684615878962003
Mean: -10.572331335195088 min: -11.222877230308422 max: -2.142999893326945
Mean: -7.207302686571604 min: -11.21808043249961 max: 0.7840842602362051
Mean: -10.553035646333342 min: -11.65823826311608 max: 0.7732651272310869
Mean: -9.989946620051851 min: -11.244426395886714 max: 0.7754161857898394
Mean: -6.32637268462987 min: -11.353571479551496 max: 0.7867017716604066
Mean: -4.649980833207939 min: -11.99520090203916 max: 0.790662724635178
Mean: -3.443269521569866 min: -11.613571576143894 max: 0.7916109486997032
Mean: -4.025712214660442 min: -12.338019819145213 max: 0.8011455231152541
Mean: 0.015046197783947368 min: -9.401546798633927 max: 0.7982385036525304
Mean: -2.885510680961428 min: -11.714290439265234 max: 0.7979285008957273
Mean: -4.965583991004541 min: -12.369264965835239 max: 0.782413449611785
Mean: -1.5808455223677265 min: -11.732615418783254 max: 0.7993771955660333
Mean: -2.3313062598942396 min: -11.255093739784671 max: 0.8087134544139651
Mean: -4.782546891767259 min: -11.67296962929389 max: 0.7933310533158096
Mean: -3.331789427482197 min: -11.17649191240454 max: 0.8040045460766623
Mean: -1.9718668049645802 min: -11.956664200294055 max: 0.7865834163508632
Mean: -3.6991024533541186 min: -11.809137414357005 max: 0.8197747634279839
Mean: -0.4504322548024011 min: -10.876402149161386 max: 0.803645395275754
Mean: -2.2497583885693144 min: -11.196263525242765 max: 0.7892540888709335
Mean: -0.5344355025779637 min: -11.677405213525212 max: 0.8024930951531613
Mean: -1.3517409443122184 min: -11.565514313031018 max: 0.8030075068959373
Mean: -3.9015857074784286 min: -11.80668858728257 max: 0.8174144910867321
Mean: -2.967533882947176 min: -11.787801776296511 max: 0.8027128957656118
Mean: -1.9031353213888536 min: -11.469797473148796 max: 0.8238613074403478
Mean: -3.5420412017125904 min: -11.21842110750485 max: 1.2967370449443023
Mean: -2.8623714626299352 min: -11.94562165901404 max: 0.7998769605546021
Mean: -6.9553102815789725 min: -11.950886365690733 max: 0.7750470500850484
Mean: -9.676444351893231 min: -11.968682451671702 max: 0.8506790740001995
Mean: -10.236966362384718 min: -11.959706005483994 max: 0.761146670360316
Mean: -9.776824292482477 min: -11.996848440090922 max: 0.7965686183250208
Mean: -7.958309165101737 min: -11.932371598687036 max: 0.7349229524317578
Mean: -10.254834994300335 min: -11.939143604795257 max: 0.7201505892962883
Mean: -8.025675559116708 min: -11.963371175881951 max: 0.8361859755488977
Mean: -4.667564744556759 min: -11.90111552660265 max: 0.839638897554155
Mean: -3.7236931347206244 min: -11.897394602991124 max: 0.8556079364191789
Mean: -7.141510118582119 min: -11.977064224775232 max: 0.7847019055227599
Mean: -5.329139256618818 min: -11.930009448348919 max: 0.8642238475920734
Mean: -2.82992620254878 min: -11.648056643157084 max: 0.8182577657060234
Mean: -2.8832959554777133 min: -11.888124263366942 max: 0.863536346441465
Mean: -2.9163274692943655 min: -11.875674782096809 max: 0.8685928734481103
Mean: -4.412903629808282 min: -11.7521932808661 max: 0.8278626612032572
Mean: -1.2446559580608025 min: -11.361457439681995 max: 0.84363659278647
Mean: -2.933198888454728 min: -11.871678068407205 max: 0.8340944492248714
Mean: -3.6350433716681714 min: -11.910283882395854 max: 0.8799982658871935
Mean: -2.90846394574981 min: -11.946606463218469 max: 0.8544137172957972
Mean: -1.6720968475194966 min: -11.62238950616677 max: 0.8529594287606256
Mean: -2.769794565979298 min: -11.904114610473625 max: 0.8312001176237567
Mean: -1.2566307874103884 min: -11.992534057335867 max: 0.8075934892467199
Mean: -1.1687637247501488 min: -11.689227380955494 max: 0.802088803398151
Mean: -2.3471417480363685 min: -11.9441961578029 max: 0.8213840091005072
Mean: -2.2389764657634847 min: -11.856717589536732 max: 0.8196133653545465
Mean: -5.322988814346114 min: -12.308434208549668 max: 0.8086845859230225
Mean: -4.600380841934538 min: -12.081087570154512 max: 0.8300465135046129
Mean: -1.170460420001166 min: -11.282109654741078 max: 0.8341999775006395
Mean: -3.043520396862457 min: -11.822067815761685 max: 0.8422230285022266
Mean: -5.759242608409626 min: -11.825008503764147 max: 0.7945072338681454
Mean: -2.9019947867598668 min: -12.051390200957902 max: 0.8316337873131739
Mean: -3.783793373090943 min: -11.64422328982236 max: 0.8188088597073109
Mean: -1.3719815422475303 min: -11.708418113025479 max: 0.8362986294030748
Mean: -4.050904761330789 min: -11.938241997598302 max: 0.8219293042395204
Mean: -2.2801357771060884 min: -12.045455801427893 max: 0.8212927940693796
Mean: -3.4193666637729088 min: -12.207273928696603 max: 0.8260829363954874
Mean: -3.4344567077288333 min: -11.597540563007936 max: 0.818388040011888
Mean: -3.008264647079732 min: -12.092570079618882 max: 0.8610748681212793
Mean: -4.068675416640732 min: -12.020880616632516 max: 0.8401175823908155
Mean: -4.674167954811219 min: -12.006784656107182 max: 0.8241553146399243
Mean: -2.8408430410234016 min: -12.034029011209725 max: 0.8292644774700932
Mean: -4.7468596454339975 min: -12.018409234238998 max: 0.8127495973349828
Mean: -2.752305722954319 min: -11.209412348413146 max: 0.8070680061461116
Mean: -4.691168641927252 min: -11.97098929882859 max: 0.8241536263579275
Mean: -0.9895482543544206 min: -11.653334725544276 max: 0.8481886375103981
Mean: -3.850941598436564 min: -11.610337612173756 max: 0.8517677634085153
Mean: -3.027528740371262 min: -11.931726161182896 max: 0.8442670690218679
Mean: -4.7823360512316935 min: -11.948682054103891 max: 0.8462948235015367
Mean: -2.468764446879637 min: -11.75765050406878 max: 0.8332961774841863
Mean: -4.5499629759566504 min: -11.262190173337949 max: 0.8109109181389137
Mean: -2.975914788847083 min: -11.884742302181435 max: 0.8305905967950754
Mean: -3.037182443024187 min: -11.742289582281888 max: 0.7829585742402752
Mean: -1.7102719616394804 min: -11.726376767168157 max: 0.8850431488407
Mean: -4.081072873833696 min: -12.261643730088133 max: 0.8414773290067533
Mean: -2.4127859244421916 min: -11.618870436276538 max: 0.8258014050873449
Mean: -3.7451824839033043 min: -11.792760708228018 max: 0.8271417727138916
Mean: -3.870406663480902 min: -11.78661818757627 max: 0.8452829990644058
Mean: -2.371801658472855 min: -11.886783567931761 max: 0.8453393933630232
Mean: -5.150849251865313 min: -11.962393441421936 max: 0.8318852778464263
Mean: -4.824927434945435 min: -11.952054088090451 max: 0.8431755817679901
Mean: -2.9070714342718427 min: -11.855117880021382 max: 0.8075920167935601
Mean: -2.82419661835871 min: -11.417229558171643 max: 0.8174318316123887
Mean: -3.186925638618475 min: -11.226925755585146 max: 0.8061001648854268
Mean: -5.17776715840675 min: -11.384728927874942 max: 0.8158635615815406
Mean: -1.0056563330377908 min: -11.412513508452493 max: 0.8353885885914594
Mean: -3.5184167273576428 min: -11.867080760758975 max: 0.8328653490800226
Mean: -5.064687907571285 min: -12.100438504395463 max: 0.801518009769456
Mean: -4.158760830168492 min: -12.232873536226004 max: 0.7718200513752753
Mean: -2.82849602938421 min: -11.860168180600848 max: 0.8312920691677884
Mean: -2.4348658528848723 min: -12.040670416572661 max: 0.8379213990334324
Mean: -3.6210440068151355 min: -11.870432816846234 max: 0.8085098174426393
Mean: -1.6754309359526462 min: -11.70726108521228 max: 0.8295396901200345
Mean: -3.429308745373884 min: -12.341229219628158 max: 0.7876070002686075
Mean: -1.5960050956554672 min: -11.625682687924856 max: 0.8093731554961983
Mean: -2.536063454592283 min: -11.294199356993898 max: 0.8215333302963959
Mean: -3.469611410367763 min: -12.263141113882456 max: 0.8315912057559475
Mean: -4.552581557823472 min: -11.711746764610785 max: 0.8091097085680519
Mean: -3.5418333612362125 min: -11.845178805680415 max: 0.8312291624389224
Mean: -1.2691821475330103 min: -11.68062672182242 max: 0.8225588739952728
Mean: -4.695150643923466 min: -11.823720092970307 max: 0.8455270098816198
Mean: -3.9187653821747674 min: -11.755381060431805 max: 0.8215154571518255
Mean: -1.098704835808601 min: -11.31268802024261 max: 0.8282339768064055
Mean: -3.9131610965244183 min: -11.716808322476904 max: 0.8205496065025695
Mean: -2.1607207524505108 min: -11.333040774011746 max: 0.8398052059770326
Mean: -4.488076298427606 min: -11.696335239122998 max: 0.8355778169635393
Mean: -3.0184344883561733 min: -11.85206654005763 max: 0.828742329306269
Mean: -3.9209329696134967 min: -11.740617251646855 max: 0.814128802452942
Mean: -2.8971590241148317 min: -11.86607513922484 max: 0.8473953532360474
Mean: -3.866646631650707 min: -11.875397633694298 max: 0.8281463137034217
Mean: -5.401992274955862 min: -11.852548538184367 max: 0.8089075201401495
Mean: -4.017219134466916 min: -11.85574621409816 max: 0.8009266565850826
Mean: -2.6466298135528867 min: -11.327298582421571 max: 0.8264827885401442
Mean: -1.1826520286236 min: -11.70538716230546 max: 0.7956332303955603
Mean: -3.479741529225284 min: -11.549783736596357 max: 0.8486315282521415
Mean: -3.45088453778109 min: -11.927059100331968 max: 0.8268176941071302
Mean: -3.7563655312101334 min: -11.75113720342445 max: 0.8569968447222802
Mean: -4.6546041001427065 min: -11.65568563491077 max: 0.8069763867410956
Mean: -4.234652111844768 min: -11.90459351556496 max: 0.788915051658759
Mean: -4.0884939212328995 min: -11.549561336890475 max: 0.8315989555578691
Mean: -2.5659530710678102 min: -11.898259776370754 max: 0.8873626262810391
Mean: -2.850087597513474 min: -12.136889982385075 max: 0.7851226460565133
Mean: -4.970721214118644 min: -11.986565876356181 max: 0.8405084901107056
Mean: -3.0528458051035146 min: -12.340606417298819 max: 0.8035907703185808
Mean: -4.812144733707264 min: -12.05479894586675 max: 0.7948319966406768
Mean: -5.770072649372906 min: -12.321566114060518 max: 0.8316608193175685
Mean: -4.646796469223929 min: -11.73960102565163 max: 0.7512355944353811
Mean: -2.025965223786726 min: -11.596107540046463 max: 0.7831474274624485
Mean: -4.2331686661683925 min: -12.340989623966188 max: 0.7981789234323738
Mean: -4.228885739284918 min: -11.737036874287885 max: 0.8238311240824405
Mean: -4.816792909539165 min: -11.56779548072548 max: 0.8152349612938978
Mean: -4.26999438050243 min: -12.112272752853452 max: 0.7672824184302266
Mean: -6.663754778011551 min: -12.419880213271176 max: 0.7853853364196343
Mean: -6.438257687402434 min: -11.67432580028909 max: 0.7826800587273653
Mean: -4.5648472439197 min: -12.131957197150198 max: 0.8210010997417706
Mean: -4.978460266512568 min: -12.063752644256157 max: 0.8339349168549891
Mean: -4.71926845541253 min: -11.527317867972505 max: 0.8000522667694684
Mean: -5.31365359322958 min: -11.624221133035427 max: 0.8235221370831421
Mean: -4.248550364568927 min: -11.610025411819747 max: 0.8088844156079162
Mean: -5.947169129171875 min: -11.56388409018966 max: 0.8209587536018146
Mean: -5.892351784172402 min: -12.268736270919913 max: 0.8120705360811448
Mean: -3.3380066431189817 min: -11.59388324573127 max: 0.7352207222863542
Mean: -4.094219515330123 min: -11.623634313842087 max: 0.8218886336539593
Mean: -5.143075617616452 min: -11.656648834812982 max: 0.7864667247757611
Mean: -4.759658990607354 min: -11.962125910329092 max: 0.741409265415874
Mean: -2.964021933369491 min: -11.662492385618792 max: 0.8114992800446343
Mean: -6.245203220674225 min: -11.520298926775645 max: 0.7891777749922605
Mean: -5.851239274580127 min: -11.640441732124323 max: 0.8164597029442427
Mean: -2.996250580108792 min: -11.46808441928814 max: 0.7739987367510514
Mean: -4.84674284550863 min: -11.792956083116314 max: 0.8054534842947424
Mean: -4.670653226478533 min: -11.689764387301508 max: 0.8007930810259474
Mean: -5.3080470205590125 min: -11.5534090970948 max: 0.818333352108305
Mean: -2.002583091022069 min: -11.595095086741615 max: 0.7134092451266643
Mean: -4.10841075795034 min: -11.533652860031294 max: 0.8115376704465315
Mean: -3.1396490562511907 min: -11.77657714927445 max: 0.9268100101685056
Mean: -4.78489314572373 min: -11.505554285544818 max: 0.7970516225432255
Mean: -2.6214689919332823 min: -11.607420962065587 max: 0.7865148903440957
Mean: -3.5231871448938548 min: -11.68609024731139 max: 0.8596706477071185
Mean: -2.6649378319117543 min: -11.786936246863032 max: 0.8416301602851878
Mean: -1.7809601439722704 min: -11.28935093495367 max: 0.8562215272770234
Mean: -3.8972352197421705 min: -11.758826055220661 max: 0.5890833167640293
Mean: -5.209504740034252 min: -11.63520263149761 max: 0.7711836383180817
Mean: -3.4722831141558617 min: -11.828714464215286 max: 0.8747286562862264
Mean: -0.7204628982877854 min: -11.002706934265047 max: 0.8642430102276434
Mean: -2.9448898351198527 min: -11.70973914887647 max: 0.7775200834828417
Mean: -5.2540545601582105 min: -11.863124096607597 max: 0.7894231149641923
Mean: -3.4805018767100306 min: -11.842875616594782 max: 0.8393281282684993
Mean: -2.3945361543906505 min: -11.444863002840222 max: 0.8464905695913671
Mean: -6.2551976161214125 min: -11.404422682642581 max: 0.8024899248485197
Mean: -3.509066496474263 min: -11.538048361703908 max: 0.8684965791604808
Mean: -3.750072187591845 min: -11.718347471969476 max: 0.9710663979130847
Mean: -4.157175203253278 min: -11.672363735424852 max: 0.7825836182689291
Mean: -4.141537691108363 min: -11.93753032806869 max: 0.7654455709703826
Mean: -1.8128150692322957 min: -11.295158237941054 max: 0.8282880108237
Mean: -2.2903016848506663 min: -11.203971522046032 max: 0.8048480639464147
Mean: -5.213650769392583 min: -11.591164549270506 max: 0.8305198132830255
Mean: -5.223574511353295 min: -11.361532067282264 max: 0.8514875122859187
Mean: -1.4233375407096522 min: -11.35481575154275 max: 0.8268707000365869
Mean: -3.7480044119998235 min: -11.77661348960779 max: 0.8346082626938814
Mean: -3.6120472794271223 min: -11.716171633716998 max: 0.7994032742527637
Mean: -4.1392551576974315 min: -11.893083016930998 max: 0.7623818707507543
Mean: -3.379181590526713 min: -11.227520303522304 max: 0.8490379787210014
Mean: -3.544473293367324 min: -11.932566515533992 max: 0.9899819916133746
Mean: -3.5161464610831326 min: -11.451129358754734 max: 0.8714832015962649
Mean: -6.937571891746842 min: -11.454637650517123 max: 0.9742832004210565
Mean: -9.662408850896623 min: -11.5126992005168 max: 0.9954312454510303
Mean: -9.917625231830517 min: -11.517024317434336 max: 0.4370240086110942
Mean: -9.937478812536545 min: -11.472658592978874 max: 0.4406811813224117
Mean: -10.52081259777144 min: -11.785728515860328 max: -2.144019271028856
Mean: -10.958783999893791 min: -11.47699661656585 max: -9.380540779846154
Mean: -11.177655312975709 min: -11.733022030370226 max: -10.019826481028268
Mean: -11.200121305203439 min: -11.495517937905472 max: -10.665990158574832
Mean: -9.625553219789925 min: -11.758564077719225 max: -0.7237306589418091
Mean: -11.021615847699348 min: -11.75703674602895 max: -9.760059827109737
Mean: -11.068013801748792 min: -11.834177066563461 max: -9.992010132201637
Mean: -10.585263750827902 min: -12.690117553785775 max: -1.091578550328593
Mean: -10.351637806340905 min: -11.477843564355384 max: -1.135923007476853
Mean: -11.210125857459028 min: -11.593765576909824 max: -9.942437492728173
Mean: -11.130414179896398 min: -11.884485979579038 max: -9.532650786737447
Mean: -10.201250168010388 min: -11.430038842101208 max: -9.318001725201619
Mean: -9.579011195246796 min: -11.103846095073731 max: -8.956210209160485
Mean: -9.64958440979813 min: -11.602880167319297 max: -9.132827044581516
Mean: -9.732924291434399 min: -11.463645126064591 max: -9.081605034651542
Mean: -8.920518692781602 min: -10.875775523953374 max: 0.3245834190732688
Mean: -5.674222643056539 min: -11.304010816117627 max: 1.17115851909857
Mean: -3.790688426550431 min: -11.587885151121608 max: 1.3346018603364789
Mean: -5.928662744083548 min: -11.650072175147137 max: 1.3453476241293674
Mean: -6.889893884219942 min: -11.475702605908861 max: 1.1266460946289407
Mean: -5.089857236551214 min: -11.514614749162273 max: 1.2440136380550946
Mean: -6.950673500710627 min: -11.691158370476279 max: 1.2201715804541313
Mean: -7.318716056648954 min: -11.251920747350209 max: 1.1615701012091473
Mean: -8.560458788600164 min: -11.160615299486736 max: 1.126839122455813
Mean: -7.485456551560011 min: -11.887047583220092 max: 1.1850781900714207
Mean: -5.5576192815239995 min: -11.867863973364793 max: 1.260351079821177
Mean: -4.7156291440372975 min: -11.15754179839317 max: 1.3110690935881133
Mean: -4.720009889403654 min: -11.07127743359843 max: 1.4839628958807172
Mean: -5.207939473847652 min: -10.271030669034523 max: 1.3042921592604941
Mean: -6.894737390564094 min: -11.862958187436032 max: 1.3657656311911857
Mean: -5.86263981957091 min: -11.166692217793983 max: 1.2262113069172398
Mean: -5.917239215587164 min: -11.445439048394995 max: 1.3518310788091954
Mean: -7.7889893384040665 min: -11.271945875605098 max: 1.3532495251499252
Mean: -5.8347390036661535 min: -11.39620494106356 max: 1.3744112329273697
Mean: -5.840655479245802 min: -11.038987451950716 max: 1.2745245224962012
Mean: -2.5745411144887798 min: -9.939487294402285 max: 1.434638556436309
Mean: -4.65311760428545 min: -10.355170831129097 max: 1.4884103901384182
Mean: -3.655874210963117 min: -10.546860606276525 max: 1.3608574122855543
Mean: -3.3230187931804864 min: -11.448760310999056 max: 1.4039882183961152
Mean: -4.912992326602075 min: -11.185889795130226 max: 1.2905965963476953
Mean: -4.906916043295595 min: -11.083216437296135 max: 1.3723167125720777
Mean: -4.279269955285106 min: -11.142091807708141 max: 1.3752177561796928
Mean: -2.6931850408042433 min: -11.92982791672757 max: 1.3807855712435428
Mean: -6.446569390835599 min: -11.3868747503006 max: 1.3937559519821743
Mean: -2.806977999398636 min: -12.087746282351283 max: 1.3850952910905645
Mean: -3.917443924174596 min: -11.331114219292983 max: 1.3475330721631649
Mean: -5.028737378861638 min: -11.486700537830345 max: 1.36671500722205
Mean: -2.1991163161268696 min: -10.340146066578162 max: 1.3561159125139972
Mean: -2.1694271430796244 min: -10.434338980563565 max: 1.3557996115470083
Mean: -5.626599860150528 min: -11.191720039934532 max: 1.3559743488623355
Mean: -4.32735130747824 min: -10.972246053734064 max: 1.3433767049642982
Mean: -3.9015427234130184 min: -12.02120283969022 max: 1.3520849690607963
Mean: -4.727103682045647 min: -11.16270199434543 max: 1.3958180917349137
Mean: -5.767395011102238 min: -11.12888927841497 max: 1.6167577901500585
Mean: -6.504698078296647 min: -11.861245135395706 max: 1.320643215164977
Mean: -3.797330882422569 min: -11.168419903359757 max: 1.2998938825890773
Mean: -5.714122109520848 min: -12.09979889972824 max: 1.342272649154328
Mean: -6.313438236494107 min: -11.633392865721872 max: 1.4509239407507983
Mean: -7.680647960633365 min: -11.354548795741362 max: 1.4528214209997474
Mean: -7.183856758101781 min: -12.26992345673542 max: 1.8298024231735421
Mean: -6.301438701694148 min: -11.175291090151834 max: 1.4091738360080797
Mean: -6.9247893550473645 min: -11.361317842214563 max: 1.2514790269690073
Mean: -7.250516284026235 min: -11.453030172691433 max: 1.3958505514038422
Mean: -6.6313280050788475 min: -11.92813777546175 max: 1.439249508927948
Mean: -5.093153248933811 min: -11.339112545350588 max: 1.2370840738218292
Mean: -6.365379260378465 min: -12.067357684166463 max: 1.4146576752789353
Mean: -8.393748927587069 min: -12.51933030252053 max: 1.3673636610763535
Mean: -5.321226414970834 min: -11.468912722865994 max: 1.362766173186253
Mean: -2.6783769956358046 min: -10.790676136852985 max: 1.4766268786933416
Mean: -4.691562755451867 min: -11.676498088265625 max: 1.4581958787704252
Mean: -6.155271625847492 min: -11.724613614628977 max: 1.5416923994744027
Mean: -4.649896947541217 min: -11.316176846048448 max: 1.5170779637996534
Mean: -6.369690590519014 min: -11.7847511805123 max: 1.7262784496198944
Mean: -3.7497805222214415 min: -11.455185378713955 max: 1.5617180865404465
Mean: -4.933733570216292 min: -11.205011440641403 max: 1.5509214622986303
Mean: -5.783247921185881 min: -11.933520183440773 max: 1.5002256074983786
Mean: -6.628109658617042 min: -11.353125653894535 max: 1.4716711156045963
Mean: -7.319503953395129 min: -11.104230674047027 max: 1.4557435539055597
Mean: -5.81416328652337 min: -11.004508502907798 max: 2.139519255765778
Mean: -6.196141413634957 min: -11.208251304386309 max: 1.5289984942197172
Mean: -6.222370181437744 min: -11.412293119260607 max: 1.5097359225161209
Mean: -8.618126711694195 min: -11.242027428689537 max: 1.2466872980672097
Mean: -5.767427817603618 min: -11.341158231455026 max: 1.5602490571749157
Mean: -6.3250276007896575 min: -11.284342395080811 max: 1.4408939641908745
Mean: -5.117881295463034 min: -11.547320305562454 max: 1.3987342218774088
Mean: -6.195037433611465 min: -11.37324232306276 max: 1.393838610657033
Mean: -4.656966898847004 min: -11.14308031819657 max: 1.8376071587231912
Mean: -3.5171246583798363 min: -11.345118845686752 max: 1.4394782158666755
Mean: -5.332159782342311 min: -11.236441494157475 max: 1.4356467773937944
Mean: -3.3832260927360855 min: -11.220721019241214 max: 1.453325377955051
Mean: -5.017042022067189 min: -11.243919367781283 max: 1.4648244581225858
Mean: -4.7283901395933166 min: -11.316285099854749 max: 1.4914018525587163
Mean: -4.252497071640445 min: -12.000416250448811 max: 1.4511102305648376
Mean: -2.3053534308140735 min: -11.914363111713715 max: 1.4531447053445044
Mean: -6.769791512075412 min: -11.637744798344361 max: 1.657682840933464
Mean: -5.176376161899631 min: -11.465799099096408 max: 1.6655905751668378
Mean: -5.903964822140429 min: -11.671002907952792 max: 1.6385806704591601
Mean: -6.3904591166611 min: -11.972033446955308 max: 1.4620607071302045
Mean: -3.9705718572904387 min: -11.513407039842699 max: 1.5218781655778817
Mean: -3.7032127476864076 min: -12.532208255641073 max: 1.601385185023748
Mean: -1.9972125752875107 min: -11.198448705127712 max: 1.6822588250127135
Mean: -4.628516732478233 min: -11.915360357069158 max: 1.662080225487658
Mean: -2.2562978148109747 min: -11.87110139672555 max: 1.6636600589067643
Mean: -2.6644757097486194 min: -11.338982738129326 max: 1.6337067939040464
Mean: -1.9921693914316811 min: -11.486409388014067 max: 4.525304554034395
Mean: -2.7549269850929887 min: -12.27698597288865 max: 5.148219214888862
Mean: -2.607651298718727 min: -11.894308469883537 max: 4.919176507067348
Mean: -2.9549915819640837 min: -12.064370496791671 max: 4.897401069960245
Mean: -0.13048205152870748 min: -11.128778080773154 max: 5.20873945679006
Mean: -3.2544228644587685 min: -12.024743397347235 max: 4.580792222510777
Mean: -2.4274351889366304 min: -9.996387307247582 max: 4.578597254629004
Mean: -2.3272298366913904 min: -12.420082802127665 max: 4.744599266427648
Mean: -0.33487242187965555 min: -12.110048702336615 max: 4.5714297963048525
Mean: -4.848912706818116 min: -11.292508290531465 max: 5.106010784627938
Mean: -3.415033678840701 min: -11.47445994570423 max: 4.845085060618886
Mean: -5.137345833528656 min: -12.979424637108638 max: 4.0035490186836125
Mean: -3.9085631939575856 min: -12.28450203131684 max: 4.7901844224775
Mean: -1.5234052217073457 min: -10.704060070111293 max: 4.331736146929665
Mean: -2.3764038297836443 min: -12.376361619864438 max: 4.972088345354862
Mean: -2.0277391826976627 min: -11.204437232429596 max: 4.897476290135024
Mean: -4.319887666339823 min: -13.014216073679298 max: 4.505167458709564
Mean: -2.4215436913510002 min: -11.994123322909605 max: 5.017495576580685
Mean: -1.689852672550711 min: -11.544383720704978 max: 5.7241693360827375
Mean: -0.6587467083888698 min: -11.727243261832806 max: 5.896603174427122
Mean: -3.2851876621736844 min: -11.913805866200603 max: 6.318714715659908
Mean: -1.2123478725758434 min: -11.62429434304834 max: 6.23377335042812
Mean: -1.6537432453191794 min: -10.580769286742328 max: 6.439547334121596
Mean: -2.8264482237776836 min: -12.29419661669328 max: 6.507934025390974
Mean: -1.0057952212123027 min: -12.68887565089395 max: 7.135565283086926
Mean: -4.508619854392114 min: -11.566275677768902 max: 7.285769993476477
Mean: -2.5483877764645992 min: -12.639318629772667 max: 7.193146359054226
Mean: -1.0037559350233742 min: -10.911023019969473 max: 5.944707640137446
Mean: -3.4144474069473127 min: -12.467680172166725 max: 6.071857010181373
Mean: -1.2985761077150184 min: -10.238652507580925 max: 6.213385306891221
Mean: -4.446071587180589 min: -12.967014767648958 max: 6.54549895818719
Mean: -4.9062493806836205 min: -12.396566663260723 max: 6.40868413090641
Mean: -1.358604601182852 min: -12.191596457893722 max: 7.583842167701116
Mean: -1.2110407256093716 min: -11.952787389287167 max: 7.110573708276322
Mean: -4.479995268399408 min: -10.915081233101983 max: 7.177293561091986
Mean: -0.6662557507525178 min: -12.606599772409412 max: 7.1520701548548145
Mean: -3.8586053044975595 min: -12.154519408293318 max: 6.893105553061726
Mean: -2.7412752047028857 min: -12.347847615550705 max: 7.096699439498927
Mean: -3.821959984240254 min: -11.863429623791388 max: 7.304955958521375
Mean: -3.6553209904553086 min: -12.177455356154717 max: 6.506771753763799
Mean: -5.268250115676818 min: -12.064516627417932 max: 7.260411207735062
Mean: -5.799530382085992 min: -11.819234328805265 max: 6.288415398324652
Mean: -6.266310990736929 min: -11.814272863228139 max: 5.816285084232288
Mean: -5.226262173524685 min: -12.390419348747251 max: 6.727639002770499
Mean: -4.103383904267128 min: -11.973705471943743 max: 6.670020642820802
Mean: -0.07049151598428269 min: -11.431588923062632 max: 6.282945643912509
Mean: -1.6771459790186038 min: -11.739057121666026 max: 6.359553878931689
Mean: -4.311190651409777 min: -11.80576448060965 max: 6.889798711194795
Mean: -3.4708892023272506 min: -11.4187866394903 max: 6.634205061261495
Mean: -4.545986116736108 min: -13.886070054626476 max: 8.139657737819345
Mean: -4.160581770677177 min: -11.88831524263703 max: 4.423838986525963
Mean: -3.9370029965003788 min: -12.203232538982977 max: 6.905414754468535
Mean: -3.2387887157763244 min: -12.069043609051906 max: 6.605362617217043
Mean: -2.8672111923814727 min: -11.43963596089296 max: 6.919657133728111
Mean: -1.7854150654270107 min: -11.21328534301791 max: 5.415539426324581
Mean: -4.036024815631097 min: -11.62479162574141 max: 5.679316729585929
Mean: -3.835776911492073 min: -11.532241870124594 max: 6.311060876668109
Mean: -2.4665339503228507 min: -10.217756341910457 max: 7.940312485846407
Mean: -1.320781850441073 min: -11.270382912569215 max: 7.941180047012299
Mean: -2.7152577622251663 min: -12.116211596751329 max: 6.9507681298384965
Mean: -1.364063705432025 min: -11.446161405035053 max: 6.0697510331473294
Mean: -2.3948548497483766 min: -12.100035552801655 max: 6.318067576753773
Mean: -1.269215999782412 min: -11.551462611772152 max: 6.430056670772877
Mean: -1.3592774794197708 min: -10.339930216346557 max: 6.916149856556955
Mean: -1.225430868213558 min: -11.543316612503117 max: 6.6586319845786415
Mean: -4.73916924457754 min: -10.825257314745548 max: 6.6189514153844575
Mean: -2.282234716048038 min: -12.378269802347832 max: 6.671887475111688
Mean: -0.6962062875395635 min: -10.849605320708065 max: 7.7448414191055885
Mean: -3.240988498692726 min: -10.861696808660405 max: 8.004135138209525
Mean: -2.0162706088948092 min: -11.669577076349531 max: 7.069827028865345
Mean: -2.6084227215448843 min: -12.269046474335322 max: 6.819039151644938
Mean: -1.2210550876517792 min: -12.102638082893751 max: 7.232924016754102
Mean: -1.375225164364534 min: -11.491594852155632 max: 6.936593279719992
Mean: 0.6062336665678283 min: -10.3856897375191 max: 7.800690637320379
Mean: -3.9194266295813422 min: -12.123245026997479 max: 8.147313369667124
Mean: 0.7384998645822378 min: -10.842431826046619 max: 7.699086355638775
Mean: -1.9869629417409158 min: -11.288001162687813 max: 6.2977969754436405
Mean: -4.980056699686311 min: -11.598113716688628 max: 6.925812593694314
Mean: -0.9213211372686969 min: -12.035648909602749 max: 7.0717169247638
Mean: -1.3983225505768944 min: -11.524623853373404 max: 6.958356001730945
Mean: -3.2001461995975795 min: -11.523285650288992 max: 6.097295584482613
Mean: 0.6423719684645454 min: -11.585248703113447 max: 6.276566496920066
Mean: 0.30306010358800034 min: -11.009441759879206 max: 6.6699605192995595
Mean: -2.6787679234535524 min: -11.310341110316397 max: 8.129661886443913
Mean: -2.8671881940278072 min: -11.25848752610104 max: 6.549821956265183
Mean: -2.059891273704104 min: -10.834861891954455 max: 6.52640298750127
Mean: -2.95950035010312 min: -11.695523818595031 max: 6.964403105931805
Mean: 1.564165633850377 min: -10.833433155764318 max: 7.102182446675729
Mean: -0.42982742782087896 min: -9.540954207756322 max: 6.9738994994999235
Mean: -2.677837089068189 min: -12.270658772591675 max: 6.820228756132625
Mean: -3.1688469459620885 min: -12.125465219603829 max: 7.149012367402091
Mean: -6.336736528671123 min: -11.962326704714634 max: 6.057451628198558
Mean: -4.577675775947482 min: -11.899803624892423 max: 6.959107460885793
Mean: -6.335352857544665 min: -12.462030511549376 max: 6.237794241392337
Mean: -3.6817395682863063 min: -11.901966988049338 max: 4.807316408156687
Mean: -5.850128716698132 min: -12.547080261930903 max: 6.118886648961025
Mean: -1.782830794313345 min: -12.02870807167571 max: 6.2275147662373325
Mean: -1.8536927900037008 min: -11.441651657312674 max: 7.244053489157995
Mean: -4.668494709877295 min: -11.778374842209868 max: 6.299023213631511
Mean: -7.08012100461824 min: -12.156073999883859 max: 5.788499205726773
Mean: -3.124229094878929 min: -11.314470554688466 max: 7.598626898485474
Mean: -5.930184530744086 min: -11.221098990138248 max: 8.559927268816457
Mean: -2.9968406006992754 min: -11.740989983379592 max: 7.33366518315249
Mean: -1.9848666637217238 min: -11.454233981734825 max: 7.125831675010139
Mean: -5.165682413247644 min: -11.644003846853375 max: 6.740088129687976
Mean: -4.22886486875253 min: -12.039998292905558 max: 7.355837755476507
Mean: -3.6614065572211194 min: -11.257633136281688 max: 6.354669828892166
Mean: -5.233241029161541 min: -11.831216663916894 max: 5.137957330734321
Mean: -3.048864063706852 min: -11.63684732080814 max: 7.188793394876628
Mean: -1.891913066258913 min: -11.558162238993992 max: 7.622438515798909
Mean: -2.3817748706299144 min: -11.885044048239687 max: 7.4167086388186805
Mean: -1.3089182449951775 min: -11.79004822152083 max: 7.222081894829128
Mean: -2.1560337790301163 min: -11.771136904333092 max: 7.508146230429055
Mean: -3.9802370167399053 min: -11.93598431228126 max: 6.15150958772022
Mean: -1.5443225672244147 min: -12.011893637511262 max: 8.256579960851072
Mean: -3.0468324037077195 min: -11.907444061399376 max: 6.948313941601173
Mean: -3.1363431822152275 min: -11.766755758692138 max: 7.285556234863476
Mean: -2.049688907482939 min: -11.778596779734993 max: 7.25926267573429
Mean: -5.7980750332500675 min: -11.193530908433901 max: 6.068396759075764
Mean: 0.09334938176044094 min: -10.754196885761992 max: 7.671522750339511
Mean: -1.4378378395045979 min: -11.501185304627134 max: 6.609944979775443
Mean: -3.257382705315871 min: -11.330646891246438 max: 7.275119414913171
Mean: -4.3562713002160605 min: -12.074692441820357 max: 7.162458462822139
Mean: -2.798961133991513 min: -10.831033899407151 max: 7.605521284109919
Mean: -1.862089702742044 min: -11.37314038076744 max: 7.32263131525927
Mean: -2.7063248352176457 min: -11.42625175100462 max: 7.631194420903847
Mean: -4.288029396051304 min: -11.588976127130973 max: 7.319021430668889
Mean: -3.445636948680298 min: -10.975823922293136 max: 7.4462607450880185
Mean: -1.7984880338890843 min: -11.463478816165589 max: 7.212668067889666
Mean: -4.321449058989575 min: -11.404373242101322 max: 7.652370234639668
Mean: -4.424797262856023 min: -11.77035527881415 max: 7.19673004480008
Mean: -4.212603669110093 min: -11.380966153167192 max: 6.901789635517694
Mean: -7.250448234849456 min: -11.852582958237642 max: 6.643734785249236
Mean: -3.252131787913977 min: -11.606226293839615 max: 7.954853253208065
Mean: 0.17126477120580308 min: -11.76191852187539 max: 7.198017604694027
Mean: -2.2348272212507814 min: -11.87761778474152 max: 7.625408798986675
Mean: -2.526587713410199 min: -11.633944747321742 max: 7.527127679446657
Mean: -4.900707933331294 min: -10.782114351112892 max: 7.071073773628322
Mean: -3.394519901353629 min: -12.54124954891459 max: 7.828512267607509
Mean: -4.068808016357463 min: -12.198665192048004 max: 7.148928409981469
