Mean: -11.160698046153604 min: -11.735664523357402 max: -10.77251784479767
Mean: -10.305088140013854 min: -11.896221899216126 max: -5.9441982736001915
Mean: -8.420558097831417 min: -12.120230377694343 max: -5.948042012395707
Mean: -8.71291844739949 min: -11.688538815995368 max: -5.945224034443239
Mean: -9.127475193135078 min: -11.152520806171992 max: -4.916187567653386
Mean: -8.064528347226988 min: -11.708501137699374 max: -4.897278342994588
Mean: -5.869607176873735 min: -11.638804250214994 max: -4.6154657401851304
Mean: -6.148888638391004 min: -10.82195661369772 max: -4.467074255335464
Mean: -9.47212146384164 min: -10.884216113847529 max: -3.9962145011744137
Mean: -8.431787642495717 min: -11.012449720892786 max: -3.9931622235371242
Mean: -6.366349110873257 min: -10.85266955518215 max: -3.8612679637907785
Mean: -7.001584809474276 min: -11.853426447771739 max: -3.5895883659207564
Mean: -7.224005596981634 min: -10.699398229312338 max: -3.470661502274177
Mean: -6.747777991840993 min: -11.530000156023508 max: -3.4874347260149414
Mean: -7.153769438601448 min: -10.717226825651894 max: -3.473852648017567
Mean: -6.866621063984145 min: -10.980216629834608 max: -2.9565720767330945
Mean: -8.737487202361269 min: -10.848689848200335 max: -2.9670044016175985
Mean: -8.180777379896906 min: -11.234595570237897 max: -2.585501039211584
Mean: -6.758922258593017 min: -10.097233172778873 max: -2.5098849932332787
Mean: -3.794930783690267 min: -11.171465968809358 max: -1.4550113534713494
Mean: -4.051369130834582 min: -10.734318817650198 max: -1.5240639812785326
Mean: -4.773855682348828 min: -12.240773149612808 max: -1.484488126838689
Mean: -3.7519683694306756 min: -11.287550527610605 max: -1.4626394346947549
Mean: -5.542568188780654 min: -10.678756820892406 max: -1.4421235357800322
Mean: -2.9478843775470858 min: -10.147236018296562 max: -0.1661115312304447
Mean: -2.330602909448768 min: -9.585377121829353 max: -0.1591594677642751
Mean: -1.3431883330023309 min: -11.1982183236591 max: -0.04325597924643614
Mean: -1.2170384258998417 min: -11.340744809258442 max: -0.05703523468963468
Mean: -1.0500581339439619 min: -9.961717168976914 max: 0.026470083200378365
Mean: -1.2988525121622394 min: -10.47719098589633 max: 0.009514834911129758
Mean: -0.4989684241051652 min: -3.445285133198271 max: 0.02608554845243157
Mean: -2.1615766648521175 min: -10.523536055403964 max: -0.007606683286034204
Mean: -1.2709915944765746 min: -12.030758739270208 max: 0.061406679461248295
Mean: -3.7620073509274037 min: -11.594839917158538 max: 0.03127193820847674
Mean: -0.9708305918803346 min: -11.955013376772152 max: 0.05351363951439247
Mean: -1.5016193627155079 min: -11.595890736840852 max: 0.06290040106291502
Mean: -1.3764284905706587 min: -10.066462930199398 max: 0.07793738076798927
Mean: -2.050677271218621 min: -10.66207963501256 max: 0.08485887172046923
Mean: -3.382654914413473 min: -10.744321050410417 max: 0.24806521049193767
Mean: -1.587003357550057 min: -11.142946982768466 max: 0.22102897408341277
Mean: -2.4635389515910804 min: -11.255924412711138 max: 0.09896075072012217
Mean: -2.3895848117662823 min: -11.19013199825916 max: 0.11487031359533335
Mean: -1.5975677816628424 min: -10.253603976087597 max: 0.17891657798073535
Mean: -2.4893979087331672 min: -11.376820381093452 max: 0.18927016804360552
Mean: -1.1808108265521875 min: -11.586116872156786 max: 0.20478775667890295
Mean: -1.5600600473986108 min: -11.497151731556398 max: 0.2310978439925551
Mean: -1.0638178863334327 min: -10.435700025522586 max: 0.2680736975957321
Mean: -0.5942854478683246 min: -9.201409342910667 max: 0.25290130195890215
Mean: -1.3764488067185734 min: -11.429759448676936 max: 0.2884944409892199
Mean: -4.929097959238353 min: -10.99594377199513 max: 0.2769953585985952
Mean: -3.3604111764832134 min: -11.013390461355838 max: 0.32246396820829565
Mean: -1.7317372934899908 min: -11.748996135360409 max: 0.34130421581498077
Mean: -2.3046157067791238 min: -10.965343616596535 max: 0.3196322579235388
Mean: -3.6079124578554995 min: -11.02145236344612 max: 0.336296756459448
Mean: -2.5943467179102484 min: -10.99039764873145 max: 0.4175381775228477
Mean: -2.217224755257864 min: -10.8303482062516 max: 0.5572001512741994
Mean: -1.2160521884251263 min: -11.079895103970319 max: 0.5654992260022867
Mean: -1.8582372461348822 min: -11.517730868313077 max: 0.6253200132887492
Mean: -4.610730842199276 min: -11.50667412030353 max: 0.5854115322651635
Mean: -3.7790197602878153 min: -11.686985820393689 max: 0.590326672967085
Mean: -4.504229233972054 min: -10.711986271888474 max: 0.5842902711924015
Mean: -2.3964961186069376 min: -10.723287916931437 max: 0.7562345249631962
Mean: -3.0236321310590957 min: -10.733612470924824 max: 0.7891663427037882
Mean: -1.338247086408688 min: -11.53246834930436 max: 0.7195569439663857
Mean: -1.7068609529803225 min: -11.187240019668565 max: 0.6829775661980096
Mean: -2.9328030540769383 min: -10.701875472371203 max: 0.7163892003741785
Mean: -3.9007679924488743 min: -10.894061306964026 max: 0.7239362198891195
Mean: -2.632640037570017 min: -10.968615812369281 max: 0.7732649500979726
Mean: -1.1885753346475607 min: -11.578906312655965 max: 0.7392066513506906
Mean: -2.2723224158518955 min: -11.524158722832304 max: 0.748422382609892
Mean: -1.6643588669259135 min: -11.322106548343426 max: 0.7424327643663126
Mean: -1.8843894509664298 min: -10.696218422989343 max: 0.8322813308781597
Mean: -0.8004704134612505 min: -10.981905709738886 max: 0.9562297590417791
Mean: -2.7544450565005447 min: -11.286438585365666 max: 1.0935399807766166
Mean: -1.9643064117124922 min: -11.384616699017691 max: 1.0656131754567875
Mean: -2.2969095771755597 min: -11.378629783760466 max: 1.073618315406339
Mean: -3.1645492759986302 min: -11.343228290783713 max: 1.7869101425561873
Mean: -3.5095418087255688 min: -11.655496956561402 max: 1.2398825212615843
Mean: -4.012753672653098 min: -11.344439580771365 max: 1.1839896872607532
Mean: -4.345675699175203 min: -11.182448916897817 max: 1.15595117979959
Mean: -3.9881147074663916 min: -11.04218902001547 max: 1.3363075276766676
Mean: -6.492010708461763 min: -11.363670242793935 max: 1.1863042275964604
Mean: -6.793117597410051 min: -11.246126188178453 max: 1.043080607881546
Mean: -5.535536680685629 min: -11.308624886282708 max: 1.2081429365415703
Mean: -4.990330741101974 min: -11.494385267369626 max: 1.1957320643501879
Mean: -6.5382157859777665 min: -10.98045218354586 max: 1.0947709003427477
Mean: -5.441651721943042 min: -10.933029129963144 max: 1.197283553505252
Mean: -3.820849369282366 min: -11.146934895295328 max: 1.2422314781053516
Mean: -3.9651545222308435 min: -11.27515204188757 max: 1.1223577663109277
Mean: -1.9159096079747093 min: -11.030747647838202 max: 1.2517472181667886
Mean: -6.06297399065683 min: -11.79012418092753 max: 1.2153450080681858
Mean: -6.141118354340293 min: -11.601643684024662 max: 1.1150517094507248
Mean: -7.556142353564198 min: -11.966491625354507 max: 1.0082241270806018
Mean: -3.016866729571548 min: -11.645046651691848 max: 1.0697742207054737
Mean: -5.208312730707289 min: -10.97696499080668 max: 1.166286554550827
Mean: -5.136066938988787 min: -11.152970177280668 max: 1.2223481458523784
Mean: -6.143836561600834 min: -10.685659015894197 max: 1.2670598253335636
Mean: -5.366539781497088 min: -11.841111031505053 max: 1.1574121662277241
Mean: -11.205389970056903 min: -11.890314781247328 max: -10.592255347585802
Mean: -10.73292340858297 min: -11.787628681498829 max: -10.278215742177206
Mean: -9.912251264965954 min: -10.857577242519149 max: -1.9922287327918449
Mean: -9.827779725736075 min: -10.541220990684256 max: -9.25548997344496
Mean: -9.250779927009932 min: -9.288349125773516 max: -9.223440224504134
Mean: -9.29215862876929 min: -10.274482375021194 max: -9.220844530081694
Mean: -9.244147193829951 min: -9.346655442022136 max: -9.210227378528316
Mean: -9.225621830274623 min: -9.26018244430886 max: -9.189069337496546
Mean: -9.220931629645047 min: -9.338519811031077 max: -9.18500621469027
Mean: -9.218579082310216 min: -9.239692229919903 max: -9.18440672443934
Mean: -9.226685889263678 min: -9.373836786716769 max: -9.188474498383599
Mean: -9.229399458348654 min: -9.325070972260065 max: -9.18197124023489
Mean: -8.873088903543977 min: -9.254773332351796 max: -2.4205800479784876
Mean: -6.203357622363276 min: -12.160493895263201 max: 0.34394522857752907
Mean: -2.4952599083358553 min: -11.54467196073867 max: 0.33892449785519346
Mean: -2.6423793997007374 min: -11.932295000591896 max: 0.40000355116602576
Mean: -1.9979449416273076 min: -11.924855985092831 max: 0.386118670867657
Mean: -4.025745252629454 min: -11.87085978898024 max: 0.3181329321275831
Mean: -2.1364565067379533 min: -11.94006126452125 max: 0.4259494395976942
Mean: -2.5567182300087707 min: -11.880137485318272 max: 0.4104275155995803
Mean: -1.9129157427614782 min: -11.370510468937155 max: 0.4836328205454158
Mean: -2.1726120373530025 min: -11.710173018179615 max: 0.5278444297137074
Mean: -2.460248613604352 min: -11.758001780861031 max: 0.7356144464945676
Mean: -1.4286631064138167 min: -11.876189619280826 max: 0.7638018685996765
Mean: -2.5557071588268974 min: -11.843686612875839 max: 0.7628124025246117
Mean: -2.5162470533690113 min: -11.930946731734483 max: 0.7488877185555801
Mean: -2.7832213186253116 min: -11.87728221713234 max: 0.7438988934113159
Mean: -4.163198116546091 min: -11.812559317911361 max: 0.677344414755296
Mean: -3.93553996020742 min: -11.863827837350817 max: 0.7372209981954589
Mean: -4.014680862836209 min: -11.759943163863193 max: 0.7429943930662765
Mean: -3.1964267170792846 min: -11.824470307472088 max: 0.747544456321197
Mean: -1.7799701374670593 min: -11.299329730038934 max: 0.7379287381226196
Mean: -3.443243555214978 min: -11.886946961989732 max: 0.7545009068622509
Mean: -3.9646470692828437 min: -11.849313561834796 max: 0.7388920379226647
Mean: -3.9106130482939934 min: -11.868082710062263 max: 0.7468920198807323
Mean: -3.3798709285439146 min: -11.889463471730695 max: 0.749991630686463
Mean: -2.8711923474566587 min: -11.897782869267193 max: 0.758466822146432
Mean: -6.1276732007047325 min: -12.083132340502816 max: 0.7445789245370664
Mean: -4.351761644311313 min: -11.970055843823602 max: 0.7623610405418225
Mean: -5.074797718234487 min: -11.98477279592106 max: 0.7411131400576918
Mean: -3.1712162261806744 min: -11.824059783499003 max: 0.7682931398551557
Mean: -0.6261968635537745 min: -1.02338496687084 max: 0.7500008089403929
Mean: -3.5719888284507872 min: -11.872853841296317 max: 0.7525727606298183
Mean: -1.7208492705193437 min: -11.864003185661208 max: 0.7554593246293629
Mean: -4.289241686532896 min: -11.895462359545316 max: 0.7717344169203315
Mean: -4.938722527820156 min: -11.930979254129506 max: 0.806135294345147
Mean: -2.3601309687520597 min: -11.75183049791123 max: 0.9253086612251094
Mean: -2.7454019127310594 min: -11.869782866250187 max: 0.8089368659121977
Mean: -3.2655093697236253 min: -11.909204697906965 max: 0.8289538711905107
Mean: -2.3179723999818536 min: -12.035102887380152 max: 0.8240229377554381
Mean: -3.263312190989641 min: -12.04197115986415 max: 0.6152259259747909
Mean: -2.924402633976791 min: -11.965436523220266 max: 0.8138321980529326
Mean: -3.4437598066579915 min: -11.867574372024064 max: 0.8452568740130538
Mean: -4.075616510876676 min: -12.054527441341836 max: 0.7620790030164065
Mean: -2.7333388313901463 min: -11.972326784251944 max: 0.7058665137972531
Mean: -3.7894338948290036 min: -12.07524517534799 max: 0.4798718773436522
Mean: -3.4508181489090397 min: -11.916331881824696 max: 0.5000287735379635
Mean: -4.530479834992258 min: -11.96674384877284 max: 0.7744367294538747
Mean: -5.897521347015879 min: -12.208658532032532 max: 0.7511680596463896
Mean: -3.096620095647954 min: -11.839926008908513 max: 0.7623353886912644
Mean: -6.808612875060005 min: -11.979099519841322 max: 0.7961506602293578
Mean: -4.393594998690452 min: -12.00710161146134 max: 0.8029048384945324
Mean: -0.8851636798808423 min: -11.73239625983506 max: 0.8046984582909514
Mean: -5.412644526634785 min: -12.115989953852687 max: 0.7705095291701783
Mean: -6.941499274417109 min: -11.809622526788285 max: 0.7956408680672117
Mean: -8.453691701332206 min: -11.856919262401531 max: 0.8978229520600781
Mean: -9.1178154571173 min: -12.039083872439756 max: 0.7883823369268774
Mean: -9.572998092649263 min: -11.746342574063574 max: 0.8477449209056015
Mean: -10.262815740212224 min: -11.803268821562948 max: 0.32069723737951333
Mean: -9.788353592530022 min: -12.083638947328328 max: 0.7900490221439488
Mean: -6.43488007972299 min: -11.741965440380564 max: 0.7677787468321119
Mean: -7.553781665506023 min: -11.969956493649864 max: 0.8094301034084787
Mean: -9.161778985330933 min: -11.954806239216762 max: 0.76894036047954
Mean: -8.612910372843011 min: -11.882810564390688 max: 0.7722698061575012
Mean: -7.9434888405360145 min: -11.791582331872329 max: 0.8283224036916735
Mean: -5.6987161026109305 min: -11.72753163025557 max: 0.8087945150471088
Mean: -6.433573590240634 min: -11.685676538799125 max: 0.7796707879051392
Mean: -6.677590498747236 min: -11.717827203366872 max: 0.7778862131974478
Mean: -4.786015211610687 min: -11.680525758932163 max: 0.7961746961042692
Mean: -7.510926495531914 min: -11.966733571947696 max: 0.7765812378963293
Mean: -4.874254655287631 min: -11.560188226298667 max: 0.7999469947538328
Mean: -7.600203717265174 min: -12.19035040570106 max: 0.786911383077363
Mean: -7.15049034312852 min: -12.074024743697478 max: 0.8030618600996916
Mean: -8.46495772287877 min: -11.874713544522667 max: 0.7638921572300742
Mean: -6.113777250784227 min: -11.73150431894337 max: 0.7924780410256304
Mean: -6.713916783561755 min: -11.924373697978048 max: 0.8049691537106011
Mean: -8.376566301018782 min: -12.232380764461546 max: 0.7999640472535982
Mean: -5.983885530491171 min: -12.108011110215047 max: 0.8030306709330146
Mean: -6.712225540880425 min: -11.915041693122754 max: 0.7948640518433248
Mean: -6.533760615958092 min: -11.848493031688912 max: 0.7992696598078045
Mean: -5.46972917963793 min: -11.745475398309763 max: 0.8142155845248114
Mean: -7.601922288094974 min: -11.963038041968208 max: 0.8172065923051554
Mean: -4.408920746271797 min: -11.733814852308507 max: 0.8104373335720783
Mean: -4.296912467164409 min: -12.005758532978495 max: 0.81082402172686
Mean: -1.8454771676623771 min: -10.919156879141847 max: 0.8408543055048953
Mean: -6.103736597553438 min: -11.964237396520081 max: 0.8336488368650468
Mean: -3.820057808773215 min: -11.91399920849814 max: 0.8574824590648108
Mean: -5.56977117937522 min: -11.926667729678364 max: 0.8524015910775089
