Mean: -11.470550125748268 min: -11.953501692150036 max: -10.84766316067533
Mean: -11.190766627044287 min: -11.900195253813143 max: -10.825997365173325
Mean: -11.724166579871103 min: -12.142708838464877 max: -10.73399079571447
Mean: -10.901483151599411 min: -11.229755427701772 max: -10.658345984963763
Mean: -11.026500581575451 min: -11.687668742283062 max: -10.266412044606358
Mean: -10.725654711379734 min: -11.558321330538703 max: -9.651409209238452
Mean: -10.111763978337738 min: -10.631103470147464 max: -9.534795612461236
Mean: -9.932941446457395 min: -11.078158775847722 max: -9.516746832020123
Mean: -9.538823487278279 min: -9.679857119604563 max: -9.461871819356055
Mean: -9.232640820507672 min: -10.26914078236324 max: -4.770778894180161
Mean: -7.176208062802334 min: -10.08861184105971 max: -4.549229497245926
Mean: -5.781115741980491 min: -10.148453087508859 max: -4.577490007077208
Mean: -5.15906054381256 min: -11.037550449687652 max: -1.1963425436045667
Mean: -7.688619410228064 min: -11.708001524251774 max: -2.08468104446207
Mean: -6.396942496922436 min: -11.32811870151695 max: -1.201520134983674
Mean: -6.7407569558445575 min: -11.462806507273873 max: -1.1506752155218365
Mean: -6.049387925913271 min: -10.429083622303095 max: -1.1991430945771542
Mean: -8.417540955880558 min: -11.317542876810085 max: -1.8116567371742545
Mean: -5.924313109436525 min: -11.429703150005707 max: -1.1482029207869477
Mean: -7.5406128176326845 min: -12.277580644737101 max: -2.0377044672610993
Mean: -4.710430306427868 min: -12.241272512573765 max: -1.8183466401738533
Mean: -6.268578378926062 min: -11.725148517515448 max: -2.0840012816290425
Mean: -3.2469288958425637 min: -11.175728619705843 max: -1.6381650792204523
Mean: -3.3195042870143032 min: -11.648429261116828 max: -1.333037173011991
Mean: -9.459621068275366 min: -11.411753137739584 max: -1.9586760154617322
Mean: -4.7932148984065295 min: -11.491107484433986 max: -1.5071746001974442
Mean: -5.605461001691785 min: -11.436449368071589 max: -1.5257629822828618
Mean: -9.259858578177772 min: -11.415480116731691 max: -1.6134770102736775
Mean: -5.6835959005273144 min: -11.567373666311463 max: -1.6538973477950367
Mean: -9.198857901090367 min: -11.494084186978098 max: -1.0354603198098662
Mean: -7.496047472513931 min: -11.46623782491276 max: -1.3100704729451067
Mean: -7.6635542057313355 min: -11.747774049995801 max: -1.3056082686891768
Mean: -6.5399902767361935 min: -12.040494600203393 max: -1.3163621865117143
Mean: -5.205344272607077 min: -11.527473961802993 max: -1.321130870657954
Mean: -4.434386894843465 min: -11.326423036666563 max: -1.2791810026089443
Mean: -3.344452179067275 min: -11.34553319939781 max: -1.3099062592070225
Mean: -3.3682095133692487 min: -11.383249763760269 max: -1.3123964250159248
Mean: -2.4399140887746755 min: -11.27288737710624 max: -1.3086660053954644
Mean: -4.555887119008476 min: -11.305686060044113 max: -1.3148746576853692
Mean: -5.373111595122509 min: -11.32653650220773 max: -1.225074820775756
Mean: -7.297454021742806 min: -11.45818116719298 max: -1.249662969645416
Mean: -4.14371716372807 min: -11.511802515075576 max: -0.8991368211287524
Mean: -4.916292756897951 min: -11.606374051090926 max: 1.0992708987925255
Mean: -7.6835021162579995 min: -12.012544442863337 max: 1.1042222483754323
Mean: -4.658008066275188 min: -11.375333865493673 max: 1.109108742646425
Mean: -1.1041338635066233 min: -9.148505450307235 max: 1.1215409840244444
Mean: -8.334628531020503 min: -11.533468901137276 max: 0.6221413634315843
Mean: -7.109126369206443 min: -11.914504004876544 max: 1.0821793032523603
Mean: -2.294399906466753 min: -10.332928605091837 max: 1.3651991402860288
Mean: -4.807234270888191 min: -11.500663724088431 max: 1.2331645686052395
Mean: -1.1715879094013237 min: -10.14084724421328 max: 1.5375404553852576
Mean: -5.575579932216894 min: -11.125304258101327 max: 1.1194824141460038
Mean: -2.4273731961619576 min: -11.350265679703815 max: 1.1847979589288427
Mean: -4.591591059829125 min: -11.856369736716239 max: 1.3186703071876915
Mean: -4.699998442246503 min: -11.29919068105573 max: 1.071316492960671
Mean: -5.345716536109078 min: -11.019365438598403 max: 1.1466170196197258
Mean: -1.3796811250527377 min: -11.237533424740002 max: 1.1779965239922032
Mean: -0.1321797640975855 min: -9.680162693358659 max: 1.1495806427067599
Mean: -4.652589393823469 min: -11.754997790901973 max: 1.184093024636376
Mean: -1.135809118148573 min: -10.494729829673627 max: 1.5417058596441644
Mean: -1.2879661108182134 min: -10.48204002197094 max: 1.2499004976896786
Mean: -1.4110709200257587 min: -12.010140801897201 max: 1.324895457835409
Mean: -5.041742411529026 min: -10.20152793873718 max: 1.1951662079969416
Mean: -2.7867829021572006 min: -9.088838231713387 max: 1.2774817388769721
Mean: -3.551820393301258 min: -10.38464743035356 max: 1.270071177522188
Mean: -3.7701960214068726 min: -12.101735079932 max: 1.2794171770712008
Mean: -2.4559371170784248 min: -11.535034096644015 max: 1.4690233752876245
Mean: -1.479740249708042 min: -10.1111769887593 max: 1.4117428673729286
Mean: -4.3823662619850055 min: -11.715875619952655 max: 1.2221586883707174
Mean: -5.030355592502284 min: -10.894741859989061 max: 1.150186033440154
Mean: -6.9402655848971175 min: -10.78893847234582 max: 1.2986058454073044
Mean: -4.362818050463103 min: -12.70718512329931 max: 1.2649158031628487
Mean: -6.366154562647612 min: -10.805183874557537 max: 1.2468109205979612
Mean: -6.287691838010718 min: -10.715302687898191 max: 1.1210429576922445
Mean: -6.400699542356355 min: -11.147530209341474 max: 1.3644226515335314
Mean: -4.322627417633297 min: -11.906491408076725 max: 1.409692062949219
Mean: -5.217619637875982 min: -10.84358484810918 max: 1.3598945528442892
Mean: -4.035630094803994 min: -10.618829562949523 max: 1.2738433042962969
Mean: -3.310642892783787 min: -10.888116271334836 max: 1.2233084822159235
Mean: -1.9104750571011515 min: -9.516728103997513 max: 1.2464682908677165
Mean: -3.369671279110725 min: -11.417385621013224 max: 1.3093169086219711
Mean: -3.34977932168483 min: -11.379581874264266 max: 1.467986643871529
Mean: -1.4361439947301222 min: -10.023905423423809 max: 1.466455690129087
Mean: -0.2689504376482163 min: -9.610493133096655 max: 1.4621965750937052
Mean: -2.0299868047207097 min: -10.97556896598568 max: 1.6408131177037393
Mean: -2.3565317409929394 min: -10.11241511382429 max: 1.4757089479916714
Mean: -3.392757250037762 min: -9.586670105108281 max: 1.476817476049197
Mean: -1.2052277800371185 min: -11.504419474986198 max: 1.6034199561947635
Mean: -3.3310120400099352 min: -10.982655847126813 max: 1.4693895758604216
Mean: -4.353479332545283 min: -10.670465999129089 max: 1.505329658135438
Mean: -1.5344672179808794 min: -10.097950871347532 max: 1.5239149071708058
Mean: -4.573611564535282 min: -11.47860977023258 max: 1.620361597524375
Mean: -2.1606533487040664 min: -10.134156074137525 max: 1.568539354994643
Mean: -1.8615162967443488 min: -9.837621464481414 max: 1.7373386097864207
Mean: -2.0266973748807624 min: -9.604634550713522 max: 1.4843805265317025
Mean: -11.079618138116423 min: -11.75675201394384 max: -10.792920118043137
Mean: -10.537817355066407 min: -11.860043774523586 max: -6.460812454319063
Mean: -10.987479062150989 min: -11.626476413773124 max: -10.838149960315414
Mean: -10.052721759755588 min: -11.194443507106788 max: -6.460001713754628
Mean: -11.034999971841891 min: -11.836125538343316 max: -10.86095397695427
Mean: -10.035999142128045 min: -11.024525963182189 max: -6.4626289069991305
Mean: -10.064613246977283 min: -11.305658709797324 max: -6.43441308706955
Mean: -10.136828257634955 min: -11.751407632000868 max: -6.460166172241489
Mean: -10.076494085313367 min: -11.338929905653744 max: -6.4462849132515565
Mean: -10.938178489502924 min: -11.209836490406532 max: -10.748455245867373
Mean: -10.825448504555858 min: -11.0177691508128 max: -10.712774963646321
Mean: -11.119530825925136 min: -12.053820740175805 max: -10.70866071772507
Mean: -10.15223743424961 min: -11.597135716417277 max: -3.8766714018245754
Mean: -10.97373839457288 min: -12.127196331404894 max: -10.473832161281972
Mean: -10.822543479815288 min: -11.753226089031125 max: -10.443160568551253
Mean: -10.679642876490103 min: -11.537243321238583 max: -10.422905525282273
Mean: -10.47798838855805 min: -10.703089797912316 max: -10.219098675547837
Mean: -10.787117090462194 min: -12.09737014458614 max: -10.1845501359998
Mean: -10.290830897579161 min: -11.040715716913645 max: -10.163716153219408
Mean: -10.320233632289252 min: -11.265079949641677 max: -10.128981155203094
Mean: -10.17795543602195 min: -10.243121379244604 max: -10.038846070208866
Mean: -10.347279412734556 min: -11.250907198037984 max: -9.980864978793738
Mean: -10.247483920596665 min: -11.971105241596005 max: -9.882398557192882
Mean: -6.658262703824647 min: -11.16890285654092 max: -0.9677237706294131
Mean: -2.7362318322070522 min: -10.38375806508389 max: -0.7971833197659577
Mean: -3.1933044318421673 min: -11.97351975285727 max: -0.7351679327616989
Mean: -5.079062106692321 min: -11.80570249253924 max: -0.7274564148133558
Mean: -3.907096675019664 min: -11.270318271898303 max: -0.5105787328691204
Mean: -3.8888689335628626 min: -11.79520013672171 max: -0.7229395797855208
Mean: -2.8533335667112345 min: -11.154185062562819 max: -0.5928959388451934
Mean: -2.6377178791211007 min: -11.527979816723942 max: 0.1710443963344171
Mean: -0.6507663112568356 min: -0.7064227485410614 max: -0.5396256229588499
Mean: -1.7610495043638803 min: -11.168106827208797 max: -0.6550227869572017
Mean: -0.6369449854153938 min: -1.2953840080434078 max: 0.23241513548079873
Mean: -2.4935318133958093 min: -11.147796967250201 max: 0.27912778213490097
Mean: -2.1847482590044853 min: -11.45203779234711 max: 0.5005526451227149
Mean: -1.898973562027583 min: -11.480756626145023 max: 0.30348499489813496
Mean: -3.691481633440086 min: -9.835756916735116 max: 0.3069382000620237
Mean: -2.021367836348112 min: -11.472171049587061 max: 0.6105105482711303
Mean: -2.549573246267669 min: -9.941417004363995 max: 0.6785408696390298
Mean: -2.413778365091297 min: -9.742441877784762 max: 0.6983197129950709
Mean: -0.393089566121625 min: -9.245024344453391 max: 0.6998273432383542
Mean: -4.378931043943448 min: -9.3036350972196 max: 0.687153961760983
Mean: -2.3366242697566135 min: -9.45597719804322 max: 0.7043939465005273
Mean: -1.6461256996021134 min: -12.043624409368407 max: 0.6572527405342218
Mean: -1.3524659972582558 min: -9.377430455700077 max: 0.6883124501680379
Mean: -0.3789860843285152 min: -9.116768349728249 max: 0.8187917076122552
Mean: -5.485062967501797 min: -11.142406129194827 max: 0.6997967770964828
Mean: -0.2944264398468214 min: -8.95394491291706 max: 0.6994183552776312
Mean: -0.4235730070444309 min: -9.815426103778151 max: 0.6861943040285068
Mean: -2.536346080022155 min: -10.1891486332045 max: 0.6896831977746127
Mean: -1.5045895831949918 min: -10.285317807271948 max: 0.727771632550268
Mean: -2.782491661744971 min: -11.427350517859331 max: 0.7506476138065302
Mean: -2.402448555113697 min: -9.73146388729338 max: 0.7650258479868935
Mean: -0.5034934848568612 min: -9.16068885884811 max: 0.7689421206473381
Mean: -3.8034495830078194 min: -11.457424295664598 max: 0.852999986260549
Mean: -3.448437513203623 min: -9.489110231232077 max: 0.77093588966756
Mean: -4.361250744433146 min: -10.237594327420172 max: 0.760451706808777
Mean: -0.36843366326480076 min: -9.415229156860228 max: 0.7663843794554179
Mean: 0.5686743598644675 min: -0.08234922753525072 max: 0.7606201044241326
Mean: -1.4406047273040552 min: -11.298793259004805 max: 0.7953778212488027
Mean: -2.4585874363505353 min: -11.231639999601557 max: 0.783292786898559
Mean: -1.66631610954614 min: -11.380958038500811 max: 0.7806029531227672
Mean: -4.941032854482791 min: -12.08606480809404 max: 0.7924868207033895
Mean: -5.952609161799807 min: -11.157777962808613 max: 0.8516595764585135
Mean: -4.6328063955704035 min: -10.899916243727953 max: 0.9200942612022776
Mean: -3.540824777480264 min: -10.998072616722219 max: 0.9035475569579394
Mean: -2.721854653672779 min: -11.326434354282005 max: 0.9748546555047559
Mean: -4.652171810232054 min: -11.344210990955624 max: 0.9057691689683601
Mean: -1.29945031343017 min: -10.269405592151717 max: 1.046987255709292
Mean: -7.149484813952414 min: -11.474081562670275 max: 0.9449347156289687
Mean: -7.249509442456057 min: -11.199770277720951 max: 1.0172406589337275
Mean: -4.686666107310993 min: -11.18785760429118 max: 1.02406732559347
Mean: -3.926705314061002 min: -11.305449758522501 max: 0.9948186187079686
Mean: -3.4973489180175 min: -10.331453102997024 max: 1.015989383180356
Mean: -3.8026734465788046 min: -11.387011427122822 max: 1.0540065379095107
Mean: -5.7873369062893385 min: -11.373571222896665 max: 1.0253227603958537
Mean: -3.6656623230373944 min: -11.297151997808779 max: 1.1159887104304653
Mean: -6.426084080243163 min: -10.671131082200217 max: 1.1093251246327707
Mean: -3.6378690966009324 min: -11.071584538974768 max: 1.0215730998427022
Mean: -8.363347344709428 min: -9.742261232777423 max: -0.17460239842203906
Mean: -3.403286491770485 min: -10.946712231685815 max: 1.051325189527972
Mean: -9.432325638195064 min: -11.215909707921242 max: -9.111297232990227
Mean: -3.7422722922457536 min: -11.366710198970736 max: 1.1486724176299508
Mean: -6.7253092592937405 min: -11.250654943978148 max: 0.9992144470029558
Mean: -1.5295276602580277 min: -10.980589602273797 max: 1.1013916348473523
Mean: -8.543497026078336 min: -11.290724737725297 max: 0.9601426473905394
Mean: -4.1095597465495635 min: -11.830636247652194 max: 1.0171497253087787
Mean: -6.159053418437081 min: -11.259049092280716 max: 1.0179064700920388
Mean: -5.855897089907894 min: -11.173509491983445 max: 1.0370683231540738
Mean: -5.608389540668418 min: -10.987562080586216 max: 0.9592429864626401
Mean: -5.937549047468785 min: -11.373956314264325 max: 0.9220063726867341
Mean: -3.836639001696093 min: -12.017891864508774 max: 1.012666809814971
Mean: -5.148554574164795 min: -11.298720373778824 max: 1.0320818473840514
Mean: -6.0956208186224785 min: -11.423127031728741 max: 0.9894011808096623
