Mean: -11.233330269838676 min: -11.955430255891072 max: -10.815176329336378
Mean: -11.237458888939612 min: -11.750114084905883 max: -10.791941786627037
Mean: -10.913316217710731 min: -11.433770418731806 max: -10.524818196602352
Mean: -10.940226055250033 min: -11.43414597921769 max: -10.471232001386396
Mean: -10.832598134733116 min: -11.432406713406804 max: -10.40472147443453
Mean: -10.92261526313113 min: -11.433903805159964 max: -10.455692758402662
Mean: -10.92931336316477 min: -11.438596280931558 max: -10.447001485111628
Mean: -10.830682800772976 min: -11.433842280558746 max: -10.464234126606833
Mean: -10.885200966878667 min: -11.432979517707167 max: -10.443531966655577
Mean: -10.800121445119478 min: -11.431684330643403 max: -10.453176727003232
Mean: -10.803606845209824 min: -11.475281320707687 max: -10.452885119783382
Mean: -10.764597982600367 min: -11.715730599491732 max: -10.453417586307848
Mean: -10.41440646537406 min: -11.432766570950735 max: -5.742228559737082
Mean: -10.647213143666338 min: -11.430751312555186 max: -10.452688182007398
Mean: -10.61219512769959 min: -11.421047984486135 max: -10.461540736239838
Mean: -10.582760132763003 min: -11.627064799630144 max: -3.2710329594232705
Mean: -6.978104728947311 min: -11.431425282866632 max: -3.217911605039011
Mean: -3.986849431268792 min: -10.51240707515385 max: -3.118188357593531
Mean: -3.1605410470395094 min: -3.2747498049580424 max: -2.5548433377567163
Mean: -11.26386724633274 min: -11.768088053987238 max: -10.81929452583169
Mean: -11.440768800823832 min: -11.984245131047754 max: -10.830983602043428
Mean: -11.5005803815788 min: -11.957883056535323 max: -10.818564095805462
Mean: -11.204413307035807 min: -11.971862304804661 max: -10.806467948955422
Mean: -10.249804381988493 min: -11.719506602802438 max: -6.176046561964491
Mean: -9.991912232340583 min: -11.200956908805235 max: -6.151444527283977
Mean: -9.267961134105665 min: -11.112920428080175 max: -6.117865236240985
Mean: -9.937000898215775 min: -11.001834557130437 max: -6.1171510040790515
Mean: -9.977190369151474 min: -11.101420171566183 max: -6.118251495175453
Mean: -9.537723893570575 min: -11.511946107994268 max: -6.115568331584661
Mean: -9.255746236531678 min: -11.107475532625926 max: -6.117865148156237
Mean: -9.563869329471991 min: -11.775052077120604 max: -6.116946605600575
Mean: -10.780744415976777 min: -11.422287487497615 max: -6.132424053454297
Mean: -9.545402501950068 min: -11.124536327438305 max: -6.117639891199774
Mean: -9.317648271420499 min: -11.371749857350872 max: -6.11708811161505
Mean: -10.44471639401728 min: -11.4040859975279 max: -6.1182707775745
Mean: -10.727256662098185 min: -11.413273798933997 max: -7.494507019655411
Mean: -10.167491284045905 min: -10.981687324678402 max: -6.117941083854423
Mean: -10.652250759845588 min: -11.11061271207823 max: -6.11787380627413
