Mean: -11.19513547639353 min: -11.87574410960668 max: -10.71234522741735
Mean: -10.682814123382869 min: -10.762715880797439 max: -10.491689063733693
Mean: -9.801950995077412 min: -10.729950117008636 max: -3.168717066759013
Mean: -9.933676687822802 min: -11.740512148330795 max: -3.1513321034114807
Mean: -10.391040280697226 min: -10.477287695733644 max: -10.326586295127372
Mean: -10.36283757872418 min: -10.389567918245556 max: -10.339565007605838
Mean: -10.32513698793394 min: -10.396485282012634 max: -10.176768244299417
Mean: -6.556397508463744 min: -11.277263799706562 max: -0.019038326185279238
Mean: -2.3131631297945505 min: -11.337241261608856 max: -0.017593839469486207
Mean: -1.2318183523120092 min: -11.23718002160554 max: -0.0029282683518449854
Mean: -3.358749096587278 min: -11.376360143045689 max: -0.02872844308864503
Mean: -3.13550068543072 min: -11.222811809897387 max: -0.014821429647755369
Mean: -5.3399510300352535 min: -11.81601878640892 max: -0.023816420535870093
Mean: -2.269280655971354 min: -9.683933388017284 max: -0.014411913310915127
Mean: -3.335917653114874 min: -11.662823445329284 max: -0.024048838957255052
Mean: -4.214587065027975 min: -11.191946293270295 max: -0.018857220911968862
Mean: -3.2792165646027405 min: -11.198762553572147 max: -0.02273199090018145
Mean: -1.1764455499999018 min: -11.513754818643305 max: -0.009324367520733682
Mean: -2.986180832105911 min: -10.031747491569133 max: -0.028016538822603694
Mean: -2.914581745624968 min: -9.964520243634297 max: 0.047605128793438804
Mean: -2.163147523682758 min: -11.044023093460398 max: -0.026372690065845247
Mean: -3.090956880614706 min: -11.249183504150208 max: -0.016479568691868784
Mean: -4.224117621670535 min: -11.530007623425831 max: -0.023237082539889157
Mean: -0.10873045358884778 min: -0.4970648282785012 max: -0.017756835047782586
Mean: -1.1039579078325161 min: -10.571608441872469 max: 0.0848050862361726
Mean: -3.043313945348035 min: -10.50308832932556 max: -0.017865139254272473
Mean: -2.2656370779946498 min: -11.13464183818819 max: -0.01947120759261773
Mean: -5.287981386965241 min: -11.866087077222847 max: -0.017622573818362713
Mean: -2.328992997210945 min: -11.857287045366663 max: -0.02493994077920991
Mean: -2.3924407950118765 min: -11.371566906066363 max: -0.035393358929654783
Mean: -2.140073845877467 min: -10.360367272054217 max: -0.015449404544018391
Mean: -2.1589385065887545 min: -10.418943228852731 max: -0.04391986611957686
Mean: -4.366526550642305 min: -11.259020824321386 max: -0.03509577481530753
Mean: -3.1290008878662037 min: -10.405674236335035 max: -0.004434990451891814
Mean: -0.07929194324554065 min: -0.2701853646691676 max: -0.013234565835226544
Mean: -1.1797111545461578 min: -10.553545296694349 max: -0.0052760626173367735
Mean: -1.0656174865505945 min: -9.861445296647553 max: 0.0036096500613765625
Mean: -1.4368711731339452 min: -11.09748902030065 max: -0.004391962187802312
Mean: -2.161271150469119 min: -11.213951392887004 max: -0.00015122720195236833
Mean: -1.2105272148053567 min: -10.389043950993715 max: -0.0052223534777107086
Mean: -1.0686800109019527 min: -10.5225968244455 max: 0.003971940424637651
Mean: -2.299273175284904 min: -11.629739414258243 max: 0.021850986701080877
Mean: -1.1851555528070228 min: -11.811770053152772 max: 0.02608755291082579
Mean: -4.189736573340296 min: -11.333488406876725 max: 0.08875423974435052
Mean: -2.1409687453779225 min: -11.230165058910952 max: 0.0487638045584486
Mean: -1.9684217490413913 min: -10.531053432338096 max: 0.08229421305461543
Mean: -2.2034742522136943 min: -11.524232068995717 max: 0.06283680530774846
Mean: -2.2392722684756405 min: -11.554746628833445 max: 0.12177515437116194
Mean: -3.2884554541317206 min: -11.343865608559243 max: 0.10614785966226557
Mean: -2.1273732459638524 min: -11.207824148983564 max: 0.08791143484050318
Mean: -2.0848485346973322 min: -11.215221720867838 max: 0.2570941991142028
Mean: -2.932895909417176 min: -11.599563158703674 max: 0.5005033456390613
Mean: -1.9282621220909604 min: -11.233719008092065 max: 0.29292870951299105
Mean: 0.43798998356726215 min: 0.2511534655933023 max: 0.5230680428767394
Mean: -0.5726671756535701 min: -9.4356718101919 max: 0.5446499952173248
Mean: -0.523152279180339 min: -9.433095007466248 max: 0.5363169413286222
Mean: -2.6183592444835866 min: -11.219191014790011 max: 0.5290109970968071
Mean: -5.863443699060324 min: -11.702753099454984 max: 0.6285750757802374
Mean: -3.947319738518459 min: -11.291680129881415 max: 0.5270918223687437
Mean: -0.5259322287828474 min: -9.941479645510066 max: 0.5392544361900528
Mean: -2.65398928972684 min: -11.199402372649043 max: 0.5283356348332539
Mean: -1.764105468095903 min: -9.753914324072843 max: 0.5474475210382371
Mean: -2.765002792664186 min: -11.641098749017878 max: 0.5318282021497038
Mean: -2.5706900947143896 min: -10.023499947342449 max: 0.5299457778269423
Mean: -2.620075081868671 min: -10.008144645874276 max: 0.5210057998839621
Mean: -2.6182615479013345 min: -10.065626712473147 max: 0.5440214421719437
Mean: -0.7241541374578202 min: -9.860770121516772 max: 0.5562871324101258
Mean: -1.7920478600773566 min: -10.012309163476663 max: 0.5383512288802342
Mean: -0.7326596514743112 min: -9.975064855218626 max: 0.5367364159603399
Mean: -2.809403931670933 min: -11.63720061122463 max: 0.5592299033234315
Mean: -3.107099431051431 min: -11.896371599838236 max: 0.522171100320239
Mean: -2.8649294778718626 min: -11.25935791649611 max: 0.5453424960150756
Mean: -3.8900409018662514 min: -11.405975136309902 max: 0.527440084076881
Mean: -1.7184157707355592 min: -11.213678252202238 max: 0.5162663930896615
Mean: -1.781091563419853 min: -11.795703143581026 max: 0.5843576747301314
Mean: -6.397326805246189 min: -11.848237036262802 max: 0.5647520042882839
Mean: -7.5230830272330165 min: -11.81949244027074 max: 0.5766065640602369
Mean: -7.6549741239408835 min: -11.846108990316884 max: 0.5512227252814571
Mean: -4.0238454575784806 min: -11.83740716562771 max: 0.5874370376020801
Mean: -2.008497914753344 min: -11.839374153423329 max: 0.5945691158760847
Mean: -2.6790958782424688 min: -9.958903732984433 max: 0.5744231668937967
Mean: -5.569774822511922 min: -11.856367155576638 max: 0.5454473555759685
Mean: -4.276934223479607 min: -11.864977561914207 max: 0.5720079738694628
Mean: -6.502132367125538 min: -11.694075163235722 max: 0.5523520628209856
Mean: -3.589137400456336 min: -9.894518944842547 max: 0.58272451876674
Mean: -4.605481624668604 min: -11.861965952534197 max: 0.5960491712553442
Mean: -6.693129456994829 min: -11.876779879592549 max: 0.37590396532916176
Mean: -4.140801238203348 min: -11.761961423216208 max: 0.5893328066157859
Mean: -4.102956737507296 min: -11.903763795709466 max: 0.5927306889344793
Mean: -1.9767610446471378 min: -12.330923593925517 max: 0.5864554135493606
Mean: -4.0745101018022165 min: -11.712201327747046 max: 0.6982836370332473
Mean: -3.1463954049824143 min: -11.828296680781033 max: 0.5938846726170467
Mean: -3.9596387929785677 min: -11.201739695095064 max: 0.5938439244883748
Mean: -0.8158870917266803 min: -11.817119921341533 max: 0.5901454314677727
Mean: -1.747664070866577 min: -11.665203048338284 max: 0.5835594262929564
Mean: -3.194642774679429 min: -11.793180410675097 max: 0.5960473749381953
Mean: -5.976389980163789 min: -11.831785229977994 max: 0.5690622534649111
Mean: -1.8165719322061757 min: -9.961090289545012 max: 0.5972837489447259
Mean: -2.948366061729193 min: -11.79221546504548 max: 0.5989907302969826
Mean: -2.1949045244510956 min: -11.807094088837403 max: 0.563074246692206
Mean: -4.008309866899866 min: -11.829960681923037 max: 0.5931092930374863
Mean: -4.195830284772603 min: -11.78254276517461 max: 0.5665440096039729
Mean: -5.026721715636948 min: -11.800999899693247 max: 0.5981936437360797
Mean: -2.0034736350591773 min: -11.788527009945657 max: 0.6052605707280709
Mean: -2.5544763136584416 min: -11.235489280385615 max: 0.5908217908975015
Mean: -2.505394092185573 min: -9.221624885821393 max: 0.5900716963516673
Mean: -1.642556883463207 min: -11.229224356176914 max: 0.5896859870379856
Mean: -4.452527618748091 min: -11.810943417296384 max: 0.5742316114429036
Mean: -1.8402623254973176 min: -11.707243574639948 max: 0.607442955650681
Mean: -5.27254242510979 min: -11.815453087132727 max: 0.5555064791135942
Mean: -0.3999054097561741 min: -9.107086300116993 max: 0.5936583487475627
Mean: -4.743997686099306 min: -11.802266624156552 max: 0.5841583082269635
Mean: -2.7729631165793664 min: -11.277704896801401 max: 0.5933397554362922
Mean: -4.899600044211638 min: -11.748271250063956 max: 0.5648576399234474
Mean: -2.578585090522467 min: -9.998176452452826 max: 0.5986062455028799
Mean: -4.825988821617395 min: -12.237702348334462 max: 0.6007994406552386
Mean: -1.5530686251438863 min: -11.250842083015332 max: 0.5912466377632714
Mean: -1.7128486354532868 min: -11.836546591212867 max: 0.6043292966782238
Mean: -2.6536546894244277 min: -10.191844727742403 max: 0.5867001349811412
Mean: -3.764538072249519 min: -9.928689408573291 max: 0.5760054607996806
Mean: -0.4784066128001604 min: -9.962537984981468 max: 0.596113947425121
Mean: -7.046194008565996 min: -11.269097374019886 max: 0.5971228584067583
Mean: 0.5044100081621272 min: -0.13961922313863093 max: 0.595038647338323
Mean: -6.529091109885554 min: -11.822090811303914 max: 0.609864484217199
Mean: -0.47573888415306953 min: -9.982091839070021 max: 0.5996651527010064
Mean: -6.28090407879432 min: -11.823315847699142 max: 0.5932065827925905
Mean: -1.3940858223448302 min: -9.296863421711086 max: 0.6012044398955635
Mean: -6.846386070186273 min: -11.212809589388332 max: 0.5663938813628422
Mean: -0.5229106297237779 min: -9.92697711461743 max: 0.598492357911628
Mean: -7.355175611902135 min: -11.53338746667435 max: 0.5941349014845646
Mean: -1.4427307924758621 min: -10.01203590079569 max: 0.5974112695772035
Mean: -5.9922157277853785 min: -11.74706113963223 max: 0.6062916521802809
Mean: -2.3571438280876063 min: -9.234939456836997 max: 0.5954053897842211
Mean: -4.872428711851659 min: -11.206126398135368 max: 0.5890876047710674
Mean: -3.735773613343663 min: -11.621136313563833 max: 0.5948360128771419
Mean: -1.721135394605011 min: -9.964715245648401 max: 0.5949299306175124
Mean: -1.6668315059135366 min: -11.231661147405147 max: 0.5905695023662275
Mean: -5.115541225537882 min: -11.723879095302697 max: 0.6185219944634364
Mean: -0.42877211871168586 min: -9.423405984635728 max: 0.6043329666451017
Mean: -3.981234897021116 min: -11.885597345581804 max: 0.5870404344061239
Mean: -5.748596545632038 min: -11.64598374349521 max: 0.5743235031110396
Mean: -3.4688770944353764 min: -9.831232954660313 max: 0.6005490855894524
Mean: -1.4682550627725257 min: -10.03156115047733 max: 0.6035737686985556
Mean: -1.499144821368082 min: -9.861123057954924 max: 0.6212269068887841
Mean: -1.331979851200043 min: -9.250405191084909 max: 0.6087654118642347
Mean: -2.547252114836293 min: -9.955814865188445 max: 0.6005023922584336
Mean: -0.5949315951201488 min: -9.988972251959355 max: 0.6070700594974217
Mean: -4.588005692233576 min: -11.238417930471238 max: 0.6018895216604306
Mean: -9.343506206178025 min: -11.251183445482626 max: 0.5906075977178441
Mean: -7.901063414916858 min: -11.409640076099667 max: 0.16184871469663414
Mean: -9.002613853908379 min: -12.02169480922867 max: 0.5839566698241431
Mean: -6.961970836529707 min: -11.355453728036524 max: 0.17575510678715056
Mean: -8.142702490073415 min: -12.36574557852904 max: 0.5870594783471086
Mean: -6.871013722404776 min: -12.279652856703809 max: 0.5982160480568168
Mean: -8.706585128999246 min: -11.269189407085715 max: 0.5847293479993644
Mean: -7.340294852352587 min: -11.614516037528194 max: 0.5157485003826651
Mean: -5.193983224369379 min: -11.782772635946523 max: 0.19114621438876758
Mean: -6.769663908418607 min: -9.85314305231338 max: 0.5617685430495326
Mean: -6.991340539484208 min: -11.842591966374714 max: 0.11968341890216085
Mean: -6.067238970440959 min: -11.756559342651487 max: 0.5844281201701834
Mean: -5.957493071378118 min: -11.85373174779079 max: 0.5933814267151278
Mean: -7.964169576687995 min: -11.932410069170595 max: 1.0364530405941033
Mean: -3.6949076057478463 min: -11.237694022080989 max: 0.8964208963839078
Mean: -8.267047420776011 min: -11.53196341948627 max: 0.6756280196400006
Mean: -6.854670374644885 min: -11.214535205714146 max: 0.6823975723996897
Mean: -4.6526708672598565 min: -11.203332021973631 max: 0.6992530844628223
Mean: -7.238840861610095 min: -11.51016328702234 max: 0.6956371934174915
Mean: -6.1599477790394 min: -11.744658442707006 max: 0.7017774170723569
Mean: -6.732119217775886 min: -11.244685399408716 max: 0.6987064953191254
Mean: -6.81090804811048 min: -11.227356940371124 max: 0.6686564821607663
Mean: -4.62424298808717 min: -9.940360917262504 max: 0.7004165921426931
Mean: -1.7796853799749655 min: -9.824159271291036 max: 0.6807718151570067
Mean: -3.7976156655790234 min: -11.79672261602823 max: 0.6927754993566717
Mean: -0.5187334740891184 min: -10.523551137145576 max: 0.7165066141626665
Mean: -1.6662380842229265 min: -11.69911231757572 max: 0.7012734673754936
Mean: -2.003738442539675 min: -11.620305123073239 max: 0.699952703310328
Mean: -5.464828991505852 min: -11.768646792566003 max: 0.7383482409269976
Mean: -3.9941186414009757 min: -11.641248665821307 max: 0.694228975610585
Mean: -2.421683407233283 min: -10.003295935407985 max: 0.7626660606213529
Mean: -4.1395150926161675 min: -11.802589139648349 max: 0.6962368365862189
Mean: -3.007234890551627 min: -11.712808125446905 max: 0.6952829091148858
Mean: -4.068825109544837 min: -11.764670270331301 max: 0.7385144265034279
Mean: 0.6418929965984669 min: 0.16890825989744493 max: 0.8980575353785016
Mean: -2.1635772864378104 min: -8.678392469165903 max: 0.783704956393741
Mean: -1.237529332781701 min: -10.010152007136767 max: 0.8987695755308827
Mean: -0.5256075202393559 min: -11.601378751613424 max: 0.8860897196567474
Mean: -0.3297775256863294 min: -9.977602687052773 max: 0.8755189617175457
Mean: -1.7602043737291595 min: -11.980874611655285 max: 0.8531837784801067
Mean: -2.457579241870067 min: -10.021733568738329 max: 0.8554525648880187
Mean: -2.1014822621422296 min: -8.670919137759006 max: 0.8856915371743486
Mean: 0.7724827827232563 min: -0.11392071393049555 max: 0.952017043353474
Mean: -1.1495803489624625 min: -9.993545709312384 max: 0.9616344968844556
Mean: -1.495306114714761 min: -11.212293358705319 max: 0.9486318435541553
Mean: -3.429805213350746 min: -10.034608278596835 max: 0.9837326745816698
Mean: -0.23742700718771284 min: -9.9018844997567 max: 0.9734098540884004
Mean: -3.19739835476712 min: -9.997410541763067 max: 0.9554836726414638
Mean: -0.4380731311583239 min: -11.427704307013109 max: 0.9860281884981591
Mean: -0.4943609948722417 min: -11.212164377568698 max: 0.9594968800396176
Mean: -1.3109801339455045 min: -9.987283263152273 max: 0.9534039384509476
Mean: -1.46773792587579 min: -11.269695312626617 max: 0.9322242326146445
Mean: -0.38283593114940057 min: -11.488520250755698 max: 0.9504513117255111
Mean: -0.28652775402372754 min: -9.226310708856223 max: 0.9644806202060696
Mean: -0.16370055508615028 min: -9.226929423570216 max: 0.9317884832865736
Mean: -2.1487386046135297 min: -9.467507081374356 max: 0.9334020609458351
Mean: -1.3296767772301787 min: -10.023405431081352 max: 0.9520006077064052
Mean: -3.150361788643721 min: -9.927750403723815 max: 0.9547283045083168
Mean: -1.4021420789943666 min: -11.294148884375693 max: 0.9727305528901875
Mean: -3.146586965819224 min: -9.983556434983697 max: 0.8580495692627069
Mean: -1.2998330642802958 min: -10.072568006383328 max: 1.01600465700541
Mean: -0.46314816137885134 min: -11.102496595152417 max: 0.9570818666129596
Mean: -0.34540642574702785 min: -8.77009337492542 max: 0.9632466919780686
Mean: -2.064386236558173 min: -8.770180836701432 max: 0.8781269881265046
Mean: 0.6548559967818844 min: -0.7555800049056254 max: 0.9291246709478166
Mean: -2.8328421728168998 min: -11.625947176837979 max: 0.9494731610222804
Mean: 0.761904003222177 min: 0.3331472356848988 max: 0.9912298025574549
Mean: -3.8995500524722346 min: -11.26917360726727 max: 1.0164113068691236
Mean: -0.36669068214989 min: -9.889704796414062 max: 0.9451039217952296
Mean: -4.624378484826901 min: -11.470679733625737 max: 0.9162372063833669
Mean: -0.4360153974124506 min: -11.192290908942113 max: 1.006861577279737
Mean: -2.631629342854642 min: -11.500041257870482 max: 0.8760161815028554
Mean: -0.17333451499529282 min: -9.100114034827735 max: 0.9661471405557343
Mean: 0.7487731935142048 min: 0.17387223176536729 max: 0.9983612865300495
Mean: -2.4610601963925394 min: -11.281828852091369 max: 0.950007912766229
Mean: -2.493017462992728 min: -11.502837049302755 max: 0.9975433312438785
Mean: 0.8333704312441516 min: 0.3514936540105293 max: 0.9556979885152043
Mean: -0.21579594340316438 min: -9.525580088416707 max: 1.0417717528058281
Mean: -1.589178420571155 min: -11.345257106248193 max: 0.9681525050873988
Mean: -3.9662174616272394 min: -11.508770371974439 max: 0.960445643335427
Mean: -1.144797744037567 min: -9.195124961121971 max: 0.9471986907062608
Mean: 0.7676972131647779 min: 0.12262882454933727 max: 1.0042968834079486
Mean: -1.4944973700238076 min: -10.8174530588197 max: 0.9895987138993593
Mean: -2.39306088768305 min: -9.912166871437565 max: 0.9571185591716069
Mean: 0.5779864963189003 min: -0.152034550500354 max: 1.0345898625413967
Mean: -1.9033230717389764 min: -11.703789433289792 max: 0.9566648836943371
Mean: -1.5625444873540346 min: -11.290201306844484 max: 0.9025757484695341
Mean: -0.46784611988910624 min: -9.535737879374109 max: 0.9149939405271621
Mean: -0.6689287538353915 min: -11.737023027711167 max: 0.8183887461996454
Mean: 0.29542504855800517 min: -1.90458976986721 max: 0.9365455493978403
Mean: -1.3919971440060808 min: -11.222110328066691 max: 0.9326064323427882
Mean: -0.3846440244169096 min: -10.21965989939989 max: 0.8861105586252382
Mean: 0.7163048822829955 min: -0.05854297382362315 max: 0.8679444665903906
Mean: -1.3615142428279543 min: -10.281469710892008 max: 0.9482263613618325
Mean: -0.5790820079850276 min: -11.81360712183403 max: 0.8017114590329207
Mean: -1.6043860612482177 min: -11.527972366469873 max: 0.959980686146416
Mean: -2.3616249546146926 min: -10.048705316959643 max: 0.8652132923989598
Mean: -1.5480712641720196 min: -11.234544088493834 max: 0.8657828870845783
Mean: 0.8164746912137801 min: 0.6990317481664073 max: 0.9534435764826672
Mean: 0.7112232692680042 min: 0.04866979938235718 max: 0.9269508886557246
Mean: -2.0082515026245327 min: -11.813990765423068 max: 0.9074071905749181
Mean: 0.42232045383714845 min: -2.2512072229545455 max: 0.908110355142748
Mean: -4.825705603754861 min: -11.591784735534558 max: 0.8593421633075866
Mean: -2.980892704512292 min: -11.208074579006826 max: 0.7960445557860246
Mean: -1.7628189239481302 min: -9.205553401251919 max: 0.8773453377772215
Mean: -0.3672434615788759 min: -9.200412684279577 max: 0.9595411597720581
Mean: -1.15557556466559 min: -11.831698057706536 max: 0.883218577215193
Mean: -2.656726091218788 min: -10.65373540522408 max: 0.909149881167156
Mean: -0.9710881038296764 min: -11.592388664311887 max: 0.8548563843328112
Mean: -1.6506178502290614 min: -11.246294283775544 max: 0.872400523491998
Mean: -0.8625449875030634 min: -11.752105483998244 max: 0.9574918037654304
Mean: -0.6268498682519944 min: -9.74784930072083 max: 0.8796795501234154
Mean: 0.4639805252852158 min: -0.7206381964088518 max: 0.9491731563734955
Mean: -0.6617218067939515 min: -11.4260108912096 max: 0.7471720464164316
Mean: 0.3716497231281547 min: 0.0057008097614410355 max: 0.8695811090456834
Mean: -3.1157829952306852 min: -11.655478175433899 max: 0.7153747380567612
Mean: -2.8068278188415943 min: -11.321696183876448 max: 0.925309924358462
Mean: 0.5431878569878955 min: 0.0129325525324471 max: 0.8021917723067303
Mean: -1.5673376635345735 min: -10.254478879544493 max: 0.888476292488459
Mean: 0.4094855353526734 min: -0.4300188070111541 max: 0.785615945694112
Mean: 0.6616563375233081 min: 0.2543899222150819 max: 0.8509244623582344
Mean: -3.8647064605663957 min: -11.31497539591919 max: 0.7530322288164869
Mean: -1.8230289724117994 min: -11.31580004239306 max: 0.8619001460496533
Mean: -0.24278325392597355 min: -8.993229263392847 max: 1.0454665574051747
Mean: -1.7872170722019258 min: -12.135583561918574 max: 0.8838168845686422
Mean: -0.41010357294863464 min: -9.148767990231633 max: 0.9265637685863938
Mean: -0.23353946114971852 min: -10.047810770681522 max: 0.8935868125610988
Mean: -1.569926776850411 min: -10.482432296067648 max: 0.9026429075941751
Mean: -1.2450985762208648 min: -9.198772727150088 max: 0.8707693940553834
Mean: -1.8368070469762174 min: -11.203064135375833 max: 0.9066331121782302
Mean: -1.5313002981663408 min: -11.49127386926817 max: 0.8792253141946961
Mean: -3.934166566574833 min: -11.5684388176623 max: 0.8755443131597451
Mean: -2.6280858709002954 min: -10.210453729066634 max: 0.894742230930991
Mean: 0.6508551553859976 min: -0.20900965217287076 max: 0.8765084874896472
Mean: -0.886167168073487 min: -9.995091002074789 max: 0.8966991277893758
Mean: -0.32040299756356044 min: -10.838722881066715 max: 0.9247449235224903
Mean: 0.8327924253219742 min: 0.775989429431924 max: 0.8709848004989813
Mean: -2.7052337457182376 min: -11.857186452805102 max: 0.8973464788674259
Mean: -2.6154614314881375 min: -11.41497337127442 max: 0.8905615788534208
Mean: -0.5544357982209955 min: -9.493977931675738 max: 0.8759418226628848
Mean: -2.3775955433641798 min: -10.275692154396298 max: 0.9007058664281524
Mean: 0.12403043776130747 min: -1.9643609940642064 max: 0.9270261797836115
Mean: 0.7169449530162396 min: 0.09602005670283571 max: 0.8527285925257061
Mean: -1.5280475286468076 min: -11.721246368778562 max: 0.9170289656447391
Mean: -2.5046973112950894 min: -11.048026953573721 max: 0.925974129800173
Mean: -4.339573227178109 min: -11.703252112009618 max: 0.8327158292682137
Mean: 0.845445119908045 min: 0.802667900533474 max: 0.8926446741710151
Mean: -0.7978927687570821 min: -11.373693528292646 max: 0.8976098217819798
Mean: -1.9063769836596538 min: -11.441813979378379 max: 0.861923549368116
Mean: -0.9007094074984406 min: -9.977601250900607 max: 0.9067400222944992
Mean: 0.4474378902058548 min: -1.585612631014848 max: 0.8817771864833952
Mean: 0.48629570780945003 min: -1.8672064124259142 max: 0.912622089353122
Mean: -0.7642724187558467 min: -9.046088788723166 max: 0.9230147280844446
Mean: -0.6092339694331713 min: -10.09571668612551 max: 0.9164871966174299
Mean: -0.8232576620384526 min: -10.104041993830936 max: 0.9076807204587962
Mean: -1.6762533448338814 min: -11.38467501822912 max: 0.9114342018198466
Mean: -0.35322670627043806 min: -9.291836134925592 max: 0.9159488252254832
Mean: 0.8517380984924501 min: 0.7847027544298988 max: 0.9348887861789372
Mean: -1.4278502180152435 min: -10.713600464203758 max: 0.9486913085790425
Mean: -1.774071116327659 min: -11.904662400450658 max: 0.882846871181848
Mean: -0.11662647478878993 min: -9.158326188238826 max: 0.9509939227896174
Mean: -0.7145875600645939 min: -9.109922284629361 max: 0.9559313026153802
Mean: -2.6483825366215443 min: -11.539638425061185 max: 0.9548471838991829
Mean: -0.6034608015544485 min: -11.5476961553262 max: 0.985256941040678
Mean: -0.7791658502631311 min: -10.6143267834945 max: 0.9420033546323556
Mean: -0.6568094081194336 min: -10.097246490616849 max: 0.9507228763194298
Mean: -1.652674777812257 min: -10.56084557206818 max: 0.9771678018383799
Mean: 0.10214940774474623 min: -1.9651199370015806 max: 0.9703762227608079
Mean: -1.7956387172532817 min: -12.34046940319578 max: 0.9676654633730338
Mean: -0.4442418537021825 min: -9.424773979750759 max: 0.9664560564959432
Mean: -0.6239035906870202 min: -9.392952088862517 max: 0.9878108171021448
Mean: -1.5511091795940743 min: -10.29193065125886 max: 0.9655083710071778
Mean: -3.378114013624299 min: -11.404303770596083 max: 0.979367524476987
Mean: 0.48874421207354485 min: -1.6287116515047915 max: 0.9785928238769693
Mean: 0.37789571539211075 min: -1.810744546532708 max: 0.9575539331077502
Mean: -1.6943057514947433 min: -12.031926426227994 max: 0.9696770262593474
Mean: -0.08593835781386305 min: -2.487300763092014 max: 0.9806044096925399
Mean: -0.30668148014268787 min: -11.416132177967038 max: 0.9574109757014674
Mean: 0.5449778686208127 min: -1.2584934424811463 max: 0.9875059190695588
Mean: -2.7418756041529813 min: -11.384854428793894 max: 0.9862323197548412
Mean: -2.768501439843226 min: -12.21912344442391 max: 0.9618016640766732
Mean: -0.7870224310715328 min: -12.219601477156623 max: 0.9719784128748121
Mean: -3.067154842759027 min: -12.182411501295336 max: 1.0998843582920974
Mean: -1.6456202523472456 min: -11.096073569270551 max: 0.9313110963588895
Mean: -3.9394484376373162 min: -11.498274734154228 max: 0.9563257504642502
Mean: -0.7775443717897425 min: -11.206407490090736 max: 1.0516996060468653
Mean: -1.7854109494751662 min: -11.42135967912969 max: 1.078054968932066
Mean: -3.8431321414221458 min: -9.950908681316646 max: 0.7901686096618291
Mean: -0.6647301700229874 min: -9.783744984142789 max: 0.9266748450873219
Mean: -2.4508503803652997 min: -12.322639067126723 max: 0.9774797258622092
Mean: -1.8269610806137315 min: -10.04289685383497 max: 1.2134850925805294
Mean: -2.241194977484873 min: -12.295287249852688 max: 0.9719865814262817
Mean: -1.1755213874255115 min: -11.216741269558687 max: 1.051877885587469
Mean: -1.9980450580594629 min: -11.27673309948741 max: 1.061062416299562
Mean: -3.832940263067276 min: -11.673146680734042 max: 0.9622478354176248
Mean: 0.17619461164059436 min: -1.3947195593865183 max: 0.9610091020452637
Mean: -0.7395136553498405 min: -11.261257305854324 max: 1.0126083704520108
Mean: -0.01528165959082517 min: -2.0417818280754516 max: 1.2542109683452618
Mean: -0.5095128391695972 min: -9.979714695148356 max: 1.076551484916889
Mean: -0.378222898991085 min: -9.55204726343139 max: 1.2721400587030918
Mean: -0.06399435894268532 min: -2.3131804961196947 max: 1.0710809028637374
Mean: -0.8619538343803702 min: -10.183327701645322 max: 1.5449353499977425
Mean: -1.4104610776598485 min: -9.274318688416278 max: 1.132303893417089
Mean: -0.3973897688244631 min: -10.150763293416665 max: 1.705967194348295
Mean: -1.3168960614176553 min: -11.341353449800286 max: 1.485262311212292
Mean: -2.8549353548353373 min: -11.673294252881876 max: 1.2838724253141716
Mean: -0.1774156937705179 min: -9.642602401340314 max: 1.0192824096220012
Mean: 0.5599954481725445 min: -1.757393287242729 max: 2.114576126695717
Mean: -4.945196829089536 min: -10.569616959105428 max: 1.763070052762232
Mean: -0.244895150883434 min: -11.307308636422981 max: 1.3075256832148883
Mean: -4.029935737805658 min: -11.48867427469439 max: 1.2815804183618917
Mean: -5.4355187157045695 min: -12.307748283175439 max: 1.0396651766611504
Mean: -1.217686604267168 min: -12.1290961768199 max: 1.152523136762945
Mean: -2.283894130199741 min: -11.635905749283603 max: 1.309896257011413
Mean: -2.0103252926697492 min: -11.495272261213143 max: 1.035703282429782
Mean: -1.6721183339118955 min: -11.119777681009271 max: 1.3433631981106449
Mean: -2.111834642177444 min: -11.231665805131001 max: 1.1586790002953946
Mean: -2.6906147011051806 min: -11.303059010125185 max: 0.8494691036221639
Mean: -3.195546772150096 min: -12.07326222157891 max: 0.990490639509556
Mean: -1.8970329995378266 min: -10.051460126819165 max: 1.249668930323683
Mean: -0.31796734697116436 min: -2.3169035533720095 max: 1.0979380446739926
Mean: -4.055644294987061 min: -11.551739285057105 max: -0.688981360771096
Mean: -0.38768951526850537 min: -9.316253119601 max: 1.0000994657548
Mean: -0.33419419826845004 min: -1.907152212649067 max: 0.9901038205105958
Mean: 0.7448877898103857 min: -0.5780140487607764 max: 1.1109454661615572
Mean: -1.5354358966798607 min: -9.755094604820945 max: 0.9726642232332459
Mean: -1.8413568609452973 min: -11.34398184466597 max: 1.0092682712401952
Mean: -1.6764179091274407 min: -9.977010790302396 max: 1.0818223547640928
Mean: 0.7268247605481848 min: -0.5859009525855892 max: 1.2121250146229767
Mean: 0.3716516798128932 min: -1.5546099038370338 max: 1.2022295494967508
Mean: -0.4244153815046877 min: -10.649631418037487 max: 0.9995486280179978
Mean: -0.9780420167756159 min: -11.291966816916883 max: 1.0113064847438922
Mean: 0.6478400580462443 min: -1.7406285217816977 max: 1.7838844298207894
Mean: -3.2581792848892257 min: -10.330311603123304 max: 1.0972257525119051
Mean: -0.549317554252192 min: -9.77518886950401 max: 1.2581333894092501
Mean: -5.1037813693523955 min: -10.721641711058508 max: 1.3987136820929909
Mean: -2.1902423096226045 min: -10.042505764847657 max: 2.146706244772213
Mean: -4.024543059651537 min: -10.227329228738949 max: 1.7849697950111745
Mean: -2.302472348890573 min: -10.540857711213784 max: 1.1447045449323447
Mean: -3.1685061989620302 min: -11.714822119144161 max: 1.6115362967750826
Mean: -0.11812114183246795 min: -9.769276499462203 max: 2.8737906453185187
Mean: -0.4356354690623335 min: -8.982230153203483 max: 1.3200249372856934
Mean: -1.1440045902580434 min: -9.643634509728953 max: 1.4423830657482684
Mean: -2.4478034071984305 min: -11.211731613331798 max: 1.2651997025799564
Mean: -4.828611355353515 min: -11.887661716670468 max: 1.0492338030180866
Mean: -0.08699326719987503 min: -11.59096647625016 max: 1.9958145755240486
Mean: -8.96954123501735 min: -9.228319840027158 max: -8.743334964997564
Mean: -8.32766768613841 min: -10.762867434805894 max: -0.5473335824396212
Mean: -8.14115786668419 min: -9.400609510466833 max: -0.801482087390167
Mean: -4.222503756611665 min: -11.370491908715259 max: 1.1540327986419128
Mean: -0.8234522786979352 min: -12.343660096843452 max: 1.0775325120117083
Mean: -0.772526031182455 min: -11.695874298659517 max: 1.2734848585839873
Mean: -0.2652452902572363 min: -10.456677035323647 max: 1.492857570530456
Mean: -1.7655663042912415 min: -11.685521712279115 max: 1.2918661031394163
Mean: -0.15231374386839125 min: -8.866182093937548 max: 1.4000690861390253
Mean: 0.5010639977565873 min: -0.6705738978338179 max: 1.1009149714685105
Mean: -0.417490021639102 min: -9.500597782744524 max: 2.1063910926869496
Mean: -1.5448256975334638 min: -10.158705368397937 max: 1.615808272139027
Mean: -0.9544854224429598 min: -12.31069587526483 max: 2.2408414520654993
Mean: -0.8873231073534715 min: -9.767926203225041 max: 2.3953748396331505
Mean: 0.04821884958828822 min: -12.051358565640921 max: 2.6650791415035977
Mean: -2.433924113486077 min: -11.16695399264813 max: 1.7779340637693375
Mean: -2.9639135436003956 min: -12.060467181650237 max: 2.471472066268557
Mean: -2.9106953887689713 min: -12.314157964429157 max: 1.7229018342947555
Mean: 0.15323935837486186 min: -8.877597427668123 max: 2.579112753614403
Mean: -0.12345499268501466 min: -11.138196148453051 max: 2.3782619238370386
Mean: 0.38903913286808683 min: -9.533076299548316 max: 2.718475543664619
Mean: -3.0397277605812376 min: -10.909997583013977 max: 2.766782233309467
Mean: 0.27768535001691974 min: -8.22273293008476 max: 2.1307655864771884
Mean: -3.3340124176646335 min: -11.908059899647355 max: 2.604564133635696
Mean: -0.446361862140393 min: -12.135840612438967 max: 2.5053713520503096
Mean: -1.9879533978788313 min: -12.033401236476871 max: 2.8238202241529278
Mean: -0.10766416199634017 min: -8.057270985927111 max: 2.3160582158134324
Mean: -1.8635832972427782 min: -12.293228239169654 max: 2.641523438316989
Mean: -2.682400186360066 min: -10.510643223501688 max: 2.359663541658899
Mean: -4.826521062350009 min: -11.775863234272697 max: 2.459333747440832
Mean: -4.55454185241245 min: -12.14904501545726 max: 3.13616523298049
Mean: -0.4878064368372096 min: -9.454613993943648 max: 2.8233203902464616
Mean: -3.4249252608082346 min: -11.964301022064953 max: 2.3949382349521096
Mean: -2.3235997863447273 min: -10.622032911034742 max: 2.6374896694379704
Mean: -1.2567137457876976 min: -11.967276687488395 max: 3.27208517274829
Mean: -5.0777666103665124 min: -11.991654404290884 max: 2.4618257877778706
Mean: -0.6748567436389628 min: -10.03481510197098 max: 2.3480231008987564
Mean: -2.878581716356701 min: -10.67974724411178 max: 2.1570431262670726
Mean: -2.6345826115918585 min: -11.963278588484124 max: 2.763369066493851
Mean: -4.557310061257149 min: -10.430707211020067 max: 2.370785656304861
Mean: -0.6079526935563824 min: -7.47660784911719 max: 3.356495796540259
Mean: -0.3426668058209509 min: -11.297975055952945 max: 2.4957530101852363
Mean: -5.250992929323755 min: -11.85635575988554 max: 3.12976207303241
Mean: -9.20395005665755 min: -11.707730563534833 max: -0.15605465679613562
Mean: -4.528482004965818 min: -12.06609488886484 max: 4.004779449512988
Mean: -10.035814452376089 min: -12.060004438696094 max: 1.692391712148288
Mean: -6.723617850041478 min: -11.845965840204077 max: 2.81902356685076
Mean: -9.82292710296061 min: -11.914248515443163 max: 3.3874563738957626
Mean: -5.508261292950271 min: -11.930205628438667 max: 4.307621780334515
Mean: -4.156285568156695 min: -12.15128406756869 max: 4.102970131802259
Mean: -3.8865825154305327 min: -11.987170008164163 max: 4.200770460668383
Mean: -1.1917605515731229 min: -12.015679220661877 max: 4.057494463345153
Mean: -3.785126211322763 min: -10.16095199738839 max: 4.795954492334789
Mean: -2.4540352415541173 min: -12.045796375663116 max: 4.008315929473538
Mean: -3.540906680333337 min: -12.043269107400807 max: 4.964466863496332
Mean: -1.5938264647990406 min: -12.117732857257192 max: 3.945267335504232
Mean: -0.5388098679761459 min: -11.564836458264564 max: 3.439264177000398
Mean: -1.6991283218010202 min: -12.019729222807761 max: 4.54964576369898
Mean: -1.5732920803528132 min: -11.771284792081156 max: 4.415117248773601
Mean: -1.0171842152239898 min: -11.950672310803181 max: 3.877797469590528
Mean: -1.543655405267766 min: -11.887477319079428 max: 4.769745227205232
Mean: -6.936158411481363 min: -12.019951625476025 max: 3.9487068805192274
Mean: -4.186920546668259 min: -12.006672356860093 max: 4.569615842558378
Mean: 0.7970521044500175 min: -9.394361808637345 max: 5.031619616358328
Mean: -6.850546066005231 min: -11.998774510852433 max: 3.2864997284913615
Mean: -1.1521373743196843 min: -11.917035938830821 max: 4.387178258700783
Mean: 1.9965193846270997 min: -12.02118213847271 max: 4.422310752093959
Mean: -4.442548050599744 min: -12.03783206264109 max: 3.3448059480730805
Mean: 0.21723211558318783 min: -9.453904823951458 max: 3.7763266314715627
Mean: -6.895373325308611 min: -12.042343925413775 max: 3.807165949423777
Mean: -5.904085552281979 min: -11.934398229738143 max: 4.300709635466418
Mean: -2.833428705568246 min: -12.050388865250259 max: 3.9411165177194745
Mean: -4.29713095180113 min: -11.867412745229956 max: 3.58995502154092
Mean: -6.088254613768323 min: -12.136189735961675 max: 4.387346322698477
Mean: -5.63793259198567 min: -12.026513270139226 max: 3.0354641788438483
Mean: -2.480600045281599 min: -11.918766792234175 max: 5.553605016759232
Mean: -3.6672441944799994 min: -11.868673110940543 max: 4.676111279901236
Mean: -2.995595225642318 min: -12.090774698363509 max: 4.237290489795318
Mean: -7.241707646736719 min: -12.055652258198858 max: 2.9791222505824435
Mean: -8.018127843533776 min: -11.971039825378398 max: 4.633710733747518
Mean: -2.024585541044334 min: -11.707085388179701 max: 4.874672920101317
Mean: -5.57987234047463 min: -11.908614182652759 max: 3.8549322450863235
Mean: -4.485052762734068 min: -12.092986003788551 max: 4.603798836949354
Mean: -3.392391014129289 min: -11.965117487801104 max: 4.29767637961656
Mean: -4.885290675375949 min: -12.26276602360482 max: 4.79026969554069
Mean: -2.7755294872589307 min: -12.073657730902854 max: 4.369773352885142
Mean: -5.398510725496331 min: -12.263274151573556 max: 3.6459705672107874
Mean: -4.028190905882464 min: -11.832949877009714 max: 4.552205126054656
Mean: -2.993218463533698 min: -11.856420769527064 max: 4.050493899535585
Mean: -2.0739136659776274 min: -11.806026798437632 max: 4.251245232581332
Mean: -6.049091347722082 min: -12.15466138339612 max: 3.605507287169736
Mean: -4.355948238531707 min: -11.984173821357954 max: 4.172207143035824
Mean: -5.2535958591215905 min: -11.980142651995813 max: 2.4181044689562334
Mean: -8.53351163097114 min: -12.364563950793086 max: 4.146437963656512
Mean: -1.6730324444380318 min: -11.841171794506742 max: 4.5368223959253156
Mean: -5.539391225030316 min: -12.120664170263696 max: 4.194527544184748
Mean: -3.1468212255867205 min: -11.613603553597423 max: 4.653523246653636
Mean: -3.196972787225211 min: -12.320645103788896 max: 3.9332848167353527
Mean: -5.167498335047372 min: -12.347588930454666 max: 3.951827317444915
Mean: -6.47010857444229 min: -11.870887911613805 max: 4.6136241579117545
Mean: 0.486509018600335 min: -11.650227421123521 max: 4.3808733334611984
Mean: -0.8848405742071537 min: -11.666241461639327 max: 4.719133531784378
Mean: -10.997926067096584 min: -12.053545345716426 max: -10.75808842483194
Mean: -9.90008090870893 min: -10.861221845294535 max: -2.168927012592594
Mean: -8.272183745075663 min: -11.075058148311202 max: -1.7081599296788244
Mean: -2.017265756822833 min: -2.347534701483213 max: -1.707615277106727
Mean: -2.596618736471231 min: -10.48269129875085 max: -1.709123450434334
Mean: -2.649519391714418 min: -11.083258134654786 max: -1.7092065712867786
Mean: -2.622707897165648 min: -11.283065982636126 max: -1.275977114928085
Mean: -1.566111137202813 min: -2.358948747363449 max: -1.0356623582396078
Mean: -3.4652988098143234 min: -11.352879690112049 max: -1.122643357191973
Mean: -4.1610108511479265 min: -11.325681276102054 max: -1.1217828107229753
Mean: -4.143809471723668 min: -11.21846599113991 max: -1.008647438554217
Mean: -2.948220574113008 min: -11.101717454866446 max: -1.0022252392979347
Mean: -3.045147056082363 min: -11.25210487310222 max: -1.0015830665574108
Mean: -3.002787547546319 min: -11.253236230188609 max: -0.9969308014961525
Mean: -2.0256937783969464 min: -11.244414298156277 max: -0.9946574574474217
Mean: -3.143603347642535 min: -11.286725473516807 max: -0.994902605156291
Mean: -3.0524969671335773 min: -11.458090647955363 max: -0.8123953561689131
Mean: -1.8874188514133823 min: -10.622774366638264 max: -0.8081477281195507
Mean: -2.7876623717740197 min: -11.142970811817857 max: -0.8048161572386818
Mean: -3.809202866478512 min: -11.251785575435807 max: -0.8083074500811618
Mean: -4.991105193577795 min: -11.29544739189893 max: -0.7917883675786369
Mean: -3.9568825393867373 min: -11.284413599405998 max: -0.7706506805939675
Mean: -3.871908507838589 min: -11.221950086529677 max: -0.763572514526666
Mean: -2.887581794375751 min: -11.133909964781441 max: -0.7602469740133674
Mean: -1.8636665690787613 min: -11.22071392538036 max: -0.7596502685357512
Mean: -4.8063345434575115 min: -11.195449894892363 max: -0.7610228040564166
Mean: -3.783574466693936 min: -11.299317895084844 max: -0.642143222402962
Mean: -3.940419170794661 min: -11.651157515282993 max: -0.737365099866808
Mean: -2.7548125736175373 min: -11.2204888390176 max: -0.6406715095996159
Mean: -2.8406656235761845 min: -11.253507711013505 max: -0.7285268325818751
Mean: -1.7951385923977636 min: -11.449149039276564 max: -0.6428598233149131
Mean: -2.6579770373494056 min: -11.223126627323621 max: -0.6412621797612523
Mean: -1.728475688313995 min: -11.257427110804432 max: -0.6435243769913827
Mean: -3.78102501787849 min: -11.332712406475098 max: -0.6408898421277662
Mean: -2.7768895438736365 min: -11.222717395708276 max: -0.6369891981371311
Mean: -3.7800325283901373 min: -11.683210993300069 max: -0.6404522106447611
Mean: -2.7839597816448607 min: -11.371453730293364 max: -0.6350822052301253
Mean: -2.7569857503584876 min: -11.157321107312479 max: -0.6451811446081154
Mean: -3.821631015748641 min: -11.262878892260666 max: -0.639978693545921
Mean: -3.7725934763839306 min: -11.25381470205846 max: -0.6452549231546003
Mean: -1.6625527770706081 min: -10.732716576265668 max: -0.5798275323572872
Mean: -5.963638610756976 min: -11.69310242032893 max: -0.5778094836983836
Mean: -2.695947150440686 min: -11.21625446168741 max: -0.4934131606209424
Mean: -3.6443396808060613 min: -11.248366190036789 max: -0.4810700686604411
Mean: -2.639452381447103 min: -11.277684649796909 max: -0.4675244260607871
Mean: -5.704018206114218 min: -11.257911658609721 max: -0.4669392744172395
Mean: -5.038716382607153 min: -11.25547154564665 max: -0.45787604799140297
Mean: -1.559115911124835 min: -11.228005712677282 max: -0.4782241639795938
Mean: -1.541387548370118 min: -11.268472585189155 max: -0.4071910841445127
Mean: -0.4522929752316549 min: -0.6372227516592769 max: -0.3529045998112031
Mean: -4.873419127705551 min: -11.207353349993596 max: -0.37468698113709903
Mean: -2.4001900704054533 min: -11.062956854099594 max: -0.35349801335949516
Mean: -1.459169379891157 min: -11.222462085373467 max: -0.3626421401451698
Mean: -3.6079712953241456 min: -11.150123032497362 max: -0.3616802904669497
Mean: -3.6679900533092797 min: -11.794252999383506 max: -0.3625750989412514
Mean: -2.513078239572592 min: -11.165693515419921 max: -0.36334923554295556
Mean: -4.697911744214385 min: -11.236146836705275 max: -0.36104589981461677
Mean: -2.547978625853415 min: -11.243274273081031 max: -0.3634713181462162
Mean: -3.627942573891994 min: -11.205999743052113 max: -0.3541294626853387
Mean: -1.457074991268944 min: -11.190861313998607 max: -0.35855759740651516
Mean: -1.4596721777224302 min: -11.187302655078097 max: -0.34938235232704995
Mean: -5.779552459451564 min: -11.206298841105463 max: -0.35049454230097793
Mean: -2.540687904356658 min: -11.263068637244125 max: -0.3488259888076786
Mean: -2.5368586023492923 min: -11.214758756724493 max: -0.34958319744934885
Mean: -1.4479990202243769 min: -11.200239043604334 max: -0.3529044388503424
Mean: -4.597901548087186 min: -11.231098170675399 max: -0.34931694563171595
Mean: -1.4778811346434233 min: -11.47214723711409 max: -0.3569492677102763
Mean: -3.5748622222270554 min: -11.171206105707151 max: -0.3221638124903768
Mean: -3.601204394222944 min: -11.20908900177516 max: -0.35802599574068295
Mean: -3.7424333482926664 min: -11.8329592648625 max: -0.35645531233328837
Mean: -3.2656639430713583 min: -11.262126364699876 max: -0.35779664467242733
Mean: -2.797544781593381 min: -11.224683462935221 max: -0.3575796511817424
Mean: -1.4630455626350005 min: -11.230203553595096 max: -0.3564662282159835
Mean: -2.5550471893040307 min: -11.168899958111606 max: -0.35065591065198365
Mean: -2.48634134770045 min: -11.227682655812186 max: -0.35078930592093766
Mean: -1.4020289398831922 min: -10.53869509545006 max: -0.34984028732534317
Mean: -1.4631229748292214 min: -11.252160621951042 max: -0.3495091044072164
Mean: -1.4410415366898381 min: -11.108371380764218 max: -0.3486031816156798
Mean: -2.5420951869857236 min: -11.178807237422365 max: -0.35501977520727207
Mean: -0.3749988525394162 min: -0.4009394326745009 max: -0.3515179266083887
Mean: -1.467869001849683 min: -11.228042530972724 max: -0.3526390361617578
Mean: -0.3631460125033567 min: -0.4044325533266479 max: -0.3527719741417609
Mean: -1.492050749859059 min: -11.616805621579434 max: -0.3551558555488295
Mean: -1.4630415082350752 min: -11.195325294264249 max: -0.35722439507444775
Mean: -2.4986445693826758 min: -11.262048142198962 max: -0.35408298260318577
Mean: -4.646913134921977 min: -11.635891169191131 max: -0.19461323501412553
Mean: -5.168426387701153 min: -11.51720213038654 max: -0.18401264589454003
Mean: -6.728730176753724 min: -11.268495760048225 max: -0.18327731126601787
Mean: -6.585945678809516 min: -11.217709202500343 max: -0.16485538756564483
Mean: -4.360573324834339 min: -11.246088211980107 max: -0.1833334989711618
Mean: -2.4040693817231924 min: -11.352274502949069 max: -0.17299838221496475
Mean: -2.3628089650757214 min: -11.382830776615986 max: -0.1707398715629319
Mean: -3.4747023918901916 min: -11.791234532575352 max: -0.1708318958318518
Mean: -4.47457875557979 min: -11.164407065937267 max: -0.16945543000958777
Mean: -5.3908121014154595 min: -11.22491001335851 max: -0.17022341590573964
Mean: -1.572715688115267 min: -9.346986007002617 max: -0.17108069397437992
Mean: -0.17435287473017463 min: -0.18547514085841446 max: -0.1700173388687266
Mean: -1.2577560871989988 min: -10.987857951620423 max: -0.17017255207025744
Mean: -1.2859217629295931 min: -11.225664734812826 max: -0.1683368148993515
Mean: -1.0997527381994021 min: -9.447617530115505 max: -0.16511993605612066
Mean: -2.430193688175871 min: -11.750968392358553 max: -0.1676403800750516
Mean: -2.3516420661096626 min: -11.210583560416438 max: -0.16966727533817247
Mean: -3.4743460426682033 min: -11.242477098820302 max: -0.1665397961406542
Mean: -2.4153295743526293 min: -11.629852118514826 max: -0.16100903380138218
Mean: -0.1703644951349329 min: -0.17265914131262192 max: -0.16715087375300722
Mean: -1.2728979027828928 min: -11.1864195299076 max: -0.16277538825854895
Mean: -3.26419554071365 min: -11.373059494641446 max: -0.1667864860092338
Mean: -1.315147494939678 min: -11.63039508328509 max: -0.16586555716933815
Mean: -1.4214398004661126 min: -11.28020659772694 max: -0.1677686908102853
Mean: -2.400401752185549 min: -11.462611627049476 max: -0.16568976678896186
Mean: -1.237078787361418 min: -10.849607351161444 max: -0.16355951184931242
Mean: -1.2903926986127368 min: -11.375095322439671 max: -0.16491429553760276
Mean: -2.36156173619073 min: -11.172052837429083 max: -0.16386123829494234
Mean: -2.357346498930005 min: -11.24615085334414 max: -0.16636469115057648
Mean: -2.3921596955882083 min: -11.348465003949851 max: -0.16643203313190813
Mean: -1.3187141203930046 min: -11.665731571996355 max: -0.16282402769091575
Mean: -5.731043752638504 min: -11.618511924869168 max: -0.16428715810689726
Mean: -2.548405476953419 min: -11.979877814813241 max: -0.16307343062629032
Mean: -6.732175828501323 min: -11.957007480471418 max: -0.16644359285859728
Mean: -1.6455493584936605 min: -11.959686204023207 max: 0.22097045566298723
Mean: -4.711621579895871 min: -11.908409231132588 max: 0.17055008789200665
Mean: -4.269456770741124 min: -12.051320926660658 max: 0.17539839994427384
Mean: -5.82301255235326 min: -11.995610697702448 max: 0.15830784990774768
Mean: -7.083007903081364 min: -12.037867815636401 max: 0.6003112729550296
Mean: -8.121054110858148 min: -12.049248693992066 max: 0.2169462248366537
Mean: -5.921279122553615 min: -12.045983538408574 max: 0.17897719793979253
Mean: -3.332061315749397 min: -12.078372427973292 max: 0.22122469317750915
Mean: -5.866688510951264 min: -12.047870589152474 max: 0.20127503496932267
Mean: -4.823765802090852 min: -11.996473136288245 max: 0.19891065024755508
Mean: -8.237976048870738 min: -12.053196444852773 max: 0.2058726836821656
Mean: -4.169900201978928 min: -12.055580466787118 max: 0.1808436109345738
Mean: -5.779103902115598 min: -12.028237806875879 max: 0.2049098507420432
Mean: -6.201929243872625 min: -12.05675209318282 max: 0.18016214331532932
Mean: -9.172931018468704 min: -12.042401334852034 max: 0.19272116747200121
Mean: -2.9047647726729617 min: -12.078935242323762 max: 0.19284049800103928
Mean: -6.852234941858794 min: -12.062993684405315 max: 0.19888244801348023
Mean: -7.070560226585641 min: -12.11887444055434 max: 0.20079200838796651
Mean: -5.817438896520089 min: -12.042775943768586 max: 0.20279167346133053
Mean: -9.36261087646339 min: -12.07062027084369 max: 0.21573401809511136
Mean: -7.192313761394655 min: -12.108134628010724 max: 0.18135808457826227
Mean: -7.40001102072312 min: -12.117327695172763 max: 0.20224253336893747
Mean: -4.8936351137257885 min: -12.05632481453471 max: 0.20321080187652305
Mean: -5.603534487330375 min: -12.085935850874499 max: 0.19819715710355693
Mean: -5.699901143381359 min: -12.094860161962044 max: 0.19001564477981928
Mean: -4.72327719852082 min: -12.108922665677062 max: 0.21658072159362338
Mean: -5.131264583118137 min: -12.04278284443787 max: 0.20970235048533328
Mean: -3.414291478514131 min: -12.10780350859848 max: 0.22328622881463178
Mean: -2.374046938221614 min: -12.086522054266098 max: 0.21621471690699448
Mean: -6.915945430954712 min: -12.09206211982 max: 0.21344659099084073
Mean: -8.028162003470001 min: -12.073696030102298 max: 0.19652021334098094
Mean: -8.93377443464412 min: -11.34876350066208 max: 0.1728079170100206
Mean: -7.853986221323487 min: -11.811868530275227 max: 0.18541742306906847
Mean: -9.303021752770611 min: -12.00939365012999 max: 0.08683229484065799
Mean: -7.981564942160065 min: -11.37771823528236 max: -0.3017491332040027
Mean: -1.1014704620479223 min: -2.7309010730184466 max: -0.26465130137833015
Mean: -3.9757382476476244 min: -11.260219701065086 max: -0.05267791342438413
Mean: -2.1783370155598467 min: -11.444823265967779 max: -0.2055233465223399
Mean: -4.051477080633178 min: -10.92073892016929 max: -0.24165213216143533
Mean: -4.123245834847831 min: -11.469854394552222 max: -0.35085503559526937
Mean: -6.335012929257159 min: -11.534593382171511 max: -0.500909211718815
Mean: -3.158732999085138 min: -11.814646181290325 max: -0.3126839103092071
Mean: -2.2166527326415477 min: -11.467098338548187 max: -0.4263494523062864
Mean: -3.0929625030187724 min: -11.197881433480706 max: -0.5180771697506756
Mean: -4.2893415745613055 min: -12.0154964699065 max: -0.4685453656191123
Mean: -4.274286217145779 min: -11.750639754644872 max: -0.5059254205318542
Mean: -7.507040878436254 min: -12.007440313361855 max: -0.5094964522002577
Mean: -2.8411455608240463 min: -11.753733412865802 max: -0.3936470724038657
Mean: -5.05214888074925 min: -11.996053289907435 max: -0.3933878258818981
Mean: -5.066464102088363 min: -12.089048822365026 max: 0.20982571999467411
Mean: -2.9130594985327933 min: -11.999216867158289 max: -0.2714120691093436
Mean: -4.3124416160736345 min: -11.818801821903094 max: -0.4620455615139282
Mean: -2.0562064760852987 min: -11.49169231951958 max: -0.4433043496723795
Mean: -5.3679319123792935 min: -11.584463147672398 max: -0.46195654245007417
Mean: -4.131245939389321 min: -11.327984990677251 max: -0.4666542745732834
Mean: -4.640316541405916 min: -11.33070444741653 max: -0.4688158286392127
Mean: -1.8259476693914884 min: -11.152775446415335 max: -0.43726699302792854
Mean: -3.001144508249314 min: -11.520876798715955 max: -0.3537530829927544
Mean: -1.7875445083574397 min: -11.822417536729898 max: -0.2694878413319539
Mean: -3.461048512761215 min: -11.796135450921131 max: 0.6998409771287603
Mean: -1.3645288386736731 min: -11.794305795948382 max: 0.7824672338372016
Mean: -1.5002414203013568 min: -11.773818498172592 max: 0.6945183757944995
Mean: -2.2513041154797735 min: -11.574420960611194 max: -0.34581126062134704
Mean: -3.65031364662415 min: -11.47014301012021 max: -0.36564040651863156
Mean: -2.027401983387381 min: -11.595266247376104 max: -0.3333827330309744
Mean: -2.944278092480166 min: -11.34770795489903 max: 0.6964386342716662
Mean: -1.4852648119169927 min: -11.291535628496296 max: -0.3249004027625693
Mean: -1.610585956731251 min: -11.040147633752301 max: -0.4368304402445603
Mean: -5.218906352575013 min: -12.093112513937523 max: -0.3741854012014348
Mean: -2.287298335832536 min: -9.264989661955594 max: -0.30221104405507976
Mean: -0.5323450147257197 min: -1.265276111558684 max: -0.22062815832188293
Mean: -2.0493252451057975 min: -11.258968220711353 max: -0.3422085714959188
Mean: -3.621922790353973 min: -11.277697939852272 max: -0.3748801787322505
Mean: -0.8172576208235485 min: -1.865234435409608 max: -0.41292799058903984
Mean: -2.6739954138729103 min: -11.675869026862594 max: -0.36167903082958835
Mean: -3.234951713160014 min: -11.460651406937945 max: -0.44737695123921806
Mean: -4.834715565792226 min: -11.253977117119863 max: -0.34212782037653194
Mean: -6.959204764707083 min: -11.207595831014027 max: -0.2451345061198592
Mean: -2.490870528881201 min: -11.80754853789742 max: -0.34130375253115713
Mean: -1.917847887727135 min: -11.493819573181376 max: -0.3108503090944527
Mean: -0.7150841671979226 min: -1.478267373675383 max: -0.3778010811790691
Mean: -2.024861814707356 min: -11.417569203615248 max: -0.40402409487616064
Mean: -1.4752124265987223 min: -9.655730823599406 max: -0.3324391547673758
Mean: -1.7727020110268463 min: -11.3682035810519 max: -0.2756738372209336
Mean: -1.4846400627348981 min: -9.558209705916715 max: 0.0140825627463871
Mean: -1.7317748025784951 min: -11.62283088119844 max: -0.16781178570368588
Mean: -3.933226952462782 min: -11.46230304757306 max: 0.02905234710722387
Mean: -3.9248660111122753 min: -10.42291796514149 max: 0.17875723221676393
Mean: -3.103682334394706 min: -11.618401459320788 max: -0.16774568222386677
Mean: -2.978865124052163 min: -10.787650279082794 max: -0.2815025026626599
Mean: -2.450249317534215 min: -11.20472491591 max: 0.36522594708157585
Mean: -2.6730848535082115 min: -11.428003878651056 max: 0.17248471145636762
Mean: -1.0027352064402077 min: -1.9740685159456928 max: 0.2071287515192395
Mean: -2.5804566568713123 min: -10.321609600967438 max: 0.10714047309448346
Mean: -1.5627067857577923 min: -11.123182529149044 max: -0.39123463977127
Mean: -1.4741238359346736 min: -11.72684129208333 max: 0.32944683693546467
Mean: -0.650499957491653 min: -1.7237956310814904 max: -0.1317267486131366
Mean: -2.530679770353449 min: -11.173648651386063 max: -0.362112449643686
Mean: -4.878088550473047 min: -11.523646155329677 max: -0.32570312962409625
Mean: -1.0511787715264282 min: -1.8461449935633347 max: 0.1754906594125547
Mean: -0.47571285387384166 min: -1.850792534394224 max: 0.33131151373001433
Mean: -2.7828532932693504 min: -11.124374211451585 max: 0.29175802697944725
Mean: -1.994711373221305 min: -11.295200672967905 max: 0.26643196387369705
Mean: -5.576434351126336 min: -11.486310271229936 max: 0.3739925205110404
Mean: -1.3493611836450312 min: -11.191475110645044 max: 0.2689905171841247
Mean: -1.3134907691394697 min: -11.175538492216388 max: 0.2922040478176862
Mean: -2.9203358157366117 min: -11.541915574120171 max: 0.2369176309822643
Mean: -2.4661414202531535 min: -11.823608880874467 max: 0.33524495919198705
Mean: -0.5717780678125289 min: -1.7995696304198032 max: 0.26732282279894487
Mean: -2.6777739226697763 min: -11.199451729180574 max: 0.32242874399122257
Mean: -2.4532691750208024 min: -11.806026744721217 max: 0.23219445965109414
Mean: -1.0432787953263976 min: -11.354737730935298 max: 0.2906353339101328
Mean: -0.9979831516979614 min: -11.239869966408243 max: 0.2448210506490013
Mean: -1.1609462695411201 min: -11.518428511248983 max: 0.35131866693419356
Mean: -1.1964064644636232 min: -11.91232822775009 max: 0.30207460505872696
Mean: -4.398705268110563 min: -11.4825909215091 max: 0.2888077409968567
Mean: -1.967377113574821 min: -11.205632852657432 max: 0.33336746196554007
Mean: -1.2008464426244772 min: -11.55273660185604 max: 0.2820520299642996
Mean: 0.19955941895866589 min: -0.2027017857574533 max: 0.42078118891946736
Mean: -1.5110546218352963 min: -11.781642498700386 max: 0.43299366961119634
Mean: -1.5307605322744187 min: -11.122242706631024 max: 0.47985102393292556
Mean: -4.717285660329582 min: -11.829758326813403 max: 0.40043672755892645
Mean: -1.452148829180126 min: -11.236098434675924 max: 0.4197924924954529
Mean: -4.659858557363489 min: -11.267708300413485 max: 0.46171728561200304
Mean: -0.9820713750463929 min: -11.202537734025345 max: 0.49303938384815815
Mean: -4.581588559951681 min: -11.370507340321637 max: 0.47104295758213616
Mean: -1.0461184077338301 min: -11.212855928356099 max: 0.49111684568404584
Mean: -3.307161168345973 min: -11.317774687788916 max: 0.48139960123125264
Mean: -1.1901619433202166 min: -11.814521039055913 max: 0.5016174481328431
Mean: -1.5174793838829752 min: -11.217418250391804 max: 0.4934669258639618
Mean: -0.5769765224756209 min: -1.6692935769222694 max: 0.5769897705115887
Mean: -1.1819575244816014 min: -11.17829396309897 max: 0.46785639805882145
Mean: 0.1573513170697327 min: -1.6177101918535275 max: 0.4709441670708777
Mean: -4.654473302769043 min: -11.592308947553823 max: 0.5059512126914911
Mean: -4.650749343817109 min: -12.010228345664132 max: 0.46042213707652274
Mean: -2.3561021411265446 min: -11.615876313674512 max: 0.5038677225846313
Mean: -5.628570035403565 min: -11.518566067587203 max: 0.47762301277810404
Mean: -1.4998053764838621 min: -11.205623166008518 max: 0.5195228514129386
Mean: -2.561017681741721 min: -11.37018332664442 max: 0.46384449615994555
Mean: -2.2913732196092313 min: -11.816990417861955 max: 0.4955185650179957
Mean: -1.19643704348849 min: -11.989241580124864 max: 0.49590363765371226
Mean: -4.363445178116301 min: -11.82688668047723 max: 0.48495662515277965
Mean: -3.2844659658084154 min: -11.852445444284173 max: 0.35413174361741184
Mean: -0.435146262545719 min: -1.6603655537825959 max: 0.4716117824273827
Mean: -4.993726802385188 min: -11.696736857236825 max: 0.48273799020830643
Mean: -1.4863018648309496 min: -11.199101996534768 max: 0.5235020295061938
Mean: -4.346453738727336 min: -11.542085479384301 max: 0.5040354644623747
Mean: 0.0011528754070990188 min: -1.6854536382009173 max: 0.5174728085620055
Mean: -3.5937366237798876 min: -11.399418204968295 max: 0.49234600886197566
Mean: -1.1204581454378313 min: -11.635389040024561 max: 0.532155202570922
Mean: -1.2595855517418137 min: -11.177768650665866 max: 0.5320957111830462
Mean: -3.55217808890952 min: -11.366697759377695 max: 0.4981447919443832
Mean: -5.548384340255205 min: -11.619829998244352 max: 0.5056504931783221
Mean: -2.8897878728565884 min: -11.155585005998663 max: 0.5184670678480054
Mean: -2.7553803594114523 min: -11.372589737380126 max: 0.49333200214482137
Mean: -2.5394128481161387 min: -11.505407848350304 max: 0.47291316985629667
Mean: -2.3887591426931762 min: -11.394005141767241 max: 0.5021350438164387
Mean: -4.293652436887607 min: -11.509668086797511 max: 0.5024670970271209
Mean: -0.2105661910911551 min: -1.6121469198412701 max: 0.5088986312474915
Mean: -4.319423864701039 min: -11.771336296120907 max: 0.47168019533826233
Mean: -1.1374272032791508 min: -11.761064362337775 max: 0.4709891359351933
Mean: -3.571839802840376 min: -11.817429007046936 max: 0.5659600885513302
Mean: -6.933787153747597 min: -11.83285849617216 max: 0.46704068485230077
Mean: -8.817929570405772 min: -11.444913384676026 max: 0.7779743352299106
Mean: -11.520430802336922 min: -11.69936632085739 max: -11.356254303296708
Mean: -6.388642165485025 min: -11.691067673097812 max: 0.7799379122695603
Mean: -10.700848899166575 min: -11.62085360998437 max: -9.880053331479418
Mean: -10.198247745209606 min: -12.08862843837167 max: 0.7565924417693819
Mean: -11.228496103381044 min: -11.559146588483475 max: -10.935900086287154
Mean: -11.578743248857812 min: -12.515603920850598 max: -10.80665253088573
Mean: -10.91573220960722 min: -12.064171808691562 max: -10.57742403570693
Mean: -9.707422117839437 min: -11.43226037713954 max: 0.3943722075510166
Mean: -10.776714389347866 min: -11.294443701935368 max: -10.575315682454208
Mean: -10.536104145419452 min: -11.226568472489209 max: -9.666020891929865
Mean: -10.015052462041462 min: -10.627677234799181 max: -9.382444914425875
Mean: -9.877981861291577 min: -11.774724417290283 max: -9.289890496484665
Mean: -9.33173270026421 min: -9.430914052640036 max: -9.082756953932979
Mean: -6.388738710296779 min: -11.576066352380797 max: 1.0466100516171601
Mean: -9.647667634365542 min: -11.665384482193831 max: -9.064616499126858
Mean: -7.6955461159179395 min: -11.389915045635254 max: 0.9426018795683273
Mean: -9.303408134128318 min: -9.636545612627915 max: -9.101896474968107
Mean: -8.761935138021743 min: -11.722973595377937 max: 1.0324761997932201
Mean: -7.3613993714229595 min: -11.556836382470387 max: 1.0547319293845092
Mean: -4.503658417584494 min: -11.371016532316371 max: 1.0147089880435431
Mean: -8.265574634913166 min: -10.354345476525346 max: 1.0084532442047514
Mean: -10.476441523053388 min: -11.597178657463834 max: -9.096062759497148
Mean: -8.533929842157027 min: -11.572695692812893 max: 1.2731876203829653
Mean: -6.182309015930357 min: -11.599450295021612 max: 1.2775870055282512
Mean: 1.1024387998102863 min: 0.648184408959522 max: 1.2740979025706949
Mean: -1.3130343808326643 min: -11.828891978122956 max: 1.2724660645849621
Mean: -0.09396248794612634 min: -11.216131670317626 max: 1.354427351553813
Mean: 1.2189937845687067 min: 0.8986752927308835 max: 1.2883661209984811
Mean: -0.07552388072465592 min: -11.22950368495053 max: 1.2966621317801879
Mean: -0.96687200433974 min: -9.854051293475795 max: 1.3320858591191174
Mean: 1.141280262201593 min: 0.9018452802307677 max: 1.299351092244406
Mean: 1.1345043996165514 min: 0.4191879209330258 max: 1.3439042577671485
Mean: -0.03051798427883403 min: -11.16301468881854 max: 1.297849317388924
Mean: -2.3238649799722646 min: -11.691527973532134 max: 1.3004546270326052
Mean: 0.075105078135876 min: -10.17376239526809 max: 1.3217111255546732
Mean: 1.1594464574648056 min: 0.21078701628167806 max: 1.3397415249574065
Mean: 1.0805516316075927 min: 0.7061028071199087 max: 1.3113186072583543
Mean: -2.536165958107463 min: -11.192266576929255 max: 1.3338601292375185
Mean: -5.853844591474424 min: -11.456792218390616 max: 1.363328703167962
Mean: -3.4504361006421305 min: -11.712912697743343 max: 1.3328316901155242
Mean: -6.108003611536683 min: -11.762910774340002 max: 1.3484148636761064
Mean: -5.912697095455685 min: -11.460286418211503 max: 1.34532321731289
Mean: -2.353877467015336 min: -11.14668348166775 max: 1.3176065278675755
Mean: -4.915078271483557 min: -12.249318391215075 max: 1.3448560235234557
Mean: -5.981482281171132 min: -11.145481098992398 max: 1.3545727859235546
Mean: -9.201402724555788 min: -11.357538197406024 max: 1.3543720287400935
Mean: -4.536660697703043 min: -11.154512611220763 max: 1.398764289157367
Mean: -4.348386693898109 min: -11.023466884501184 max: 1.3737607426028602
Mean: 0.016929594918274615 min: -9.851141466718305 max: 1.3258164734870976
Mean: -1.085766583646039 min: -11.523956863329282 max: 1.3555759172966224
Mean: -0.06844478302633641 min: -11.467850362596504 max: 1.357857565500728
Mean: -2.470521804074238 min: -11.222377158506104 max: 1.3529253585275032
Mean: -0.17651094876674792 min: -11.21915491893207 max: 1.3443150427372372
Mean: -1.3876012577851058 min: -11.189471304267467 max: 1.3104405262014094
Mean: 0.02277542527151264 min: -11.181002344508562 max: 1.3654838350939364
Mean: -2.523149222276367 min: -11.264242246047477 max: 1.315991874580364
Mean: -0.03267326109077562 min: -11.350081324054921 max: 1.3469187451782534
Mean: -0.14671374614725816 min: -11.245780374030426 max: 1.3484924328020003
Mean: -3.7881509933473545 min: -11.521476611572293 max: 1.314000283354536
Mean: -1.2635557768440704 min: -11.504287036836155 max: 1.3317722139085817
Mean: -1.3026678752823788 min: -11.538088064297659 max: 1.3539259740270493
Mean: -3.7091004933628495 min: -11.25999796908537 max: 1.3419195432105835
Mean: 1.0837994287296187 min: 0.3004496574015092 max: 1.3319843414256285
Mean: -2.3157795737691034 min: -11.247090740510195 max: 1.3247596090493912
Mean: -1.220476805207134 min: -11.169333956356322 max: 1.3562784867671895
Mean: -1.3011056341102036 min: -11.14423089269959 max: 1.3419796805760758
Mean: -1.0712232712146974 min: -11.516571652081284 max: 1.3600929118292966
Mean: -7.392564987781394 min: -11.45345909047549 max: 1.3417946243155188
Mean: -1.2988176922875474 min: -11.127432074908612 max: 1.356423427303083
Mean: -0.27043722401345316 min: -11.292329863809995 max: 1.3406648928525127
Mean: 1.204340042514441 min: 0.4219239883774113 max: 1.3523304641197043
Mean: -5.029324870315111 min: -11.344540658387524 max: 1.3287185437862303
Mean: -0.11972027356544704 min: -11.841933128387819 max: 1.3387432105898733
Mean: -1.388417942286922 min: -11.54066189179466 max: 1.3492942939987416
Mean: -1.3295328863512377 min: -11.39642934805185 max: 1.3584120256642813
Mean: -6.225249457327022 min: -11.331942919733237 max: 1.3549309734077721
Mean: -1.2778393362012441 min: -11.271896909624376 max: 1.358348379895847
Mean: -3.6156843824643743 min: -11.46955968108163 max: 1.3282265956154187
Mean: -1.2968062736396726 min: -11.23352364573226 max: 1.3338950640491922
Mean: -0.09169732908743922 min: -9.641338131694878 max: 1.3625651020851377
Mean: 0.1354474122813722 min: -9.628916874350582 max: 1.3557969999316573
Mean: -4.878062787603417 min: -11.325631209285568 max: 1.3683581855504292
Mean: -4.864699664766674 min: -11.202729006954502 max: 1.3436211466935692
Mean: -6.284005744197623 min: -11.369188184854176 max: 1.253338507784958
Mean: -7.180916233568885 min: -11.331663190519091 max: 1.364886513802655
Mean: -3.737367737460952 min: -11.166700803532137 max: 1.296260285341238
Mean: -1.249970521700409 min: -11.592308062516679 max: 1.3611562381147089
Mean: -7.430478232610833 min: -11.4296190609333 max: 1.3208166813719207
Mean: -2.0703725924865086 min: -10.093961618372091 max: 1.3501395280017243
Mean: -6.049613497651163 min: -11.235275175740384 max: 1.3469316518392438
Mean: -3.446890963533144 min: -11.140597349847576 max: 1.3348588314137348
Mean: -7.597028655356648 min: -11.788465215275629 max: 1.2369064725795413
Mean: 1.1854926687509049 min: 0.8637978967800799 max: 1.2911194131425676
Mean: -3.544334752934973 min: -11.247850154621808 max: 1.2844515245635388
Mean: -1.0573975363624697 min: -11.187566483264204 max: 1.3397881939393264
Mean: -2.398158233641005 min: -11.32946503776592 max: 1.3496060342385277
Mean: 0.18456722052721855 min: -9.569149611254307 max: 1.3043962552034978
Mean: 0.017162607983728373 min: -11.227840430167838 max: 1.311042133688118
Mean: 1.2090690707929548 min: 0.9201848594719612 max: 1.306913042689254
Mean: -4.107429631890746 min: -11.776017747827533 max: 1.3191867143917297
Mean: -4.134260867932251 min: -11.31962464515056 max: 1.302401417669512
Mean: -0.013512628304319752 min: -10.960882390894504 max: 1.3259774412456415
Mean: -2.5318055678410474 min: -11.328959168068621 max: 1.324263385594279
Mean: -4.8284617369268314 min: -11.331902220399742 max: 1.3265070221052873
Mean: -1.2722147315383892 min: -11.591227223928026 max: 1.3093301197376084
Mean: -2.4948941485015794 min: -11.347218026442258 max: 1.3292218601086123
Mean: -1.1817231884584465 min: -11.073224015025264 max: 1.312778681553095
Mean: -2.2386367614758296 min: -11.318589853643045 max: 1.3145596375834747
Mean: -1.200359458692499 min: -11.45270835824255 max: 1.3486564237462395
Mean: -1.4469621155376167 min: -11.345171836753668 max: 1.3290766894348838
Mean: -3.5569903330056976 min: -11.298143579758582 max: 1.3369016870691972
Mean: -0.8830041732384075 min: -9.390679277379803 max: 1.3409987218947939
Mean: -2.093408662957027 min: -11.503632866778783 max: 1.3549249487391892
Mean: -2.2891752319945358 min: -11.384197238885873 max: 1.3546061698240066
Mean: -2.5855276248575634 min: -11.440355787039866 max: 1.361214704214606
Mean: -1.0968966437974035 min: -10.910392593106259 max: 1.3649407393150508
Mean: -6.197479425090399 min: -11.503590512598636 max: 1.3388243246823714
Mean: -2.343134422460999 min: -10.850022252857412 max: 1.3717159974412414
Mean: -2.367565018972584 min: -11.18794999874499 max: 1.3593379909617371
Mean: 0.048413142811090194 min: -11.20373858219564 max: 1.3596728008324261
Mean: -2.237904664824879 min: -11.517470180434795 max: 1.3707970215349095
Mean: -1.2144038211235 min: -11.821125837643624 max: 1.37534140887463
Mean: -1.315221128495896 min: -11.608138854786745 max: 1.3722461952461542
Mean: -3.4382971737529444 min: -11.46930414639779 max: 1.414331098006339
Mean: -0.2035066735397769 min: -11.590115187131278 max: 1.3500824021966713
Mean: -2.5357197628985917 min: -11.775856564193484 max: 1.3866640473917302
Mean: -4.740405048160085 min: -11.30015245534548 max: 1.35197865826646
Mean: 1.2924434383363017 min: 1.2170776807969088 max: 1.3777813237972203
Mean: -2.463881691206402 min: -11.471657157501523 max: 1.361201349165195
Mean: -1.0618345981875077 min: -11.207170093949813 max: 1.3769735090201798
Mean: -3.351997681136136 min: -11.417208466158364 max: 1.3599732483314249
Mean: -2.4119179736521645 min: -11.315712483261628 max: 1.3362761365297555
Mean: -2.454970559158944 min: -11.036608013405603 max: 1.3480552846460712
Mean: -3.551274387530982 min: -11.291506560104587 max: 1.3343027521649549
Mean: -3.650475469747517 min: -11.540824739126707 max: 1.346091821263748
Mean: 0.1417586050838891 min: -10.005320919845522 max: 1.3986777990468398
Mean: -0.03859545663690174 min: -9.508176689970838 max: 1.3679425238870841
Mean: -3.510318633486294 min: -11.236201985076622 max: 1.3387998289394192
Mean: -3.4789629521731924 min: -11.13448655028395 max: 1.3647140162154259
Mean: -3.316415816884549 min: -10.987743519457295 max: 1.389109780356399
Mean: -0.04343271662294355 min: -11.5272515251141 max: 1.374560175526939
Mean: -1.4343566464703268 min: -11.35589533207327 max: 1.3370227628949112
Mean: -4.684008701932063 min: -11.203303024385802 max: 1.3505401259246812
Mean: -3.570524471454385 min: -11.090044524747466 max: 1.4106633209311985
Mean: 0.07897907337542012 min: -11.156073754217845 max: 1.3889048095397
Mean: -0.005806608620867171 min: -12.155533653389034 max: 1.3590711470093633
Mean: 1.1502010024758766 min: -0.11100686578750965 max: 1.3765255405413994
Mean: -4.8015356122084984 min: -11.270244694944406 max: 1.3536672409143726
Mean: -5.314914076163111 min: -11.588157512155568 max: 1.3516709561569746
Mean: -2.32746055612211 min: -11.031506463501568 max: 1.3514598073261601
Mean: -2.3835832913765165 min: -11.46803929320793 max: 1.3752098885260724
Mean: -5.021048323781493 min: -11.792151381396252 max: 1.373502178408157
Mean: -4.939155676230067 min: -11.225433027793427 max: 1.4389940128993013
Mean: -5.044057335340048 min: -11.3166734198895 max: 1.2267630179183773
Mean: -1.223860001143494 min: -11.23859278838252 max: 1.3518109751628957
Mean: -5.02474849654744 min: -11.336360703545417 max: 1.3428893529953352
Mean: -1.3012083049840029 min: -11.210942080457869 max: 1.3676425816780686
Mean: -4.9532133314861335 min: -11.376726413318291 max: 1.3278739831571233
Mean: -7.32491418969078 min: -11.307025416850168 max: 1.3446696502599302
Mean: -6.248650029035347 min: -11.742325758978515 max: 1.3576653054800998
Mean: -1.2769554577390365 min: -11.176368940350379 max: 1.7523249743984548
Mean: -6.118031722457145 min: -11.480031279613572 max: 1.4196364597449056
Mean: -6.90974308276634 min: -11.517171485666179 max: 1.7865465808900798
Mean: -5.406401569809083 min: -10.116979050847398 max: 1.9438727564996003
Mean: -6.690313287336492 min: -11.177055585550361 max: 1.8098785568779208
Mean: -6.5997250321360585 min: -10.132831582897225 max: 1.6650498029340572
Mean: -5.770493326391201 min: -11.48739906756282 max: 1.5837433771245026
Mean: -4.398710327006137 min: -10.126032545610693 max: 1.5284148431309912
Mean: -1.9750487945788255 min: -9.98581407879927 max: 1.8734462871747628
Mean: -3.188242125956858 min: -11.037165690288685 max: 1.7715290315483179
Mean: -5.121410597665124 min: -10.591080965477023 max: 2.0524562329774367
Mean: -5.562511613169614 min: -11.859242088939471 max: 2.2440852307615544
Mean: -5.476311302911566 min: -10.136897652741657 max: 1.357430017347584
Mean: -7.5739479992638605 min: -11.186455004550426 max: 1.4834694077975852
Mean: -7.5463870328319285 min: -11.197641349815363 max: 1.2309456022120426
Mean: -5.325580187675641 min: -11.465995774961574 max: 1.8161514976107236
Mean: -3.127092174097683 min: -10.087725576952334 max: 1.9366975348586293
Mean: -5.790961823500055 min: -11.738079674466665 max: 1.5224979093782463
Mean: -2.743548837101753 min: -10.17575342489959 max: 1.8776884704378434
Mean: -4.2850202694548996 min: -11.194284087798174 max: 2.1855511037373754
Mean: -5.937783759805315 min: -10.736162019064011 max: 1.2492718940708376
Mean: -3.3446458977291647 min: -10.721528616034163 max: 1.6796895655354975
Mean: -5.649577632981801 min: -11.122923580656998 max: 1.247489816350091
Mean: -0.6666020879881619 min: -9.322005376298579 max: 2.1517103027985747
Mean: -8.248653010444736 min: -10.47687306223308 max: 1.2241410877887553
Mean: -6.09799556756644 min: -10.4926864219365 max: 2.2331895444221628
Mean: -4.240433101255506 min: -11.384298842859481 max: 1.6227326544974046
Mean: -4.127147616092044 min: -11.287888400905612 max: 1.8419225707589484
Mean: -4.246513599724592 min: -11.439452167521665 max: 1.570490318639849
Mean: -3.563017904845366 min: -10.013504235505351 max: 1.4258013266586111
Mean: -3.1560071828901264 min: -10.08688112084864 max: 1.4248638145781967
Mean: -0.6255808336426127 min: -11.273694365389462 max: 2.1544762317529256
Mean: -5.391894116507045 min: -10.732846837865281 max: 1.845452789459727
Mean: -7.554494005350994 min: -11.534114806821819 max: 1.284304538442452
Mean: -3.7062402729696897 min: -9.989406842525737 max: 1.9434497686827834
Mean: -5.577919579637392 min: -11.148484541057348 max: 1.4155694746878174
Mean: -4.216043949196218 min: -11.282043295276518 max: 1.6805887864988442
Mean: -4.020678475827987 min: -10.06601705425416 max: 1.619745159849217
Mean: -9.724058261252202 min: -11.271283227715529 max: -8.441684540141763
Mean: -1.852513583983064 min: -9.838339814021625 max: 1.7265395226399658
Mean: -3.331736184432876 min: -11.891349852118868 max: 2.1888483314713816
Mean: -3.1256568860251344 min: -10.59874006474233 max: 1.6851272512527637
Mean: -4.619016967969035 min: -11.505581242122998 max: 1.75892858672107
Mean: -4.105036065770019 min: -11.255440187777943 max: 1.7239695830268784
Mean: -1.8223101478800252 min: -10.22156795017938 max: 2.021873030830149
Mean: -3.9919010016483947 min: -10.36679546739427 max: 1.7397421952516723
Mean: -6.52559437842865 min: -10.482397327426145 max: 1.8536613069661874
Mean: -7.6629232149602515 min: -11.200605056503594 max: 1.7566502621442255
Mean: -4.263491760664811 min: -11.469152418665065 max: 2.0302993989226072
Mean: -1.7276458976453277 min: -9.976366589344755 max: 1.9786187042648136
Mean: -5.447464587424648 min: -11.287760748430998 max: 2.1138310895578662
Mean: -2.9397645184058137 min: -11.471941413597811 max: 2.065463409040652
Mean: -3.235150405927759 min: -11.362396552427017 max: 1.7712455042491808
