Mean: -10.281618118406366 min: -12.18380724926355 max: -5.666408880562269
Mean: -9.447101065084581 min: -11.917592630323146 max: -5.289881710244969
Mean: -7.182499959352306 min: -11.886944600684444 max: -4.502463346567052
Mean: -4.9511686429557304 min: -10.175988142020007 max: -4.252802045285436
Mean: -5.744171610573506 min: -10.538589493752891 max: -2.0350388730328954
Mean: -4.756669543258366 min: -11.80673755667872 max: -1.5978252059942235
Mean: -4.029007107417655 min: -12.181957385023868 max: -1.6126007599114167
Mean: -4.097810321428791 min: -11.616662645529397 max: -1.7418841288764624
Mean: -4.4417678298451255 min: -11.79083068115254 max: -1.2218163888962243
Mean: -2.808532731477531 min: -12.245269895270312 max: -0.9456982830781693
Mean: -4.273652193088535 min: -12.145095165074919 max: -0.5743231118100163
Mean: -2.5038392626282526 min: -11.355185959308661 max: -0.6785965381885916
Mean: -4.120748786588029 min: -11.666042694852656 max: -0.7851032452130496
Mean: -3.709908444445327 min: -11.49708093431481 max: -0.4183495698470742
Mean: -3.429372228219944 min: -12.053762562267572 max: 0.005590750567993171
Mean: -3.1639866774680705 min: -12.250555237168879 max: 0.17175029653414742
Mean: -3.346866225843489 min: -11.940043963912395 max: 0.22075287326221354
Mean: -4.776468572027983 min: -11.612991060929899 max: 0.2852316164050706
Mean: -4.377105458900449 min: -11.539454424204912 max: 0.4678212736070375
Mean: -4.708548917381095 min: -11.660194895454342 max: 0.37456822513583976
Mean: -5.019725836174992 min: -11.65198935014817 max: 0.5592950927140277
Mean: -5.532630418809662 min: -11.600883355246358 max: 0.4823794461546793
Mean: -6.1120197946473365 min: -11.46379574817285 max: 0.3170550476251451
Mean: -5.5440733829446005 min: -11.487007549084332 max: 0.5680338419487759
Mean: -6.656661428648161 min: -11.6780060155494 max: 0.49520475021384186
Mean: -4.60906793953782 min: -11.662050492477158 max: 0.5297859134427988
Mean: -4.647430910790639 min: -11.49012131899072 max: 0.7343442986136951
Mean: -4.0743435401973755 min: -11.410631805887277 max: 0.5752810041312773
Mean: -3.500347421083481 min: -11.759208588702588 max: 0.6200661678828806
Mean: -2.538859340352039 min: -11.678302421499483 max: 0.7459125822956276
Mean: -3.2889365234024837 min: -11.483662418619042 max: 0.8866364586958951
Mean: -2.1521140406259693 min: -11.671994814851896 max: 0.5743358278806547
Mean: -2.8100043044899143 min: -11.6155236062198 max: 0.8425758447411791
Mean: -4.3664589007661245 min: -11.7212899641809 max: 0.734512969004427
Mean: -2.5486183315034445 min: -11.520551293515894 max: 1.0404227526427412
Mean: -3.862210324732761 min: -12.120408520381286 max: 0.756596336544879
Mean: -3.347504060951332 min: -11.739812476643001 max: 1.0952536441270575
Mean: -3.289136050487906 min: -11.887608426280421 max: 1.0404714585010952
Mean: -3.0326596429125647 min: -11.551705446192344 max: 0.7715747803493898
Mean: -4.8504363614697805 min: -12.363353338914381 max: 0.9603651858946557
Mean: -3.8391438129670026 min: -11.605684453029383 max: 0.8911910562996989
Mean: -5.461590026822687 min: -12.140941576462676 max: 0.8913605948987593
Mean: -5.373104234171468 min: -11.707250936269622 max: 0.8031606649740073
Mean: -6.761282557464089 min: -12.126118917711857 max: 0.8021764104413741
Mean: -6.313912722702536 min: -11.87631313176323 max: 1.3269470972267359
Mean: -6.236399877333481 min: -11.762444388584832 max: 1.0275216140133625
Mean: -6.284301116441364 min: -11.442276171025153 max: 1.3420581586908802
Mean: -7.342581098663597 min: -11.779920590086117 max: 0.9636511137926462
Mean: -4.957044011588154 min: -11.599682633725648 max: 1.085060389883041
Mean: -7.28112934957148 min: -11.654256824055818 max: 1.43102277969116
Mean: -5.474116857777134 min: -11.934941953238443 max: 1.4183348137605836
Mean: -7.886829377663451 min: -11.750315771420055 max: 0.981705640245417
Mean: -5.158365771500079 min: -11.579010395094082 max: 0.7747221267434609
Mean: -7.744110322916856 min: -11.895187959536363 max: 1.4676025224823526
Mean: -7.2226729778803636 min: -11.75788180727752 max: 0.994193605366806
Mean: -3.2273296896511865 min: -11.571231707940688 max: 1.3454747309975106
Mean: -5.340441269542878 min: -11.755760820092945 max: 1.2372005414296714
Mean: -2.8326929557084117 min: -11.598726732536175 max: 1.189750096876378
Mean: -3.8404286086718997 min: -11.727070037735084 max: 1.5417948345262524
Mean: -4.574009806141631 min: -11.725373522527493 max: 1.2672364964505547
Mean: -2.6741105764485713 min: -11.446035547734594 max: 1.3988162454048372
Mean: -5.822417795798719 min: -11.471514910928132 max: 1.5624210216782815
Mean: -4.1947434182380245 min: -11.769219526753197 max: 1.2655318820815316
Mean: -5.20983689964237 min: -11.360986137341781 max: 1.6824853494293086
Mean: -6.550456217860177 min: -11.693302064315379 max: 1.111174752926737
Mean: -3.0699428917474862 min: -11.511512048072117 max: 1.6519995077198573
Mean: -7.278773835844598 min: -11.803297857357553 max: 0.9974155358749176
Mean: -6.025048859000208 min: -11.541613685535934 max: 1.4544626937458203
Mean: -4.787386784475366 min: -11.657523778796216 max: 1.2251636669438253
Mean: -3.7111304485009207 min: -11.671760562888938 max: 1.3729417321901138
Mean: -3.1967571287356775 min: -11.711470210684984 max: 1.4742645386345898
Mean: -2.6721505439568514 min: -11.847041468655044 max: 1.9486094372244722
Mean: -4.622046066276169 min: -11.701140262107458 max: 1.1634568559716034
Mean: -3.215485416661047 min: -11.637271509102117 max: 1.108369686483655
Mean: -4.439660111249739 min: -11.652999258464682 max: 1.2267864685025334
Mean: -4.248120082076854 min: -11.740383232821204 max: 1.2781412576516606
Mean: -3.379187278521081 min: -11.621632830293159 max: 1.5881488370598382
Mean: -4.528693524242354 min: -11.66401144642015 max: 1.2547938100361453
Mean: -3.58770446201763 min: -12.138640648643339 max: 1.180170929077101
Mean: -4.288457670269532 min: -11.790790475269631 max: 2.122318320305037
Mean: -2.0861590988193415 min: -11.37884479311219 max: 1.2315143881072514
Mean: -2.759008654483553 min: -11.452351989158863 max: 1.5806072165447118
Mean: -5.262449544843535 min: -11.972534903285592 max: 1.2871325904071869
Mean: -4.110438153437979 min: -11.667560069272007 max: 1.357851547100759
Mean: -2.620787681537303 min: -12.026831608099354 max: 1.585311471884909
Mean: -2.9027189638829984 min: -11.43321553105223 max: 1.9151877760078726
Mean: -2.955640944949531 min: -12.915234644192312 max: 1.6203739353943836
Mean: -3.688848273635634 min: -11.879477558809501 max: 1.1302686902660786
Mean: -4.401840688522338 min: -11.774008290874113 max: 2.2925409744263443
Mean: -2.9516164916933763 min: -11.813200983437442 max: 1.6419732463808883
Mean: -4.792685834218211 min: -11.632492391130386 max: 1.4364556498326804
Mean: -3.669674743826335 min: -11.581366975704727 max: 1.680153918113289
Mean: -3.714047699283952 min: -11.570283349524589 max: 1.4919413154321828
Mean: -4.445321051856654 min: -11.287302414993908 max: 1.8679655620844713
Mean: -6.768686714435784 min: -11.810231197567537 max: 2.4144642488605115
Mean: -8.764065235425596 min: -11.61845781080451 max: 1.8858682871229482
Mean: -8.35553367200516 min: -11.841407095854652 max: 1.2035519026552373
Mean: -6.437906488422852 min: -11.646996057993585 max: 1.2141473531788525
Mean: -9.513149869591475 min: -13.003360416050889 max: 1.5183855206830181
Mean: -8.666503818909204 min: -11.717541651720829 max: 1.941271349058817
Mean: -8.472955842933498 min: -12.098181148868491 max: 2.367584385991224
Mean: -7.728166869412478 min: -12.285681479844328 max: 2.2285041061624864
Mean: -9.557004422837299 min: -11.921172948251607 max: 1.8100625898024851
Mean: -6.585677077252557 min: -11.887270702445164 max: 4.142178891620637
Mean: -8.33747009270401 min: -12.215766296158492 max: 1.2832486080507668
Mean: -6.2368579449021135 min: -11.711558495423944 max: 2.5125817738824066
Mean: -6.550796536239667 min: -11.540197833659246 max: 1.3631841013084678
Mean: -6.914594433331701 min: -11.805821598875575 max: 0.7713025582755767
Mean: -7.26879299076179 min: -11.977986803840528 max: 1.51100987867807
Mean: -8.23060212061826 min: -12.18417391920794 max: 1.8517569456193264
Mean: -5.491290498368207 min: -12.116987894905462 max: 1.7853013919777962
Mean: -5.616360082044718 min: -12.416691797675853 max: 3.538228424505362
Mean: -7.4855729558330815 min: -12.3864257843857 max: 1.5533770293294331
Mean: -4.522773333866651 min: -12.209572734532557 max: 1.480964704487168
Mean: -5.321807226919352 min: -12.66411614793375 max: 1.6998624484408225
Mean: -5.424392931028571 min: -12.254380271071842 max: 1.534621783751565
Mean: -6.668808969043891 min: -12.454272924330668 max: 1.2758876430727848
Mean: -7.420706995806203 min: -12.212058492357688 max: 1.9147538059917328
Mean: -6.935267321546316 min: -12.16745921423448 max: 1.681320570244256
Mean: -6.077972541192056 min: -11.986947581382303 max: 1.6481576865720307
Mean: -7.313037952449617 min: -12.380410089958591 max: 1.4200578616381185
Mean: -7.955895264717061 min: -12.224892699754385 max: 1.2101543425869556
Mean: -5.405989995785611 min: -12.16257241363907 max: 3.9406859330330937
Mean: -3.1543055733370706 min: -12.202924792450258 max: 2.540023796848074
Mean: -4.474783722650597 min: -12.111224731306065 max: 2.390063310946578
Mean: -3.135650951756282 min: -12.393268899632364 max: 2.9198883179230815
Mean: -3.39081490201467 min: -11.491152761434357 max: 3.3615430089651066
Mean: -2.226820244949572 min: -12.134051423549021 max: 3.535112106544542
Mean: -4.509482599958083 min: -11.830486618645441 max: 2.7136586106432574
Mean: -2.8879903712697184 min: -12.369939352222405 max: 3.8257398624294616
Mean: -3.8874000602198127 min: -12.528243233376902 max: 2.278966996861913
Mean: -3.6508474849702224 min: -12.574220126578252 max: 3.4005396747352523
Mean: -3.3632603121596505 min: -12.319423148880201 max: 2.4189970220183534
Mean: -3.420437676309948 min: -11.97028831529611 max: 3.4863830725926426
Mean: -3.9371257971290805 min: -12.133111194459332 max: 2.901473693278384
Mean: -3.4971834507796786 min: -12.14786019898067 max: 2.944809702860687
Mean: -2.2156520704725895 min: -12.086472263241326 max: 3.2463533585713416
Mean: -3.023973251545968 min: -12.108049800265402 max: 2.98758535073267
Mean: -3.9486982798217123 min: -11.527231422506986 max: 3.310440378355868
Mean: -5.407099477886951 min: -11.989352731685889 max: 3.0379446432953503
Mean: -5.556245240870427 min: -12.179080053232234 max: 3.1428383008679117
Mean: -3.804376319341074 min: -11.955221742133046 max: 4.377444834269604
Mean: -2.3078519539657982 min: -11.957747688861685 max: 3.930517344848502
Mean: -3.765869669438587 min: -11.735566743149482 max: 3.7148617382870337
Mean: -2.9136897592974287 min: -12.141887830745874 max: 4.215423169106157
Mean: -2.2366483393231222 min: -12.173575362254816 max: 2.8450306764362643
Mean: -3.452790180911536 min: -11.676396545861884 max: 3.5898728821573465
Mean: -2.806387857875328 min: -11.59640373516936 max: 3.1458672990891765
Mean: -3.248752654397486 min: -12.087079506515794 max: 2.7312377322434873
Mean: -2.7121264251523614 min: -12.526873299353136 max: 2.482677687716588
Mean: -2.007387306933322 min: -11.852839348495872 max: 3.499344187737617
Mean: -2.6569034652889116 min: -11.530702138236398 max: 3.9888366503422885
Mean: -3.458122042455953 min: -12.175089676203788 max: 2.6070197466766114
Mean: -4.061892059091895 min: -11.557636382032776 max: 2.3828356678147475
Mean: -3.06616707025811 min: -12.101606383167894 max: 2.1698604420129994
Mean: -2.902633500168542 min: -11.838835453707361 max: 3.675609362556487
Mean: -3.76532095301198 min: -12.40486959087466 max: 2.296515360372392
Mean: -2.526972358089002 min: -11.61182173355341 max: 2.8050534049329907
Mean: -3.0246670971519274 min: -12.103340727924891 max: 2.8493611481263246
Mean: -2.7411531454353235 min: -11.957625757318553 max: 2.7438213895389194
Mean: -3.158752285704545 min: -12.13118717500124 max: 3.1341022160355645
Mean: -5.284726846603532 min: -12.102099255199361 max: 4.622960659594733
Mean: -3.1360760785974056 min: -11.968357166006268 max: 4.965706151973211
Mean: -2.727932306306983 min: -11.807942812530671 max: 3.7838380474802347
Mean: -3.3882233201292937 min: -11.836925916225429 max: 2.9353703648324165
Mean: -3.555144789740997 min: -12.067006735312875 max: 2.033583872871489
Mean: -3.2921991413540534 min: -12.145562786496225 max: 2.542567893581311
Mean: -2.269434957440547 min: -12.015127067525437 max: 4.132697508670172
Mean: -4.0366922614237835 min: -12.01114962749789 max: 2.176850614178545
Mean: -4.154302993859273 min: -11.815995659150927 max: 2.206052190076181
Mean: -5.350323908655831 min: -11.99549417205588 max: 2.2200347838095564
Mean: -4.368717260252442 min: -11.682574835337126 max: 5.1377901091371605
Mean: -4.428055479161122 min: -11.758157005457742 max: 4.1891782901071455
Mean: -4.719911299804722 min: -12.036070853005997 max: 4.5527430092118095
Mean: -6.6349275131881305 min: -12.030006128197122 max: 2.887302410988919
Mean: -5.163608317719976 min: -12.560728127210952 max: 4.396799256007323
Mean: -5.962296059705591 min: -12.067080589380549 max: 4.41848750292633
Mean: -4.897829743632838 min: -12.10517411971238 max: 3.0167991265947167
Mean: -4.835385051125855 min: -11.779859720064005 max: 2.920366880728406
Mean: -4.897569240337082 min: -11.58728571094366 max: 2.420740910194176
Mean: -6.4500494492009635 min: -11.639136697706995 max: 2.762997785885681
Mean: -6.0033556684642555 min: -12.004409034959107 max: 2.154539119094522
Mean: -6.994466377739465 min: -11.971066653815257 max: 2.565221802993025
Mean: -6.967540525977966 min: -11.736847774471263 max: 3.5789605488711325
Mean: -7.713416952420633 min: -11.884516951508735 max: 1.8426342699521379
Mean: -6.40509811823498 min: -11.884915504408143 max: 2.971766377627926
Mean: -6.711852304233696 min: -12.107600162019454 max: 3.6968966641553527
Mean: -5.922651734287037 min: -12.02770375543205 max: 2.369289739230839
Mean: -7.256837881070937 min: -12.032922580206716 max: 3.0558905823400377
Mean: -4.845227206039684 min: -12.900818660993513 max: 2.032010484253952
Mean: -5.186899342792161 min: -12.000800960655072 max: 3.106606068595463
Mean: -5.532707989287774 min: -12.004262989724715 max: 3.5092793057365084
Mean: -5.005369255192859 min: -12.65857007158512 max: 4.402660843604229
Mean: -5.1897681152639175 min: -11.802833020448354 max: 2.499020211775608
Mean: -6.205817904090459 min: -12.024295335034694 max: 3.334158068333245
Mean: -5.9414971703499395 min: -12.027422236134084 max: 2.956738102028655
Mean: -5.912875125465734 min: -11.33556460011108 max: 2.895706075856338
Mean: -6.842849352645996 min: -11.89045535155099 max: 3.828813866521239
Mean: -7.239154007682518 min: -12.035043234850354 max: 1.394587225777422
Mean: -6.3868006940941715 min: -11.771359015792294 max: 2.5024271794776136
Mean: -7.210664426456912 min: -11.835037845619647 max: 1.854434549322372
Mean: -5.449823917191227 min: -11.870382193638335 max: 2.2370034693232066
Mean: -6.532794936040855 min: -12.035294333903483 max: 4.091265138244155
Mean: -6.261459947380665 min: -12.034214822314933 max: 3.865260383609279
Mean: -6.5382922885756125 min: -11.942066702522709 max: 3.5540322034960403
Mean: -6.780403924110057 min: -11.743362076810316 max: 2.7147615147355295
Mean: -7.519066141909896 min: -12.054254522584289 max: 2.1277158858143985
Mean: -5.675183449463315 min: -12.031217570166806 max: 4.104934514073011
Mean: -5.690889735240526 min: -11.953004346928726 max: 3.1894422554573594
Mean: -7.217486627251224 min: -12.013793896320756 max: 3.4077977022109316
Mean: -5.757278701290625 min: -11.557171680207674 max: 2.589255526724753
Mean: -6.754606205962615 min: -11.78089449853832 max: 1.9692588625582774
Mean: -5.851382870001107 min: -11.921137688708969 max: 3.3965135326551645
Mean: -6.508324785484819 min: -11.669616661640582 max: 2.738398477837541
Mean: -5.167864089778159 min: -11.355015835877259 max: 3.0279686116124322
Mean: -6.301928840741243 min: -12.053780540143993 max: 1.487972731417157
Mean: -5.238586056773025 min: -11.927741467705456 max: 1.845603573200392
Mean: -3.5221821255710175 min: -12.13346731814408 max: 2.595250291914109
Mean: -2.765054352592 min: -12.067970520666417 max: 2.406031114553385
Mean: -5.321463642450907 min: -12.063139940572539 max: 1.8631852840047123
Mean: -4.810801298148529 min: -11.926526706538755 max: 1.9745820772868639
Mean: -3.5713205906494454 min: -12.049534127400086 max: 2.951348741418724
Mean: -3.844466216675563 min: -11.990091482870767 max: 2.4233292919438325
Mean: -5.538228906702325 min: -12.037268573826749 max: 1.8782146839563048
Mean: -4.157823898424024 min: -11.75432418378038 max: 2.361641676843688
Mean: -3.352020472153733 min: -11.887293453025146 max: 2.7584812176807
Mean: -3.919636127045881 min: -11.935304280962962 max: 2.6252021988541507
Mean: -2.8544144955735122 min: -12.357608903823111 max: 4.142070172020548
Mean: -3.365282437896935 min: -12.179832068783334 max: 3.373331972325799
Mean: -3.6293593539766653 min: -11.925384934088042 max: 3.0766170058828224
Mean: -5.689815533353087 min: -12.172812337904528 max: 2.046742944413684
Mean: -4.149166396653003 min: -12.613179261410775 max: 3.650880837837054
Mean: -4.035383625434281 min: -12.265798754489264 max: 2.783674365923855
Mean: -4.966908574538876 min: -12.575634095878314 max: 5.02574292525026
Mean: -2.45212894824764 min: -12.256909444179705 max: 5.030437119321766
Mean: -2.379015838332651 min: -11.924975762318722 max: 5.213360355449374
Mean: -2.9861567022598323 min: -12.414868667220414 max: 5.361093507337296
Mean: -2.7738910112088804 min: -12.702058157731948 max: 5.325480264664664
Mean: -2.7365246176153555 min: -12.158850888739497 max: 5.945056668617298
Mean: -4.40749689387483 min: -12.086273920248722 max: 5.511722615857367
Mean: -4.144241824911405 min: -12.158593664847189 max: 5.8966078162230025
Mean: -3.4199440630521725 min: -12.277944913026868 max: 5.364915095722761
Mean: -5.114633162767785 min: -12.210230334880684 max: 4.836084423587309
Mean: -3.1294474184777177 min: -12.037293873514054 max: 5.376062559166717
Mean: -3.3800490020151623 min: -12.313953697897379 max: 5.570206699377923
Mean: -2.546526311112856 min: -11.907177054001137 max: 5.822273074068701
Mean: -4.026275579716064 min: -12.45397442901248 max: 5.550544867498148
Mean: -2.083960683421602 min: -11.95137130339658 max: 5.628919524589628
Mean: -3.757701196624615 min: -12.626265679953201 max: 5.7630595675032215
Mean: -3.9403632195573848 min: -11.917867996390692 max: 5.518846340087474
Mean: -5.529614386462335 min: -12.992976251643878 max: 5.533582008712386
Mean: -3.311685641037739 min: -11.745591342617336 max: 5.234183401781917
Mean: -2.407639716765373 min: -12.523893589510891 max: 5.834546983737938
Mean: -3.1428304974240184 min: -12.285544552365263 max: 5.434075424072255
Mean: -2.1418848299474877 min: -12.550006362942101 max: 5.781940200827897
Mean: -2.734470406782868 min: -11.930463173206297 max: 5.289228917687343
Mean: -3.9040096271693243 min: -12.044831629781994 max: 5.706199434205453
Mean: -4.121477291156863 min: -11.713955703603544 max: 5.873389649363567
Mean: -4.226307304653559 min: -11.618037066045758 max: 6.220575300690899
Mean: -3.5154429203148534 min: -12.19072016031685 max: 6.311254829690205
Mean: -3.540540254984216 min: -11.563930759174522 max: 6.256295260875451
Mean: -2.8326849530183718 min: -12.019828518558564 max: 5.508176299915672
Mean: -2.833804956485672 min: -11.759759358162984 max: 5.619408340922614
Mean: -3.0969014782809494 min: -12.429114554475872 max: 6.298154630526907
Mean: -2.7943401270543227 min: -12.82935984893937 max: 5.902824334449494
Mean: -2.0958348228918227 min: -11.523059619064085 max: 5.872739015251729
Mean: -3.866789721536947 min: -11.765112899638817 max: 6.084405045379055
Mean: -3.293048943344137 min: -12.349455497256809 max: 5.843262196839584
Mean: -5.053373386023577 min: -12.571939872099325 max: 5.449847985798593
Mean: -3.092073229367603 min: -11.761938171347545 max: 5.549781224149609
Mean: -3.9292094390189707 min: -12.161107984778766 max: 5.966874419642822
Mean: -4.986507473757381 min: -11.699343213635661 max: 6.539201562153444
Mean: -5.333176545348718 min: -12.477316049931485 max: 6.596636670763815
Mean: -4.238508233893614 min: -12.517187759062733 max: 6.362099232038882
Mean: -4.209874660558375 min: -11.7026976981036 max: 7.172114620742676
Mean: -5.02105549071345 min: -12.467869621571706 max: 6.418923480906036
Mean: -3.911379494468201 min: -11.637851853248803 max: 6.903712002267602
Mean: -3.3976010367169374 min: -12.54776609984456 max: 7.806391665642831
Mean: -4.0206239011622875 min: -11.70075183526915 max: 7.305010849007714
Mean: -2.9152516716995787 min: -12.502256922390009 max: 6.997890265059427
Mean: -4.384584629425502 min: -12.441954591509917 max: 7.074532595545657
Mean: -4.976681656635603 min: -11.570927710539678 max: 7.027264984478935
Mean: -3.932508389749787 min: -12.740024421233256 max: 6.522104619854519
Mean: -2.817777305370422 min: -12.551875709283243 max: 7.2385526566827565
Mean: -2.769196992976865 min: -12.55731785602337 max: 6.584729863124862
Mean: -2.9261156161164457 min: -11.5926643873742 max: 7.522005872235775
Mean: -3.5846378348986723 min: -12.517822671926549 max: 7.371831697077481
Mean: -2.3710732678266875 min: -12.446816006570124 max: 7.929092904998132
Mean: -3.559685926722923 min: -12.204399353265622 max: 7.966780798853464
Mean: -3.3262792128349146 min: -12.08118483278958 max: 7.891000120583318
Mean: -2.4391261080311875 min: -11.870992894757691 max: 8.037748945425674
Mean: -2.4960446573183037 min: -12.617342851788523 max: 8.564658549291511
Mean: -3.582268276580992 min: -12.499892342536794 max: 8.23771578403778
Mean: -3.2974850357315004 min: -12.522543875384212 max: 7.960342688240158
Mean: -2.8483879114730444 min: -11.800513907586637 max: 8.20340947121681
Mean: -2.0593616510413195 min: -12.479141958853946 max: 9.245631029456465
Mean: -1.91467717581758 min: -11.962654660432545 max: 8.583370176049314
Mean: -1.1673882491453518 min: -11.906458641502434 max: 8.463624552518471
Mean: -4.077551794570138 min: -12.541121247481374 max: 7.7966703694283925
Mean: -3.9091117655230385 min: -11.659909508100982 max: 8.56754321083853
Mean: -1.6860674442057044 min: -11.745617066741971 max: 8.240939598835299
Mean: -3.7382127951266404 min: -12.702114872423024 max: 7.966384030931783
Mean: -2.607996657718631 min: -11.759055265431307 max: 8.058045658744755
Mean: -3.070570675424264 min: -12.04083359860836 max: 8.142279184398133
Mean: -3.210704155652324 min: -12.607344632347198 max: 8.653375791244166
Mean: -2.5639211838707836 min: -12.591638825471524 max: 8.365857593152576
Mean: -2.150188082976075 min: -12.56596443495778 max: 8.733240579520611
Mean: -2.942427256652346 min: -12.39790718005494 max: 7.698408848483907
Mean: -3.374378897904894 min: -12.449455230726628 max: 8.08155985638511
Mean: -2.6163452566117025 min: -12.507820759956582 max: 7.9527989414364555
Mean: -3.328456612586959 min: -12.53055451554496 max: 8.670933245488
Mean: -3.004729609633482 min: -12.465968537667722 max: 8.945641553432107
Mean: -1.9232015944816971 min: -12.542702687940135 max: 8.089667947394116
Mean: -0.2261679846110375 min: -12.504925691253414 max: 8.78342659372232
Mean: -2.3698253700252323 min: -12.333603414822186 max: 8.3371387042253
Mean: -1.376511777723642 min: -12.50351337387195 max: 8.092339403970396
Mean: -1.0040128782350424 min: -12.554936858682616 max: 8.601849684517882
Mean: -3.1419540148970877 min: -12.010898214194462 max: 7.998887341717749
Mean: -3.625416692522324 min: -12.578279918194296 max: 8.177801233432662
Mean: -1.6527685604441953 min: -12.56969147447632 max: 8.62014527864092
Mean: -3.1713867140916765 min: -12.166212341471365 max: 7.804794781418159
Mean: -4.520374781996675 min: -12.563164150401583 max: 7.858637040221175
Mean: -2.7607976441653337 min: -12.667354867407283 max: 7.336867124383182
Mean: -0.4493852141252275 min: -12.561910616923825 max: 8.119173377274766
Mean: -2.926173106274447 min: -12.67660290079347 max: 8.109729878973308
Mean: -1.8174640658617494 min: -12.472045494467249 max: 7.498824809197452
Mean: -1.5415522010674365 min: -12.523915209957403 max: 8.441617292311053
Mean: -1.3444868911203438 min: -12.664023935673908 max: 8.407236993104524
Mean: -1.0075518665945387 min: -11.970752004515589 max: 8.369678429104448
Mean: -2.016006067025725 min: -12.565380726282593 max: 7.9245731440463
Mean: -3.1871536018570725 min: -12.118608885883752 max: 8.209684468003102
Mean: -1.8323353414961918 min: -12.569016428977925 max: 8.039856203002847
Mean: -3.2834489761550207 min: -11.797321435553911 max: 8.148084352022773
Mean: -1.8331788633583974 min: -12.565074974615825 max: 7.925460188611762
Mean: -1.7011101111962497 min: -11.783514248906783 max: 8.811709958840796
Mean: -4.777581063759782 min: -12.718703895409854 max: 8.055103749979693
Mean: -4.739898961289844 min: -12.50487000665639 max: 8.60394732713486
Mean: -2.7272701917043127 min: -12.143921233726527 max: 8.013876309743207
Mean: -4.092837602461268 min: -12.578070048526929 max: 8.594571861082223
Mean: -1.6608256097816192 min: -11.565627012360883 max: 8.280089183824867
Mean: -4.22001053367248 min: -11.783184626046971 max: 7.699783050658012
Mean: -2.936624411165636 min: -12.59395051599474 max: 8.074478236120175
Mean: -1.5020890987969944 min: -12.151980234341226 max: 8.3281009561571
Mean: -3.003116109273713 min: -12.108810801728726 max: 8.263968131975158
Mean: -4.891160449375132 min: -12.897389690000065 max: 7.455635979656202
Mean: -4.0662381637158935 min: -12.509311728986724 max: 7.9731353923962125
Mean: -3.263373666044055 min: -11.94376971109058 max: 8.4435298620095
Mean: -4.711542313692272 min: -11.996011361888595 max: 8.020408483689398
Mean: -3.9717521187935056 min: -12.16054851861343 max: 7.264397931961802
Mean: -4.3971203729721 min: -12.20236629627713 max: 7.480105772933256
Mean: -2.4219022822855085 min: -12.205006806774186 max: 7.796140759512816
Mean: -2.9693322256577144 min: -12.521355380206565 max: 8.311808317846356
Mean: -3.875381956196834 min: -12.446381736017095 max: 8.45957067397786
Mean: -3.7924359139791664 min: -12.404128702125208 max: 8.933536649194561
Mean: -3.931219177882158 min: -12.008365703208069 max: 8.538668091852458
Mean: -4.9611318394458195 min: -12.573021384154309 max: 8.562697413267676
Mean: -5.039746903453135 min: -12.113195046715564 max: 7.494785637763479
Mean: -5.446613472234389 min: -12.82641098426043 max: 7.510203401450658
Mean: -6.8424743414158975 min: -12.23517449431402 max: 7.683551182864641
Mean: -4.060351402391329 min: -12.420090949446129 max: 8.316087893608895
Mean: -6.212177170852743 min: -12.58548027462258 max: 8.914664749636708
Mean: -6.743597724755977 min: -12.473961486143581 max: 7.481815325087397
Mean: -6.272544154628329 min: -12.311005423199298 max: 7.502672024157945
Mean: -7.748534000556242 min: -12.425867070954881 max: 7.5480080042041084
Mean: -4.957732324198614 min: -13.470449352890116 max: 9.273078416041342
Mean: -6.80589620941239 min: -11.988471317204663 max: 7.571925144717849
Mean: -4.878267499096396 min: -12.01142326577567 max: 8.708274045721149
Mean: -4.218456186483945 min: -11.924432882790748 max: 8.718219173815344
Mean: -4.64563896921147 min: -12.506484606413524 max: 8.104652615158262
Mean: -5.565023490271554 min: -12.193878949620235 max: 8.533423089543925
Mean: -4.631105081546778 min: -12.289170218284571 max: 8.190915840927195
Mean: -4.9218703532990595 min: -12.09921037056243 max: 8.499592616030814
Mean: -4.374296599336571 min: -11.593390672579352 max: 8.144907142486561
Mean: -2.770572116557702 min: -12.499678283636094 max: 8.544657051856927
Mean: -2.4699240698672638 min: -11.927054190036582 max: 8.842447581474064
Mean: -2.691004181147919 min: -11.70669231393894 max: 8.171924550222665
Mean: -4.287990872016553 min: -12.534139720039162 max: 8.087691888182796
Mean: -2.4920171106008038 min: -11.952733914466709 max: 8.29642129594379
Mean: -4.253164188890176 min: -11.696238728661804 max: 7.910836369009823
Mean: -3.8055992312223355 min: -12.541531912013482 max: 7.700485373738061
Mean: -5.122204183507588 min: -12.876488123853191 max: 8.157227482713392
Mean: -3.807114963552121 min: -12.613663581094325 max: 7.73100281104223
Mean: -5.425805832637544 min: -12.63499871016184 max: 8.18303216297187
Mean: -4.606635126937589 min: -12.312089184535589 max: 7.944742684691525
Mean: -6.202499251771578 min: -12.988552058618701 max: 8.25317407066331
Mean: -3.8394528060392106 min: -12.54571512577954 max: 7.727481026408202
Mean: -4.313322967929438 min: -12.461729298103478 max: 8.624846192939339
Mean: -3.1990967037378164 min: -11.781332383243743 max: 8.691799547589692
Mean: -4.022923499800002 min: -12.89384761498917 max: 7.725692498779887
Mean: -3.714357614382175 min: -12.19730939575863 max: 8.918710039923102
Mean: -4.933045598749285 min: -12.145335867526128 max: 8.871986030381375
Mean: -6.657477449980998 min: -12.613823167239765 max: 8.371838345532888
Mean: -5.8992392882329145 min: -11.795637891475058 max: 8.483384579039226
Mean: -6.369747898454717 min: -11.829613716315748 max: 7.708535831645739
Mean: -7.160055065796479 min: -12.579941351437071 max: 9.01138331159418
Mean: -5.323681430484822 min: -11.591591777655358 max: 7.103162878297011
Mean: -5.512282091287228 min: -12.553872495491447 max: 7.436644935452123
Mean: -4.55990313662695 min: -12.471008684546183 max: 8.45482648907987
Mean: -6.122530868986797 min: -11.85704613627431 max: 7.948714901314984
Mean: -4.906662030512094 min: -11.905664074309932 max: 8.32079680414242
Mean: -6.438951423735801 min: -12.033872492804566 max: 6.507274495667974
Mean: -5.424322125012481 min: -12.281808058728751 max: 7.807649371216094
Mean: -3.6266179207947333 min: -12.625366143874507 max: 8.235665655313127
Mean: -5.249837563680279 min: -12.75071062310326 max: 7.951087156923135
Mean: -2.869631898453568 min: -12.74369908026743 max: 7.464518443444563
Mean: -4.581325058561939 min: -11.603927643146575 max: 7.516054022170882
Mean: -7.130872937868897 min: -12.620121234419111 max: 8.63284626294656
Mean: -6.600379090061678 min: -12.389588928789983 max: 8.128947149485304
Mean: -5.520667145500646 min: -12.633301650696424 max: 7.89718307641473
Mean: -5.2115370077941465 min: -12.646936721917838 max: 7.842637664697726
Mean: -3.546814648796054 min: -11.82558965185297 max: 8.909865783850828
Mean: -6.4310331253339434 min: -12.467966515339505 max: 8.361645491017914
Mean: -3.3001181566019313 min: -12.945499606554941 max: 7.720853314635072
Mean: -5.413661380085898 min: -11.78357483479795 max: 7.706500022721038
Mean: -5.562562819163828 min: -13.300425823121403 max: 8.323871483873509
Mean: -5.837935749345506 min: -12.88133614181583 max: 7.892055453040941
Mean: -2.470025475927929 min: -11.649052585062439 max: 8.508797693333145
Mean: -3.937842045297337 min: -12.846088820022 max: 7.99547149138722
Mean: -5.061341560310171 min: -11.866353966774124 max: 8.351484655421604
Mean: -5.535918122177987 min: -12.11903994413585 max: 7.880469247038485
Mean: -3.9223924967321846 min: -12.610810283470109 max: 7.780710611887076
Mean: -4.434686297971498 min: -12.467496794397317 max: 8.519088616362952
Mean: -4.912478494526976 min: -12.22126221707818 max: 7.753877795330271
Mean: -3.407240579254166 min: -13.033320421144218 max: 8.109558275178289
Mean: -5.385228862595752 min: -11.838920628589205 max: 8.591934395266893
Mean: -4.841252189245008 min: -12.133218521194106 max: 8.383098456899916
Mean: -5.322995613350621 min: -11.829434095551743 max: 8.577190334935272
Mean: -4.611462216421146 min: -12.03491433984724 max: 7.923928889906363
Mean: -6.002277329550991 min: -11.824558734674573 max: 7.981660254211948
Mean: -6.002375848904661 min: -11.808847981801911 max: 8.165275746387014
Mean: -5.093573710291936 min: -12.696977469065997 max: 7.893719348555524
Mean: -4.371929272698559 min: -12.602131238266246 max: 7.209871792175067
Mean: -5.7178515566040495 min: -12.46452542435193 max: 8.0886552616089
Mean: -5.427658006286244 min: -12.441316454031861 max: 7.372124200923858
Mean: -4.839552093359205 min: -12.491243475888648 max: 7.3547897048372715
Mean: -4.351055725645721 min: -12.558119330659137 max: 8.17481617620139
Mean: -4.723967775892544 min: -12.035561021910794 max: 8.166952530472168
Mean: -5.279181821315132 min: -12.583475386363087 max: 7.437360428699727
Mean: -4.9388046507726635 min: -11.880226707048907 max: 8.811582955945788
Mean: -4.333590943435915 min: -11.878593616893433 max: 7.308947275024528
Mean: -3.2061501640200145 min: -12.801633605194036 max: 8.06997148221239
Mean: -4.524242324060497 min: -11.9382936996599 max: 7.619908552161854
Mean: -5.587410848730555 min: -12.114604549945033 max: 7.792457813831768
Mean: -4.541635038403868 min: -11.599403810237522 max: 7.225489888489894
Mean: -4.013893832289589 min: -11.983149600893569 max: 7.510191694827745
Mean: -6.205367865907881 min: -11.97788935454481 max: 7.124623295267957
Mean: -4.138060233655539 min: -12.315039116661596 max: 7.607933943502887
Mean: -3.318482828578434 min: -11.635216197309912 max: 7.332448299470983
Mean: -4.743503178435506 min: -11.841220530715926 max: 7.893743131531165
Mean: -4.827273576320594 min: -11.884101783271191 max: 7.349915182637719
Mean: -4.556720903253948 min: -12.744120176436162 max: 7.791571033923712
Mean: -5.597526250757815 min: -12.681562192945307 max: 7.197835081497999
Mean: -3.1735783086893523 min: -12.879645807819161 max: 7.5841001223229805
Mean: -3.2294745086592114 min: -12.171992989015116 max: 8.163339554181066
Mean: -1.847562677940334 min: -11.982891653271944 max: 8.375033083714388
Mean: -4.569079767224484 min: -12.073027975018302 max: 8.232504048686657
Mean: -4.343950202351862 min: -11.605765512555328 max: 7.887724707123153
Mean: -3.389797927164326 min: -12.025656504653572 max: 8.874806207277265
Mean: -3.908127999033188 min: -11.695419694213875 max: 7.924221215425329
Mean: -3.592989530076256 min: -11.587670149095814 max: 8.135777693359616
Mean: -4.056643704429752 min: -11.61726261710996 max: 7.865337743713629
Mean: -3.561010930049654 min: -12.18903651315299 max: 8.13703275270465
Mean: -3.259299298776051 min: -12.244709522478828 max: 8.39741650082833
Mean: -2.431374694896959 min: -11.86190316822516 max: 8.405406699935991
Mean: -5.808931262246132 min: -11.563499044725939 max: 7.560744411416829
Mean: -3.6136218744857014 min: -11.896009469389192 max: 8.680225326724303
Mean: -3.990009473315629 min: -12.301678749352666 max: 8.902717653626416
Mean: -3.7845030664366495 min: -11.896681722200714 max: 7.720320668764057
Mean: -2.9927513471692864 min: -11.636523741790468 max: 8.583324187110394
Mean: -5.132392688548805 min: -11.879388331021866 max: 8.410788362597195
Mean: -2.757787685501479 min: -11.914153108377363 max: 7.975776916849233
Mean: -3.980426549305284 min: -11.965551092908713 max: 8.24881189630834
Mean: -4.790878684977269 min: -12.225938021855807 max: 9.084815240261403
Mean: -3.719548364990368 min: -11.74813252536296 max: 8.615798443211098
Mean: -3.320049258262605 min: -11.934633644303332 max: 8.35001158835645
Mean: -3.750861821385486 min: -11.931092146072118 max: 8.159175757841592
Mean: -3.810075742864387 min: -12.063694308577151 max: 8.104631904581764
Mean: -0.6703414182822297 min: -12.021947941721333 max: 8.121433504073448
Mean: -3.618977685268888 min: -11.840313076909089 max: 8.358932638573915
Mean: -2.7163156986713672 min: -12.15895037969776 max: 8.359360115806343
Mean: -5.004297837774485 min: -12.038686719500808 max: 8.15252390265398
Mean: -4.42644136195873 min: -11.82416983447547 max: 8.06238575939553
Mean: -3.157873340321749 min: -11.911714286945077 max: 8.447211721402535
Mean: -3.2456403179032236 min: -12.014024003950905 max: 7.745455464844427
Mean: -1.468977648548071 min: -11.444201986983447 max: 8.116291108484596
Mean: -6.67458148833014 min: -11.951788412811668 max: 8.696867548938593
Mean: -3.046819044022001 min: -11.815419659337685 max: 8.767590903529246
Mean: -3.042172633851251 min: -11.650865152645755 max: 8.740913310527738
Mean: -3.239347906191388 min: -11.911167112604405 max: 8.484460678192152
Mean: -3.6201686551361503 min: -11.757180720996729 max: 9.048353271946278
Mean: -3.540924689071615 min: -12.384073360689662 max: 8.85655195850212
Mean: -1.642837570128396 min: -11.971665430691173 max: 9.153616160973748
Mean: -3.5903658672108714 min: -11.702057675187975 max: 8.762800189016001
Mean: -4.706599684302306 min: -11.803837600194736 max: 8.990314142139294
Mean: -3.304139994498676 min: -11.765209898867617 max: 8.320605285643119
Mean: -3.4594087139373157 min: -11.651614795671403 max: 8.414849465460483
Mean: -3.1914348749848727 min: -11.573856246207692 max: 9.754786684970615
Mean: -4.950646756476073 min: -12.403796959542799 max: 8.999455827798505
