Mean: -11.495765408638455 min: -12.217745419865537 max: -10.81232374196276
Mean: -11.430425215518028 min: -11.903406218620079 max: -10.895151626409342
Mean: -11.200864528976819 min: -11.838885078172014 max: -10.842721062824937
Mean: -11.60614880205561 min: -11.963450712824738 max: -10.877408160728589
Mean: -10.94073732573246 min: -11.458368480026039 max: -10.738551541878222
Mean: -11.020438670159344 min: -11.81902285821146 max: -10.666976757106
Mean: -9.460523249439117 min: -11.806546244812383 max: -5.959526080979222
Mean: -10.86528429253162 min: -12.528127759829225 max: -10.210822919972397
Mean: -8.479791489675383 min: -12.239790595398969 max: -5.9482651838765115
Mean: -10.3152808449809 min: -10.905283770159135 max: -5.965724106129938
Mean: -9.934047527905786 min: -11.179470825679662 max: -5.973276017895847
Mean: -8.670158738392615 min: -10.842692488002529 max: -4.602038445550682
Mean: -7.99406770057827 min: -10.874483623016067 max: -4.2035937254525155
Mean: -5.569128201144325 min: -10.90373230757397 max: -3.752528874404196
Mean: -6.6679888751451415 min: -10.467841284443416 max: -4.181188588914383
Mean: -4.603060119303306 min: -10.367539350445915 max: -3.342771653975581
Mean: -7.274617101102294 min: -10.693966674009456 max: -3.499664583267254
Mean: -11.31884249833127 min: -11.953904010688017 max: -10.691595503478712
Mean: -8.22592706145801 min: -11.306317474620107 max: -3.6580486367936285
Mean: -7.228284779166712 min: -10.811265491118274 max: -3.6558365163946633
Mean: -5.332731188959896 min: -10.66381287043689 max: -3.702224354018927
Mean: -5.0183178239061235 min: -10.762799071556906 max: -2.882720139935426
Mean: -3.9753124593415157 min: -10.437417197494677 max: -2.829082171069799
Mean: -3.682320350217746 min: -10.397498466904384 max: -2.791889399846599
Mean: -5.1944815108894975 min: -11.451118149103287 max: -2.598606639113531
Mean: -5.36362226755315 min: -11.404464830441276 max: -2.518287341509708
Mean: -4.261981030939768 min: -10.801494760048644 max: -2.5536454563607736
Mean: -4.257850617673165 min: -10.672072715858157 max: -2.540976891538119
Mean: -4.317938834701027 min: -10.699978548277475 max: -1.8497984155566876
Mean: -3.859134789018783 min: -10.849472552020186 max: -1.344493446526215
Mean: -4.375687630618521 min: -10.80437068088003 max: -1.2799029515657312
Mean: -2.5694678339393633 min: -11.535522957599598 max: -1.272187504143894
Mean: -2.4611125984591027 min: -11.638767493788718 max: -1.2803877026639998
Mean: -6.984641660044278 min: -10.794882844742908 max: -1.1586712330231947
