Mean: -10.240603237946347 min: -12.14563119730099 max: -2.8991796963423027
Mean: -8.90225206540854 min: -11.779296841502438 max: 0.32410635544609023
Mean: -7.416108804003167 min: -11.95255892037571 max: 0.33486643146614653
Mean: -1.9144464355873934 min: -11.201849108423746 max: 0.43830401633403004
Mean: -1.0321664342106722 min: -11.72979470776103 max: 0.5177213581336553
Mean: -3.061578822735941 min: -11.888462866351668 max: 0.577787267364721
Mean: -1.2280843546025595 min: -11.558458800709202 max: 0.5472445671435068
Mean: -0.6993287863530927 min: -11.756880994741472 max: 0.5614566421313638
Mean: -1.3242305245968728 min: -11.390204433972839 max: 0.5776432155857925
Mean: -1.802135345901508 min: -11.761863919626718 max: 0.574916496946207
Mean: -1.336821758769187 min: -11.016219175685832 max: 1.0097110300218861
Mean: -1.1187173743229761 min: -11.908400728063162 max: 1.2401946295086177
Mean: -1.828808216810646 min: -11.708538364633185 max: 1.6693363567231778
Mean: -1.556453804567884 min: -11.781983897294149 max: 1.1625377805188242
Mean: -1.8457986120333385 min: -11.267155250168194 max: 1.2080788204452395
Mean: -0.9177515464216087 min: -11.45538498603064 max: 1.2113577073345165
Mean: -0.8293520995284734 min: -11.186318251794278 max: 1.4923333486513919
Mean: -2.894304057209687 min: -11.500527030229316 max: 1.3466798826155235
Mean: -1.7636747963202972 min: -12.298123788425293 max: 1.600231341904357
Mean: -1.080246916639826 min: -11.819523161053757 max: 1.33117466537696
Mean: -3.4957943999441965 min: -11.859166685329177 max: 1.3665007225730197
