Mean: -10.491821067245535 min: -11.833013428212578 max: -5.832117147025168
Mean: -10.290137916726241 min: -12.071802848068003 max: -5.83223479288396
Mean: -11.09599045689814 min: -11.83180851818615 max: -6.124685804375827
Mean: -11.046100463129598 min: -11.836923123217746 max: -5.835300806961309
Mean: -11.388693166141621 min: -11.889755016050177 max: -10.616561801226002
Mean: -11.082228000190758 min: -11.826764465090385 max: -5.83049597021107
Mean: -11.250727031906155 min: -11.834884774000756 max: -5.829983313870108
Mean: -11.481990674379578 min: -11.840651000985131 max: -10.660014129081212
Mean: -10.902407493500581 min: -11.778558340691898 max: -5.810654748001594
Mean: -10.72657406125836 min: -11.794080180728374 max: -5.808862825319256
Mean: -11.483984159996295 min: -12.040944506570076 max: -10.688314621686748
Mean: -11.252597752914394 min: -12.031603436244403 max: -5.811216269538358
Mean: -11.249581422012634 min: -11.852633013741858 max: -5.810800489660939
Mean: -10.748837183093439 min: -11.827703933082583 max: -5.808837398409407
Mean: -10.47316672930109 min: -11.827928221217977 max: -3.5058774225095393
Mean: -10.449716819926323 min: -11.84149763119233 max: -3.5055340953068854
Mean: -11.026594615728298 min: -11.76692398528941 max: -10.457852007710189
Mean: -10.52468444759867 min: -11.126764793460195 max: -10.44871422346874
Mean: -10.545297292621395 min: -11.322788725831298 max: -10.426935316805418
Mean: -10.436828756511833 min: -10.612852768757131 max: -10.376299342435908
Mean: -10.054796272049762 min: -10.746991223520537 max: -2.9840675889571586
Mean: -6.547708674938707 min: -10.475903344168577 max: -2.2192933950324956
Mean: -3.0782628022940415 min: -11.836059315786386 max: -1.6903429973117927
Mean: -1.950933318641649 min: -3.1878640927416613 max: -1.4152222856504093
Mean: -2.062472973232537 min: -10.866494928950196 max: -1.513103101516019
Mean: -1.9581646635728411 min: -10.008896738455409 max: -0.2992890705172684
Mean: -4.1730105869707526 min: -11.524412446758834 max: -0.14382627500128065
Mean: -1.31268786186881 min: -9.512791167573372 max: -0.10867710814596712
Mean: -1.5153981802551093 min: -11.240260225800425 max: -0.1401044232508148
Mean: -0.9375079789417347 min: -10.025319486566737 max: -0.11824380831383571
Mean: -2.0405747758830053 min: -11.376562889178906 max: -0.14607161419215797
Mean: -1.0539680801856381 min: -11.273700321849446 max: 0.005777537041587804
Mean: -2.828500768705359 min: -11.224357327138756 max: 0.0455657941855948
Mean: -1.1883683542833476 min: -11.150265870886855 max: 0.040944214477609486
Mean: -3.373059977501157 min: -11.323946920247565 max: 0.1627037997280905
Mean: -2.567628632002558 min: -10.548245563814385 max: 0.049241606140345784
Mean: -1.5709565672464563 min: -11.220731880835071 max: 0.07271292253582218
Mean: -0.9837871047956351 min: -11.123824823465192 max: 0.14033079248970917
Mean: -1.0430605427698298 min: -11.272727764124706 max: 0.09555289508590001
Mean: -1.5188558425287941 min: -11.420277728885832 max: 0.1149434354434853
Mean: -2.9247386663627326 min: -11.709407738983195 max: 0.1091023420423633
Mean: -4.321376538963959 min: -11.26222584593961 max: 0.278191595657002
Mean: -6.385730463141172 min: -11.695848890215382 max: 0.33062007100741303
Mean: -5.2021666183533695 min: -11.207672016847974 max: 0.3745658427869677
Mean: -4.777100059722724 min: -11.85200001240062 max: 0.4122517592351537
Mean: -0.8250629263340998 min: -11.499311224905556 max: 0.5743740777287659
Mean: -3.017965850795528 min: -12.05809348521135 max: 0.40986746121396084
Mean: -2.322684048943478 min: -12.190055875159434 max: 0.3817897556272828
Mean: -0.7076030777154575 min: -10.151994366236655 max: 0.4029496473553512
Mean: -0.621247319077147 min: -9.714583500811505 max: 0.6858021016844172
Mean: -1.4826596694115917 min: -10.257892967611065 max: 0.7836952668899271
Mean: -1.6377220698041186 min: -11.30538434423782 max: 0.7706116630058197
Mean: -1.8964035956695113 min: -11.35017899610178 max: 0.7703039880592785
Mean: -1.9184639958403018 min: -11.128733969968982 max: 0.798482889461086
Mean: -1.0122726714896877 min: -11.217271797741583 max: 0.8155504905850824
Mean: -2.434153166853884 min: -11.117819316139405 max: 0.8068992027294137
Mean: -1.4459098183009873 min: -11.247882851763972 max: 0.8088181107824409
Mean: -0.4585468304045362 min: -10.840760841632573 max: 0.7972497504437022
Mean: -0.5253527565452344 min: -11.228279049313905 max: 0.8068968873339148
Mean: -2.304723981026638 min: -11.70204465046608 max: 0.804574632718471
Mean: 0.22155104049534277 min: -11.149782421919815 max: 0.901861160136871
Mean: -0.20293002019336384 min: -10.009522057166254 max: 0.9587518468896304
Mean: -0.3673389143218682 min: -11.567357420724345 max: 0.9680598971592834
Mean: -3.6709423590264842 min: -12.056594898272083 max: 0.9787459164974511
Mean: -0.27928743868692424 min: -11.166567677639204 max: 0.9934896635989096
Mean: -0.4482310586314352 min: -11.311331174850135 max: 0.9905183182019266
Mean: -0.921163261532494 min: -12.069381066219535 max: 1.0142070852082277
Mean: -0.32307521296170894 min: -11.247345795358374 max: 1.057535995691367
Mean: -0.36783465547056216 min: -10.423569540358661 max: 1.0738040900918535
Mean: -2.5367395141400086 min: -11.192649759428114 max: 1.1843244547731049
Mean: -0.11918199691937381 min: -9.714569551095243 max: 1.1829694296930517
Mean: -0.6322107025003519 min: -10.190383092980568 max: 1.2543533716069493
Mean: 0.39416573736614097 min: -9.20572057389666 max: 1.3509716995013517
Mean: 1.099307816389033 min: 0.4475214110951818 max: 1.3184151305398482
Mean: 0.8574924867433497 min: -0.7492595232218565 max: 1.281318224329912
Mean: 0.05087132027987277 min: -10.880120418214016 max: 1.4000590212924355
Mean: -0.3254694125718537 min: -11.40103982391091 max: 1.3370415641874642
Mean: 0.8645561976010645 min: -0.4133077614910003 max: 1.2672364900945556
Mean: 1.007186569644246 min: -0.2468011812846664 max: 1.2875265352018717
Mean: 0.2968506793573643 min: -11.50989637826812 max: 1.287184541145231
Mean: 0.38956977478590804 min: -11.366205313848386 max: 1.313170802293498
Mean: 0.3897946133576812 min: -10.070985068281118 max: 1.2713647451521208
Mean: 0.4684761699308533 min: -10.026249471619392 max: 1.2843074780880621
Mean: 0.21420912645168583 min: -9.176377741074019 max: 1.2822453647433427
Mean: -1.50505801570221 min: -11.628827742981153 max: 1.2917602010493079
Mean: 1.0183124235116798 min: 0.8311754443863859 max: 1.2919490181835735
Mean: 0.3868136371456819 min: -9.23979626797537 max: 1.3105145557587157
Mean: 1.0429049156790007 min: 0.3611662009616856 max: 1.3202348017802643
Mean: 0.21147821084209267 min: -11.219646140760993 max: 1.2900495965937302
Mean: 1.0275990315792929 min: -0.4095171945223762 max: 1.3196304840303852
Mean: 0.5364519386358446 min: -9.316780702443198 max: 1.3062207247024789
Mean: 0.9907017181426292 min: -1.3737583542749803 max: 1.3478603472431507
Mean: 0.6972134952079806 min: -3.603265742891659 max: 1.31112041357389
Mean: -0.18108476077978647 min: -10.739896117097326 max: 1.300898076630489
Mean: -0.18486279943215783 min: -11.933239153111431 max: 1.3116187862572972
Mean: -0.38485242478312265 min: -11.145687315438114 max: 1.2884924234557464
Mean: -0.10583889700186382 min: -12.126602077943133 max: 1.2979439313278727
Mean: 0.6614298008187761 min: -8.901720592130836 max: 1.3846059709908864
Mean: 0.6121499965015298 min: -9.233093927963802 max: 1.4322241605212636
Mean: -10.340639449240404 min: -11.926112640252647 max: -1.8921095293713435
Mean: -8.844955231496323 min: -11.580906548632743 max: -1.8893971682838078
Mean: -8.537309720090402 min: -11.707424564427324 max: -1.8927143435915073
Mean: -8.606915297962965 min: -11.650667344649323 max: -1.8880874346844043
Mean: -5.601773627881161 min: -11.541500007016708 max: -1.8259923297188512
Mean: -5.635883282264247 min: -11.436343899681171 max: -0.6334249346107844
Mean: -4.84190342795511 min: -11.28496262935133 max: 0.21362384399195136
Mean: -3.7396759821866885 min: -11.263904400244666 max: -0.06373069158562401
Mean: -2.8677123447881945 min: -11.679091444766987 max: 0.07417902231635612
Mean: -2.829277426989754 min: -11.647419043050894 max: 0.07820683467487809
Mean: -2.776391083809319 min: -11.543132035703522 max: 0.08039109671177577
Mean: -2.6989959431719206 min: -11.94598935163465 max: 0.08551642433733551
Mean: -3.7093565446430716 min: -11.215064513469736 max: 0.12097253394563545
Mean: -0.583496689894056 min: -11.184200223383215 max: 0.13140174730684528
Mean: -0.9403047856753185 min: -11.003071909408526 max: 0.1191881094356993
Mean: -3.859663404068067 min: -11.858240248782824 max: 0.20437407375673033
Mean: -2.178495248466112 min: -11.610760122863006 max: 0.3144250252742117
Mean: -1.9949901625805544 min: -11.207155140425948 max: 0.3291588647286234
Mean: -2.5730325487277166 min: -11.227672885384536 max: 0.352752779714434
Mean: -2.563155429399307 min: -11.229077177682985 max: 0.41592478658905374
Mean: -0.3424930790061668 min: -11.887076984331866 max: 0.409211184610306
Mean: -1.961573414126438 min: -11.22755814570707 max: 0.3985410168293294
Mean: -3.64818529446109 min: -11.44472109978882 max: 0.40822457744141777
Mean: -1.248850356907168 min: -11.724402634514249 max: 0.3937236399529122
Mean: -0.8007379877130578 min: -11.195443622854352 max: 0.41169076248245345
Mean: -2.077906862845594 min: -11.384404106168201 max: 0.40982505415213427
Mean: -1.2214330051237619 min: -11.235600278922233 max: 0.40691282929159533
Mean: -1.4531261634214838 min: -11.765938843800036 max: 0.40945732827723036
Mean: 0.3716176187294728 min: 0.2327055926807916 max: 0.4167891762672251
Mean: -2.365625392983006 min: -11.210246742063388 max: 0.4355619165353253
Mean: -2.9905210175663814 min: -11.233544279769117 max: 0.4426581314182888
Mean: -0.21112490459578157 min: -11.20371712736062 max: 0.4621275935894821
Mean: -2.1427792068274334 min: -11.33627025125243 max: 0.43100677562310064
Mean: -1.9434458745813923 min: -11.347769070685096 max: 0.43419253095730437
Mean: -1.7734117877444162 min: -11.225764806745511 max: 0.46172355913384566
Mean: -1.4080570099028389 min: -11.690046378886068 max: 0.44521138155711204
Mean: -3.096028665362506 min: -11.454587686395165 max: 0.48068871480651837
Mean: -0.5930652246731282 min: -9.873811669753708 max: 0.48444610974711355
Mean: -1.9378588552552345 min: -11.573664908004117 max: 0.4702116804787702
Mean: -1.3665478521509897 min: -11.736226515699563 max: 0.6147020667567505
Mean: -0.773293460376229 min: -11.21864264288383 max: 0.6470617244905629
Mean: -3.593652392028678 min: -11.728897178255394 max: 0.6707994652987991
Mean: -2.2263319796296273 min: -11.224202398871306 max: 0.7016205490277642
Mean: -5.954219731114757 min: -11.922480824101548 max: 0.7013687095744348
Mean: -1.4732812239203952 min: -10.7853718885432 max: 0.7078478860306326
Mean: -1.7337745682893835 min: -11.217609108916866 max: 0.7203823161450373
Mean: -0.038485097806977606 min: -11.178841332593974 max: 0.7112001853791641
Mean: -3.523891825914837 min: -11.774715655710157 max: 0.7142914122620901
Mean: -1.9041868652248795 min: -11.204485173637723 max: 0.7104058032537868
Mean: -0.6045922206812113 min: -11.938372818680163 max: 0.7235423042289195
Mean: -1.7452623021979954 min: -11.602627298276534 max: 0.7115949470301737
Mean: -2.776257176312571 min: -11.770575302873288 max: 0.7476697106600768
Mean: -1.1765385993632627 min: -11.28215460686024 max: 0.7396030332513415
Mean: -2.8213006121820063 min: -11.19345123127474 max: 0.7575808155788007
Mean: -2.1395538649193893 min: -11.616961093020699 max: 0.7708195820098271
Mean: -1.7053552048729768 min: -11.197756441931126 max: 0.7704386597665487
Mean: -1.0602531799851227 min: -11.203635151246555 max: 0.7615236552794007
Mean: -2.218397820370936 min: -11.293262313719424 max: 0.7659034025607233
Mean: -2.806222659264336 min: -11.409602536738381 max: 0.7700962768018738
Mean: -2.336630427173426 min: -11.758230479824272 max: 0.7693576049190033
Mean: -1.7680786003238147 min: -11.527324107473854 max: 0.7650177402816972
Mean: -1.6674138377560968 min: -11.813118999914508 max: 0.7817217830095748
Mean: -2.344764481486714 min: -11.202656072239062 max: 0.7729231813155593
Mean: -2.316066955717424 min: -11.565277939507993 max: 0.7810455920262126
Mean: -3.374068967869028 min: -11.203894778441901 max: 0.7751445770950667
Mean: -2.7693335715970915 min: -11.853009763135933 max: 0.7751106569974087
Mean: -2.1477162254039803 min: -11.208162883741307 max: 0.7787903920622304
Mean: -3.932155097330977 min: -11.257030285548156 max: 0.7719711837848031
Mean: -5.065266983480306 min: -11.210265036760521 max: 0.7696444558255174
Mean: -4.578740629284615 min: -11.224733194562713 max: 0.7782970573998836
Mean: -5.315278771977566 min: -11.754632598278741 max: 0.761234735196659
Mean: -2.7461549349146233 min: -11.214475348837686 max: 0.7737656933830254
Mean: -2.312199596933925 min: -11.221556502654074 max: 0.7811469894403215
Mean: -2.563257664773749 min: -11.540185574485196 max: 0.778415338607597
Mean: -7.652538735314879 min: -11.895105213235668 max: 0.7661387724749409
Mean: -4.517629650526791 min: -11.265856058729016 max: 0.7820470665640068
Mean: -5.786006487316233 min: -11.592128294588651 max: 0.7673831815370129
Mean: -2.2586464631261225 min: -11.495711375880752 max: 0.7877475211015327
Mean: -3.456158853314925 min: -11.812572701476542 max: 0.7930459235449016
Mean: -3.9888285035138873 min: -11.853555597444073 max: 0.7687850330072259
Mean: -5.169078019031179 min: -11.397552485879539 max: 0.7943623961715315
Mean: -2.308154506643893 min: -11.202302046639776 max: 0.7871039993357367
Mean: -4.081982463486422 min: -11.770784596867202 max: 0.7827743656600585
Mean: -3.897029309170031 min: -11.212232618828327 max: 0.7845470192910368
Mean: -5.792241040191771 min: -11.210348450983359 max: 0.7722049022564713
Mean: -2.9086077899389675 min: -11.20179019622236 max: 0.7843960295029828
Mean: -4.685710525450609 min: -12.24135187892569 max: 0.7690747814075125
Mean: -4.014163031972011 min: -11.781197705440722 max: 0.7800727877806
Mean: -4.03421131368966 min: -11.218435720094263 max: 0.7746389313540075
Mean: -3.9888605781699376 min: -11.772387885146227 max: 0.778834474829861
Mean: -6.0007954119041464 min: -11.803900291519959 max: 0.7853418527171759
Mean: -2.2356914477178416 min: -11.775577587716716 max: 0.7815316903824823
Mean: -3.614535725979875 min: -11.801705929270542 max: 0.7756170371888821
Mean: -4.100466450287466 min: -11.782798635328525 max: 0.7818775286612556
Mean: -2.2364300514849305 min: -11.772215918072035 max: 0.7773405751412931
Mean: -3.6156165431465146 min: -11.870224418638328 max: 0.7953181539805859
Mean: -3.5572513775853 min: -11.915854075834275 max: 0.7922056464986877
Mean: -4.730492951139473 min: -12.122575955986342 max: 0.787208228554273
Mean: -2.0014451461967795 min: -11.836837677721777 max: 0.7952868013662987
