Mean: -11.116589179666017 min: -11.814176475649948 max: -10.809404761917557
Mean: -11.014896018739673 min: -12.09095186181919 max: -10.804629951737246
Mean: -10.689023241070002 min: -10.822411391987838 max: -10.473315543324004
Mean: -10.170063190188284 min: -11.596869644059986 max: -4.241028932439172
Mean: -9.801339934537044 min: -10.759703452644311 max: -4.024107733828446
Mean: -10.489232748279447 min: -10.813774584528307 max: -10.293913375705419
Mean: -9.81493133169334 min: -10.746979216582949 max: -4.128822291226157
Mean: -8.191292814340736 min: -10.537194391403471 max: -1.2863182646272633
Mean: -5.991931208234057 min: -10.896237448026177 max: -1.1699808492694053
Mean: -1.3937512310729563 min: -1.6884025056799972 max: -1.1064895559902574
Mean: -2.544079301457202 min: -11.85609086482531 max: -1.1299795892663338
Mean: -4.385663184874682 min: -11.367047995711925 max: -1.163668990537578
Mean: -2.2783563741953086 min: -10.33732438718664 max: -0.8363941677621854
Mean: -2.315084922384937 min: -11.376988500699774 max: -0.7671734981361674
Mean: -4.176596943009406 min: -12.12552132759355 max: -0.8480445408228083
Mean: -1.1046867818831472 min: -1.4069156665434377 max: -0.8199641681222904
Mean: -3.206442846797864 min: -12.105311663269376 max: -0.8042670382267529
Mean: -4.209551062086212 min: -12.233035110789228 max: -0.8255671336186413
Mean: -5.74183845104847 min: -12.156659757948296 max: -0.8180560818274991
Mean: -2.182333678153171 min: -12.127307746090988 max: -0.7895058014496693
Mean: -4.000578484008082 min: -12.13722168178341 max: -0.7067751918368956
Mean: -4.011616705619693 min: -11.469415954200743 max: -0.7754771839054055
Mean: -2.74390037422178 min: -11.538810134706429 max: -0.7791254501860663
Mean: -1.8451058552204107 min: -11.203909384674393 max: -0.7399659500414792
Mean: -0.8296586177281478 min: -0.9168355581394088 max: -0.7718790974769553
Mean: -0.8370878687293486 min: -1.5433311759992958 max: -0.7040686410002632
Mean: -1.7866162410548427 min: -11.343895663811763 max: -0.6807395052878775
Mean: -0.8147627969256274 min: -1.6343512051447897 max: -0.6999267190922949
Mean: -1.7849211241553704 min: -9.684540598641993 max: -0.7061222548764966
Mean: -0.764170123749819 min: -1.0236080915405168 max: -0.6947643621094532
Mean: -0.7066177250211051 min: -0.732885191944444 max: -0.6885815526755125
Mean: -0.7389848199405412 min: -1.0287718411779085 max: -0.500001374003092
Mean: -0.7446658151784733 min: -1.8207434815091001 max: -0.45011119504151054
Mean: -0.6260713742737336 min: -2.50343478547962 max: 0.3753777871655999
Mean: -0.0592531925963502 min: -0.532904962000011 max: 0.3784618862665403
Mean: -0.7642312247064581 min: -10.205851158204155 max: 0.44714227711960236
Mean: -1.8355844479406742 min: -10.746569895886754 max: 0.3958532754194796
Mean: -1.0368781575926451 min: -11.719925530340719 max: 0.3928598606196119
Mean: -2.27398541136698 min: -11.509319499100453 max: 0.37246061741160263
Mean: -0.15405012601271667 min: -2.2748780378860203 max: 0.3873374036442537
Mean: 0.08580962881693191 min: -0.5275992819191971 max: 0.43672588025779097
Mean: 0.34647979264742723 min: 0.2867235529530016 max: 0.40034731290458164
Mean: 0.09615437949568661 min: -0.5692747174745214 max: 0.3611918351601706
Mean: -0.8552103525797798 min: -9.893643519368176 max: 0.38931153339499447
Mean: -3.309402090608164 min: -11.761364643702876 max: 0.4010972185839992
Mean: -0.8073610301909196 min: -11.66952579996815 max: 0.669915753621704
Mean: 0.26255408349148746 min: -0.5620062867581171 max: 0.6677082847716449
Mean: 0.03503820603001622 min: -0.5670231011058008 max: 0.6790356779325456
Mean: 0.4011239701904499 min: -0.47489526528744425 max: 0.6853760518477557
Mean: -0.053289660593668686 min: -0.5439449015101157 max: 0.4838141963817375
Mean: -0.966615189567199 min: -11.643883090518774 max: 0.6857500726588497
Mean: 0.29084661228517344 min: -0.4078186926158805 max: 0.6575754174716204
Mean: -0.811312800086308 min: -11.069545345472866 max: 0.68231603241933
Mean: -4.084111986684012 min: -11.244950257874002 max: 0.6527948181364674
Mean: -1.1154959567364424 min: -11.131310204273332 max: 0.6761006155561952
Mean: -1.963776758887649 min: -11.699396024597867 max: 0.6791916632005183
Mean: -0.7547501075185127 min: -10.385400912313468 max: 0.661770514492425
Mean: 0.5480851101592226 min: 0.10634647859092416 max: 0.668435340434758
Mean: -2.131277580404435 min: -11.29608838373873 max: 0.44459337282547373
Mean: -0.9295974815306349 min: -11.397817355377331 max: 0.6609699089014345
Mean: -1.0993899603964916 min: -11.139869733966828 max: 0.6429483304722111
Mean: 0.38165376754449004 min: -0.8073415820956492 max: 0.6635305825816425
Mean: -1.0615091482814418 min: -10.014630216182365 max: 0.4323205162189763
Mean: 0.34549070387044123 min: -0.9183542535442446 max: 0.6741506358369774
Mean: -2.1090578511890943 min: -11.163865531474087 max: 0.42815465864622265
Mean: -0.8737849736272508 min: -11.304597443844337 max: 0.6513331028272447
Mean: 0.13690163488216758 min: -0.7875359938187095 max: 0.4349502399183882
Mean: 0.3543767296286746 min: -0.3932827910094475 max: 0.6651619915222131
Mean: 0.19679688576056403 min: -0.5786192842009364 max: 0.6629455231973714
Mean: -1.7981709515075053 min: -11.82925771557254 max: 0.6731633381734774
Mean: 0.2146758526169436 min: -0.455992788069242 max: 0.6553549237929888
Mean: -0.7155462877104244 min: -11.173101570731255 max: 0.6741108978077073
Mean: 0.35819645826576585 min: -0.429025121600581 max: 0.66514026312514
Mean: -0.7935167447157746 min: -11.154535666936965 max: 0.6748977236913133
Mean: -3.046538870610919 min: -11.236884384627556 max: 0.6430143818461829
Mean: -0.7411034334215809 min: -11.48167309668884 max: 0.6698863255548088
Mean: -4.302944533129989 min: -11.40477978479268 max: 0.6708883745178615
Mean: -0.8572967870059465 min: -11.650941626287606 max: 0.6684489606571422
Mean: 0.22477280755350576 min: -0.4858095009160673 max: 0.6364582885283501
Mean: -1.8292642093960645 min: -10.34496159106542 max: 0.6328245368156714
Mean: -1.0867124123666208 min: -11.247659157135832 max: 0.4341021095969409
Mean: -4.357985034370912 min: -11.164984471944333 max: 0.6628837946782169
Mean: -1.8927761024859358 min: -11.162012409093789 max: 0.63572577895674
Mean: -0.7594684274797473 min: -11.155197510486616 max: 0.6506245178645074
Mean: -0.6674875669749465 min: -9.6246877252471 max: 0.41995637207292835
Mean: -1.0045759895904278 min: -11.016079465767639 max: 0.612309355744198
Mean: -1.0007832870768987 min: -11.695527661883792 max: 0.40181671281796766
Mean: -0.8032503374686282 min: -11.261509350574308 max: 0.6519840158833446
Mean: -1.2439093987565915 min: -11.16759757340732 max: 0.6542243486992085
Mean: -2.3884553309516776 min: -11.132612764299157 max: 0.6535554402579418
Mean: -1.9847645916536565 min: -11.226408328251665 max: 0.41393216117296744
Mean: -0.7662122350203953 min: -11.424511251828406 max: 0.6508338235447845
Mean: 0.15638744533011562 min: -0.4726613788647697 max: 0.6560286769925718
Mean: -2.012506183725539 min: -11.233190286721056 max: 0.4501626515294802
Mean: -1.9126908381421046 min: -11.139795741902176 max: 0.4096502092418965
Mean: -0.7336785358836013 min: -10.42774536783777 max: 0.4129668591484015
Mean: -1.2509511318108673 min: -11.768126857208479 max: 0.40590344067792977
Mean: -0.03947519540553593 min: -2.2867509216787663 max: 0.43300582997994574
Mean: -0.9507311806468817 min: -11.197894516892488 max: 0.4386254807240133
