Mean: -10.995886433395304 min: -11.84981375060932 max: -6.665331115275051
Mean: -11.334605159608936 min: -11.852498629726469 max: -10.733649468131674
Mean: -9.928652252007574 min: -11.809296227050448 max: -4.743351823642076
Mean: -8.714234696802013 min: -11.507170527986622 max: -4.737558571756382
Mean: -9.00997259947449 min: -11.34371524399196 max: -4.732464869465014
Mean: -8.135878684826404 min: -11.839829352902436 max: -4.692381694601506
Mean: -8.36337591542883 min: -11.890586851821281 max: -4.691197497222686
Mean: -8.775741810768867 min: -10.918602364550097 max: -1.2849992926913572
Mean: -7.663744356283027 min: -12.546008934375768 max: -1.290018667844534
Mean: -4.053731947023541 min: -12.275213444178195 max: -1.0034938897213481
Mean: -4.551167478096014 min: -12.196253411547762 max: -0.995921810555699
Mean: -6.936807549780125 min: -12.205197723141971 max: 0.23401450448449757
Mean: -7.457313044212386 min: -12.241169656711325 max: -0.6723887745001769
Mean: -4.347921411388713 min: -12.169121032336633 max: -0.17725157218243
Mean: -2.9512424352611495 min: -12.022412278407486 max: -0.09912141889392093
Mean: -4.669344842838817 min: -12.146572657244963 max: -0.3332578063460756
Mean: -4.446083930763331 min: -12.112610070355236 max: 0.45667020232816025
Mean: -1.7668381457463926 min: -12.063419258231903 max: 0.46382505605012475
Mean: -0.22659125006234415 min: -11.32166570970248 max: 0.5006536955771204
Mean: -0.7196550923116859 min: -11.874583424367572 max: 0.5093207492905601
Mean: -0.24929235729477295 min: -11.2720589036741 max: 0.49919376235443286
Mean: -0.35619649336452375 min: -11.351481498743539 max: 0.47552810874267337
Mean: -0.6819550146126849 min: -11.254510612804022 max: 0.5101739125830947
Mean: -0.2918262959072276 min: -11.325882324539078 max: 0.47836961704532144
Mean: -0.7529025241297644 min: -11.263785642959457 max: 0.5275321647583414
Mean: -0.1984176131733557 min: -11.618777809016482 max: 0.644971695411861
Mean: 0.29498941485459085 min: -3.3944464365990292 max: 0.7725382185633581
Mean: -1.2342753948229757 min: -11.73019623072108 max: 0.7691031107722107
Mean: -1.1767707513335368 min: -11.875467261645953 max: 0.7691845009342965
Mean: -0.5698878266735237 min: -11.895179409522425 max: 0.7751679855503469
Mean: -0.003995852918491005 min: -11.939959585318146 max: 0.7651705576830755
Mean: -0.0728923723769536 min: -11.622644396136632 max: 0.7731086927273884
Mean: -1.469376757577797 min: -11.875895333524419 max: 0.7541528707864861
Mean: -1.5104724482984322 min: -11.942277658822894 max: 0.7635729544611862
Mean: -0.22317160190600793 min: -11.198252142094775 max: 0.7556129614027635
Mean: 0.24885800362607435 min: -1.990669853630451 max: 0.7544082287507957
Mean: -0.6783245217960892 min: -11.722124721471278 max: 0.7599142247841714
Mean: -0.7277673700666283 min: -11.434468053440243 max: 0.7690353717397845
Mean: 0.4246269048284897 min: -1.2470860384489448 max: 0.7674515225969042
Mean: -0.4902198772345055 min: -10.016684834502518 max: 0.760137605260588
Mean: -0.7163932891641046 min: -11.881790186378595 max: 0.790276058608712
Mean: -1.7602595805081123 min: -11.234688769943531 max: 0.8041614869837802
Mean: -2.606004863855215 min: -11.90342996778616 max: 0.787050584821909
Mean: -3.5767971069465347 min: -11.895406461646827 max: 0.8017119770317793
Mean: -4.907351938947654 min: -11.310663640562572 max: 0.7999165125679975
Mean: -4.620742975280019 min: -11.85542415938928 max: 0.7925012288642317
Mean: -3.1921595363519506 min: -11.968993479320213 max: 0.801908563302786
Mean: -1.1932617967784216 min: -11.863646214627124 max: 0.8103231734829144
Mean: 0.36658622526048085 min: -2.210875551947599 max: 0.8133595786526584
Mean: -1.8306976216293254 min: -11.98801878313283 max: 0.8230224973548901
Mean: -0.5892304332771581 min: -11.849339106822066 max: 0.8224639295358751
Mean: -0.46873614074294007 min: -11.706188289908207 max: 0.8125600095433552
Mean: 0.7492703477724014 min: 0.32825638503555965 max: 0.8197816745103959
Mean: -0.01345629081269179 min: -11.999449260756132 max: 0.8029925454778643
Mean: 0.7700707101114622 min: 0.496630134343185 max: 0.8152891554133966
Mean: -0.1231818981695623 min: -11.289397117574053 max: 0.8171447666827643
Mean: -0.20187491513139433 min: -11.723829184295868 max: 0.814048622214874
Mean: 0.006298094102271251 min: -11.189395879977612 max: 0.8180860886560313
Mean: -0.5177621506291253 min: -11.918283777237281 max: 0.8113892602744921
Mean: -1.222600323245752 min: -11.818633373996986 max: 0.8222582917348977
Mean: -1.8664999719518343 min: -11.932327357050408 max: 0.8107120460508471
Mean: -0.013220421845797154 min: -11.874652465208019 max: 0.8242157611544824
Mean: -1.787840696400576 min: -11.275520125128288 max: 0.8035843581049262
Mean: -0.02348529610169741 min: -11.878076142580468 max: 1.088025719809238
Mean: -3.1202953061809406 min: -11.99769465443472 max: 0.814412056603215
Mean: -0.026562961298502254 min: -11.815381412055192 max: 0.8090867304274588
Mean: -1.696008792101546 min: -11.85330358155318 max: 0.813365696590086
Mean: -2.201642718244485 min: -11.835067437931132 max: 0.8012703184598812
Mean: -1.3107001761530035 min: -11.963925492835465 max: 0.8136349051500199
Mean: -0.5828173604048336 min: -11.772994202230862 max: 0.823607637799938
Mean: -1.26543525764415 min: -11.76946139952762 max: 0.8268802004718495
Mean: -2.460632889556673 min: -11.89764874688379 max: 0.8156482964200252
Mean: 0.5863943526729132 min: -0.9596475582665508 max: 0.8245998069173457
Mean: -0.7122029820254743 min: -11.872400044210938 max: 0.7988427346408736
Mean: -1.00333134623513 min: -12.036799644471357 max: 0.8077213290151598
Mean: -0.5516285996882544 min: -11.449413728996356 max: 0.8018118045282652
Mean: -0.5686703863136378 min: -11.637829916690281 max: 0.7993781787888953
Mean: -1.0551919489965753 min: -11.243809848083059 max: 0.8025247508469702
Mean: -0.6917626289830991 min: -11.777425230364006 max: 0.8049672172526989
Mean: 0.11441404966655692 min: -11.868812877592555 max: 0.8033591722256906
Mean: -0.646089488219979 min: -12.010434249554427 max: 0.804210651381334
Mean: -0.5073085808146695 min: -11.88569088209328 max: 0.8133962233588211
Mean: -1.9481529093426275 min: -11.852058062297944 max: 0.8085835873406734
Mean: -1.066012364443704 min: -11.882772734098317 max: 0.8095723206593121
Mean: -2.356127129425508 min: -11.86398132057977 max: 0.8188079423708545
Mean: -2.4617303550138017 min: -11.882302770233641 max: 0.811599155676819
Mean: -0.7232731380523193 min: -11.76798161058721 max: 0.817712597147687
Mean: -1.2550866223379609 min: -11.767256933155183 max: 0.8148106999132487
Mean: -2.620212912249321 min: -12.154904568487662 max: 0.7985931733120131
Mean: -1.9103650955981955 min: -11.82391805380149 max: 0.8170324195745425
Mean: -2.463821742865206 min: -11.993733113513686 max: 0.8153575257094442
Mean: -2.3343812914857462 min: -11.840032892856586 max: 0.823420125803067
Mean: -2.3836317031803174 min: -11.821113403363231 max: 0.8168766200557793
Mean: -3.6055799955902197 min: -11.813503952651548 max: 0.8071166267571975
Mean: -4.122214758408858 min: -11.797981694397349 max: 0.8074476868681738
Mean: -4.3496245296592715 min: -11.816717960451419 max: 0.8183710737737143
Mean: -3.05922265547017 min: -11.778801449123375 max: 0.8079181637859808
Mean: -1.514649011244959 min: -11.8493405840739 max: 0.8205728649662717
Mean: -1.9063188507330717 min: -12.076791702118708 max: 0.8230790622207119
Mean: -2.2540248343450258 min: -12.265311013603593 max: 0.8229259470233438
Mean: 0.5074279863817973 min: -0.9622305591284791 max: 0.8234983375834715
Mean: -1.7767599866532122 min: -11.808820892962407 max: 0.8099974570769746
Mean: -2.785545555187234 min: -11.857423846801206 max: 0.8278166720563033
Mean: -1.2655688024035086 min: -11.838161982056246 max: 0.823477051815509
Mean: -1.2676442868070117 min: -11.913486301116254 max: 0.8093252089611069
Mean: -1.8531433896326592 min: -11.76695979187832 max: 0.816027875756414
Mean: -2.34239302667894 min: -11.896814061415801 max: 0.8098639036066189
Mean: -3.9292181747167 min: -11.899234762625955 max: 0.807957189651474
Mean: -4.68600153257581 min: -11.885671365300528 max: 0.8183467512884617
Mean: -1.8939022061750745 min: -11.844552663284759 max: 0.8177043222815636
Mean: -1.891882379932953 min: -11.788879282120309 max: 0.8276639570500232
Mean: -2.0674880259487676 min: -11.824233415839771 max: 0.8093631970421716
Mean: -2.3653945204318276 min: -11.794692800869147 max: 0.8220987062017858
Mean: -2.081389402417124 min: -12.10341459755883 max: 0.816971851018144
Mean: -1.8924607187867437 min: -11.793204747064983 max: 0.7992969218040135
Mean: -2.9904913326551203 min: -11.770742889670426 max: 0.8038894356561166
Mean: -0.4998589188463919 min: -11.88418242726215 max: 0.8107845577747491
Mean: -1.8757505959006895 min: -11.956733989135913 max: 0.7920601142118242
Mean: -0.47895937469637484 min: -11.880118459909289 max: 0.8011665500094161
Mean: -2.340103858967889 min: -11.869662820344006 max: 0.8000782846920991
Mean: 0.5694417035809214 min: -0.9485268929164661 max: 0.7961110603659081
Mean: -2.363907608197284 min: -11.861800603584273 max: 0.7818771611579244
Mean: -1.4510614080648572 min: -11.723131068839862 max: 0.8021888730205106
Mean: -1.0839579217342306 min: -11.212014721265815 max: 0.8005670538264777
Mean: -1.7808907093297865 min: -11.916612613963252 max: 0.8039636641272209
Mean: -0.8001617434922306 min: -11.913297800488351 max: 0.8070022157475245
Mean: -2.5385410857089576 min: -11.927900890626551 max: 0.8212817378325857
Mean: 0.009829786041236733 min: -11.24228555873603 max: 0.8198897237444911
Mean: -1.0935803573965177 min: -11.20650802854962 max: 0.8142106805265412
Mean: -2.386891330225723 min: -11.899826827030905 max: 0.8188345199101827
Mean: -2.4340926892999324 min: -11.74719533749365 max: 0.8208023348377755
Mean: -1.2597531491313005 min: -11.631900930258912 max: 0.80550660940392
Mean: -1.2838761741764149 min: -12.318042206630519 max: 0.8148605888418364
Mean: -1.6775199936984286 min: -11.807488002872732 max: 0.8198192348501189
Mean: -0.17957933851360786 min: -11.868674717502396 max: 0.8206869039270093
Mean: -3.9838982692664238 min: -11.87846387808236 max: 0.8176248588877068
Mean: -0.7288727338420531 min: -11.491503338996205 max: 0.8087427986952176
Mean: -1.8751201908554687 min: -11.709812527243411 max: 0.8290478063547525
Mean: -1.0712719993258148 min: -11.636315712938108 max: 0.8211653578839875
Mean: -1.1858314650467454 min: -11.756229404233272 max: 0.8285194665807611
Mean: -2.2063414782483646 min: -11.197391732420696 max: 0.8145436654673953
Mean: -1.7260958248448106 min: -11.685798254477604 max: 0.8121038182680613
Mean: -3.1735026607182313 min: -11.885804694274086 max: 0.8188062028525661
Mean: -0.6560037459884919 min: -11.661233281282437 max: 0.820670929386095
Mean: -2.2985330618319013 min: -11.641640121698494 max: 0.8225449959018304
Mean: -1.3014107918199342 min: -11.568960182413843 max: 0.8093218705500883
Mean: -0.5048571848303886 min: -11.761755499611377 max: 0.8207527570597656
Mean: -1.6938421786723183 min: -11.891681853991855 max: 0.8228079624905044
Mean: -1.651226756301798 min: -11.8739586131904 max: 0.8082301026368809
Mean: -1.3753059689582772 min: -11.35466022012004 max: 0.8045030216921559
Mean: -0.47288527182520734 min: -11.774083332874577 max: 0.8195607648948677
Mean: -1.1224021715148682 min: -11.60279268933959 max: 0.816823815882816
Mean: -1.1472384512345608 min: -11.733196162635949 max: 1.0355232264164136
Mean: -2.810616044517789 min: -11.892305684419117 max: 1.4424189424834348
Mean: -2.1724390483774614 min: -11.957541920348785 max: 2.0790800956508297
Mean: -4.694872224195557 min: -11.32258315358943 max: 2.5249954487928052
Mean: -4.051002989460098 min: -11.280490814479732 max: 1.495556398975417
Mean: -4.2554029100167865 min: -12.08981741603101 max: 1.3986469245059454
Mean: -0.2560303355041135 min: -11.89422853630855 max: 1.4905150018295443
Mean: -4.748739336192966 min: -11.544345646698678 max: 1.772093377323996
Mean: -2.693327336093419 min: -12.203635373418205 max: 1.2752879057926156
Mean: -3.2258758528769675 min: -11.476952150222617 max: 1.6501529507051682
Mean: -3.5674736289278863 min: -11.823172250828438 max: 1.3152589965181445
Mean: -7.103395002918009 min: -11.75022227200036 max: 1.3639005460242448
Mean: -4.751719463437885 min: -11.725111778640283 max: 2.0210448128807337
Mean: -3.1787227272471603 min: -11.866741479145066 max: 1.824581831513015
Mean: -2.92526798041719 min: -11.872993700117839 max: 2.212366183296205
Mean: -4.8534592405853 min: -11.866824300792594 max: 1.4940616790310717
Mean: -5.889378015648066 min: -11.734003992765844 max: 1.7681531787564884
Mean: -9.036489305270084 min: -11.770752602316557 max: 1.235757584052769
Mean: -7.185432821881053 min: -11.874827279900693 max: 1.240238686733807
Mean: -4.507240621843618 min: -11.810909656184926 max: 1.7574145048892833
Mean: -5.944968103727886 min: -11.866245230534703 max: 1.204881053457583
Mean: -6.216035544370325 min: -11.854455902811221 max: 1.5476337887284803
Mean: -4.874042703896607 min: -11.928158936040703 max: 2.363652808043052
Mean: -5.802372626529227 min: -11.86568557660626 max: 1.4687974000296327
Mean: -4.667026042354911 min: -11.221752251075102 max: 1.6544540076212024
Mean: -7.108474610503438 min: -11.902396884655662 max: 2.2390751016669213
Mean: -4.826610314424345 min: -11.845489562701932 max: 1.4256093716837672
Mean: -4.513981707945613 min: -11.850733339035195 max: 1.5753596549472162
Mean: -4.8268595295081855 min: -11.913875908622105 max: 1.360223898822812
Mean: -4.7950262364504 min: -11.914981559529199 max: 1.319786385879021
Mean: -8.258364380941284 min: -11.955441433997528 max: 1.4181475518786004
Mean: -3.382086707009715 min: -11.826626472271071 max: 1.3646501809319733
Mean: -4.867039164277868 min: -11.918413352306853 max: 1.4940998604461342
Mean: -2.80986650257587 min: -11.993967318175557 max: 1.4725072163369655
Mean: -4.352103910766168 min: -12.203642615363727 max: 1.5471559643706179
Mean: -2.928393672589612 min: -12.080152881423727 max: 1.3694846239908034
Mean: -1.4534037463862657 min: -11.893641208865075 max: 1.4217599031008101
Mean: -3.137781267406048 min: -11.875991546828077 max: 1.56936059239024
Mean: -2.665315977400281 min: -11.906113420698894 max: 1.539720872674762
Mean: -2.584094554264319 min: -11.995727605698297 max: 1.4109517642859495
Mean: -0.999996366847452 min: -11.337579691704608 max: 1.3735261601385527
Mean: -2.034381393123591 min: -11.270651322429389 max: 1.3099856740947082
Mean: -3.2216528525929204 min: -11.583184420302803 max: 1.3050382304969999
Mean: -0.764473562799376 min: -10.440903323690563 max: 1.6339209180288659
Mean: -4.140245805175075 min: -11.778114590790178 max: 1.4439924856118793
Mean: -4.911944837950403 min: -11.644502857090249 max: 1.5876880769227046
Mean: -5.27808730057799 min: -12.006706089822206 max: 1.167041545192223
Mean: -5.401450358842541 min: -11.781520306094707 max: 1.547354027722928
Mean: -4.863548655606802 min: -11.260232813767358 max: 1.244033544016496
Mean: -5.19204350492137 min: -12.113025440443971 max: 1.2883971443062727
Mean: -5.242313859502015 min: -11.279231031632298 max: 1.1426238314754873
Mean: -4.760180012041075 min: -11.713844531870148 max: 1.1807070794263896
Mean: -2.669522336937378 min: -11.476974793627 max: 1.5279529337463384
Mean: -3.697572297650872 min: -12.21151385723186 max: 1.560576943490405
Mean: -6.017494381930462 min: -11.606281487988678 max: 1.4415533811633376
Mean: -5.789312353765782 min: -11.867431668955351 max: 1.2043711638066015
Mean: -1.929578401565005 min: -8.981787008694713 max: 1.4963454482124117
Mean: -2.496386234930388 min: -12.022553333261556 max: 1.129147638357773
Mean: -5.870329376864322 min: -12.059526569258386 max: 1.4693608091017991
Mean: -5.86216701449869 min: -12.092664585853719 max: 1.0948763328667968
Mean: -4.217711286144085 min: -11.171347457555832 max: 1.5547481967768566
Mean: -4.992911275654001 min: -11.267712635202276 max: 1.479258633118741
Mean: -3.631381567622231 min: -11.444074755745891 max: 1.6031509192051032
Mean: -7.554339900995321 min: -12.361771712285375 max: 1.0808916834211728
Mean: -5.670890832196136 min: -11.98351291184324 max: 1.4359504334466087
Mean: -4.0094530826643915 min: -11.468908528413252 max: 1.418965117720678
Mean: -2.14608474946781 min: -11.34091496916801 max: 1.3020255626451422
Mean: -5.163593520813961 min: -11.568719349310381 max: 1.3586505426565127
Mean: -2.379481200994989 min: -11.858257152666091 max: 1.7193345981578718
Mean: -4.956290849003443 min: -11.789057948504087 max: 1.1480744483639853
Mean: -2.942461797076563 min: -11.45883382065468 max: 1.9505092338581542
Mean: -2.7193186274429264 min: -11.029681266920129 max: 1.8691186387359804
Mean: -1.4679403261541362 min: -11.492729609957818 max: 1.4388617275986766
Mean: -5.525139296622925 min: -11.799292440397652 max: 1.526800781433354
Mean: -2.5513732482184768 min: -11.899693977266054 max: 1.7234980976050482
Mean: -5.2855331077506715 min: -11.957958241440412 max: 1.3577147159338356
Mean: -2.5464483021542366 min: -11.917446167854042 max: 1.8185655582033935
Mean: -4.168688348017857 min: -11.244197043134255 max: 1.4449269810127787
Mean: -3.5726091065502836 min: -11.24879246947088 max: 1.5602068343976425
Mean: -3.1816672778579274 min: -11.738589880437917 max: 1.571894902249995
Mean: -2.702397711738608 min: -11.960407221532156 max: 1.9115465342626905
Mean: -1.8153010617355985 min: -11.544794036135304 max: 1.8111408269091078
Mean: -0.985143931890222 min: -12.128216599990218 max: 1.675843630478102
Mean: -1.45680446204654 min: -11.825938063463445 max: 1.6513341648622577
Mean: -2.215252412294723 min: -11.462109694231705 max: 1.3547569389125724
Mean: -5.43973500408272 min: -11.632824725278933 max: 1.3852069616354512
Mean: -5.764700831754199 min: -9.157804663567726 max: 1.2714844679518662
Mean: -4.144490556703447 min: -8.997309112449196 max: 2.015671878430906
Mean: -5.887400301960495 min: -11.304226236091546 max: 1.7094635462222605
Mean: -3.9280318644224232 min: -11.884265416198197 max: 2.067858614159015
Mean: -5.030289212284309 min: -11.273349333359 max: 1.8317239751791656
Mean: -5.660265107096571 min: -9.122223544321084 max: 1.5333479058415966
Mean: -6.301876021806884 min: -11.417292195199408 max: 1.7960907926823422
Mean: -4.806914436029308 min: -11.395397131883879 max: 1.8699684290820962
Mean: -4.364966325713203 min: -12.062556089567094 max: 1.4898229285241456
Mean: -4.134216839431504 min: -12.470405763018261 max: 1.630242476136363
Mean: -3.707910167678006 min: -11.349993694203215 max: 1.5404407050305546
Mean: -2.67122497192908 min: -11.736240715006863 max: 2.370602532587227
Mean: -2.636644035253376 min: -11.23682570453149 max: 1.3816342567523927
Mean: -2.317357957367931 min: -11.226284113140796 max: 1.9553861418518985
Mean: -0.8986676960469442 min: -11.658171031760496 max: 1.599525562639359
Mean: -3.497726466673515 min: -11.129362677664497 max: 1.419153076652686
Mean: -3.71157566918884 min: -11.435919697934693 max: 1.8799157082666254
Mean: -3.638986350992868 min: -11.739648715890828 max: 1.2712775692140892
Mean: -1.0822222204396974 min: -10.239985861820983 max: 2.41475492311874
Mean: -3.634463958620305 min: -11.457665072406037 max: 1.5063853253749844
Mean: -1.156281181592926 min: -11.010855330782812 max: 1.8810136963234507
Mean: -2.452896567484106 min: -11.412312246456258 max: 2.107970235550244
Mean: -0.3029578038614315 min: -7.789993236964654 max: 1.835010047554422
Mean: -3.4625561506362317 min: -10.907648192620844 max: 1.8637442846284382
Mean: -1.7993908464854447 min: -11.752960802608275 max: 1.7307131070372808
Mean: -2.957575640130762 min: -11.012214144715692 max: 1.941045626078404
Mean: -3.192843576948303 min: -11.648504993332995 max: 1.4190162597724774
Mean: -1.4698125786758494 min: -11.913341901561019 max: 1.4515849812010477
Mean: -3.085229809910101 min: -11.043001805968512 max: 1.481113668979726
Mean: -3.2833808375184406 min: -10.96814641882596 max: 1.6389335056387624
Mean: -0.5966982620194489 min: -11.824189877422915 max: 1.657914651291032
Mean: -2.9613307856248863 min: -12.111890637608838 max: 1.7459457126090854
Mean: -0.9165008513652133 min: -11.167895765395908 max: 2.2709959611044845
Mean: -2.6897452403017903 min: -11.488248403047173 max: 1.9073151819095773
Mean: -1.3730127429507957 min: -10.911433907976608 max: 1.8362540432975878
Mean: -1.9476304264977577 min: -10.991219235682404 max: 2.254018209095414
Mean: -2.372634033207651 min: -10.948008237899586 max: 1.420969588494828
Mean: -3.1116529284955234 min: -10.754640084624906 max: 1.2521511026403684
Mean: -1.9375561425557533 min: -11.650858735595476 max: 1.340801146017539
Mean: -0.8510809134183918 min: -10.916392305976563 max: 3.132536960852136
Mean: -0.7884583680703257 min: -11.474733911021143 max: 1.7130598548943354
Mean: -1.053893752918995 min: -11.041091432539002 max: 1.879276727819965
Mean: -1.7592401296027442 min: -10.965365706427825 max: 1.3894417642389103
Mean: -2.7546662606196124 min: -10.893119765651354 max: 1.7360966561601303
Mean: -1.1717719474045256 min: -11.465532970443805 max: 1.4887207797951547
Mean: -0.8187630268613063 min: -11.37240549991347 max: 3.4064506555865
Mean: -1.5964517317880205 min: -10.972101597560869 max: 2.5432099457434654
Mean: -2.6025132180535855 min: -11.111276707670138 max: 1.2746439912348186
Mean: -2.9074284447934167 min: -12.065014978442614 max: 1.2255352279345233
Mean: -2.1673210587028082 min: -10.854962584647055 max: 1.5951037389499574
Mean: -4.884491843023178 min: -11.152688323920643 max: 1.2112947642049037
Mean: -1.520701640525964 min: -11.1473417057506 max: 1.0987762108462555
Mean: -2.384617943070561 min: -11.288845099151448 max: 1.263048943053864
Mean: -4.996458259231143 min: -11.685763549693291 max: 1.2963769898472877
Mean: -1.5463372416927674 min: -11.168577049154008 max: 1.7972367492062706
Mean: -0.9363359518657983 min: -11.24128260424992 max: 2.235998068410838
Mean: -0.5351951997091067 min: -11.023894817525004 max: 1.7886840260393457
Mean: -1.4707582086295805 min: -11.42779901249802 max: 1.4879885489484392
Mean: -2.880079323787043 min: -10.735104805868673 max: 1.4303932573844012
Mean: 0.455272801540456 min: -5.263444258340958 max: 1.9904753980451322
Mean: -0.1993150233208733 min: -9.223593167551954 max: 1.8499477380356524
Mean: -0.7105088624878008 min: -11.62683120465465 max: 1.6667251275024568
Mean: -1.2557293680454689 min: -10.779223617616355 max: 2.2628114546794027
Mean: -1.3507714741324641 min: -11.996563280721455 max: 1.61139030945139
Mean: -3.732244542611986 min: -11.449225412918011 max: 1.384350152846215
Mean: -0.988072225354373 min: -11.851613920378423 max: 1.5478999769822892
Mean: -4.134857169690646 min: -11.661157746992327 max: 1.8207824188733233
Mean: -3.0214835181920874 min: -11.263534977542228 max: 1.7438277972070546
Mean: -3.3448053820667534 min: -11.794282117441824 max: 1.491136055840121
Mean: -0.9943908354035879 min: -10.880337721548262 max: 1.6214414054980701
Mean: -2.3495504772942835 min: -10.932507827558274 max: 2.7798749585065785
Mean: -1.6917252307835207 min: -11.29067702391189 max: 2.1349821464093246
Mean: -4.477302419028291 min: -11.458350643611341 max: 1.6456518672810647
Mean: -1.5685086258801106 min: -11.21668875125097 max: 1.1551923934140045
Mean: -2.561947917634138 min: -11.452200207301699 max: 1.5505423313779596
Mean: -2.5572094424431353 min: -11.96853164905805 max: 2.191407831148311
Mean: -1.8551554813448843 min: -11.66718130017865 max: 1.391682721350534
Mean: -1.725406632993678 min: -10.781058547714506 max: 1.249744554362626
Mean: -4.342979841120846 min: -11.931143274966383 max: 2.0715500621075362
Mean: -1.9792035408085318 min: -11.058131497396516 max: 1.7390374382381255
Mean: -4.082436878871041 min: -10.931221543909206 max: 1.3704364836812006
Mean: -1.437361659960205 min: -11.457387012474538 max: 1.7240828549125609
Mean: -2.330713474115298 min: -11.071644245801332 max: 1.9529390872181298
Mean: -2.3542100174603617 min: -11.854287131741689 max: 1.2551670398501562
Mean: -3.045033243738451 min: -11.803689418088892 max: 1.7142881801959589
Mean: -2.939110252851332 min: -11.93363864463937 max: 1.6828832619755119
Mean: -4.326395399249023 min: -11.064163678657554 max: 0.9590713695295487
Mean: -3.5116430574218827 min: -12.403764710400283 max: 1.687206263834917
Mean: -1.3974585609629315 min: -11.146900259328685 max: 1.116607979238074
Mean: -4.437475216890218 min: -11.14809422050366 max: 1.054531396673021
Mean: -0.9139605864751796 min: -9.308976515257678 max: 1.8048672911795596
Mean: -3.0397742407501456 min: -12.077600191441265 max: 1.0098171001965037
Mean: -1.4406036661978987 min: -9.486902117615317 max: 1.6012635416612868
Mean: -2.0111682555674992 min: -11.543644275215021 max: 1.291596015154476
Mean: -1.917153970099584 min: -11.507085137917244 max: 1.1746585547565667
Mean: -3.3506708527274327 min: -11.009078222433915 max: 1.0852652639334013
Mean: -1.294493159143044 min: -11.686412991109714 max: 1.431990568607769
Mean: -2.784009820637249 min: -11.94270381459547 max: 2.0294571642263968
Mean: -3.9474687406919826 min: -11.245153559655467 max: 1.61938170121253
Mean: -3.0946285559485753 min: -11.144207328666747 max: 1.1661581235966016
Mean: -2.0495839034281347 min: -12.136269087072467 max: 1.0795760552401554
Mean: -1.8368898113910368 min: -11.36588381865477 max: 1.0307780155868138
Mean: -3.5453215890911602 min: -11.378715103333276 max: 0.5931221516126607
Mean: -3.313685178365663 min: -11.58430113722356 max: 1.0933111269144073
Mean: -3.3814213385127587 min: -11.460129707574172 max: 0.9379890353191481
Mean: -1.8077621885472435 min: -11.292877533271293 max: 1.0713728564410874
Mean: -5.081404185430922 min: -11.522852184827318 max: 0.9575362639943011
Mean: -2.0481986703198443 min: -11.311829682921669 max: 1.0057528922090813
Mean: -4.6228975999531405 min: -11.539381252176371 max: 0.875852592546636
Mean: -2.424929742685531 min: -11.53557706680533 max: 1.8446813576373051
Mean: -1.7758004171733373 min: -11.832342422402018 max: 1.3081380980045996
Mean: -2.484773435475383 min: -11.166812293216559 max: 1.7851495870092333
Mean: -3.1446892078937183 min: -11.815044578807832 max: 1.1586510111643147
Mean: -1.9263269651184303 min: -11.279278536832289 max: 1.4679715120050492
Mean: -4.0820644959177494 min: -11.829524750060544 max: 0.9117176390713793
Mean: -4.873425100738087 min: -11.313574998422789 max: 0.9956308126289717
Mean: -3.9889767277703534 min: -11.541539189535753 max: 2.058345461755868
Mean: -3.486760736490845 min: -11.912577256720422 max: 1.4532315065115833
Mean: -3.5444671353900716 min: -11.217380399644417 max: 1.3782649041067483
Mean: -3.0064861395866025 min: -11.76713472222967 max: 1.3489489084489772
Mean: -4.142305238440792 min: -11.697131471734084 max: 1.1024346733561177
Mean: -4.6479167111538855 min: -11.47274414610468 max: 0.6553415635189604
Mean: -4.6121449823780996 min: -11.714526288217106 max: 1.3093318935898048
Mean: -1.9147774396537547 min: -11.351292932245356 max: 1.5940604612868667
Mean: -3.5138583989577667 min: -11.951553321604004 max: 1.6593555796922153
Mean: -1.6148056299696232 min: -11.04656046500028 max: 1.473634690614824
Mean: -3.0193514583988907 min: -11.277356564926302 max: 0.7015349098366283
Mean: -3.0805574210789763 min: -11.375302855941408 max: 1.6316574648387479
Mean: -1.772927166402424 min: -11.277622868071582 max: 2.0516600775177447
Mean: -3.163687559891758 min: -11.889921334613941 max: 1.344637300672642
Mean: -2.3633741773603902 min: -11.165199336510177 max: 1.1506774569800433
Mean: -4.319996231188357 min: -11.50168976428753 max: 1.3879837266375425
Mean: -3.397247526202419 min: -11.458658016180998 max: 0.9793406394397927
Mean: -4.00531667734584 min: -11.607257046799422 max: 2.1334978982677706
Mean: -2.5457652132939037 min: -11.929289133833988 max: 1.1013807756990799
Mean: -3.1217108496673447 min: -11.250665858513733 max: 1.9640031543860432
Mean: -3.640209394562619 min: -11.61464544979317 max: 0.5278917870227872
Mean: -2.5041758505878815 min: -10.44525510753205 max: 1.0186090547957227
Mean: -2.3745197270717657 min: -11.46134685720435 max: 2.5993466722000664
Mean: -3.8245370495690487 min: -11.840463735371738 max: 1.7185796992909381
Mean: -4.343872275847282 min: -11.962301840737656 max: 1.0135631577326265
Mean: -3.740001164196608 min: -12.275003097546438 max: 1.4310413874651657
Mean: -3.216020311039725 min: -11.600407120373928 max: 1.1672925380112105
Mean: -6.037748663189889 min: -11.536707133126775 max: 0.8409891946556167
Mean: -3.5755239310269467 min: -11.744135418907621 max: 0.489694533578469
Mean: -2.0671325262602203 min: -11.69280595663803 max: 1.0395142697811393
Mean: -4.089470033374406 min: -11.695355540373177 max: 1.7750120809600203
Mean: -3.641695985775126 min: -11.817847114593372 max: 1.0522006367944259
Mean: -2.7234119038897417 min: -11.46784079999344 max: 1.3221236342524956
Mean: -3.6208723609749454 min: -11.959280574316674 max: 1.8458714119146789
Mean: -3.087080653142608 min: -11.595047818653022 max: 1.9294600205917014
Mean: -3.417641078934973 min: -11.403821323615881 max: 1.293405340512641
Mean: -1.8466119094441147 min: -12.016850077352284 max: 1.099762058430325
Mean: -0.2372653872273273 min: -1.947847307170291 max: 1.126545097717073
Mean: -1.2311176106713941 min: -4.205230885390815 max: 0.7351226504620486
Mean: -1.680723818333363 min: -11.421690208293068 max: 1.5750024657783872
Mean: -0.819560383051984 min: -10.758180315947124 max: 1.2149971052673114
Mean: -2.1673487405791736 min: -9.979831355330498 max: 0.9617058453721363
Mean: -3.514784554756216 min: -11.308188001379227 max: 0.8448756621571974
Mean: -1.3384051834291886 min: -11.255460305470557 max: 1.1565962222858155
Mean: -1.2205501717129994 min: -11.144069957349515 max: 0.9460484460815372
Mean: -0.9875784795292152 min: -12.219793790090918 max: 2.080139260593796
Mean: -1.4753509234848203 min: -12.117439905677 max: 1.073659178505125
Mean: -0.21871197665623457 min: -9.076034128020103 max: 1.0849731695552232
Mean: -1.265146460715552 min: -11.546385846740042 max: 1.414194496927332
Mean: 0.08118424000174151 min: -5.122317014344556 max: 1.5055637870334468
Mean: -0.6360259738884472 min: -9.304892719822316 max: 0.9070205965112561
Mean: -1.859654912458004 min: -12.882117369862584 max: 0.9445411059586623
Mean: -1.4106680872640354 min: -11.423792482652859 max: 1.180130642665341
Mean: -0.48313340231553104 min: -9.483240138561923 max: 1.1064307084307758
Mean: -0.16346578890622646 min: -11.44807250840767 max: 1.1722325645412417
Mean: -0.5843251973862533 min: -11.40733020108746 max: 0.9339708209068502
Mean: -0.6395160815430986 min: -12.295224136683021 max: 0.927549225910707
Mean: -1.9400073460416998 min: -11.52702316002707 max: 0.9934400033710574
Mean: -1.4994536269593346 min: -11.454370120614838 max: 1.043425834368006
Mean: -1.930070103805096 min: -12.133576551533128 max: 1.233400996035509
Mean: -0.7730423785984049 min: -11.668906228794576 max: 1.5031230161020965
Mean: -0.5675543075062823 min: -12.019077649167052 max: 1.2314660339648449
Mean: -1.3811601984336104 min: -9.346719679853104 max: 1.6342131442181493
Mean: -0.07216736416966325 min: -12.077836479444024 max: 1.3859355921152803
Mean: -0.5812488235712471 min: -9.259503933064805 max: 1.5220501835230784
Mean: -0.9488926371651416 min: -12.03811225960503 max: 1.0369828578784994
Mean: -2.9083994490402145 min: -11.659377314110786 max: 1.4984889486776372
Mean: -2.9860120359555884 min: -9.38451354563108 max: 1.5746697263501923
Mean: -1.8587776436428238 min: -9.36925292278124 max: 1.6263877869146592
Mean: -3.490011232960929 min: -11.152492071388895 max: 1.253240783832128
Mean: -3.956521706232641 min: -11.421619368811715 max: 1.6505166148827872
Mean: -2.820139491960877 min: -11.444714800398176 max: 2.1473413872808425
Mean: -3.0247711240780637 min: -10.10607051100667 max: 1.3804973395108309
Mean: -2.3748872639260528 min: -9.426833255561506 max: 1.6957822920127599
Mean: -1.5588611580696763 min: -9.059042111519961 max: 1.5711117240861636
Mean: -3.584266232404211 min: -11.635131792705089 max: 1.4706314885953946
Mean: -2.679395147803098 min: -11.150714030980193 max: 2.2756514873193496
Mean: -5.536405487895566 min: -11.904058076515486 max: 2.57519593818943
Mean: -2.969303835313338 min: -12.131569511705328 max: 1.0601100865695867
Mean: -3.001322097071586 min: -11.786267084856217 max: 2.9594985692016795
Mean: -2.524815492913683 min: -11.846816241319477 max: 1.9798763092978837
Mean: -1.5034500686986914 min: -11.911914932029669 max: 2.15199752038716
Mean: -2.22121725273285 min: -10.966942883443751 max: 2.126383043073299
Mean: -1.958031118527116 min: -11.785657382938895 max: 1.5855333551871273
Mean: -1.9716894690500528 min: -11.795959738200619 max: 1.6732472996875158
Mean: -1.7948946876411291 min: -11.807643276595316 max: 2.024021189834267
Mean: -3.687295619945394 min: -11.480113429839662 max: 2.518879867758146
Mean: -3.9219412766636728 min: -11.777039665835817 max: 1.910277293360731
Mean: -2.678398230144189 min: -11.529303769657327 max: 1.9807777631429844
Mean: -3.318270805700036 min: -12.249255728597245 max: 1.6495388621262013
Mean: -2.1328236880596987 min: -12.62355160739785 max: 1.5118836598439869
Mean: -2.505843223950317 min: -11.78335995016495 max: 1.4132439830105639
Mean: -2.053731509017509 min: -11.516432628804445 max: 1.1255656134727305
Mean: -1.8741476644392683 min: -11.529822649583378 max: 1.1454160451524673
Mean: -3.6428543380250082 min: -12.219342867821243 max: 1.012538923610051
Mean: -2.2205294605186223 min: -12.274965004940073 max: 1.0884816289407817
Mean: -1.6252002449925875 min: -11.538814013942766 max: 1.5343208564160167
Mean: -2.591746162146644 min: -11.95369244907498 max: 2.3620935901141937
Mean: -2.6806684006005113 min: -11.801566341976223 max: 1.2741496930948393
Mean: -3.2788067584289586 min: -11.858872767518356 max: 1.8327550636459207
Mean: -2.0917045868499127 min: -11.879514759542893 max: 1.5119949556348917
Mean: -2.257236820609764 min: -12.064923836985821 max: 1.9007747191543132
Mean: -1.585500193606354 min: -11.657531264160259 max: 1.491297341552136
Mean: -1.2296677797094486 min: -11.403724297094957 max: 1.2468704093276222
Mean: -2.1338852178207928 min: -11.887809429473185 max: 1.602103182044927
Mean: -1.2186622265958356 min: -12.033623737029435 max: 1.5073007613312053
Mean: -2.5892930729824326 min: -11.479490462643016 max: 0.7377610654251234
Mean: -2.205112038849939 min: -11.295905545722814 max: 1.4631872302996938
Mean: -0.2737235774367766 min: -11.753410953446588 max: 1.3620262403073065
Mean: -4.260250529722482 min: -11.872123236193055 max: 1.6073388163539146
Mean: -0.788917716547682 min: -11.127569207963054 max: 2.210572457171907
Mean: -3.5765232794969597 min: -12.711779650122537 max: 1.250704491704492
Mean: -1.9123744997495735 min: -11.495614978028648 max: 1.308604431570434
Mean: -1.2038396999283205 min: -11.551033805710198 max: 1.7388140162359804
Mean: -1.6386391918291714 min: -11.654910862805568 max: 2.2789348714717375
Mean: -1.3418137961325631 min: -11.419295661991777 max: 1.7787165443260082
Mean: -1.0893800129470248 min: -11.655214152268515 max: 0.8305355200793343
Mean: -2.485287288933491 min: -12.879343282426188 max: 1.8742533326776778
Mean: -3.3198320885844077 min: -11.918998884937487 max: 1.2664739233379965
Mean: -3.8908738142863584 min: -11.903613920411155 max: 1.4950138180035681
Mean: -1.867364093571054 min: -12.005606750139153 max: 1.5543346828955844
Mean: -4.6489213194083305 min: -12.01517840393899 max: 1.4941495222748553
Mean: -3.1946102034118944 min: -10.45861241034643 max: 1.6572865530833818
Mean: -4.198257461128123 min: -12.18031531001407 max: 1.1565908223202455
Mean: -4.030108494528926 min: -12.11173688473497 max: 1.5184546092541442
Mean: -3.305615512293052 min: -12.36090710940271 max: 0.7972595933919777
Mean: -1.4715336924468982 min: -11.836357624885864 max: 2.2872756707497253
Mean: -3.6353646051110085 min: -11.641081446578383 max: 2.0606373040441133
Mean: -1.0326081473044888 min: -10.056234727425851 max: 1.474498058346386
Mean: -2.1447380331687365 min: -12.018684577329005 max: 1.2424053615564992
Mean: -3.2430211458236107 min: -11.35144927196301 max: 1.7751322177330107
Mean: -2.3807416178895275 min: -11.50207553147079 max: 1.9093340921188175
Mean: -3.833904458486385 min: -12.426018111952747 max: 1.7948883863183736
Mean: -3.850520424803203 min: -11.535932561468023 max: 1.575404320984669
Mean: -5.311675149936205 min: -11.50241915739987 max: 0.8308126319037696
Mean: -1.8918183622524274 min: -11.950796306662184 max: 1.8481634787345205
Mean: -1.4317329816921032 min: -11.622746463713082 max: 1.905915616237024
Mean: -4.880413584927416 min: -12.08503991202824 max: 1.4861254011086595
Mean: -4.605568953464761 min: -12.1893063191556 max: 1.43977590673242
Mean: -3.1516677347228867 min: -12.041461703844371 max: 1.283571298344563
Mean: -2.511120036541766 min: -12.098466766989635 max: 1.0279149132841199
Mean: -3.8286215662519183 min: -12.17418866892822 max: 1.8869710689401098
Mean: -2.5451750042737236 min: -11.910802384285402 max: 1.341314804752595
Mean: -3.4736108887374426 min: -11.895650934296809 max: 1.046922457795616
Mean: -4.453256912902942 min: -12.388864491959781 max: 0.8384121645022878
