Mean: -11.18379410057194 min: -11.752943300782704 max: -10.81593011654963
Mean: -11.075087270772016 min: -11.875457160712468 max: -10.823141386292626
Mean: -10.033345294672383 min: -11.862179694593697 max: -4.471558553693841
Mean: -6.745899092706127 min: -10.981630893568509 max: -4.468855543532075
Mean: -5.908334300805235 min: -11.687074438117229 max: -4.32516509147386
Mean: -5.077989592380251 min: -10.846269634819937 max: -4.327565630174713
Mean: -5.675815090017723 min: -11.40062183865906 max: -4.030660707602499
Mean: -7.4589686604320935 min: -10.78133238815628 max: -3.9225989522141016
Mean: -4.683703707706231 min: -10.46477993396117 max: -3.9289089962891044
Mean: -7.946146943916301 min: -10.778252701736427 max: -3.9211439660149687
Mean: -3.750515884600528 min: -4.161224948982058 max: -2.95217408973562
Mean: -3.848831816790734 min: -10.165578017095042 max: -2.9547979303758782
Mean: -3.8731755149017166 min: -11.660131855128457 max: -2.948310388449278
Mean: -3.841363021534047 min: -10.949911652265552 max: -2.9237955367853736
Mean: -5.991241382246342 min: -10.573646231478197 max: -2.831399551909749
Mean: -8.158467545611128 min: -10.577772850412131 max: -2.4430025498077907
Mean: -6.015813153486484 min: -10.702287424626409 max: -2.3322641039426637
Mean: -2.316555272444368 min: -2.5466752912600312 max: -1.2720938572260303
Mean: -3.5728756609082124 min: -10.467291245704963 max: -1.2306773223309448
Mean: -2.2651565370928273 min: -10.848140803130898 max: -0.7760762772385538
Mean: -1.9605417508019198 min: -10.306411908564314 max: -0.790603335368209
Mean: -1.776380359413152 min: -9.616787563289874 max: -0.5561284599161052
Mean: -0.9076610942304493 min: -1.9504247596853697 max: -0.6557438646048324
Mean: -2.5683113754044653 min: -10.163811115314543 max: -0.5435823330144929
Mean: -1.3748183070791051 min: -4.335965203509258 max: -0.5203782231469609
Mean: -3.79519380323924 min: -10.67393740231788 max: -0.41180871827377596
Mean: -1.7858105519137788 min: -10.299982441529817 max: -0.361744584879175
Mean: -3.1682971683757897 min: -9.91701094866495 max: -0.24529990100624174
Mean: -1.3375630876477553 min: -9.939422845073304 max: -0.3118573241297055
Mean: -2.8863787961574676 min: -10.007687790814575 max: -0.3611524958814407
Mean: -0.7169335085760815 min: -4.064205962810282 max: -0.2490500596182093
Mean: -2.8595509482077417 min: -11.51927643360354 max: -0.2676445388590513
Mean: -1.6773415575086728 min: -11.472664186508753 max: -0.27175986133630814
Mean: -3.307302957099794 min: -11.178130413124197 max: -0.10490967581457919
Mean: -1.479637289899346 min: -10.12807109953298 max: -0.2848238176787845
Mean: -1.2364037380666033 min: -9.873098632183506 max: -0.23607864400273715
Mean: -0.44099451700203635 min: -1.153058986015165 max: -0.25339011932676375
Mean: -0.259161658852154 min: -0.2994513946212666 max: -0.2306507342047119
Mean: -2.220146840108421 min: -9.964632261601123 max: -0.2764917218062859
Mean: -4.280771470306918 min: -10.353748647590642 max: -0.04274136736917748
Mean: -2.4619145803411806 min: -11.220319213458321 max: 0.14364922198706856
Mean: -4.380717417772606 min: -11.334365467548214 max: 0.2350022848784951
Mean: -3.219786487323914 min: -9.29990318981538 max: 0.6325321869117223
Mean: -5.788329753334681 min: -11.853576914453205 max: -0.3525566069442977
Mean: -2.2736007561973137 min: -9.13021469618521 max: 0.2541811368197168
Mean: -3.6669370193130453 min: -9.711248383895514 max: 0.9694273627184994
Mean: -1.6128665052073479 min: -9.218378335087191 max: 0.9113898822693621
Mean: -1.646104812030004 min: -11.024530004569364 max: 0.9126645271942921
Mean: -4.748169103621672 min: -11.449162240962485 max: 0.8653713831220274
Mean: -0.16227649443602232 min: -9.248758694379793 max: 0.9674825703719904
Mean: 0.7591344818229293 min: 0.5193433695879717 max: 0.8828769217037955
Mean: -1.4963195045038105 min: -11.177069061026154 max: 0.9092832582479292
Mean: -0.45635941807727676 min: -9.796646404634428 max: 0.8628079702006263
Mean: -1.1585686264683739 min: -9.380136910950146 max: 0.9680113187835152
Mean: -0.28758080318006574 min: -9.483487966112076 max: 1.0559814651875465
Mean: 0.9165952802008792 min: 0.6844743944603524 max: 1.013501128839188
Mean: 0.5478815074554717 min: -0.6454462768704329 max: 1.0625441432025808
Mean: -1.5283873341174905 min: -10.362027950360527 max: 1.1519108657030463
Mean: -1.2524382661453763 min: -11.073491296942732 max: 1.2432284309969002
Mean: -0.27477012363523867 min: -11.215315389126403 max: 1.117304083720226
Mean: 0.5771846553707792 min: -2.0983952494813516 max: 1.174779225335892
Mean: -0.15634787869829794 min: -9.12861995703045 max: 1.1379082494835306
Mean: -0.16197680941559583 min: -9.83659414166882 max: 1.2483707905418702
Mean: 1.1039450495819003 min: 0.697225387779603 max: 1.2820011658975206
Mean: 0.8510323919935129 min: -2.1996460566411 max: 1.2729330608351632
Mean: 1.137337818720169 min: 0.6640155825562779 max: 1.2679442284368634
Mean: -2.238485780066857 min: -10.100387168236683 max: 1.2356610140880626
Mean: 0.9690040619099992 min: -0.5734041079140327 max: 1.2359588347793484
Mean: 0.024593747226426287 min: -10.328618943720235 max: 1.2704929698135166
Mean: -1.24870878399711 min: -10.6449521263392 max: 1.2568057252945668
Mean: 0.021154031275357487 min: -10.63431661046328 max: 1.268585625015426
Mean: 0.09791489711163415 min: -9.732360773388834 max: 1.25322430673352
Mean: 1.2193394281455956 min: 1.1962262043845646 max: 1.2598714701612788
Mean: -0.17152830931514773 min: -11.661058838732492 max: 1.275169857276344
Mean: -2.7829688333336824 min: -10.629887308964808 max: 1.2979142349574653
Mean: -0.7281743781843714 min: -9.527429265126507 max: 1.2768821597638333
Mean: -2.779008103886954 min: -11.969446705038624 max: 1.2813734588225285
Mean: 0.21870218271894046 min: -8.970003144179007 max: 1.291971359148237
Mean: -1.1606123614928574 min: -9.504687702310646 max: 1.2715587886717032
Mean: -2.0265596468723457 min: -9.279360367574865 max: 1.3170208895903377
Mean: 0.11803458531643936 min: -8.499521188455592 max: 1.2919214095337832
Mean: 0.4401320254831509 min: -6.010638668537708 max: 1.2934526843873673
Mean: -1.081513986532184 min: -11.474176776639553 max: 1.8161783614354303
Mean: -4.86678711641309 min: -10.932398135483599 max: 1.2914224308855171
Mean: -1.0306688472211092 min: -11.457230534132577 max: 2.0551669829893395
Mean: -2.5835888227902126 min: -11.982677255043907 max: 1.2928971192393044
Mean: -1.2472809403032161 min: -11.909770688169386 max: 1.3053921053639284
Mean: -3.098905364533352 min: -11.309033259117864 max: 1.3091723986471926
Mean: 1.252864913966662 min: 1.1662860369650017 max: 1.303102478642832
Mean: -1.5403792061107862 min: -9.023922222150217 max: 1.2907971154069047
Mean: -1.322088067704993 min: -11.40162798559847 max: 1.3063748842412168
Mean: -2.6481776149688474 min: -11.758290764300384 max: 1.2981977278788859
Mean: -0.857079078491948 min: -10.906308658552774 max: 1.2867884173703747
Mean: -0.41796213881913635 min: -11.539895446448313 max: 1.2754178986840992
Mean: -1.321589035910879 min: -11.601607453977573 max: 1.2877528003125753
Mean: -2.3501184269235558 min: -10.819941553947684 max: 1.3428309391112243
Mean: -0.0829550380483826 min: -11.92205645889548 max: 1.3186515436234802
Mean: -2.426376148921276 min: -11.484259994359222 max: 1.3129526110115797
Mean: -0.859711744742261 min: -10.513600778063573 max: 1.3012811305972443
Mean: -0.7143264955165824 min: -11.086411883192294 max: 1.3025089830476613
Mean: 0.19679141513036996 min: -5.9062434900779115 max: 1.3228062599220813
Mean: -1.3073016376453173 min: -10.85503842878122 max: 1.3069219250308577
Mean: -4.096459105081061 min: -11.319506111207794 max: 1.2884054880728564
Mean: -1.2802479991248858 min: -8.839870436901984 max: 1.302412399890989
Mean: -1.6543684234668667 min: -10.87032644841945 max: 1.2874960441044792
Mean: -1.4526015231169604 min: -11.251385790644568 max: 1.3079210010972349
Mean: 0.9388699154598144 min: -0.7558854969921167 max: 1.3249206195441003
Mean: -1.694742465068621 min: -12.004877348142998 max: 1.3511021655246815
Mean: -1.678473540029941 min: -11.844676696032401 max: 1.2948498940578015
Mean: -2.9745990822760597 min: -11.287371920693271 max: 1.333253970171733
Mean: -1.499967474525093 min: -12.682854598612632 max: 1.3123584305517786
Mean: -1.969254997686012 min: -9.684962141045846 max: 1.3322359371968084
Mean: -0.5923653928701922 min: -11.314315027124316 max: 1.3204590044281674
Mean: -1.342118426109346 min: -11.352470271504844 max: 1.3221247199695951
Mean: 1.2663375724779087 min: 1.1034840295225876 max: 1.3116176301904747
Mean: -0.2267192457028835 min: -9.262372024411215 max: 1.321770821150352
Mean: -0.7261288659682315 min: -11.213387444345821 max: 1.3090820045695433
Mean: 0.7235911058037258 min: -2.0249976980664384 max: 1.3382340076627353
Mean: -1.5003055355251502 min: -11.65873535504477 max: 1.321236416107812
Mean: -1.750530680104037 min: -10.831355543992172 max: 1.3214628899185032
Mean: -0.26047536710738595 min: -10.689408085486857 max: 1.3148058847824715
Mean: 0.5635312108243578 min: -2.687474858162626 max: 1.3199377966532808
Mean: -3.4428805858254683 min: -11.28565352280059 max: 1.303520768867076
Mean: 0.11458409785367663 min: -6.040473355465285 max: 1.3319298162318922
Mean: -1.571892504566534 min: -11.928260374139324 max: 1.3084993196478807
Mean: -0.31090439098485156 min: -10.886693082959036 max: 1.345033367739034
Mean: 0.5420378125220338 min: -5.57854047682149 max: 1.3210728212292138
Mean: -1.0526834129329419 min: -9.890221966476744 max: 1.3415968814520145
Mean: -0.51605340324419 min: -9.666755610077905 max: 1.3033471506038425
Mean: -0.3585606447796651 min: -11.239456382794714 max: 1.2990269191709358
Mean: -1.2591858424735127 min: -11.353517778148657 max: 1.307638933308579
Mean: -0.43125003505589155 min: -9.921418484795758 max: 1.3242960615174637
Mean: -3.3061763305662195 min: -9.990854302562056 max: 1.2721790924472827
Mean: -1.0719823176282741 min: -11.332851629625212 max: 1.3340962877952698
Mean: -0.2818759846799677 min: -10.109806055063647 max: 1.345778521113098
Mean: 0.9691667111090221 min: -0.9111750804671188 max: 1.3583029004121463
Mean: -0.13204330155299523 min: -9.593501187610787 max: 1.3276902755841002
Mean: -2.4530175069929236 min: -11.034800584234567 max: 1.334122340080194
Mean: 0.953009934347049 min: -0.3231880659441272 max: 1.3553277888077817
Mean: -0.03899508689658822 min: -10.585032116275627 max: 1.3399297035078368
Mean: -0.19326171619747043 min: -10.026685132025793 max: 1.3478037420390478
Mean: 0.04218129498874086 min: -9.23396942516937 max: 1.3298897171327437
Mean: -0.034208696570987726 min: -9.293935775045961 max: 1.3454352844406297
Mean: -0.18944178459951141 min: -9.506952790502215 max: 1.3301128882291033
Mean: -0.3664666336635928 min: -10.494401855361899 max: 1.3477131365242803
Mean: 0.520137637434755 min: -5.706295374617444 max: 1.331120037301322
Mean: -2.0846157106410677 min: -9.300578515894342 max: 1.421229765672145
Mean: -3.747678150803599 min: -11.240490005411521 max: 1.3372403287852597
Mean: -0.9191361209000373 min: -11.605871790131818 max: 1.3490295711473688
Mean: -0.48335857617126743 min: -9.227572141362687 max: 1.34532364709215
Mean: -0.26525502468480416 min: -11.27318768376852 max: 1.3418433520765416
Mean: -0.4146351532934404 min: -11.401647093512135 max: 1.3532633352429928
Mean: -0.02490436286348503 min: -11.294543363593952 max: 1.3433695048298993
Mean: -0.4985338833512346 min: -9.313704208001994 max: 1.3247297599517767
Mean: -0.6996676880310828 min: -9.275788953972677 max: 1.3461317112877598
Mean: 0.22307438330503399 min: -9.403991517417104 max: 1.350301771639857
Mean: -0.9511392877421947 min: -10.987504461143564 max: 1.3449502611443696
Mean: 0.9741243032841054 min: -0.6180421295180187 max: 1.3505024927575684
Mean: -2.5384889152626515 min: -11.066996387911068 max: 1.3601745471308846
Mean: 1.0587920490979197 min: 0.06155090358811127 max: 1.322352435345491
Mean: -1.1979644590539855 min: -11.204183247215354 max: 1.316773571138332
Mean: -2.366826940625946 min: -10.81134965123794 max: 1.3013555688698535
Mean: -1.3648092888255003 min: -11.695140479617379 max: 1.3294383023477527
Mean: -1.1879712589559708 min: -10.748180921032288 max: 1.298306874000874
Mean: -0.9537836903387843 min: -10.825871611574273 max: 1.3435285778566188
Mean: 0.9160318880257362 min: -1.2261184993028071 max: 1.3103652198989477
Mean: -1.3754123203528965 min: -12.209175966512541 max: 1.3208217373964495
Mean: 0.05014347038019 min: -10.027057222928839 max: 1.3535430000707578
Mean: 1.2018521659001018 min: 0.6657133527254695 max: 1.3309163819724827
Mean: -0.37699413571533463 min: -11.504626868552473 max: 1.333703842831058
Mean: 1.0956361289821805 min: -0.5809038446173626 max: 1.3131271975287044
Mean: 0.09558782263178749 min: -5.761995862071742 max: 1.3329575767608306
Mean: -0.004871451991184594 min: -9.594513284303856 max: 1.3283639577702395
Mean: 1.1197108451033206 min: 0.354181481818882 max: 1.3341136608975839
Mean: -2.2774825073992977 min: -10.206158555251404 max: 1.3274575602156478
Mean: 0.015786908025565927 min: -10.896176042886687 max: 1.3492623641721253
Mean: 1.0717884412045475 min: -1.150253644421728 max: 1.3445385586247556
Mean: 0.8364399160869407 min: -1.206965594384848 max: 1.332497685403664
Mean: -1.8320504253594545 min: -10.605385855364693 max: 1.335953714597401
Mean: -1.452498828398832 min: -9.652620568053772 max: 1.3570403604081878
Mean: 0.18933513489803264 min: -9.952560472610617 max: 1.435561433781632
Mean: -0.7201551253988968 min: -11.619216040551919 max: 1.3942286021649393
Mean: -1.7919932654226922 min: -11.28908220494214 max: 1.3469532042676522
Mean: -1.3582675443630623 min: -11.261464812922004 max: 1.3813260805038892
Mean: -1.1886746012915883 min: -10.75236308421822 max: 1.388237837044787
Mean: -1.2952612154517458 min: -11.681145579927467 max: 1.3782830904570085
Mean: -2.5908309144673014 min: -12.617031517969577 max: 1.3575811983073942
Mean: -1.540501822155232 min: -10.995395986447527 max: 1.7798070527864276
Mean: -1.4021739255085748 min: -10.664932978817713 max: 1.3458026994175893
Mean: -0.8059459632354893 min: -12.071155399446457 max: 1.3800465650462754
Mean: 0.23396391373137906 min: -9.395396854097731 max: 1.3795228610688446
Mean: -4.478408216677556 min: -12.333379963342935 max: 1.3887660848666865
Mean: -2.9803211486966603 min: -11.287503440201743 max: 1.3905966403278134
Mean: -1.7602684955961763 min: -11.088305685535708 max: 1.4209413774948434
Mean: -2.105496097533133 min: -10.740963978445453 max: 1.3537697563279136
Mean: 1.2388617952099579 min: 0.9930684078301318 max: 1.3848602398370553
Mean: -3.4721992584744106 min: -11.043721354929101 max: 1.3948052953953523
Mean: 1.049012326967556 min: 0.2388959150801184 max: 1.3561504150827723
Mean: -1.1180183391862006 min: -10.478264281626629 max: 1.384031318065947
Mean: -1.2476218659944283 min: -11.185645105910611 max: 1.3809181774511805
Mean: -1.208453964709887 min: -11.193987941227284 max: 1.4179946748198722
Mean: -2.564786206463876 min: -12.11407610162434 max: 1.326288277526056
Mean: 0.7890107867955176 min: -6.2990085446980455 max: 2.01425312289164
Mean: 0.1316554426039135 min: -8.934881399203416 max: 1.9854560965939032
Mean: -1.5076791830729561 min: -9.963890394050514 max: 1.8612404971243781
Mean: -5.781182849691096 min: -11.263286111150927 max: 1.2376371790531495
Mean: -6.028589039697094 min: -12.411899585045374 max: 1.552288393694691
Mean: -3.317778492731864 min: -11.209490019247308 max: 1.0995880482469205
Mean: -0.47027931057517103 min: -9.271965773099174 max: 2.134542652103645
Mean: -2.6009725822088976 min: -11.443194145957357 max: 1.275265445319715
Mean: -3.015827553828035 min: -10.65901831664782 max: 2.009680968189621
Mean: -8.263772485491021 min: -11.392757678673812 max: 1.0520718818443073
Mean: -4.934025937018364 min: -10.91944939165896 max: 2.634200696478574
Mean: -2.922398561309949 min: -10.801545741634083 max: 1.9219073194907685
Mean: -3.50947262466624 min: -11.426677428183094 max: 1.4650628338435383
Mean: -4.511742206474461 min: -10.853882586713864 max: 1.959964822943862
Mean: -6.366188484329447 min: -11.954176612370551 max: 1.2351184446023156
Mean: -2.6026769830171874 min: -11.993739989157541 max: 1.74893631271465
Mean: -0.22782749332906102 min: -10.527633300833418 max: 1.6393716853898697
Mean: -2.6621239178370555 min: -11.381970199537832 max: 1.150733178337216
Mean: -4.872056063510443 min: -11.918973562835316 max: 1.4954039674221677
Mean: -2.5187561532600684 min: -10.831510169655273 max: 1.2912685083096025
Mean: -2.8946205872500332 min: -12.737708962240614 max: 1.411279087835967
Mean: -2.645414806148575 min: -12.919450413924238 max: 2.3765711790428643
Mean: -3.8862548902496408 min: -11.430165745792625 max: 3.2646114166168503
Mean: -0.6574644596078841 min: -10.717458546559211 max: 2.1080165318898745
Mean: -3.0951727869802346 min: -10.345942372393184 max: 2.1320087656772855
Mean: -3.814685526780605 min: -9.892689081489822 max: 2.0951159778148596
Mean: -2.8510946349514796 min: -11.830014004328444 max: 1.0569181647042816
Mean: -2.001198711126645 min: -11.576491729117619 max: 2.0036452288899183
Mean: -4.965813349576894 min: -11.849170988890416 max: 1.51832704071817
Mean: -3.9045816724338054 min: -11.204570781102609 max: 2.091045518686968
Mean: -2.612698338788374 min: -11.470158216317408 max: 2.4017632402997475
Mean: -2.5223465824884004 min: -11.06923156743933 max: 1.3066198960856594
Mean: -4.1645673625359265 min: -10.428536448140818 max: 1.565478784965144
Mean: -1.209327157559908 min: -12.61606417690801 max: 1.8726920122473472
Mean: -0.9182585259395504 min: -10.835678106223973 max: 2.8088393283136015
Mean: -2.5908938843733984 min: -11.236777583261954 max: 2.385765719123567
Mean: -1.2602708271724683 min: -10.586906315183215 max: 1.7087670184454145
Mean: -2.2099050075758675 min: -11.48274714174699 max: 1.6367958716968505
Mean: 0.29572495895109785 min: -8.124269962812802 max: 2.1443475260972686
Mean: -1.86144758959814 min: -10.14345891746117 max: 2.160252658589344
Mean: -1.18389737581432 min: -10.847129929807334 max: 1.546522716582018
Mean: -3.0524602178637017 min: -12.399410470183764 max: 1.4383393698618172
Mean: -3.6011236780128533 min: -11.696843657476858 max: 1.8824336187761075
Mean: -0.5818761041333282 min: -12.226698838314027 max: 1.4410782928983477
Mean: -3.1921154657767667 min: -10.67638869135062 max: 1.5519128876243784
Mean: -1.1068029320023773 min: -9.880384738624523 max: 1.4095334352840363
Mean: -2.532979040583185 min: -11.23959103778531 max: 1.3648260247504846
Mean: -5.566628426107202 min: -11.630637598361105 max: 1.5473779776077161
Mean: -6.220174515461754 min: -11.826449192947516 max: 1.7308428171261339
Mean: -6.259273324264656 min: -11.366552310819568 max: 1.6534562794059044
Mean: -4.09263173636673 min: -11.85589146152158 max: 1.5279979752506292
Mean: -7.70274470848143 min: -11.502132876711066 max: 1.339340758934266
Mean: -1.1119386966866487 min: -11.391888188734205 max: 2.28500906716987
Mean: -2.8393666104140767 min: -10.445734253147199 max: 1.977345059926788
Mean: -5.144023908595383 min: -10.988120286201966 max: 2.2378492946870474
Mean: -6.644494695399449 min: -11.660381217494173 max: 2.6879331428771027
Mean: -6.383541045766296 min: -11.41019048366487 max: 2.189356285023564
Mean: -2.7340882360540406 min: -9.614252049015693 max: 2.2486835548362185
Mean: -2.933429459280794 min: -10.495170126634347 max: 2.269620229327883
Mean: -6.493713633514505 min: -12.275874057880863 max: 2.3077636010239315
Mean: -6.694198894361337 min: -11.976796620915737 max: 2.4473460409039096
Mean: -2.053399128723493 min: -11.410297920967242 max: 2.047994283491023
Mean: -2.7452452977969246 min: -10.096285975527264 max: 2.2590130410705935
Mean: -5.249303884196565 min: -10.926743406287757 max: 1.8588543894825125
Mean: -3.4907105263706435 min: -11.208222932232964 max: 2.408316247365423
Mean: -4.158682151373905 min: -11.317224935780162 max: 2.3560671989479793
Mean: -2.7855008046672025 min: -9.770469430083876 max: 2.1372168260340256
Mean: -7.255985311296607 min: -12.44613063296297 max: 1.4727114139811486
Mean: -1.15293000944037 min: -9.115167975347203 max: 2.137253954045683
Mean: -4.117678089647929 min: -12.309387630662775 max: 2.742864525858582
Mean: -3.026998993014584 min: -11.734815412216241 max: 1.9594635080587908
Mean: -1.1783249764849162 min: -10.878591659020893 max: 1.6345701654581568
Mean: -4.0448098943791715 min: -10.252127288591062 max: 2.026247105082771
Mean: -0.8739224798111838 min: -10.13318518473762 max: 1.7797655816980302
Mean: -1.7001660128312843 min: -9.27989786873875 max: 2.9145293307343025
Mean: -3.2717699423078033 min: -11.423893141195503 max: 1.9112574337201689
Mean: -7.5388157335161425 min: -11.02768070731371 max: 1.8273202019150026
Mean: 1.4928500878795632 min: 1.0618728008193434 max: 2.002075718916156
Mean: -1.0837056533061016 min: -9.177906129759602 max: 1.784149680847679
Mean: -2.141197300942948 min: -11.809015456861577 max: 2.021612137440478
Mean: -3.9144300790011592 min: -9.896304934404647 max: 1.7728284195412374
Mean: -1.141124564949347 min: -11.449916682053074 max: 1.7790882482870627
Mean: -0.01282010597027496 min: -8.942894960811685 max: 1.9943220900864873
Mean: -2.1082030418491278 min: -12.14145859564464 max: 2.590756467803299
Mean: -4.211422087063399 min: -11.502269422326313 max: 2.255068126418627
Mean: -5.002867733572944 min: -10.763871387026512 max: 2.1272869474945333
Mean: -5.110970677821202 min: -11.403946586971395 max: 2.6822948430769573
Mean: -3.5361615341392962 min: -9.68667974878719 max: 2.1062559391659956
Mean: -5.479865432240408 min: -10.857424592795574 max: 1.8618775485707708
Mean: -6.0706474872313745 min: -11.159933285239306 max: 3.315015693214596
Mean: -1.6471515820090121 min: -8.912723638394475 max: 2.423859117581252
Mean: 0.8276703923138149 min: -9.411320600451322 max: 2.671841272580931
Mean: -0.7387256786255593 min: -9.49020352098937 max: 2.9126615821900756
Mean: -4.697768731040016 min: -9.832166609833612 max: 2.3494196096342215
Mean: -4.702400335845153 min: -11.141216601459757 max: 2.4163882493248727
Mean: -4.139915426014125 min: -10.060255438803647 max: 2.4613555280682764
Mean: -2.349698869473252 min: -10.159902738167704 max: 2.0620754308640383
Mean: -5.298397314470299 min: -12.571840819289026 max: 1.8527611876301275
Mean: -4.319985663437146 min: -11.67144945846145 max: 2.3778891498641768
Mean: -6.8431003452602255 min: -11.264975254927846 max: 2.3133709234557003
Mean: -6.163758741180028 min: -11.16907997355244 max: 2.3893770253766413
Mean: -3.607018916683754 min: -9.82295479202178 max: 2.3109661911672172
Mean: -4.42859107173257 min: -9.450204713918778 max: 2.33151184160148
Mean: -3.228342806040209 min: -9.40042000425418 max: 2.7552257182108453
Mean: -4.642980713509016 min: -9.998154609564416 max: 2.417996015451216
Mean: -2.1173782582304383 min: -10.264552230687677 max: 2.3142992210349402
Mean: -0.7789460615400619 min: -9.616326036014186 max: 2.129628901492983
Mean: -5.987387734436062 min: -10.897579825809354 max: 2.257414749269794
Mean: -4.943054192173273 min: -11.449038302858858 max: 2.212891779808305
Mean: -3.4727824144616655 min: -11.612498387085028 max: 2.3979184237225426
Mean: -4.540310419283651 min: -10.174019935210493 max: 2.8663573765302424
Mean: -5.951617826211112 min: -9.566654807255917 max: 1.1389638940579736
Mean: -1.624639804845915 min: -10.185158934595995 max: 2.4183723485561903
Mean: -1.2885633987400127 min: -11.488794922027116 max: 2.3552357576161893
Mean: -1.4350262622415166 min: -11.031475548936939 max: 1.6205821555094055
Mean: -4.718344606538123 min: -11.476501488602121 max: 1.2317968612140142
Mean: -0.7850495368292354 min: -10.215507436230677 max: 1.3198746039176588
Mean: 0.8790528924700709 min: 0.14763847020876789 max: 1.2590898130895245
Mean: 1.0685936005493222 min: 0.22353962188080537 max: 1.3696628319174395
Mean: -0.9939758616737568 min: -10.716867814738347 max: 1.3024627382489364
Mean: -4.39749484525231 min: -11.640206105171412 max: 1.2923744628822498
Mean: -2.2622904895352223 min: -10.859338527179116 max: 1.7127764678700914
Mean: 1.1648181711986134 min: 0.8128584714737674 max: 1.5990289505714559
Mean: -0.3947552508781321 min: -10.22137144838592 max: 1.25226739246583
Mean: -1.6498395900000085 min: -11.768043862943458 max: 1.2191308426466299
Mean: -2.1507908444159964 min: -9.347448851011645 max: 1.1832652816499847
Mean: -2.7806302965579497 min: -11.402816032877443 max: 1.2309441210013676
Mean: -1.302946621017481 min: -11.580711718787123 max: 1.2908286515778549
Mean: -1.2060613556071405 min: -10.02655423100998 max: 1.7312131141020863
Mean: -2.390933993244439 min: -11.46155819643798 max: 1.2814175163537072
Mean: -0.20190602002858862 min: -11.185471338293052 max: 1.2536572888125272
Mean: 0.6129454674632133 min: -0.7161548405265404 max: 1.22324326112526
Mean: -2.3968260629434086 min: -10.933431004872354 max: 1.275589414379374
Mean: -7.61905155258768 min: -11.099204573731983 max: 0.9849243045155381
Mean: -1.2433621774045236 min: -10.624317846767953 max: 1.31486962476294
Mean: -3.7714763443544763 min: -11.447219699568588 max: 1.2500910303291497
Mean: 0.015994405562279313 min: -8.706094788366359 max: 1.321352655260039
Mean: -0.2494495507146624 min: -9.978332049129813 max: 1.2520341066606155
Mean: -3.689390439462888 min: -11.314930159338902 max: 1.2698512337900034
Mean: -2.325729157117263 min: -9.799160517870801 max: 1.14976225217168
Mean: -0.9271943194972737 min: -9.93248006957134 max: 1.3369547714640089
Mean: -3.135861158066133 min: -10.321262983916181 max: 1.4389755867055247
Mean: -4.600726337241575 min: -11.323121857629708 max: 1.170038542325679
Mean: -2.6071275365862077 min: -11.122448842823903 max: 1.280211035644891
Mean: -5.160829739189413 min: -11.50903957676666 max: 1.463563806244706
Mean: 0.7163946379052787 min: -0.6863542325921658 max: 1.4783232623748228
Mean: -1.5354823484669993 min: -11.385461389141367 max: 1.5042766452353928
Mean: -4.454063646057981 min: -10.603769963242577 max: 1.4213205760403465
Mean: -3.4768237393561763 min: -11.772224578936788 max: 1.4706759519303305
Mean: 0.15343633747238575 min: -9.284124312437202 max: 1.4454377765556763
Mean: -3.426863391048232 min: -11.926000679458095 max: 1.6745342438998112
Mean: -0.9752979878026246 min: -9.857979978245742 max: 1.8824309835440192
Mean: -5.8358731202613425 min: -10.369415996559898 max: 1.0151719514210953
Mean: -1.6279945866836614 min: -10.346387754363555 max: 1.3601162613749023
Mean: -1.5106457903003205 min: -9.918373642662504 max: 1.9913425626224182
Mean: -6.003821848570292 min: -11.880503504206068 max: 1.6891829677958752
Mean: -3.289551073625561 min: -11.782847369089012 max: 0.9863391878955782
Mean: -3.9859112491591113 min: -10.758146735779869 max: 0.9579501235044179
Mean: -3.676590446716427 min: -10.736267360364742 max: 1.7399131471123963
Mean: -5.2372707153397595 min: -10.408003170467934 max: 2.1694628713891784
Mean: -3.7554897526374567 min: -11.22918460368556 max: 1.7600202662427709
Mean: -3.195471598190276 min: -10.225815760844386 max: 1.7234654624010948
Mean: -5.179699246444243 min: -10.900109375850546 max: 1.0045454038216481
Mean: -2.1653683301934694 min: -11.442801262752923 max: 1.9304277803319894
Mean: -5.389303919415227 min: -11.239491836824094 max: 2.0626927952744425
Mean: -1.8333470576675492 min: -9.215927819880635 max: 2.2356384385446013
Mean: -8.258168551829872 min: -11.326922194941162 max: 0.6561641821587147
Mean: -4.309374257180105 min: -11.12219503025909 max: 1.904622219445809
Mean: -7.013513029308143 min: -9.362910866952861 max: 1.000352583145688
Mean: -5.6635188580620515 min: -11.066899588924777 max: 1.6398333462483046
Mean: -7.286377583710906 min: -11.818694762893006 max: 1.2032582600579218
Mean: -5.012256684549319 min: -11.555862533279129 max: 2.0622171241925584
Mean: -8.089197610556203 min: -10.430048319214244 max: -0.9272587974615221
Mean: -2.8256649800545603 min: -11.438913244077922 max: 2.4321991994382532
Mean: -6.064912254516484 min: -9.683584045020199 max: 0.5138573935020752
Mean: -5.583832282705322 min: -11.47173147978074 max: 0.8318221511912216
Mean: -8.081117737688885 min: -11.148538997099498 max: 0.0245134703551498
Mean: -1.3045660005282502 min: -8.907327828568905 max: 1.9497692474995418
Mean: -4.505597052832472 min: -9.164700051447632 max: 3.0568523673409365
Mean: -4.659200813039929 min: -11.369189426853449 max: 1.8694602408311858
Mean: -5.935892609468327 min: -10.176610146459216 max: 2.9845580406301813
Mean: -3.6397755892060553 min: -10.113906275297701 max: 2.1859844411152207
Mean: -6.106170463269552 min: -10.701260517537339 max: 2.3979621788409227
Mean: -4.01762790377777 min: -11.049367498400374 max: 2.26597905158722
Mean: -6.4705834863979295 min: -9.345970623787364 max: 2.0748103042691586
Mean: -4.345899562125561 min: -9.884856410393807 max: 1.757773493729891
Mean: -5.31961520183551 min: -10.060428618736019 max: 1.5997642960516296
Mean: -5.865616567987442 min: -11.143322864033987 max: 1.8019969985219257
Mean: -5.67998278683572 min: -10.098545631995822 max: 1.7504698164226544
Mean: -3.754918368618578 min: -11.623323502157803 max: 2.1685629624620093
Mean: -4.375865100508096 min: -10.614854196613646 max: 1.9386783288470104
Mean: -4.784968824451723 min: -11.512511075576906 max: 2.103293773655202
Mean: -3.7735657346322875 min: -9.198778073546485 max: 2.5154561506220774
Mean: -2.698784379703306 min: -9.916370905494539 max: 2.112703124483222
Mean: -3.5047225956390724 min: -9.637413792091005 max: 1.9138532606120584
Mean: -4.6864640158025885 min: -10.873498951307402 max: 1.5681094637755277
Mean: -0.5491272096250562 min: -11.47105549331834 max: 2.0369874688719443
Mean: -4.975677965504117 min: -10.946989001457437 max: 1.7793071883698983
Mean: -2.1577798705650677 min: -9.400930411380813 max: 2.2456579728859514
Mean: -3.410934011351433 min: -10.908327887999349 max: 2.796693603498929
Mean: -2.55979794260484 min: -10.37872637856464 max: 3.3136466799427464
Mean: -2.781165344163087 min: -8.858118367585389 max: 1.9081588046808222
Mean: -0.43422792998222703 min: -10.253462558196897 max: 2.386518873838845
Mean: -6.229939183874047 min: -10.980660008006696 max: 1.7410511011701757
Mean: -6.306212855902524 min: -11.739795358808365 max: 3.561634464495065
Mean: -4.9373056764403405 min: -11.460712835938823 max: 1.9393406982674966
Mean: -7.493840613878211 min: -11.11597636999926 max: 1.6804170640340346
Mean: -5.253836400688191 min: -9.991097342367246 max: 1.3735668595804271
Mean: -7.028062956173384 min: -11.895378915352723 max: 1.4166570478508052
Mean: -10.34792848152253 min: -11.668226728055236 max: -9.048713083406895
Mean: -7.141694927770091 min: -10.453010300237697 max: 1.9535310958132892
Mean: -5.85206760412755 min: -10.258673877437273 max: 0.49875696245121964
Mean: -1.8601847208332465 min: -10.175624315353106 max: 0.5429248361187793
Mean: -3.6473504031076636 min: -11.673926622654488 max: 0.14490064679115364
Mean: 0.034572986733484655 min: -0.8896195348203003 max: 0.5414286736035924
Mean: -1.5199900944604425 min: -9.37741723864255 max: 0.6350138427862437
Mean: -3.9868886331986007 min: -11.261580673334235 max: 0.40812650902304626
Mean: -2.031250386862861 min: -11.463282133105954 max: 0.5147299215567909
Mean: -1.0085743171263073 min: -9.615619150007635 max: 0.5846571347672328
Mean: -1.0669806648041642 min: -10.241560997710081 max: 0.649447718736245
Mean: -4.159635550583973 min: -11.378434543402676 max: 0.6036976613819123
Mean: -0.7182361071625568 min: -10.54547941641932 max: 0.9252735543249792
Mean: -5.412506278944259 min: -12.195284487111433 max: 0.6307333423171898
Mean: -1.871093594192725 min: -11.49636593713736 max: 0.6513368221091712
Mean: -5.403476761139569 min: -12.291810251082897 max: 0.6150984210487199
Mean: -2.710940485856574 min: -11.108583376308202 max: 0.6144430005375322
Mean: -3.9733075223066834 min: -12.205331571090136 max: 0.8180541910170298
Mean: -1.9938673035366077 min: -11.27898156362062 max: 0.7508831758226676
Mean: -0.6312605616441093 min: -10.040897715953754 max: 0.770672857316276
Mean: -2.9877183512678966 min: -11.498825348256094 max: 0.7476306494066289
Mean: -0.9014817964180543 min: -12.036111470776481 max: 0.6733667236497838
Mean: -1.8964219395679005 min: -11.469727195725838 max: 0.7601689192874062
Mean: 0.18539989586032807 min: -1.9505493186316631 max: 0.7106439526940072
Mean: -0.9834794203443978 min: -11.137602642358923 max: 0.6774450518007469
Mean: -2.987190011979921 min: -11.497342003385226 max: 0.83075404141205
Mean: -4.060328849481397 min: -11.887180533481143 max: 0.7622192401175073
Mean: -5.244362383615211 min: -12.948942267895289 max: 0.7268740078283034
Mean: -1.414187258107591 min: -9.263488545061648 max: 0.9804502384351422
Mean: -1.8265818479433755 min: -11.605190571556196 max: 0.8040136626360999
Mean: -1.0678185983202635 min: -10.694335249683968 max: 0.7297143325826466
Mean: -4.046649884835624 min: -11.482161712064036 max: 0.7767375382388703
Mean: -2.7845409875431906 min: -11.171857560187025 max: 0.8094392636659885
Mean: -1.0096020241500516 min: -11.573718903613774 max: 0.8617273639320663
Mean: -1.9141351102684336 min: -11.100581976480452 max: 0.9067157844816609
Mean: -2.1365127451982504 min: -11.05873938505651 max: -0.021189954182162886
Mean: -5.484698149707592 min: -11.579426348961082 max: 0.8434892140374224
Mean: -2.257799824753392 min: -10.686883698150277 max: 1.6824972075853188
Mean: -2.6789442152702216 min: -10.466962738067625 max: 2.680933424406629
Mean: -8.40800380777831 min: -12.066345467581648 max: 0.4267844595750677
Mean: -3.606750976804954 min: -11.440459353727295 max: 2.1345800122801064
Mean: -6.85556396503482 min: -11.078391347209735 max: 2.242905594007808
Mean: -3.156308857486888 min: -10.298068390800696 max: 1.4490312261950662
Mean: -4.989911552229777 min: -11.592010972010003 max: 3.1129107849795705
Mean: -2.430791288698379 min: -11.286182088041729 max: 2.57313278754072
Mean: -7.63374365022123 min: -11.056797002155665 max: 1.0885883202491757
Mean: -5.533241403309203 min: -12.51283820314569 max: 1.5631308465026175
Mean: -8.218116967112229 min: -12.055162055628204 max: 1.9127797844540855
Mean: -2.0760522431608686 min: -10.095040786619085 max: 1.891760705956434
Mean: -5.886257115323121 min: -11.619725995538758 max: 1.3972155665503085
Mean: -1.3618786837695076 min: -10.495667926070196 max: 1.4675734758810046
Mean: -4.393294513132579 min: -11.883794886751659 max: 1.6501205471938514
Mean: -6.019125067980824 min: -12.22299734063574 max: 1.1296456550932936
Mean: -6.023938471075046 min: -12.437230859396777 max: 1.4775385268206618
Mean: -5.987315818310484 min: -12.33839975022385 max: 1.4609850447511414
Mean: -5.787897642074499 min: -10.92198579431936 max: 2.0893507546543972
Mean: -1.4183503185819686 min: -11.345667888014736 max: 1.2963762229808877
Mean: -6.22965161538689 min: -12.324714476276284 max: 1.0149966358248834
Mean: -3.099017304732305 min: -11.473199828622526 max: 1.7487280955420594
Mean: -7.106350973416769 min: -11.262082095945264 max: 1.4117509804425579
Mean: -2.2611152707212065 min: -10.473550338429751 max: 1.8396717740843302
Mean: -3.7317865636256258 min: -12.60471405698727 max: 0.9070752773540465
Mean: -1.0728471008113099 min: -11.309464719209261 max: 1.785498378127176
Mean: -3.461422573891422 min: -11.756388130128249 max: 2.272636563186333
Mean: -2.159176099258752 min: -11.19566132858196 max: 2.1196278333107186
Mean: -2.4510150022328014 min: -11.203632711197063 max: 1.777609010740574
Mean: -0.5420327853216989 min: -11.982494358546981 max: 1.4861195270507008
Mean: -2.304606754206006 min: -10.217682322463455 max: 1.4488890997870505
Mean: -0.22202523485965936 min: -11.185090526089489 max: 2.431402419209151
Mean: 0.7447922287723451 min: -0.4084386354066738 max: 1.7512941346709403
Mean: -3.4427894697755845 min: -11.839784495583807 max: 2.1142773609405636
Mean: 0.8623254991609819 min: -2.7142552013465018 max: 1.8052386309209216
Mean: -4.52531374224562 min: -12.876729881971482 max: 1.73129203414648
Mean: -2.4741777812910897 min: -11.052431485576447 max: 1.6943921225396434
Mean: -1.4865393018961637 min: -11.184616703090445 max: 1.7109577750389116
Mean: -4.952016861386278 min: -12.033929278814892 max: 1.817554679887349
Mean: -2.1279937239244515 min: -11.66392720474399 max: 1.8649007678260425
Mean: -3.6705754580394627 min: -12.176596523881603 max: 1.8547899608102865
Mean: -3.383005505393009 min: -11.613466129320923 max: 1.837944604646071
Mean: -4.691982899207764 min: -11.773408334457752 max: 2.579350936849661
Mean: -3.176567441758335 min: -11.472891665338242 max: 1.845251859165822
Mean: 0.5124501832982713 min: -8.227217076905541 max: 1.8414362715983352
Mean: -4.792119901787731 min: -11.46285458845076 max: 1.7948679454653502
Mean: -0.9445133611806064 min: -11.338758231653461 max: 1.8371215418996252
Mean: -0.8989016158912916 min: -11.483588689395193 max: 1.8143868885166219
Mean: -2.0534816549978894 min: -10.892003807208708 max: 1.7593375459955318
Mean: -4.337177864786582 min: -11.703991429988204 max: 1.9574649476875234
Mean: -10.895866685114813 min: -11.351103863049422 max: -10.788383479301693
Mean: -10.891681562611442 min: -11.612838626448376 max: -10.595454187386917
Mean: -11.087593018254186 min: -11.910299971856613 max: -10.55579357417319
Mean: -10.587313914622452 min: -10.745272616179971 max: -10.538924230837386
Mean: -10.699618519762115 min: -11.220335169693147 max: -10.55628781612087
Mean: -10.599903615591314 min: -10.788719653645718 max: -10.519268143533854
Mean: -10.616142213111681 min: -10.709001462417655 max: -10.545522017949013
Mean: -10.566377991777912 min: -10.786637194777342 max: -10.480144404619871
Mean: -10.595777023599505 min: -10.88880383408134 max: -10.522335828321674
Mean: -10.840233653093794 min: -11.649126287764151 max: -10.490521116423855
Mean: -10.624017638646457 min: -11.43875134613663 max: -10.487359633615862
Mean: -9.872242723444803 min: -11.445327018619578 max: -2.772374012522581
Mean: -7.595529576387873 min: -10.861639374900996 max: -2.770203809099404
Mean: -3.9956867807936733 min: -9.887035862644492 max: -2.7692857640947985
Mean: -2.8703825022466347 min: -3.7856813140360934 max: -2.721852675053817
Mean: -2.793891619286268 min: -3.239324005390831 max: -2.693228776988862
Mean: -2.7375964565867283 min: -2.8036094171545902 max: -2.698967498976177
Mean: -3.3948173113417575 min: -9.64570854964863 max: -2.493942453688899
Mean: -2.843691618193406 min: -4.354415950567747 max: -2.042033503748469
Mean: -3.0771876818553134 min: -11.486099036333373 max: -1.3228419448705473
Mean: -2.5380486216606193 min: -9.471841008528976 max: 0.04097366954975609
Mean: -1.6016153794266306 min: -2.341048009373056 max: -0.521821231504929
Mean: -3.2847464784897276 min: -9.59894434304112 max: 0.3419941234320862
Mean: -3.4123111041400827 min: -11.217655967987437 max: -0.25743781692028284
Mean: -4.838911874859151 min: -11.807235591702257 max: -0.0344248927880752
Mean: -3.7386353844977718 min: -10.010765557085298 max: 0.23646042556407024
Mean: -1.0166603780111145 min: -2.0070984099239078 max: 0.6041964947062828
Mean: 0.5094007251756599 min: -0.09334564800690257 max: 0.641129513582337
Mean: -0.6592402117931163 min: -11.749070826798166 max: 0.7327935622076842
Mean: 0.157462118899185 min: -2.0089878630008564 max: 0.8134071943968473
Mean: -0.4764898389402751 min: -2.895706394279442 max: 0.598645566655685
Mean: -0.907343392101018 min: -9.88668809661327 max: 0.9156610573081501
Mean: -2.4763446011303882 min: -10.898163288779223 max: 0.7908875198627863
Mean: -1.5609194854078017 min: -9.472144453459855 max: 0.8988664580673847
Mean: -2.8498561840194983 min: -11.219965400010267 max: 0.9899128664224862
Mean: -1.177496321739559 min: -10.032589290314604 max: 1.0968148446084054
Mean: -1.5538510116436075 min: -9.811467580850207 max: 0.9463457538920571
Mean: -1.6083952495532916 min: -11.147316310705703 max: 0.7760287551025808
Mean: -2.8453419910942896 min: -11.580927493329147 max: 0.7686335712393326
Mean: -3.8086792919246073 min: -11.871448528680569 max: 0.9499520357961004
Mean: -2.048500502832012 min: -12.07923003602881 max: 1.0586278735299637
Mean: -3.4488061463978594 min: -11.231234073776392 max: 1.2757371070601304
Mean: -1.4958526153703935 min: -11.99151294754101 max: 1.2079865704504187
Mean: -1.9629364731085395 min: -9.418052538967201 max: 1.2330773357468507
Mean: -3.3885998774549635 min: -11.944920811820706 max: 1.1715394568248176
Mean: -2.933162948818023 min: -9.887249711184621 max: 1.3105592965094017
Mean: -0.9780067324446786 min: -9.624944630727125 max: 1.2317635118739285
Mean: 0.10258054693391812 min: -1.55648376716947 max: 1.3019185158022206
Mean: -4.001288170757309 min: -11.519762789535722 max: 1.195682031268207
Mean: -1.7561168965574718 min: -11.310346855112291 max: 1.2959621202385836
Mean: -1.4318981075333421 min: -11.497700862976446 max: 1.2247059086289456
Mean: -2.447686574102316 min: -11.32319729838324 max: 1.2474135815483554
Mean: -3.3745431508182655 min: -10.779835573863707 max: 1.441909268977026
Mean: -0.4694819649897729 min: -10.577680778564376 max: 1.232977186381613
Mean: -3.2271190329547146 min: -9.831187253114141 max: 1.2430227086049286
Mean: -4.7544657218487245 min: -11.855992250992177 max: 1.2148165340185928
Mean: -2.778566102905022 min: -9.837569908769755 max: 1.2332197714978241
Mean: -1.3736106977057962 min: -9.617564440060356 max: 1.526976122457292
Mean: -0.5910613359083221 min: -9.858220549697798 max: 1.282769379229419
Mean: -1.2489318373051779 min: -10.627122738982974 max: 1.5595800152809771
Mean: -2.341202642610029 min: -9.771528087470932 max: 1.3616648050018527
Mean: -3.351455058788847 min: -10.042352124515915 max: 1.37844467219725
Mean: -0.8896448196115466 min: -9.384693253647953 max: 1.3770535180518306
Mean: -1.2698462543566063 min: -9.972354696100114 max: 1.3787225417749436
Mean: -1.4125375349344875 min: -11.37715516270266 max: 1.3768839005131805
Mean: -2.373401966750124 min: -11.219755306243933 max: 1.319984938193336
Mean: 0.04924108180149724 min: -10.019053815032022 max: 1.5507389889253955
Mean: 0.19164983118050175 min: -9.608518355132016 max: 1.6514416772775689
Mean: -2.383139710052473 min: -11.192420170019913 max: 1.5016180392975345
Mean: -0.06581686190246358 min: -9.40409203631435 max: 1.5518475067561481
Mean: -2.151268050124181 min: -11.18745862583873 max: 1.520959932575727
Mean: -0.9276382312486735 min: -9.835498060356226 max: 1.5552138553617958
Mean: -1.3036289782271957 min: -11.288424505106683 max: 1.4524310071626683
Mean: -2.905612553359475 min: -9.87676054580441 max: 1.646670566372439
Mean: -2.0486379163165473 min: -10.957646633470507 max: 1.7414777168012967
Mean: -1.7977366233228183 min: -9.85375076123482 max: 1.6560017732757186
Mean: -0.8936731643632514 min: -9.755900446277622 max: 1.5942774496195775
Mean: 0.026551631822074186 min: -9.473723800544164 max: 1.562600400959393
Mean: -3.969341786804667 min: -9.912015606584475 max: 1.9943033050112433
Mean: -4.0365097609947345 min: -10.043316347848705 max: 1.6335835660159894
Mean: -1.2688583022506275 min: -9.633640800610607 max: 1.52006900294929
Mean: -4.182885711702359 min: -11.868324771938164 max: 1.558073188508212
Mean: -1.784864728272226 min: -9.729374969146583 max: 1.586294973952222
Mean: -1.0884993958413562 min: -9.738314324445307 max: 1.6234553432735548
Mean: -1.412041641296307 min: -10.078785044504638 max: 1.569317588378139
Mean: -1.8939367494407917 min: -11.378683862012222 max: 1.5594508231471875
Mean: -0.9035928254109045 min: -10.050179169020351 max: 1.6018608768886873
Mean: -0.2493553614883365 min: -9.79840491812629 max: 1.4884752450916736
Mean: -3.2214865916828663 min: -10.682173642020162 max: 1.5536501313920934
Mean: -0.9764895747684266 min: -9.741532504091849 max: 1.567772068245335
Mean: -1.2549947897961609 min: -9.747519909394631 max: 1.7194778510979682
Mean: -1.9774471566674916 min: -10.047968305523469 max: 1.617461544296173
Mean: -2.425627326015607 min: -11.776976618608401 max: 1.5875218991673856
Mean: -0.9188938190771413 min: -10.052687123528543 max: 1.5688859946911515
Mean: -0.7751055304793217 min: -9.950332520605167 max: 1.6339444917989605
Mean: -2.6344414223823818 min: -11.912050587111434 max: 1.5667293326219667
Mean: -1.959382550049866 min: -9.786021567234616 max: 1.4675255587795546
Mean: 0.12205080974235372 min: -9.509747583462358 max: 1.6719517891711257
Mean: -4.3624050137781385 min: -10.183977715491029 max: 1.6329274827547302
Mean: -1.4149958120267538 min: -11.429800977098207 max: 1.5228592299901378
Mean: 0.3416296513983884 min: -9.705842529319094 max: 1.6558176072960527
Mean: -3.713156073232889 min: -11.304442387872404 max: 1.7381138460271084
Mean: -4.277598835221681 min: -10.239451403375114 max: 1.6335824114805662
Mean: -2.3858482745118748 min: -9.739553591538336 max: 1.3099470204403165
Mean: -2.1654653451242982 min: -9.918117731267209 max: 1.9203130759815548
Mean: -4.59850210601073 min: -11.434007148120134 max: 1.4063637338345898
Mean: -3.4059545536004316 min: -11.352311966186775 max: 1.3376310226420796
Mean: -0.03233311118355839 min: -9.520771771622119 max: 1.3224965105409445
Mean: -1.198617733620714 min: -11.826388561780817 max: 1.3300623152794708
Mean: -3.4080090044624085 min: -10.048650714765275 max: 1.3321997953473073
Mean: -1.2595003385684693 min: -11.398870147554547 max: 1.36345815306435
Mean: -0.13541150429416343 min: -9.82864639138432 max: 1.3507212690137902
Mean: -2.4801200776450507 min: -9.822068390091593 max: 1.3327810087222949
Mean: -2.4544640580111374 min: -11.431696834361173 max: 1.3703261565018003
Mean: -2.5018505146247643 min: -10.740566142197192 max: 1.3805909720625191
Mean: -0.947101745154282 min: -10.825643293470396 max: 1.5124157438485177
Mean: 1.1006320169915744 min: 0.42909585825195595 max: 1.3825108300469038
Mean: -4.549919056605007 min: -11.269898640195418 max: 1.377907135660883
Mean: 0.14930352217930146 min: -10.046687588719626 max: 1.367143229469769
Mean: -4.143112866976801 min: -9.835471047433462 max: 1.3672692991736393
Mean: -1.4399395519958627 min: -9.653149143459165 max: 1.3288335100574888
Mean: -0.11384360083831932 min: -9.822341837521991 max: 1.3398274401145933
Mean: -4.943703244153123 min: -9.916171296693774 max: 1.288756785504321
Mean: -3.2773137968681505 min: -11.310385448493378 max: 1.3103120977611198
Mean: -1.0083416663635973 min: -9.870582244357584 max: 1.3377711355187378
Mean: -0.004463354649882167 min: -9.396681434112136 max: 1.3683262468143023
Mean: -1.077683563740352 min: -9.311297937010918 max: 1.3634848666760775
Mean: -2.1558519999573607 min: -11.018225604159552 max: 1.366191210024221
Mean: -0.8996669680313591 min: -9.635009998600985 max: 1.3737554791821514
Mean: -1.0957876993161384 min: -9.755652675213573 max: 1.37561003398388
Mean: -2.1057935540918953 min: -11.928839734816595 max: 1.5918736775321243
Mean: -0.8739348084923886 min: -9.857808988516435 max: 1.4675400204549427
Mean: -3.3116455370054787 min: -11.083890133556247 max: 1.639127284258017
Mean: -2.2177396697422074 min: -11.249179609598887 max: 1.492936801729839
Mean: -3.8615722479703805 min: -10.055095521929715 max: 1.6278741557180798
Mean: -2.485182018896791 min: -11.342018916672 max: 1.3811620085832872
Mean: -1.8292644003663294 min: -11.726023029826912 max: 1.6816131429733003
Mean: -1.3492785097200317 min: -9.894613100508156 max: 1.3240671926364647
Mean: -4.471326778532179 min: -11.270680143500927 max: 1.4347192525597912
Mean: -0.9314818150019446 min: -9.820896365679108 max: 1.4808786380580012
Mean: -2.362837158954016 min: -11.494175059902007 max: 1.5831608584507353
Mean: -2.4837074276909306 min: -11.745065756454945 max: 1.6758380575993999
Mean: -0.7184429212184765 min: -9.909314217056261 max: 1.2907447020107217
Mean: -0.4293008280820404 min: -9.71561802755609 max: 1.3119888136786382
Mean: -1.5768055203832252 min: -9.69029409426495 max: 1.4836498068978075
Mean: -1.5626403487156786 min: -10.43488142251459 max: 1.6434164404337794
Mean: -0.020788328343709472 min: -10.051289168471678 max: 1.6493059072671896
Mean: -0.9857301148905575 min: -11.787715184518762 max: 1.6281065946791862
Mean: -1.5558016094876916 min: -9.36616828895059 max: 1.737193912011874
Mean: -0.11952343281461242 min: -10.032265663036481 max: 1.7342016298939789
Mean: -3.785519227394075 min: -10.060546029368416 max: 1.6341541032383697
Mean: 0.2832947116115272 min: -4.611163715673748 max: 1.3338915304347256
Mean: -0.18317875095456476 min: -9.185568819156227 max: 1.515154993562562
Mean: -1.3715113697770676 min: -9.432301384728547 max: 1.3067442596177958
Mean: -1.9999664792814371 min: -9.338282464517107 max: 1.4208899819986556
Mean: 0.5977407576286987 min: -1.6607170071375834 max: 1.599836080448463
Mean: 1.0476935573537216 min: -1.6033343694753306 max: 1.5086542293031855
Mean: -0.9953344741823343 min: -9.854659487113015 max: 1.4199760031757354
Mean: 0.2989484263896396 min: -8.903156871392131 max: 1.5708803390488608
Mean: 0.0036787965266164234 min: -9.407779245226644 max: 1.3618725145044541
Mean: -0.23901616535601855 min: -9.807451057052393 max: 1.344289873652758
Mean: -1.2916470881895286 min: -11.73955145621877 max: 1.5639848984400722
Mean: -1.8489622334226627 min: -9.721502617594382 max: 1.5434966667787153
Mean: 0.2228822417241843 min: -9.203396338790967 max: 1.5592387960050966
Mean: -0.5797797364833797 min: -9.91755656034797 max: 1.6395210035418637
Mean: -2.6014515751846043 min: -11.480207816098863 max: 1.5255699481076759
Mean: -0.37993623187000125 min: -11.75995202304376 max: 1.509628639847284
Mean: -2.7922132764738667 min: -10.21233270318623 max: 1.6214577688700977
Mean: -2.2362352611930785 min: -11.484030625398406 max: 1.5195368385764743
Mean: -0.9370967032947227 min: -9.862255497274042 max: 1.309274400283827
Mean: -1.1400133982324276 min: -11.58316571218458 max: 1.3065005290766665
Mean: 0.6001910355311973 min: -1.5267821898097342 max: 1.3399752852441176
Mean: -1.16385359159376 min: -11.764904726286067 max: 1.3609369749635347
Mean: -2.050950717153865 min: -11.180262874417927 max: 1.3167656790095663
Mean: -1.3946358732376938 min: -10.01948946433446 max: 1.2971069454162854
Mean: 0.014639366239956852 min: -11.446070782832164 max: 1.3468948503213727
Mean: 1.2930033498513265 min: 1.211581857243131 max: 1.3480627965425556
Mean: -1.2273667896226566 min: -10.17492777131667 max: 1.3539410710395443
Mean: -1.3347901378512015 min: -11.249241759982098 max: 1.352470441880643
Mean: -1.299018778515691 min: -11.717057135333462 max: 1.3307189001455673
Mean: 6.041484698693367e-06 min: -9.1946170751467 max: 1.4106241937671318
Mean: 0.0024721443479474247 min: -9.706685682029638 max: 1.5971360528723038
Mean: -2.2298028019866516 min: -11.266910039368387 max: 1.6609930512689741
Mean: -1.093352122725007 min: -11.766342441122587 max: 1.477537241174858
Mean: 0.12283837576322335 min: -11.14643245027617 max: 1.6030679186988548
Mean: -2.507010366944474 min: -11.38547444059756 max: 1.5786359293393102
Mean: -3.137993673902572 min: -10.04219571951727 max: 1.54053194287236
Mean: -1.8318267463413207 min: -9.986712750317405 max: 1.6776726238296134
Mean: -2.1362624374974826 min: -11.750160447724536 max: 1.5843665529468995
Mean: -3.777959907312637 min: -9.250233174185032 max: 1.4697362019695646
Mean: -0.9995938209998446 min: -9.606427354993755 max: 1.5246824833277006
Mean: -1.5479634573412402 min: -11.750543043811627 max: 1.5613810113339932
Mean: -1.1791576331257427 min: -10.091938364556974 max: 1.4957036439351887
Mean: -2.2630998398600255 min: -11.468832514971332 max: 1.55178561418148
Mean: -0.275322052846379 min: -9.365906216640216 max: 1.505395775720671
Mean: -3.2458183995157612 min: -10.040029680321174 max: 1.056251758773938
Mean: -0.16071818223578666 min: -9.393443570944333 max: 1.4840538196025477
Mean: -3.0489586813235015 min: -9.973237328965915 max: 1.2937874965372897
Mean: -1.8913203021522205 min: -10.115657181780954 max: 1.4600883221866021
Mean: -1.410398043252345 min: -11.406410556660514 max: 1.1213916839364086
Mean: 0.15069911289347732 min: -8.270800260931768 max: 1.595788492428837
Mean: -3.8099474861783618 min: -11.772631114074287 max: 1.601196263449042
Mean: -0.055003853283390323 min: -11.454207659107148 max: 1.4999108758450341
Mean: -4.711644939459639 min: -11.690292473370034 max: 1.0536135701141756
Mean: -2.318955987190748 min: -10.018836020423066 max: 1.3139245414876524
Mean: -0.19289984282555422 min: -8.73504911479205 max: 1.2914222545057439
Mean: -1.2137157478331784 min: -11.758784568354768 max: 1.3575268121693282
Mean: -2.3188906749236047 min: -9.629795778568297 max: 1.3306069678258814
Mean: -0.2526851457239607 min: -9.244450804582339 max: 1.3047451695737173
Mean: -4.480219803781107 min: -11.125595818665289 max: 1.2601131372270171
Mean: -0.8415008949891959 min: -10.20699865234873 max: 1.8037988173925548
Mean: -4.4683307771571785 min: -10.193505843179544 max: 1.3309694269747154
Mean: -0.3120051133643706 min: -9.202151650526629 max: 1.6748728712745904
Mean: -1.754485991811702 min: -9.840943549236377 max: 1.8199141579664677
Mean: -1.216073277744363 min: -10.024504427945702 max: 1.7688331709739966
Mean: -2.3738889707076236 min: -11.499652507886637 max: 1.7816059067881576
Mean: -1.0113617714521033 min: -9.965797294190894 max: 1.5688797839410957
Mean: -1.8323529368888516 min: -10.07248660199785 max: 1.5898829429807377
Mean: -2.0532372323435673 min: -9.260346529975862 max: 1.4828665356891881
Mean: -0.3854155200899438 min: -8.22862159900425 max: 1.626061661156307
Mean: -1.885620661941287 min: -10.321623879558793 max: 1.7579172942443764
Mean: -1.9328572149077856 min: -10.001374520748481 max: 1.5610287430661838
Mean: -1.1714446842636697 min: -9.367945907377328 max: 1.4614522511792196
Mean: -1.0241610046220417 min: -10.064715065787011 max: 1.765007255803188
Mean: -2.3904549289577166 min: -11.363542733667892 max: 1.380013679139252
Mean: -1.1337049895458118 min: -10.092768168823872 max: 1.5015484582371867
Mean: -2.450153248925571 min: -10.871341086519848 max: 1.704973150737982
Mean: -0.6516212117859868 min: -10.083356280936389 max: 1.594053893746905
Mean: -0.6198374231929902 min: -9.428205200669915 max: 1.7191012208550822
Mean: -0.3840642683720697 min: -10.206845379498041 max: 1.6860989335559535
Mean: 0.4265438082105656 min: -2.054043611017003 max: 1.8001065056778447
Mean: 1.094547141135088 min: -1.1426714954942248 max: 1.662249930263985
Mean: -1.1538384512070647 min: -10.688816474162628 max: 1.6591326518990315
Mean: -0.7379399668808599 min: -10.043211388808032 max: 1.832266512688989
Mean: 0.47413182718760744 min: -2.316835374385006 max: 1.5929783126810584
Mean: 0.23336684564281213 min: -1.456439837397734 max: 1.6749712913030173
Mean: -1.6369684831614193 min: -7.861496267386501 max: 1.5250375817906772
Mean: -1.6573021218552308 min: -11.514541069616689 max: 1.6907116998844902
Mean: -3.115913932099519 min: -12.144871764210002 max: 1.458487786807835
Mean: -0.540962383846402 min: -9.715108584508513 max: 1.490417895780982
Mean: -2.953379970136787 min: -10.741382233258317 max: 1.6470954193256737
Mean: -4.288896490769391 min: -10.110743982980678 max: 1.3313468969916757
Mean: -1.885955868731227 min: -9.771601529085235 max: 1.4341866685347748
Mean: -2.4966119534458997 min: -11.452417721475713 max: 1.4718070956151623
Mean: -2.1299854108176524 min: -10.220531168322106 max: 1.5010988558345453
Mean: -0.37724311587955783 min: -11.00829637629538 max: 1.527098922389094
Mean: -0.014369362262039087 min: -9.333915057810186 max: 1.4794829781850518
Mean: -1.2540291385483688 min: -9.5558217225943 max: 1.4966022587936063
Mean: -0.038034487946547554 min: -9.714437544499756 max: 1.5136482921779963
Mean: -2.4860206567362804 min: -10.490509670701371 max: 1.5082714326449256
Mean: -2.7212474693564 min: -11.677756236642475 max: 1.4622271370279925
Mean: 0.31020055487260334 min: -9.89118206294817 max: 1.770561171249227
Mean: -2.3133899599789265 min: -11.268086820995126 max: 1.510485388427021
Mean: -4.214904971877045 min: -10.114446813740457 max: 1.5521584143944624
Mean: -0.32005081104995287 min: -9.829354521269657 max: 1.4615642158883178
Mean: -1.117467267270941 min: -10.942513386260128 max: 1.4702819083504255
Mean: -3.648532702201372 min: -12.235932913537876 max: 1.5009720142040492
Mean: 0.6759785866638547 min: -1.410820060130671 max: 1.6676717458169115
Mean: -1.1450331614056897 min: -9.527242853499926 max: 1.4889955405158621
Mean: -3.4558489549546914 min: -10.813711243497815 max: 1.6873333205583925
Mean: -1.8030527888290877 min: -9.601858550240491 max: 1.447111060542108
Mean: 0.41402797931164353 min: -8.968947103021483 max: 1.804796682211316
Mean: -0.4912819890523026 min: -11.70863971782631 max: 1.5719587322178739
Mean: -2.6191481697334464 min: -11.015244588447416 max: 1.579983453450583
Mean: -3.334793496888321 min: -11.496606259326837 max: 1.7527467888697945
Mean: -2.782947524259098 min: -9.903954515134108 max: 2.0545996989246897
Mean: -2.6421067063042907 min: -11.599032421049104 max: 1.4836493184165152
Mean: -1.6564528831642804 min: -10.960902728904733 max: 1.4951968677146228
Mean: -2.2483079316896517 min: -10.668181640449601 max: 1.4119294309259824
Mean: -3.611558960954219 min: -11.64666145027383 max: 1.5484479796878616
Mean: -1.5117594111675077 min: -11.990292952514835 max: 1.5203331244058185
Mean: 0.5521651725955617 min: -1.876876348333103 max: 1.4829133220277275
Mean: 0.05468829971883717 min: -9.129643311386943 max: 1.5007415311165846
Mean: -1.969531521431012 min: -10.99283352837156 max: 1.670065717000355
Mean: -0.7916040065448502 min: -10.023848677646722 max: 1.5503162642163417
Mean: 0.2164773765866236 min: -9.216767191887152 max: 1.6538444026747257
Mean: -0.7305453225343981 min: -8.889129991832695 max: 1.9149341175155803
Mean: 0.16311116912048043 min: -9.195432807443042 max: 1.7641126049992766
Mean: -3.232454727748594 min: -11.90855995011786 max: 1.5555963626846319
Mean: -0.5297976509791938 min: -9.847031672890857 max: 1.508417584638127
Mean: -1.117073636999536 min: -9.200973477856628 max: 1.7631143820336403
Mean: -2.5914721415411064 min: -11.324131050119735 max: 1.6552311392029986
Mean: -1.2029356427556046 min: -9.439458159478642 max: 1.568288985827275
Mean: -3.5831095763664726 min: -10.520189199711796 max: 1.5203124351365087
Mean: -1.9868758594558664 min: -9.936363838611923 max: 2.2361563573408194
Mean: -1.5354238841226522 min: -11.47463320327908 max: 1.7696841084834258
Mean: -1.8425875805248695 min: -11.10482489234401 max: 1.8259494174025914
Mean: -4.9072795007116925 min: -11.327613846185384 max: 1.712185525646909
Mean: -1.8006577621036821 min: -10.353901682900947 max: 1.7675846593055446
Mean: -2.450146912362593 min: -8.881774404998689 max: 1.6911571315859797
Mean: -4.031877346147068 min: -9.764229495598954 max: 1.6385926206271528
Mean: -1.3831346753892042 min: -11.156235037704556 max: 1.9577662484273783
Mean: -0.9465929894093381 min: -10.809822316929305 max: 1.6992340395862067
Mean: -1.3362636862882233 min: -11.701768132656026 max: 1.7718666143179944
Mean: -4.518824428917628 min: -10.130140550369841 max: 1.6050141184149966
Mean: -2.369894338689037 min: -11.627760049210302 max: 2.0221986836339423
Mean: -3.170779575441382 min: -11.602945188767475 max: 1.6404078341504371
Mean: -4.423834570884575 min: -10.487473631690513 max: 2.129038649816859
Mean: -5.89515617765073 min: -12.343555583380004 max: 1.5183199782303756
Mean: -1.397483178205862 min: -9.329022249710611 max: 1.7317019257104627
Mean: -4.184292881996144 min: -11.745259607078637 max: 1.7714963143791318
Mean: -0.9541021809712799 min: -10.871336439448859 max: 1.893538902952498
Mean: -3.1029533378211687 min: -12.147387127544997 max: 1.6451190230273052
Mean: -1.0090478259165545 min: -9.621123798518752 max: 1.630218411036227
Mean: -7.236446622500128 min: -11.338446498271708 max: 1.6874833145632324
Mean: -3.0172818374182664 min: -10.502372146294626 max: 1.5991424091005337
Mean: -2.4120482690572302 min: -10.107551795442056 max: 1.7502716669257143
Mean: -0.9316563187502183 min: -9.225467528931972 max: 1.6643258906461724
Mean: -2.3766736957798544 min: -11.202975285903676 max: 1.6956080524546957
Mean: -2.900779915416509 min: -11.70605456535096 max: 1.674599692190345
Mean: -6.0716061247138855 min: -10.65931027139627 max: 1.6013774879007792
Mean: -2.735158525891511 min: -10.483001191734033 max: 1.739442450591339
Mean: -5.660650196953146 min: -12.077595170681613 max: 1.6086106183585238
Mean: -1.9729062466220122 min: -9.372214311653156 max: 1.893789391926937
Mean: -7.5035658076752245 min: -11.641679330051511 max: 1.4833937485854702
Mean: -3.459716424694688 min: -10.226159453951453 max: 1.6231312168920422
Mean: -2.4473101936221453 min: -11.93202402688367 max: 1.7952332352924325
Mean: -1.5684846146246632 min: -11.735284833029892 max: 1.855311547313963
Mean: -2.157740274955446 min: -9.407693464527883 max: 1.8272568365594568
Mean: -2.944688625111166 min: -11.751090703919054 max: 1.9440105430490495
Mean: -3.8179255578816984 min: -10.781111147771972 max: 1.5715773600435117
Mean: -4.1986105467926915 min: -10.490346347299017 max: 1.877591380128724
Mean: -2.923118850355622 min: -10.603699872789937 max: 1.8350087495342255
Mean: -3.830289042344531 min: -11.769708726244243 max: 1.3207057405532365
Mean: -5.306845573661469 min: -11.680385822289356 max: 1.4311644827949486
Mean: -1.2774259596829212 min: -9.246559534869057 max: 1.4494461739148867
Mean: -1.1213774747548715 min: -8.806590291118447 max: 1.8323820631397736
Mean: -1.940764864516953 min: -10.82831643387905 max: 1.6899066064098198
Mean: -2.9129391571557184 min: -10.871316066879693 max: 1.4956462551599812
Mean: -5.749079502372121 min: -11.897311406061053 max: 1.2815451061421725
Mean: -3.2135714527218497 min: -9.989552228599008 max: 1.261687698072014
Mean: 0.1365044489981189 min: -10.712054768881384 max: 1.5688301103313822
Mean: -1.1361960858633455 min: -6.886618167059523 max: 1.4247071450648812
Mean: -4.7161229106621505 min: -11.377116028204942 max: 1.4054484141966952
Mean: -2.4066401929791628 min: -9.942782386916901 max: 1.7509690629385208
Mean: -1.8710195962649507 min: -10.831998585245717 max: 1.7754011473395432
Mean: -3.052994461019216 min: -10.86851822421667 max: 1.5501955239272998
Mean: -0.8002670252319423 min: -9.327298846584219 max: 1.7519744924361715
Mean: -3.7296127512463797 min: -11.608024475612785 max: 1.7462852187873439
Mean: -4.6151728153835325 min: -11.679428765189222 max: 1.3001456597994419
Mean: -3.5169935518128135 min: -11.18396142594269 max: 1.37162592361321
Mean: -1.1554464977580845 min: -11.44266433411195 max: 1.7362234025072147
Mean: -1.9353509987353228 min: -10.198240311989625 max: 1.7989114862630007
Mean: -1.0194482303181016 min: -9.068488543055025 max: 1.8245605661952013
Mean: -3.3229576583713354 min: -11.702314556357642 max: 1.5657796038408929
Mean: -3.1074312203076064 min: -10.442374375204073 max: 1.8665231074724387
Mean: -2.093323675791074 min: -10.98775695379246 max: 1.4568374433167617
Mean: -2.9563595839431906 min: -10.114701704545988 max: 1.821084600822206
Mean: -5.9916359379515285 min: -11.645481203519825 max: 1.4298253289478067
Mean: -2.731168671799031 min: -10.754224409905287 max: 1.709555302840488
Mean: -6.285828963887569 min: -10.065509650288696 max: 1.3642179841484277
Mean: -2.8771998484817827 min: -11.165310301465736 max: 1.8503472613856848
Mean: -3.1703766604927592 min: -9.23726052423992 max: 1.861218358440743
Mean: -4.855297081143834 min: -9.987596191299716 max: 2.1455106724525153
Mean: -5.061439754388432 min: -9.750938631479922 max: 1.3503462857496764
Mean: -3.848568793907355 min: -11.540365962576892 max: 1.8932919360233753
Mean: -4.582349312194098 min: -10.3367979592553 max: 1.7769025184226
Mean: -3.806407359248426 min: -10.482742891071096 max: 1.4924853062878203
Mean: -4.064313488378729 min: -12.198763164254155 max: 1.724008506387706
Mean: -5.546897070075334 min: -10.79547610048226 max: 2.0937404481519137
Mean: -2.2406833734233955 min: -11.156521883254747 max: 1.7505571271638987
Mean: -2.5369971446140385 min: -10.279160383542155 max: 1.8819390234498259
Mean: -6.572196616420351 min: -9.248030469655646 max: 1.6459149168439313
Mean: -2.345310549018977 min: -11.550152503018788 max: 2.1102578405683197
Mean: -4.999181052534972 min: -10.217083486002252 max: 1.563853137524551
Mean: -2.285689514221658 min: -11.596740703460178 max: 2.421297650251526
Mean: -4.916990372025392 min: -10.31130079166704 max: 1.8123662949645714
Mean: -4.263845765200304 min: -9.897378669887276 max: 1.989640130953378
Mean: -6.227777618784847 min: -11.363520710543394 max: 1.417683780534665
Mean: -2.9642136227567963 min: -11.341022157896802 max: 1.875760004419091
Mean: -2.8806217886804992 min: -9.605879097811423 max: 1.6420465845097931
Mean: -3.5747173929671154 min: -10.819394796794711 max: 2.3664682101824432
Mean: -3.7422209490568874 min: -11.243309048706978 max: 1.4599142962231806
Mean: -3.9261260599386723 min: -10.232030786537594 max: 1.528590476906465
Mean: -4.50562257409974 min: -11.949104640248542 max: 1.4440093896543558
Mean: -4.238293860080342 min: -11.790039762136372 max: 2.0540320187405823
Mean: -5.525407840726716 min: -11.974434993765223 max: 1.4731486824349038
Mean: -3.1134548847780588 min: -9.771988539583132 max: 1.8220496090858915
Mean: -4.341220615760394 min: -10.991524990324503 max: 1.436735279308823
Mean: -4.992618932587563 min: -11.857475450576974 max: 2.0216704701314767
Mean: -5.699253928191855 min: -11.323950789048917 max: 1.7509016265360227
Mean: -3.1329658946325254 min: -9.867285060545816 max: 1.4876101058191784
Mean: -1.0752159017204383 min: -11.731103797327918 max: 1.8749009364586604
Mean: -0.5432887479935589 min: -8.301672266939034 max: 1.5044691173429263
Mean: -0.9213667754351077 min: -10.888128531409944 max: 2.878482689180401
Mean: -0.4217583124139316 min: -10.704862750292433 max: 1.8800616859244987
Mean: 0.3423863910411656 min: -4.880137621723315 max: 1.6368459030499676
Mean: -4.544636685795352 min: -11.636207914484812 max: 2.2496629720097276
Mean: -3.496938651981896 min: -11.372393812697467 max: 1.9020031869044094
Mean: -4.26178631208222 min: -12.303532066346236 max: 2.0926033255785548
Mean: -2.2720129544552443 min: -9.95607027831634 max: 1.7255115424368928
Mean: -1.8435468979784815 min: -11.159045348777063 max: 1.7434214201228002
Mean: -4.388756130525232 min: -11.60840445439349 max: 1.9625145427661326
Mean: -1.1177874750935208 min: -11.32452613127664 max: 1.5999206214762438
Mean: -1.9710777156092423 min: -10.004314300610629 max: 1.9225391892209494
Mean: -0.6092752267041035 min: -9.928735655873004 max: 2.1037052198132455
Mean: -0.651254234019133 min: -9.524743947286279 max: 2.0225222801604636
Mean: 0.17239846285000285 min: -11.081858917339263 max: 1.6528640750839387
Mean: -2.5255030185554506 min: -9.131991084449291 max: 1.5524312091452661
Mean: -0.9619326956154565 min: -9.425401533263301 max: 1.8434038034454905
Mean: -1.3407849084300096 min: -10.085671151037753 max: 1.7916536363361895
Mean: -4.821673544521485 min: -10.571843442349243 max: 1.6097253048405846
Mean: -3.971604901128033 min: -11.341878284748084 max: 2.210430770200611
Mean: -2.031926112276149 min: -10.51540220981888 max: 1.9937529035647839
Mean: -3.1078212943080223 min: -11.298756305128784 max: 1.4678795208371087
Mean: 0.30383060884251406 min: -11.450546086652967 max: 2.200468162706551
Mean: -3.119201633472223 min: -11.760660279966407 max: 1.826038747321363
Mean: 0.20511300697235937 min: -9.986354890388023 max: 1.5838074945331297
Mean: 0.21276868769145132 min: -9.437024076745939 max: 1.6595028690335762
Mean: -5.6828962238019685 min: -11.495092700281166 max: 1.4691369586788203
Mean: -2.7595358269803674 min: -11.801806118793476 max: 1.6552287001750348
Mean: -2.3665487016171163 min: -11.132986493614563 max: 1.492860533664812
Mean: -2.3461835112674168 min: -10.440982862888726 max: 1.8904173414600778
Mean: -2.1010221156224693 min: -10.909459423096044 max: 1.5597009155879729
Mean: -1.425967036647709 min: -11.606284019594682 max: 1.5912102353201534
Mean: 0.22027460420092443 min: -7.540193182391821 max: 1.7210765771713357
Mean: -0.4404730838211667 min: -11.799363661257162 max: 1.6314214496046218
Mean: 0.34758836634327234 min: -10.268713554266904 max: 1.7619584449419508
Mean: -3.087984524839257 min: -11.078536029615998 max: 1.607087405446696
Mean: -2.182042157808696 min: -11.11692987572974 max: 2.157988367405198
Mean: -4.480996283371882 min: -13.67078677041577 max: 1.8777859753671897
Mean: -2.8696151467138233 min: -9.711069162086668 max: 2.7307116227750603
Mean: -0.6000599512907994 min: -9.221205525060181 max: 1.7933563961764116
Mean: 0.053365409742175754 min: -10.51618082398828 max: 1.5120653846977923
Mean: -4.440923756788379 min: -11.68532980570835 max: 1.5404400062855632
Mean: -5.026144717710278 min: -11.331411043956331 max: 1.5201621531993732
Mean: -1.827002896335254 min: -10.23692518374914 max: 1.7285701507527924
Mean: -3.9896999320396183 min: -11.203744542109966 max: 1.663051157422739
Mean: -1.8212033111675343 min: -11.368144112637284 max: 1.6378819918681498
Mean: -2.4289628947434085 min: -10.634421200816114 max: 1.5427250596500417
Mean: -3.1389607552669485 min: -10.342093012306217 max: 1.7438529863540566
Mean: -4.98452849181712 min: -10.824488288891443 max: 1.5926469122894427
Mean: -1.9674095835167011 min: -9.839971468967383 max: 2.0141071004734
Mean: -1.5435418652246091 min: -10.589781834312822 max: 2.8875212835216812
Mean: -0.7496295634865471 min: -10.007760193023588 max: 1.8483937203787424
Mean: -3.5473822607166 min: -11.450739483059266 max: 1.6087762420835054
Mean: 0.37305425080838306 min: -9.23270315817459 max: 1.5512919944734065
Mean: -4.4524435620622445 min: -11.366357826430878 max: 1.7489587450158723
Mean: -1.9830431315330372 min: -11.122308774167735 max: 1.7749424228413109
Mean: -4.175651095278568 min: -11.809996728666686 max: 1.9026527298027642
Mean: -0.6236861573892828 min: -10.233694477890026 max: 2.4005230522890044
Mean: -3.6310929077469467 min: -11.95289439849559 max: 1.785429007611097
Mean: -2.1073841642365805 min: -11.645332903029937 max: 1.6157518590671889
Mean: -0.8378914655957846 min: -10.031350006328006 max: 1.7446622261366973
Mean: -4.371046691868519 min: -11.20883711510555 max: 1.6215249046056717
Mean: -2.9136124565595707 min: -10.002885783131362 max: 1.509059806760169
Mean: -2.00090276215518 min: -10.331507844584106 max: 1.6302449457800792
Mean: -3.2094959691631084 min: -11.423118984401661 max: 1.871737957661713
Mean: -4.070061608330183 min: -10.836267176049564 max: 1.6037950374014207
Mean: -1.9263458781849547 min: -9.874243788823312 max: 1.6102660753735527
Mean: -4.689685977364444 min: -10.61446173726581 max: 1.4184225476428425
Mean: -2.3750373358007453 min: -11.719676774843037 max: 1.4588228941853039
Mean: -3.428192163634835 min: -8.571768956465034 max: 1.5965791939107659
Mean: -1.8773097691959477 min: -11.538731528113983 max: 1.4414811563839405
Mean: -3.7339261121756664 min: -12.818753551547033 max: 1.470081690160325
Mean: -0.8547775295820355 min: -10.254484388656198 max: 1.9248346024510465
Mean: -4.653316785669732 min: -10.043501854924857 max: 1.4408054255736735
Mean: -0.7162118482752107 min: -10.702637077261446 max: 1.9386276127466082
Mean: -1.1561357884359105 min: -11.807763122058354 max: 1.6321254973776271
Mean: -3.4828314237270375 min: -11.560142487430099 max: 1.6143448658962425
Mean: -2.9233422512522638 min: -9.328236367516267 max: 1.4336761621560683
Mean: -0.6495019359261492 min: -9.198579633398912 max: 1.732459281998412
Mean: -4.134661383816325 min: -10.073100912782483 max: 1.460527566931754
Mean: -2.169967502088832 min: -10.988921674941757 max: 1.413267198640844
Mean: 0.30148744245864806 min: -8.117352255357046 max: 1.6182579749125316
Mean: -2.0637243466574136 min: -10.653532722542309 max: 3.1350699318336965
Mean: -2.58950206525117 min: -11.564161343999642 max: 2.822434431216769
Mean: -3.4036022638036187 min: -11.181060337295818 max: 1.4713079425183457
Mean: -2.1999730319952078 min: -11.465048577888314 max: 1.6063927985968485
Mean: -2.35853453844261 min: -12.435990579789815 max: 2.5073636790173266
Mean: -2.300470493088527 min: -12.049480609806952 max: 1.8727491957452898
Mean: -0.3753513408525119 min: -11.142796845569782 max: 1.413669132539497
Mean: -2.7922449383172614 min: -11.370022493443141 max: 1.9950403293633874
Mean: -3.96645165337045 min: -11.499700475533887 max: 1.3708331092954713
Mean: -5.5932161289921725 min: -10.50156962016825 max: 1.8776191032058855
Mean: -0.8753132352488043 min: -9.94487956780577 max: 1.4372578066862316
Mean: -3.2260285403283673 min: -10.209381304113567 max: 1.4485310234024884
Mean: -4.89214505283535 min: -11.773682587634529 max: 1.8770274529974467
Mean: -3.9097269419353715 min: -10.939348643096315 max: 1.3875060022961605
Mean: -4.574598393407486 min: -11.165162954394333 max: 1.4025881418785884
Mean: -4.4071278439985715 min: -11.614552376016789 max: 1.4273739799577179
Mean: -4.798654667316879 min: -10.776596207592219 max: 1.4342281928416516
Mean: -4.262813019062612 min: -11.01768436690157 max: 1.7684091156294008
Mean: -1.8981106417411273 min: -11.796801029977024 max: 1.519694797661235
Mean: -4.658092526110726 min: -12.114065837258394 max: 1.5262639496843016
Mean: -7.39291492781003 min: -11.739462926321831 max: 1.4424868724166142
Mean: -3.217625231795187 min: -11.189217149688966 max: 1.5102536031897247
Mean: -3.1789986560896777 min: -11.376232866327278 max: 1.4780621669314875
Mean: -1.8613433201831058 min: -10.300517883196232 max: 1.4539388165701028
Mean: -0.22197009955149277 min: -9.370462868145744 max: 2.343114009897323
Mean: -3.972175484868649 min: -9.780091566109798 max: 2.022840985848756
Mean: -1.2616899154230756 min: -11.398376609304831 max: 1.4813578363209199
Mean: -2.6424603649779432 min: -11.692426619694215 max: 1.561202110588125
Mean: 1.0067492380948317 min: -1.0392143973428383 max: 1.4707977834609458
Mean: -0.24799132293904477 min: -10.812920401095413 max: 1.454389145568682
Mean: -1.233221135664761 min: -11.37832560894135 max: 1.4836309564520762
Mean: -2.0954850623612318 min: -11.104210830902964 max: 1.4976366590200811
Mean: -4.386690219756394 min: -11.490864280732373 max: 1.4126897788925892
