Mean: -11.015357664019248 min: -11.849777887219128 max: -10.78177598303842
Mean: -11.327014814124622 min: -11.879252001729173 max: -10.803810527031807
Mean: -10.914300627126662 min: -11.827073781620959 max: -10.71308085202625
Mean: -10.938605430691737 min: -11.844321629522865 max: -10.710924166020964
Mean: -11.00496014372711 min: -11.77294338234658 max: -10.512557378246337
Mean: -10.849693580692902 min: -11.818695071700978 max: -10.712517444494697
Mean: -10.730211025387797 min: -10.803063450411779 max: -10.71051794920355
Mean: -10.868297815479048 min: -11.994398746933276 max: -10.710156683625447
Mean: -10.768820274062767 min: -11.187002933464791 max: -10.702394661463876
Mean: -10.825274523102438 min: -11.86451698330517 max: -10.699068745598629
Mean: -10.952669155326141 min: -11.999784780656682 max: -10.705371282176252
Mean: -10.792001307639895 min: -11.41629864985293 max: -10.710310488475505
Mean: -10.673327449158652 min: -10.812960175150224 max: -10.225294559897021
Mean: -10.517701143929605 min: -10.787374294181602 max: -10.171084712948653
Mean: -10.377006158748118 min: -11.831234220784934 max: -10.19313648583168
Mean: -10.207339864474283 min: -10.235674952526695 max: -10.17322796517808
Mean: -10.621433323400653 min: -12.227304255248349 max: -10.024543583354301
Mean: -10.091367326520125 min: -10.259491971171926 max: -9.79655804280077
Mean: -10.147324818935587 min: -10.72574422723249 max: -9.762608698118811
Mean: -9.12864166588381 min: -10.664558466217612 max: -0.5504515694591001
Mean: -5.4243881488647965 min: -10.012124901874827 max: -0.12318594095874166
Mean: -1.3340636739677236 min: -9.321452606634766 max: -0.07952458246394539
Mean: -1.949687023863807 min: -11.528509874020264 max: -0.10411400407261381
Mean: -2.077720738691232 min: -11.686015452245957 max: 0.07598338963186257
Mean: -2.134916651771312 min: -11.011252122468411 max: -0.38836420470390937
Mean: -1.0385165286375027 min: -2.126361643476838 max: -0.04193018758483311
Mean: -1.271326578501544 min: -4.471123999175712 max: 0.048037071835783235
Mean: -0.9167474263499363 min: -2.2823718251456544 max: -0.05098135719922396
Mean: -2.3853433948781584 min: -11.632069084148156 max: -0.2860297955262671
Mean: -2.0014202178554474 min: -11.176743083934854 max: -0.030090432576881855
Mean: -2.9394626704134104 min: -11.257530688129147 max: 0.17278556555571978
Mean: -2.052843421417397 min: -10.669497450354402 max: 0.009313395245419739
Mean: -1.394373083203414 min: -2.5700301574639473 max: 0.1776296037193197
Mean: -1.2216850904697614 min: -2.529399545311084 max: 0.1101716326095968
Mean: -2.2123939823290266 min: -11.635067702367143 max: 0.16716336378153213
Mean: -1.7864266794100494 min: -3.000158552870744 max: -0.01923665521376193
Mean: -2.2821837377248837 min: -10.055718830083183 max: -0.13803125107044661
Mean: -0.7727109884643872 min: -2.557636396755099 max: 0.16054939455629164
Mean: -2.4538521072665542 min: -8.808203473319459 max: -0.5778463135836708
Mean: -0.6610358198273478 min: -2.316548923628312 max: 0.1842024002648378
Mean: -5.05588102751469 min: -11.95740623979424 max: 0.005909305219672897
Mean: -0.9090991640377725 min: -2.4838700741742215 max: 0.14201214552401445
Mean: -2.7913686272460088 min: -11.14134224786302 max: -0.14123152233033706
Mean: -0.8002401616686357 min: -2.627623257332247 max: 0.17486456177272955
Mean: -1.3099831722899167 min: -11.585153137096171 max: 0.18387848012672642
Mean: -3.7285541043505033 min: -11.775898649324436 max: 0.18150683804008835
Mean: -6.654072941542691 min: -11.73046124012994 max: 0.1839716806989997
Mean: -1.788125184329219 min: -11.55344619824175 max: 0.18399662828209778
Mean: -1.3988377019114497 min: -10.246226614083733 max: 0.18967107967389796
Mean: -2.515838899337036 min: -11.443802953370128 max: 0.23163613516333
Mean: -3.452137075499139 min: -11.698287494762448 max: 0.21157445900108687
Mean: -4.983214647174586 min: -11.841581198510122 max: -0.4204111916314041
Mean: -5.119798642942466 min: -11.865776436318864 max: 0.07151355668137946
Mean: -3.749533530822793 min: -11.824351108481103 max: 0.19779507581107236
Mean: -1.7843039371840024 min: -11.818540328268725 max: 0.23460472074410485
Mean: -4.979403446756414 min: -11.84140825238725 max: 0.04895719411615578
Mean: -5.603206397052771 min: -11.613504049196173 max: 0.22846626816145582
Mean: -5.022668886952563 min: -11.852561712158035 max: 0.19966751970476254
Mean: -0.694245036864037 min: -2.1671303200933063 max: 0.23550907971845234
Mean: -9.448936879430425 min: -11.870449453546614 max: 0.17062818870608332
Mean: -1.781310530799781 min: -11.521426690106422 max: 0.19994349548431922
Mean: -4.850333412349498 min: -11.811814606893801 max: 0.1546487202345585
Mean: -0.34201842832992413 min: -1.2669546843135577 max: 0.184679213079689
Mean: -3.7377034391123916 min: -11.880843882461766 max: 0.1639689557014821
Mean: -0.3449281671292782 min: -0.6712525990768041 max: 0.15243433032390025
Mean: -7.36055614353743 min: -12.284411613809837 max: 0.09817996581817734
Mean: -2.1872954377912186 min: -11.835926088294183 max: 0.2039204995932013
Mean: -7.390684748016568 min: -11.882262903196896 max: -0.4726052495886967
Mean: -1.3465539926124277 min: -11.84028530325825 max: 0.2361546442384224
Mean: -4.9616969811087435 min: -11.853661559573236 max: 0.06778537891056198
Mean: -1.8594645520726119 min: -11.046236513752422 max: 0.10656488005585216
Mean: -4.131513585416654 min: -11.871997655346679 max: 0.057331440251687626
Mean: -3.307214929687775 min: -11.549057704255281 max: 0.18095321625460714
Mean: -4.093099475258802 min: -11.875248021613423 max: 0.09799452894165042
Mean: -2.716662619797946 min: -11.69154597329009 max: 0.19034396772615628
Mean: -8.185034681865998 min: -11.953202755239014 max: 0.1916564724983868
Mean: -3.800404009477981 min: -11.934989995120453 max: 0.2005001434379726
Mean: -1.7060774428896455 min: -9.36848964408582 max: 0.0028006469095806126
Mean: -4.8802094355713965 min: -11.98680300943347 max: -0.02287712152184906
Mean: -1.7899117461895777 min: -11.630432626412414 max: 0.021061516999014315
Mean: -3.4616218907505734 min: -11.905246626009008 max: 0.024097813067301476
Mean: -1.1625692929391274 min: -2.4498918099742064 max: -0.015054092184518362
Mean: -2.0280179918712906 min: -11.85956598552688 max: -0.02585110535688764
Mean: -2.0276691196039613 min: -11.86685321298654 max: -0.0018671428487936385
Mean: -10.938581486534863 min: -11.927704606183926 max: -2.667896890099715
Mean: -8.918658374923568 min: -11.97657918176314 max: -2.599915423377238
Mean: -2.637455162482799 min: -2.7372906998862203 max: -2.5521098263807667
Mean: -3.3357894869462354 min: -9.983619872679354 max: -2.5615791467244637
Mean: -3.459962310529614 min: -11.605644717928769 max: -2.3878506821940166
Mean: -2.419577104212101 min: -2.5123395844912695 max: -2.3474189425704677
Mean: -2.3907067068408745 min: -2.72339732699351 max: -2.23874334724318
Mean: -2.402103126287975 min: -2.692688246053139 max: -2.278617011608472
Mean: -3.139645289884581 min: -10.260105846957867 max: -2.3361808385346117
Mean: -3.2616980595314757 min: -11.737457858412876 max: -2.279082276662679
Mean: -6.88149624174621 min: -11.999779269539038 max: -2.2901151686444297
Mean: -2.4719632443177266 min: -2.718699237641448 max: -2.2927205226380747
Mean: -3.011867141394594 min: -9.223773782224947 max: -2.2820806459013077
Mean: -2.3211029984664417 min: -2.347694405774865 max: -2.2961285042980673
Mean: -4.050584150129352 min: -11.781745298138455 max: -2.260241117973101
Mean: -4.6045871333458965 min: -11.7958602953422 max: -0.03750948996985294
Mean: -2.316022337834264 min: -2.3513277682120615 max: -2.2893036012663033
Mean: -3.0243154418893115 min: -9.262973640515526 max: -2.263827838340279
Mean: -2.304843417434972 min: -2.3323204232418213 max: -2.251537009111782
Mean: -3.0168180881200684 min: -9.231840360591216 max: -1.9556570001540052
Mean: -2.319091005742689 min: -2.362666468647291 max: -2.2652828389506574
Mean: -2.3377941597121543 min: -2.7049775263111497 max: -2.0257531827768354
Mean: -4.083634549473953 min: -11.890956547820547 max: -2.0168286682767365
Mean: -2.080324736848337 min: -2.2988218112133096 max: -2.010700098189393
Mean: -4.082043188887758 min: -12.023822474832565 max: -2.01375953038981
Mean: -3.1589205687155895 min: -12.004055628269558 max: -2.0203537262676385
Mean: -3.1491659061326196 min: -11.901201794845282 max: -2.0154397430571693
Mean: -2.1379071798129266 min: -2.341304297134236 max: -2.0138088998870387
Mean: -2.1547492138382385 min: -2.3031037968020596 max: -2.000519655699553
Mean: -2.95394663668334 min: -11.32573452162375 max: -1.9206534591909676
Mean: -3.894616363951079 min: -11.347143849516833 max: -2.0080698446960015
Mean: -2.103579035427933 min: -2.275920419050648 max: -2.0105536186267154
Mean: -2.265054910594968 min: -2.3348100889683767 max: -2.0339524587094164
Mean: -2.1128160936714893 min: -2.3259994991136703 max: -2.0108984323452113
Mean: -2.9860604490942633 min: -10.887297203627249 max: -1.9863847180885956
Mean: -2.03926581660997 min: -2.2452865585145583 max: -1.997030520013404
Mean: -2.1785654142313424 min: -2.302917594715172 max: -1.9903251169803302
Mean: -2.1110127922879207 min: -2.3327948156607 max: -1.985495434076598
Mean: -3.094860618773526 min: -11.55673764784856 max: -1.987895333616342
Mean: -3.823217233257285 min: -10.956491130198362 max: -1.9971098920882284
Mean: -3.131959555212142 min: -11.697827167370706 max: -1.9928163220816852
Mean: -2.186076667227561 min: -2.668861946576421 max: -2.0004527567405415
Mean: -4.0227181195059005 min: -11.589074052171235 max: -1.9912886757079116
Mean: -3.774900622592078 min: -11.455525478647717 max: -1.9945006546602555
Mean: -2.153522951307456 min: -2.2906979135383834 max: -1.9872653569910073
Mean: -2.1380005413841854 min: -2.7437418934790703 max: -1.986302197013428
Mean: -3.9799828464003726 min: -11.395096308594132 max: -1.9818953383169666
Mean: -3.990228324311006 min: -11.31511515866993 max: -1.975042516321351
Mean: -2.9900858210938988 min: -11.3841051618306 max: -1.9635184762032665
Mean: -4.859741629103124 min: -11.465825915588715 max: -1.9645129005200879
Mean: -3.1275218542334233 min: -11.3136838865404 max: -1.9726424239544482
Mean: -4.513258537842222 min: -12.385223188222817 max: 0.6875643660047301
Mean: -3.1026962118839463 min: -12.188039911635993 max: -1.9628255012486935
Mean: -1.777849859773788 min: -2.241649935610545 max: 0.27099359762639263
Mean: -5.8735028645649265 min: -12.24866142342685 max: -1.9664133258523389
Mean: -2.1470820087758065 min: -2.3030265986079876 max: -1.9424974243088922
Mean: -6.186721344399436 min: -12.430386625651009 max: -1.952018048531251
Mean: -3.022229469534717 min: -12.072992145443763 max: -1.9424153473672565
Mean: -3.9928676781098518 min: -12.102990127997387 max: -1.8870544643101241
Mean: -5.066505034308824 min: -12.12573106320033 max: -1.9511814490514472
Mean: -1.9703032200838895 min: -2.2227947675377226 max: -1.8114977876144913
Mean: -2.0673121294063628 min: -2.277514089397001 max: -1.8136832462676824
Mean: -2.8239276903354824 min: -11.537283462529448 max: 0.21407251836914717
Mean: -2.0877213685678737 min: -11.280861892450504 max: 0.518251990885957
Mean: -2.4924532353739615 min: -11.451541014041817 max: 0.6319601701302392
Mean: -3.7093783035560848 min: -11.577602075754935 max: 0.6428391857793155
Mean: -2.384011965854338 min: -11.706343012589008 max: 0.5764871876826757
Mean: -1.3302979893693676 min: -11.335289445931279 max: 0.6133583274980058
Mean: -1.616667674353384 min: -11.773582313376851 max: 0.6268984348198994
Mean: -2.834389700678458 min: -11.280745265645535 max: 0.5601087092012306
Mean: -9.61549582616693 min: -11.906366265741212 max: 0.5837287370433081
Mean: -6.941286120338222 min: -11.884035717404824 max: 0.6555076477205215
Mean: -3.3043298153084435 min: -12.019666542313894 max: 0.5572981726627246
Mean: -1.8863792050159849 min: -12.025094154779284 max: 0.6685495586356065
Mean: -6.953719877779352 min: -12.118804552314256 max: 0.6195161668172244
Mean: -3.7767145181063504 min: -12.005561449830656 max: 0.6267044325100849
Mean: -5.584782445184248 min: -12.052590112508803 max: 0.6093405567998897
Mean: -5.302459731021543 min: -12.001237561475198 max: 0.6181985778944012
Mean: -3.9629160594328 min: -12.041508650492416 max: 0.6170031735221893
Mean: -4.53863684381886 min: -11.990011104524713 max: 0.6167525449966064
Mean: -6.398660627138659 min: -12.035276279468775 max: 0.6365758862830907
Mean: -3.388567960780186 min: -11.551983663634113 max: 0.6711122171753188
Mean: -1.2156769486958612 min: -12.328103873310416 max: 0.5772707461896439
Mean: -1.6956871120658232 min: -11.360643237678428 max: 0.6251172482612805
Mean: -3.3107931193599347 min: -11.747195165169831 max: 0.6664655345316993
Mean: -1.1383476494026268 min: -1.910048775073968 max: 0.6374547581128155
Mean: -1.3779733585549774 min: -11.695685507835009 max: 0.5908316677350777
Mean: -1.799934974322405 min: -11.282213620362752 max: 0.6414930258660794
Mean: -3.1950488396259504 min: -11.550775925553733 max: 0.5521685927879607
Mean: -0.4170389412086041 min: -1.905403789153944 max: 0.6673116460408983
Mean: -0.8574235864392181 min: -11.285519408741687 max: 0.6447038108192942
Mean: -1.735920341136375 min: -10.197637626661193 max: 0.5506521415515272
Mean: -0.716526559413756 min: -2.74142582575703 max: 0.6531606100669543
Mean: -1.9736742963476837 min: -10.172983554022771 max: 0.6805231289557675
Mean: -1.2067378971204357 min: -11.41541244843368 max: 0.609697629419241
Mean: -2.1751674803019503 min: -11.997196409775944 max: 0.659472335278077
Mean: -3.008362530355242 min: -12.343822902839499 max: 0.6373632787177607
Mean: -1.5630540697258741 min: -11.311602628769588 max: 0.6905641656866315
Mean: -2.356060268397043 min: -10.769552517473844 max: 0.5875627658063888
Mean: -2.216761315462401 min: -9.923042447996279 max: 0.8556847547652586
Mean: -4.1052133742813 min: -11.558771620715566 max: 0.6111490629518236
Mean: -1.2058212364513115 min: -11.4126625343037 max: 0.7459443740847875
Mean: -2.3322092691018526 min: -11.705732825190333 max: 0.8366003538242258
Mean: -0.503390127154145 min: -9.456243703833085 max: 0.642045591111314
Mean: -0.12824175017049 min: -1.881867385199456 max: 0.6470523275153157
Mean: -2.0507101965497 min: -11.37135116463903 max: 0.6811076276130169
Mean: -4.015061809966878 min: -12.322969246400403 max: 0.5597778404891857
Mean: -5.897599896597413 min: -11.600934000752638 max: 0.6455029182958634
Mean: -1.880054924572778 min: -11.459606824479446 max: 0.7481269179794389
Mean: -1.665074442146064 min: -11.76540665281269 max: 0.722319730156504
Mean: -2.018297447745442 min: -11.39218541428979 max: 0.7362362505361254
Mean: -3.4111410614631494 min: -11.73587826478235 max: 0.5768863676179584
Mean: -0.6400877991485778 min: -1.8622081604198606 max: 0.6699605492234241
Mean: -4.31220125007728 min: -11.456733030064086 max: 0.5937773245839965
Mean: -2.6224027419107374 min: -11.312454234049104 max: 0.5551747383548096
Mean: 0.26883854160719406 min: -1.8153451959855245 max: 0.5844927480532225
Mean: -2.0845535771695785 min: -11.994274451891833 max: 0.6770390456453355
Mean: -0.3731743107903255 min: -1.8582662991784475 max: 0.6283064891728861
Mean: -0.6046010776236121 min: -1.8939135779522789 max: 0.723529147531813
Mean: -2.4729738227803644 min: -11.602657178998916 max: 0.7144596847527024
Mean: -1.5126170460568946 min: -11.882096368627517 max: 0.9970136109802494
Mean: -3.1884572614589954 min: -11.524707647399481 max: 0.650053492140356
Mean: -3.6467866970068648 min: -11.525871430746218 max: 0.5170888431114603
Mean: -0.7859882135205324 min: -2.7494706763909535 max: 0.6285791720610466
Mean: -1.92139912756429 min: -11.251103025948117 max: 0.6930690069433311
Mean: -1.6823404663095332 min: -12.09771163291888 max: 0.597657769821035
Mean: -4.421871640945365 min: -11.696462981587013 max: 0.6537570219907872
Mean: -1.3488508880034427 min: -10.141740698179216 max: 0.7143783217686157
Mean: -1.234926351448605 min: -11.502281893695997 max: 0.6460147032540374
Mean: -3.6056270414256355 min: -11.921852863708038 max: 0.6215455097457717
Mean: -2.6306636026114245 min: -11.27698507013502 max: 0.7909671253117178
Mean: -0.21356729512757858 min: -1.899094607144131 max: 0.6636635810483542
Mean: -4.086445365466416 min: -11.299254772475438 max: 0.1485583535138213
Mean: -0.666982074870861 min: -2.01404125103395 max: 0.6551553682955789
Mean: -0.6664852624193363 min: -1.8730769788038142 max: 0.6229435610602306
Mean: -2.990658116140586 min: -12.321220269525487 max: 0.6499150166913091
Mean: -1.1452314073553442 min: -11.46963252262079 max: 0.7438742340077107
Mean: -1.367353768007776 min: -9.122660878052848 max: 0.6252381341191108
Mean: -1.1249570683812384 min: -1.8998584313826445 max: 0.69730230149439
Mean: -1.327511268583555 min: -11.31127800534777 max: 0.6371380667757529
Mean: -1.4345093872860057 min: -12.01458129188084 max: 0.8101892939473683
Mean: 0.011995684553501463 min: -1.9456173636023717 max: 0.6374691355153456
Mean: -1.9483538881872977 min: -11.780034209896291 max: 0.6071069563083227
Mean: -3.1903653897347724 min: -11.393453517432592 max: 0.7016084396722644
Mean: -0.8714899779614249 min: -10.069288281885663 max: 0.6991150079275853
Mean: -3.8737367438907113 min: -11.348589062089626 max: 0.6012255223840471
Mean: -1.353867869563126 min: -1.8895678862223648 max: 0.6161678919238905
Mean: -2.742762658751483 min: -11.3115249021518 max: 0.7076498011714065
Mean: -0.17655968067683475 min: -1.8397004386193476 max: 0.711375472917686
Mean: -1.0303188306898652 min: -2.745414495980471 max: 0.6289076470576007
Mean: -4.56389197436613 min: -11.47227113211521 max: 0.5958105044414532
Mean: -0.1575085802941654 min: -1.870833329490885 max: 0.7046452682150525
Mean: -3.1078007378791495 min: -11.542098979032975 max: 0.6656019316352252
Mean: -2.146950282144947 min: -11.56646287922363 max: 0.6257375097663479
Mean: -2.296221827913629 min: -10.435211205263272 max: 0.5528971697637785
Mean: -1.6913578407562564 min: -10.04048441632558 max: 0.6746571073401487
Mean: -2.8403424053952593 min: -11.524172184090588 max: 0.6193668389912517
Mean: -2.364888479072161 min: -11.473405730595378 max: 0.48053296371132376
Mean: -1.5781023921059039 min: -11.2558363119585 max: 0.6435744676251791
Mean: -3.2996761849511307 min: -11.299714152897899 max: 0.664770429101995
Mean: -3.247140856248657 min: -11.498469972319146 max: 0.0931306792559033
Mean: -1.9724336342331956 min: -10.049436880014493 max: 0.6192479819702517
Mean: -1.8837961550307245 min: -9.596138474946969 max: 0.6192197253188424
Mean: -1.9326824780643084 min: -11.335938033400163 max: 0.646371334610546
Mean: -5.522185243197628 min: -11.77154054666165 max: 0.5743929862522172
Mean: -2.7200202260043116 min: -11.530377429789551 max: 0.7021532345304871
Mean: -1.749389931516157 min: -10.339001900148746 max: 0.5926343093842106
Mean: -0.9395376337101583 min: -1.9094991800307708 max: 0.626725025358984
Mean: -2.4051164115102432 min: -11.432448326064618 max: 0.5007173581269866
Mean: -0.6261592614234283 min: -1.961346214148862 max: 0.869939225237206
Mean: -2.9872259078853505 min: -12.334157196499719 max: 0.5535592339321332
Mean: -2.1126789048126353 min: -11.509121346223324 max: 0.5959145901563158
Mean: -2.5192101661171584 min: -11.987488767782436 max: 0.6211185767387492
Mean: -0.876084539352495 min: -1.9210903409162097 max: 0.6221460877444884
Mean: -2.0720931721485636 min: -11.305685014456946 max: 0.6455121113390445
Mean: -2.8973104259663995 min: -9.836528875005142 max: 0.6035436842031617
Mean: -3.951621167310871 min: -12.33580498193577 max: 0.6383976759120185
Mean: -2.6301088400571255 min: -11.509431074227239 max: 0.8969217039258551
Mean: -4.992705807059341 min: -12.36551761264937 max: 0.5359136610095298
Mean: -5.3587710323153335 min: -12.33753584545975 max: 0.5789338665565944
Mean: -2.140923760825032 min: -12.332797810246609 max: 0.6512596301510848
Mean: -0.711363711675211 min: -1.9293580521498837 max: 0.6669185419516287
Mean: -6.249198290189864 min: -12.45736884795013 max: 0.5744491247270475
Mean: -4.01565989384517 min: -11.90420267718289 max: 0.5804963758896585
Mean: -2.6262441886307135 min: -10.081803552309438 max: 0.590086617136393
Mean: -4.07381624114328 min: -12.342601089613947 max: 0.6020124709903555
Mean: -1.1600704579147847 min: -9.639998130610786 max: 0.6146779410528811
Mean: -3.500185354253894 min: -11.505097629481943 max: 0.6542918367994484
Mean: -3.7377077673228882 min: -11.574951365122786 max: 0.588691988705302
Mean: -3.824773862790912 min: -11.455510876221037 max: 0.5777894892607225
Mean: -3.4632923946108685 min: -12.30703027487 max: 0.7398492485480285
Mean: -0.10959580689335416 min: -1.8463053107424905 max: 0.7476008092291409
Mean: -5.2150885950865105 min: -11.927580497831356 max: 0.49467291454152257
Mean: -2.8925359156801447 min: -11.38146217920962 max: 0.5496327305583669
Mean: -2.7802784968775884 min: -11.173896530003285 max: 0.5770929981436408
Mean: -2.9428114239782905 min: -12.388552197761829 max: 0.5495806970596854
Mean: -2.02853425166768 min: -12.370490349006113 max: 0.5525184341493785
Mean: -1.6532766191969022 min: -11.425137795030343 max: 0.5466434635876464
Mean: -4.762662865912288 min: -11.824548388159295 max: 0.9509767254551765
Mean: -1.329806180415574 min: -11.433627317556432 max: 0.5443932476758072
Mean: -5.369570637601005 min: -11.805887987738773 max: 0.5080610739221175
Mean: -3.493634615038784 min: -12.13075535523403 max: 0.5569391075439342
Mean: -5.559990792260378 min: -11.393996205325633 max: 0.5310681245343644
Mean: -3.4282999965891863 min: -12.32252580956649 max: 0.5287090334757906
Mean: -2.0823178666881526 min: -11.332560656434964 max: 0.5761404472012056
Mean: -4.374001792787321 min: -12.331931522382114 max: 0.5373846763442949
Mean: -0.8474730658143615 min: -2.7384629450220737 max: 0.5421469675126538
Mean: -5.009214206486076 min: -12.21616345489553 max: 0.5949459016468703
Mean: -1.3239221688613818 min: -10.104147396768102 max: 0.5449066170869244
Mean: -7.408178170779729 min: -11.374245513866349 max: 0.5121226853530425
Mean: -0.6766981801176727 min: -1.9103311245189567 max: 0.5237308893079137
Mean: -10.078249856340253 min: -11.90695071686229 max: 0.6400967452551724
Mean: 0.2732742344282322 min: -1.9292435591684858 max: 0.5575186366529489
Mean: -4.709297766175849 min: -11.40537052883895 max: 0.6050448371720282
Mean: -1.2496193173034098 min: -9.552746655238769 max: 0.5566782425429455
Mean: -7.278624382710379 min: -12.345860255949635 max: 0.5843942030091305
Mean: -1.2328778039320691 min: -10.214205822012385 max: 0.4862505194272723
Mean: -3.086838479538189 min: -11.41826280767188 max: 0.4925712721220515
Mean: -0.4660702794014199 min: -1.9160573610726812 max: 0.5015766320036174
Mean: -3.3890691196479628 min: -12.339160539802226 max: 0.5443876221867882
Mean: -0.22249672703103163 min: -1.868164481893435 max: 0.5684508055338559
Mean: -2.837371362119864 min: -11.418646503263664 max: 0.5083687841784272
Mean: -0.19328795488838157 min: -1.889742603792334 max: 0.5433291771574051
Mean: -4.828056648904292 min: -11.418432349075477 max: 0.5296102294390085
Mean: -4.6617740007160675 min: -11.346081698941244 max: 0.5700929170504941
Mean: -4.960130799410349 min: -11.50535133749282 max: 0.7630782908465975
Mean: -0.9076130784235044 min: -11.299102338057109 max: 0.5661410097541717
Mean: -4.7794263919938 min: -12.168962191195567 max: 0.562283413069074
Mean: -2.8378359965331823 min: -11.805146773247879 max: 0.7019079383524011
Mean: -2.228126037729953 min: -11.631262265828182 max: 0.7518655357220438
Mean: -1.8761910734222877 min: -11.511497351074267 max: 0.6277819331831407
Mean: -2.5621643761028223 min: -11.326507461948875 max: 0.5572413861736821
Mean: -1.883653514798168 min: -11.184709046828521 max: 0.6377224768952269
Mean: -1.3950909471424382 min: -11.150026252754657 max: 0.6050015984564129
Mean: -3.1949767975889176 min: -11.16567179201611 max: 0.5877275355643237
Mean: -2.3219300137291112 min: -10.263902074944792 max: 0.6323623068709503
Mean: -1.157585861795662 min: -12.084792731474439 max: 0.6578663293760338
Mean: -2.5847332095447606 min: -11.92503453204182 max: 0.6205695028908329
Mean: -0.9858547728437547 min: -9.300117903692449 max: 0.6703672806692669
Mean: -0.11501002297627742 min: -1.885834329743967 max: 0.6916442981854845
Mean: -0.594990454069435 min: -1.822970847888235 max: 0.6443591967045617
Mean: 0.5478414826444941 min: 0.06165418907786269 max: 0.6888656352926937
Mean: -1.4123952423642712 min: -9.74034139656268 max: 0.5871726632598531
Mean: -2.0043926242473113 min: -10.322242018878228 max: 0.6566493298800917
Mean: -0.14990993708196385 min: -1.8817799155806283 max: 0.6035221916580058
Mean: -1.7978960066372802 min: -11.30231411436291 max: 0.6729179883291901
Mean: -2.9036258023998673 min: -11.260926369109502 max: 0.5829695651544078
Mean: -0.8467722159805492 min: -1.9394837679858323 max: 0.7302768906854584
Mean: -1.33667196353604 min: -11.83946061922382 max: 0.668292681302671
Mean: -1.1006313399123862 min: -11.618272243027356 max: 0.6233421280124081
Mean: -0.6547012527312989 min: -1.8339551878697278 max: 0.6069081427456747
Mean: -2.0488164423126145 min: -11.585921127423177 max: 0.6119383263466709
Mean: -0.1269065977423614 min: -5.958029957865261 max: 0.6470833532334049
Mean: -3.0166615486891617 min: -11.630875812500559 max: 0.6051233662734682
Mean: -1.4493304912740355 min: -10.324439486936553 max: 0.6657627824079012
Mean: -2.6756689201432446 min: -11.237991612117069 max: 0.8134911505201302
Mean: -3.893052486890641 min: -11.645094696175207 max: 0.6197360145761903
Mean: -3.8737846100503277 min: -11.52936383259119 max: 0.6438351752989959
Mean: -2.365035755577591 min: -12.031489603515249 max: 0.6399785475716241
Mean: 0.3493278739892719 min: -1.8904218651578868 max: 0.6411970219902414
Mean: 0.02633436650706091 min: -1.808997680891473 max: 0.6949727743517871
Mean: 0.11985266771705863 min: -1.7999140559957587 max: 0.6440917985326865
Mean: -0.8952945778490611 min: -11.764359702973866 max: 0.6513670636480783
Mean: -2.239595244489346 min: -10.711578844278323 max: 0.9574038418242721
Mean: -3.176402585270099 min: -12.341131726043299 max: 0.64056815833318
Mean: -2.3411876342083886 min: -11.539346584068497 max: 0.6657702496692891
Mean: -7.133104042881811 min: -12.05814355538053 max: 0.5900916290296894
Mean: -1.3868979742252248 min: -11.365212173591908 max: 0.6081657362092845
Mean: -2.097054218504492 min: -11.782323634708478 max: 0.6026290168750232
Mean: -0.8464913124591454 min: -11.42218764219539 max: 0.6421344950729716
Mean: -2.5666238107286277 min: -11.430784511746289 max: 0.6151412015657497
Mean: -3.097834486051225 min: -10.589738405184097 max: 0.6374159766693683
Mean: -0.41312759680048233 min: -1.8951810720626208 max: 0.6218149691074683
Mean: -1.4018518012239176 min: -9.480660226829452 max: 0.625468129668006
Mean: -2.653538737124515 min: -9.609060581692805 max: 0.5539186468915968
Mean: -2.3344193002076805 min: -11.378375358352395 max: 0.6295705882107641
Mean: -4.617534638027741 min: -12.171903703253472 max: 0.6170695636142267
Mean: -1.7279264834458545 min: -11.823585804132286 max: 0.607166654116171
Mean: -2.060378876754352 min: -11.428530848704728 max: 0.5897271074028193
Mean: -1.914436850172669 min: -9.801340997052227 max: 0.6436130647294828
Mean: 0.053594323164731714 min: -1.8809471072281252 max: 0.6197539870842459
Mean: -1.9993228553372373 min: -11.254442054649132 max: 0.6502662167023795
Mean: -0.63820832750223 min: -9.083145217836156 max: 0.6195347555012176
Mean: -1.0759564404332689 min: -11.296269985049552 max: 0.6331810737642786
Mean: -1.923353649170392 min: -11.928720481540582 max: 0.5833496215965212
Mean: -4.957720242957763 min: -11.759693140289954 max: 0.5992773414244079
Mean: -1.323389006542053 min: -10.962256613384383 max: 0.5867752004839665
Mean: -1.1834922153918732 min: -9.454324862779021 max: 0.7807235076828073
Mean: -2.5842504758231004 min: -11.75931085842372 max: 0.6152426676398622
Mean: -3.012920196238365 min: -11.497819651259 max: 0.6120484095455416
Mean: -0.12999606844549583 min: -1.851396939039661 max: 0.5691723305306975
Mean: -2.993505478713925 min: -11.593605197051755 max: 0.6222922394772317
Mean: -0.9200914106640781 min: -11.751236262100988 max: 0.5791432141297403
Mean: -0.3675660557366538 min: -1.8134644745749848 max: 0.6095897562215873
Mean: -2.412548716847118 min: -11.590881722346769 max: 0.6007793693702788
Mean: -2.271159711902517 min: -12.120194134853413 max: 0.5896534470836444
Mean: -2.862768848398469 min: -12.386172683968312 max: 0.618576554977727
Mean: -2.0536409164769878 min: -10.87163470217487 max: 0.6123714107171646
Mean: -1.4585871432029542 min: -9.7639985760688 max: 0.5520948856379627
Mean: -4.279678915830379 min: -12.23260312174662 max: 0.5921004788093647
Mean: -4.727235157703717 min: -11.32979655165865 max: 0.5988501108582683
Mean: -8.958659157375262 min: -12.156591019172772 max: -0.05520108739104174
Mean: -3.09355398619508 min: -10.17497331998428 max: 0.5697366990278613
Mean: -5.262393349940569 min: -12.31053871925498 max: 0.7205525547460904
Mean: -1.1882879790475325 min: -11.931959613652214 max: 0.5449027672359358
Mean: -6.933991352488815 min: -11.405293628095377 max: 0.4874484041482812
Mean: -0.03375900251467814 min: -1.8525714332401715 max: 0.6002444958838358
Mean: -7.367141262246231 min: -11.605085548685434 max: 0.5751841835810094
Mean: -4.50941015364458 min: -11.751529611115014 max: 0.6061167882097551
Mean: -5.320587562060169 min: -12.290927640004181 max: 0.5294936297641655
Mean: -3.640141293170072 min: -11.58306110404498 max: 0.546288604100763
Mean: -5.2570132302502275 min: -11.418473804291754 max: 0.5888090456850784
Mean: -2.5759140776849456 min: -11.532565981811508 max: 0.57417644462419
Mean: -3.520276336727605 min: -11.6537090147725 max: 0.5070876796854356
Mean: -0.41998773136111545 min: -1.9539987570459425 max: 0.6512242561103853
Mean: -4.2943924462178895 min: -11.727909861155918 max: 0.746607008466961
Mean: -0.7286304632927725 min: -12.14670153543558 max: 0.5929383923494104
Mean: -2.625147156848384 min: -11.365628657520968 max: 0.5711896863200353
Mean: -4.243465384843072 min: -11.947458261140262 max: 0.5919508896336421
Mean: -4.61019641799587 min: -11.594953403895037 max: 0.5583559370756768
Mean: 0.5560087889755733 min: 0.49248597355027013 max: 0.593626444364308
Mean: -2.0828783242769267 min: -11.426099363219459 max: 0.558065175474181
Mean: -3.3908532507236457 min: -11.303873692700119 max: 0.5761351727679972
Mean: 0.545524713612705 min: 0.5109156446331063 max: 0.5890132740800178
Mean: -2.038335095629903 min: -11.302402697241893 max: 0.5895771567888276
Mean: -1.7987380308633891 min: -11.279433085931789 max: 0.5421405291733642
Mean: -2.850167265609168 min: -11.639308939291634 max: 0.5927506284912644
Mean: -1.8439663665049557 min: -11.594582303475272 max: 0.604649186537945
Mean: -5.9864532996511866 min: -10.217772914765542 max: 0.6399211364360846
Mean: -3.9078810604577128 min: -11.677557314090976 max: 0.8944865596115461
Mean: -3.0533650012985016 min: -12.275612119595893 max: 0.6916751538766798
Mean: -0.6132891606489113 min: -11.666252279074726 max: 0.6745578386394312
Mean: -3.996861331918337 min: -11.624721623342875 max: 0.6338371805116845
Mean: -0.7878958986274948 min: -10.865801874180562 max: 0.6598941232415845
Mean: -0.7727590357849228 min: -10.603496798911141 max: 0.6618808573906642
Mean: -3.933543250888609 min: -11.473668575585412 max: 0.6080821530927373
Mean: -3.158261276873991 min: -11.582757004446837 max: 0.6451736251252448
Mean: -2.064789110500974 min: -12.342883084723601 max: 0.6682526270621387
Mean: -0.4219181929647501 min: -8.927541633211407 max: 0.6765953510422709
Mean: -5.063855857923893 min: -11.475711811273039 max: 0.6528718070834515
Mean: -6.216494174453293 min: -12.078067260318019 max: 0.6817168494575093
Mean: -1.4826374037148833 min: -9.637539427350818 max: 0.6362398713805746
Mean: -2.892941897142962 min: -11.31106228233094 max: 0.630879839874885
Mean: -1.8914876070495967 min: -11.71019920787447 max: 0.639096908930256
Mean: -4.279567904110038 min: -12.3071338786661 max: 0.6582087915725892
Mean: -3.0826009847555027 min: -11.440770710560338 max: 0.7000009531355464
Mean: -0.5936146695635057 min: -10.60896726517818 max: 0.694055323782683
Mean: -4.447320201174179 min: -12.14662661724979 max: 0.7440834150762313
Mean: -1.661282701338548 min: -11.364706420481562 max: 0.6817410060520891
Mean: -0.5897529246641428 min: -8.817477336124865 max: 0.6875369626451764
Mean: -2.2992011388581957 min: -11.838642984608796 max: 0.6378497098662128
Mean: -4.282844489331035 min: -11.808101501562478 max: 0.6668992519716134
Mean: -3.9715081929623333 min: -11.868209242840742 max: 0.6761397895400828
Mean: -3.526193814584297 min: -9.509138244807332 max: 0.7139979159617816
Mean: -3.068540747203441 min: -11.73085205222832 max: 0.691878884590508
Mean: -3.026075671565957 min: -11.787355443510936 max: 0.6957380441060974
Mean: -5.306608051898344 min: -11.400311946139356 max: 0.6455125683309358
Mean: -3.76439587080464 min: -11.21278856555408 max: 0.6723476214200207
Mean: -2.2607732509434415 min: -12.077022378736533 max: 0.7559261302284179
Mean: -1.567746321617855 min: -11.03663825091515 max: 0.6480368977562394
Mean: -1.5105809842679818 min: -10.33351105650023 max: 0.7013915610140513
Mean: -1.7490616402406318 min: -9.632874129241225 max: 0.6665878808601118
Mean: -1.7862895778138603 min: -11.124177514704485 max: 0.7571088099719826
Mean: -3.3747484451282004 min: -11.999863080112132 max: 0.7030024128491518
Mean: -4.142748982257844 min: -11.669603032904991 max: 0.6767996858270173
Mean: -3.095514725660266 min: -12.337470031810863 max: 0.7083122617955239
Mean: -3.091008913322686 min: -12.027819129976086 max: 0.6350287015936488
Mean: -4.21344960335872 min: -11.652045300190752 max: 0.69431421928075
Mean: -2.001403279056702 min: -11.558104082569486 max: 0.7502168545018215
Mean: -3.9695029067076595 min: -11.794965350812548 max: 0.7122700645783001
Mean: -4.877791598304208 min: -11.812424898775957 max: 0.6414556597993011
Mean: -0.8653672548308702 min: -11.96848530379419 max: 0.7067780743564419
Mean: -3.60785020152264 min: -11.307329906481948 max: 0.7272089126407415
Mean: -1.0809243579538967 min: -1.991018432039136 max: 0.7026023742944456
Mean: -4.2444985901240235 min: -11.653561028338286 max: 0.5891383624459757
Mean: -0.07142509959863713 min: -1.8241003743345379 max: 0.715117979740248
Mean: -3.495748546056313 min: -12.008391609629214 max: 0.66856993597763
Mean: -0.3078338913773663 min: -1.7410779253033448 max: 0.6826154367510899
Mean: -2.0789489481797583 min: -11.283632224310416 max: 0.7596985191843735
Mean: -2.215900860753421 min: -12.075330187976423 max: 0.6743982859114088
Mean: -4.573763921171144 min: -11.893882222005528 max: 0.5732668232774445
Mean: -1.3780853070507282 min: -11.537816442421754 max: 0.6276133218744224
Mean: -1.990473494775118 min: -11.988216319562289 max: 0.5887278619087579
Mean: -0.4035929083772488 min: -2.2013906255213724 max: 0.6344662963464524
Mean: -1.9417091764932841 min: -10.949928851855383 max: 0.5868481194316794
Mean: -0.6110647283934167 min: -11.485251206098212 max: 0.6503618918753697
Mean: -5.130207429980074 min: -11.720283905917153 max: 0.5782159210324465
Mean: -3.4384886052473886 min: -11.792540410072464 max: 0.6594335666745078
Mean: -2.4904609991313555 min: -11.302547327604305 max: 0.6049347648289505
Mean: -1.3200309784176012 min: -11.127181326225227 max: 0.6293034082933547
Mean: -3.351308522559622 min: -12.318448123283243 max: 0.6628974279437841
Mean: -4.703118292690511 min: -11.270002414918643 max: 0.6078927974701428
Mean: -5.757572179496456 min: -12.067942208086444 max: 0.5735857403961527
Mean: -2.6917028980301985 min: -11.253325451603846 max: 0.631848161891672
Mean: -4.321338514965566 min: -12.660279062964008 max: 0.5898078843195649
Mean: -4.296027316056843 min: -11.44507192218497 max: 0.6613356182024303
Mean: -3.456797009433135 min: -11.593140177204768 max: 0.5777820269743007
Mean: -3.5048872211509496 min: -11.691929308966378 max: 0.6274920945007023
Mean: -3.708982521507752 min: -12.00504121628206 max: 0.5763942145176052
Mean: -5.990586170976884 min: -12.008383756568328 max: 0.5627642628803539
Mean: -4.732001205732294 min: -12.257155703654824 max: 0.6162128450660402
Mean: -2.057859773317565 min: -11.79332938353438 max: 0.6123438068994961
Mean: -4.0670561607623705 min: -11.547917084203373 max: 0.5816335327551558
Mean: -5.0755384078359285 min: -11.176896180149276 max: 0.577779764141449
Mean: -5.155907213015125 min: -11.417821969734224 max: 0.6136539818369449
Mean: -1.5975047856118376 min: -11.25632107665074 max: 0.6109508306363329
Mean: -5.074584877302369 min: -11.306280175110603 max: 0.59528924018075
Mean: -3.3208430934208666 min: -11.29790472306345 max: 0.6371534963803781
Mean: -3.5979652446505517 min: -11.744154711007297 max: 0.5701148679415844
Mean: -3.758495802625501 min: -11.892370163798835 max: 0.5798540071237079
Mean: -1.6239402416278206 min: -11.345697165092128 max: 0.630290268192017
Mean: -2.62106370738001 min: -11.970160331025866 max: 0.6106944363400338
Mean: -0.8246714215469153 min: -11.26847809254234 max: 0.653461735545739
Mean: -2.880163943196771 min: -11.320273767073585 max: 0.6078012802946896
Mean: -1.809057118902654 min: -9.338920216678193 max: 0.6168935667886999
Mean: -11.09441934055052 min: -11.871670873038719 max: -10.652305135088538
Mean: -10.935556091975943 min: -11.87232868780978 max: -10.640998266190849
Mean: -11.01457530058024 min: -11.646747469167163 max: -10.612724627732796
Mean: -10.811988821235733 min: -11.284724559512114 max: -10.630396317302871
Mean: -10.75069261367822 min: -10.98726856040371 max: -10.631256086840915
Mean: -10.138075136694498 min: -10.715146615509315 max: -5.570533014636668
Mean: -8.63837474373198 min: -10.88942568183666 max: -5.542971565471735
Mean: -6.084758958642836 min: -10.821332417559002 max: -5.539073542599354
Mean: -7.688782113138592 min: -10.917586727105732 max: -5.566128855095576
Mean: -6.633572128495939 min: -11.010876784542155 max: -5.567784189730396
Mean: -9.689711661959281 min: -11.009796223507369 max: -5.57040361521569
Mean: -6.576077662021541 min: -10.598651412118615 max: -5.56310821163819
Mean: -6.629390488597781 min: -10.604089881903919 max: -5.568034175039789
Mean: -6.665798600265193 min: -10.80153139569718 max: -5.541096319678339
Mean: -7.1043682586003385 min: -10.853004780885628 max: -5.5410427987786255
Mean: -7.087691801139061 min: -10.714162781791304 max: -5.537088603912538
Mean: -8.670648013426856 min: -10.677852440964903 max: -5.566835867094749
Mean: -6.097009761319887 min: -10.732506752514622 max: -5.544947750180733
Mean: -6.954211617039981 min: -10.906111645353139 max: -3.2454295067234553
Mean: -6.6647539341886795 min: -11.26539263086166 max: -5.463676845091724
Mean: -5.922731997004336 min: -10.986104356829031 max: -3.1124968009942573
Mean: -5.969960595583819 min: -10.598011358731945 max: -3.5557061199537228
Mean: -5.797280486440732 min: -11.166913198294406 max: -3.0790781048968188
Mean: -5.185220156831768 min: -5.533773654404605 max: -3.080907006205205
Mean: -4.921107388201342 min: -11.070201048655404 max: -2.8861987370988476
Mean: -5.706599475647828 min: -12.125865040424058 max: -3.1040621065837137
Mean: -5.622101948284005 min: -10.993423284833764 max: -2.975758939219868
Mean: -4.81228827823634 min: -5.537373115233173 max: -3.075177256886402
Mean: -4.942428161410649 min: -10.876446688120948 max: -2.961451822253925
Mean: -5.124235927617602 min: -10.606556385942246 max: -2.497219455589725
Mean: -4.281440221015725 min: -10.930436147049493 max: -2.140029496280962
Mean: -5.748785128022538 min: -10.801673255707913 max: -2.4958052527265098
Mean: -3.4308455530956286 min: -10.818494557343648 max: -1.8180622494089334
Mean: -6.939694288261917 min: -12.105592556101557 max: -5.014122935138477
Mean: -4.593949447678426 min: -11.742074850511726 max: -2.057320860049673
Mean: -6.789657812305393 min: -10.987626594070626 max: -4.953569069435664
Mean: -3.9159424208271183 min: -10.711249983356582 max: -1.9728577999832928
Mean: -7.285668288902798 min: -10.955882868450205 max: -4.670381549934271
Mean: -2.187286829131806 min: -2.3398455375138645 max: -1.9594037242543103
Mean: -6.330539078015895 min: -11.781857644165118 max: -4.267503791351613
Mean: -3.275805690727416 min: -10.678445397051464 max: -2.0394979054535978
Mean: -5.620824503112187 min: -10.593824132428837 max: -2.2565375552914055
Mean: -2.48112737038867 min: -4.5370393033667575 max: -2.0206381748201676
Mean: -6.8230232124967785 min: -10.640203178603 max: -5.127700869388811
Mean: -4.316757494376614 min: -11.065184332853917 max: -2.099517696913889
Mean: -6.973417254177153 min: -11.006293881169775 max: -2.505288879069318
Mean: -2.4036116660004088 min: -4.055267839740821 max: -2.0124594037135224
Mean: -7.377812612980975 min: -7.396473944147921 max: -7.365215631191185
Mean: -2.032224872274468 min: -2.3115802521538433 max: -1.1929145289683885
Mean: -7.695393050962276 min: -11.065774434208963 max: -1.6054832270404142
Mean: -2.2752528257281623 min: -10.785828712893272 max: -1.0668713551004891
Mean: -7.389057656407962 min: -11.081818794306686 max: -1.6004171525702138
Mean: -1.2675690617680906 min: -1.6888783378386196 max: -1.0930427164005194
Mean: -6.9904247783057984 min: -10.925163947497131 max: -1.605613625374612
Mean: -1.3123348904497507 min: -1.8850551068309103 max: -0.9291614793487297
Mean: -7.265530877990891 min: -7.299577288578852 max: -7.109299813344394
Mean: -3.677609083780125 min: -11.088002567639904 max: -1.013800132538372
Mean: -7.336363555739136 min: -7.823406833975959 max: -7.232551543444028
Mean: -1.5459955587586465 min: -3.4988303370733393 max: -1.0503229662420857
Mean: -6.474776902497686 min: -7.300220448324245 max: -3.4865654245063937
Mean: -3.1514078553410645 min: -11.006187176458369 max: -1.0592335924662282
Mean: -5.523544427248233 min: -11.573300774868716 max: 0.7181755534727191
Mean: -2.202621540927554 min: -10.883093517275094 max: -1.0669705452383735
Mean: -5.623558137792875 min: -10.58595744864669 max: -1.2279197996661093
Mean: -3.1734896397247994 min: -10.96951655358679 max: -1.0508002276366293
Mean: -7.19999192889412 min: -11.099042914556339 max: -1.0628340509338394
Mean: -3.3223570661474886 min: -12.1489171712613 max: -1.057494339626077
Mean: -5.0091476485129665 min: -11.19850696487429 max: -0.9734591235476451
Mean: -3.2160411717261623 min: -12.190177789565201 max: -1.0041013887073769
Mean: -4.658940789406006 min: -10.57681092794845 max: -1.0603841556404077
Mean: -2.592048537625035 min: -10.713482916135233 max: 0.4674731004965521
Mean: -3.508199719139646 min: -11.039806798301084 max: -1.0865881055985351
Mean: -2.337211419036105 min: -12.299719142325284 max: -1.0083044604921478
Mean: -3.519216242744328 min: -10.899216790334084 max: -0.9715270389530083
Mean: -1.2793023941510675 min: -1.891275037721899 max: -0.9068342410961874
Mean: -2.27194272868556 min: -10.739075438934538 max: -0.742893649021175
Mean: -1.9767766208945083 min: -10.367324642257312 max: -0.23714267102644845
Mean: -2.8826973385982493 min: -10.879996029411831 max: -0.560816155342127
Mean: -1.654024182343214 min: -10.9067687552634 max: -0.06502605550454467
Mean: -0.8015186636593115 min: -2.3998933230394823 max: -0.2598409567402625
Mean: -1.1440098047559235 min: -5.639898518183955 max: -0.24222794665012634
Mean: -0.5450701369511421 min: -0.6416097383851187 max: -0.4259515830074171
Mean: -2.7831666927376313 min: -11.669439097225025 max: -0.43697254265601804
Mean: -1.8117456088700443 min: -11.689428593605523 max: -0.2762786057990379
Mean: -10.995622919379576 min: -11.10548551575692 max: -10.892657680523268
Mean: -10.898410422517284 min: -10.931897024209835 max: -10.841144404049635
Mean: -10.761282256924698 min: -10.908729821981986 max: -9.667307307998646
Mean: -5.581536099311537 min: -10.927889762521865 max: 0.40647066282142863
Mean: -5.712428720068786 min: -11.216401850352593 max: -0.21975440615365796
Mean: -2.728941051019973 min: -10.855675741656272 max: 0.04881780334740282
Mean: -1.5536909630384472 min: -11.037704286468887 max: -0.040823415892965606
Mean: -0.3679083757252098 min: -0.829514896996343 max: 0.10189903853386621
Mean: -4.872134863737607 min: -12.059426246960959 max: 0.021449164383411393
Mean: -2.7517640620174455 min: -11.285987072304703 max: 0.4296621117959555
Mean: -3.42716881885942 min: -11.814412946389977 max: 0.23088891218815197
Mean: -0.32683180384111543 min: -1.6019949823158954 max: 0.4185157658432832
Mean: -1.065682860773297 min: -10.210325990141943 max: 0.29720815521024313
Mean: -3.5184713713958837 min: -12.063941270151405 max: 0.32596512102075886
Mean: -1.0268641358824793 min: -11.421117118573212 max: 0.32902356719141873
Mean: 0.10923563056831753 min: -0.10604187080138355 max: 0.3113775833133866
Mean: -2.0190401195243566 min: -10.804910495558817 max: 0.3024121090702962
Mean: -2.1353971462317256 min: -11.197635285290218 max: 0.32226858145610243
Mean: -2.255261489662507 min: -10.36040207069435 max: 0.25247830410521027
Mean: 0.1324984683724207 min: -0.1700743530730198 max: 0.30543983900406896
Mean: -2.8255379145421418 min: -11.726517480805404 max: 0.3601928439677179
Mean: 0.0525264961383378 min: -0.2823643831764588 max: 0.3302004419554223
Mean: -0.5455123365723712 min: -5.580713510644045 max: 0.3143864358421689
Mean: -0.6141890888607678 min: -5.720969630074519 max: 0.31660976144664
Mean: -0.35341229043769645 min: -3.455085068835029 max: 0.3064809341942172
Mean: -2.251248809766373 min: -9.78518049556969 max: 0.3211570885344953
Mean: -0.004895876891190173 min: -0.5367744925397875 max: 0.33746262410400035
Mean: -0.07061185061377091 min: -0.7557832536636604 max: 0.320448224264016
Mean: -1.0768422342359405 min: -11.863973251928243 max: 0.3492193681159451
Mean: -1.0514382371461544 min: -11.736092772237582 max: 0.3318569192548361
Mean: -0.015521019321190144 min: -0.8540970653690658 max: 0.32190780785152984
Mean: -1.4623339359270087 min: -12.071196081780883 max: 0.3186782352443354
Mean: -0.003080968277644687 min: -0.7478837952322482 max: 0.35830009315905104
Mean: 0.1869236134511461 min: -0.0607747591712875 max: 0.3179173695017215
Mean: -0.958504724160434 min: -10.256906207176772 max: 0.3391085323234385
Mean: -1.0522113143792238 min: -11.06447200075375 max: 0.30184118372571234
Mean: -0.8358223776645403 min: -9.59794056291598 max: 0.33085752448602934
Mean: 0.26403004505496097 min: 0.12089819025469913 max: 0.3389697364736074
Mean: -2.157111131585431 min: -11.618147631768293 max: 0.335057981646013
Mean: -1.2458706814300815 min: -11.211794430922282 max: 0.41951167443993287
Mean: 0.09608589851801194 min: -0.5394592017239165 max: 0.34044184085218115
Mean: -2.802991312440863 min: -11.25261247939329 max: 0.295688133161586
Mean: 0.1404278890716451 min: -0.7303564788826481 max: 0.3267947042243865
Mean: 0.06761441799792069 min: -0.6451114254677824 max: 0.37370690894097597
Mean: -1.1039671061912668 min: -11.314136971360817 max: 0.33081507204407024
Mean: -2.90674924273982 min: -10.807640614443756 max: 0.32779750748113173
Mean: -1.1436511054685823 min: -10.76084695052895 max: 0.3536502691556543
Mean: -0.7484623643095134 min: -9.153903928231873 max: 0.3358256347059098
Mean: -0.6789709921925537 min: -4.737833707653722 max: 0.3731688415966393
Mean: -0.8130057278112857 min: -10.294033618666628 max: 0.3769871430244991
Mean: -1.8845093319340465 min: -10.470377156493727 max: 0.36372828638739313
Mean: -0.7466047421079478 min: -9.897818131811404 max: 0.3788028570051184
Mean: -1.626024093643747 min: -9.470566990171351 max: 0.36848048544336387
Mean: -0.9024721013201074 min: -11.410654910305798 max: 0.5768953051069382
Mean: -2.960434117728746 min: -11.23185883885425 max: 0.5664497733803512
Mean: -0.40904759198097373 min: -8.962807100726085 max: 0.586401700813955
Mean: 0.5218627547975734 min: 0.32169305604689363 max: 0.5827547424830033
Mean: -0.74686833179822 min: -11.847011954484634 max: 0.5795202908413019
Mean: -3.0802186371383264 min: -11.660033909838019 max: 0.5778130452466947
Mean: -1.8062642638749735 min: -11.978444741080256 max: 0.5735674402244498
Mean: 0.577989214896506 min: 0.51397398684189 max: 0.658802741124095
Mean: 0.5823241936637362 min: 0.4020665270200675 max: 0.692844917109069
Mean: -1.811332107329304 min: -11.580713400359201 max: 0.6938230421783474
Mean: -1.7818905103319846 min: -11.850074535938845 max: 0.7224630702487589
Mean: 0.6014729524056833 min: 0.2909083331952384 max: 0.6896918258544447
Mean: 0.3580102963293912 min: -2.0389417274290027 max: 0.6882918489949076
Mean: -0.6066680318386479 min: -11.262244623391034 max: 0.6972993583998118
Mean: -0.49174125637124605 min: -10.345052048146657 max: 0.6834710729222898
Mean: 0.289189157849163 min: -2.0798333095267294 max: 0.6877057518227178
Mean: -1.7390944727254414 min: -11.376775835903732 max: 0.69482338229859
Mean: -2.947973440693013 min: -11.628637740350705 max: 0.6897943705233553
Mean: -0.6135940128901477 min: -11.239625273810345 max: 0.7073664715681666
Mean: -1.7069274637380438 min: -11.281078214669101 max: 0.6956846946182673
Mean: -1.7425206231249124 min: -11.590326865059762 max: 0.6998478152264781
Mean: -3.8467967877161926 min: -11.745529880313386 max: 0.7102038167878586
Mean: -3.307707271569182 min: -11.404769583976796 max: 0.7225856403058228
Mean: -1.7013734633771598 min: -11.25221645191559 max: 0.6983938922932362
Mean: -1.6107936786783896 min: -11.674598132584515 max: 0.7160279204554104
Mean: -1.7179509394359478 min: -11.827446955886439 max: 0.739435130576648
Mean: 0.6992993871780149 min: 0.6348884058938403 max: 0.7249788713831583
Mean: -2.98230667417313 min: -11.586553508387308 max: 0.7023590562138109
Mean: 0.6939647670085847 min: 0.6556849266713675 max: 0.716555574592813
Mean: -1.5583398219753462 min: -11.236119743407723 max: 0.704463581776812
Mean: -2.8488773317085716 min: -11.125756013505288 max: 0.7069865214865156
Mean: -0.49376695421163763 min: -11.291428900302343 max: 0.7326764801290724
Mean: -1.6704610276312324 min: -11.291561432560435 max: 0.7971096203934669
Mean: -1.5191238963809865 min: -11.203935955948168 max: 0.7132271548496237
Mean: -3.896177788674431 min: -12.149058430457455 max: 0.7330541897595718
Mean: 0.6923085108098885 min: 0.3866471714665621 max: 0.7426411593712483
Mean: 0.6131958298297275 min: 0.3453788530357038 max: 0.78186450356139
Mean: 0.7288326379201797 min: 0.708754505045672 max: 0.7599912334741438
Mean: 0.6817044398065056 min: 0.394888549433756 max: 0.7268514908474867
Mean: -0.4603681431430788 min: -11.100493737727332 max: 0.7399713163762148
Mean: -0.481173071828508 min: -11.316309817433417 max: 0.7363612220518195
Mean: -0.5313923143742284 min: -11.796764243834156 max: 0.7318693252548821
Mean: -1.664041022575675 min: -11.364356666414917 max: 0.7588638449710723
Mean: -1.8987069026898447 min: -11.817111365976238 max: 0.7569432590303142
Mean: -1.698064475961847 min: -11.464168010298266 max: 0.7422503650545356
Mean: -0.7910515676164904 min: -11.822649215459458 max: 0.7524502667105367
Mean: 0.7370786082896674 min: 0.7273889391982628 max: 0.749275405550758
Mean: -0.32777323233784167 min: -9.803337216677225 max: 0.7555172108512775
Mean: 0.7361849636546631 min: 0.7223207115503113 max: 0.7490467809002411
Mean: -0.45223714946032584 min: -11.166096280790041 max: 0.7667575797516553
Mean: 0.733756871877976 min: 0.6137092450980177 max: 0.7600247835159031
Mean: -1.6343785371188884 min: -11.136215830529737 max: 0.7528960639510093
Mean: -2.656776656758776 min: -11.157544349145905 max: 0.7556010944196913
Mean: -7.132813261544586 min: -11.185561532427691 max: 0.7471775901937235
Mean: -1.53176353464579 min: -11.170090194131893 max: 0.7515931736125183
Mean: 0.743596042098881 min: 0.7272658691609923 max: 0.7526495607855971
Mean: 0.7357970773639428 min: 0.7223354605843372 max: 0.7537818843873285
Mean: 0.4359704170964413 min: -2.2438980015802907 max: 0.756109621350085
Mean: -1.6798838611891889 min: -11.426039075680912 max: 0.7481700921975609
Mean: -1.454401780290882 min: -11.235798677650218 max: 0.75033119482893
Mean: -0.4882342052063331 min: -11.503415439626629 max: 0.748847507997772
Mean: 0.7419342621767426 min: 0.7275898927098439 max: 0.7555373006307536
Mean: -1.6342309490544562 min: -11.178884969873222 max: 0.7540722772076699
Mean: -1.7343492939872225 min: -12.15414330635302 max: 0.7587705179610921
Mean: -0.45364971177398444 min: -11.140583082349712 max: 0.7565359678035488
Mean: -0.7474542008715968 min: -11.193183783961562 max: 0.7583831830406096
Mean: -0.4858391021521311 min: -11.489893431656865 max: 0.751083667266271
Mean: 0.6918927919472935 min: 0.28970810805781944 max: 0.7630421455154182
Mean: -2.657333261557638 min: -11.205367781720945 max: 0.7484622219001998
Mean: -1.6550565897628922 min: -11.269658612397034 max: 0.7681692092772421
Mean: -1.458002285963986 min: -11.242734957615578 max: 0.7492278670658896
Mean: -1.5637825037122997 min: -11.15300858241729 max: 0.7566610383663286
Mean: -0.45349446575270697 min: -11.186333609680977 max: 0.7498696456912176
Mean: -0.5567968130593173 min: -11.135045740194357 max: 0.7544032293445103
Mean: -0.5210403302701163 min: -11.696651797712384 max: 0.7478020561545972
Mean: 0.7044289674552122 min: 0.4019037263419833 max: 0.7519867893299205
Mean: -0.46206092706676055 min: -11.199567166511484 max: 0.7627093065085816
Mean: -0.24614538167706024 min: -9.087627638979352 max: 0.7514988212865615
Mean: -2.6560050195797076 min: -11.169262184778333 max: 0.7584021638611027
Mean: -0.49026774433184006 min: -11.144633898066228 max: 0.7538097861894547
Mean: -0.5276540235800334 min: -10.922050077761503 max: 0.7491110286841711
Mean: -1.648522303604653 min: -11.275494840812982 max: 0.7661641198321576
Mean: -0.4652961024838859 min: -11.288242981383348 max: 0.7527172163284023
Mean: -1.3244888283265763 min: -9.999266199389385 max: 0.7658345270736044
Mean: -0.4582351701994689 min: -11.24529567334783 max: 0.7545418241613163
Mean: -1.6386807435716908 min: -11.166029300280329 max: 0.7582204041823689
Mean: 0.7429127559292781 min: 0.7212930894481665 max: 0.7636409429240921
Mean: 0.7264288568703353 min: 0.6166355271332261 max: 0.758681132097926
Mean: -1.5726272864820676 min: -11.109364478770594 max: 0.7493436704335589
Mean: -1.6480414852145597 min: -11.140075892405342 max: 0.7526717410594255
Mean: -0.5066766939393799 min: -11.733503669849949 max: 0.7577295650401977
Mean: -0.4404400475701327 min: -11.185905289974016 max: 0.7806878110510512
Mean: 0.6379643945947422 min: -0.34647757791283706 max: 0.7659067655044289
Mean: -0.24662567310138397 min: -9.214961850893728 max: 0.7667296853728973
Mean: -1.6469519927116578 min: -11.212344285130216 max: 0.7487317557629034
Mean: -0.4266650559830394 min: -10.813638172026605 max: 0.7574840162601212
Mean: -2.829454366782379 min: -11.176945197933959 max: 0.757512478385144
Mean: -1.7013350869990742 min: -11.7803923073854 max: 0.7511677724075101
Mean: -5.007422682196124 min: -11.190686743523857 max: 0.7630120775802836
Mean: -2.8896787989516692 min: -11.491632544874241 max: 0.7577010601074264
Mean: -2.817026582655987 min: -11.176021670499104 max: 0.7541835650498511
Mean: -0.2510121227352253 min: -9.187744913590004 max: 0.7517519650727381
Mean: 0.7473163145124878 min: 0.7305921537892435 max: 0.7631535722146372
Mean: -1.5037523555512968 min: -11.17994859105214 max: 0.766716459955399
Mean: -0.44766409433147436 min: -11.135911046107614 max: 0.7646129695405972
Mean: -0.5764468974707391 min: -9.962894475022155 max: 0.7560447251292067
Mean: -1.7000656191172427 min: -12.015212867278034 max: 0.7605384079000203
Mean: -0.46295241709160895 min: -11.183227391510533 max: 0.7594055727630338
Mean: -0.4526108046932982 min: -11.184615808606548 max: 0.7595751424559961
Mean: -0.4620197752027181 min: -11.188167717221718 max: 0.7611496812217821
Mean: -0.44443998246590183 min: -11.151952517846178 max: 0.767335550914398
Mean: -2.6444299972140115 min: -11.307576848981148 max: 0.7939062640968825
Mean: -2.7698033289103807 min: -11.62761264456999 max: 0.7493490141800633
Mean: -1.7448024721152315 min: -11.150861039344774 max: 0.7512775302126373
Mean: -0.350328848066681 min: -9.948458897047892 max: 0.8010907023604207
Mean: -0.4761818457349002 min: -11.181832240309406 max: 0.7525748157729463
Mean: -0.4523930643628942 min: -11.158594833093911 max: 0.7511934102437241
Mean: -1.7567666601094547 min: -11.846407182722338 max: 0.8027372917232068
Mean: -0.3827779425834983 min: -9.659235780700055 max: 0.7528322402264044
Mean: -2.902505023335534 min: -11.565832026864491 max: 0.7504601884363847
Mean: -0.5223529426469016 min: -11.601476809164858 max: 0.745412400359144
Mean: -2.977821144774238 min: -11.465243629485483 max: 0.7500367700416495
Mean: -1.9028357026705176 min: -11.193254220695515 max: 0.7899918531316723
Mean: 0.40819010309035875 min: -2.3355490054649364 max: 0.7565825304424735
Mean: -3.895068674559621 min: -11.266322685887708 max: 0.7501973348044266
Mean: -3.899423041231914 min: -11.192375972410321 max: 0.7486121605127541
Mean: -1.695777520193181 min: -11.201610058776772 max: 0.7500773788274413
Mean: -2.9172259591098504 min: -11.576797753120431 max: 0.7662318172547049
Mean: -0.5539802436295231 min: -11.174936958851749 max: 0.7510342338547777
Mean: -2.78856734532921 min: -11.578879494987985 max: 0.759812085610638
Mean: 0.5842096926585528 min: -0.5416186957098396 max: 0.7664066338569552
Mean: -2.6927368045490865 min: -11.733868139331292 max: 0.8037310126458809
Mean: -1.5282700026301768 min: -11.191621277188649 max: 0.7576976782017724
Mean: -2.1747265709392507 min: -11.685371624745997 max: 0.7461099057705776
Mean: -1.5787058027697116 min: -11.15984802272295 max: 0.7497584410327021
Mean: -5.27198490403135 min: -11.679151648614166 max: 0.7479656970639352
Mean: -0.4488668753633031 min: -11.136057285392917 max: 0.7597568231221835
Mean: -0.8262679321192341 min: -11.19310823942299 max: 0.7540989084417944
Mean: 0.713094355899843 min: 0.4762081259435261 max: 0.7568494005193984
Mean: -3.0537857176260355 min: -11.187142135942295 max: 0.7551783185475041
Mean: -0.40340656963637755 min: -10.664482965823867 max: 0.7612400386720081
Mean: 0.10128160780116913 min: -3.1149623417336603 max: 0.7667577564045512
Mean: -1.5842912538917504 min: -11.13880926816741 max: 0.7455876615057301
Mean: 0.7389334278257033 min: 0.7003556978409957 max: 0.7630049560156414
Mean: -3.184504517246634 min: -11.285027355464782 max: 0.7461033110819646
Mean: -0.3750282093985567 min: -10.213486585834563 max: 0.7597714424952156
Mean: -2.7657287796802814 min: -11.839845676972478 max: 0.7477408367562611
Mean: -1.6445108642220543 min: -11.260070674206142 max: 0.756185077330231
Mean: -1.726505961097775 min: -11.771404299279604 max: 0.7452755696895857
Mean: -0.3736383109944197 min: -10.419922382197413 max: 0.7558714194671483
Mean: -0.4559354667473923 min: -11.209685300384916 max: 0.7556525158653149
Mean: -0.2962652996301142 min: -9.681209641304505 max: 0.7592747821040386
Mean: -0.4570243336565823 min: -11.173529027993721 max: 0.7465121402593197
Mean: -2.9023253981601593 min: -11.736895109993279 max: 0.7389740901523313
Mean: -5.352122261473404 min: -11.624332040063226 max: 0.7532434336680873
Mean: 0.6642706521872941 min: -0.07293018993580071 max: 0.7552101903234238
Mean: -1.9249853046913992 min: -11.827754586237893 max: 0.7567043153450269
Mean: -3.1230530858600565 min: -11.319098856310779 max: 0.7705690912127413
Mean: -9.836998473345224 min: -11.237819079412933 max: 0.7398909339903573
Mean: -1.669158992802399 min: -11.60719195975507 max: 0.7647246373838354
Mean: -0.43852402445551697 min: -11.068940131339675 max: 0.7519977203745271
Mean: -0.34074761180796503 min: -10.111208314992053 max: 0.7687270838514659
Mean: -9.019902901256925 min: -11.763094156943076 max: 0.7620261537942342
Mean: -0.7407552572647921 min: -11.756553829167347 max: 0.7588230876028027
Mean: 0.4621337825069186 min: -2.0815312163379196 max: 0.7549501863447041
Mean: -0.46446943474815594 min: -11.135115386181605 max: 0.7649656843332677
Mean: -11.176037189592916 min: -11.830775169414322 max: -9.518728195325341
Mean: -2.7065271856637847 min: -11.243821964522118 max: 0.772183771034298
Mean: -1.6972949263070085 min: -11.12566076550656 max: 0.7571857825818233
Mean: -1.5829990201091961 min: -11.782069711752504 max: 0.7571113992661225
Mean: -8.967584528307196 min: -11.780144845774426 max: 0.7629063533922468
Mean: -1.7334978166593245 min: -11.141858732166463 max: 0.7652343659251811
Mean: 0.7407949355336956 min: 0.7272417004892887 max: 0.7665075452030424
Mean: -1.6447188533442365 min: -11.319307529927492 max: 0.7933679757348313
Mean: -2.753693134456809 min: -11.236750445814199 max: 0.7947678530999037
Mean: -0.31993869234179345 min: -9.980761412534681 max: 0.7615309319814815
Mean: -0.4419118790521768 min: -11.133628813512003 max: 0.7617434612681274
Mean: -0.4437662082755417 min: -11.146576589120317 max: 0.7593857445644001
Mean: -4.769370941263548 min: -11.855955858090798 max: 0.7648128571483781
Mean: -0.452244188680264 min: -11.281816529942354 max: 0.7664182829853827
Mean: -0.4475043900009079 min: -11.151632068972818 max: 0.7655706436384934
Mean: -1.772008494494727 min: -11.770883685994853 max: 0.7718016519704074
Mean: -1.931604381962201 min: -11.767478994210297 max: 0.7566588621954223
Mean: -2.8409242913100092 min: -11.795465781978187 max: 0.7523391971482603
Mean: -1.7377521309992698 min: -11.80067942370961 max: 0.7650689533900475
Mean: -0.2616342823633864 min: -9.188787203910781 max: 0.7613912227804973
Mean: -0.4423629948749266 min: -11.127656112823122 max: 0.7650567328008178
Mean: -1.0784422651098882 min: -11.155553717522704 max: 0.7653492744738493
Mean: -1.1789817321102107 min: -11.262766713919305 max: 0.756702847458581
Mean: -1.633637213018957 min: -11.144263096507347 max: 0.7626050280710016
Mean: -1.6796477985287566 min: -11.581648337523864 max: 0.7557226974521843
Mean: -2.4863350398624275 min: -11.731161040581197 max: 0.7675901102649326
Mean: -2.8377777835574816 min: -11.362607487044478 max: 0.7587379838529145
Mean: -2.4653948193522863 min: -11.442573253068236 max: 0.7626280662899156
Mean: -0.44954186211347624 min: -11.164069912209147 max: 0.7615426108201552
Mean: -9.069494852240243 min: -11.806392175715686 max: 0.7555741254575276
Mean: -4.9919820529066685 min: -11.203281062604477 max: 0.754551040852581
Mean: -1.5485558905990868 min: -11.34916467807961 max: 0.7552542120750034
Mean: -1.44248364315504 min: -11.15664992059104 max: 0.7516967108371712
Mean: -2.875162143425645 min: -11.771719592024345 max: 0.7608989090695105
Mean: -1.277082077567568 min: -9.852179275948554 max: 0.7652476694805417
Mean: -0.7396583945794937 min: -11.512339542159765 max: 0.7693932622231529
Mean: -0.35041207419578624 min: -10.147729644780357 max: 0.749673874906392
Mean: -2.1096493259883404 min: -11.671879641413502 max: 0.7541364470607469
Mean: -2.6092717399908825 min: -11.474665905726022 max: 0.7644541371146317
Mean: -0.25585796469854044 min: -9.287419375026124 max: 0.7619753934026612
Mean: -1.4602339281275465 min: -11.164423477928768 max: 0.7502094380209613
Mean: -4.16227612849499 min: -11.72594516907522 max: 0.7529089880440116
Mean: -6.367343688128921 min: -11.724225918774485 max: 0.7520672745532003
Mean: -4.097116928634073 min: -11.184010793041008 max: 0.7598354946625551
Mean: -0.3900978467097035 min: -10.599100184946188 max: 0.7540363870797812
Mean: -2.8312188893147843 min: -11.23862323714269 max: 0.7585356591683583
Mean: -2.826175121096639 min: -11.161893786221622 max: 0.7509583880981329
Mean: -2.9336858133993897 min: -11.438031948779674 max: 0.7621843358678984
Mean: -2.851934569862066 min: -11.341006822795967 max: 0.7574396557603403
Mean: -3.0088947280154548 min: -11.768449668167936 max: 0.7656314148696558
Mean: -1.5451103971284765 min: -11.158244427383696 max: 0.7526993528780513
Mean: -1.505952752734452 min: -9.236619615848172 max: 0.7514367196916215
Mean: 0.5984889082121884 min: -0.6064507494179432 max: 0.7448380379734886
Mean: 0.19137673540486663 min: -2.0373331186196055 max: 0.7612844085316411
Mean: 0.6834169787779045 min: 0.2448588055268512 max: 0.7480714246663195
Mean: 0.737696545009962 min: 0.7129560839675669 max: 0.7543246766151802
Mean: -0.47297201477135964 min: -11.255180984817482 max: 0.7371317687283814
Mean: -1.9651552169264448 min: -11.662551533775428 max: 0.7412096313198074
Mean: -0.46433162818090407 min: -11.26899775939708 max: 0.7540656633946792
Mean: -0.25883711016907046 min: -9.206253608245563 max: 0.7508722271118964
Mean: -3.9102805486789007 min: -11.33826273382131 max: 0.741458517641421
Mean: -1.5571996179356558 min: -11.314134638090074 max: 0.7449829542435665
Mean: -0.5011206916836252 min: -11.606952444293219 max: 0.7504352319290919
Mean: -0.28359499412515177 min: -9.518462385976882 max: 0.7565229844351838
Mean: -0.7440397757222396 min: -11.360554599210447 max: 0.742130866460829
Mean: -0.5852750245291213 min: -11.187713400135571 max: 0.751449483690453
Mean: -3.871198316583483 min: -11.91191632377991 max: 0.7482545023292503
Mean: -1.6687506277946291 min: -11.232166073018599 max: 0.7615767244107691
Mean: -0.6829863531593804 min: -11.825199683265302 max: 0.9535047533883413
Mean: -0.3667679940472799 min: -9.612627663006986 max: 1.0199524248741991
Mean: -2.8909856548787496 min: -11.726209894843132 max: 1.206856634775839
Mean: -1.8816801268072556 min: -11.994827445740002 max: 0.8856246937693146
Mean: -1.9091079419561865 min: -12.256772007311667 max: 0.8435951561666002
Mean: -0.8482424751355457 min: -10.31190607288584 max: 0.8259925772697734
Mean: -2.8782523406592793 min: -11.603016218046786 max: 0.8670402324323077
Mean: -0.33410600881642777 min: -11.08013121089334 max: 1.9465766537017384
Mean: -0.6926160390108084 min: -11.89739177697284 max: 0.9856361724838487
Mean: -1.344125882891993 min: -9.250804434347897 max: 0.8991859703795013
Mean: -0.5464083257604093 min: -11.478892202443012 max: 1.4686827551007504
Mean: -1.7915089378515496 min: -11.820404971898743 max: 0.9551384840064044
Mean: -0.7589212893984951 min: -11.863317929472517 max: 1.0577268719091686
Mean: -1.6487262733063726 min: -10.06345672680873 max: 0.9264722001800361
Mean: -1.8923035941855215 min: -11.913931513571622 max: 0.8235656553099854
Mean: 0.4819516093980849 min: -0.13824619982941805 max: 1.0034644276675657
Mean: -0.47506324807094497 min: -11.705499014940903 max: 1.0108093150724864
Mean: -2.7000712350338096 min: -11.314632203923448 max: 0.9432131972704304
Mean: -2.0302850032368607 min: -11.949385871315943 max: 0.9042534452687883
Mean: -1.7670348100228401 min: -11.34129644453544 max: 0.8919130678623624
Mean: -2.328940012244522 min: -11.351453613979666 max: 2.4239656091080386
Mean: -3.960200406551368 min: -12.226837775752255 max: 1.437987369620146
Mean: -3.9414542654205724 min: -11.263059388292033 max: 1.2783730001522278
Mean: -2.993153193891806 min: -12.116478406198285 max: 1.3772451310193454
Mean: -0.027718049946438183 min: -11.387953574898896 max: 2.107632228036538
Mean: -2.7004441440198947 min: -12.140651490638906 max: 2.0917313501362425
Mean: -4.669023578276933 min: -11.14136376724657 max: 1.8274845438159517
Mean: -0.7301724158023633 min: -9.199851523657951 max: 1.1490564643322672
Mean: -2.7439222087883746 min: -11.475698995993342 max: 1.1144904103392639
Mean: -0.7981464055668757 min: -10.95489444297867 max: 0.8608517528430004
Mean: -2.3467167166800458 min: -11.164405898544254 max: 1.0373249819171444
Mean: -3.6634941733314506 min: -12.181908427157412 max: 1.1776219306978712
Mean: -1.418804491214287 min: -12.217451776655137 max: 2.035919426195998
Mean: 0.7616151132040636 min: -0.18097115624737906 max: 1.3812812909280554
Mean: -3.0690576996710517 min: -10.565210874486258 max: 2.1931164960094685
Mean: -2.745740666860338 min: -11.898276259497045 max: 1.9488039482626218
Mean: -1.3596886555949534 min: -11.46309161097957 max: 1.9706423636246448
Mean: -3.5547599414141273 min: -11.679412470818583 max: 1.4665181196755168
Mean: -2.968528585084381 min: -11.905266891689967 max: 1.1629692412678707
Mean: -2.460705831687142 min: -10.967693947087161 max: 1.7892505503646758
Mean: -3.6375895177041455 min: -11.720357433291573 max: 2.2433504612774318
Mean: -5.144590054875492 min: -11.549381706013614 max: 2.1782685284230876
Mean: -3.5283583159416763 min: -11.338133778384998 max: 3.412548096337782
Mean: -7.78830623535931 min: -12.374799635568408 max: 2.095559965782631
Mean: -7.294625256597724 min: -11.935523415016366 max: 1.5894519257857285
Mean: -4.954166748142528 min: -11.882229402663702 max: 1.6509201253664523
Mean: -6.083152345805447 min: -12.071808651643574 max: 1.5756175765833726
Mean: -4.612498847722463 min: -11.410333313547303 max: 1.686899261010912
Mean: -3.992563123003098 min: -11.816329077347442 max: 2.425390720434772
Mean: -0.808805282410866 min: -11.291431104208714 max: 2.1309345526696704
Mean: -4.239552517653484 min: -11.236975682224262 max: 1.5198031095233089
Mean: -6.0920165252441185 min: -11.605215548896243 max: 2.162161426891942
Mean: -8.287095136219323 min: -11.553991079564016 max: 1.4823325621689083
Mean: -2.1139707670792647 min: -11.197332558866133 max: 1.933130973262949
Mean: -2.5789421920473607 min: -11.769728371870993 max: 1.599409783506765
Mean: -3.6257327404962147 min: -11.947384594143939 max: 2.2331232889759973
Mean: -3.493077902568195 min: -11.024355138196283 max: 1.4803454208429285
Mean: -4.967329867140944 min: -12.145101595202444 max: 2.026757678795776
Mean: -4.666903727735019 min: -11.827148929572147 max: 2.1296090102016927
Mean: -7.157131622196201 min: -11.639704313162335 max: 2.265230735934208
Mean: -1.3461031967573085 min: -10.395728905191369 max: 1.9340757104957247
Mean: -5.108196226408807 min: -12.3636358561952 max: 1.0347129844605247
Mean: -3.1225462776133073 min: -11.044849691510786 max: 2.314552590871794
Mean: -1.1073798650070468 min: -10.256819992634227 max: 1.5491222715230013
Mean: -5.083974522351369 min: -11.824925833258636 max: 1.9216980198675397
Mean: -2.6548430978222535 min: -12.214051089516207 max: 2.1167590390608257
Mean: -4.016385901344676 min: -11.45301568966742 max: 2.2027851554302607
Mean: -4.017729252283278 min: -12.101325928252933 max: 1.5243844209615254
Mean: -7.0867665208657655 min: -11.77436270635204 max: 2.849817140065991
Mean: -4.2317577516358105 min: -11.899625787761961 max: 1.5585642172864893
Mean: -4.802062426191129 min: -11.77819563318176 max: 2.1381013036722214
Mean: -2.5052100176197873 min: -12.307719780477848 max: 1.709418967147402
Mean: -5.843887579656925 min: -11.873392894903024 max: 1.8039273217811582
Mean: -3.9336199875470768 min: -11.176134598555493 max: 1.617022487296604
Mean: -4.5367065209108635 min: -11.40323099143711 max: 1.8855799489525844
Mean: -2.8264846173188696 min: -11.991543389457105 max: 1.4404701128306974
Mean: -1.6610099986697944 min: -11.761647567688334 max: 2.0930788156012263
Mean: -1.8376197058976262 min: -11.780897052246676 max: 1.3769358769644933
Mean: -4.925335289564175 min: -11.497571329202417 max: 2.6057358129478594
Mean: -0.5288586040277926 min: -11.06981347662237 max: 1.84986233460606
Mean: -4.934164013040054 min: -11.937725593834333 max: 2.157203506303055
Mean: -1.3514260856230642 min: -10.091868881561206 max: 1.5779495099458853
Mean: -3.1516602400928946 min: -11.175073393233365 max: 1.5503021146461162
Mean: -2.824578646755085 min: -12.022351375720712 max: 1.6075922305641905
Mean: -2.48931587502467 min: -11.945244818719864 max: 2.317885420165928
Mean: -0.6473105154905545 min: -11.032791425086305 max: 1.201543982523002
Mean: -4.979009589703405 min: -12.706582032765404 max: 2.8174579369167994
Mean: -1.4732291415831216 min: -11.788597731429142 max: 2.541594450527323
Mean: -2.54656171199922 min: -11.288574736204318 max: 1.9730024409398477
Mean: 0.8336908756389974 min: -0.24881422086075106 max: 1.4472833930323292
Mean: -1.9408275808504907 min: -11.592157490763677 max: 1.5948588474865635
Mean: 0.7107816234554213 min: 0.33188596527744646 max: 1.5378825174683917
Mean: -5.10154775735821 min: -12.047169269436662 max: 2.0208284296447525
Mean: -1.900811666699162 min: -12.03922824189539 max: 2.4790439132185202
Mean: -3.9590457507243597 min: -12.031618668054946 max: 1.4197706065224651
Mean: -1.5411972724290932 min: -10.699811426050081 max: 1.374407280984979
Mean: -7.458794436701126 min: -11.946227895097977 max: 2.467084904791156
Mean: -1.489824103271221 min: -11.890427872535001 max: 1.3174057922323634
Mean: -1.9327476554892757 min: -11.898510076505271 max: 1.4951203899038692
Mean: -1.2214242437676521 min: -11.047765439414862 max: 1.0035447336028318
Mean: -4.758097868605418 min: -11.874567265954607 max: 1.8711562436312874
Mean: 0.026896333262046723 min: -9.899457418798184 max: 2.692013790572331
Mean: -4.64986217288782 min: -10.264428733798272 max: 1.0188549032107492
Mean: -1.9032287441228086 min: -11.538851003819751 max: 1.2241038885688225
Mean: -0.45502587474066764 min: -11.22515964049862 max: 1.0137671495383664
Mean: -1.3531239769885022 min: -10.110682374111128 max: 0.894416420821943
Mean: -1.647905538532407 min: -11.85876448352898 max: 1.0154176674897606
Mean: -2.4248926687732806 min: -10.980852160486913 max: 1.5727037415761607
Mean: -1.2590397785168457 min: -9.542844641812959 max: 0.8611492279002942
Mean: -2.039008187739639 min: -11.41171084733441 max: 1.6241030788627897
Mean: -4.975776415622633 min: -12.059480950975006 max: 1.4039435236748368
Mean: -3.295253052790083 min: -11.286690525937082 max: 1.7034680065955918
Mean: -3.4816501478739097 min: -11.936321288516265 max: 3.3287518162774448
Mean: -0.0015229440118186277 min: -11.701858613860503 max: 2.291646933547598
Mean: 1.2485579836542848 min: 0.26304680350397874 max: 1.822830050560627
Mean: -3.3099896692948567 min: -11.705892791370749 max: 1.9414768767676824
Mean: -3.356502404666835 min: -11.374460456670656 max: 2.0675045878076217
Mean: -2.412481318733788 min: -11.35238645863145 max: 2.215862808715828
Mean: -1.614068589447101 min: -11.945825651732772 max: 2.349197431151917
Mean: -1.6311092168554215 min: -11.129422945508649 max: 1.3845661091549883
Mean: -1.793909799530736 min: -12.062866948148336 max: 2.1289470928478877
Mean: -2.095114720908936 min: -11.781164910117294 max: 1.9907988538172507
Mean: -3.7021277123229694 min: -11.561389209243771 max: 2.0805203018555916
Mean: -10.074700403208242 min: -11.737435893103232 max: -9.562988410296375
Mean: -6.336582892514178 min: -11.224761012997414 max: 0.3156506957157726
Mean: -2.631086079974501 min: -11.851939063858307 max: 0.9991677471034073
Mean: -5.022250207793794 min: -11.494803728519999 max: 0.8470587914787054
Mean: -4.103955835255795 min: -12.027542082183206 max: 1.3137661360746602
