Mean: -10.918770807379719 min: -11.913024546646946 max: -10.790083032658758
Mean: -10.776886051945656 min: -11.917380417261272 max: -6.30472194560189
Mean: -10.714606813551637 min: -12.014233732290629 max: -6.3046687134499235
Mean: -10.448376048302904 min: -10.855167576317738 max: -6.31933097496582
Mean: -10.475229667982962 min: -10.514458286379464 max: -10.445069015668455
Mean: -10.500089104392243 min: -10.81986839650267 max: -10.451559499360807
Mean: -10.484285661404988 min: -10.531086620038996 max: -10.453749948846921
Mean: -10.480263084210426 min: -10.497987100812482 max: -10.364646642299183
Mean: -10.431052882298427 min: -10.720210284892408 max: -10.335660825242536
Mean: -10.36233830391611 min: -10.378165361106706 max: -10.331837578922137
Mean: -10.353457629415296 min: -10.371600970673624 max: -10.186713688856177
Mean: -9.426689621811274 min: -10.371498673443744 max: -1.7845526137568106
Mean: -7.139408080897982 min: -10.772254198055032 max: -1.7681523940129782
Mean: -7.392623846407552 min: -10.193332842516279 max: -1.3725044667039183
Mean: -3.5978057659451848 min: -10.178770060443506 max: -1.7641945553743485
Mean: -2.660818327037553 min: -10.604413285568544 max: -1.7600328271670802
Mean: -4.113731278517059 min: -10.5750888261312 max: -1.766742478207056
Mean: -3.56586739932263 min: -10.540757349943743 max: -1.7432643037392368
Mean: -3.6545936611056278 min: -10.554398614565532 max: -1.695294258655975
Mean: -2.87738708504071 min: -10.62226737331357 max: -1.6904292651232968
Mean: -4.7664780944984955 min: -10.75188001003163 max: -1.6934987949341016
Mean: -4.617694404106693 min: -10.577943395815417 max: -1.7033357147965604
Mean: -4.296668743037872 min: -10.64144689631678 max: -1.7161289520556093
Mean: -4.608982627282836 min: -11.486984425286701 max: -1.5029765462208486
Mean: -3.8593947292025703 min: -10.661782348438912 max: -1.7347099856046977
Mean: -3.8930617224016286 min: -10.592151964483845 max: -1.6913214854251541
Mean: -4.351954089164827 min: -11.247464901469838 max: -1.6994658238243203
Mean: -3.442969847014843 min: -10.7701864905674 max: -1.6911053894559471
Mean: -2.952567001061789 min: -10.576957444090707 max: -1.691775971551302
Mean: -5.779360942112102 min: -10.659484150645758 max: -1.7032023217925218
Mean: -3.229456445843058 min: -10.92363406802863 max: -1.686216664461175
Mean: -3.0633495060058915 min: -10.580103096182768 max: -1.673081199311154
Mean: -5.787550348993097 min: -10.690439052664303 max: -1.5513046913652044
Mean: -5.751819590650872 min: -10.700513584305904 max: -1.5510625988709448
Mean: -5.330606339395883 min: -10.956839853885397 max: -1.2107939348597108
Mean: -6.05040633682032 min: -10.786343722446329 max: -1.5454304315592517
Mean: -3.4659738838099488 min: -10.774414191837858 max: -1.6671198047188747
Mean: -3.8818055502045103 min: -10.579572794850046 max: -1.6533252414626118
Mean: -2.1119923654622608 min: -10.557264095152355 max: -1.551892877097369
Mean: -2.1825301601607365 min: -10.558300349709237 max: -1.5550591978732473
Mean: -2.0850328514642866 min: -9.607418603571649 max: -1.5525239301148803
Mean: -2.532619920650819 min: -11.489233988241587 max: -1.5354297139673811
Mean: -2.213666488956295 min: -10.211190131941189 max: -1.5352589171063131
Mean: -1.6194599432430614 min: -1.7559635895001575 max: -1.532838625723937
Mean: -2.6131520190677513 min: -10.685254018212467 max: -1.5425017855880234
Mean: -2.154055609058672 min: -10.547934103614434 max: -1.5622892362455445
Mean: -2.08737458994678 min: -10.35353787163558 max: -1.5355210067318763
Mean: -2.5838214979794722 min: -11.856499686796404 max: -1.5381703704884298
Mean: -1.6002164395448144 min: -1.6563588393695012 max: -1.5327700275303822
Mean: -2.0984786975043925 min: -11.011419123667654 max: -1.536970853514289
Mean: -1.6029141850402109 min: -1.6551243707317262 max: -1.5360062707899156
Mean: -2.171119265654071 min: -11.74396020715929 max: -1.533916400356465
Mean: -2.3405842489388187 min: -11.803820011614604 max: -1.5053408715827692
Mean: -2.843251572032841 min: -10.420092163246993 max: -1.5100231872236551
Mean: -2.271566584503838 min: -10.525050711784232 max: -1.4695206206090237
Mean: -1.927993244879012 min: -3.339639733343891 max: -1.4254478150660919
Mean: -3.0415675157933206 min: -10.664876543732667 max: -1.416758493046422
Mean: -2.5600902424100633 min: -11.39748758547229 max: -1.4166884386047567
Mean: -2.1229048973088886 min: -10.318749467861311 max: -0.905582789312573
Mean: -1.626028417734379 min: -3.1325531449257653 max: -1.416654803964152
Mean: -2.222401191278275 min: -10.061746717691465 max: -1.3522766856853765
Mean: -2.9607202208689865 min: -10.505530731165127 max: -1.3451571087489302
Mean: -2.588821381027156 min: -10.4894654476402 max: -1.0461615720848771
Mean: -4.367615519318159 min: -10.489938255720814 max: -0.9841467127273952
Mean: -3.737563163222231 min: -9.789857508223818 max: -0.9924706965444433
Mean: -3.1436767219543187 min: -9.80369580050292 max: -0.9900835531835731
Mean: -3.859781731580766 min: -9.791472015706244 max: -0.9792882480852281
Mean: -3.467052517343556 min: -10.466174841247637 max: -0.9972675634503763
Mean: -4.882746196303825 min: -11.215859771706908 max: -1.0279795429240723
Mean: -4.0825072659333 min: -10.043208998657452 max: -1.0334391191619483
Mean: -3.041339124206325 min: -9.733683302480886 max: -0.9953483632343001
Mean: -3.521898839904593 min: -10.47444862374952 max: -0.9930709344286208
Mean: -4.786660568775353 min: -9.805125636966435 max: -0.9919229206133529
Mean: -4.169832855060362 min: -9.798301182572962 max: -0.9937547223384166
Mean: -3.920384304648664 min: -10.078735244555709 max: -0.9897972779017413
Mean: -4.702637017433554 min: -9.813914323462644 max: -0.9891895698990908
Mean: -2.9683117379147674 min: -9.738738171551812 max: -0.845251630431786
Mean: -4.263658770172533 min: -10.026016306094805 max: -0.9959731869761801
Mean: -4.498180024562717 min: -9.786915950233643 max: -1.0777888939512907
Mean: -3.9830245429850573 min: -9.833266710655936 max: -0.9873168882782342
Mean: -3.019022689930443 min: -9.798812182384301 max: -0.7549925463671507
Mean: -2.5480281466358754 min: -12.18604325963296 max: -0.7291288161673273
Mean: -3.183658807667226 min: -12.324108865452681 max: -0.7311681265862657
Mean: -3.4929250090787702 min: -12.324921492020227 max: -0.731102258830577
Mean: -4.178041098043511 min: -12.382065887243115 max: -0.70152093771436
Mean: -3.6018041292805036 min: -12.429925225758925 max: -0.7332364296295983
Mean: -1.9002275733612284 min: -12.232227221360182 max: -0.7082320445248877
Mean: -2.3777183260698593 min: -12.244042916598852 max: -0.6568043218546223
Mean: -1.7626861958076243 min: -12.388710318656516 max: -0.6402447759983472
Mean: -1.2537654405742045 min: -12.407410156109185 max: -0.6398821198323692
Mean: -1.8890815062687527 min: -10.221017893819326 max: -0.6423854284455977
Mean: -0.6634154820144268 min: -0.7375707740002028 max: -0.6410037787566567
Mean: -0.6746337284815599 min: -1.0286176767503827 max: -0.6371774875239785
Mean: -1.3362052044603128 min: -11.71229919579577 max: -0.6417852676933014
Mean: -1.4030650305116823 min: -10.121033063245317 max: -0.6340109094590592
Mean: -2.27396980142925 min: -12.7792405056001 max: -0.6148065244325174
Mean: -2.150721320472475 min: -10.117666416085386 max: -0.6158538480571508
Mean: -2.308003244221415 min: -10.211941009555508 max: -0.619417393574897
Mean: -2.5749505062200835 min: -10.185288374717036 max: -0.5805418388398961
Mean: -2.5389471621600492 min: -10.115562022879098 max: -0.5160226397053254
Mean: -10.849559485018093 min: -11.795011666074023 max: -10.76495806212953
Mean: -10.61688792858755 min: -11.107286534047065 max: -5.938438481244847
Mean: -10.411083949990806 min: -11.506721584067245 max: -5.980843729553116
Mean: -10.147964728921181 min: -11.387469041888789 max: -5.9800487835015685
Mean: -10.362500120269662 min: -10.898392617815485 max: -5.980399583438743
Mean: -9.991773657503272 min: -11.446792001620866 max: -5.980756070936244
Mean: -10.440290463020123 min: -11.854526013677194 max: -5.980157194074764
Mean: -10.476629492865275 min: -12.023314918613993 max: -5.980186301685707
Mean: -8.902618756223964 min: -11.05604298905277 max: -5.979530058527197
Mean: -10.355356226883975 min: -11.140530575968574 max: -5.982369762842289
Mean: -9.378477955953876 min: -10.899969131587197 max: -5.979647206825773
Mean: -10.119278696798593 min: -10.981655076412546 max: -5.9803283439618475
Mean: -10.105390787317894 min: -10.904915077665573 max: -5.980189640611845
Mean: -8.894886472010878 min: -11.050526852096308 max: -5.979368212108611
Mean: -10.346315707617771 min: -10.962786193306371 max: -5.981012188189738
Mean: -10.0799750296972 min: -10.95445166516335 max: -5.961644470185878
Mean: -10.070645424893446 min: -10.954625996681987 max: -5.962361146066618
Mean: -10.125288311983251 min: -11.98234629619488 max: -5.963066257194118
Mean: -10.0765662059886 min: -10.960365706797939 max: -5.961629188485605
Mean: -10.568644380372941 min: -11.142095490142578 max: -5.963267184569264
Mean: -10.381924020232848 min: -12.056312812681123 max: -5.962062937442168
Mean: -9.882172357348765 min: -11.674302988120044 max: -5.956244288042929
Mean: -9.594704393205317 min: -10.95464822429338 max: -5.955804666913879
Mean: -9.407722209620095 min: -11.298045615569999 max: -5.946738324972718
Mean: -9.635226467626852 min: -11.305485053338483 max: -5.94647493869722
Mean: -9.36300508591216 min: -10.917182312540215 max: -5.945461356440639
Mean: -9.617019386445044 min: -11.114354510628742 max: -5.9463254106768
Mean: -9.361651092253918 min: -11.002517633202052 max: -5.944809736330604
Mean: -9.166559773433196 min: -12.002010260442955 max: -5.854095391451456
Mean: -9.412321390267271 min: -11.818751376404427 max: -5.94503102766261
Mean: -9.862173942662976 min: -10.88055570623024 max: -5.943891689381487
Mean: -9.351506783242803 min: -10.850959360531158 max: -5.947314584601072
Mean: -9.363450341486132 min: -10.851025119727042 max: -5.92944473454684
Mean: -10.106724820197472 min: -10.991486172167088 max: -5.944505520847397
Mean: -9.625529615759131 min: -11.042784571554016 max: -5.944576836473358
Mean: -9.361524843660092 min: -11.221998799967208 max: -5.933133271851947
Mean: -10.273995903031368 min: -11.02689219075307 max: -5.948243513808739
Mean: -10.64199620368677 min: -10.696506369853159 max: -10.497838471735617
Mean: -10.66299683240781 min: -11.352077590573266 max: -10.514769302587439
Mean: -10.640162718207282 min: -10.831010781741018 max: -10.613489469589279
Mean: -10.624942356840608 min: -10.649284540528129 max: -10.609583438153582
Mean: -10.580870853170783 min: -10.655040364491741 max: -9.770657160806453
Mean: -10.1946338009775 min: -10.650674519836153 max: -9.76814302797652
Mean: -9.769538850783377 min: -9.846178122292693 max: -9.729355152841471
Mean: -9.865077333947408 min: -10.959793637435457 max: -9.731066764094791
Mean: -9.764776571363132 min: -9.800864356047192 max: -9.723560560424989
Mean: -9.746631680144326 min: -9.818026065985707 max: -9.33048322041843
Mean: -9.70908080844799 min: -12.13539329293093 max: -9.301181958365435
Mean: -9.348527758864822 min: -9.66186297848508 max: -9.316379916606268
Mean: -9.326182988305664 min: -9.345240046631734 max: -9.238679864034003
Mean: -9.307810399593926 min: -9.692869265588199 max: -9.221059785356285
Mean: -9.232864934321302 min: -9.254487046820701 max: -9.215090115775714
Mean: -9.224890017731521 min: -9.258006333709464 max: -9.212414989575533
Mean: -9.223710573139556 min: -9.236238511391385 max: -9.211553102979556
Mean: -9.223495200475698 min: -9.237691825570195 max: -9.211195051269812
Mean: -9.227146081147438 min: -9.293319470589775 max: -9.204705664560773
Mean: -9.228267458752395 min: -9.245304857588064 max: -9.217886244230808
Mean: -9.228393935839076 min: -9.268959425252163 max: -9.2106428732497
Mean: -9.223275142595597 min: -9.238075910750688 max: -9.190438553915035
Mean: -9.226085368188738 min: -9.756133303827713 max: -9.041096005166391
Mean: -9.316193825000955 min: -12.115689314370279 max: -9.038998301697017
Mean: -9.221254901082432 min: -9.726076793395748 max: -9.029587016482928
Mean: -9.283965123408862 min: -11.241701475793217 max: -9.055789351958325
Mean: -8.76833336306908 min: -9.950442575645514 max: -0.4626888759185359
Mean: -9.21790972486515 min: -10.10135620899806 max: -9.024136832131
Mean: -9.179232171339663 min: -9.734555042540988 max: -9.008571402617935
Mean: -9.200298782297917 min: -9.941412379866431 max: -9.063085952089109
Mean: -9.11293566306497 min: -9.416392052635082 max: -9.0164445257619
Mean: -9.22131710938174 min: -9.934901153773936 max: -9.009006865109665
Mean: -9.163651422019974 min: -9.23741699559604 max: -9.046014261112969
Mean: -9.279343034162137 min: -10.044388181998107 max: -9.052367736389233
Mean: -9.215669058440042 min: -10.221673073811424 max: -8.986401248941444
Mean: -9.231753435450198 min: -10.178235773704099 max: -9.043515994436126
Mean: -9.282847290765144 min: -11.50569085412621 max: -9.043553118309436
Mean: -9.112935501051847 min: -9.23508984056453 max: -9.021330518941877
Mean: -9.24963112027228 min: -10.488601285179064 max: -9.03612320033004
Mean: -9.150154870783515 min: -9.319077815378613 max: -9.034834573140719
Mean: -9.397216643837613 min: -12.231998478886092 max: -9.017360671157551
Mean: -9.209659695368789 min: -9.7541777854289 max: -9.027232499323622
Mean: -9.183311309720914 min: -10.030283173940605 max: -8.998120034215034
Mean: -8.804236753978344 min: -10.127380129843376 max: -0.8372409403661843
Mean: -5.036569102916476 min: -10.262262109781652 max: -0.6756052042521526
Mean: -1.700921831895989 min: -10.101970543384526 max: -0.7174719907593003
Mean: -1.2290311385955575 min: -9.7606705984021 max: -0.5909285569091101
Mean: -2.5377966077787635 min: -9.986688654796929 max: -0.6538261271103482
Mean: -0.7897164520121536 min: -0.8303519681642523 max: -0.6548547322481553
Mean: -1.2341152365352996 min: -9.650664049413548 max: -0.7326658228867707
Mean: -0.7863521166645068 min: -0.8317931480154381 max: -0.639871681706944
Mean: -1.2285468689696526 min: -9.56867951595551 max: -0.6387141014343951
Mean: -2.149425406835499 min: -10.939052813303537 max: -0.7286672546607987
Mean: -1.693765967776501 min: -9.31948929812022 max: -0.5413018353246659
Mean: -1.1148699699257676 min: -9.023419930375574 max: -0.4768025844445322
Mean: -1.4940373321943297 min: -9.462725843538914 max: -0.46942016721400487
Mean: -2.036478188596704 min: -10.789154047933756 max: -0.4842806004262596
Mean: -1.5198903372929633 min: -9.939898428290748 max: -0.4780404728647938
Mean: -2.431898752486945 min: -9.52869131924321 max: -0.4598902175034691
Mean: -2.434511381034866 min: -9.911605597098873 max: -0.48744469092006504
Mean: -2.4230348691604826 min: -10.21941489790409 max: -0.4089907208183771
Mean: -2.391187660200086 min: -9.630456478852597 max: -0.49272031850568776
Mean: -3.2894884540700624 min: -9.765221824531999 max: -0.4194854057241525
