Mean: -11.036246676370684 min: -11.787525351379937 max: -10.796805921038551
Mean: -10.676315961386647 min: -11.852940957072999 max: -4.241034875406867
Mean: -9.498099807190526 min: -11.789505608624655 max: -3.4493501752858435
Mean: -5.310241679597469 min: -11.298064808060445 max: -4.236874909339462
Mean: -4.927418147569224 min: -10.755682935468682 max: -3.317235102742773
Mean: -3.9981374212537153 min: -10.874168588202796 max: -1.5396259726695425
Mean: -7.203932090808726 min: -11.525247970751899 max: -1.526514277428986
Mean: -5.810591216640036 min: -11.49213245693557 max: -1.1834226183177068
Mean: -5.233218575143236 min: -11.391214844884288 max: -0.57548961988673
Mean: -3.7854334973810664 min: -11.217255702731386 max: 0.5401740831987285
Mean: -3.7178581248057356 min: -11.797937919855567 max: 0.5547412920435736
Mean: -1.5822510269856298 min: -11.215508715408456 max: 0.5614001283810146
Mean: -2.7372386074007626 min: -11.10280142233441 max: 0.5708136646661387
Mean: -1.6803780557072012 min: -11.06589141661251 max: 0.5666694745993472
Mean: -4.151332244692696 min: -11.72874229282889 max: 0.5890555645174411
Mean: -2.080775995989752 min: -11.281398754654026 max: 0.5738358509892009
Mean: -2.7548016103181547 min: -11.329464084762828 max: 0.5854396509815024
Mean: -3.8256188722665625 min: -11.554387600361991 max: 0.5768515502450675
Mean: -4.554134698189289 min: -11.840359030747129 max: 0.539190273783445
Mean: -2.900899416540763 min: -11.052834066644001 max: 0.551335670816086
Mean: -2.929000506344841 min: -11.525517789105516 max: 0.6053770996883201
Mean: -4.699495639069622 min: -11.8194157301718 max: -0.31446499245646947
Mean: -8.01479538637653 min: -11.835719843813008 max: 0.7443574789831827
Mean: -6.717203349125034 min: -11.811634294404701 max: 0.7324185622774358
Mean: -10.023886566489306 min: -11.854681962650993 max: 0.8125555107891915
Mean: -11.698415122917151 min: -11.851064357600714 max: -11.009673192917393
Mean: -10.906368665507568 min: -11.83818185102064 max: 0.7468087647560593
Mean: -10.336673528976593 min: -11.828240324698504 max: 0.7845016491084941
Mean: -10.789517277572875 min: -11.832005930733184 max: 0.7812440206720246
Mean: -11.559506303988332 min: -11.996341116432262 max: -10.997817125805463
Mean: -11.606512494952629 min: -11.839238891681408 max: -10.02605338475074
Mean: -11.516209923963205 min: -11.836252011863284 max: -10.043570047547362
Mean: -10.69145501721638 min: -11.830399231488174 max: 0.746128706355971
Mean: -6.624083910617576 min: -11.815823442874168 max: 0.7906917019091726
Mean: -5.325382190769341 min: -11.212374904227035 max: 0.7890820663507819
Mean: -4.806967453145079 min: -11.666998917338564 max: 0.8064796569596293
Mean: -6.083547883013052 min: -11.827562236342372 max: 0.7813950315443695
Mean: -4.57530116799628 min: -11.222668585531586 max: 0.814081486637655
Mean: -3.5758863731911625 min: -11.800912900054184 max: 0.7878890055090201
Mean: -6.4712036660671854 min: -11.81410393473825 max: 0.777244570179763
Mean: -6.151793575613881 min: -11.80870932491678 max: 0.8117079480106996
Mean: -6.60746802313929 min: -11.825582380801396 max: 0.7967961701259745
Mean: -6.4731739761191704 min: -11.834179879280471 max: 0.7898881433826005
Mean: -6.009411131205401 min: -11.81151097707695 max: 0.8088471106087952
Mean: -8.53326696995929 min: -11.83458248488514 max: 0.7839751410110384
Mean: -7.5797429970447965 min: -11.914724531960015 max: 0.8008184709912964
Mean: -7.811683002202868 min: -11.835903129924874 max: 1.1552969023757358
Mean: -7.23105346818663 min: -11.685865642204117 max: 1.2218488504117335
Mean: -5.878434481561538 min: -11.871292939840414 max: 0.7977416337505947
Mean: -5.277377227735897 min: -11.843576594835403 max: 0.8142097087839721
Mean: -5.757708120117221 min: -11.847089671848977 max: 0.8025544974283746
Mean: -5.915573882660907 min: -11.841380985620503 max: 0.8131395929636962
Mean: -4.635210922761976 min: -11.851661186155633 max: 0.8058026018225558
Mean: -6.651835919533373 min: -11.851630240866415 max: 0.8117495380177977
Mean: -5.859513021369345 min: -11.860086015439293 max: 0.804130241490827
Mean: -7.229414575583893 min: -12.074457866960907 max: 0.8092136093234069
Mean: -4.253276779537772 min: -11.847269968483003 max: 0.8048838458352363
Mean: -7.2505088160334905 min: -11.855490746386382 max: 0.8018892097895108
Mean: -7.69383104012622 min: -11.853509738390304 max: 0.7976634478104796
Mean: -6.8011950710570215 min: -11.837234170350357 max: 0.8245508782801346
Mean: -9.725663432492787 min: -11.826740767825093 max: 0.8073281335685035
Mean: -8.684170524198931 min: -11.81276192936167 max: 0.7836495675515682
Mean: -9.462608810272943 min: -11.827487068999545 max: 0.8165989273872963
Mean: -8.964021703322391 min: -11.803870814907752 max: 0.8805979446712191
Mean: -7.7137029611251124 min: -11.804662236077181 max: 0.7976155317789996
Mean: -7.041942795504878 min: -11.94179549594743 max: 0.8209925990634102
Mean: -10.689679721657939 min: -11.809319455455313 max: 0.80102604334234
Mean: -8.148136744134508 min: -11.80868112333516 max: 0.8640049166888212
Mean: -7.917696744905946 min: -11.817636074382568 max: 0.9975163810566314
Mean: -9.652472814596068 min: -11.829118076376341 max: 0.8186841696716267
Mean: -9.427179010027944 min: -11.828289728010594 max: 0.9172241394186826
Mean: -9.462615612851934 min: -11.811400713583952 max: 0.8378640109443677
Mean: -4.677001021473472 min: -11.802896659991056 max: 0.9775800144756481
Mean: -8.295570357922179 min: -12.11924570217722 max: 0.9267795804355836
Mean: -5.720307655248714 min: -11.767351839363386 max: 0.9782198174568503
Mean: -6.550388130511526 min: -12.04350291066401 max: 1.0297623018171052
Mean: -8.261751224373295 min: -11.765496363826607 max: 0.888466166346452
Mean: -7.1583488466903775 min: -11.741620766765163 max: 0.9005931604577087
Mean: -10.683030384478894 min: -11.858014755890533 max: 0.7610382995852959
Mean: -7.082899805172663 min: -11.762484792343194 max: 0.9243521982726783
Mean: -7.721999377888143 min: -11.833619085616915 max: 0.9140073097070616
Mean: -8.897948851917926 min: -11.793534022394047 max: 0.9515441790104926
Mean: -7.636823374521571 min: -11.778903993985 max: 0.9206461381930955
Mean: -7.074510537174552 min: -11.789939349202402 max: 0.9237549593008529
Mean: -5.460495109285604 min: -11.799930038037372 max: 0.9031762957204347
Mean: -9.53350942023914 min: -11.86108361969032 max: 0.7989864166343665
Mean: -10.325202455535258 min: -12.101817237213158 max: 0.8289433121339193
Mean: -6.047985180158806 min: -11.763341390591433 max: 0.9804235980150292
Mean: -6.3306447632119625 min: -12.23593056963824 max: 0.9335494957645765
Mean: -5.094749655354142 min: -11.758095471198226 max: 0.9762934666573414
Mean: -5.041975969959283 min: -11.347413718967639 max: 0.9618253791368339
Mean: -6.89118837002289 min: -11.773868357819381 max: 0.9669136463099087
Mean: -6.526787652555763 min: -11.757723456599876 max: 0.968622726926621
Mean: -3.9229988879194004 min: -11.398553002223979 max: 0.9268503276340674
Mean: -1.1939425170359663 min: -11.135103745742736 max: 0.9598536066999246
