Mean: -10.922375946884328 min: -11.248666193428013 max: -10.863571097454926
Mean: -10.91735238735782 min: -11.200516732680239 max: -10.863358989250287
Mean: -10.872123167215742 min: -10.888057552461326 max: -10.862491204781831
Mean: -10.843242451688463 min: -10.881653056067105 max: -10.808243182018462
Mean: -10.809414176370371 min: -10.855329883982552 max: -10.772485304311601
Mean: -10.879204982023884 min: -11.135967830470763 max: -10.770284646815371
Mean: -10.954522263933569 min: -11.638177577186067 max: -10.770814018710642
Mean: -11.094467299187599 min: -11.878195933715068 max: -10.734468399862946
Mean: -10.834807806948119 min: -10.868518938344717 max: -10.803397057104732
Mean: -10.91620012932606 min: -11.815620374272267 max: -10.782850799996902
Mean: -10.812681615973382 min: -10.852669881166456 max: -10.68641464596248
Mean: -10.35325628590811 min: -11.231791121166449 max: -6.056068188480841
Mean: -10.69668920767463 min: -10.770573040261553 max: -10.66393370588875
Mean: -9.446750069066312 min: -10.807312447381083 max: -4.386888169305251
Mean: -10.631554140468705 min: -10.68086306768367 max: -10.541523349832714
Mean: -10.573128444358272 min: -10.611478644020824 max: -10.542862671243181
Mean: -10.570640643957699 min: -10.63082607686116 max: -10.54777848726902
Mean: -10.619915664595238 min: -10.937205584209536 max: -10.555317500851551
Mean: -10.565769574701353 min: -10.634954603067381 max: -10.539103942857528
Mean: -10.570776601379952 min: -10.60137804991249 max: -10.517924311699097
Mean: -10.556518933365114 min: -10.599233447817308 max: -10.518586094880353
Mean: -8.160890725673184 min: -10.581712436481238 max: -4.588953280746098
Mean: -10.512204147526184 min: -10.583878034186178 max: -10.221237538764564
Mean: -10.44757953122564 min: -10.881099446707255 max: -10.199274077047757
Mean: -9.646203727300234 min: -10.674758018803495 max: -3.241513920024323
Mean: -9.847570212649515 min: -10.329262945671092 max: -9.268364520759027
Mean: -9.838643829930874 min: -10.10334203932412 max: -9.497075225361257
Mean: -9.371093163302474 min: -9.623961709865453 max: -9.234715513882305
Mean: -10.005697042630619 min: -10.317238224249135 max: -9.621057607426355
Mean: -6.932240139920372 min: -10.237840563120645 max: -0.6943268685450216
Mean: -9.957683486223159 min: -10.105188204440978 max: -9.338712113903188
Mean: -9.34488084677 min: -9.463396547826525 max: -9.268393038369961
Mean: -9.672020938189657 min: -10.072187974462885 max: -9.427656273533003
Mean: -9.326673007390148 min: -9.458728632609752 max: -9.262929280836143
Mean: -9.844490870557491 min: -10.104154392313418 max: -9.407654333017327
Mean: -9.757731818833525 min: -12.153737838941627 max: -9.24934443268184
Mean: -9.98433466920432 min: -10.172651132067543 max: -9.540850990713714
Mean: -9.334297186875201 min: -9.451242709373238 max: -9.23642137290902
Mean: -9.983792655330706 min: -10.150796141159022 max: -9.504650139438267
Mean: -9.31955085313427 min: -9.433926993869921 max: -9.247789108151242
Mean: -9.961200409456659 min: -10.0956405039093 max: -9.462904111701956
Mean: -9.538161645058228 min: -10.858323368532854 max: -9.221438330397536
Mean: -9.873364954603224 min: -10.076935200990508 max: -9.541475479266419
Mean: -9.302815302383992 min: -9.383143377271878 max: -9.201978734610917
Mean: -9.84548907426774 min: -10.271537330413105 max: -9.313040362246433
Mean: -9.368052309987657 min: -10.123736810297043 max: -9.202849450847308
Mean: -10.083808588321862 min: -12.198914477831615 max: -9.526081616747746
Mean: -9.318001696323394 min: -9.380580986602038 max: -9.197359627267758
Mean: -9.856475276540333 min: -10.020555441024138 max: -9.573133565472137
Mean: -9.3391628061581 min: -9.425161404351332 max: -9.216055642134593
Mean: -9.82777893774162 min: -10.08844460358612 max: -9.38570507607777
Mean: -9.375388929005322 min: -9.610583589614865 max: -9.19126752187725
Mean: -9.928863864750891 min: -12.200541599419802 max: -9.229104287974339
Mean: -9.308278420546193 min: -9.492446501138886 max: -9.185830194501559
Mean: -9.66762578522823 min: -10.07043202172076 max: -9.200021619962998
Mean: -9.30795335782697 min: -9.391217747163743 max: -9.20227627986815
Mean: -9.628008376853794 min: -10.055657518383928 max: -9.22330405983421
Mean: -9.305752317641941 min: -9.396022568064113 max: -9.25764767019175
Mean: -9.640262243398984 min: -10.021105581738503 max: -9.237021558769312
Mean: -9.516566081187287 min: -10.809186760058317 max: -9.29308061203142
Mean: -9.53809283409116 min: -10.004445581601123 max: -9.196100423140741
Mean: -9.272233286050504 min: -9.347054739296961 max: -9.184981643858283
Mean: -9.517244104882526 min: -10.067157509058584 max: -9.213062157930716
Mean: -9.339800547134912 min: -9.725551231980692 max: -9.200065149134929
Mean: -8.512285792487512 min: -10.042229127676142 max: -0.8970290404577167
Mean: -9.353236468776643 min: -9.404290267673282 max: -9.188295676378802
Mean: -9.402521557228713 min: -9.816209572488948 max: -9.175831282727659
Mean: -9.092605738084625 min: -9.507117785931836 max: -6.541104227072436
Mean: -7.9934978622566195 min: -10.139643005134035 max: -6.423383438760307
Mean: -6.506480682301214 min: -6.59619149321445 max: -6.418374937989913
Mean: -6.502528123117784 min: -6.803026217256645 max: -6.077739463867939
Mean: -6.142463258935452 min: -6.53901591350289 max: -4.983799342963126
Mean: -7.46125199632846 min: -11.08964076065808 max: -5.999078313030384
Mean: -6.174156209322898 min: -7.745071792350664 max: -5.8918445160333235
Mean: -6.298737093961124 min: -11.124249629907217 max: -4.852373936400099
Mean: -5.979526254956959 min: -6.864793378946375 max: -4.853713733396191
Mean: -5.889865675056796 min: -6.0319576551871705 max: -4.826859043922821
Mean: -5.79537341130426 min: -6.022574287520667 max: -4.920121887888609
Mean: -5.91971278534467 min: -8.40318924657616 max: -4.753646242384707
Mean: -5.430738500314112 min: -6.434718073342477 max: -4.737358816747705
Mean: -4.722403919649201 min: -4.797796343366372 max: -4.375717866698803
Mean: -4.779172599821978 min: -4.815687002949232 max: -4.736177374109779
Mean: -6.626358234398252 min: -12.199414244323782 max: -4.727623362913157
Mean: -4.776789630034913 min: -4.814871391021995 max: -4.742016305537343
Mean: -4.7829957777947545 min: -4.8909186880922055 max: -4.740413650016138
Mean: -5.262848087288232 min: -11.901385249649888 max: -3.153462662152267
Mean: -3.5734274728378197 min: -4.931509832822598 max: -3.1254581569344433
Mean: -4.070107781067663 min: -4.769162365784038 max: -3.1086434959491065
Mean: -4.319321018546572 min: -11.503210940827865 max: -3.0834142321452314
Mean: -3.3071237449960433 min: -5.174221520922987 max: -2.7649256503427644
Mean: -3.592383481968711 min: -4.716433908397923 max: -3.0201930613244583
Mean: -3.3080025406998494 min: -4.664729984309237 max: -3.115155636067182
Mean: -3.1286300017344657 min: -3.443004187100356 max: -2.815255633914568
Mean: -3.1639934985419544 min: -4.8465870212556 max: -2.7179539856826906
Mean: -2.7900248625347253 min: -2.85269210642514 max: -2.732998962772224
Mean: -3.6265347882241903 min: -10.267067371324465 max: -2.747152237250729
Mean: -3.849224218815606 min: -11.221125861343898 max: -2.73987546356313
Mean: -3.3473829820016965 min: -5.03750324638157 max: -2.7318293978210435
Mean: -2.7936237068336967 min: -2.8273663120259087 max: -2.7552907888763167
Mean: -3.5433175637155747 min: -9.976450420232458 max: -2.5198908554817074
Mean: -3.453717739740192 min: -10.50366918765345 max: -2.5064016640040645
Mean: -3.3311869338219595 min: -10.05734045833816 max: -2.5295009150680703
Mean: -3.3238921000601223 min: -10.344877550617143 max: -2.5224761843903263
Mean: -2.5704287154081293 min: -2.6244283505311943 max: -2.5206476101011006
Mean: -2.5469250146830857 min: -2.6250434371124522 max: -2.522035246567316
Mean: -4.251401779183077 min: -10.495275331932481 max: -2.508327364668012
Mean: -2.6732099196652412 min: -3.6968983885840236 max: -2.519483303256492
Mean: -4.166761930742021 min: -11.192887665166324 max: -2.5048611966823753
Mean: -3.250146062091789 min: -9.340424294605263 max: -2.515557299140745
Mean: -2.549124083637642 min: -2.6042698069235644 max: -2.5097894585774134
Mean: -3.689036673369311 min: -11.589618153960576 max: -2.5184517939445508
Mean: -3.459223467747898 min: -11.417107403271954 max: -2.5085040251833886
Mean: -2.550153085031189 min: -2.6237944354764844 max: -2.5262572738119173
Mean: -2.642032538283132 min: -3.5938164135408015 max: -2.5119178257402663
Mean: -2.5469057689640224 min: -2.6273832440683003 max: -2.520501302786762
Mean: -2.568597946559702 min: -2.751972823595295 max: -2.5107063793489486
Mean: -4.293760492213719 min: -12.002744885054813 max: -2.5087565513883936
Mean: -2.559395089155283 min: -2.6448357088330945 max: -2.5156565184381887
Mean: -3.4603638254949916 min: -11.623138415439987 max: -2.51744680785892
Mean: -2.5532805204465325 min: -2.6433171546582455 max: -2.498836952014476
Mean: -2.5436154211792026 min: -2.591810814211834 max: -2.516805142318244
Mean: -4.316682069534833 min: -11.641607500177116 max: -2.5061647478710842
Mean: -2.512111310571574 min: -2.591424472056678 max: -2.259803815192606
Mean: -4.00553898579533 min: -10.708147569505648 max: -2.248409621127547
Mean: -4.610448755667143 min: -9.990742810931431 max: -2.2565018884663925
Mean: -2.971654440318418 min: -9.324426467272206 max: -2.1802977539641355
Mean: -3.9703434336525794 min: -4.550625659403618 max: -2.239216584350592
Mean: -2.238687924177495 min: -2.298086251802543 max: -2.176855024061166
Mean: -4.468632197218355 min: -10.028077087612807 max: -2.287000952917619
Mean: -3.0139876179307694 min: -9.972497781317875 max: -2.1739569105493515
Mean: -3.6497871215594193 min: -9.98372153975575 max: -2.2278548942206666
Mean: -2.281098884220579 min: -2.3427631429155102 max: -2.217484676430024
Mean: -3.6849644191529647 min: -10.55677719435707 max: -2.233664470168438
Mean: -3.8425882964717863 min: -10.932528650161982 max: -2.170500185202551
Mean: -3.4764462704432546 min: -10.01619271359956 max: -2.0573933763436734
Mean: -2.2649896853686386 min: -2.2985636502951956 max: -2.226214393604867
Mean: -2.548270826580418 min: -4.604503600806394 max: -2.176787070542137
Mean: -2.3370841008389647 min: -3.1993296994259315 max: -2.182610529650029
Mean: -4.245065120531583 min: -9.992024646806065 max: -2.2482275061504944
Mean: -2.371196274925017 min: -4.141115460952509 max: -2.027196950418514
Mean: -7.1695920609164165 min: -10.060223158338902 max: -2.0955416225034025
Mean: -2.176804402219105 min: -2.652974815380788 max: -2.0687709803079377
Mean: -5.06910882928005 min: -9.829014097313927 max: -2.1060667302581337
Mean: -3.461775538532939 min: -11.549910125502196 max: -2.040157804880854
Mean: -3.554458469891157 min: -9.830422742032576 max: -2.089756850034593
Mean: -3.3294191640159694 min: -9.876198070282769 max: -2.0666956060590813
Mean: -4.603330630193336 min: -9.82378902723772 max: -2.062523431477184
Mean: -4.059261991474532 min: -9.968039321931954 max: -2.035383424598688
Mean: -3.4872709331231135 min: -9.816168266246688 max: -2.1079563833723953
Mean: -3.0322563007985237 min: -9.834788160501407 max: -2.063065103323489
Mean: -3.33657561679039 min: -10.213134742785144 max: -2.0298151617627713
Mean: -3.070954965514615 min: -9.858418185238229 max: -2.035252912218527
Mean: -2.788584718793404 min: -4.226089003022015 max: -2.0627230662197173
Mean: -6.582846100208796 min: -9.86034338839727 max: -2.951152226723756
Mean: -9.08399874425812 min: -10.129329454396826 max: -2.07607242124336
Mean: -7.141157032047879 min: -9.823436787708074 max: -2.044985315812257
Mean: -7.922555611513113 min: -9.89436215421155 max: -2.104373624820945
Mean: -8.81316564592797 min: -10.671650751390537 max: -4.281160723851267
Mean: -8.294158325577595 min: -9.84392060649285 max: -2.1259116066425126
Mean: -8.022750551040016 min: -12.271724636590585 max: -2.1124156306214723
Mean: -9.24883188037176 min: -9.85279757117342 max: -4.092991461202182
Mean: -8.677261938962252 min: -9.826194188724125 max: -4.347907414134957
Mean: -8.097523681877286 min: -9.90261673185754 max: -4.031371643144946
Mean: -8.804956377033088 min: -10.676253096187658 max: -3.662434638667164
Mean: -7.136586444607163 min: -9.825809643753967 max: -2.1035381364145658
Mean: -8.509636111226081 min: -9.830302309439446 max: -2.1825254268570684
Mean: -8.300042138281771 min: -9.999421652785191 max: -2.0433790640366087
Mean: -6.2486294133301925 min: -10.763339100491585 max: -2.0463696156484743
Mean: -10.090103464497421 min: -11.799259728579194 max: -9.802401066753998
Mean: -5.602542104799913 min: -11.443181083078208 max: -2.1442855291349154
Mean: -6.760293092328325 min: -10.529387903546414 max: -2.1080227905717335
Mean: -7.186656453963918 min: -9.831275734302642 max: -2.1720789457258736
Mean: -7.947161229162953 min: -12.343127345186815 max: -2.100690069927782
Mean: -7.684992326575383 min: -9.83040151156788 max: -1.9609175006279673
Mean: -8.550499962595204 min: -12.116756879786166 max: -1.9573158374074138
Mean: -5.937977528117192 min: -9.90615571041244 max: -1.9547150648862373
Mean: -5.509868500596392 min: -10.045543826527348 max: -1.9251583284204026
Mean: -4.705442381879693 min: -9.944457010130254 max: -1.861060040839956
Mean: -5.916169973489408 min: -11.74756489922183 max: -1.9146252565119588
Mean: -3.892649753805756 min: -12.073562295779723 max: -1.9248083635448063
Mean: -5.293149134509528 min: -10.048379879720342 max: -1.9005297344614438
Mean: -3.8526096218555126 min: -10.832143179558077 max: -1.9136629071569045
Mean: -6.151213005516619 min: -10.305063368598345 max: -1.8399179431353185
Mean: -5.181125303365305 min: -9.878256738210089 max: -1.9500822133474633
Mean: -4.570546714524814 min: -11.38021644393392 max: -1.9150084904381117
Mean: -6.0856089529056785 min: -10.118339928695796 max: -1.6560825666395913
Mean: -6.915824907554525 min: -11.703385711317068 max: -1.6239540778731718
Mean: -5.810470432148436 min: -9.994739356443976 max: -1.6658183673852245
Mean: -6.6992393640601335 min: -10.264563362106289 max: -1.6250029991515824
Mean: -7.532618238034567 min: -11.598111559805375 max: -0.9751832187118469
Mean: -5.51934335049624 min: -10.143124122719437 max: -1.074929079963844
Mean: -5.67240416697449 min: -11.393261012020652 max: -0.9910431399096369
Mean: -1.983827170347557 min: -10.254523596261318 max: -0.9789520030288286
Mean: -6.3178431959711485 min: -9.858323869065428 max: -1.0019889786362814
Mean: -2.0005861996504932 min: -9.862000903858448 max: -0.9996690566362862
Mean: -6.290617169633195 min: -9.870277486022724 max: -0.9959056563095261
Mean: -2.029048871677579 min: -10.91882000636309 max: -0.9964925804904818
Mean: -4.48219754165623 min: -9.84363245250383 max: -1.0006099434686442
Mean: -1.0415277642728575 min: -1.135174424629531 max: -0.9972034698261394
Mean: -6.537176334446947 min: -10.344063042258728 max: -0.9984960596047386
Mean: -1.9481533432214817 min: -9.785159758171877 max: -0.9965786710325044
Mean: -5.703036892814177 min: -9.894149018354309 max: -0.988059287218649
Mean: -1.1113639615984077 min: -1.6580515603349386 max: -1.0151637720229183
Mean: -6.44010273499603 min: -10.46403587770676 max: -0.924667015848228
Mean: -3.737315665907892 min: -10.12571344347848 max: -0.9710389138167314
Mean: -7.709891787499636 min: -12.012938700151079 max: -0.9213779051219007
Mean: -4.627789937209618 min: -10.156553905396859 max: -0.8950963428171809
Mean: -5.349841405090411 min: -10.333712711449884 max: -0.6274771285100691
Mean: -8.292330191478587 min: -12.43302074363564 max: -0.6106645270904791
Mean: -8.46679750776066 min: -12.098191688290973 max: -0.5066828964313053
Mean: -7.900496952232009 min: -12.123584299206996 max: -0.5372961728102743
Mean: -4.126475713833326 min: -12.57996112376383 max: -0.5054983339989134
Mean: -7.939170500453048 min: -12.016043421906764 max: -0.5268546775032753
Mean: -4.172476339716857 min: -11.931797128371235 max: -0.49760083633983215
Mean: -7.43260923620698 min: -12.290224518055627 max: -0.5069199606081474
Mean: -5.061537354939807 min: -11.955901590881409 max: -0.5043468608249654
Mean: -9.873149240480341 min: -12.101982012853423 max: -0.5069371364792494
Mean: -8.51693907351704 min: -12.552550411756474 max: -0.5069536953630296
Mean: -8.68509719986587 min: -12.253289956738744 max: -0.5042534999513635
Mean: -6.689810833812885 min: -12.094974571837838 max: -1.3151683965798713
Mean: -9.826241218333998 min: -12.326330449372076 max: -0.7013259035373848
Mean: -6.471126061817246 min: -11.95084500195451 max: -0.5097995031807211
Mean: -7.23815423753823 min: -12.106497365016352 max: -0.5066359599502192
Mean: -8.553342456412656 min: -11.98772948897124 max: -1.3169888263603293
Mean: -8.287497978406448 min: -11.984421786937608 max: -0.5090020564780481
Mean: -10.435861743306159 min: -12.001552808947594 max: -0.5095571867679084
Mean: -6.7032529975205035 min: -11.926304844982909 max: -0.5528493125808216
Mean: -8.42426629627502 min: -12.131199371365584 max: -1.3191714740475442
Mean: -6.744108580296694 min: -11.96074960687908 max: -0.5052970095770078
Mean: -9.701717376662456 min: -11.96431570813396 max: -0.506714399261712
Mean: -9.687142975138341 min: -12.531978143439655 max: -0.5382720259954452
Mean: -8.566593496125211 min: -12.611288945250344 max: -0.5092678194127278
Mean: -4.785859110064935 min: -11.947793484366548 max: -0.5067600692620978
Mean: -4.252025968746507 min: -10.007789166758219 max: -0.4356602602924418
Mean: -4.2681238467974065 min: -10.1026441496883 max: -0.4421596137871524
Mean: -7.100018038820875 min: -9.869658768927062 max: -0.5395052216674546
Mean: -2.7973158698198537 min: -9.91669284111495 max: -0.5238179804819684
Mean: -3.9959322802391357 min: -12.01558428118461 max: -0.5309415801513724
Mean: -3.756190816984698 min: -11.953549779322715 max: -0.5309394644868121
Mean: -1.9605154544839056 min: -9.59841124221601 max: -0.5242697125988528
Mean: -1.863134480371921 min: -9.842193896935393 max: -0.5111215769183329
Mean: -4.355837773539422 min: -10.099882400087022 max: -0.5072541376809828
Mean: -5.225239676746957 min: -10.278971782935775 max: -0.4418404344449024
Mean: -3.306143733119808 min: -10.133320268998416 max: -0.44375539948838544
Mean: -4.360901320035856 min: -11.457727318955957 max: -0.4365972031452982
Mean: -4.324704251144178 min: -10.649626200958455 max: -0.43584321996720504
Mean: -3.3682991059933576 min: -10.03659194108697 max: -0.44025234854335776
Mean: -6.110897394453571 min: -11.841095019358526 max: -0.15596221689959466
Mean: -5.048887592411903 min: -9.969767597161372 max: -0.4426386213440249
Mean: -3.370827130219621 min: -10.101335954915035 max: -0.44157778315221535
Mean: -3.193012636440169 min: -9.54407780913374 max: -0.4400198156137033
Mean: -3.2783297318879656 min: -10.091855532840114 max: -0.4421406053810894
Mean: -6.169958519701248 min: -11.981325938850865 max: -0.44021169264580196
Mean: -3.4243584324719385 min: -10.682009026884739 max: -0.4399682193818948
Mean: -3.2710993161301998 min: -9.724762608143223 max: -0.4397959272255977
Mean: -4.360131124240812 min: -10.109080811136604 max: -0.4404971686908604
Mean: -6.060960890758855 min: -12.145987259886024 max: -0.44022201742032874
Mean: -3.7515318822711015 min: -11.866227914712258 max: -0.3720667594608445
Mean: -4.449682914245559 min: -9.51696434207866 max: -0.45329704673576143
Mean: -4.403307093670664 min: -10.177231285924504 max: -0.44098272112169495
Mean: -2.2395146162701165 min: -9.450795314600148 max: -0.4306642498769524
Mean: -4.499361230508989 min: -10.111999448793568 max: -0.4008495511689125
Mean: -4.227870588356893 min: -9.508450913866826 max: -0.45575638785374534
Mean: -4.410485207300592 min: -10.128899722547374 max: -0.3696849410141451
Mean: -1.738384508141754 min: -8.982893504680172 max: -0.44056183653810327
Mean: -7.564083378812794 min: -10.064908338307095 max: -0.4319993064290162
Mean: -2.482219788227739 min: -9.576207656197415 max: -0.4308815502078364
Mean: -8.251737282704358 min: -11.5569491729479 max: -0.3699868317157903
Mean: -3.808815853051712 min: -11.31170610933433 max: -0.44265578539218037
Mean: -8.290217186221408 min: -11.819756096411272 max: -0.45271051786053906
Mean: -4.326029946048877 min: -9.58770688137685 max: -0.44037688014575593
Mean: -9.675719422437556 min: -10.101758616870187 max: -9.143434505626944
Mean: -3.7053131973508755 min: -10.29816247635365 max: -0.4400667016654357
Mean: -8.988872209429193 min: -10.135963450364367 max: -0.3709393862528882
Mean: -3.212727688054521 min: -9.523344637537416 max: -0.44222274397922967
Mean: -10.215506368086357 min: -12.07731229099311 max: -8.980823697896547
Mean: -2.7375014736643415 min: -11.495886628527916 max: -0.44041596616881634
Mean: -7.525563153043711 min: -12.211068224668171 max: -0.942022433897974
Mean: -5.113780929941556 min: -10.072833064594345 max: -0.43089765298415256
Mean: -9.945839673463551 min: -10.227941737115081 max: -9.289401222868406
Mean: -4.386588990948388 min: -9.54397949591256 max: -0.4400863595340263
Mean: -9.105474045579573 min: -10.132685024704298 max: -0.37128542802201775
Mean: -5.231053009430653 min: -11.722848864612068 max: -0.4280675789280603
Mean: -9.264973627971177 min: -10.821433259885316 max: -3.1039166466114865
Mean: -9.706801579223669 min: -10.683014002936899 max: -6.20077445055041
Mean: -7.355648836820537 min: -10.478683623477941 max: -3.2327943423637873
Mean: -7.268332942475894 min: -11.991971575608577 max: -4.1911214275884126
Mean: -7.159153033359464 min: -10.455729361341339 max: -3.300091816306905
Mean: -8.60367257162597 min: -11.007417199542596 max: -3.686959450490201
Mean: -7.773190566356989 min: -12.023499345666046 max: -2.5555201023059313
Mean: -5.1817546266415295 min: -5.962779124585156 max: -2.6970538240415993
Mean: -4.932890398684185 min: -5.910435478440674 max: -2.542951986669027
Mean: -4.486856951320501 min: -5.771996731217493 max: -2.553379390880701
Mean: -5.584890862780886 min: -11.115251506914303 max: -2.5508437139271005
Mean: -5.194116984912866 min: -10.833078062496709 max: -2.669581032831599
Mean: -4.5797311650336265 min: -6.055603998886579 max: -2.557741850019813
Mean: -4.530839531817103 min: -5.556506525022627 max: -3.599368972060381
Mean: -5.110660302414361 min: -10.551755434044537 max: -2.5443294866324866
Mean: -4.856735811132897 min: -5.677426124663355 max: -2.668769073469078
Mean: -4.578658967704018 min: -6.052976984107726 max: -2.5431748235247715
Mean: -4.790701635836172 min: -5.894756101258154 max: -2.6025039331132676
Mean: -5.518135433332762 min: -10.858038152824706 max: -2.6066827308912264
Mean: -4.69321299012758 min: -10.007228245413044 max: -2.5951459746703662
Mean: -5.365423751005122 min: -11.852553016925954 max: -2.558434987299947
Mean: -3.8966993936968928 min: -5.045107234345569 max: -2.7773339612531975
Mean: -4.156441428387545 min: -5.084907091911608 max: -2.7788944083169005
Mean: -3.921410135347263 min: -5.733992369299054 max: -2.862522574739609
Mean: -4.284243353939361 min: -5.093819816435086 max: -2.814632729553671
Mean: -4.693643263565873 min: -10.148836461507956 max: -2.5018015315169553
Mean: -4.56900837730999 min: -5.357066051725296 max: -3.391512611477941
Mean: -4.141474329760067 min: -5.22747850083278 max: -3.42773683945814
Mean: -5.027528283653986 min: -10.817248928369166 max: -2.784002849359375
Mean: -4.490406358518551 min: -5.312413896688852 max: -3.430467716349816
Mean: -4.3492887908490285 min: -10.156793644208697 max: -2.7978427139694584
Mean: -4.870239583079135 min: -10.277298651404033 max: -2.6600719828921564
Mean: -3.5835409249378634 min: -4.531238859465477 max: -2.8004974121894626
Mean: -3.321721536312881 min: -4.714692816097561 max: -2.438355110479569
Mean: -3.625396537217526 min: -4.785134352698142 max: -2.5780065636315963
Mean: -4.850195997061759 min: -11.410905521656725 max: -1.8977124795156004
Mean: -7.0420351806141515 min: -11.551900107004316 max: -2.5890912181125416
Mean: -3.7997445968156796 min: -4.924865938960913 max: -2.8301209107113845
Mean: -4.074665306848678 min: -5.17556690628241 max: -2.8267019965745104
Mean: -3.4870126593805253 min: -4.787726999856055 max: -2.7642428387604294
Mean: -4.757643664994491 min: -11.758202004872754 max: -2.8281995988107536
Mean: -4.431105428820244 min: -10.98922851967381 max: -2.6437705425189013
Mean: -4.029412884969149 min: -5.455172158021259 max: -2.6650012641587666
Mean: -3.725646992484377 min: -5.45515903055689 max: -2.7085353306325377
Mean: -3.822502639708778 min: -4.809175526842386 max: -2.671549753000235
Mean: -2.9972604035277888 min: -4.84535259134206 max: -2.0766070674455888
Mean: -2.8587074930257304 min: -5.051909123204472 max: -2.042058529231093
Mean: -3.1393756331271963 min: -9.808300084287094 max: -2.0722769116220743
Mean: -2.248585360270509 min: -4.154667958546925 max: -1.75393476822099
Mean: -2.4799845951720085 min: -4.279838733932291 max: -2.0571785666827545
Mean: -2.832382682175968 min: -4.840195880060681 max: -2.0543143253112253
Mean: -3.03297525249488 min: -4.864304919156734 max: -1.9185584915298757
Mean: -2.2775291125474473 min: -4.127828084653255 max: -2.045662638976994
Mean: -4.259295942334412 min: -11.331412290094374 max: -2.045635009225966
Mean: -4.066800916490687 min: -11.366361838779955 max: -2.033757414806541
Mean: -2.5517344814178493 min: -4.782111605672424 max: -2.0335744795062727
Mean: -4.056497094399505 min: -11.120276045659526 max: -2.0074883165577457
Mean: -2.518651071055962 min: -4.7947270984545955 max: -1.7319157846638222
Mean: -3.2087021184855153 min: -10.710627456363705 max: -2.067143979353619
Mean: -4.029303423127427 min: -11.004519435454377 max: -2.057854374104575
Mean: -5.254058891465548 min: -11.167885529875326 max: -2.0435296381910875
Mean: -4.325856810222455 min: -11.663888125508082 max: -1.8706878079234739
Mean: -4.98216994493817 min: -11.13065807302507 max: -2.0323993846861796
Mean: -2.054185174156355 min: -2.0750234646696155 max: -1.9875441031300947
Mean: -6.184070316214725 min: -11.168277407394902 max: -2.057735473413204
Mean: -3.150000302552658 min: -10.894084073173564 max: -1.7281203772794211
Mean: -4.66884984229767 min: -11.022429728698533 max: -2.0691778220157833
Mean: -3.451082477609167 min: -10.614893421964695 max: -2.0487381194158227
Mean: -4.119712087049653 min: -11.11729336681034 max: -2.0700965406317455
Mean: -2.7872025224515196 min: -4.7818745726076255 max: -2.070733433551762
Mean: -5.188506422141757 min: -11.020065069712134 max: -2.0745291373103902
Mean: -2.5778155652629278 min: -9.9126475460311 max: 0.59132572993457
Mean: -3.4774531398106907 min: -11.164193385513979 max: 0.5729582462719167
Mean: -1.6065482007673129 min: -4.895215794409206 max: 0.5702200162061777
Mean: -4.909472780077203 min: -11.56492731021909 max: 0.5566813465677177
Mean: -3.688043777445516 min: -11.680875490034937 max: -1.7303116421855207
Mean: -1.9642981254295109 min: -4.404155144287135 max: 0.5824257626548676
Mean: -1.5087847865164843 min: -4.6940503380618095 max: 0.5911566812926069
Mean: -6.876186232480838 min: -10.528855269738788 max: 0.5698299223565704
Mean: -3.5072887051578063 min: -10.712984446630468 max: 0.5949081721785225
Mean: -2.169822799694759 min: -10.46987848621592 max: 0.5705371083918866
Mean: -2.084250901481418 min: -9.79682745338674 max: 0.5858836665694743
Mean: -2.835600847883512 min: -10.335186838441711 max: 0.5712696390870817
Mean: -1.8383358423510159 min: -2.2683944470455395 max: 0.5866013085832615
Mean: -3.519872612204144 min: -10.91211909298719 max: 0.6064007030315007
Mean: -1.9702036019232676 min: -2.323022190254164 max: 0.5514597343103989
Mean: -3.044328564764342 min: -9.717540739018713 max: 0.5917885557761586
Mean: -3.0145215206040605 min: -9.639314592201993 max: -2.2456717208637618
Mean: -3.5795508914201077 min: -9.720859520823124 max: 0.5941833949150178
Mean: -4.190275859492885 min: -11.454403563352667 max: -2.22608435742706
Mean: -2.0043377629668826 min: -9.733607481553815 max: 0.5940439999381476
Mean: -1.9858847126742734 min: -2.322945441993719 max: 0.5625584985868914
Mean: -4.699204672254032 min: -10.704132680722054 max: 0.6077907634896293
Mean: -5.197823643714057 min: -9.670942891171821 max: -2.193483189976272
Mean: -5.007650698836643 min: -9.734987676497155 max: 0.5911587772383747
Mean: -2.4407929444820495 min: -9.728179132311192 max: 0.5918007403553025
Mean: -2.107330040395615 min: -10.597944856443926 max: 0.6794039836999443
Mean: -3.0718521932313694 min: -9.935934042090405 max: 0.6817370779207057
Mean: -1.6492302900339577 min: -9.702772696616162 max: 0.7129465529525268
Mean: 0.2906685986805656 min: -1.3563353609329147 max: 0.7885741287959706
Mean: 0.5647269744786216 min: -1.1159603100364714 max: 0.7782635816163167
Mean: 0.04797309759846571 min: -1.2568319484757025 max: 0.7794171971415944
Mean: -4.868481626809367 min: -10.313353397218707 max: 0.7153178644666203
Mean: -0.8613196174981154 min: -9.717085223807208 max: 0.7448812489247547
Mean: -0.5129803219965704 min: -11.783823110467745 max: 0.754725126115895
Mean: 0.2403767368938739 min: -2.3456368306768867 max: 0.7780024230760011
Mean: -1.4365580766030497 min: -11.563860240611842 max: 0.728139680904851
Mean: -0.08492564636970075 min: -1.9768056148124145 max: 0.7422849534233295
Mean: 0.5658736094690427 min: -1.0590030198109355 max: 0.7896146507685845
Mean: -0.4319738272609908 min: -9.329861673109223 max: 0.7787748708143046
Mean: -0.5368350222645792 min: -1.2295446517401734 max: 0.7988672095679974
Mean: -1.3134503237246515 min: -10.822887498461746 max: 0.7860335191598669
Mean: -0.9490945713292988 min: -9.316214289749693 max: 0.781521733993432
Mean: 0.39592096397181054 min: -1.1635485512772064 max: 0.7884597727068995
Mean: -0.3498597384977672 min: -1.2254808130608528 max: 0.7910780540827246
Mean: -0.5089695974480091 min: -1.1130958302935736 max: 0.7891844494504445
Mean: 0.27353098899760303 min: -1.1644682474113544 max: 0.8318025890071951
Mean: 0.7509555424780358 min: 0.6900301775091207 max: 0.8415856684911865
Mean: -0.4996360648579262 min: -1.1225446252708302 max: 0.7506817570905575
Mean: -1.208164001458441 min: -11.700461794730385 max: 0.7664303569944665
Mean: -2.8775590167110225 min: -11.831771556207327 max: 0.7792170907273299
Mean: 0.5679773898788054 min: -1.101965696431661 max: 0.7820715660101059
Mean: 0.05489408965922051 min: -1.103923461686302 max: 0.7834667575937029
Mean: -0.08230514617181502 min: -2.098897500123111 max: 0.7986544613655874
Mean: 0.2544903209054166 min: -2.5228256309388524 max: 0.7974760094682283
Mean: -0.8234475522707936 min: -11.79288309104038 max: 0.786285379861965
Mean: 0.771671123236328 min: 0.741058154670726 max: 0.7924170750124534
Mean: -1.450703354650272 min: -10.70856994916583 max: 0.7774210858324974
Mean: 0.684456617589463 min: -0.10575773801119288 max: 0.7920821148225663
Mean: -0.5633734110012298 min: -10.108681790849895 max: 0.7862757364717456
Mean: -1.533779951223303 min: -11.524865745760186 max: 0.7905414518549396
Mean: 0.7659565368403906 min: 0.7406772727305863 max: 0.7835155061956885
Mean: 0.7700832451012054 min: 0.7533609747725829 max: 0.7883298739367419
Mean: 0.7616096281853372 min: 0.7268076604521105 max: 0.7770793085541322
Mean: -0.7438886778208473 min: -10.070279550069499 max: 0.7804061743673228
Mean: -2.415568382431215 min: -10.037232810140715 max: 0.7811492590153717
Mean: 0.7756752113158072 min: 0.7524929561082628 max: 0.8140781538349748
Mean: -1.3354534481757905 min: -9.89578713858277 max: 0.792751429635435
Mean: -1.678139478054814 min: -11.71275075133529 max: 0.7934721944684013
Mean: 0.7649625443124157 min: 0.7550504680954268 max: 0.7745159124760854
Mean: 0.7698391513532765 min: 0.7548675868630627 max: 0.7923974961180573
Mean: 0.7657867498030713 min: 0.7515069956290037 max: 0.7809385313361399
Mean: -0.26878027546864425 min: -9.633442183871573 max: 0.7857670178272629
Mean: 0.7727112152316455 min: 0.7499990138957 max: 0.7867592137371489
Mean: 0.7641560301762002 min: 0.7270956885915926 max: 0.786113556588616
Mean: -0.48756094830567076 min: -11.772543173617684 max: 0.7733633222667272
Mean: 0.7631896354993188 min: 0.7433012335824661 max: 0.7754402056536721
Mean: -0.6577179643341717 min: -11.220242417296475 max: 0.7876314391841938
Mean: 0.7713619193909093 min: 0.7488913750167293 max: 0.7918165049715371
Mean: -0.7715593344104261 min: -11.767842175422137 max: 0.7884798954159531
Mean: 0.6713552744825029 min: -0.12317919943083622 max: 0.7855816324985195
Mean: 0.295444953288541 min: -1.9637908344541892 max: 0.8003599372933246
Mean: 0.6348685025289079 min: -0.045886302187397865 max: 0.8025663425937056
Mean: -1.607416004410073 min: -10.61556883714816 max: 0.7853430776434575
Mean: 0.7645904129743565 min: 0.7494609184257347 max: 0.7883496933445635
Mean: 0.4797806829602784 min: -0.6748021842814373 max: 0.7728669491937755
Mean: 0.763178770341316 min: 0.7506976946415825 max: 0.7787764610591412
Mean: 0.7637898098986271 min: 0.743334035672996 max: 0.7811322911632818
Mean: 0.7593924059307287 min: 0.7392268220786955 max: 0.7878370102069068
Mean: 0.7622111590788354 min: 0.7311953186172476 max: 0.7872591886614265
Mean: 0.7763993943294772 min: 0.706971853222678 max: 0.8992658634420977
Mean: -0.29442402428120595 min: -9.802140624403878 max: 0.8040355396281178
Mean: 0.644454620248108 min: -0.444114730586046 max: 0.7749469307494368
Mean: -3.2390867958455893 min: -11.824665699025752 max: 0.7968162760373539
Mean: 0.7648771495896947 min: 0.7368776018640326 max: 0.7763297620413474
Mean: -0.3746604468235716 min: -9.827591372578961 max: 0.8062993438927224
Mean: -0.7033407537395961 min: -11.153816454024314 max: 0.7907248007354193
Mean: 0.21653806503964645 min: -1.9919313444702915 max: 0.809986083875273
Mean: -2.7700740854155392 min: -11.190733559047267 max: 0.8138711391693908
Mean: -1.095219305852962 min: -9.724116991802928 max: 0.8107626075718285
Mean: -0.4236621442102638 min: -11.18639441038357 max: 0.822736096895169
Mean: 0.4919924103179637 min: -0.673850101997866 max: 0.8198144641470462
Mean: 0.44557408860676445 min: -1.0553712239037913 max: 0.8079361095961529
Mean: 0.5728895970664322 min: -0.7635460586967752 max: 0.8669585111428769
Mean: 0.7763111302411391 min: 0.6883689244683833 max: 0.9074066433817024
Mean: 0.18062146655337197 min: -2.0437022654352632 max: 0.8147136720983388
Mean: 0.2983418133518304 min: -1.0615925299685667 max: 0.8194463915095472
Mean: 0.647012817157006 min: -0.6929885979275295 max: 0.9089965734396132
Mean: 0.3220912844403915 min: -2.23494640528931 max: 0.802145338838578
Mean: 0.43948226162097487 min: -0.8029108285800564 max: 0.8352210330908573
Mean: -0.2841306964388071 min: -9.99845535059002 max: 0.8644338817654149
Mean: 0.23576294104416076 min: -0.7938011130835166 max: 0.9869501443038152
Mean: 0.6645800211460242 min: -0.514626972766167 max: 0.8721373211344708
Mean: -0.19683781402340791 min: -4.710770813866346 max: 0.8656161758754226
Mean: 0.514384536210697 min: -0.9391854714465118 max: 0.8881968878633721
Mean: 0.6662824219941124 min: -0.5800984497432814 max: 0.8849466328141563
Mean: 0.8348733178507768 min: 0.7478935705275173 max: 0.8860981987275763
Mean: -0.07503712055726275 min: -5.27626280536229 max: 0.8854489801766298
Mean: -0.20076674341197567 min: -9.353181192032999 max: 0.8711240438444151
Mean: 0.8210028833071027 min: 0.5638761296830043 max: 0.9346414107984119
Mean: -0.35326051324102603 min: -11.167938340487433 max: 0.885005925280622
Mean: 0.5250841394067732 min: -0.787485648393293 max: 0.8732789769395534
Mean: 0.3900035062494437 min: -0.7354334970677187 max: 0.8851634869539754
Mean: 0.8021841467290753 min: 0.6614661187157401 max: 0.8636233344993114
Mean: 0.6701166108130105 min: -0.6634519581897488 max: 0.8902468163727025
Mean: 0.30059306455708135 min: -2.0234773539440285 max: 0.8973432476011927
Mean: -1.0846753302391448 min: -11.153775164006767 max: 0.8755688092136991
Mean: -0.10362283140573311 min: -1.8363313974147566 max: 0.8489058244069226
Mean: -1.4473273676476406 min: -11.175892484842803 max: 0.8783770346267834
Mean: 0.5325968937097446 min: -0.7237992295543211 max: 0.8842357476600745
Mean: 0.09225452656770348 min: -0.8076031165893225 max: 0.8721686110110498
Mean: -0.8292815302626562 min: -10.187979246141662 max: 0.8552357844435668
Mean: 0.6900606833947293 min: -0.6892266761413708 max: 0.8814661110178247
Mean: 0.514015765299799 min: -0.750377206268303 max: 0.88019177526225
Mean: -0.6716298851473814 min: -11.15220741835959 max: 0.8800743876472521
Mean: 0.2545658512293107 min: -0.7604298138864366 max: 0.88427590344436
Mean: 0.34669932324170344 min: -0.732002072060038 max: 0.8819756220132975
Mean: -1.8843929344309263 min: -11.168412329531117 max: 0.8856324461729138
Mean: 0.4122418639257903 min: -0.7198178143328203 max: 0.8854170416599672
Mean: -1.9525162166658887 min: -11.783274432988636 max: 0.8715002661769278
Mean: -1.6175372314117804 min: -11.556401041853945 max: 0.8828308157176189
Mean: 0.6578367826937319 min: -0.7129335349835498 max: 0.8709114203596438
Mean: 0.24806643769471645 min: -1.9326933808215367 max: 0.8728975450212634
Mean: 0.08275135345974716 min: -0.8209698349645353 max: 0.8868292606421192
Mean: -10.553195378684052 min: -11.597549431363742 max: -6.3644132694242375
Mean: -11.06021528748585 min: -11.741659240535647 max: -10.725976784084054
Mean: -10.760598425764673 min: -10.80670024948325 max: -10.671133592990863
Mean: -10.153085598289 min: -10.785586849213578 max: -4.86110734566153
Mean: -7.794644427722487 min: -10.729477012490367 max: -4.848333836191905
Mean: -4.830126318440909 min: -4.920233153424102 max: -4.523281274804263
Mean: -4.815503206679081 min: -4.863311838345512 max: -4.498581772802823
Mean: -4.858365378555573 min: -4.920739456961338 max: -4.823242875941744
Mean: -5.9133700110143375 min: -10.710635591679456 max: -4.826618810963931
Mean: -7.762935178520806 min: -10.71942876517858 max: -4.72280367616051
Mean: -4.8283240378136165 min: -4.860423474415855 max: -4.6022119374908605
Mean: -5.392135743917995 min: -10.697558810162766 max: -4.653506780269792
Mean: -4.929124039417383 min: -6.240195999738064 max: -4.503894124183749
Mean: -5.368278253719562 min: -10.592153456653888 max: -4.647384529717348
Mean: -5.456794487684079 min: -10.700707321222277 max: -4.819136701320481
Mean: -4.757240986153989 min: -4.8540576564517375 max: -4.653628664575447
Mean: -5.444110719455599 min: -10.79472580693261 max: -4.819096653544273
Mean: -4.7653420711528 min: -4.860314662500318 max: -4.654242206001123
Mean: -4.842781294966213 min: -4.860722367414848 max: -4.731720254422445
Mean: -7.0544804145462425 min: -10.696816458508787 max: -4.647641006156723
Mean: -5.539363999378109 min: -10.777001935754313 max: -4.718447783627953
Mean: -5.285490724019899 min: -10.764726596299955 max: -4.634733335432359
Mean: -5.366813314612203 min: -10.73505881163616 max: -4.689520035046262
Mean: -4.641167783011122 min: -4.70069943980765 max: -4.546507553422022
Mean: -5.897958076047526 min: -10.744513965313804 max: -4.692167134440757
Mean: -4.50915760211356 min: -4.681405603721923 max: -4.15950543806932
Mean: -7.099327700710212 min: -11.549302826351378 max: -4.4874211237915
Mean: -4.178055300581866 min: -4.366944899481141 max: -4.13934038194959
Mean: -5.111890525829385 min: -10.525568370328237 max: -4.084332482399438
Mean: -4.878321729214468 min: -11.149863479577874 max: -4.14502843801866
Mean: -6.38089773387431 min: -10.943202821706072 max: -4.545419872639312
Mean: -4.220964500421968 min: -4.3702685861424975 max: -4.15441427154316
Mean: -5.727125943576004 min: -10.65560702585827 max: -4.4774552243747765
Mean: -4.1970473544049325 min: -4.369569526279966 max: -4.154004207638788
Mean: -7.022815794644377 min: -10.751608023232889 max: -4.098358321748071
Mean: -4.20146618489178 min: -4.398812495404567 max: -4.150791904274715
Mean: -7.449800320555549 min: -10.493464233810766 max: -4.108661146927678
Mean: -4.26660092654915 min: -4.372342071813212 max: -4.153343697696784
Mean: -8.74953873383415 min: -11.125986878994231 max: -4.488013602651585
Mean: -4.390884358995246 min: -5.853450632081435 max: -4.153964885975868
Mean: -6.871274628365525 min: -10.478690949830142 max: -4.108150613618347
Mean: -4.194289495247734 min: -4.367125486050534 max: -4.096750175283554
Mean: -6.256778400024994 min: -10.554399077322255 max: -4.360964234690377
Mean: -4.104684915197547 min: -4.1992305868320186 max: -4.070292521887915
Mean: -4.361649041819994 min: -4.36892738053417 max: -4.355561040191055
Mean: -4.091953995475713 min: -4.192575306238044 max: -4.068329340855319
Mean: -4.376448349443363 min: -4.4678676981796865 max: -4.358138773345519
Mean: -4.1128833250485055 min: -4.2829752475768625 max: -4.079692665091704
Mean: -4.973151220319941 min: -10.462909741019446 max: -4.356994926028454
Mean: -4.882611339787703 min: -11.718976713810594 max: -4.075341834003937
Mean: -4.984254174903356 min: -10.79469561649938 max: -4.0981066187468205
Mean: -3.9737889487818734 min: -4.172546457712684 max: -3.8242757604920494
Mean: -9.36588195029881 min: -10.839330028265746 max: -3.8233035040961183
Mean: -3.8434265185699106 min: -3.9328588947037 max: -3.819796485204518
Mean: -8.662037270075313 min: -10.790507488785684 max: -3.8219497836134644
Mean: -3.8380596093640187 min: -3.8606353220221172 max: -3.820351546773079
Mean: -7.984596720120192 min: -10.776647311390223 max: -3.821771403666918
Mean: -3.8247240996280687 min: -3.8572784841479937 max: -3.6935798532905673
Mean: -7.2117340298808035 min: -10.742418956029384 max: -3.593674285175014
Mean: -3.679444535594127 min: -3.7432927044216617 max: -3.592512666589243
Mean: -6.499334789124575 min: -10.7350743083398 max: -3.6930758888696595
Mean: -3.732308819039427 min: -3.793948643913035 max: -3.6698011558205614
Mean: -5.8277911254045405 min: -10.742722955297602 max: -3.6695245140951935
Mean: -3.6813490052721463 min: -3.9087338091015953 max: -3.5423143795562426
Mean: -5.045495868448131 min: -10.655294583573953 max: -3.51644954084385
Mean: -3.5443862008808593 min: -3.5525678305274258 max: -3.5287320676991074
Mean: -4.941248720680721 min: -10.705840620681084 max: -3.5186257708854773
Mean: -3.326078006157644 min: -3.551629843367913 max: -3.079880292655619
Mean: -4.111932346461591 min: -11.626997962803346 max: -3.0597307077546483
Mean: -4.836522208820821 min: -11.915052302103852 max: -3.090587516685891
Mean: -3.1388392514027332 min: -3.3058680209475315 max: -3.045713297164607
Mean: -10.677088485315323 min: -10.691782719666481 max: -10.65782276165001
Mean: -10.688316111868286 min: -10.704583767972762 max: -10.675261559272045
Mean: -10.699329322490323 min: -10.732200671510864 max: -10.680102140147891
Mean: -10.810242153095459 min: -11.356174613054488 max: -10.659782071742711
Mean: -10.68606848026444 min: -10.709211827461592 max: -10.655955990227715
Mean: -10.681201327799887 min: -10.729249005489486 max: -10.6529374821917
Mean: -10.681442691391199 min: -10.701815421072162 max: -10.666440908008163
Mean: -10.674747651575547 min: -10.718996289210068 max: -10.634891383076646
Mean: -10.685752554374092 min: -10.728733432850955 max: -10.642908780687891
Mean: -10.694489208134765 min: -10.798812154346022 max: -10.649336263457593
Mean: -10.677792742679047 min: -10.744385394307665 max: -10.596198389656935
Mean: -10.736883190056435 min: -11.43748116391002 max: -10.577656254584312
Mean: -10.693643599511763 min: -10.761980882850368 max: -10.651195861472889
Mean: -10.66189409926883 min: -10.710848622144852 max: -10.490531742497126
Mean: -10.684096002611392 min: -10.711836230747478 max: -10.655486913210837
Mean: -10.676075343876656 min: -10.7015638213135 max: -10.634187759758703
Mean: -9.943025318334797 min: -10.702800894525492 max: -3.2859564208832115
Mean: -10.676319813856392 min: -10.707692487097578 max: -10.64877989890518
Mean: -10.702067940605616 min: -10.732524234612178 max: -10.681070638665107
Mean: -10.697564769800803 min: -10.78761218654214 max: -10.65412021530567
Mean: -9.91824987236104 min: -10.722109890097427 max: -3.0449006361556084
Mean: -10.67913004856494 min: -10.730378567563221 max: -10.647227907270162
Mean: -9.140318302371009 min: -10.69511321246329 max: -2.9586793079521256
Mean: -10.66939608607165 min: -10.689912918600191 max: -10.656345132362295
Mean: -8.387822455102711 min: -10.700516992274036 max: -2.9069220990507785
Mean: -10.675587439607748 min: -10.716359759330393 max: -10.631865317404085
Mean: -8.403750224276283 min: -11.18856856373859 max: -2.8811383957776537
Mean: -10.65008490840128 min: -10.720861039642772 max: -10.597783384139401
Mean: -6.878541486467509 min: -11.359355493695984 max: -2.8904253212101674
Mean: -10.695227843704625 min: -10.771431429841602 max: -10.628432285439425
Mean: -6.014542072522038 min: -10.789622966908695 max: -2.8702509330796757
Mean: -10.797619751310892 min: -11.910413065112872 max: -10.618097190215206
Mean: -5.251113283453972 min: -10.722043045340431 max: -2.8861364437623704
Mean: -10.726053617320598 min: -10.86609060196563 max: -10.595465146185552
Mean: -4.438952598712562 min: -10.753888492203442 max: -2.8576538304756247
Mean: -10.728084064986632 min: -10.844381286370476 max: -10.623343268277418
Mean: -3.6710762607781353 min: -10.708768241975395 max: -2.8591242829838106
Mean: -9.342850271012242 min: -11.427733364371983 max: -3.193004172496142
Mean: -2.9163373544527964 min: -2.987677058672291 max: -2.8711951439140724
Mean: -10.66448079529554 min: -10.771763634063753 max: -10.569280284405012
Mean: -3.845972485590378 min: -12.040393090144013 max: -2.885425139221607
Mean: -10.737305288765963 min: -11.841924410551334 max: -10.467233459439031
Mean: -2.890747206771868 min: -3.0119820466041927 max: -2.512841493301976
Mean: -6.686593876109258 min: -11.415965191711408 max: -2.508879356476569
Mean: -3.4116721916245973 min: -11.316168551973625 max: -2.4912550953632966
Mean: -2.53470793097663 min: -2.6129072421751034 max: -2.4964499439935093
Mean: -3.4732735651215036 min: -12.175184872341765 max: -2.4939295178596845
Mean: -3.457078024250179 min: -11.779895210537717 max: -2.501289234428999
Mean: -2.547837109544645 min: -2.9435943365919957 max: -2.4915303800577213
Mean: -3.464743439551147 min: -12.123412206383843 max: -2.494083638925905
Mean: -2.226517395194132 min: -2.509287015784543 max: 0.1862863418681504
Mean: -2.4208407270696126 min: -11.856233307705786 max: 0.1701950504158677
Mean: -2.9702456954362133 min: -11.68085428522638 max: 0.18158446139357087
Mean: -4.245971100547679 min: -11.823614703552078 max: 0.11482523116807668
Mean: -5.656283795200372 min: -11.835918333770595 max: 0.12986241166840393
Mean: -5.980356979852115 min: -11.834737567515996 max: 0.09573764040199487
Mean: -4.235863304375778 min: -11.869865964942337 max: 0.12505661533223272
Mean: -3.589727462083188 min: -12.252576447320727 max: 0.09982354997048729
Mean: -7.485413566819342 min: -11.867679534547321 max: 0.10542484940550982
Mean: -3.2854470801658 min: -11.848138941536563 max: 0.20952944332833598
Mean: -2.0992130924718624 min: -11.831451437695485 max: 0.15836929217336157
Mean: 0.028223550107664586 min: -0.13228467055777018 max: 0.199850592576287
Mean: -1.1038844049700192 min: -11.74637665441337 max: 0.28399606332953176
Mean: -1.0157881829166338 min: -11.222440349457145 max: 0.1944650670282498
Mean: -0.7858892901169942 min: -9.235461554541532 max: 0.3217273992540393
Mean: -0.8925112412449249 min: -9.271270299612128 max: 0.2647882179110802
Mean: -1.0358785639474422 min: -11.510661905991643 max: 0.2317408068552204
Mean: -1.0685799304046228 min: -11.840851198232453 max: 0.22841017644147893
Mean: 0.05156928263304593 min: -0.23990301299686484 max: 0.18717275265520114
Mean: 0.08701483505135088 min: -0.26064208163085834 max: 0.22117111084224833
Mean: -1.0467037163822925 min: -11.036842009810728 max: 0.1997821915126722
Mean: -2.0359654418539193 min: -11.204847826582453 max: 0.20474144410842435
Mean: -1.0564143810690978 min: -11.871512977818014 max: 0.21961762921257724
Mean: -1.100431218381291 min: -11.78792237697247 max: 0.22951421250604034
Mean: -0.8595513340994934 min: -9.360750469035867 max: 0.19716723585935364
Mean: -1.0325904416165432 min: -9.318396402862772 max: 0.18622898705075525
Mean: 0.15094119020899513 min: 0.047775719686622684 max: 0.2491543579986895
Mean: -1.3256089087752954 min: -12.08520902166348 max: 0.23873824163777507
Mean: 0.19175171366795665 min: 0.14185918521378701 max: 0.24744397860550177
Mean: -2.0418009916888016 min: -9.955643230188748 max: 0.24940016618737004
Mean: -1.2679157558405871 min: -11.840311290388321 max: 0.21841088558476934
Mean: 0.062267615176227656 min: -0.40234595535887846 max: 0.2788932013420271
Mean: -0.1348673424421091 min: -2.5708732222475636 max: 0.22190429353984167
Mean: -1.2929582894948375 min: -10.989438048978368 max: 0.1941778933479446
Mean: 0.16524856627282053 min: 0.06321913928828891 max: 0.20553562417007037
Mean: -2.426015259047343 min: -11.71896358073828 max: 0.24235816358135465
Mean: -0.9527664566938501 min: -10.95950736949604 max: 0.22831240006862402
Mean: -2.178915142632719 min: -12.038309824253705 max: 0.20850468195153438
Mean: -0.36596836578998265 min: -2.4986962562549877 max: 0.25911959726826483
Mean: -0.09347863979147639 min: -2.42631580362965 max: 0.22260632514636236
Mean: 0.15154214710756686 min: 0.02898955291787217 max: 0.2432371080039944
Mean: -1.2497041345665043 min: -11.363639441530806 max: 0.22690235849347073
Mean: 0.15743537319683037 min: 0.03159454967003922 max: 0.23812624536367852
Mean: -0.10132807057252222 min: -2.4482271370761235 max: 0.2215717981757113
Mean: -1.0704772828688043 min: -11.759495500543965 max: 0.19013385878421726
Mean: -1.2443844877484251 min: -11.04180525339726 max: 0.23780147844188224
Mean: 0.13406281757167196 min: 0.010353623964796253 max: 0.2028907463762153
Mean: 0.14659304571616344 min: 0.02994557167925993 max: 0.2111415040254171
Mean: -0.16856599246583032 min: -2.751082902022597 max: 0.2564087243261134
Mean: -0.37147255484763275 min: -2.5446788775348717 max: 0.20730202057660416
Mean: 0.14608627791874035 min: 0.06471554456928046 max: 0.2166540277231997
Mean: -0.07259462069121772 min: -2.2870364333181734 max: 0.23605758184355785
Mean: 0.14527512348814894 min: 0.0337814570991821 max: 0.20406707356457976
Mean: -0.9672026548201915 min: -11.197549820093998 max: 0.21244903790894418
Mean: -0.21015242979391796 min: -2.3926502906835863 max: 0.23701546129273493
Mean: -2.0463992031194262 min: -12.10331089799995 max: 0.20027743310023297
Mean: -0.14102134769574934 min: -2.389641206444174 max: 0.22142279505850623
Mean: -2.1056188475756956 min: -11.256839438396305 max: 0.21862782580725373
Mean: -2.2412427104323904 min: -11.938363568245428 max: 0.20727295129430082
Mean: 0.11726913534957606 min: 0.011765937485632538 max: 0.21014579661784072
Mean: -2.289211408908278 min: -11.224427253894117 max: 0.212265112725022
Mean: -0.7837577737122816 min: -2.405245386147711 max: 0.21074747960113466
Mean: -1.9830473333754057 min: -11.141145698257082 max: 0.23442031476645825
Mean: 0.17652993260243832 min: 0.07497496659957772 max: 0.23929638891503413
Mean: 0.16906235694082175 min: 0.03084480361369481 max: 0.21325706238898193
Mean: -0.05286122546631565 min: -2.141934434494394 max: 0.2330341417407152
Mean: -0.12296004715109296 min: -2.4533170186616102 max: 0.2328214238039613
Mean: -0.9313699499363832 min: -10.990279204315335 max: 0.24494207641854085
Mean: 0.13049355494241305 min: -0.3995679114272324 max: 0.22513281120210837
Mean: 0.09933086113736966 min: -0.4100259340354476 max: 0.24882489024691862
Mean: -0.05447494794770902 min: -2.3330968161461842 max: 0.22939370800732273
Mean: 0.14484671557532497 min: 0.05896893736632614 max: 0.1899104976853135
Mean: 0.15454067948410896 min: -0.12128272722388003 max: 0.21720714382107403
Mean: -0.18229295261418368 min: -2.4725730240312385 max: 0.19777794124835385
Mean: -1.0359381741807705 min: -11.604451037380347 max: 0.2486196478276047
Mean: -1.0542659297754111 min: -11.59615529791259 max: 0.19760500378463597
Mean: -2.076637256148117 min: -11.693313776387095 max: 0.23767418026854367
Mean: -1.0185201313032235 min: -11.555721885786562 max: 0.22356169309002535
Mean: -0.07355666996477243 min: -2.3860011181622047 max: 0.26927435013841616
Mean: 0.14209242034717526 min: 0.027683818312585644 max: 0.25153707779698503
Mean: 0.1831729021019521 min: -0.11755018804848184 max: 0.5969152233517067
Mean: 0.16057187392787797 min: 0.06602110562428133 max: 0.21446338695289116
Mean: 0.126872678813795 min: -0.38785996006186935 max: 0.24946429009545357
Mean: 0.15922133970011215 min: 0.050530642995677104 max: 0.1991348626407686
Mean: 0.0945184147060802 min: -0.3620854843713431 max: 0.2298999240999435
Mean: -1.1475239657398686 min: -10.156094282039163 max: 0.20523926606894682
Mean: -0.10777914353929059 min: -2.6845506939875112 max: 0.24492404104989635
Mean: 0.15355339078164137 min: 0.04417667918834976 max: 0.22808299837802512
Mean: 0.17313931078371153 min: 0.13743486898181995 max: 0.2286546572589225
Mean: 0.14167705637576108 min: 0.02911496670012445 max: 0.28435559320368003
Mean: 0.14140820157264183 min: -0.1204104602539359 max: 0.22497043585315912
Mean: 0.08551369185074054 min: -0.37225392630797266 max: 0.20078112169343726
Mean: -2.9003947006518707 min: -11.116236386065811 max: 0.24255141296206675
Mean: -1.9874038929949065 min: -11.35174356967257 max: 0.2592950490586347
Mean: -0.8218970080469108 min: -9.371948424926316 max: 0.2198693949917555
Mean: 0.07612155047842888 min: -0.3980424755038844 max: 0.1987321236987983
Mean: 0.049301211969559076 min: -1.0381562438284149 max: 0.26981713174733307
Mean: -0.9150592638146712 min: -9.81651587860918 max: 0.22908325439321867
Mean: -0.8066062269747241 min: -9.370799342697646 max: 0.26134883655331453
Mean: 0.14380324160907204 min: 0.028482529059367816 max: 0.20383530501204672
Mean: 0.1389748268661686 min: -0.36436122205284943 max: 0.2449477196345481
Mean: -0.08362366614993849 min: -2.5411034820159135 max: 0.25681923353671027
Mean: -0.7833069679934709 min: -9.590354846600624 max: 0.22958711832708756
Mean: -0.8520214347875074 min: -10.0901398968097 max: 0.23037026210713957
Mean: 0.18112576287268817 min: 0.10493527632965204 max: 0.25705007785789774
Mean: 0.1482218827459295 min: -0.02887307268441606 max: 0.2178514494110045
Mean: -1.9651347940808592 min: -10.500902732207734 max: 0.21781211502629497
Mean: -0.8604589259899773 min: -9.862499271585838 max: 0.2064590727810909
Mean: -5.121882865322353 min: -11.833883650832089 max: 0.2607369516097835
Mean: 0.08392238393737879 min: -0.40445983338257824 max: 0.22679306476072947
Mean: -0.7803787465186149 min: -9.312452710198594 max: 0.2323737129926355
Mean: 0.13908689636437727 min: -0.12631787829494903 max: 0.20818372301300567
Mean: 0.12292233517046383 min: -0.10217720294278715 max: 0.24588835417738397
Mean: -0.8506125300729632 min: -10.148425798243863 max: 0.22389038843617096
Mean: -2.0666990093309465 min: -11.832032649471802 max: 0.1978224391391838
Mean: -0.9526057731416179 min: -11.08451746948317 max: 0.21523528409638337
Mean: -1.0762918526895928 min: -11.855154026720246 max: 0.18822832651252278
Mean: -0.9807620128033315 min: -10.965199993091248 max: 0.179944059787984
Mean: 0.1588610522686295 min: 0.06108723870491903 max: 0.20795242804271116
Mean: 0.1392914451727782 min: 0.05984972596356346 max: 0.18513901411627778
Mean: 0.14144119084793008 min: 0.04145500906199292 max: 0.22841063055889582
Mean: -0.938240258946804 min: -11.058052908752604 max: 0.23901244734427574
Mean: 0.06964844719503414 min: -0.38412437774662467 max: 0.19543440321506367
Mean: -0.768843153049037 min: -9.422608669658729 max: 0.27238890242321967
Mean: -0.9315017519891671 min: -10.03120003005115 max: 0.20241389792704206
Mean: -0.9317646604652501 min: -10.84551234457021 max: 0.2395235552844494
Mean: 0.1421972961870828 min: -0.097870000629326 max: 0.3740581286808913
Mean: -1.2182612693462658 min: -10.161891052164895 max: 0.21856817479780158
Mean: 0.1431601192937628 min: 0.03173801064414483 max: 0.213299210142615
Mean: -0.12548066870193406 min: -2.626146683571116 max: 0.2529583323786739
Mean: -0.9543926131246382 min: -10.995101239824205 max: 0.25364140566592136
Mean: -1.0390658760112932 min: -11.213077448065754 max: 0.1971646401456497
Mean: -0.8479060315513539 min: -9.442996220021744 max: 0.19764360467243286
Mean: -0.9201969237321291 min: -10.119120175142262 max: 0.2290086593120227
Mean: 0.1466751394976718 min: 0.03703549817831179 max: 0.21857311044449226
Mean: -1.9632221250092676 min: -11.198093801459894 max: 0.30609919874286295
Mean: 0.1846655068020069 min: 0.018154284969245902 max: 0.25515904802258643
Mean: 0.12883009071504545 min: -0.3712292311389124 max: 0.2273311805537572
Mean: -2.1899567013243226 min: -11.960663797497574 max: 0.2676951946083898
Mean: -1.001231267526064 min: -11.870472605585963 max: 0.2732939881299746
Mean: -0.8270264595834433 min: -10.163247518167582 max: 0.27403319369136087
Mean: 0.2145809476526103 min: 0.17916931593381483 max: 0.2928729697730666
Mean: -0.8173336017347147 min: -10.14728835907753 max: 0.287949649022145
Mean: 0.18930820316833621 min: 0.016433508171717095 max: 0.235630893891145
Mean: -0.7563653834515115 min: -9.620836014394282 max: 0.26260297298510243
Mean: -0.8185567141642409 min: -10.098032661714505 max: 0.28060932925194176
Mean: -2.2761938475263337 min: -11.925580855662291 max: 0.2589852631776074
Mean: 0.18404956996532945 min: -0.17349947506902655 max: 0.2598452821439797
Mean: -0.09080953807043261 min: -2.3821445310841005 max: 0.26306648083623163
Mean: 0.1875809680522082 min: 0.09933180249436498 max: 0.2869346295956649
Mean: -0.6064887706074839 min: -2.4339140621727022 max: 0.26342752049091356
Mean: -1.1531050585255325 min: -10.44199471805236 max: 0.2659230800453834
Mean: -0.8589661904335173 min: -10.489192433323632 max: 0.2705652808605459
Mean: 0.17961090942629723 min: 0.029316629604940286 max: 0.2439769977916817
Mean: -0.8103383514218256 min: -10.147187649900054 max: 0.26783677580314735
Mean: 0.20353756572075343 min: -0.026008635554507043 max: 0.26961128922451716
Mean: -0.02914700331015061 min: -2.055797496947977 max: 0.2729117816783209
Mean: 0.12716065457590836 min: -0.3588820624352438 max: 0.26682073814606966
Mean: 0.02292612198903826 min: -0.7247508878704844 max: 0.2867408294086187
Mean: -1.0351907885033005 min: -9.880831752175864 max: 0.2713392613459701
Mean: 0.09997483086192364 min: -1.0361583648568176 max: 0.26017443588895817
Mean: 0.19187588350379686 min: 0.033703914603869824 max: 0.2393890796792231
Mean: 0.06565910120679222 min: -0.6373722441083013 max: 0.268182035044232
Mean: -0.1285654281125222 min: -2.264262059626918 max: 0.2623533932979006
Mean: -1.3501593962822276 min: -9.418066048325128 max: 0.26020857280849863
Mean: -2.080946332315075 min: -12.00067022537402 max: 0.2355532135897127
Mean: -0.04758350992477019 min: -2.3648170325889613 max: 0.2707416582328184
Mean: 0.10894277548767772 min: -0.21334973259701537 max: 0.31336965704015435
Mean: -0.42833641808971035 min: -2.362799513380044 max: 0.2681701880449408
Mean: 0.20674776763180674 min: 0.00025844465039338816 max: 0.26533565141847
Mean: -0.8828699689868472 min: -10.049765548748727 max: 0.26427842708412785
Mean: 0.15997521753869393 min: -0.1943347376629071 max: 0.25299754187355733
Mean: 0.05758911682204393 min: -0.6663698405865284 max: 0.2807478308680392
Mean: 0.12674551309321458 min: -0.49632055337636843 max: 0.24911457613050267
Mean: -0.40554837664164295 min: -2.389372309489819 max: 0.22837885950369877
Mean: -2.6301778543935463 min: -11.743073145953069 max: 0.2613956801193945
Mean: 0.16665996249775333 min: -0.42862878421823175 max: 0.3303504175721503
Mean: -3.4223657330774584 min: -11.941361741125215 max: 0.326776559150156
Mean: -0.3178657255514106 min: -2.3648503509967638 max: 0.3324135295051712
Mean: -1.2582993469808568 min: -9.083291240301646 max: -0.0893345290008227
Mean: -1.1043245697237027 min: -11.052279996175857 max: 0.40175340379553043
Mean: -1.1018220442815978 min: -11.906353370843783 max: 0.40576157036697136
Mean: -2.0733136618084878 min: -11.645113718665357 max: 0.5469896320396622
Mean: -0.9393977006240523 min: -10.651085110788319 max: 0.4061394932733426
Mean: -1.1460503804680757 min: -11.574101179472198 max: 0.4017933599682371
Mean: -0.8854454909803966 min: -10.602237236066069 max: 0.41932673470974596
Mean: -3.4771011715743065 min: -11.64380932958963 max: 0.4164410035469323
Mean: -0.9604940183774475 min: -11.643494523120621 max: 0.4271978734089163
Mean: -1.149594210021295 min: -11.624880485362317 max: 0.4082824830361999
Mean: -3.5410735380733263 min: -11.612648497340242 max: 0.3975952351013958
Mean: -1.1078102769811984 min: -10.431231829404366 max: 0.40315781404079326
Mean: -1.0817599739754216 min: -11.675475521257093 max: 0.39815242411757973
Mean: -1.048258714859979 min: -11.629235556456859 max: 0.40363177578194614
Mean: -2.356593682425151 min: -11.62825093247927 max: 0.3916234000203428
Mean: -1.1006882471029455 min: -11.59591384529995 max: 0.38851078318740734
Mean: -1.163185209513519 min: -11.53992721141745 max: 0.4134676555291706
Mean: 0.13173980992462955 min: -0.47412867404820064 max: 0.4177184860626311
Mean: -2.385286160133812 min: -12.122087660613861 max: 0.408658919638391
Mean: -0.9021462770648231 min: -8.911577757365324 max: 0.4015575711509178
Mean: 0.29155283174248525 min: -0.24647901255708385 max: 0.5277381836345225
Mean: -1.0127079655507276 min: -11.30999796664861 max: 0.41046612793141857
Mean: 0.06793422657706225 min: -0.6321057062834287 max: 0.4040775748416877
Mean: 0.10162769774584741 min: -0.2911993832982359 max: 0.3785363844372378
Mean: -0.851884213240804 min: -10.53354274479854 max: 0.46216157679888376
Mean: -1.0177212117421708 min: -11.781034138740328 max: 0.4087668980509353
Mean: 0.24458179601018268 min: -0.24562997708416887 max: 0.412787209247717
Mean: 0.1968203818847766 min: -0.2946453579987765 max: 0.3999450809706231
Mean: 0.08805700024321018 min: -0.2803099106348163 max: 0.4229018190163232
Mean: -0.9921344284510939 min: -10.61611506380109 max: 0.3967028166958358
Mean: 0.18502044495082023 min: -0.5130518505548616 max: 0.4104323676932801
Mean: -2.0386314495997544 min: -11.294653583196975 max: 0.40046251864956967
Mean: 0.1417577103029717 min: -0.2914548633431149 max: 0.40072169635232746
Mean: -1.1602047538711686 min: -11.770598250036576 max: 0.41246966443120725
Mean: 0.12399811865267138 min: -0.3365263175315343 max: 0.41074390550159295
Mean: -1.515669516747368 min: -11.999332751229474 max: 0.39445046250196064
Mean: 0.31212565913050433 min: -0.2291427800536594 max: 0.410868197831386
Mean: 0.010209208919526957 min: -0.3425320925729607 max: 0.40982477101661224
Mean: -0.9848949468632918 min: -10.388786224277727 max: 0.4006342226349057
Mean: -0.9837469528976095 min: -11.375324192516208 max: 0.5244991526165663
Mean: -1.0030855324570864 min: -9.167004950144554 max: 0.5246534250391164
Mean: -0.837104096191724 min: -11.052568244869011 max: 0.5106101903217313
Mean: 0.1710027546176375 min: -0.2824031250524436 max: 0.3917124528513137
Mean: -2.248385203270212 min: -11.640107162646348 max: 0.40956900713683425
Mean: -0.871330049214561 min: -10.07285182291701 max: 0.4090228465907091
Mean: 0.1710383875578623 min: -0.48391741134102 max: 0.5291002288927972
Mean: -0.9015402158223879 min: -11.203797634617466 max: 0.3962835380241706
Mean: -0.9291477522001029 min: -11.582010358049397 max: 0.4021560033782786
Mean: -1.023138405185953 min: -11.66560052286867 max: 0.40867067341189106
Mean: -3.3192700190142537 min: -11.64522454726496 max: 0.3591539764748673
Mean: 0.11234101919066833 min: -0.29151190220551615 max: 0.40931693695230986
Mean: -2.0652827991611487 min: -11.562535423337534 max: 0.41106522903209003
Mean: -0.05482520011968687 min: -0.49181543394052246 max: 0.4078503020928874
Mean: -0.791608005496917 min: -9.584556870474737 max: 0.4190653496637502
Mean: -0.018059909018241182 min: -0.2961701980344461 max: 0.39877981009759705
Mean: -2.1372594459591925 min: -11.63887497451597 max: 0.4004729751403849
Mean: -0.8971583888561053 min: -10.72908887781397 max: 0.41113737687205043
Mean: -3.360837343822876 min: -11.621057429886099 max: 0.4052462584678609
Mean: -0.8169222864950912 min: -10.525444736640223 max: 0.5111972674997622
Mean: -2.170619172843716 min: -11.627486427055544 max: 0.3919572180367172
Mean: 0.1322148488190309 min: -0.2685660725499709 max: 0.41211442253351266
Mean: -2.203101536375642 min: -11.610458285551193 max: 0.35964036221498313
Mean: -2.3510629349958494 min: -12.0990384628243 max: 0.41150779048894476
Mean: -1.021278489538276 min: -11.275959105885784 max: 0.3487641202002604
Mean: -0.8431220088966143 min: -10.015078340580018 max: 0.3645723776709896
Mean: -2.3249516962181933 min: -11.622126710138078 max: 0.35302190810011824
Mean: -2.181627369651885 min: -11.67190923563889 max: 0.3501414454198549
Mean: -2.320484944550075 min: -11.637205992026033 max: 0.320853725343157
Mean: -2.059106659672221 min: -11.296761101812388 max: 0.3490905334356337
Mean: -3.2897121750413505 min: -11.62576842675592 max: 0.527021929325425
Mean: -1.0160636708248314 min: -9.587521052629292 max: 0.36390732940205966
Mean: -3.481869886267801 min: -11.630167338037914 max: 0.3574775049783139
Mean: -2.002658498473674 min: -11.130341678670137 max: 0.35285398856530426
Mean: -1.1528152489996377 min: -11.551622014887387 max: 0.34377328362724274
Mean: -2.103530779084335 min: -11.574809745364144 max: 0.34769308673946026
Mean: -0.9784586160726951 min: -11.203215800899152 max: 0.3874008435241263
Mean: 0.1805216905549741 min: -0.3040231512875987 max: 0.3566575705203247
Mean: -3.0100920105391453 min: -11.60373570216337 max: 0.7226937373809365
Mean: -1.0435545869586602 min: -10.769902158268545 max: 0.5142531641563378
Mean: -2.2362048494724713 min: -11.609824487556928 max: 0.3607976086856318
Mean: -2.2404282787513643 min: -11.62595328448387 max: 0.35296305615471585
Mean: -3.3837704968525886 min: -11.613075289530249 max: 0.3833775993661089
Mean: 0.12814346427009643 min: -0.26085712612157413 max: 0.3513165244194442
Mean: -0.983340385374406 min: -11.61683542276106 max: 0.5013293403437135
Mean: -3.2389979439242667 min: -11.593093660328272 max: 0.36389632090962754
Mean: -4.350329773221038 min: -11.610544146988985 max: 0.3437848656983915
Mean: -1.9950463562855514 min: -11.590585694115246 max: 0.3653335568610273
Mean: -2.2248293200401377 min: -11.624636989915274 max: 0.3449404531155429
Mean: 0.007686660499878278 min: -0.4585440352568469 max: 0.35565786170591923
Mean: -2.1164932803509293 min: -11.624891632805818 max: 0.35568414504610546
Mean: -2.2134103174962307 min: -11.607191663478167 max: 0.3827984878925562
Mean: -2.278252197512657 min: -11.588237229623264 max: 0.35597388971973704
Mean: -1.9978261397097967 min: -11.611772490074332 max: 0.34453599419510783
Mean: -2.193098316573285 min: -11.621499618632111 max: 0.38475344187436233
Mean: 0.048090409144619366 min: -0.46966496631866855 max: 0.3429303792388093
Mean: -2.3251597134150463 min: -11.60598544212351 max: 0.3594888159528634
Mean: 0.25531793351105214 min: -0.24834389729901268 max: 0.3869836622373188
Mean: -3.4693493894342806 min: -11.736669729702902 max: 0.35549139939890045
Mean: -3.6325162781830778 min: -11.609717898080048 max: 0.3270617472968284
Mean: 0.3179146654175397 min: 0.24108694733231048 max: 0.3712554684563072
Mean: 0.11902709711018744 min: -0.4595051334316775 max: 0.3584531434535587
Mean: -0.019566426148833714 min: -0.29061437490667175 max: 0.34695754620950436
Mean: -0.9307072334445421 min: -11.213917547324542 max: 0.35718572246816
Mean: 0.11965038788451418 min: -0.4993649588012505 max: 0.3414442123753372
Mean: 0.2155584171912456 min: -0.22806688998986538 max: 0.37972914490981946
Mean: 0.12634526450071934 min: -0.2730580536171536 max: 0.34812836644527567
Mean: -0.9122916388062489 min: -9.86145787542542 max: 0.3573495596261009
Mean: 0.24331845962650717 min: -0.41094346950397537 max: 0.35298630953152366
Mean: -2.417185017466506 min: -11.867990954528574 max: 0.35276631551385884
Mean: -0.09062149618424531 min: -0.32836362029239197 max: 0.29534591288255174
Mean: 0.2196210663231581 min: -0.2756410134289261 max: 0.751088692938169
Mean: 0.06697565411879014 min: -0.6331071033657134 max: 0.7991401513705918
Mean: -1.0177591725556874 min: -11.478541028507019 max: 0.7934617039303928
Mean: -3.5768150879459633 min: -12.17440696267246 max: 0.34268827163432936
Mean: -4.543684201836586 min: -11.481113099788226 max: 0.3518703586536172
Mean: -2.0827258907656176 min: -11.513071040750903 max: 0.4827872538295086
Mean: -1.8516924192008908 min: -10.57381954052621 max: 0.3667782832692768
Mean: -2.181730611546178 min: -11.779566568119712 max: 0.37190269540645926
Mean: -1.0591905229935976 min: -12.123017474612245 max: 0.37257848118676673
Mean: 0.29012043489575345 min: -0.12347032298723293 max: 0.5382654588969686
Mean: 0.2830627006038534 min: -0.19646873411758028 max: 0.5410782530447745
Mean: 0.3447426164995233 min: -0.6148216223792766 max: 0.5524433995810479
Mean: 0.3904010979479263 min: -0.6138137201341759 max: 0.538117201953481
Mean: 0.34540175577105553 min: -0.61257783077747 max: 0.5433320173143803
Mean: -0.640280515059142 min: -10.979686857141427 max: 0.5503692126829838
Mean: -0.8251164438780885 min: -11.757983951954165 max: 0.5504430669765156
Mean: -0.7915565241570716 min: -11.729227500237357 max: 0.6005873489149236
Mean: 0.32061967362615823 min: -0.44466124340561186 max: 0.5935252578375614
Mean: -2.0169367913082925 min: -11.95296595266883 max: 0.7446347236884013
Mean: -0.7376618287072858 min: -10.854914774937127 max: 0.740309274454428
Mean: -0.881687225797797 min: -11.068249029006646 max: 0.6028492743381226
Mean: 0.230791029164822 min: -1.7394990440631746 max: 0.6071241805037074
Mean: -0.6980825759073924 min: -11.913921441937644 max: 0.6107447084441575
Mean: -0.7906339877095467 min: -11.71031621259257 max: 0.5781210307359449
Mean: -0.9585315303479911 min: -11.105158885180389 max: 0.6017147746778577
Mean: -1.140838300821187 min: -11.593589992997511 max: 0.5782900820985879
Mean: 0.18807921921880144 min: -0.6283320110945718 max: 0.6500887493135932
Mean: -1.0904287563694983 min: -11.520939709119817 max: 0.592392224365962
Mean: -0.7093372733802483 min: -10.006656106726906 max: 0.6198702537386475
Mean: -0.6210478468625629 min: -11.013677695934033 max: 0.6245389879819875
Mean: -1.0259069008129653 min: -11.86790786694473 max: 0.6169832106995967
Mean: -2.2794271574237905 min: -11.619621008261316 max: 0.6129321908496136
Mean: 0.16654398530066747 min: -0.5897301081806842 max: 0.6152654629010128
Mean: 0.5878373794628141 min: 0.5519689767683409 max: 0.622902765687866
Mean: -0.9707484597376748 min: -11.631365026320138 max: 0.6249337906229194
Mean: -0.7186487941787628 min: -11.117482415101382 max: 0.6272441645939564
Mean: 0.5280691566611496 min: 0.2469258720928521 max: 0.6590706791415215
Mean: 0.541361258947672 min: 0.18401270923164206 max: 0.6221437306451989
Mean: 0.4997147954148023 min: 0.06190774594236293 max: 0.6087068824686949
Mean: 0.20254583347585203 min: -0.5687705360328889 max: 0.5886753940805984
Mean: 0.039965135690704 min: -0.6218979515229449 max: 0.6052681332927142
Mean: -3.268868029428467 min: -11.780883419503688 max: 0.6330910182923607
Mean: 0.3254265250677897 min: -0.18980608513611844 max: 0.5985891825486649
Mean: -4.487347290820308 min: -11.663238040192692 max: 0.5844705211267034
Mean: -1.0694889886500905 min: -12.38411291447791 max: 0.614498660728528
Mean: -2.142250661428323 min: -11.737652989414302 max: 0.6381928540896696
Mean: -0.8964079028803127 min: -11.940725678976 max: 0.6061937762229316
Mean: -0.7099736533010707 min: -11.194525428735622 max: 0.62597989261901
Mean: 0.35923413516917296 min: -0.4976090862434304 max: 0.6059899118818293
Mean: -0.7491737860418552 min: -11.193324641253243 max: 0.6164438294872798
Mean: 0.275326902218118 min: -0.3629573765725967 max: 0.615112096703476
Mean: 0.37257464145692193 min: -0.5535941014850883 max: 0.5900679635118812
Mean: -2.0322985039922967 min: -11.86802985657438 max: 0.6031412458624059
Mean: -1.8041911311019003 min: -11.193846765783906 max: 0.6168198490982932
Mean: 0.21240347735010676 min: -0.6370894958976816 max: 0.5926153071707034
Mean: -0.6985901477373654 min: -11.750819030362386 max: 0.6469591380173956
Mean: -3.1915045070563957 min: -11.965547074320973 max: 0.64833190019481
Mean: -0.5328513417302159 min: -9.174638110644002 max: 0.628471889547905
Mean: -0.9534489296135602 min: -10.966424983326636 max: 0.6584388881063947
Mean: -0.7904128830043277 min: -11.717286474488883 max: 0.6209416699350194
Mean: -0.7315172244228989 min: -11.195050591106341 max: 0.6207354871360661
Mean: 0.4892853880271826 min: -0.09472178068909148 max: 0.6206370793715935
Mean: -3.133822683881534 min: -11.912678873838379 max: 0.5967099063718282
Mean: 0.4626521611126283 min: -0.5787683135814715 max: 0.5990206287607407
Mean: -1.9022265471103623 min: -11.761902790555963 max: 0.5922598668027341
Mean: -0.7423969354332633 min: -11.221655126904123 max: 0.6287580534746133
Mean: 0.49563468643806285 min: 0.14172467771703856 max: 0.5948192933659042
Mean: -0.9040133919651486 min: -11.642718455138514 max: 0.5854917268648475
Mean: -2.041170930206392 min: -11.742783957671886 max: 0.6164172787760165
Mean: -2.0061768736591943 min: -11.665108545831918 max: 0.6192556411576245
Mean: -4.658411554289731 min: -11.654507845569613 max: 0.5822551799335719
Mean: -0.9704568194373001 min: -11.081300891362526 max: 0.6171164284852225
Mean: -1.029964380475798 min: -11.07989288487712 max: 0.6195790326249856
Mean: 0.19752858163191672 min: -0.20401200936105177 max: 0.6660663254942923
Mean: -0.9818787740315408 min: -11.035752688147557 max: 0.6396463624746133
Mean: 0.21961734456585225 min: -0.39949572494757535 max: 0.6211280202171416
Mean: 0.3949274530742645 min: -0.14280743754951197 max: 0.6293264683919222
Mean: 0.3420138834997387 min: -0.1563850955422266 max: 0.6191508050038967
Mean: 0.2027952961328487 min: -0.5726667674557377 max: 0.6488689956851885
Mean: 0.46480053916726655 min: -0.1255641475936607 max: 0.6295725519558574
Mean: -2.8577018014896476 min: -10.996341887253703 max: 0.6474029214590278
Mean: 0.22139292422228446 min: -0.2955906588345329 max: 0.6067573232425357
Mean: -1.1174953703411843 min: -11.898088169371839 max: 0.638250679145836
Mean: -1.8238728208723007 min: -9.612131556025423 max: 0.5900184918436929
Mean: -0.9891415748700971 min: -11.914775903583342 max: 0.6742010699044264
Mean: -1.0207430837875164 min: -11.912184143600657 max: 0.6174981443936189
Mean: -1.0238543901773764 min: -11.523187760949085 max: 0.6156615819871566
