Mean: -10.856390421271437 min: -11.973734087453254 max: -5.542862312024201
Mean: -10.830155309354948 min: -11.157181080440493 max: -10.681296552278303
Mean: -8.631466040730151 min: -12.486510238918726 max: -4.195349485570367
Mean: -10.329147895556877 min: -11.133104225263807 max: -6.6884381117967155
Mean: -10.102648929996914 min: -11.108154742206695 max: -6.688582645377684
Mean: -10.11085163944178 min: -11.12593874882143 max: -6.6899485622297075
Mean: -9.865644720370716 min: -11.009018951824059 max: -6.6882433532423144
Mean: -10.015943681965032 min: -11.01700416970346 max: -6.690637272343449
Mean: -10.294580640503066 min: -11.009458402150434 max: -6.688450670565225
Mean: -10.47699751176816 min: -11.094905787437037 max: -6.693201533274769
Mean: -10.933044098955998 min: -11.195461188396997 max: -10.7524881721396
Mean: -10.82033553182887 min: -11.007065426309095 max: -10.72444572490609
Mean: -10.756416097101482 min: -10.88154156303114 max: -10.702566540725156
Mean: -10.751146917221853 min: -10.855821618553747 max: -10.597967130185353
Mean: -10.78089580540573 min: -11.455728694790354 max: -10.390167637360593
Mean: -10.750266828113716 min: -10.799677767280302 max: -10.696967612244997
Mean: -10.74345477410081 min: -10.789356332001525 max: -10.701180037193062
Mean: -10.735059332071796 min: -10.787171892783604 max: -10.609496974941344
Mean: -10.712801022252815 min: -10.786287494760938 max: -10.50187709053047
Mean: -10.402386303532072 min: -10.784017326933457 max: -4.8166433684870045
Mean: -7.6892786901709185 min: -10.776440919170218 max: -3.8125364518078952
Mean: -3.9468848025366716 min: -4.487043410281887 max: -3.4708129896501743
Mean: -4.242251875057126 min: -4.541763000607317 max: -3.8016429151607256
Mean: -4.305897097388608 min: -10.823402840782252 max: -2.423533714580794
Mean: -4.243875366236082 min: -10.64143734976354 max: -3.2958199501945056
Mean: -3.9170795255889255 min: -5.222265727102467 max: -3.2957071577801607
Mean: -3.955787956113621 min: -4.52253883943083 max: -3.30276656734744
Mean: -3.8948525625430435 min: -4.505246574998336 max: -3.448878998457698
Mean: -3.9198625799863733 min: -5.498068214754654 max: -3.2952779536451327
Mean: -4.225467684738361 min: -12.472025577763963 max: -3.2956707109227934
Mean: -4.1836798679733835 min: -9.59044006435371 max: -3.2953079987767557
Mean: -3.8132762376875404 min: -4.493343814417334 max: -3.3028895192297605
Mean: -4.44628265304714 min: -12.16688807571335 max: -3.767045179572308
Mean: -4.107867908979228 min: -4.537866393586591 max: -3.8292302113303847
Mean: -4.013859130092579 min: -4.531468777153925 max: -2.312891905185851
Mean: -3.127666662428179 min: -4.533713294383112 max: -2.3102819102335963
Mean: -3.576906765417534 min: -11.355315171883255 max: -2.305541182080588
Mean: -3.1932123872857785 min: -11.382646727060294 max: -2.307271956125747
Mean: -2.329722610461852 min: -2.3446272442201828 max: -2.304707057974028
Mean: -2.3312454137488547 min: -2.3649506249894046 max: -2.2921649880015647
Mean: -3.092559266507566 min: -10.457096663843338 max: -2.2841299011012155
Mean: -5.424541125727883 min: -10.007677034975327 max: -0.7690433639417988
Mean: -7.036236592013236 min: -9.869020987137747 max: 0.5444405037812878
Mean: -5.862888521344091 min: -11.972702267100315 max: 0.3889579345771221
Mean: -5.577282226632002 min: -11.33991453132407 max: 1.1974146410022193
Mean: -8.179394647037181 min: -11.516672225224728 max: 0.6494729457218019
Mean: -9.953598368133548 min: -11.391489783267136 max: 0.5933652659281201
Mean: -9.146808580919924 min: -11.385064637142895 max: 0.5424103823880564
Mean: -9.152250696684236 min: -11.362133515036152 max: 0.4730225650698017
Mean: -9.56154764039935 min: -11.358119919293372 max: 0.5905994034347566
Mean: -10.544829397209893 min: -11.53324669550725 max: -0.8753096666940535
Mean: -9.399683889742278 min: -11.375405550525233 max: 0.2394998004792978
Mean: -8.29051508319112 min: -11.39018921451548 max: 0.0243169086123503
Mean: -9.693055462023292 min: -11.357921523899732 max: 0.2588330166446673
Mean: -10.309356691363025 min: -11.39328795182517 max: -0.8643782766021301
Mean: -11.116328959014133 min: -11.392656394015562 max: -9.874258819659914
Mean: -10.859860027900249 min: -11.348201881637324 max: -9.345783191278745
Mean: -9.369012556777397 min: -11.447771304599886 max: 0.7092419134179259
Mean: -8.626773964768283 min: -11.384291794774631 max: -0.3727285752277223
Mean: -8.997575532009666 min: -11.362515054105167 max: 0.1628412936025196
Mean: -10.287029739684987 min: -11.35261071916948 max: -0.4317039671202077
Mean: -10.300315314157022 min: -11.363685904995759 max: -0.9388217436283257
Mean: -10.041892803033484 min: -11.379748738236314 max: -0.31148265008077203
Mean: -9.044828732733063 min: -11.36781435911783 max: 0.19008127780197465
Mean: -10.086528674551388 min: -11.39219174173099 max: 0.19258240356032902
Mean: -9.737960294830765 min: -11.37335965753263 max: -0.14163290256607936
Mean: -10.303984691211111 min: -11.356088144526586 max: -0.863484743673283
Mean: -10.516130858794865 min: -12.386870028800027 max: 0.17550458314246076
Mean: -9.897447704707947 min: -11.381221419490458 max: -0.5103568225695528
Mean: -9.454366039754694 min: -11.397757988978528 max: -0.4391308974075043
Mean: -9.371530989374433 min: -11.359169089917948 max: 0.5574427341742898
Mean: -7.474069228064944 min: -11.672498803824897 max: 0.45363053445914436
Mean: -1.3338116348907778 min: -11.373322802594496 max: 0.5603143157711551
Mean: -1.5530084366346002 min: -12.477291150971315 max: 0.4724699140952711
Mean: -0.9538792629854967 min: -11.63510338466612 max: 0.49868908038955473
Mean: -1.1386061656147803 min: -11.798152953912723 max: 0.5650550896238817
Mean: -0.8742817258152993 min: -11.219333459630445 max: 0.5200849388225945
Mean: -1.0786052012151817 min: -12.787478136988822 max: 0.5732165501276658
Mean: -3.305931035241369 min: -12.593525134074728 max: 0.7294774796411462
Mean: -0.8321440642811583 min: -12.490263808844556 max: 0.7487095721671759
Mean: -0.8067294536024614 min: -11.234724511383714 max: 0.7591956993960203
Mean: -0.17167370684200706 min: -12.135272408576743 max: 0.7654330849234784
Mean: 0.47903467787538184 min: -0.26605472645144634 max: 0.7508701691224177
Mean: -0.5728047315719886 min: -11.184471908115883 max: 0.74534349043394
Mean: 0.004969118852585464 min: -9.18539510089634 max: 0.7534796750570757
Mean: -0.2830042251706651 min: -12.15539195417086 max: 0.7613631737404797
Mean: -0.730221737512777 min: -11.531975887948361 max: 0.7579833949851312
Mean: -1.1118509237927747 min: -11.231278458392289 max: 0.7901203336443453
Mean: -0.22029587183384636 min: -10.107354607040262 max: 0.7706913066449297
Mean: -0.41545833871517707 min: -9.529443271155266 max: 0.759407183321837
Mean: 0.4501042420249285 min: -0.19222268365913 max: 0.7516617860469359
Mean: -0.5760467749133129 min: -11.490486671558866 max: 0.7467560380538204
Mean: -0.6710668651048066 min: -12.084513594832151 max: 0.7512694843436822
Mean: -0.7469133984069264 min: -12.294954516563276 max: 0.7550308229426467
Mean: -11.168391027460581 min: -11.922019822284765 max: -6.573948265137498
Mean: -9.200328122400652 min: -11.876597249112153 max: -6.530795351542656
Mean: -9.609494146851672 min: -11.828546088852486 max: -6.519652813962988
Mean: -10.136791794008207 min: -11.825112896796876 max: -6.520421792574511
Mean: -9.96724773775017 min: -11.82483786187619 max: -6.5191276608775945
Mean: -10.441456543847945 min: -11.836230303125767 max: -6.519387015548627
Mean: -10.523738533565925 min: -12.348885806418211 max: -6.519430997585139
Mean: -10.670793948044246 min: -11.857397384483367 max: -6.518597056800597
Mean: -10.970265227710092 min: -11.829798339454147 max: -6.377327901475447
Mean: -11.135663221704029 min: -11.803736987022932 max: -6.377738094922989
Mean: -11.532132000321276 min: -11.828514291591755 max: -6.37598660032969
Mean: -11.700375065775862 min: -11.803836692596104 max: -10.769561631249761
Mean: -11.731857916277203 min: -11.804166116989963 max: -10.572177032752894
Mean: -11.449257185058952 min: -11.803926596821473 max: -4.957068263576865
Mean: -8.362812090500466 min: -11.803961178029514 max: -4.675347975283749
Mean: -4.910797607849476 min: -4.958663882923964 max: -4.194696593433646
Mean: -5.267425138549337 min: -11.720867164992079 max: -4.902398281101897
Mean: -4.9365373392023155 min: -4.985920898478575 max: -4.902396366673402
Mean: -4.976431079222631 min: -5.722701930049478 max: -4.895890376413116
Mean: -5.286836677837803 min: -11.26137201027089 max: -4.805629656201623
Mean: -5.18354083313668 min: -10.894596834220721 max: -4.801353383308104
Mean: -5.151944005028866 min: -11.601887524561896 max: -4.783053724688658
Mean: -4.822181558050621 min: -5.1289650682611985 max: -4.803410735686582
Mean: -4.693115440761986 min: -4.973995828460159 max: -2.8492706240089327
Mean: -3.7213969943877876 min: -4.80885684743301 max: -2.519204219234045
Mean: -2.668597419056915 min: -2.8958967022181987 max: -2.511709645335665
Mean: -2.5591651569979144 min: -2.6628420317710813 max: -2.4342492815822063
Mean: -2.595642624184483 min: -3.009242330219854 max: -2.4231251523614836
Mean: -2.5657782504094286 min: -2.7075811484447625 max: -2.319908565147098
Mean: -2.530553070670238 min: -3.339261365631737 max: -2.2129543331815995
Mean: -2.8161378784137465 min: -10.797867189152226 max: -2.1794597773341704
Mean: -2.2928445349065663 min: -2.657660542094071 max: -1.890920584619205
Mean: -2.3755367400724907 min: -9.402779162933035 max: -1.6139584316808917
Mean: -2.1989782983738118 min: -10.5532324092206 max: -1.3096570137472305
Mean: -3.2822396379171166 min: -11.515070575609213 max: -1.2518633948292308
Mean: -1.904560444436094 min: -10.114679614287272 max: -1.2622031617584437
Mean: -2.118060433724323 min: -9.755678141590089 max: -0.6936210555179143
Mean: -1.478770500572344 min: -10.668252505868065 max: -0.47052274183217463
Mean: -1.1755100307320627 min: -10.311838029709582 max: -0.4155284771689078
Mean: -2.53682420088051 min: -10.02867227985976 max: -0.44532269140418873
Mean: -0.725861479580439 min: -0.9790631416120239 max: -0.489358554872956
Mean: -0.6996404280550028 min: -0.8375313892533137 max: -0.4286319756779175
Mean: -2.1132338392991086 min: -10.117399710129586 max: -0.42284585035316924
Mean: -1.6999609464860197 min: -11.224191923267767 max: -0.4103593664940469
Mean: -0.8149634143367541 min: -3.107931804923891 max: -0.36764667323953176
Mean: -0.6958909143960504 min: -0.8335429567958539 max: -0.4293051890772784
Mean: -1.2137673901299677 min: -9.97563399324064 max: -0.392717613919048
Mean: -1.6390358927738906 min: -10.137122223875156 max: -0.6834430046154117
Mean: -1.7525752039755111 min: -11.20559338383561 max: -0.6891268800637681
Mean: -0.7652931496210881 min: -1.9919024713754434 max: -0.46764564420770255
Mean: -0.683790660689286 min: -0.7139357906960184 max: -0.4106897271568559
Mean: -0.6917783337368636 min: -0.7380547160813797 max: -0.42348992685675113
Mean: -1.1448751647657909 min: -9.942575395511405 max: -0.31315867131795333
Mean: -0.7043096710464225 min: -0.7202283250647018 max: -0.6743800748554314
Mean: -0.6838433677452807 min: -0.7182331820863012 max: -0.36353004515267673
Mean: -0.7285436777437344 min: -1.0506924938336302 max: -0.5894273867163942
Mean: -0.7709101129960766 min: -1.9277743452673992 max: -0.6830583133420721
Mean: -0.8268058350720346 min: -3.1508744647884126 max: -0.6835369947619685
Mean: -0.7633534704288566 min: -1.317605840825826 max: -0.6941208469852657
Mean: -1.8064993721227325 min: -12.053780618740943 max: -0.6598483415081398
Mean: -6.207693354546048 min: -12.034820967893612 max: -0.6773754455433249
Mean: -0.8527209111509271 min: -3.8979838327161946 max: -0.6236254927166424
Mean: -0.7049897120783604 min: -0.8612962472863497 max: -0.6646402581304001
Mean: -0.7212865385726172 min: -1.3471531634107539 max: -0.6640729197110348
Mean: -0.780115062972104 min: -2.0935909367894188 max: -0.667478082804532
Mean: -0.7548589254261642 min: -1.7914618532473214 max: -0.665891393938841
Mean: -0.8187507012453017 min: -2.0430633531439883 max: -0.5552268601412049
Mean: -0.6317862970437182 min: -1.1768601846942925 max: -0.05675183545760763
Mean: -0.44133891669687725 min: -0.7032371695530254 max: -0.0336517568469566
Mean: -1.5562197438753036 min: -11.418540657336903 max: -0.047603274337415624
Mean: -0.8366446824269176 min: -11.331634939716608 max: 0.3652741899363724
Mean: -0.5164254340077439 min: -11.310876125323565 max: 0.6540563977950583
Mean: 0.32303885786894465 min: -0.011183262589184693 max: 0.6061462410505082
Mean: -0.20697773956147142 min: -11.740689285311054 max: 0.6793869953425882
Mean: 0.36405536735238375 min: 0.17420219643003698 max: 0.4382940682692436
Mean: -0.12109582380845689 min: -9.925145309365375 max: 0.7073209079533237
Mean: -0.11435659502183153 min: -11.362395298001138 max: 0.6557543272045272
Mean: 0.32925626220803483 min: -0.34720166173185824 max: 0.6598758429911986
Mean: -1.21632925093242 min: -11.367101618229883 max: 0.6930272916554355
Mean: -1.1735486151922223 min: -11.254819134978971 max: 0.682751270553048
Mean: -0.8090491031752421 min: -11.26431437776811 max: 0.7379554237072107
Mean: -2.5320686180113907 min: -11.282268722100364 max: 0.712501415268595
Mean: -2.5760741779826053 min: -11.281391389874505 max: 0.6749119755320232
Mean: -2.643999972306351 min: -11.277060709371844 max: 0.6957784325574332
Mean: -5.956236892935339 min: -11.274141632675207 max: 0.6745115569400042
Mean: -4.8517560525289225 min: -11.279301894113825 max: 0.7281659145299977
Mean: -4.964229463847952 min: -11.298354264844582 max: 0.6805686810885345
Mean: -5.549658275879603 min: -11.40262444893583 max: 0.6782628193561692
Mean: -3.4040847786844304 min: -11.282975767247303 max: 0.7059581641595108
Mean: -5.59402083441203 min: -11.279112814077974 max: 0.7251974516752798
Mean: -4.5292645055771965 min: -11.270151004734107 max: 0.6751324938644842
Mean: -7.838906441921357 min: -11.282878486116209 max: 0.6209145200046031
Mean: -4.55339617510271 min: -11.315438402673744 max: 0.6048742050063197
Mean: -7.891153518101137 min: -11.320824595749288 max: 0.6089669080661818
