Mean: -11.423765888285109 min: -11.942134339593723 max: -10.82240918770979
Mean: -11.655869350207889 min: -11.814130928526323 max: -10.893840242001414
Mean: -11.437618313077383 min: -11.929661661359233 max: -10.820486380301354
Mean: -11.69009345981529 min: -11.908587890598364 max: -10.831351347033742
Mean: -11.22350675816862 min: -11.78401356218538 max: -10.842666667970768
Mean: -11.747333679357345 min: -11.784876940188122 max: -11.718269112985581
Mean: -11.112927059764534 min: -11.75788659848068 max: -10.834615463139613
Mean: -11.29148702747301 min: -11.727347955854423 max: -10.845865154962553
Mean: -10.853387923859419 min: -10.876582796008451 max: -10.836955252810816
Mean: -10.867673258239535 min: -11.038834694807543 max: -10.837073703574513
Mean: -11.44259793306843 min: -11.84917011855344 max: -10.835922849863334
Mean: -10.841543256668716 min: -10.85111411508868 max: -10.836149346577438
Mean: -11.374411930973723 min: -11.845198787521943 max: -10.842881233414884
Mean: -10.844014469797784 min: -10.864410539512274 max: -10.835324627868086
Mean: -11.348409279784176 min: -11.845888213013671 max: -10.837115164187365
Mean: -10.84614649814071 min: -10.871754403748426 max: -10.836492149400277
Mean: -11.242535426505514 min: -11.844682908969249 max: -10.83563691536362
Mean: -10.84302126680055 min: -10.864383002302237 max: -10.836653077764499
Mean: -11.24142753881139 min: -11.8455801619657 max: -10.835215977159454
Mean: -11.473433142247746 min: -11.849342086248287 max: -10.880142521562552
Mean: -11.236673245004056 min: -11.728645928812337 max: -10.950888861079514
Mean: -11.279084611339272 min: -11.793807290210761 max: -10.855181577218882
Mean: -11.449769544192652 min: -11.996122815145117 max: -10.864074401781274
Mean: -11.235686021795901 min: -11.962959497449795 max: -10.879258549397626
Mean: -11.070142432629348 min: -11.639287063028725 max: -10.869685612565403
Mean: -11.034192694307778 min: -11.618054198111594 max: -10.852162078401694
Mean: -10.876167414315294 min: -10.936835058259716 max: -10.837972157850738
Mean: -11.040497966884212 min: -11.802892230500094 max: -10.850888411514523
Mean: -10.93772124108204 min: -11.586627846568264 max: -10.838050177895278
Mean: -10.886504110494133 min: -10.999999705694492 max: -10.837828602728932
Mean: -10.952097173618295 min: -11.669687612015569 max: -10.837376156165886
Mean: -10.963884238963686 min: -11.60424043405795 max: -10.842743995629188
Mean: -10.875255479568162 min: -10.982498316908876 max: -10.833013613423022
Mean: -11.000903162476787 min: -11.566287451471203 max: -10.806811891055604
Mean: -10.972735376755091 min: -11.862642705789332 max: -10.827018235206294
Mean: -10.88864024854747 min: -10.987416218050445 max: -10.806348370700702
Mean: -11.022290856481343 min: -11.565688144627462 max: -10.825919319931046
Mean: -11.101543981190671 min: -11.915755343545042 max: -10.799192798645297
