Mean: -9.91704479271897 min: -11.979202063152382 max: -5.697237791392548
Mean: -10.170879247769603 min: -11.682336617028652 max: -5.688412775468725
Mean: -9.085359693900678 min: -11.089686224572734 max: -5.687895100412915
Mean: -8.65257154079223 min: -11.978441829393432 max: -5.687467504420416
Mean: -9.066607786908778 min: -10.990463066755547 max: -5.687432240279006
Mean: -11.035597577912771 min: -13.106190714309179 max: -5.692878805357114
Mean: -10.784378685064912 min: -11.914001998671269 max: -5.780413754986921
Mean: -11.176134419540592 min: -12.551634917201598 max: -10.792232789537435
Mean: -10.684231140847912 min: -12.12645510366795 max: -5.668716596700635
Mean: -10.160382460855 min: -11.951835669611084 max: -5.665194917439799
Mean: -8.421056141876432 min: -11.01983569879718 max: -3.1232646695398234
Mean: -8.05425282843547 min: -12.021444983385628 max: -5.658013014981366
Mean: -8.554836819652804 min: -11.856874775619866 max: -5.664615423614548
Mean: -8.102277734904327 min: -11.902700559756221 max: -5.664597869545277
Mean: -7.568376193438132 min: -10.891775975607397 max: -5.6648689658498155
Mean: -7.826681260039844 min: -11.750018087833748 max: -5.664775927560174
Mean: -7.385618918591862 min: -12.028518020634788 max: -5.37836813094777
Mean: -9.410228169794697 min: -12.651932033983556 max: -5.639157182970111
Mean: -9.025779646076503 min: -11.386738039075148 max: -5.357288991048201
Mean: -8.50788607202384 min: -10.937895277197597 max: -5.639418507101702
Mean: -7.82352577119792 min: -11.968396531440069 max: -5.63795033424623
Mean: -7.766924881107846 min: -11.741860929924622 max: -5.6381859792975515
Mean: -8.23257372986507 min: -10.875559226515517 max: -5.638672364288042
Mean: -9.446396383214235 min: -11.817462354347606 max: -5.638458843112045
Mean: -9.3747026919708 min: -11.939037347416829 max: -5.529658060282706
Mean: -9.927272058546242 min: -11.860533112324898 max: -5.529673543748179
Mean: -8.738818657489057 min: -11.738057994644654 max: -5.508846707087003
Mean: -9.885013168412893 min: -12.00544729550245 max: -5.5297619614684566
Mean: -9.646146904809557 min: -11.017739297961631 max: -5.530135566172309
Mean: -8.683890404157506 min: -10.865731710019807 max: -5.530046626067017
Mean: -9.945612188422238 min: -12.355312664645727 max: -5.529688797457659
Mean: -7.648029323256114 min: -11.584483695349622 max: -4.669948857530149
Mean: -8.24628579712235 min: -10.901148767417453 max: -4.6700263012398135
Mean: -7.483063800981921 min: -11.487455148735837 max: -4.669965887958408
Mean: -8.340058847124753 min: -11.499363718754257 max: -3.984519336965504
Mean: -8.15722151787205 min: -11.643992627493018 max: -3.9812904060474095
Mean: -10.943630788193884 min: -11.512459594406899 max: -10.680939911782673
Mean: -9.913481298715016 min: -11.88259010755619 max: -3.9591442413469324
Mean: -9.379458581130894 min: -11.817775313482235 max: -3.9588565915222027
Mean: -9.250175276342073 min: -11.949402264894267 max: -3.957577439021213
Mean: -10.125216529677052 min: -11.926095485114491 max: -3.957984772879563
Mean: -10.447932239935927 min: -12.00429975441508 max: -4.0733434668491775
Mean: -10.738203665761278 min: -11.497703848411973 max: -10.612872041723708
Mean: -10.702408568642893 min: -11.61541085806304 max: -10.612519650579872
Mean: -10.642997868628983 min: -10.792124247210575 max: -10.603692399743624
Mean: -10.774493084531318 min: -11.76914160531743 max: -10.612540727337732
Mean: -11.604092978726186 min: -12.048246096531566 max: -10.654946475780893
Mean: -10.982045639620507 min: -11.921406203561999 max: -10.551428493538324
Mean: -10.664494074510781 min: -11.618974293080715 max: -10.539777252431074
Mean: -10.550768195279801 min: -10.697659160355897 max: -10.385361338504
Mean: -10.656133015724954 min: -11.581622081936347 max: -10.301541649865806
Mean: -10.460663005907232 min: -11.285289577177906 max: -10.307398447824196
Mean: -10.321139163756436 min: -12.023984798623257 max: -3.1080490845884823
Mean: -8.697951180687381 min: -11.8806494186152 max: -3.1097044484599645
Mean: -7.151763517651487 min: -11.65051878637476 max: -3.1098347206399146
Mean: -9.083959376159518 min: -11.083899416168345 max: -3.1125839571836074
Mean: -10.71478296510811 min: -10.971744492658154 max: -10.049149121150458
Mean: -10.349951582371826 min: -10.838910450690406 max: -2.9879396624780634
Mean: -9.97309147527098 min: -10.84584336005629 max: -2.9270327340528333
Mean: -9.627481917886174 min: -11.772251456424057 max: -2.8720448907257174
Mean: -9.189546950147879 min: -10.856133805784141 max: -2.833655862444939
Mean: -8.699150845479725 min: -10.847400492165853 max: -2.881334235844106
Mean: -8.41183172639144 min: -10.842612050933415 max: -2.859493935545696
Mean: -8.05406011963095 min: -12.31442488630939 max: -2.802248476993006
Mean: -8.67845290685366 min: -12.335029280744092 max: -2.8030875208989885
Mean: -7.8783122466055335 min: -10.81871938499582 max: -2.7571072609930347
Mean: -7.816948565925976 min: -10.699929814254068 max: -2.76465444428609
Mean: -8.123677994452278 min: -10.684369583589726 max: -2.770756084108725
Mean: -7.769523357727891 min: -10.742030187340612 max: -2.762424341669869
Mean: -6.639024169664748 min: -10.989374792392557 max: -2.764282127952308
Mean: -6.83191550224106 min: -10.833998623850377 max: -0.14660780838881737
Mean: -3.6684924006208703 min: -12.092915362689707 max: 0.2796089510507999
Mean: -2.845175026769131 min: -11.875670767964367 max: 0.7817071301143279
Mean: -1.2549822253175384 min: -11.669934077251932 max: 0.9890738853379308
Mean: -0.90915491249403 min: -11.523266525814847 max: 0.9936957982730945
Mean: 0.5119039395922012 min: -9.20265028005527 max: 1.1970578222487198
Mean: 0.8958725985629297 min: -2.7972874582798526 max: 1.233411822414147
Mean: -0.6486778531120324 min: -11.220314375662596 max: 1.2128565039143635
Mean: 0.017487387859566307 min: -9.341245283463621 max: 1.2288356804191922
Mean: -1.775706023908429 min: -11.32229637992039 max: 1.222357119176487
Mean: -1.101305144365932 min: -10.588961951939346 max: 1.1988071851003304
Mean: 0.5467879977678478 min: -10.65218748822925 max: 1.2102492851849154
Mean: -0.03848790681173897 min: -9.921497233833064 max: 1.2000369172620844
Mean: 1.0481052245724256 min: 0.7362024671064114 max: 1.195832399266842
Mean: -0.16358372939555887 min: -10.716260234657568 max: 1.2375462510941497
Mean: -0.2871818067415333 min: -10.498847534335374 max: 1.2220205552771717
Mean: 0.5038331103568852 min: -10.301214929870063 max: 1.220769783039224
Mean: -0.7930642203868072 min: -12.132886190343065 max: 1.182260119005535
Mean: -3.328592094315913 min: -10.89101051239741 max: 1.1705426878555885
Mean: -0.12135360154417434 min: -11.130572191974409 max: 1.2192335683896587
Mean: 0.5113156237772074 min: -10.141060854564703 max: 1.2292015098399507
Mean: 0.4947162448125191 min: -10.63754569599854 max: 1.2124844286606447
Mean: 0.5554192409990348 min: -9.195621445357489 max: 1.2373674810814024
Mean: -0.6645827339395656 min: -11.303868564754595 max: 1.2263406287210952
Mean: -0.2504965041036319 min: -11.991485462583967 max: 1.1851591010874527
Mean: 1.0283751525294453 min: 0.7316000311196661 max: 1.2270480182770669
Mean: -0.652984416864283 min: -11.316425670763836 max: 1.215950041622769
Mean: 1.0525303501373628 min: 0.9479452690228976 max: 1.2005261757635441
Mean: 1.044099689875557 min: 0.7887171613125679 max: 1.1940307924564715
Mean: -0.14317026986752807 min: -11.523576841876814 max: 1.2222888005776642
Mean: -0.8100887503131473 min: -10.782689883460318 max: 1.2227870204823292
Mean: -0.7397861857295054 min: -12.214526399738114 max: 1.2134404574353426
Mean: -2.049119862100381 min: -12.09433899310097 max: 1.2003948849717234
Mean: 0.4237687117037945 min: -11.515493022832638 max: 1.243914897114079
Mean: -0.27691603476101634 min: -12.37608147412056 max: 1.244365809666076
Mean: -0.2493027091547233 min: -11.533659575991239 max: 1.2197155380166878
Mean: 1.021277879763757 min: 0.5670909020380945 max: 1.2043659561536673
Mean: -1.803304316356837 min: -11.56398676132348 max: 1.2261710297498183
Mean: 0.8408315533457795 min: -2.794321894324462 max: 1.2035007365970187
Mean: -1.4365259848534984 min: -12.086582565323662 max: 1.1979167156312838
Mean: 0.431275531263665 min: -11.59483753746063 max: 1.199689403375129
Mean: -0.09558612787963751 min: -11.159896935278303 max: 1.223679234926691
Mean: 0.8318031855367586 min: -2.94745678755612 max: 1.2191622812329637
Mean: -0.17168382170219604 min: -11.481029892036135 max: 1.2267734209583032
Mean: -1.2721623330527663 min: -10.320044121863909 max: 1.1942084219130809
Mean: -0.04883438304619962 min: -10.384136361569086 max: 1.2283677598289062
Mean: -0.6858550245730377 min: -11.338351817472775 max: 1.2138953042911058
Mean: -0.21974699353907576 min: -11.756699093864617 max: 1.1925904423609217
Mean: -0.6925395666606197 min: -11.803976662416135 max: 1.243653818564213
Mean: -0.7065925760390644 min: -11.495622949245261 max: 1.2148329102728983
Mean: 1.0454448311961289 min: 0.8638724448106736 max: 1.2382860272290068
Mean: -0.5565890962238914 min: -11.43386715539441 max: 1.230378873799125
Mean: 0.5248301534828659 min: -9.980150741550148 max: 1.2327019674786388
Mean: -0.7232262263450834 min: -11.726040949159565 max: 1.2382075482517598
Mean: -0.14391042369441415 min: -11.122466665656953 max: 1.2460634191191928
Mean: 1.0656050467209408 min: 0.9729391046785512 max: 1.258268385101206
Mean: -0.29044103584372294 min: -9.714095777574792 max: 1.2466442921906913
Mean: -0.1651156258023594 min: -9.396794847649458 max: 1.2572401578614987
Mean: -1.1048539506225334 min: -10.584869069918932 max: 1.2607523646595569
Mean: -0.7021034000641386 min: -11.836488097556117 max: 1.2746971105116958
Mean: -0.8236630282973743 min: -11.53882691364574 max: 1.2719340568571276
Mean: -0.610841370212579 min: -11.454856600902138 max: 1.252197921430748
Mean: -0.372794598250641 min: -11.64512887867186 max: 1.230211805876399
Mean: -1.7992586161402717 min: -12.050309228122343 max: 1.2589977491458852
Mean: -0.7199753802627324 min: -11.183109084494602 max: 1.2556575807652086
Mean: 1.130300070264577 min: 0.9998706832548299 max: 1.251551638792893
Mean: -1.304803056860322 min: -11.53401425814964 max: 1.24695836868983
Mean: -0.021475144942473712 min: -10.588228002129759 max: 1.2763921949470831
Mean: 0.4322020330122379 min: -11.738451889543464 max: 1.2558845585181366
Mean: -0.6718372237022043 min: -12.374348106290824 max: 1.2601529324198364
Mean: -0.1993246608883923 min: -10.36777114116027 max: 1.2261933322564726
Mean: -0.7234501790593969 min: -11.798307193207298 max: 1.2359205412643612
Mean: -0.0527943087693866 min: -9.968371142088573 max: 1.202633609873182
Mean: -0.6678657403447936 min: -10.959540492261075 max: 1.2291814720965921
Mean: -1.1630587882219268 min: -10.541246218388203 max: 1.2329136238732772
Mean: -0.719269191556884 min: -11.672681386520821 max: 1.2396263537163341
Mean: -0.7027657285071689 min: -12.286090432245945 max: 1.2280353831267594
Mean: -0.6987224982422197 min: -12.201263740045507 max: 1.2547572097910957
Mean: -0.7972678831230618 min: -10.161147406019241 max: 1.2279056703969686
Mean: 0.4108083062919657 min: -11.728694166084322 max: 1.2110122759112405
Mean: -0.11972792529475873 min: -9.90921746047943 max: 1.240710472029887
Mean: -0.11009854362460973 min: -10.843928062920154 max: 1.2099603797725045
Mean: 0.4115202017619355 min: -11.452577643093509 max: 1.2339119259641165
Mean: -0.6575100155353963 min: -11.159403975116904 max: 1.2201700725312576
Mean: -1.6875809195029656 min: -10.726465286027002 max: 1.2435571874387343
Mean: -0.21561139297424115 min: -11.139753952469956 max: 1.2118701130054441
Mean: -0.7369380167379841 min: -11.238464969834792 max: 1.275656350804872
Mean: 0.5412918600226708 min: -9.683097251065526 max: 1.2629268476409203
Mean: 0.5927066680382957 min: -9.198244729070046 max: 1.2260908152312422
Mean: 0.8974434804730116 min: -2.2864379571257896 max: 1.1859445523610925
Mean: -1.8098983792778711 min: -11.174775859456554 max: 1.1956218945079322
Mean: -1.2000138312705002 min: -11.137964003987156 max: 1.2310273289112368
Mean: -0.8455806672217447 min: -11.606454973487585 max: 1.2367224828287602
Mean: 0.45076287521341074 min: -11.168397324415814 max: 1.2515665616562268
Mean: -1.4619099318217221 min: -11.173593923106147 max: 1.243386271171829
Mean: -0.060066361745270316 min: -10.551553933614791 max: 1.2248819877694146
Mean: -1.928605889008829 min: -11.255325983013597 max: 1.219984801446016
Mean: -0.07648757561493741 min: -10.807925162118602 max: 1.2436865022673638
Mean: 1.0163989356179708 min: 0.7199428317842256 max: 1.2263133096199135
Mean: -0.05324382025131165 min: -11.16071944848387 max: 1.249985306786602
Mean: -0.12699958191531077 min: -11.553290259314405 max: 1.2411355865969003
Mean: 1.0355016139406943 min: 0.288842276584404 max: 1.2422880551364894
Mean: 0.4820834296194965 min: -10.714085172639487 max: 1.2402724081222691
Mean: -0.32459107569835755 min: -11.084190718661896 max: 1.2431518026037538
Mean: 1.0864953175298688 min: 0.7302512258734521 max: 1.2552790408997645
Mean: -0.14225047887312417 min: -11.601480287310777 max: 1.2633199319463082
Mean: -0.6610653000059172 min: -11.367255964109107 max: 1.2333446546330773
Mean: -0.6612996528406846 min: -12.542804431387276 max: 1.2740796689518528
Mean: -0.10196636998365982 min: -12.351292944404937 max: 1.2588229384736853
Mean: -1.8292749032652882 min: -11.555133028438831 max: 1.2762053707302254
Mean: 0.5657876023123583 min: -9.664174310836161 max: 1.265838671502834
Mean: -2.419618038678601 min: -11.97612397644322 max: 1.2580056628036884
Mean: -0.139618245424311 min: -11.513622126810176 max: 1.2428369463311144
Mean: -0.16759213948184576 min: -9.631548534179919 max: 1.2685355694978373
Mean: -0.09241328448264033 min: -10.488761906636244 max: 1.2625156893709593
Mean: -0.5304757512808355 min: -9.872103572769634 max: 1.2380599608865157
Mean: 0.5777757919829268 min: -9.543613499032285 max: 1.2711654296586472
Mean: -0.20197332124286865 min: -11.524112060297789 max: 1.246485949493933
Mean: -0.2050011920525438 min: -12.025129518685901 max: 1.23769910475998
Mean: 0.1493817842141713 min: -9.421091316167596 max: 1.2730463979951852
Mean: 0.4906115977553025 min: -10.4418311643814 max: 1.2458899641263383
Mean: -0.6365555112533807 min: -11.10136386106257 max: 1.1714999855435293
Mean: 0.05663089245912982 min: -9.894358023752794 max: 1.2743519010578717
Mean: -1.0755690909726232 min: -10.219665496287783 max: 1.2518387719676103
Mean: -0.05384692481156299 min: -10.348425375160328 max: 1.2316529517335277
Mean: -0.09110834168364526 min: -11.618906207094613 max: 1.2276343333955664
Mean: 0.39796140911182304 min: -12.549635775796707 max: 1.239097008928287
Mean: 0.4380467958483586 min: -10.83547541319922 max: 1.190957452692013
Mean: 0.5257677480062144 min: -9.39440967537689 max: 1.2171537120757028
Mean: 1.0295337318234492 min: 0.7126638404484998 max: 1.2480400824159281
Mean: 0.40003662077992086 min: -9.196140490502804 max: 1.2344794786086175
Mean: -0.600567752378848 min: -11.211328775108347 max: 1.2157912386311658
Mean: -1.2286121681011426 min: -11.152645320103215 max: 1.2334541089826574
Mean: 0.4621230444458563 min: -10.593205511031648 max: 1.1953994214486203
Mean: -0.02607887394402707 min: -9.933741190644517 max: 1.2252802113637185
Mean: -1.2885655175298354 min: -11.697158381726744 max: 1.243216933087465
Mean: -0.5422396566930517 min: -10.061403063707015 max: 1.242820524195802
Mean: -0.09861241254825233 min: -10.229332068100721 max: 1.0695983630067896
Mean: 1.0314568573111051 min: 0.696858250049835 max: 1.1938629354448418
Mean: 0.030837476273897223 min: -9.416609806373124 max: 1.2323850745669742
Mean: 0.4710739462836747 min: -11.99160485869847 max: 1.2234313628669644
Mean: -0.07838972868309539 min: -12.222843381384788 max: 1.2906495294558304
Mean: -0.7086367717537725 min: -12.57344085349218 max: 1.2830418858053951
Mean: 0.5296724098505451 min: -11.890387932831 max: 1.2906152133676534
Mean: -0.7467697594718539 min: -12.334619673242115 max: 1.2701423638911695
Mean: -0.7825805975326322 min: -12.280786378966937 max: 1.2419638056121025
Mean: -1.2516606772529986 min: -12.29398795700659 max: 1.2619450323759913
Mean: 0.9621719186924279 min: -2.306636588811972 max: 1.2602549292267016
Mean: -0.42091619244349354 min: -9.645071882117326 max: 1.2496883985157485
Mean: -0.16286485164458328 min: -12.345049184147248 max: 1.2504137817120144
Mean: -0.16620627193280874 min: -11.451292614300273 max: 1.244614770004273
Mean: -0.11186658597600159 min: -9.920699887754774 max: 1.2682442401598968
Mean: -0.0842045944040379 min: -11.199546934640859 max: 1.2571683851379012
Mean: -0.6724153331793031 min: -11.312562407684702 max: 1.2803491704553527
Mean: 0.16409165828275102 min: -12.133486791381163 max: 1.2533406756955519
Mean: 0.5544200821454977 min: -9.664787935267746 max: 1.2830638523915168
Mean: -0.1734311393372344 min: -12.4290635180417 max: 1.2650357094230305
Mean: 1.1456193792812397 min: 1.001436994831956 max: 1.2580828899332994
Mean: -1.3222458737568155 min: -12.062442945651243 max: 1.2476113500215602
Mean: 0.07315722030633753 min: -9.395515442576695 max: 1.2713165327407672
Mean: -0.658321597515142 min: -10.286530826056484 max: 1.2410565829848765
Mean: -1.3119783009449761 min: -11.82911515197807 max: 1.1067812688711187
Mean: -0.6406745554010194 min: -11.468770337975904 max: 1.2660573769735735
Mean: -0.026357553110162652 min: -9.818691309573266 max: 1.224447267430623
Mean: -0.6256580643425007 min: -11.137322122321859 max: 1.246797413148318
Mean: 1.0805459273927873 min: 0.7236932780627037 max: 1.2698608021116236
Mean: 0.8393236988393417 min: -2.8006254236750143 max: 1.2341446699021035
Mean: -1.2971899230542616 min: -11.585451916799386 max: 1.2408391899247653
Mean: -1.1261267330338145 min: -11.151457188855481 max: 1.2350582947008135
Mean: -1.6216271912802174 min: -10.312756998655916 max: 1.1954843366515777
Mean: -0.6223677079405742 min: -11.148939365319793 max: 1.2424143115792954
Mean: -0.12496870044445137 min: -11.719482644673011 max: 1.2051746000171593
Mean: 0.4429936923828851 min: -10.781288180861571 max: 1.1942028681493402
Mean: 0.33699353570348994 min: -11.188965087562234 max: 1.2178214921291675
Mean: -0.13832526818952348 min: -10.777995876998801 max: 1.192138574419181
Mean: -0.04507613269560377 min: -10.047117281130774 max: 1.2237425334883714
Mean: -0.08964033843291279 min: -11.180058699812905 max: 1.252888888120715
Mean: 0.4892121029864837 min: -9.6138024826945 max: 1.1369044823687284
Mean: -0.18460736420599608 min: -11.344110606974354 max: 1.1812301747775253
Mean: -0.06229796495439034 min: -10.275856585376252 max: 1.2084308583049834
Mean: 1.0343754341949125 min: 0.7382045472043287 max: 1.196150012752896
Mean: -0.5930940462601199 min: -11.873784561487607 max: 1.254259096874366
Mean: 0.6252994331749411 min: -9.897581647595587 max: 1.2597697772668137
Mean: -1.0678013708449163 min: -11.93462385287701 max: 1.2467367193918568
Mean: 0.5361299932389578 min: -10.513065867491358 max: 1.2578058715964788
Mean: -0.7063672846394249 min: -12.30398640685054 max: 1.2602121264622546
Mean: 0.5578420118450131 min: -9.304655163144915 max: 1.2619937127501046
Mean: -2.040682888380438 min: -12.292303726597174 max: 1.27280154021239
Mean: 1.0694028109504978 min: 0.03362280809585447 max: 1.2537860015637352
Mean: -0.5786676017731176 min: -12.286287928436272 max: 1.2622712348491407
Mean: -0.807795463731872 min: -10.209599242132752 max: 1.2548982466640382
Mean: -0.14329067299621517 min: -11.741848670639603 max: 1.2642092015409017
Mean: -0.7479960770001328 min: -12.223656589533688 max: 1.2756326438700607
Mean: -0.25515961849322577 min: -11.972992318849005 max: 1.2399290756140917
Mean: -0.9709313377419505 min: -12.286961500093152 max: 1.2595765967423558
Mean: 0.46485588122311494 min: -9.93153869828737 max: 1.2543506821588064
Mean: -1.918785014472108 min: -11.149745667090142 max: 1.2578072520307184
Mean: 0.5788838629248227 min: -9.684992431957465 max: 1.2609854134132779
Mean: 1.085091600203937 min: 0.7917122412587847 max: 1.2627834186583649
Mean: -0.5364730600977566 min: -10.173662310664911 max: 1.2438827338404328
Mean: -0.2831143808370946 min: -11.567432919015252 max: 1.2450628369552696
Mean: 0.5696308845740622 min: -9.23017459623511 max: 1.2452064104636913
Mean: 0.46920281932098024 min: -10.709831522406803 max: 1.2397544700589758
Mean: 0.5211290422517417 min: -10.205035334776259 max: 1.2518083321731512
Mean: -0.008233483233760452 min: -10.419742507274723 max: 1.2605645837150445
Mean: -0.015327713124500075 min: -10.231764159572975 max: 1.2645311032269386
Mean: -0.8038908192342088 min: -11.15665024874687 max: 1.2685701110613978
Mean: -0.048242580373934155 min: -10.137126555341176 max: 1.2381019282353065
Mean: 0.4565277266146615 min: -11.145709866123061 max: 1.2527238904767302
Mean: -0.30228284500627994 min: -11.551064320034985 max: 1.0600090698828977
Mean: -0.6448632476579482 min: -11.43136857848216 max: 1.2274679177653085
Mean: -0.08433813431728027 min: -11.156535808602696 max: 1.2293001294975618
Mean: -0.08085440036487553 min: -10.151560074602648 max: 1.2376539897900947
Mean: -0.1028018831654756 min: -11.16120233391018 max: 1.250965283107864
Mean: 1.0446658474565353 min: 0.853275517103143 max: 1.2267375240220537
Mean: -0.741733925341811 min: -11.3606455752206 max: 1.237830479614192
Mean: -0.7624070421457845 min: -10.364961679859508 max: 1.2200628746277442
Mean: -0.19511737544473765 min: -9.905490507091114 max: 1.2105473690629633
Mean: -0.6167022909606225 min: -10.193962242510294 max: 1.1927601845433369
Mean: -0.2312293263217736 min: -10.719515549456757 max: 1.1876274352552387
Mean: 0.46315110135928117 min: -9.84323925059029 max: 1.224702949535718
Mean: 1.061707895469937 min: 0.9030880792995941 max: 1.2080680455816881
Mean: -0.6617689821584715 min: -11.850640212471445 max: 1.2499145433670116
Mean: -1.0906604633152124 min: -11.076461891019092 max: 1.2485423895440844
Mean: 0.4400108608690214 min: -10.522985545756859 max: 1.2545332249343417
Mean: -0.4564457314877819 min: -10.092182971408175 max: 1.2713907243597837
Mean: -1.1555562797078387 min: -11.634495278204726 max: 1.2605069951513967
Mean: 0.5632958968016628 min: -10.491900346613857 max: 1.2572126665713108
Mean: 0.05596993503492868 min: -9.575989440759086 max: 1.253065918965939
Mean: -1.0203101336458837 min: -10.337156363193987 max: 1.263973925043738
Mean: -1.2286796753151616 min: -11.699783248275041 max: 1.2579667271140962
Mean: -1.137268754556801 min: -11.182135354839339 max: 1.2544724031211096
Mean: 0.42135055093866897 min: -9.276647011558245 max: 1.2706813070915144
Mean: 0.5835010885815347 min: -10.52805113050733 max: 1.2511171915251436
Mean: -1.1427184008044349 min: -11.179520827876143 max: 1.266157122915111
Mean: 0.31251765282143146 min: -11.883704683616623 max: 1.2668484893148408
Mean: -0.06841677093830068 min: -10.97965315921617 max: 1.2524415330018235
Mean: -1.2888787386110636 min: -12.235736317183711 max: 1.2545099657440697
Mean: -0.1280862986427269 min: -12.299096354867526 max: 1.2629490228530296
Mean: 0.6330844190938572 min: -9.203750532265824 max: 1.2596843450209751
Mean: -0.4540828824896378 min: -9.650987660946996 max: 1.2589649635372089
Mean: 0.6014635077812682 min: -9.236423141824659 max: 1.2584082312960703
Mean: -0.7802935623415703 min: -11.16228239294748 max: 1.2622259867543963
Mean: -1.1991633997637072 min: -11.170605099569656 max: 1.2585793366534435
Mean: 0.41976017766153123 min: -9.787546130512403 max: 1.2659370832902783
Mean: -0.16814919408363482 min: -9.64826715396384 max: 1.2644572800075586
Mean: 0.573225395038863 min: -9.206190551553656 max: 1.2612592433369512
Mean: -0.693543750844774 min: -11.135077680021327 max: 1.245777313572523
Mean: 0.3457868041672768 min: -11.243176449468212 max: 1.2551141933765328
Mean: 1.0691899198700792 min: 0.8011686398217881 max: 1.2710331842680906
Mean: 0.3861851023523925 min: -8.73993269401737 max: 1.2220845959416495
Mean: -1.1992866479027442 min: -11.46845740722352 max: 1.2163378378479885
Mean: -0.09259799503661988 min: -10.542237664676247 max: 1.211000776611084
Mean: 1.0007513113476736 min: -0.03232696977603435 max: 1.2400350768594686
Mean: 1.0519232915724805 min: 0.764227854009298 max: 1.2326716826688953
Mean: 0.4372853093034029 min: -10.288613386869965 max: 1.2257089935559182
Mean: -1.2240658229569525 min: -11.157934233349563 max: 1.2170176934098156
Mean: -0.5322563124629096 min: -9.866379763175466 max: 1.2327920075163288
Mean: -0.6794111347895935 min: -11.143870552020713 max: 1.2632462259330859
Mean: 0.4512844428346211 min: -11.139906116609756 max: 1.2238842327099526
Mean: 1.0397573001655054 min: 0.7713144636439718 max: 1.1685076429554344
Mean: 1.0436295850819441 min: 0.7228706900974209 max: 1.1901356589371335
Mean: -2.308620773318499 min: -11.140738132481593 max: 1.1718570930727887
Mean: -0.07888402873586584 min: -12.220893796746898 max: 1.2552827515931722
Mean: -0.5711492898987321 min: -10.483442387903718 max: 1.255824816533906
Mean: -0.02069344399746964 min: -9.928675636172056 max: 1.2589755966981828
Mean: -1.1707002871922636 min: -11.153273644563724 max: 1.2601504747944554
Mean: -1.2428019080854384 min: -11.44103468622637 max: 1.250017239524549
Mean: -0.6119854559944 min: -10.718216511481987 max: 1.2797976515716194
Mean: -1.5644842641004237 min: -12.282232676079383 max: 1.268955054142632
Mean: -0.692494599387434 min: -12.18264683054842 max: 1.2705757452525435
Mean: 0.07576343152726035 min: -9.780729777234798 max: 1.2613623919229058
Mean: 0.5634023594321764 min: -10.544803401117171 max: 1.2769580972868297
Mean: -1.672453046964057 min: -10.838902529246427 max: 1.2609583273941374
Mean: -0.030599052169397168 min: -11.632084566568729 max: 1.2696963348972048
Mean: -0.7429587603626712 min: -10.64527268990131 max: 1.26768496497363
Mean: -1.444634957893408 min: -12.047708377273853 max: 1.4350965705004757
Mean: -0.12568166215297455 min: -10.694084337465501 max: 1.2629509591511376
Mean: 0.04466947835700545 min: -10.559599427147848 max: 1.264610664341734
Mean: 1.126345617378587 min: 0.9075260229088641 max: 1.2674097817274095
Mean: -0.18554647684416978 min: -12.155346300823432 max: 1.2577731567862425
Mean: 0.6178239867889552 min: -9.203024038904054 max: 1.260636314964012
Mean: -0.08242559203479924 min: -11.156210568856375 max: 1.2624204797388732
Mean: -0.4985019251073104 min: -10.438731958517598 max: 1.2589938919784178
Mean: -1.8155529148389262 min: -11.736196438482697 max: 1.2617990334441633
Mean: -0.7237917917078327 min: -11.282168199518903 max: 1.2211402130620157
Mean: -0.7361503825217387 min: -11.185132979090081 max: 1.259931073834033
Mean: -2.7799575738379496 min: -11.211630361983671 max: 1.269776378020771
Mean: -0.6359081447386493 min: -11.131883267817237 max: 1.2080436100784688
Mean: -0.019721595044514283 min: -9.513063900713323 max: 1.2076170642939608
Mean: 0.4986548231671429 min: -10.89144300518924 max: 1.2420855967015687
Mean: -0.5985212461414537 min: -11.153948301292393 max: 1.1963363189174436
Mean: -0.24980975371470365 min: -10.287659869440706 max: 1.2280248863033272
Mean: -1.2000099765877483 min: -11.174475703234322 max: 1.2080825388327678
Mean: -0.08394300870472375 min: -11.17450089326518 max: 1.2405772529705155
Mean: -0.10564335041617187 min: -11.649683338897669 max: 1.1845176968322682
Mean: 0.4402240843706659 min: -11.158699924474906 max: 1.2448628232121135
Mean: -0.8498877532873493 min: -10.640953559491237 max: 1.243319965122218
Mean: 0.44405367919705013 min: -9.91719506817391 max: 1.2226649952952473
Mean: 0.550014422257583 min: -9.635921194684721 max: 1.226872738898868
Mean: 0.38948438705217037 min: -11.839881113469843 max: 1.2087809468254112
Mean: -0.9475055255861344 min: -11.174069116579485 max: 1.224846996788718
Mean: 0.33513072376682435 min: -9.846665503847053 max: 1.238807671998266
Mean: 0.3075975872057854 min: -10.193076056617182 max: 1.1736328509225524
Mean: 0.6052243313016097 min: -9.355928660496104 max: 1.257781359741842
Mean: -0.39160847628089757 min: -11.106242110559913 max: 1.232308665181169
Mean: 0.6158482373048206 min: -10.08020170956854 max: 1.2610604497245503
Mean: -0.18399839606291257 min: -11.165331941819348 max: 1.2674418954422415
Mean: 0.02467734369660569 min: -10.540327535446092 max: 1.263176634723079
Mean: 1.1237070930156656 min: 0.702626636100186 max: 1.2646277978797134
Mean: -0.5920311075509914 min: -11.826919135262768 max: 1.2645796304302848
Mean: 0.4362436046874592 min: -9.745030211417964 max: 1.2563656236122647
Mean: -1.1831992844163932 min: -11.825733329291054 max: 1.2612595897426875
Mean: -0.935163938277485 min: -12.288787953441002 max: 1.2603453864467775
Mean: -0.6753211053993454 min: -12.22980459885907 max: 1.2598483279265333
Mean: 1.0919113079896061 min: 0.00464927578186336 max: 1.2585277154193306
Mean: 0.46087012854981707 min: -11.160316552496248 max: 1.2549461650711282
Mean: -0.6362939275857816 min: -11.66403722775859 max: 1.2541385677389276
Mean: -1.0448904884657426 min: -10.74753384364994 max: 1.2584575359851207
Mean: -0.6160514984155353 min: -9.585265879996541 max: 1.2588599708380417
Mean: 0.5025045979840803 min: -11.49008991709901 max: 1.2586610480663365
Mean: -1.0362941367038823 min: -10.920201657938062 max: 1.2643020788533594
Mean: -2.6216915110811163 min: -11.538149172557134 max: 1.2577321575992022
Mean: 0.5062604401749944 min: -10.11443815562412 max: 1.2344713851955482
Mean: -0.0752251283664422 min: -11.178211838241126 max: 1.258730015545454
Mean: -1.214628802099241 min: -11.495675353917239 max: 1.251088670156568
Mean: 1.1158363963976443 min: 0.9910472778392894 max: 1.2587317096233999
Mean: -0.026376613042385588 min: -10.773610348470063 max: 1.25737565393049
Mean: -0.8353440725623626 min: -11.456950299104204 max: 1.2574709007513414
Mean: -0.07110119011522817 min: -10.825032109169033 max: 1.2651783496393791
Mean: -0.5516360587378866 min: -10.714227574171694 max: 1.242356475851271
Mean: -0.6964757715971267 min: -11.449354889200926 max: 1.2549526706837917
Mean: -0.8523376539459757 min: -10.473444293909875 max: 1.2495272344341342
Mean: -0.6728816215859751 min: -11.145920658526668 max: 1.2072805599553857
Mean: -0.2694414487354451 min: -9.651956155886676 max: 1.2576018102554358
Mean: -1.3304326929496624 min: -11.17172561051997 max: 1.2240435273670607
Mean: 0.5673117609336191 min: -9.654362483694435 max: 1.2089454244881441
Mean: -0.661988126579353 min: -10.98419319050316 max: 1.2408564627653067
Mean: 0.48409271290418643 min: -10.120291821078808 max: 1.1928216914665435
Mean: -1.2698501026751892 min: -11.64153261248938 max: 1.1921275114493801
Mean: -1.2525827116713004 min: -11.119169271674313 max: 1.2281970710780532
Mean: -0.6430013690498814 min: -10.62217281392113 max: 1.187448123558399
Mean: -0.613209761229477 min: -11.143945110163594 max: 1.2282733050378816
Mean: 0.2630594985061625 min: -11.50830777985076 max: 1.2324589710817995
Mean: -1.271702841083114 min: -10.941645790353268 max: 1.214762699865063
Mean: -1.4791854791623842 min: -11.647704137770468 max: 1.2376879913032865
Mean: 1.1538227336977092 min: 0.973184813765989 max: 1.2622984240969761
Mean: -0.5059687315549252 min: -11.152470539412263 max: 1.2598045903339288
Mean: -1.1390802135103777 min: -11.377426700297185 max: 1.2471877227504629
Mean: -1.3357831680828645 min: -11.344421447254671 max: 1.2843934703830082
Mean: 0.5812606827449501 min: -10.06540144577305 max: 1.2543096522418236
Mean: -0.07086298101136626 min: -11.744090770144691 max: 1.470679162699762
Mean: 0.5711457758754693 min: -10.482815680590916 max: 1.7268933469509853
Mean: 1.2431294131988708 min: -2.4406758324479263 max: 1.6241427354718003
Mean: -0.3197817715449335 min: -10.629399123749529 max: 1.772697384443984
Mean: -1.0722426215847023 min: -12.092797491791956 max: 1.6538333038671886
Mean: -1.6002347608029435 min: -11.798124614703319 max: 1.6288999906836819
Mean: -0.4324226976353119 min: -11.364920208991046 max: 1.7607273282919291
Mean: -0.48753040031164147 min: -11.673139751945312 max: 1.617600173883939
Mean: 0.8828100095994931 min: -9.474856104402983 max: 1.6624106268786458
Mean: -0.8698049770878203 min: -11.427556814154821 max: 1.6919407777979871
Mean: 0.31006959955996993 min: -11.189183358124192 max: 1.619608023047457
Mean: -1.10974691475866 min: -11.712497723121707 max: 1.7460586887761238
Mean: 0.412029009376307 min: -9.386452902711873 max: 1.9209684694476132
Mean: 0.23778078730607302 min: -10.354671886326376 max: 1.7198856655887556
Mean: 0.17520316962175603 min: -11.704362944955555 max: 1.5694687615599834
Mean: -0.47608675369978315 min: -11.346611187147793 max: 1.6898446247496577
Mean: -0.1041870734928124 min: -9.780892482962775 max: 1.7784526029454581
Mean: 0.6206397523788364 min: -9.57531547339426 max: 1.9151715380816539
Mean: 0.7601575273567178 min: -11.063518839101713 max: 1.7119308646086835
Mean: -0.8665720296312498 min: -11.575928605216902 max: 1.6388808490188351
Mean: -0.21880045046519117 min: -10.691158169015175 max: 1.906905339004369
Mean: -1.1448091656377803 min: -11.977645903409813 max: 1.6912937595781505
Mean: -1.574607109816204 min: -11.192396997545668 max: 1.6571997994736132
Mean: -0.3776429543699324 min: -11.241899249820635 max: 1.7157038162900387
Mean: 0.13097644916978846 min: -9.529470551667412 max: 1.605532628651875
Mean: 1.4159158637984066 min: 0.9450948127119754 max: 1.6995388069230992
Mean: -0.359246953729738 min: -11.389598951900144 max: 1.6913545256835594
Mean: 0.8454236519972007 min: -9.78459664446829 max: 1.6029580850160217
Mean: 0.7755860970687386 min: -9.858761629425693 max: 1.8391105314704361
Mean: -1.029347273199677 min: -11.619774709025519 max: 1.5455943816491564
Mean: -0.47362873483435985 min: -11.203836984804175 max: 1.6139921150492813
Mean: 0.27677751479808477 min: -11.014516821747184 max: 1.5732757409320055
Mean: 0.2009786977912645 min: -11.16388937980408 max: 1.6576917438780268
Mean: 0.039543338930601156 min: -10.331928458722764 max: 1.5346616623559273
Mean: -0.45704943848438057 min: -11.725294528357985 max: 1.6043405145289558
Mean: -0.20436120858905937 min: -9.753308204959275 max: 1.6165423782450528
Mean: -0.4449237928939043 min: -11.533413300520193 max: 1.6324331877206246
Mean: 0.20999387419447074 min: -11.169927552608467 max: 1.697460566895062
Mean: -0.6263832960376965 min: -11.108214314886437 max: 1.6596624462590583
Mean: -0.7102149971167232 min: -11.882619510053411 max: 1.772476309908121
Mean: -0.26909164469029445 min: -11.617284892781235 max: 2.4978965566109035
Mean: -0.3083094465972362 min: -11.173673311837845 max: 1.8884954480500147
Mean: -2.841293563827798 min: -11.327372772183377 max: 1.7862289715574282
Mean: -1.4678267475023254 min: -11.197884912939505 max: 1.9380837690640342
Mean: -0.5733257511935478 min: -11.67436572409738 max: 1.7590503763489374
Mean: -2.328196316609081 min: -11.761620759887164 max: 1.7507108870762595
Mean: -1.0517411956766298 min: -11.676821032955031 max: 1.771377822007143
Mean: -2.298971786753683 min: -12.161870148545649 max: 1.8298746134353796
Mean: -0.3209924523130126 min: -11.481093803024597 max: 1.8653931705068045
Mean: -0.4441573419968535 min: -11.59110755906413 max: 1.7909250015220655
Mean: 0.18497418084704892 min: -9.87974088285689 max: 1.9437911391841554
Mean: -2.0563432144942793 min: -11.20069834389428 max: 1.8518570800189653
Mean: 0.09141542818789056 min: -10.207680993655618 max: 1.8257708728153974
Mean: -0.3867360630870659 min: -11.470279686291152 max: 1.7649490654051476
Mean: -1.2791772715911205 min: -11.961512389106202 max: 1.7313693144969486
Mean: -0.49526271940893213 min: -11.317008072942915 max: 1.7237970743942261
Mean: -1.2160312066216057 min: -11.841407745385165 max: 1.9093271167613282
Mean: 0.7480648054246621 min: -9.409656222870822 max: 1.770017860178411
Mean: -1.0164927975555793 min: -11.025653964391285 max: 1.7303852979113306
Mean: -3.6229016598856623 min: -11.602409109229036 max: 1.6156295884929164
Mean: -0.8091123390391417 min: -11.782766840944994 max: 1.7522878113415499
Mean: -1.2479770596292998 min: -11.897077744842447 max: 1.8047692394099437
Mean: -2.229712308644699 min: -11.19829176612054 max: 2.3941747969619755
Mean: -1.2252357739689583 min: -11.676083121243334 max: 1.6258567537417001
Mean: -0.5198669001646872 min: -10.533730012206801 max: 1.8056126339010106
Mean: -2.9771836502764613 min: -11.462983882951315 max: 1.773913511605338
Mean: -0.9875298078067691 min: -10.257850834886224 max: 1.7982912501936887
Mean: -0.44707836737087614 min: -11.597401548902825 max: 2.0086813477020637
Mean: -1.7602173376080792 min: -11.687180973649433 max: 1.73516270763695
Mean: -2.541123254002868 min: -11.145734401618096 max: 1.8290972046256984
Mean: -1.3564147289311204 min: -11.42739503958351 max: 1.7865043864747432
Mean: -1.3373413230508873 min: -11.411924018601605 max: 1.9450505515238956
