Mean: -10.512599048107285 min: -11.950058029037777 max: -3.693389247451342
Mean: -9.361328765134445 min: -11.946972477195537 max: -3.6922881889789494
Mean: -8.415496594366594 min: -11.799581545274643 max: -2.8744454350083415
Mean: -8.653827573089865 min: -11.980352722704472 max: -2.779300458855247
Mean: -9.745161634275814 min: -11.550745287209873 max: -2.150288960781187
Mean: -8.76938154883626 min: -12.400664625781836 max: -2.6720173584506504
Mean: -8.083582860776872 min: -11.790901702835598 max: -2.7299225653436676
Mean: -7.596351663764851 min: -11.802517300209031 max: -2.7020306025135583
Mean: -9.381380940809192 min: -11.78582843905855 max: -2.7047774418822796
Mean: -9.746063610022041 min: -11.6744740635215 max: -2.7027526059669666
Mean: -9.976031613393271 min: -11.695064776637716 max: -2.7031616666580334
Mean: -9.559215871482937 min: -11.506862588236046 max: -2.433159659215666
Mean: -9.350190505413257 min: -11.720763722566144 max: -2.427572624247827
Mean: -9.973253380955036 min: -11.895306744655471 max: -2.324244619969886
Mean: -9.997580223415193 min: -11.779739621864369 max: -2.7270593630358584
Mean: -9.871956587695164 min: -11.663938057870356 max: -2.7294659039946993
Mean: -10.421427753300108 min: -11.670287264090467 max: -10.141264107993742
Mean: -6.43048715922647 min: -11.706195697406617 max: -2.7098605909907456
Mean: -6.75125678789545 min: -11.811746605028414 max: -2.52208605692449
Mean: -7.992060937518142 min: -12.058292099372423 max: -2.4861791181367643
Mean: -9.238926691568855 min: -11.602693436667261 max: -2.4508386489274367
Mean: -7.063335187506306 min: -11.590330978075292 max: -2.063381372428373
Mean: -4.2835072907417455 min: -11.047319763686108 max: -1.6411845842528512
Mean: -3.369472109896938 min: -11.084134686968884 max: -1.569623699438327
Mean: -3.570865908174918 min: -11.469947023305433 max: -1.5553531011688684
Mean: -5.732608107632835 min: -11.86196010287226 max: -1.3485324198863362
Mean: -5.8925772324153876 min: -11.952310072799431 max: -1.3266750968947023
Mean: -7.211715111466129 min: -11.772906194140758 max: -1.4187142660308463
Mean: -5.489446540100335 min: -11.949001244739032 max: -0.6500087357255465
Mean: -5.586988209822603 min: -11.799164636294543 max: -0.8567293522388497
Mean: -5.205215674080126 min: -12.100504530030749 max: -0.8478353367408827
Mean: -4.142005260175005 min: -11.487862983134915 max: -0.9951497482436188
Mean: -4.688885835442149 min: -11.796173518461737 max: -0.9109002275122633
Mean: -8.554168160843762 min: -11.952651307020124 max: -1.0217196401854398
Mean: -9.991968480496448 min: -12.01238939136765 max: -1.1004973167385972
Mean: -9.848834623303445 min: -11.99094424470113 max: -0.8738549649982071
Mean: -9.919116765508418 min: -11.935328031840841 max: -1.068835886306338
Mean: -8.701306388472123 min: -11.803301913214092 max: -1.0729650797022325
Mean: -7.832632484580883 min: -11.94340367588077 max: -0.819701588738517
Mean: -7.220878530457501 min: -12.178776756652946 max: -1.002387099795477
Mean: -5.042436220149874 min: -12.750706277721797 max: -0.7663316381188443
Mean: -8.075610923781124 min: -11.972384355254555 max: -0.8602347802015936
Mean: -7.0680574441171515 min: -12.210385875829171 max: 0.7037613345510123
Mean: -6.635918220655338 min: -11.930699078821402 max: 0.3079538880558092
Mean: -4.748383379878209 min: -11.645302174190125 max: 0.6559085122665074
Mean: -5.4411971950854285 min: -11.430415057182527 max: 0.5133042116723445
Mean: -3.69203141471166 min: -11.878616884607272 max: 1.4446944709810923
Mean: -3.9433060667340056 min: -11.788068379836549 max: 1.0255263113312159
Mean: -3.820161332992983 min: -11.769365480291986 max: 1.857138500075374
Mean: -4.037324147557411 min: -11.76907835396765 max: 1.2538357926265387
Mean: -6.77326286227295 min: -11.557386643980855 max: 1.0376039098446046
Mean: -6.800042233808772 min: -12.100886324287055 max: 0.8247026607589886
Mean: -6.345440038696203 min: -11.714976118044847 max: 1.3859796807565228
Mean: -6.164142805266809 min: -11.586498730161447 max: 1.587523233831189
Mean: -5.27633368251322 min: -11.59616828321791 max: 0.9682606589684183
Mean: -5.316353703596351 min: -11.70136332236308 max: 1.4232589798299784
Mean: -4.817076595446997 min: -11.763183005291962 max: 1.6130511287369802
Mean: -4.9368085858545205 min: -11.771988318516197 max: 1.1525110125917315
Mean: -2.0691625814234667 min: -12.087958216943829 max: 1.2621473359561972
Mean: -3.3830215123010627 min: -11.745808311687378 max: 1.3299426230077813
Mean: -3.6633341139895284 min: -11.85897901627759 max: 1.6469186560792837
Mean: -2.466051244589944 min: -11.569495186862955 max: 1.560843042871643
Mean: -3.491470673261071 min: -12.109824914888765 max: 3.113981151542735
Mean: -4.741361154385072 min: -12.012511648896101 max: 1.5062043393212425
Mean: -3.2366253736540656 min: -11.675499058480094 max: 1.9872491289908143
Mean: -5.326842565032776 min: -12.55447147975177 max: 2.1320546303869783
Mean: -4.698365148386685 min: -11.701128645233862 max: 1.4610521131160938
Mean: -4.5192781823338 min: -12.535360748067587 max: 1.5776014262955458
Mean: -5.76032445765676 min: -11.805545654149437 max: 1.8478518126586496
Mean: -4.146399912691138 min: -11.481310427653586 max: 2.0722089779680397
Mean: -4.898199267358333 min: -11.692350841444998 max: 1.585028244484781
Mean: -3.735754722504824 min: -11.862591890389519 max: 2.3288205422092347
Mean: -3.9165034157992897 min: -11.710073368025455 max: 1.7608033818235866
Mean: -4.1454351597303045 min: -11.841207054474742 max: 1.9341111055677254
Mean: -4.7332488118846445 min: -11.817507320748511 max: 1.9623688324145627
Mean: -5.149631592472474 min: -11.737854729781322 max: 1.6768080650425172
Mean: -5.549652003738417 min: -11.768404149259561 max: 1.5067050521639445
Mean: -4.692368119495723 min: -11.74626235313858 max: 1.7364821475495664
Mean: -4.6773619128621 min: -11.890126410282885 max: 1.844353010974132
Mean: -5.135050278860867 min: -11.715592179251166 max: 1.86057785255267
Mean: -5.956422431792776 min: -11.696419736037829 max: 2.2241288846351677
Mean: -4.54800408985052 min: -12.25014961578539 max: 1.880187967772399
Mean: -4.774369223470415 min: -12.51384997168529 max: 2.0371039269467333
Mean: -5.352822126788219 min: -11.479515889595179 max: 2.3898606289140845
Mean: -5.69661666686969 min: -11.699672471258522 max: 1.7051343747330132
Mean: -4.544134184616721 min: -12.011543678285408 max: 2.8628505618985547
Mean: -4.558501417329027 min: -12.437375393776252 max: 2.123764364026176
Mean: -3.9310695756905125 min: -11.893589093321388 max: 1.4661390601953403
Mean: -2.142021566458597 min: -11.657144567089391 max: 2.1217510248017364
Mean: -2.885650946038936 min: -11.859365395363515 max: 2.3367796693765523
Mean: -4.618876305152957 min: -11.633265043335527 max: 2.2090152480474132
Mean: -4.842021593044523 min: -12.323897403525521 max: 1.8241733011815064
Mean: -3.1414204305132722 min: -11.804167220428468 max: 1.7548262642351753
Mean: -3.4650445616149494 min: -11.65451449175437 max: 1.9047574456709921
Mean: -4.624709868909918 min: -12.001308352132675 max: 2.2208750148959546
Mean: -4.2470830334728635 min: -11.77630666636444 max: 2.52244875598354
Mean: -4.122769571250707 min: -11.8994886811603 max: 1.9139188942719378
Mean: -4.957179319235607 min: -11.792492910331912 max: 1.4702787139062226
Mean: -5.726883694308631 min: -11.81508358452066 max: 2.4214659019696656
Mean: -4.273716684278228 min: -11.881134978525319 max: 2.093144699165769
Mean: -3.912946155116968 min: -12.029303859419027 max: 1.9412393428679713
Mean: -4.008684424714187 min: -11.954469448554462 max: 1.7953393637861563
Mean: -3.464868501010443 min: -11.981912869111788 max: 1.9014314457045565
Mean: -2.5660018838185987 min: -12.000729348387871 max: 2.0348331642896413
Mean: -3.783423699923692 min: -11.838562968915273 max: 2.432510001749355
Mean: -4.254321646352473 min: -11.597106855332072 max: 2.3168094537832413
Mean: -4.466050259421091 min: -11.868691560230904 max: 1.610693662282938
Mean: -3.742391087017722 min: -11.910500668371665 max: 2.3901880929441295
Mean: -4.564360885219159 min: -11.779644075634431 max: 1.926104948959762
Mean: -6.094686901553701 min: -11.780828466077452 max: 1.9750006467186996
Mean: -4.575289777394097 min: -11.730027079030668 max: 1.9437091092456316
Mean: -4.899909659267417 min: -11.606570513725535 max: 1.7199726736012655
Mean: -4.676169022563093 min: -12.08983449983287 max: 2.2630763585146334
Mean: -4.6786938198507775 min: -11.950309659665388 max: 1.9572031804821612
Mean: -5.965231017721794 min: -11.938557811629812 max: 1.7378081883835845
Mean: -4.767128789858367 min: -11.572482898631494 max: 3.149594510937006
Mean: -5.834336895250642 min: -11.793862873890731 max: 2.33528253383187
Mean: -5.267872517599003 min: -11.937861446860792 max: 1.7539428824738748
Mean: -6.218342053629165 min: -11.753893337232272 max: 1.882605535787331
Mean: -5.611451258031211 min: -11.783864375875018 max: 1.6944463646674435
Mean: -5.6613117106910025 min: -11.831064049820265 max: 1.880984244876314
Mean: -5.953150586234784 min: -11.651877287526007 max: 1.467603060124996
Mean: -6.807172605209404 min: -12.025560461439092 max: 1.2950486557378358
Mean: -4.614207768702799 min: -11.66154855375357 max: 1.3101908373637243
Mean: -5.037794622834252 min: -11.481516254021269 max: 1.8723808320951096
Mean: -6.103887007228275 min: -12.28078950891979 max: 1.3773768315826191
Mean: -6.3621209612456155 min: -11.544013842269123 max: 1.1111117709762859
Mean: -7.046068068430945 min: -12.167397020702582 max: 1.729557456074217
Mean: -6.017322685950092 min: -12.029116127536184 max: 3.331502640964082
Mean: -5.986911837962071 min: -11.659521092615915 max: 1.8016883580143104
Mean: -7.923299720033372 min: -11.917751639110355 max: 1.4393743478340517
Mean: -5.572246200311512 min: -11.933969863614331 max: 2.6803381237995874
Mean: -9.156536713762824 min: -12.137919078820719 max: 0.18117215356099628
Mean: -8.558434800238203 min: -11.592807993610126 max: 0.7427087145072918
Mean: -7.8332492117612915 min: -11.636004681397011 max: 1.854144471227034
Mean: -7.462351542795753 min: -11.896302253882153 max: 1.1273081947664318
Mean: -7.925546226018805 min: -11.84367269328368 max: 1.2913508513854182
Mean: -6.2021573897476925 min: -12.111805215527667 max: 3.308314186435151
Mean: -7.098544385475284 min: -11.893479207757675 max: 0.8981923174742409
Mean: -7.557881304631244 min: -11.912271102728958 max: 1.5064400595958762
Mean: -7.2339078694423655 min: -11.87374945504837 max: 1.1214497654227216
Mean: -7.105731450086178 min: -11.88524267895759 max: 1.1837503259446354
Mean: -6.084843253472566 min: -11.442979252400374 max: 0.9275725939584079
Mean: -5.847492402865424 min: -11.765933760481378 max: 1.5154732650886467
Mean: -5.973780621730319 min: -12.112145762764051 max: 2.701739437691424
Mean: -4.326526753544563 min: -11.507439435774472 max: 3.009323204124248
Mean: -4.517802252615255 min: -11.72996462876267 max: 2.726260202201218
Mean: -3.9409744895600665 min: -11.826169725545435 max: 1.7115098383200165
Mean: -8.831116857381044 min: -11.927100391756406 max: 1.351260829082344
Mean: -6.7816315175755895 min: -11.940034399871186 max: 0.22887618648368543
Mean: -5.424355276691733 min: -11.584315072697795 max: 2.0379786141224163
Mean: -5.834001618524377 min: -11.99303540913043 max: 4.214739840347452
Mean: -4.380358868879742 min: -11.339318097408727 max: 3.641024771293209
Mean: -5.598267332763021 min: -11.47968086436153 max: 2.3499986125851313
Mean: -4.246689684355768 min: -11.783373641887662 max: 1.4933557779798585
Mean: -4.709380472836715 min: -12.338856852700827 max: 1.9876584393985457
Mean: -4.503164976316315 min: -11.787188671091624 max: 1.5384521457078233
Mean: -4.648124954334772 min: -12.425281808530693 max: 1.3710355830162546
Mean: -5.292704305419558 min: -11.757659703777504 max: 1.4817624529252964
Mean: -3.929919683939454 min: -11.645801499728787 max: 2.7300691444444523
Mean: -4.3984570354284775 min: -11.900299983615055 max: 1.3988555106646086
Mean: -5.685490438258334 min: -11.861806702157022 max: 3.2151277862269048
Mean: -5.655238132016808 min: -11.889968200461478 max: 1.1475562773421368
Mean: -5.460914181520605 min: -11.275348082000233 max: 2.8945631318230722
Mean: -5.680833859782256 min: -11.98129010406741 max: 2.916390922660176
Mean: -3.550664943077153 min: -11.63596980587054 max: 2.21220778901738
Mean: -4.273869756718886 min: -11.618725437286635 max: 0.9861757720399263
Mean: -5.789361553461912 min: -11.766772064412635 max: 1.2811347154048771
Mean: -4.725573328253151 min: -12.119942930782592 max: 2.951853287968501
Mean: -3.5868576351074895 min: -11.752582932658633 max: 2.9760036152083105
Mean: -3.050317230040613 min: -11.445991840064352 max: 3.6630266448154027
Mean: -4.922266742307055 min: -11.931581475768677 max: 3.5624416317504672
Mean: -3.926401054943176 min: -11.96106473215849 max: 3.4072232350086344
Mean: -3.043608576675073 min: -11.641056304348549 max: 3.012953541674881
Mean: -3.3615330938783887 min: -11.572099714442832 max: 3.63305532123735
Mean: -3.276274934255527 min: -11.924135022503949 max: 3.4822834807037117
Mean: -2.858431841922396 min: -11.919824050796187 max: 2.6544496788393217
Mean: -3.303577628949418 min: -11.406588371373367 max: 3.0808936355771284
Mean: -4.270471259199059 min: -11.904639658932584 max: 3.7253111228928377
Mean: -4.738039629354649 min: -11.506898660001333 max: 4.772164364280072
Mean: -5.073947707145151 min: -11.950807639116734 max: 2.8263324097028075
Mean: -4.383214389297479 min: -11.891187182730778 max: 3.446135764990885
Mean: -4.346746391455714 min: -11.455420745648393 max: 2.4322633744090214
Mean: -3.958203564987083 min: -11.503820513937232 max: 3.041098323214518
Mean: -2.9109962412813224 min: -11.229497015515213 max: 3.2825437168210474
Mean: -3.6381892749270013 min: -11.792826251312269 max: 1.905502795709134
Mean: -5.590438882909927 min: -11.617798983495044 max: 2.627042542534735
Mean: -4.2508829031919655 min: -11.491682140914717 max: 2.298043523481434
Mean: -4.9415874217229 min: -11.684376673692045 max: 3.712645387222142
Mean: -4.193098633110715 min: -11.668286136340253 max: 1.7502143918043245
Mean: -4.2073295200584795 min: -12.554088761324296 max: 3.2002350577793512
Mean: -4.820843585592993 min: -11.638677749715765 max: 3.9377594351461185
Mean: -3.541109961658302 min: -11.376785823168925 max: 3.4085543836583168
Mean: -5.60148560009519 min: -11.954405842126976 max: 2.9778167527301407
Mean: -3.859875283880997 min: -11.744120082829834 max: 3.4404552437685463
Mean: -4.996309158942595 min: -11.727530606820904 max: 1.9044163932783569
Mean: -4.318248270662834 min: -12.035235129046127 max: 3.5809609338938264
Mean: -5.430726371187643 min: -11.65397796913253 max: 1.7997879960001038
Mean: -2.9517490962135495 min: -11.769599653152929 max: 3.1204961502743642
Mean: -3.9454238040819565 min: -11.874587757992696 max: 3.5926060616230773
Mean: -4.494370274853903 min: -11.714448379174893 max: 3.1832163716222768
Mean: -4.041295656441157 min: -11.724211055476719 max: 3.442732854812805
Mean: -4.572331937457221 min: -11.41271042835191 max: 3.5484156124460755
Mean: -4.223828074065002 min: -12.331103215159311 max: 2.5562447225265594
Mean: -4.36884785720203 min: -11.463507131693111 max: 2.81300044828833
Mean: -4.462858812013889 min: -11.890772173896563 max: 3.961092537839632
Mean: -3.7557433118209422 min: -11.719925337060976 max: 3.5423182387977876
Mean: -3.7379361200355343 min: -11.348978433944604 max: 2.9541831666245044
Mean: -5.124028634456542 min: -12.115727676606854 max: 3.182188959807891
Mean: -4.227833439669023 min: -11.76502124340039 max: 3.441484417233972
Mean: -4.114562206362098 min: -12.173809187860602 max: 3.43001504854999
Mean: -3.9027949565745725 min: -11.619435242728024 max: 3.1063912789813553
Mean: -4.784434363982291 min: -11.330797398677989 max: 2.645341510423659
Mean: -5.215624069649183 min: -11.55346969849719 max: 3.426061033234681
Mean: -4.036585660177089 min: -11.841616010147735 max: 2.6529604989735276
Mean: -5.16579013399273 min: -12.253851808096902 max: 2.7478087924792614
Mean: -4.173638978460112 min: -11.684000986663454 max: 3.796558759710052
Mean: -4.286030574702611 min: -11.841827931446522 max: 2.761258531001627
Mean: -4.567996176240857 min: -12.08225114754175 max: 4.905531026516562
Mean: -2.7782272614147554 min: -12.058204651800907 max: 2.5021558386715457
Mean: -4.159212507345225 min: -12.292824773392367 max: 3.4241982898489214
Mean: -4.157854443557872 min: -11.879398179984854 max: 1.1438155254108826
Mean: -4.021628670714863 min: -12.222987230441657 max: 2.712741610458723
Mean: -4.328825025832883 min: -11.85034033012287 max: 3.645642653426406
Mean: -3.4197010938469377 min: -11.270384423623678 max: 3.5555866161942906
Mean: -4.995699872719778 min: -11.606963190892962 max: 2.6274031039663157
Mean: -3.8572273174202354 min: -11.96128458706336 max: 3.4960053847590715
Mean: -4.259604974479687 min: -11.595442443590278 max: 2.301530043200276
Mean: -3.5599761068702644 min: -11.270961779891254 max: 2.8783989500068685
Mean: -4.280971868894234 min: -11.522436839221427 max: 4.392717584268133
Mean: -4.178516090790583 min: -11.79415676479855 max: 3.2011732904159653
Mean: -5.022207839500485 min: -11.84392096121952 max: 2.424720968343693
Mean: -4.879168790873177 min: -11.787707172556903 max: 3.241983766278361
Mean: -3.922905880018505 min: -11.874131692841692 max: 3.514343882581018
Mean: -4.1256166930792935 min: -11.816099142959782 max: 2.1163106816415587
Mean: -3.197877135966846 min: -11.630106238213656 max: 1.7096126688544113
Mean: -4.505606293581698 min: -11.6816636924419 max: 3.1881326002417323
Mean: -5.2430184261142365 min: -11.77365797141711 max: 1.9781008313401085
Mean: -3.8902810839997555 min: -11.383309289040477 max: 3.5572503211271176
Mean: -3.7718717234333767 min: -11.789979840611473 max: 2.02104985894868
Mean: -4.616174359431958 min: -11.9982996817398 max: 3.08660168575225
Mean: -5.547316183841023 min: -11.949163399653273 max: 2.5645902786338444
Mean: -4.964122854184866 min: -11.460150750061642 max: 1.8452433011288356
Mean: -4.608292965658304 min: -11.716413038565596 max: 3.253793057111505
Mean: -3.861875465286779 min: -11.814705444593912 max: 2.4616132198575715
Mean: -4.421585549061949 min: -11.882225481450476 max: 1.73608126376691
Mean: -3.4218204125510057 min: -11.447397622447983 max: 2.8231845412414054
Mean: -5.9985317090745705 min: -11.568808866832049 max: 1.7461248255594963
Mean: -6.563317636179623 min: -11.582796119827288 max: 2.1518672109199004
Mean: -6.7832725140152785 min: -11.65264812253977 max: 2.0477917676144686
Mean: -3.1681154988840454 min: -12.243103942004804 max: 3.2408077648102864
Mean: -6.240200782141052 min: -11.49128629340219 max: 2.328680438870739
Mean: -6.5049975780088225 min: -11.728675311846434 max: 3.0796508935789
Mean: -5.7621624481132026 min: -11.625769850916907 max: 3.156272192765718
Mean: -4.911369913493249 min: -11.645062274089115 max: 3.0976284433161347
Mean: -4.754836349754133 min: -11.842769952669357 max: 3.7659591411495446
Mean: -4.633204418767557 min: -11.633641553511788 max: 2.328990124503165
Mean: -3.7132132381653107 min: -11.253478552997938 max: 4.027185512874104
Mean: -5.149853539782149 min: -11.404289280798013 max: 2.689247375839139
Mean: -4.215235245851192 min: -11.667350075348303 max: 1.4164121699523375
Mean: -4.1981103120977075 min: -11.814585746488453 max: 2.8321432753464566
Mean: -3.7596694603349197 min: -12.218673204140027 max: 3.1408886622566796
Mean: -4.817544098809748 min: -11.781390467549878 max: 3.219612293655012
Mean: -2.876185769965876 min: -11.354758651508773 max: 3.1909104493089395
Mean: -3.550725891220898 min: -11.459042073499678 max: 3.5755246304811696
Mean: -3.762833899809237 min: -11.774983526777664 max: 2.2390808914235087
Mean: -3.014720366033233 min: -11.442821948871238 max: 3.1230608606650088
Mean: -3.715334132776688 min: -11.770511480707878 max: 3.2789075709336695
Mean: -4.181328565844297 min: -12.288665798880555 max: 3.0736528258458202
Mean: -3.8657684913084402 min: -11.408795269988806 max: 2.9502230182237295
Mean: -3.7073574346953637 min: -11.86884366965438 max: 3.2229060748316662
Mean: -2.87223890621175 min: -11.585639084595282 max: 2.890742567744367
Mean: -3.5879648857638724 min: -11.315037792846132 max: 3.468954747065477
Mean: -2.8840844786480746 min: -11.93032178340337 max: 3.0585154918517414
Mean: -4.226463387362894 min: -11.724388260462849 max: 2.9143177856633873
Mean: -4.284010530071699 min: -11.240941824635895 max: 3.4861937907366114
Mean: -2.999395313925234 min: -11.618727711186034 max: 3.3312646444820455
Mean: -4.2103708383577905 min: -12.079942432303742 max: 3.478836588066127
Mean: -5.363441422117629 min: -11.844828235330686 max: 3.09357528865851
Mean: -4.904145776924167 min: -11.746069085687495 max: 2.1761332763526307
Mean: -3.3130746917041263 min: -11.861591395445954 max: 3.0870865044492444
Mean: -3.352280793368519 min: -11.575380980676007 max: 3.1756564537423912
Mean: -4.024851948026571 min: -11.721239704120013 max: 3.4015783945041367
Mean: -3.089383193647144 min: -12.027052424912398 max: 3.0490406655192714
Mean: -5.3521862807651805 min: -11.646627127875933 max: 4.558489479989989
Mean: -4.583135187981134 min: -11.90686139562939 max: 3.2726562929310097
Mean: -3.7649456259607534 min: -11.751116549802758 max: 3.6241493103200986
Mean: -4.368557923085728 min: -11.515349648997168 max: 3.2844705794371607
Mean: -3.5953137557471466 min: -11.887406431688268 max: 3.1697502875627674
Mean: -4.92969922238099 min: -11.86192168825747 max: 2.366411207472508
Mean: -4.652900730477068 min: -11.682766223491138 max: 3.5094453443624536
Mean: -3.5614128942653296 min: -11.692429932434404 max: 2.1950089554888885
Mean: -3.326180679959725 min: -11.624678016056281 max: 3.316607155657268
Mean: -4.235961642381201 min: -11.823811428038468 max: 4.263269644683832
Mean: -4.241791338982039 min: -12.805516512567266 max: 2.389735093775427
Mean: -3.5841070876127996 min: -12.390663497482105 max: 3.808779264143551
Mean: -4.324076123182058 min: -11.790084251999602 max: 3.461153428293132
Mean: -4.046555181826374 min: -11.765328987517364 max: 3.281967083940191
Mean: -2.7619988140776432 min: -11.991506360876514 max: 3.5254863229164495
Mean: -3.779404859197001 min: -11.953124444275053 max: 2.7537909820530904
Mean: -4.890650238571306 min: -11.761705644054187 max: 3.4051058639871425
Mean: -4.110712849423055 min: -11.845208465918907 max: 3.484751323551909
Mean: -5.242413583241067 min: -11.769728428594554 max: 3.127816161637203
Mean: -4.610771798020552 min: -11.619236989677384 max: 3.66564739770966
Mean: -5.0228180528355475 min: -12.17391391481897 max: 4.045394806741821
Mean: -5.334940831925014 min: -12.031604936061258 max: 4.200348234963768
Mean: -4.722656393034696 min: -11.671295030832264 max: 3.1294337698169814
Mean: -4.463430578723605 min: -12.181624242917295 max: 3.93604452894949
Mean: -4.266660025102444 min: -12.049849694471135 max: 4.11036888855039
Mean: -5.880456942175435 min: -12.641423291539367 max: 3.0079166342965387
Mean: -6.089661831107275 min: -11.62846460293952 max: 2.86848479309311
Mean: -4.7607655203759185 min: -11.979715070186923 max: 3.1137212177087936
Mean: -4.609690429648622 min: -12.045566904505206 max: 2.954820492933562
Mean: -4.154723343642495 min: -11.988790437603058 max: 3.333581917095121
Mean: -3.813568377252271 min: -11.826072564359857 max: 2.7804526012577524
Mean: -5.380243352404001 min: -11.754778513258934 max: 3.823068116052448
Mean: -3.9545566446504363 min: -11.562305445090875 max: 3.1568105921608893
Mean: -5.148026624780781 min: -11.997467026548806 max: 3.3375047745469106
Mean: -4.640892950940481 min: -11.993119562439038 max: 3.5202345096053556
Mean: -3.3740530968993907 min: -13.053666432020202 max: 3.5363704036868286
Mean: -3.647004433886358 min: -11.769749369383408 max: 4.167055151312656
Mean: -4.46334457882563 min: -12.154548875546904 max: 3.3700163386807622
Mean: -4.434156205032563 min: -11.817485618704337 max: 4.742826517581528
Mean: -5.995550613511096 min: -12.243527311802263 max: 1.7852040228154695
Mean: -5.332997165278811 min: -12.255949675610857 max: 3.713723679789354
Mean: -5.152998755585304 min: -12.301956378629168 max: 1.9087547416754562
Mean: -4.944914166393521 min: -12.472589667569281 max: 4.1937311344354145
Mean: -5.674372449373984 min: -11.577856895942487 max: 4.547660594662063
Mean: -5.509762473842947 min: -12.059410829822603 max: 3.064825421316394
Mean: -5.748003479321548 min: -12.00318616444742 max: 4.471074549110115
Mean: -5.7278199745879075 min: -12.189419149136741 max: 2.8306176134038905
Mean: -4.543739019295213 min: -12.648280738424889 max: 5.09140809049914
Mean: -4.06011209296393 min: -12.3921159869079 max: 4.243747043711373
Mean: -4.081019810958739 min: -11.927459626735539 max: 4.54848391082149
Mean: -6.013012696759838 min: -11.838745654423493 max: 4.876937993918283
Mean: -3.47058526965269 min: -12.52408442454245 max: 4.899786084656926
Mean: -3.7566613912999998 min: -11.468365568294047 max: 5.161460353003013
Mean: -3.303830451855883 min: -11.918283243267165 max: 5.058178457885986
Mean: -3.636277196562361 min: -12.320723162250289 max: 4.480163180612624
Mean: -2.034622605921001 min: -12.886246678720173 max: 6.225899923793407
Mean: -3.657320672818368 min: -11.25891446441543 max: 4.728605771273764
Mean: -2.9612451912990663 min: -11.673720974394058 max: 5.13414161021886
Mean: -3.1939766725043865 min: -11.638584191791878 max: 5.1471722471391415
Mean: -3.44149192859529 min: -11.857832424270327 max: 5.393004628527453
Mean: -2.932905805965606 min: -11.866612274871235 max: 5.051330451794972
Mean: -3.1673221754402743 min: -11.884587369548774 max: 5.77245579779285
Mean: -4.326768529405192 min: -13.408555423005968 max: 6.533114443483153
Mean: -4.8170583909837275 min: -12.230876732567731 max: 4.721625106083663
Mean: -5.617979034975292 min: -11.934906187716862 max: 4.69469952403674
Mean: -5.539726183774993 min: -12.146156880458804 max: 4.466386472717505
Mean: -4.69912548082616 min: -12.453154964612215 max: 6.610080542875868
Mean: -3.373281513710823 min: -12.669380472559242 max: 5.0948630983987995
Mean: -5.4400705721764435 min: -12.519539886639144 max: 4.817725941228256
Mean: -4.574329604523905 min: -12.29895903457738 max: 4.603732185345161
Mean: -3.9671552431782477 min: -12.145069653853104 max: 5.028571171884526
Mean: -5.362359103844235 min: -12.083495219127407 max: 5.202975664330539
Mean: -4.8925738610746565 min: -12.526914911169143 max: 4.41715303625037
Mean: -5.387753332017071 min: -12.132159418667856 max: 4.914694522957369
Mean: -4.078278186196218 min: -12.178183583877418 max: 5.738135132610567
Mean: -4.195064860364005 min: -11.836827259592535 max: 6.499005010633969
Mean: -2.925889155180176 min: -11.83420359187162 max: 4.802816037029456
Mean: -5.6656410012147065 min: -12.48519604011775 max: 4.633778147002086
Mean: -6.537623260244946 min: -12.25247162212854 max: 3.9812603496701393
Mean: -4.436518163173012 min: -12.056223142343075 max: 4.300725745414117
Mean: -5.592607455108521 min: -11.897333227925127 max: 2.6292458008243766
Mean: -3.5203545456146883 min: -12.144124211126327 max: 5.5756049505748875
Mean: -3.733936751393251 min: -11.949273511707496 max: 5.554160031228283
Mean: -4.204758322558416 min: -11.856050861977655 max: 5.294606391682472
Mean: -6.065522443506763 min: -12.057449783670023 max: 4.9764311684167515
Mean: -5.450391315208631 min: -11.829622490126313 max: 6.056702664454973
Mean: -4.213004878170806 min: -11.679163606977829 max: 5.800657101123145
Mean: -3.828730381828615 min: -11.45920937477858 max: 5.219944857987996
Mean: -5.101599339544105 min: -11.815335809355087 max: 6.36669366277671
Mean: -6.229366378030811 min: -11.785716555763432 max: 6.27788440277229
Mean: -4.1282941647197315 min: -11.751597462625677 max: 6.009938534789195
Mean: -3.6673845028289422 min: -11.493590886447485 max: 4.758609572445694
Mean: -4.707623772555823 min: -12.170152568487172 max: 5.016715570446726
Mean: -4.929192955937517 min: -11.707494648829915 max: 5.6417502309618035
Mean: -6.301088412357842 min: -11.837042680102556 max: 5.014526883549678
Mean: -4.509721227618378 min: -11.959653176122846 max: 5.763167474374581
Mean: -5.83436962194289 min: -11.473558870009018 max: 5.7788388318469375
Mean: -4.412756597767464 min: -11.960405692444956 max: 7.025840958538604
Mean: -3.957981812305785 min: -11.909965753419826 max: 5.3331069493573935
Mean: -5.062228538823435 min: -11.582105507350512 max: 5.830611380921498
Mean: -5.221604349548935 min: -11.712126175773268 max: 5.857787595957953
Mean: -4.137311748981744 min: -11.434313394382714 max: 5.977811834674437
Mean: -6.1894118091589565 min: -11.99396089350558 max: 5.596463896290586
Mean: -3.113818710804617 min: -11.977365197481166 max: 4.814078858170671
Mean: -3.1994802749895035 min: -12.291610383011214 max: 5.284332290508891
Mean: -1.5116566240658196 min: -11.30586874119645 max: 5.039708098045266
Mean: -0.7876842621375555 min: -11.73782578822966 max: 5.3925683981442205
Mean: -0.17153723611490065 min: -11.36625066699543 max: 5.1877591721824325
Mean: -2.7414489532818562 min: -12.10705473508165 max: 4.5544345744284005
Mean: -2.774373582542312 min: -11.346229783431875 max: 5.037141405446969
Mean: -0.9939908409515403 min: -11.470497531261856 max: 5.77466138780019
Mean: -1.567728732837078 min: -11.393039290466367 max: 5.014366580979096
Mean: -2.3395846040425923 min: -11.887050240548989 max: 5.5553436253396615
Mean: -1.9671737786345806 min: -11.500177472341905 max: 5.323147095309217
Mean: -1.9724984951952336 min: -12.435117228160365 max: 5.114775631594576
Mean: -3.0715503873753023 min: -11.521527782091187 max: 5.558640595760869
Mean: -1.4803859131736619 min: -11.479353448638935 max: 5.046558712189264
Mean: -5.632111682470338 min: -11.956674483848643 max: 4.930960312338916
Mean: -1.2443400236001763 min: -11.780134238659413 max: 5.773608981935268
Mean: -2.4205181072043325 min: -12.168471029816196 max: 5.079435002650922
Mean: -2.2820305073198597 min: -11.840735618436824 max: 4.789596375103536
Mean: -2.8297634837492285 min: -12.06806119716834 max: 4.801420239272251
Mean: -1.8801364408589873 min: -11.964783149365413 max: 5.587469418950353
Mean: -4.286049543749602 min: -12.988901763459591 max: 5.088721670992582
Mean: -2.641226454824425 min: -11.966961499031775 max: 4.8894534994808625
Mean: -2.8541329987662207 min: -12.150629440768654 max: 5.544087974386854
Mean: -4.156370226908829 min: -11.995064719261274 max: 7.422967706326718
Mean: -0.23659252194771155 min: -12.180945930860805 max: 9.644198179877323
Mean: -0.8065923420414675 min: -11.841598232678075 max: 8.511962019704578
Mean: -2.1243475636821696 min: -12.105886463638125 max: 9.28342133101924
Mean: -3.258206651541496 min: -11.655357173428056 max: 7.755451191315487
Mean: -2.0479022436032803 min: -11.769655052223667 max: 8.975974025238994
Mean: -3.123684021406349 min: -11.67256163880004 max: 9.054512549584027
Mean: -2.674452491817084 min: -11.75380541134545 max: 8.983347522066765
Mean: -3.8235745933204495 min: -12.288979086904988 max: 7.2521461566983625
Mean: -1.9436628054917024 min: -12.349398843599015 max: 7.582424983076041
Mean: -1.4262003211269967 min: -11.808688816816202 max: 10.786019283666345
Mean: -0.3346916313896694 min: -12.059030025789784 max: 8.703461673785293
Mean: -4.3237529380210455 min: -12.012100085339169 max: 10.259870453786839
Mean: 0.6067184064505667 min: -11.771735615020026 max: 11.345411619944814
Mean: -0.9816045785758034 min: -11.553108579780124 max: 8.617583002439648
Mean: -0.45658300179112277 min: -11.730186585073996 max: 10.188136638308789
Mean: -5.048898451738069 min: -11.978208776674279 max: 8.509680377643123
Mean: -1.3538109770706972 min: -11.889397698549926 max: 8.128600606624802
Mean: -2.259373651304697 min: -12.931053849461593 max: 8.588119035206873
Mean: -2.530809598542278 min: -11.816479461576822 max: 9.426584109112873
Mean: -3.8883693862286863 min: -11.903033053885764 max: 8.813298069452319
Mean: -3.8709890474701485 min: -12.1673168067468 max: 8.343533002304596
Mean: -4.681959009154478 min: -11.724112420867607 max: 8.21255606881199
Mean: -5.609556589191197 min: -12.120540138853373 max: 7.86717761542317
Mean: -3.984508211567358 min: -12.23082968275769 max: 9.023287987329137
Mean: -4.1150994747355245 min: -11.790859434507247 max: 9.812447647713231
Mean: -6.52621677879348 min: -11.482208498952357 max: 7.47197283032255
Mean: -6.576313490002709 min: -12.205393176082024 max: 8.039674808382474
Mean: -5.671994808851345 min: -12.004755130344655 max: 6.968848064234647
Mean: -5.913976714229588 min: -11.833165491716684 max: 7.5266018329830064
Mean: -5.693701716668213 min: -11.622316814199044 max: 7.839943787184371
Mean: -6.125908450591753 min: -12.017097122333743 max: 8.056831426503205
Mean: -6.231119327656617 min: -12.056760124452705 max: 8.838074205051846
Mean: -4.705325895611767 min: -12.272411155766008 max: 7.8225397884840016
Mean: -3.243716721342636 min: -12.155914083735212 max: 8.747505771005708
Mean: -4.166000427594485 min: -11.687568073199873 max: 7.74846540568386
Mean: -2.6915568190795796 min: -11.543684517816462 max: 10.624267274850643
Mean: -2.643254657128265 min: -11.690356123452391 max: 8.174709264275794
Mean: -3.149502508201706 min: -12.404666007070306 max: 8.888718142259366
Mean: -3.3361789308384955 min: -11.933377658920476 max: 9.22649652185265
Mean: -5.869500853343138 min: -12.430200674641258 max: 10.159245848521268
Mean: -3.6857878981629635 min: -11.804336192350586 max: 8.839755241684507
Mean: -5.233374551541085 min: -12.229931366743893 max: 8.140586783241906
Mean: -5.854325540850867 min: -12.120367589122006 max: 7.920475297270653
Mean: -7.327883982838674 min: -12.224110715374685 max: 5.669152978860257
Mean: -5.976630594587441 min: -11.629937218963038 max: 7.274788470402636
Mean: -5.430538112712797 min: -12.058935784434464 max: 7.3454852655579606
Mean: -7.408314322284317 min: -11.663025344748794 max: 6.478491082235681
Mean: -6.5085694754107 min: -11.831918649927893 max: 7.686695508065211
Mean: -4.450921081823856 min: -11.464690645304842 max: 7.401295540650541
Mean: -5.487535462272889 min: -12.159526308381745 max: 5.983112265796439
Mean: -6.829716399204009 min: -12.141773163596666 max: 5.96807449199185
Mean: -6.914473741178448 min: -11.736863077857421 max: 6.368600408740684
Mean: -7.369156788117124 min: -12.153698640002684 max: 5.514560061726348
Mean: -5.26062404532236 min: -12.06902097249412 max: 7.735462065471689
Mean: -6.661878446884523 min: -12.41236394327283 max: 6.728169121810885
Mean: -5.383709091252954 min: -11.72212430446707 max: 6.831901979706896
Mean: -5.666516543791767 min: -11.891188849530558 max: 6.422078978083488
Mean: -6.290165312492013 min: -12.18642429488474 max: 8.099592927647977
Mean: -7.526799761667969 min: -11.627574678891332 max: 5.154793871600955
Mean: -5.25930813213381 min: -11.620119175943387 max: 5.37624707314346
Mean: -4.942862720594831 min: -11.731640686717508 max: 7.737278772526098
Mean: -7.145826347766708 min: -11.771783998878597 max: 6.472028745024578
Mean: -6.039958070802742 min: -11.563271050040086 max: 7.865516241140722
Mean: -5.773266410577651 min: -12.494787248269212 max: 9.497815344816026
Mean: -4.521849190114301 min: -12.445704332335639 max: 6.8265768985081765
Mean: -3.6714254005681033 min: -12.218110568099913 max: 7.29601585414318
Mean: -5.380230365530075 min: -12.62973081532428 max: 6.858642315582266
Mean: -6.15602545334624 min: -12.568803355741606 max: 7.453738906079761
Mean: -3.9170784730298043 min: -12.382148353365542 max: 6.80635722517503
Mean: -6.168460837924845 min: -12.51289591254226 max: 7.568668581054226
Mean: -5.158491514885068 min: -12.074494704361939 max: 7.625245894009226
Mean: -6.347891574388549 min: -12.492693293831268 max: 5.503863195217229
Mean: -4.647539070205536 min: -12.594936747634915 max: 7.500456104153511
Mean: -3.47847811752555 min: -12.639853213853902 max: 8.245413340591298
Mean: -3.766244067974374 min: -12.05884300592918 max: 7.043381265969561
Mean: -3.8668117754655476 min: -12.345946431996921 max: 7.024005008066486
Mean: -6.448637422780723 min: -12.541103659158608 max: 4.191304390098393
Mean: -5.6769253542842 min: -12.43916299148164 max: 8.477837573952574
Mean: -5.470724493881237 min: -12.682222977338983 max: 5.509307448672496
Mean: -4.713760720889462 min: -12.404886539528253 max: 6.788489538692225
Mean: -4.739980624741732 min: -12.415217991749795 max: 4.413261646709369
Mean: -4.672814212472107 min: -12.392883725376551 max: 7.503153022762747
Mean: -2.563539906153161 min: -11.995335108126403 max: 9.219570878937153
Mean: -6.182202152951714 min: -12.504174084194357 max: 7.513120671020462
