Mean: -11.303034123599335 min: -11.921944452101862 max: -10.774441162844376
Mean: -11.316186244291123 min: -11.906599467434734 max: -10.693739623517915
Mean: -10.858263063735095 min: -11.713976025631341 max: -6.588181316955489
Mean: -11.441163916239121 min: -11.934423755693933 max: -6.589638726154992
Mean: -11.651107631165583 min: -11.85053261770929 max: -10.943568604115956
Mean: -11.470328729215577 min: -12.039077748702155 max: -6.583996973356024
Mean: -11.152140281558685 min: -11.853316466824461 max: -6.581794288420234
Mean: -11.181950291925085 min: -11.855906781021195 max: -6.583013125062102
Mean: -11.20018553798096 min: -11.872170203761756 max: -6.582484006565405
Mean: -10.939493643624726 min: -11.848073236343264 max: -6.581671834036825
Mean: -10.874370362505978 min: -11.815856193538817 max: -6.578950693440794
Mean: -10.344938846813644 min: -11.77843164215864 max: -2.185977352046267
Mean: -7.044041352405193 min: -11.73677270709686 max: -1.8900184752177809
Mean: -3.2996494076995297 min: -10.388636701578585 max: -1.5402560467409745
Mean: -2.6318300903567056 min: -10.383736007312997 max: -1.4022004207565129
Mean: -2.039887342887247 min: -9.794907001274886 max: -1.387102168183445
Mean: -1.4582262590550976 min: -1.752521294221029 max: -1.3717240258230494
Mean: -1.937572927713251 min: -10.010925395002714 max: -1.357129800629178
Mean: -3.9491275878144556 min: -10.65092051631976 max: -1.4000656132161209
Mean: -3.745045981072112 min: -11.32015422443853 max: -0.3885029273347637
Mean: -2.3570772801786877 min: -10.468189512694007 max: -1.2967140877702363
Mean: -2.4747193060257002 min: -11.083354852671796 max: -1.1117625012828607
Mean: -3.710086214681772 min: -11.411565807728842 max: -0.7288212701777623
Mean: -3.0531863850250596 min: -11.914316333891017 max: -0.820548075238245
Mean: -1.9506213773367764 min: -12.144004685507683 max: -0.40732019775010153
Mean: -1.1852852032464676 min: -11.306078842386357 max: -0.41306761164262185
Mean: -1.5593156529772987 min: -11.436679516016941 max: -0.3947911109060364
Mean: -0.9770241581491114 min: -11.349161021227747 max: 0.10271115523044977
Mean: -1.4422512100950717 min: -11.804001003180735 max: 0.09881866109416344
Mean: -1.6136857545320962 min: -11.187752027131975 max: 0.3436396726028792
Mean: -2.0815375556869644 min: -11.786255608785927 max: 0.4029425558956836
Mean: -0.8522512714696051 min: -11.289512363832753 max: 0.39580212363044837
Mean: -0.9066042200031402 min: -11.299584783690827 max: 0.46156220319138613
Mean: -0.764549969726038 min: -11.85209328143889 max: 0.4859785656402528
Mean: -0.7369955270435405 min: -11.293773665170487 max: 0.4964021154265819
Mean: -1.9599674260678885 min: -11.25941527952883 max: 0.49663340494758085
Mean: -1.2239960587066478 min: -11.225954637234667 max: 0.5031860287116551
Mean: -2.967789588956409 min: -11.278524819171427 max: 0.493162933493409
Mean: -1.9589527693820343 min: -11.369783244572021 max: 0.4928055240342378
Mean: -3.302589170902396 min: -11.493283817075774 max: 0.5015857158591284
Mean: -0.5994069229265068 min: -11.247799166656911 max: 0.5375222744347916
Mean: -1.2762009333590496 min: -11.432262695680558 max: 0.5451634317869775
Mean: -1.2535677965894985 min: -11.3498781222801 max: 0.5547899187599439
Mean: -2.4066033782797076 min: -11.243151868998675 max: 0.5522588358535421
Mean: -1.856903713584019 min: -11.573690781750575 max: 0.5537995033554709
Mean: -2.494380373852781 min: -11.8018282977979 max: 0.5455342526813878
Mean: -1.8702229123798528 min: -11.295525513803438 max: 0.5529442451893908
Mean: -1.8891477500581264 min: -11.425297898815126 max: 0.5546165235233061
Mean: -1.3511349971506272 min: -11.289570181960057 max: 0.5535748681026528
Mean: -1.3456495186317925 min: -11.304444984613607 max: 0.5542919407734166
Mean: -0.24549861623187214 min: -11.810361661867278 max: 0.5738212337579216
Mean: -0.1976689943639549 min: -11.206117177689393 max: 0.5612325264371468
Mean: -2.4819211689783445 min: -11.810242633275685 max: 0.6597562758253993
Mean: -0.5835946217988359 min: -11.306467402875011 max: 0.6295920542775546
Mean: -0.810448476182928 min: -11.255386819735408 max: 0.6288197260993365
Mean: -2.450402427937049 min: -11.499049375278053 max: 0.6341850466702319
Mean: -2.3095326659749937 min: -11.334346137801822 max: 0.7015677046156135
Mean: -1.173134024048316 min: -11.604507821996572 max: 0.720018002077656
Mean: -1.7029044120142776 min: -11.588838938364473 max: 0.7360617624583314
Mean: -0.5913820269364422 min: -11.295578899147937 max: 0.7239765945833307
Mean: -2.113638623223869 min: -11.27364657173444 max: 0.7326212848539196
Mean: 0.08516948950002848 min: -11.22446892312048 max: 0.7328946168556167
Mean: -0.49087168149467875 min: -11.25388874417517 max: 0.7231167195411481
Mean: -1.1552926956789993 min: -11.810776947016322 max: 0.7253445748936136
Mean: -1.726866018894508 min: -11.613837806920918 max: 0.7276748225265798
Mean: -1.0440174473929553 min: -11.38409691068506 max: 0.7162368222656693
Mean: -1.596210338041812 min: -11.30650262869763 max: 0.7261248140599353
Mean: -1.1190921919945258 min: -11.479770093440372 max: 0.741214049825686
Mean: -0.5021197990682155 min: -11.582539574129715 max: 0.7339708022941336
Mean: -0.6481661589958383 min: -11.283102301339381 max: 0.7462236834395484
Mean: -1.8013366096848238 min: -11.26335108957867 max: 0.738513944539328
Mean: 0.11531108081125367 min: -11.268508290303522 max: 0.7467314358681364
Mean: -0.5574541844661428 min: -11.083567240137576 max: 0.7309072823661527
Mean: -1.6804356502026323 min: -11.775975162346608 max: 0.7361836250962008
Mean: -4.918146305386837 min: -11.773961171915953 max: 0.7386539109356144
Mean: -3.479889230267254 min: -11.377172108727788 max: 0.7408918866914654
Mean: 0.5341198094823748 min: -0.5243958568102719 max: 0.7461956235693092
Mean: -2.973290753674195 min: -11.840502638330332 max: 0.7319471584740352
Mean: 0.09750715556955501 min: -9.994611109586684 max: 0.7413854041762745
Mean: -0.5684596103725643 min: -11.277663938618913 max: 0.7390285281052704
Mean: -3.230534420655708 min: -11.465652251698168 max: 0.7504922150416967
Mean: 0.6087414237698849 min: -0.7243696094876568 max: 0.7519338830229217
Mean: -0.14394356886683976 min: -11.163545344575123 max: 0.7595004155522872
Mean: 0.6661649321196831 min: -0.7565220746481538 max: 0.7567108625561706
Mean: -0.5888861804437978 min: -11.844001079432315 max: 0.7637303254323072
Mean: -2.1129004153998245 min: -11.455673800417337 max: 0.7632095623799441
Mean: -2.184431183566317 min: -11.44295898256114 max: 0.756283801162182
Mean: -0.39963566777088644 min: -11.166958368036653 max: 0.7595379352283708
Mean: -0.5653745793718812 min: -11.318656651248968 max: 0.7672373137984949
Mean: -0.660486793391599 min: -11.649533478861178 max: 0.7619207283729112
Mean: -0.5634340834348345 min: -11.321754274272438 max: 0.7574661807279627
Mean: -2.975150345750969 min: -11.513073795501825 max: 0.7597249323782834
Mean: -1.6601301058910685 min: -11.381522624485223 max: 0.7626774628893158
Mean: -0.39469177407614237 min: -11.234332506969121 max: 0.7614173556357234
Mean: -1.1226714107270817 min: -11.368093302145809 max: 0.7568549643491673
Mean: -0.49400612708771263 min: -11.440734640751863 max: 0.7528357092245382
Mean: -10.88443445752162 min: -11.909557343108828 max: -2.6867293195123017
Mean: -9.811932836125902 min: -11.899417547809207 max: -2.6800865792885706
Mean: -8.395959508930824 min: -11.834131833612236 max: -2.677945684840097
Mean: -8.170082366516109 min: -11.640190742998819 max: -2.6929734877396325
Mean: -6.860370809554524 min: -11.850034041697096 max: -2.684865821902384
Mean: -6.768924656253939 min: -11.779590594905988 max: -1.366021771056136
Mean: -5.526736048368034 min: -11.650378401957266 max: -2.5352591754685023
Mean: -3.30278205838714 min: -11.893236780765404 max: 0.1615652721044245
Mean: -3.380766279914075 min: -11.194410895364804 max: -2.384324709611846
Mean: -3.453737270006421 min: -10.946806762016502 max: -2.360163866181623
Mean: -4.480367256506712 min: -11.581839032647139 max: -2.227536927389819
Mean: -4.395041258054347 min: -11.268908126745124 max: -2.231928410151037
Mean: -3.322454764444371 min: -10.538382967666411 max: -2.2315081948157696
Mean: -3.1086006271730193 min: -11.372708080775787 max: -1.2625469887628342
Mean: -4.204176783414857 min: -11.357393542385722 max: -1.1773640666498935
Mean: -5.109841314885962 min: -11.5605088117633 max: -1.1388549035050926
Mean: -6.639480528423832 min: -11.602529184020606 max: -1.1298040382649739
Mean: -7.869041387358019 min: -11.823391536071261 max: -1.1324870102688784
Mean: -10.801625092232214 min: -11.789460339865737 max: -1.2243001282168176
Mean: -10.699079772014667 min: -12.0178026209622 max: -3.4585115522149743
Mean: -9.268990310353864 min: -11.493303949802383 max: -3.492120193010372
Mean: -8.166052530654557 min: -11.663460525930176 max: -1.6873143214490753
Mean: -8.55604402974751 min: -11.447553902207487 max: -3.3771573442858727
Mean: -9.608697491177589 min: -11.677591620827219 max: -3.493244624171068
Mean: -8.80842068192238 min: -11.340545972523358 max: -3.491767330087078
Mean: -8.794179019547595 min: -11.352450952063242 max: -1.631221207869434
Mean: -9.571935302236039 min: -11.376195391025798 max: -3.443629393973904
Mean: -8.957700049674857 min: -11.865543044199647 max: -3.492317171166956
Mean: -8.411508096702317 min: -12.227778993714647 max: -1.6920927141618274
Mean: -8.71815838288647 min: -11.825743160313491 max: -1.6771307621152207
Mean: -7.671258132743224 min: -11.776828489815257 max: -1.3856127632318649
Mean: -5.614155051558241 min: -10.962435882025801 max: -1.5817474953983222
Mean: -7.406084972457476 min: -11.686314470745312 max: -2.271603449223276
Mean: -9.796275149699682 min: -11.475379930612164 max: -2.2709515128891242
Mean: -9.36242828248824 min: -11.610373044527819 max: -2.278397028501172
Mean: -8.841688221235554 min: -10.97009054534651 max: -1.5464195143757373
Mean: -4.903422155247104 min: -10.811739919568288 max: -1.4830254236512053
Mean: -3.1748460199056625 min: -11.72595245003032 max: -1.411187295571437
Mean: -2.6499507354791842 min: -11.84175256022915 max: -1.3613661371590668
Mean: -3.0016047373763968 min: -11.776295762524878 max: -1.1959608747775194
Mean: -1.65295529985472 min: -3.1658104500098796 max: -1.1454596830638506
Mean: -2.7552077901650986 min: -11.377505211046511 max: -1.1526258685201858
Mean: -1.7681710907601862 min: -10.831236825998515 max: -1.1436499360478787
Mean: -3.141679635173517 min: -11.413486128340846 max: -1.0966138830649588
Mean: -2.0885891965478693 min: -11.409037306291633 max: -1.0012998049246384
Mean: -2.581494557563059 min: -11.788358135167258 max: -0.938404204354816
Mean: -2.5397485363381835 min: -11.513304076788403 max: -0.939776733654855
Mean: -2.476936529617636 min: -11.973336290856983 max: -0.9233777327538983
Mean: -2.7474330530494653 min: -11.338191677061499 max: -0.8489192160106467
Mean: -1.9190075804216353 min: -10.988372257212177 max: -0.26184875115846096
Mean: -2.7024684276255764 min: -11.441539984797902 max: 0.4208618161268892
Mean: -1.0803696715913458 min: -11.324736605220357 max: 0.41354289144537787
Mean: -0.6465029855376457 min: -4.200938662892429 max: 0.41234291150264063
Mean: -1.6895616133510045 min: -11.818797061320272 max: 0.4002677084457474
Mean: -1.180951354561245 min: -11.512150946756101 max: 0.3797560842724061
Mean: -3.2347929832922637 min: -11.709944680864057 max: -0.2141973009549602
Mean: -0.6132646551736116 min: -3.6095141451800288 max: 0.5159694608131921
Mean: -3.262459463901968 min: -12.10796744219832 max: 0.37697315318154867
Mean: -4.710916441895224 min: -12.103130800606095 max: 0.5767240642841213
Mean: -1.857624679441671 min: -11.971963194916611 max: 0.5483622215558076
Mean: -2.983498511322815 min: -12.129093115138396 max: 0.5273486197971904
Mean: -2.347787693233841 min: -12.123502472302526 max: 0.6156820156762856
Mean: -1.7666501974326994 min: -11.386531004904782 max: 0.587084053203419
Mean: -1.541838898429164 min: -11.878784427765103 max: 0.5531809683604889
Mean: -0.2505121212453841 min: -1.8206230709223679 max: 0.5100153988404298
Mean: -4.6585940250902915 min: -12.048679538769022 max: 0.555141289940875
Mean: -1.83046039056901 min: -11.961773794161628 max: 0.5647539410872711
Mean: -2.4375069303129244 min: -11.35875739915171 max: 0.49362546885944636
Mean: -2.4402118412060827 min: -12.080615933910483 max: 0.5838730876278889
Mean: -2.0506264558555207 min: -12.083503551593367 max: 0.5622090383818263
Mean: -2.099754596040227 min: -11.845203429006148 max: 0.5729174467645574
Mean: -3.2447951989639927 min: -11.91288382653557 max: 0.5084251010024835
Mean: -5.404337188665336 min: -12.035731907278585 max: 0.6147243518946088
Mean: -3.4183854329503234 min: -12.302953195570693 max: 0.5809882286622444
Mean: -1.4911255438710997 min: -11.207905260192629 max: 0.6671367202248103
Mean: -3.3077968971471243 min: -12.06581213692764 max: 0.32610109894284856
Mean: -0.9638451484783648 min: -11.368705127586939 max: 0.576160366911282
Mean: -3.792994335902276 min: -12.03625577958918 max: 0.465340536098238
Mean: -3.1496972836470634 min: -12.00519202071264 max: 0.5657497804546042
Mean: -3.845167584046861 min: -11.890450181046402 max: 0.3906520796994522
Mean: -2.073529331802191 min: -11.391735774281475 max: 0.5541455933536663
Mean: -2.2189476140411273 min: -11.762945315187356 max: 0.6067011411537168
Mean: -3.741263098834616 min: -11.51421966290794 max: 0.5099286557727748
Mean: -1.1829096115298063 min: -11.951802722268244 max: 0.3255856072561288
Mean: -0.7826720232075696 min: -9.980323117401026 max: 0.5550888892993115
Mean: -2.6223749805494267 min: -11.310638312664222 max: 0.5105376756677064
Mean: -5.593343852541521 min: -11.419038720037923 max: 0.5447525052710183
Mean: -8.238950041307465 min: -11.370176360092415 max: 0.5406996405226674
Mean: -8.39490835995335 min: -12.056958501285079 max: 0.5691626288498772
Mean: -8.86234984266537 min: -11.831156186231896 max: 0.5927830390777414
Mean: -8.570122962590352 min: -11.380050180806537 max: 0.5399340783334787
Mean: -9.545356648051303 min: -11.52957208630986 max: 0.537127390701026
Mean: -7.272396020501086 min: -11.374827076623232 max: 0.5891338021170737
Mean: -6.546390439250321 min: -11.51638729818993 max: 0.6632395953815151
Mean: -2.0162832412413305 min: -11.259791543429253 max: 0.7017168580218548
Mean: -1.8717194439164657 min: -11.53701734854491 max: 0.6659259909686904
