Mean: -10.743015813594088 min: -11.991546315129039 max: -5.761668301416003
Mean: -9.67068988629238 min: -12.49542604821523 max: -2.546805789839486
Mean: -8.273334043394058 min: -12.09227179351387 max: -5.378185314727731
Mean: -7.540946815719906 min: -12.154814927355567 max: -4.849852275342404
Mean: -7.890455742322567 min: -12.3313703935836 max: -4.84289502462578
Mean: -8.753248704345427 min: -11.866643757971854 max: -3.6562402571675547
Mean: -9.221216678221738 min: -11.956743864486954 max: -3.6276110981867373
Mean: -6.321993406121899 min: -10.813448206651994 max: -2.1117581344231486
Mean: -4.760913910684772 min: -10.322873120130007 max: -2.089667459192747
Mean: -4.427564753822259 min: -11.62152805509166 max: -0.8523228507054312
Mean: -3.437373672787812 min: -11.746912316483673 max: -0.830846169533737
Mean: -3.6919230661537497 min: -11.905822419886306 max: -0.7852905725425323
Mean: -4.294045395937452 min: -11.588199140881157 max: -0.5642332930941909
Mean: -3.849735456600879 min: -11.162804934614542 max: -0.13491592908656916
Mean: -4.233651900807063 min: -12.362717087372342 max: -0.03336777378947053
Mean: -2.8645647695091867 min: -10.31229742838974 max: -0.023043957013339382
Mean: -2.577785101816622 min: -11.795474044031751 max: 0.10697170978530723
Mean: -2.533543159057838 min: -9.95271314392359 max: 0.17526898455708864
Mean: -3.95398059003828 min: -11.818996288417303 max: 0.26447731775140493
Mean: -5.043487683887031 min: -12.310496166728019 max: 0.2532640118078716
Mean: -5.400703786600442 min: -11.699653394947976 max: 0.2753647021574587
Mean: -4.098145749367918 min: -12.269557091489595 max: 0.27059456725525716
Mean: -4.257070239160184 min: -12.22663420297108 max: 0.2503567168465928
